[2026-05-04T00:03:36-05:00] === START: exp3_3d_banana_ellipsoid_unsat_ours ===
[run_cell] exp3_synthetic.exp3_run_ours --benchmark 3d_banana --score ellipsoid --spec unsat: 5 instances
[run_cell    1/   5 t=    0s] idx=0    budget=600s (shell timeout=660s)
[3d_banana/ellipsoid/unsat] running only seed_idx=0; appending to /home/sasakis/v/tools/n2v/examples/FlowConformal/experiments/exp3_synthetic/outputs/exp3_3d_banana_ellipsoid_unsat_ours.csv
[3d_banana/ellipsoid/unsat] 1 seeds; writing to /home/sasakis/v/tools/n2v/examples/FlowConformal/experiments/exp3_synthetic/outputs/exp3_3d_banana_ellipsoid_unsat_ours.csv
[3d_banana/ellipsoid/unsat] Config: flow_config=base n_train=2000 flow_epochs=2000 method=amls_bounded
[3d_banana/ellipsoid/unsat 1/1 t=0s] seed=0
    verdict=UNSAT  wall=5.2s

=== Sweep complete ===
Wrote /home/sasakis/v/tools/n2v/examples/FlowConformal/experiments/exp3_synthetic/outputs/exp3_3d_banana_ellipsoid_unsat_ours.csv
Total wall-clock: 0.1 min
Counts: {'UNSAT': 1, 'SAT': 0, 'UNKNOWN': 0, 'NOT_IMPLEMENTED': 0, 'ERROR': 0}
[run_cell    2/   5 t=   10s] idx=1    budget=600s (shell timeout=660s)
[3d_banana/ellipsoid/unsat] running only seed_idx=1; appending to /home/sasakis/v/tools/n2v/examples/FlowConformal/experiments/exp3_synthetic/outputs/exp3_3d_banana_ellipsoid_unsat_ours.csv
[3d_banana/ellipsoid/unsat] 1 seeds; writing to /home/sasakis/v/tools/n2v/examples/FlowConformal/experiments/exp3_synthetic/outputs/exp3_3d_banana_ellipsoid_unsat_ours.csv
[3d_banana/ellipsoid/unsat] Config: flow_config=base n_train=2000 flow_epochs=2000 method=amls_bounded
[3d_banana/ellipsoid/unsat 1/1 t=0s] seed=1
    verdict=UNSAT  wall=5.0s

=== Sweep complete ===
Wrote /home/sasakis/v/tools/n2v/examples/FlowConformal/experiments/exp3_synthetic/outputs/exp3_3d_banana_ellipsoid_unsat_ours.csv
Total wall-clock: 0.1 min
Counts: {'UNSAT': 1, 'SAT': 0, 'UNKNOWN': 0, 'NOT_IMPLEMENTED': 0, 'ERROR': 0}
[run_cell    3/   5 t=   20s] idx=2    budget=600s (shell timeout=660s)
[3d_banana/ellipsoid/unsat] running only seed_idx=2; appending to /home/sasakis/v/tools/n2v/examples/FlowConformal/experiments/exp3_synthetic/outputs/exp3_3d_banana_ellipsoid_unsat_ours.csv
[3d_banana/ellipsoid/unsat] 1 seeds; writing to /home/sasakis/v/tools/n2v/examples/FlowConformal/experiments/exp3_synthetic/outputs/exp3_3d_banana_ellipsoid_unsat_ours.csv
[3d_banana/ellipsoid/unsat] Config: flow_config=base n_train=2000 flow_epochs=2000 method=amls_bounded
[3d_banana/ellipsoid/unsat 1/1 t=0s] seed=2
    verdict=UNSAT  wall=5.2s

=== Sweep complete ===
Wrote /home/sasakis/v/tools/n2v/examples/FlowConformal/experiments/exp3_synthetic/outputs/exp3_3d_banana_ellipsoid_unsat_ours.csv
Total wall-clock: 0.1 min
Counts: {'UNSAT': 1, 'SAT': 0, 'UNKNOWN': 0, 'NOT_IMPLEMENTED': 0, 'ERROR': 0}
[run_cell    4/   5 t=   29s] idx=3    budget=600s (shell timeout=660s)
[3d_banana/ellipsoid/unsat] running only seed_idx=3; appending to /home/sasakis/v/tools/n2v/examples/FlowConformal/experiments/exp3_synthetic/outputs/exp3_3d_banana_ellipsoid_unsat_ours.csv
[3d_banana/ellipsoid/unsat] 1 seeds; writing to /home/sasakis/v/tools/n2v/examples/FlowConformal/experiments/exp3_synthetic/outputs/exp3_3d_banana_ellipsoid_unsat_ours.csv
[3d_banana/ellipsoid/unsat] Config: flow_config=base n_train=2000 flow_epochs=2000 method=amls_bounded
[3d_banana/ellipsoid/unsat 1/1 t=0s] seed=3
    verdict=UNSAT  wall=5.0s

=== Sweep complete ===
Wrote /home/sasakis/v/tools/n2v/examples/FlowConformal/experiments/exp3_synthetic/outputs/exp3_3d_banana_ellipsoid_unsat_ours.csv
Total wall-clock: 0.1 min
Counts: {'UNSAT': 1, 'SAT': 0, 'UNKNOWN': 0, 'NOT_IMPLEMENTED': 0, 'ERROR': 0}
[run_cell    5/   5 t=   39s] idx=4    budget=600s (shell timeout=660s)
[3d_banana/ellipsoid/unsat] running only seed_idx=4; appending to /home/sasakis/v/tools/n2v/examples/FlowConformal/experiments/exp3_synthetic/outputs/exp3_3d_banana_ellipsoid_unsat_ours.csv
[3d_banana/ellipsoid/unsat] 1 seeds; writing to /home/sasakis/v/tools/n2v/examples/FlowConformal/experiments/exp3_synthetic/outputs/exp3_3d_banana_ellipsoid_unsat_ours.csv
[3d_banana/ellipsoid/unsat] Config: flow_config=base n_train=2000 flow_epochs=2000 method=amls_bounded
[3d_banana/ellipsoid/unsat 1/1 t=0s] seed=4
    verdict=UNSAT  wall=5.5s

=== Sweep complete ===
Wrote /home/sasakis/v/tools/n2v/examples/FlowConformal/experiments/exp3_synthetic/outputs/exp3_3d_banana_ellipsoid_unsat_ours.csv
Total wall-clock: 0.1 min
Counts: {'UNSAT': 1, 'SAT': 0, 'UNKNOWN': 0, 'NOT_IMPLEMENTED': 0, 'ERROR': 0}
[run_cell] complete. shell-killed timeouts and exits noted above; CSV row counts in the output file.

[2026-05-04T00:04:29-05:00] === END:   exp3_3d_banana_ellipsoid_unsat_ours (rc=0) ===
