[2026-05-04T00:10:57-05:00] === START: exp3_3d_banana_flow_sat_ours ===
[run_cell] exp3_synthetic.exp3_run_ours --benchmark 3d_banana --score flow --spec sat: 5 instances
[run_cell    1/   5 t=    0s] idx=0    budget=600s (shell timeout=660s)
[3d_banana/flow/sat] running only seed_idx=0; appending to /home/sasakis/v/tools/n2v/examples/FlowConformal/experiments/exp3_synthetic/outputs/exp3_3d_banana_flow_sat_ours.csv
[3d_banana/flow/sat] 1 seeds; writing to /home/sasakis/v/tools/n2v/examples/FlowConformal/experiments/exp3_synthetic/outputs/exp3_3d_banana_flow_sat_ours.csv
[3d_banana/flow/sat] Config: flow_config=base n_train=2000 flow_epochs=2000 method=amls_bounded
[3d_banana/flow/sat 1/1 t=0s] seed=0
    verdict=UNKNOWN  wall=16.8s

=== Sweep complete ===
Wrote /home/sasakis/v/tools/n2v/examples/FlowConformal/experiments/exp3_synthetic/outputs/exp3_3d_banana_flow_sat_ours.csv
Total wall-clock: 0.3 min
Counts: {'UNSAT': 0, 'SAT': 0, 'UNKNOWN': 1, 'NOT_IMPLEMENTED': 0, 'ERROR': 0}
[run_cell    2/   5 t=   21s] idx=1    budget=600s (shell timeout=660s)
[3d_banana/flow/sat] running only seed_idx=1; appending to /home/sasakis/v/tools/n2v/examples/FlowConformal/experiments/exp3_synthetic/outputs/exp3_3d_banana_flow_sat_ours.csv
[3d_banana/flow/sat] 1 seeds; writing to /home/sasakis/v/tools/n2v/examples/FlowConformal/experiments/exp3_synthetic/outputs/exp3_3d_banana_flow_sat_ours.csv
[3d_banana/flow/sat] Config: flow_config=base n_train=2000 flow_epochs=2000 method=amls_bounded
[3d_banana/flow/sat 1/1 t=0s] seed=1
    verdict=UNKNOWN  wall=17.9s

=== Sweep complete ===
Wrote /home/sasakis/v/tools/n2v/examples/FlowConformal/experiments/exp3_synthetic/outputs/exp3_3d_banana_flow_sat_ours.csv
Total wall-clock: 0.3 min
Counts: {'UNSAT': 0, 'SAT': 0, 'UNKNOWN': 1, 'NOT_IMPLEMENTED': 0, 'ERROR': 0}
[run_cell    3/   5 t=   44s] idx=2    budget=600s (shell timeout=660s)
[3d_banana/flow/sat] running only seed_idx=2; appending to /home/sasakis/v/tools/n2v/examples/FlowConformal/experiments/exp3_synthetic/outputs/exp3_3d_banana_flow_sat_ours.csv
[3d_banana/flow/sat] 1 seeds; writing to /home/sasakis/v/tools/n2v/examples/FlowConformal/experiments/exp3_synthetic/outputs/exp3_3d_banana_flow_sat_ours.csv
[3d_banana/flow/sat] Config: flow_config=base n_train=2000 flow_epochs=2000 method=amls_bounded
[3d_banana/flow/sat 1/1 t=0s] seed=2
    verdict=UNKNOWN  wall=18.2s

=== Sweep complete ===
Wrote /home/sasakis/v/tools/n2v/examples/FlowConformal/experiments/exp3_synthetic/outputs/exp3_3d_banana_flow_sat_ours.csv
Total wall-clock: 0.3 min
Counts: {'UNSAT': 0, 'SAT': 0, 'UNKNOWN': 1, 'NOT_IMPLEMENTED': 0, 'ERROR': 0}
[run_cell    4/   5 t=   67s] idx=3    budget=600s (shell timeout=660s)
[3d_banana/flow/sat] running only seed_idx=3; appending to /home/sasakis/v/tools/n2v/examples/FlowConformal/experiments/exp3_synthetic/outputs/exp3_3d_banana_flow_sat_ours.csv
[3d_banana/flow/sat] 1 seeds; writing to /home/sasakis/v/tools/n2v/examples/FlowConformal/experiments/exp3_synthetic/outputs/exp3_3d_banana_flow_sat_ours.csv
[3d_banana/flow/sat] Config: flow_config=base n_train=2000 flow_epochs=2000 method=amls_bounded
[3d_banana/flow/sat 1/1 t=0s] seed=3
    verdict=UNKNOWN  wall=18.1s

=== Sweep complete ===
Wrote /home/sasakis/v/tools/n2v/examples/FlowConformal/experiments/exp3_synthetic/outputs/exp3_3d_banana_flow_sat_ours.csv
Total wall-clock: 0.3 min
Counts: {'UNSAT': 0, 'SAT': 0, 'UNKNOWN': 1, 'NOT_IMPLEMENTED': 0, 'ERROR': 0}
[run_cell    5/   5 t=   90s] idx=4    budget=600s (shell timeout=660s)
[3d_banana/flow/sat] running only seed_idx=4; appending to /home/sasakis/v/tools/n2v/examples/FlowConformal/experiments/exp3_synthetic/outputs/exp3_3d_banana_flow_sat_ours.csv
[3d_banana/flow/sat] 1 seeds; writing to /home/sasakis/v/tools/n2v/examples/FlowConformal/experiments/exp3_synthetic/outputs/exp3_3d_banana_flow_sat_ours.csv
[3d_banana/flow/sat] Config: flow_config=base n_train=2000 flow_epochs=2000 method=amls_bounded
[3d_banana/flow/sat 1/1 t=0s] seed=4
    verdict=UNKNOWN  wall=19.3s

=== Sweep complete ===
Wrote /home/sasakis/v/tools/n2v/examples/FlowConformal/experiments/exp3_synthetic/outputs/exp3_3d_banana_flow_sat_ours.csv
Total wall-clock: 0.3 min
Counts: {'UNSAT': 0, 'SAT': 0, 'UNKNOWN': 1, 'NOT_IMPLEMENTED': 0, 'ERROR': 0}
[run_cell] complete. shell-killed timeouts and exits noted above; CSV row counts in the output file.

[2026-05-04T00:12:55-05:00] === END:   exp3_3d_banana_flow_sat_ours (rc=0) ===
