[2026-05-04T01:03:13-05:00] === START: exp3_synth_10d_sat_hashemi_clipping ===
[run_cell] exp3_synthetic.exp3_run_hashemi_clipping --benchmark synth_10d --spec sat: 5 instances
[run_cell    1/   5 t=    0s] idx=0    budget=600s (shell timeout=660s)
[synth_10d/sat] running only seed_idx=0; appending to /home/sasakis/v/tools/n2v/examples/FlowConformal/experiments/exp3_synthetic/outputs/exp3_synth_10d_sat_hashemi_clipping.csv
[synth_10d/sat] 1 seeds; writing to /home/sasakis/v/tools/n2v/examples/FlowConformal/experiments/exp3_synthetic/outputs/exp3_synth_10d_sat_hashemi_clipping.csv
[synth_10d/sat] Hashemi-clipping config: m=8000 epsilon=0.001
[synth_10d/sat 1/1 t=0s] seed=0
    verdict=UNKNOWN  wall=118.1s

=== Sweep complete ===
Wrote /home/sasakis/v/tools/n2v/examples/FlowConformal/experiments/exp3_synthetic/outputs/exp3_synth_10d_sat_hashemi_clipping.csv
Total wall-clock: 2.0 min
Counts: {'UNSAT': 0, 'SAT': 0, 'UNKNOWN': 1, 'ERROR': 0}
[run_cell    2/   5 t=  122s] idx=1    budget=600s (shell timeout=660s)
[synth_10d/sat] running only seed_idx=1; appending to /home/sasakis/v/tools/n2v/examples/FlowConformal/experiments/exp3_synthetic/outputs/exp3_synth_10d_sat_hashemi_clipping.csv
[synth_10d/sat] 1 seeds; writing to /home/sasakis/v/tools/n2v/examples/FlowConformal/experiments/exp3_synthetic/outputs/exp3_synth_10d_sat_hashemi_clipping.csv
[synth_10d/sat] Hashemi-clipping config: m=8000 epsilon=0.001
[synth_10d/sat 1/1 t=0s] seed=1
    verdict=UNKNOWN  wall=115.4s

=== Sweep complete ===
Wrote /home/sasakis/v/tools/n2v/examples/FlowConformal/experiments/exp3_synthetic/outputs/exp3_synth_10d_sat_hashemi_clipping.csv
Total wall-clock: 1.9 min
Counts: {'UNSAT': 0, 'SAT': 0, 'UNKNOWN': 1, 'ERROR': 0}
[run_cell    3/   5 t=  242s] idx=2    budget=600s (shell timeout=660s)
[synth_10d/sat] running only seed_idx=2; appending to /home/sasakis/v/tools/n2v/examples/FlowConformal/experiments/exp3_synthetic/outputs/exp3_synth_10d_sat_hashemi_clipping.csv
[synth_10d/sat] 1 seeds; writing to /home/sasakis/v/tools/n2v/examples/FlowConformal/experiments/exp3_synthetic/outputs/exp3_synth_10d_sat_hashemi_clipping.csv
[synth_10d/sat] Hashemi-clipping config: m=8000 epsilon=0.001
[synth_10d/sat 1/1 t=0s] seed=2
    verdict=UNKNOWN  wall=116.3s

=== Sweep complete ===
Wrote /home/sasakis/v/tools/n2v/examples/FlowConformal/experiments/exp3_synthetic/outputs/exp3_synth_10d_sat_hashemi_clipping.csv
Total wall-clock: 1.9 min
Counts: {'UNSAT': 0, 'SAT': 0, 'UNKNOWN': 1, 'ERROR': 0}
[run_cell    4/   5 t=  362s] idx=3    budget=600s (shell timeout=660s)
[synth_10d/sat] running only seed_idx=3; appending to /home/sasakis/v/tools/n2v/examples/FlowConformal/experiments/exp3_synthetic/outputs/exp3_synth_10d_sat_hashemi_clipping.csv
[synth_10d/sat] 1 seeds; writing to /home/sasakis/v/tools/n2v/examples/FlowConformal/experiments/exp3_synthetic/outputs/exp3_synth_10d_sat_hashemi_clipping.csv
[synth_10d/sat] Hashemi-clipping config: m=8000 epsilon=0.001
[synth_10d/sat 1/1 t=0s] seed=3
    verdict=UNKNOWN  wall=115.0s

=== Sweep complete ===
Wrote /home/sasakis/v/tools/n2v/examples/FlowConformal/experiments/exp3_synthetic/outputs/exp3_synth_10d_sat_hashemi_clipping.csv
Total wall-clock: 1.9 min
Counts: {'UNSAT': 0, 'SAT': 0, 'UNKNOWN': 1, 'ERROR': 0}
[run_cell    5/   5 t=  481s] idx=4    budget=600s (shell timeout=660s)
[synth_10d/sat] running only seed_idx=4; appending to /home/sasakis/v/tools/n2v/examples/FlowConformal/experiments/exp3_synthetic/outputs/exp3_synth_10d_sat_hashemi_clipping.csv
[synth_10d/sat] 1 seeds; writing to /home/sasakis/v/tools/n2v/examples/FlowConformal/experiments/exp3_synthetic/outputs/exp3_synth_10d_sat_hashemi_clipping.csv
[synth_10d/sat] Hashemi-clipping config: m=8000 epsilon=0.001
[synth_10d/sat 1/1 t=0s] seed=4
    verdict=UNKNOWN  wall=114.9s

=== Sweep complete ===
Wrote /home/sasakis/v/tools/n2v/examples/FlowConformal/experiments/exp3_synthetic/outputs/exp3_synth_10d_sat_hashemi_clipping.csv
Total wall-clock: 1.9 min
Counts: {'UNSAT': 0, 'SAT': 0, 'UNKNOWN': 1, 'ERROR': 0}
[run_cell] complete. shell-killed timeouts and exits noted above; CSV row counts in the output file.

[2026-05-04T01:13:17-05:00] === END:   exp3_synth_10d_sat_hashemi_clipping (rc=0) ===
