[2026-05-04T00:05:25-05:00] === START: exp3_3d_banana_unsat_hashemi_clipping ===
[run_cell] exp3_synthetic.exp3_run_hashemi_clipping --benchmark 3d_banana --spec unsat: 5 instances
[run_cell    1/   5 t=    0s] idx=0    budget=600s (shell timeout=660s)
[3d_banana/unsat] running only seed_idx=0; appending to /home/sasakis/v/tools/n2v/examples/FlowConformal/experiments/exp3_synthetic/outputs/exp3_3d_banana_unsat_hashemi_clipping.csv
[3d_banana/unsat] 1 seeds; writing to /home/sasakis/v/tools/n2v/examples/FlowConformal/experiments/exp3_synthetic/outputs/exp3_3d_banana_unsat_hashemi_clipping.csv
[3d_banana/unsat] Hashemi-clipping config: m=8000 epsilon=0.001
[3d_banana/unsat 1/1 t=0s] seed=0
    verdict=UNSAT  wall=60.6s

=== Sweep complete ===
Wrote /home/sasakis/v/tools/n2v/examples/FlowConformal/experiments/exp3_synthetic/outputs/exp3_3d_banana_unsat_hashemi_clipping.csv
Total wall-clock: 1.0 min
Counts: {'UNSAT': 1, 'SAT': 0, 'UNKNOWN': 0, 'ERROR': 0}
[run_cell    2/   5 t=   65s] idx=1    budget=600s (shell timeout=660s)
[3d_banana/unsat] running only seed_idx=1; appending to /home/sasakis/v/tools/n2v/examples/FlowConformal/experiments/exp3_synthetic/outputs/exp3_3d_banana_unsat_hashemi_clipping.csv
[3d_banana/unsat] 1 seeds; writing to /home/sasakis/v/tools/n2v/examples/FlowConformal/experiments/exp3_synthetic/outputs/exp3_3d_banana_unsat_hashemi_clipping.csv
[3d_banana/unsat] Hashemi-clipping config: m=8000 epsilon=0.001
[3d_banana/unsat 1/1 t=0s] seed=1
    verdict=UNSAT  wall=60.8s

=== Sweep complete ===
Wrote /home/sasakis/v/tools/n2v/examples/FlowConformal/experiments/exp3_synthetic/outputs/exp3_3d_banana_unsat_hashemi_clipping.csv
Total wall-clock: 1.0 min
Counts: {'UNSAT': 1, 'SAT': 0, 'UNKNOWN': 0, 'ERROR': 0}
[run_cell    3/   5 t=  131s] idx=2    budget=600s (shell timeout=660s)
[3d_banana/unsat] running only seed_idx=2; appending to /home/sasakis/v/tools/n2v/examples/FlowConformal/experiments/exp3_synthetic/outputs/exp3_3d_banana_unsat_hashemi_clipping.csv
[3d_banana/unsat] 1 seeds; writing to /home/sasakis/v/tools/n2v/examples/FlowConformal/experiments/exp3_synthetic/outputs/exp3_3d_banana_unsat_hashemi_clipping.csv
[3d_banana/unsat] Hashemi-clipping config: m=8000 epsilon=0.001
[3d_banana/unsat 1/1 t=0s] seed=2
    verdict=UNSAT  wall=61.3s

=== Sweep complete ===
Wrote /home/sasakis/v/tools/n2v/examples/FlowConformal/experiments/exp3_synthetic/outputs/exp3_3d_banana_unsat_hashemi_clipping.csv
Total wall-clock: 1.0 min
Counts: {'UNSAT': 1, 'SAT': 0, 'UNKNOWN': 0, 'ERROR': 0}
[run_cell    4/   5 t=  197s] idx=3    budget=600s (shell timeout=660s)
[3d_banana/unsat] running only seed_idx=3; appending to /home/sasakis/v/tools/n2v/examples/FlowConformal/experiments/exp3_synthetic/outputs/exp3_3d_banana_unsat_hashemi_clipping.csv
[3d_banana/unsat] 1 seeds; writing to /home/sasakis/v/tools/n2v/examples/FlowConformal/experiments/exp3_synthetic/outputs/exp3_3d_banana_unsat_hashemi_clipping.csv
[3d_banana/unsat] Hashemi-clipping config: m=8000 epsilon=0.001
[3d_banana/unsat 1/1 t=0s] seed=3
    verdict=UNSAT  wall=60.1s

=== Sweep complete ===
Wrote /home/sasakis/v/tools/n2v/examples/FlowConformal/experiments/exp3_synthetic/outputs/exp3_3d_banana_unsat_hashemi_clipping.csv
Total wall-clock: 1.0 min
Counts: {'UNSAT': 1, 'SAT': 0, 'UNKNOWN': 0, 'ERROR': 0}
[run_cell    5/   5 t=  262s] idx=4    budget=600s (shell timeout=660s)
[3d_banana/unsat] running only seed_idx=4; appending to /home/sasakis/v/tools/n2v/examples/FlowConformal/experiments/exp3_synthetic/outputs/exp3_3d_banana_unsat_hashemi_clipping.csv
[3d_banana/unsat] 1 seeds; writing to /home/sasakis/v/tools/n2v/examples/FlowConformal/experiments/exp3_synthetic/outputs/exp3_3d_banana_unsat_hashemi_clipping.csv
[3d_banana/unsat] Hashemi-clipping config: m=8000 epsilon=0.001
[3d_banana/unsat 1/1 t=0s] seed=4
    verdict=UNSAT  wall=60.6s

=== Sweep complete ===
Wrote /home/sasakis/v/tools/n2v/examples/FlowConformal/experiments/exp3_synthetic/outputs/exp3_3d_banana_unsat_hashemi_clipping.csv
Total wall-clock: 1.0 min
Counts: {'UNSAT': 1, 'SAT': 0, 'UNKNOWN': 0, 'ERROR': 0}
[run_cell] complete. shell-killed timeouts and exits noted above; CSV row counts in the output file.

[2026-05-04T00:10:57-05:00] === END:   exp3_3d_banana_unsat_hashemi_clipping (rc=0) ===
