[2026-05-04T00:32:45-05:00] === START: exp3_synth_5d_flow_sat_ours ===
[run_cell] exp3_synthetic.exp3_run_ours --benchmark synth_5d --score flow --spec sat: 5 instances
[run_cell    1/   5 t=    0s] idx=0    budget=600s (shell timeout=660s)
[synth_5d/flow/sat] running only seed_idx=0; appending to /home/sasakis/v/tools/n2v/examples/FlowConformal/experiments/exp3_synthetic/outputs/exp3_synth_5d_flow_sat_ours.csv
[synth_5d/flow/sat] 1 seeds; writing to /home/sasakis/v/tools/n2v/examples/FlowConformal/experiments/exp3_synthetic/outputs/exp3_synth_5d_flow_sat_ours.csv
[synth_5d/flow/sat] Config: flow_config=base n_train=5000 flow_epochs=2000 method=amls_bounded
[synth_5d/flow/sat 1/1 t=0s] seed=0
    verdict=UNKNOWN  wall=34.0s

=== Sweep complete ===
Wrote /home/sasakis/v/tools/n2v/examples/FlowConformal/experiments/exp3_synthetic/outputs/exp3_synth_5d_flow_sat_ours.csv
Total wall-clock: 0.6 min
Counts: {'UNSAT': 0, 'SAT': 0, 'UNKNOWN': 1, 'NOT_IMPLEMENTED': 0, 'ERROR': 0}
[run_cell    2/   5 t=   39s] idx=1    budget=600s (shell timeout=660s)
[synth_5d/flow/sat] running only seed_idx=1; appending to /home/sasakis/v/tools/n2v/examples/FlowConformal/experiments/exp3_synthetic/outputs/exp3_synth_5d_flow_sat_ours.csv
[synth_5d/flow/sat] 1 seeds; writing to /home/sasakis/v/tools/n2v/examples/FlowConformal/experiments/exp3_synthetic/outputs/exp3_synth_5d_flow_sat_ours.csv
[synth_5d/flow/sat] Config: flow_config=base n_train=5000 flow_epochs=2000 method=amls_bounded
[synth_5d/flow/sat 1/1 t=0s] seed=1
    verdict=UNKNOWN  wall=28.9s

=== Sweep complete ===
Wrote /home/sasakis/v/tools/n2v/examples/FlowConformal/experiments/exp3_synthetic/outputs/exp3_synth_5d_flow_sat_ours.csv
Total wall-clock: 0.5 min
Counts: {'UNSAT': 0, 'SAT': 0, 'UNKNOWN': 1, 'NOT_IMPLEMENTED': 0, 'ERROR': 0}
[run_cell    3/   5 t=   73s] idx=2    budget=600s (shell timeout=660s)
[synth_5d/flow/sat] running only seed_idx=2; appending to /home/sasakis/v/tools/n2v/examples/FlowConformal/experiments/exp3_synthetic/outputs/exp3_synth_5d_flow_sat_ours.csv
[synth_5d/flow/sat] 1 seeds; writing to /home/sasakis/v/tools/n2v/examples/FlowConformal/experiments/exp3_synthetic/outputs/exp3_synth_5d_flow_sat_ours.csv
[synth_5d/flow/sat] Config: flow_config=base n_train=5000 flow_epochs=2000 method=amls_bounded
[synth_5d/flow/sat 1/1 t=0s] seed=2
    verdict=UNKNOWN  wall=35.1s

=== Sweep complete ===
Wrote /home/sasakis/v/tools/n2v/examples/FlowConformal/experiments/exp3_synthetic/outputs/exp3_synth_5d_flow_sat_ours.csv
Total wall-clock: 0.6 min
Counts: {'UNSAT': 0, 'SAT': 0, 'UNKNOWN': 1, 'NOT_IMPLEMENTED': 0, 'ERROR': 0}
[run_cell    4/   5 t=  113s] idx=3    budget=600s (shell timeout=660s)
[synth_5d/flow/sat] running only seed_idx=3; appending to /home/sasakis/v/tools/n2v/examples/FlowConformal/experiments/exp3_synthetic/outputs/exp3_synth_5d_flow_sat_ours.csv
[synth_5d/flow/sat] 1 seeds; writing to /home/sasakis/v/tools/n2v/examples/FlowConformal/experiments/exp3_synthetic/outputs/exp3_synth_5d_flow_sat_ours.csv
[synth_5d/flow/sat] Config: flow_config=base n_train=5000 flow_epochs=2000 method=amls_bounded
[synth_5d/flow/sat 1/1 t=0s] seed=3
    verdict=UNKNOWN  wall=29.7s

=== Sweep complete ===
Wrote /home/sasakis/v/tools/n2v/examples/FlowConformal/experiments/exp3_synthetic/outputs/exp3_synth_5d_flow_sat_ours.csv
Total wall-clock: 0.5 min
Counts: {'UNSAT': 0, 'SAT': 0, 'UNKNOWN': 1, 'NOT_IMPLEMENTED': 0, 'ERROR': 0}
[run_cell    5/   5 t=  147s] idx=4    budget=600s (shell timeout=660s)
[synth_5d/flow/sat] running only seed_idx=4; appending to /home/sasakis/v/tools/n2v/examples/FlowConformal/experiments/exp3_synthetic/outputs/exp3_synth_5d_flow_sat_ours.csv
[synth_5d/flow/sat] 1 seeds; writing to /home/sasakis/v/tools/n2v/examples/FlowConformal/experiments/exp3_synthetic/outputs/exp3_synth_5d_flow_sat_ours.csv
[synth_5d/flow/sat] Config: flow_config=base n_train=5000 flow_epochs=2000 method=amls_bounded
[synth_5d/flow/sat 1/1 t=0s] seed=4
    verdict=UNKNOWN  wall=29.4s

=== Sweep complete ===
Wrote /home/sasakis/v/tools/n2v/examples/FlowConformal/experiments/exp3_synthetic/outputs/exp3_synth_5d_flow_sat_ours.csv
Total wall-clock: 0.5 min
Counts: {'UNSAT': 0, 'SAT': 0, 'UNKNOWN': 1, 'NOT_IMPLEMENTED': 0, 'ERROR': 0}
[run_cell] complete. shell-killed timeouts and exits noted above; CSV row counts in the output file.

[2026-05-04T00:35:49-05:00] === END:   exp3_synth_5d_flow_sat_ours (rc=0) ===
