[2026-05-04T00:15:37-05:00] === START: exp3_3d_banana_sat_hashemi_clipping ===
[run_cell] exp3_synthetic.exp3_run_hashemi_clipping --benchmark 3d_banana --spec sat: 5 instances
[run_cell    1/   5 t=    0s] idx=0    budget=600s (shell timeout=660s)
[3d_banana/sat] running only seed_idx=0; appending to /home/sasakis/v/tools/n2v/examples/FlowConformal/experiments/exp3_synthetic/outputs/exp3_3d_banana_sat_hashemi_clipping.csv
[3d_banana/sat] 1 seeds; writing to /home/sasakis/v/tools/n2v/examples/FlowConformal/experiments/exp3_synthetic/outputs/exp3_3d_banana_sat_hashemi_clipping.csv
[3d_banana/sat] Hashemi-clipping config: m=8000 epsilon=0.001
[3d_banana/sat 1/1 t=0s] seed=0
    verdict=UNKNOWN  wall=60.3s

=== Sweep complete ===
Wrote /home/sasakis/v/tools/n2v/examples/FlowConformal/experiments/exp3_synthetic/outputs/exp3_3d_banana_sat_hashemi_clipping.csv
Total wall-clock: 1.0 min
Counts: {'UNSAT': 0, 'SAT': 0, 'UNKNOWN': 1, 'ERROR': 0}
[run_cell    2/   5 t=   65s] idx=1    budget=600s (shell timeout=660s)
[3d_banana/sat] running only seed_idx=1; appending to /home/sasakis/v/tools/n2v/examples/FlowConformal/experiments/exp3_synthetic/outputs/exp3_3d_banana_sat_hashemi_clipping.csv
[3d_banana/sat] 1 seeds; writing to /home/sasakis/v/tools/n2v/examples/FlowConformal/experiments/exp3_synthetic/outputs/exp3_3d_banana_sat_hashemi_clipping.csv
[3d_banana/sat] Hashemi-clipping config: m=8000 epsilon=0.001
[3d_banana/sat 1/1 t=0s] seed=1
    verdict=UNKNOWN  wall=60.3s

=== Sweep complete ===
Wrote /home/sasakis/v/tools/n2v/examples/FlowConformal/experiments/exp3_synthetic/outputs/exp3_3d_banana_sat_hashemi_clipping.csv
Total wall-clock: 1.0 min
Counts: {'UNSAT': 0, 'SAT': 0, 'UNKNOWN': 1, 'ERROR': 0}
[run_cell    3/   5 t=  130s] idx=2    budget=600s (shell timeout=660s)
[3d_banana/sat] running only seed_idx=2; appending to /home/sasakis/v/tools/n2v/examples/FlowConformal/experiments/exp3_synthetic/outputs/exp3_3d_banana_sat_hashemi_clipping.csv
[3d_banana/sat] 1 seeds; writing to /home/sasakis/v/tools/n2v/examples/FlowConformal/experiments/exp3_synthetic/outputs/exp3_3d_banana_sat_hashemi_clipping.csv
[3d_banana/sat] Hashemi-clipping config: m=8000 epsilon=0.001
[3d_banana/sat 1/1 t=0s] seed=2
    verdict=UNKNOWN  wall=60.4s

=== Sweep complete ===
Wrote /home/sasakis/v/tools/n2v/examples/FlowConformal/experiments/exp3_synthetic/outputs/exp3_3d_banana_sat_hashemi_clipping.csv
Total wall-clock: 1.0 min
Counts: {'UNSAT': 0, 'SAT': 0, 'UNKNOWN': 1, 'ERROR': 0}
[run_cell    4/   5 t=  196s] idx=3    budget=600s (shell timeout=660s)
[3d_banana/sat] running only seed_idx=3; appending to /home/sasakis/v/tools/n2v/examples/FlowConformal/experiments/exp3_synthetic/outputs/exp3_3d_banana_sat_hashemi_clipping.csv
[3d_banana/sat] 1 seeds; writing to /home/sasakis/v/tools/n2v/examples/FlowConformal/experiments/exp3_synthetic/outputs/exp3_3d_banana_sat_hashemi_clipping.csv
[3d_banana/sat] Hashemi-clipping config: m=8000 epsilon=0.001
[3d_banana/sat 1/1 t=0s] seed=3
    verdict=UNKNOWN  wall=60.8s

=== Sweep complete ===
Wrote /home/sasakis/v/tools/n2v/examples/FlowConformal/experiments/exp3_synthetic/outputs/exp3_3d_banana_sat_hashemi_clipping.csv
Total wall-clock: 1.0 min
Counts: {'UNSAT': 0, 'SAT': 0, 'UNKNOWN': 1, 'ERROR': 0}
[run_cell    5/   5 t=  262s] idx=4    budget=600s (shell timeout=660s)
[3d_banana/sat] running only seed_idx=4; appending to /home/sasakis/v/tools/n2v/examples/FlowConformal/experiments/exp3_synthetic/outputs/exp3_3d_banana_sat_hashemi_clipping.csv
[3d_banana/sat] 1 seeds; writing to /home/sasakis/v/tools/n2v/examples/FlowConformal/experiments/exp3_synthetic/outputs/exp3_3d_banana_sat_hashemi_clipping.csv
[3d_banana/sat] Hashemi-clipping config: m=8000 epsilon=0.001
[3d_banana/sat 1/1 t=0s] seed=4
    verdict=UNKNOWN  wall=60.3s

=== Sweep complete ===
Wrote /home/sasakis/v/tools/n2v/examples/FlowConformal/experiments/exp3_synthetic/outputs/exp3_3d_banana_sat_hashemi_clipping.csv
Total wall-clock: 1.0 min
Counts: {'UNSAT': 0, 'SAT': 0, 'UNKNOWN': 1, 'ERROR': 0}
[run_cell] complete. shell-killed timeouts and exits noted above; CSV row counts in the output file.

[2026-05-04T00:21:08-05:00] === END:   exp3_3d_banana_sat_hashemi_clipping (rc=0) ===
