[2026-05-04T01:13:17-05:00] === START: exp3_synth_20d_flow_unsat_ours ===
[run_cell] exp3_synthetic.exp3_run_ours --benchmark synth_20d --score flow --spec unsat: 5 instances
[run_cell    1/   5 t=    0s] idx=0    budget=600s (shell timeout=660s)
[synth_20d/flow/unsat] running only seed_idx=0; appending to /home/sasakis/v/tools/n2v/examples/FlowConformal/experiments/exp3_synthetic/outputs/exp3_synth_20d_flow_unsat_ours.csv
[synth_20d/flow/unsat] 1 seeds; writing to /home/sasakis/v/tools/n2v/examples/FlowConformal/experiments/exp3_synthetic/outputs/exp3_synth_20d_flow_unsat_ours.csv
[synth_20d/flow/unsat] Config: flow_config=base n_train=5000 flow_epochs=2000 method=amls_bounded
[synth_20d/flow/unsat 1/1 t=0s] seed=0
    verdict=UNSAT  wall=43.0s

=== Sweep complete ===
Wrote /home/sasakis/v/tools/n2v/examples/FlowConformal/experiments/exp3_synthetic/outputs/exp3_synth_20d_flow_unsat_ours.csv
Total wall-clock: 0.7 min
Counts: {'UNSAT': 1, 'SAT': 0, 'UNKNOWN': 0, 'NOT_IMPLEMENTED': 0, 'ERROR': 0}
[run_cell    2/   5 t=   48s] idx=1    budget=600s (shell timeout=660s)
[synth_20d/flow/unsat] running only seed_idx=1; appending to /home/sasakis/v/tools/n2v/examples/FlowConformal/experiments/exp3_synthetic/outputs/exp3_synth_20d_flow_unsat_ours.csv
[synth_20d/flow/unsat] 1 seeds; writing to /home/sasakis/v/tools/n2v/examples/FlowConformal/experiments/exp3_synthetic/outputs/exp3_synth_20d_flow_unsat_ours.csv
[synth_20d/flow/unsat] Config: flow_config=base n_train=5000 flow_epochs=2000 method=amls_bounded
[synth_20d/flow/unsat 1/1 t=0s] seed=1
    verdict=UNSAT  wall=42.6s

=== Sweep complete ===
Wrote /home/sasakis/v/tools/n2v/examples/FlowConformal/experiments/exp3_synthetic/outputs/exp3_synth_20d_flow_unsat_ours.csv
Total wall-clock: 0.7 min
Counts: {'UNSAT': 1, 'SAT': 0, 'UNKNOWN': 0, 'NOT_IMPLEMENTED': 0, 'ERROR': 0}
[run_cell    3/   5 t=   96s] idx=2    budget=600s (shell timeout=660s)
[synth_20d/flow/unsat] running only seed_idx=2; appending to /home/sasakis/v/tools/n2v/examples/FlowConformal/experiments/exp3_synthetic/outputs/exp3_synth_20d_flow_unsat_ours.csv
[synth_20d/flow/unsat] 1 seeds; writing to /home/sasakis/v/tools/n2v/examples/FlowConformal/experiments/exp3_synthetic/outputs/exp3_synth_20d_flow_unsat_ours.csv
[synth_20d/flow/unsat] Config: flow_config=base n_train=5000 flow_epochs=2000 method=amls_bounded
[synth_20d/flow/unsat 1/1 t=0s] seed=2
    verdict=UNSAT  wall=49.7s

=== Sweep complete ===
Wrote /home/sasakis/v/tools/n2v/examples/FlowConformal/experiments/exp3_synthetic/outputs/exp3_synth_20d_flow_unsat_ours.csv
Total wall-clock: 0.8 min
Counts: {'UNSAT': 1, 'SAT': 0, 'UNKNOWN': 0, 'NOT_IMPLEMENTED': 0, 'ERROR': 0}
[run_cell    4/   5 t=  151s] idx=3    budget=600s (shell timeout=660s)
[synth_20d/flow/unsat] running only seed_idx=3; appending to /home/sasakis/v/tools/n2v/examples/FlowConformal/experiments/exp3_synthetic/outputs/exp3_synth_20d_flow_unsat_ours.csv
[synth_20d/flow/unsat] 1 seeds; writing to /home/sasakis/v/tools/n2v/examples/FlowConformal/experiments/exp3_synthetic/outputs/exp3_synth_20d_flow_unsat_ours.csv
[synth_20d/flow/unsat] Config: flow_config=base n_train=5000 flow_epochs=2000 method=amls_bounded
[synth_20d/flow/unsat 1/1 t=0s] seed=3
    verdict=UNSAT  wall=47.9s

=== Sweep complete ===
Wrote /home/sasakis/v/tools/n2v/examples/FlowConformal/experiments/exp3_synthetic/outputs/exp3_synth_20d_flow_unsat_ours.csv
Total wall-clock: 0.8 min
Counts: {'UNSAT': 1, 'SAT': 0, 'UNKNOWN': 0, 'NOT_IMPLEMENTED': 0, 'ERROR': 0}
[run_cell    5/   5 t=  203s] idx=4    budget=600s (shell timeout=660s)
[synth_20d/flow/unsat] running only seed_idx=4; appending to /home/sasakis/v/tools/n2v/examples/FlowConformal/experiments/exp3_synthetic/outputs/exp3_synth_20d_flow_unsat_ours.csv
[synth_20d/flow/unsat] 1 seeds; writing to /home/sasakis/v/tools/n2v/examples/FlowConformal/experiments/exp3_synthetic/outputs/exp3_synth_20d_flow_unsat_ours.csv
[synth_20d/flow/unsat] Config: flow_config=base n_train=5000 flow_epochs=2000 method=amls_bounded
[synth_20d/flow/unsat 1/1 t=0s] seed=4
    verdict=UNSAT  wall=42.2s

=== Sweep complete ===
Wrote /home/sasakis/v/tools/n2v/examples/FlowConformal/experiments/exp3_synthetic/outputs/exp3_synth_20d_flow_unsat_ours.csv
Total wall-clock: 0.7 min
Counts: {'UNSAT': 1, 'SAT': 0, 'UNKNOWN': 0, 'NOT_IMPLEMENTED': 0, 'ERROR': 0}
[run_cell] complete. shell-killed timeouts and exits noted above; CSV row counts in the output file.

[2026-05-04T01:17:32-05:00] === END:   exp3_synth_20d_flow_unsat_ours (rc=0) ===
