[2026-05-04T01:02:45-05:00] === START: exp3_synth_10d_gmm_sat_ours ===
[run_cell] exp3_synthetic.exp3_run_ours --benchmark synth_10d --score gmm --spec sat: 5 instances
[run_cell    1/   5 t=    0s] idx=0    budget=600s (shell timeout=660s)
[synth_10d/gmm/sat] running only seed_idx=0; appending to /home/sasakis/v/tools/n2v/examples/FlowConformal/experiments/exp3_synthetic/outputs/exp3_synth_10d_gmm_sat_ours.csv
[synth_10d/gmm/sat] 1 seeds; writing to /home/sasakis/v/tools/n2v/examples/FlowConformal/experiments/exp3_synthetic/outputs/exp3_synth_10d_gmm_sat_ours.csv
[synth_10d/gmm/sat] Config: flow_config=base n_train=5000 flow_epochs=2000 method=amls_bounded
[synth_10d/gmm/sat 1/1 t=0s] seed=0
    verdict=UNKNOWN  wall=0.6s

=== Sweep complete ===
Wrote /home/sasakis/v/tools/n2v/examples/FlowConformal/experiments/exp3_synthetic/outputs/exp3_synth_10d_gmm_sat_ours.csv
Total wall-clock: 0.0 min
Counts: {'UNSAT': 0, 'SAT': 0, 'UNKNOWN': 1, 'NOT_IMPLEMENTED': 0, 'ERROR': 0}
[run_cell    2/   5 t=    5s] idx=1    budget=600s (shell timeout=660s)
[synth_10d/gmm/sat] running only seed_idx=1; appending to /home/sasakis/v/tools/n2v/examples/FlowConformal/experiments/exp3_synthetic/outputs/exp3_synth_10d_gmm_sat_ours.csv
[synth_10d/gmm/sat] 1 seeds; writing to /home/sasakis/v/tools/n2v/examples/FlowConformal/experiments/exp3_synthetic/outputs/exp3_synth_10d_gmm_sat_ours.csv
[synth_10d/gmm/sat] Config: flow_config=base n_train=5000 flow_epochs=2000 method=amls_bounded
[synth_10d/gmm/sat 1/1 t=0s] seed=1
    verdict=UNKNOWN  wall=0.6s

=== Sweep complete ===
Wrote /home/sasakis/v/tools/n2v/examples/FlowConformal/experiments/exp3_synthetic/outputs/exp3_synth_10d_gmm_sat_ours.csv
Total wall-clock: 0.0 min
Counts: {'UNSAT': 0, 'SAT': 0, 'UNKNOWN': 1, 'NOT_IMPLEMENTED': 0, 'ERROR': 0}
[run_cell    3/   5 t=    9s] idx=2    budget=600s (shell timeout=660s)
[synth_10d/gmm/sat] running only seed_idx=2; appending to /home/sasakis/v/tools/n2v/examples/FlowConformal/experiments/exp3_synthetic/outputs/exp3_synth_10d_gmm_sat_ours.csv
[synth_10d/gmm/sat] 1 seeds; writing to /home/sasakis/v/tools/n2v/examples/FlowConformal/experiments/exp3_synthetic/outputs/exp3_synth_10d_gmm_sat_ours.csv
[synth_10d/gmm/sat] Config: flow_config=base n_train=5000 flow_epochs=2000 method=amls_bounded
[synth_10d/gmm/sat 1/1 t=0s] seed=2
    verdict=UNKNOWN  wall=0.6s

=== Sweep complete ===
Wrote /home/sasakis/v/tools/n2v/examples/FlowConformal/experiments/exp3_synthetic/outputs/exp3_synth_10d_gmm_sat_ours.csv
Total wall-clock: 0.0 min
Counts: {'UNSAT': 0, 'SAT': 0, 'UNKNOWN': 1, 'NOT_IMPLEMENTED': 0, 'ERROR': 0}
[run_cell    4/   5 t=   14s] idx=3    budget=600s (shell timeout=660s)
[synth_10d/gmm/sat] running only seed_idx=3; appending to /home/sasakis/v/tools/n2v/examples/FlowConformal/experiments/exp3_synthetic/outputs/exp3_synth_10d_gmm_sat_ours.csv
[synth_10d/gmm/sat] 1 seeds; writing to /home/sasakis/v/tools/n2v/examples/FlowConformal/experiments/exp3_synthetic/outputs/exp3_synth_10d_gmm_sat_ours.csv
[synth_10d/gmm/sat] Config: flow_config=base n_train=5000 flow_epochs=2000 method=amls_bounded
[synth_10d/gmm/sat 1/1 t=0s] seed=3
    verdict=UNKNOWN  wall=0.6s

=== Sweep complete ===
Wrote /home/sasakis/v/tools/n2v/examples/FlowConformal/experiments/exp3_synthetic/outputs/exp3_synth_10d_gmm_sat_ours.csv
Total wall-clock: 0.0 min
Counts: {'UNSAT': 0, 'SAT': 0, 'UNKNOWN': 1, 'NOT_IMPLEMENTED': 0, 'ERROR': 0}
[run_cell    5/   5 t=   19s] idx=4    budget=600s (shell timeout=660s)
[synth_10d/gmm/sat] running only seed_idx=4; appending to /home/sasakis/v/tools/n2v/examples/FlowConformal/experiments/exp3_synthetic/outputs/exp3_synth_10d_gmm_sat_ours.csv
[synth_10d/gmm/sat] 1 seeds; writing to /home/sasakis/v/tools/n2v/examples/FlowConformal/experiments/exp3_synthetic/outputs/exp3_synth_10d_gmm_sat_ours.csv
[synth_10d/gmm/sat] Config: flow_config=base n_train=5000 flow_epochs=2000 method=amls_bounded
[synth_10d/gmm/sat 1/1 t=0s] seed=4
    verdict=UNKNOWN  wall=0.6s

=== Sweep complete ===
Wrote /home/sasakis/v/tools/n2v/examples/FlowConformal/experiments/exp3_synthetic/outputs/exp3_synth_10d_gmm_sat_ours.csv
Total wall-clock: 0.0 min
Counts: {'UNSAT': 0, 'SAT': 0, 'UNKNOWN': 1, 'NOT_IMPLEMENTED': 0, 'ERROR': 0}
[run_cell] complete. shell-killed timeouts and exits noted above; CSV row counts in the output file.

[2026-05-04T01:03:13-05:00] === END:   exp3_synth_10d_gmm_sat_ours (rc=0) ===
