[2026-05-04T00:37:03-05:00] === START: exp3_synth_5d_sat_hashemi_clipping ===
[run_cell] exp3_synthetic.exp3_run_hashemi_clipping --benchmark synth_5d --spec sat: 5 instances
[run_cell    1/   5 t=    0s] idx=0    budget=600s (shell timeout=660s)
[synth_5d/sat] running only seed_idx=0; appending to /home/sasakis/v/tools/n2v/examples/FlowConformal/experiments/exp3_synthetic/outputs/exp3_synth_5d_sat_hashemi_clipping.csv
[synth_5d/sat] 1 seeds; writing to /home/sasakis/v/tools/n2v/examples/FlowConformal/experiments/exp3_synthetic/outputs/exp3_synth_5d_sat_hashemi_clipping.csv
[synth_5d/sat] Hashemi-clipping config: m=8000 epsilon=0.001
[synth_5d/sat 1/1 t=0s] seed=0
    verdict=UNKNOWN  wall=69.8s

=== Sweep complete ===
Wrote /home/sasakis/v/tools/n2v/examples/FlowConformal/experiments/exp3_synthetic/outputs/exp3_synth_5d_sat_hashemi_clipping.csv
Total wall-clock: 1.2 min
Counts: {'UNSAT': 0, 'SAT': 0, 'UNKNOWN': 1, 'ERROR': 0}
[run_cell    2/   5 t=   74s] idx=1    budget=600s (shell timeout=660s)
[synth_5d/sat] running only seed_idx=1; appending to /home/sasakis/v/tools/n2v/examples/FlowConformal/experiments/exp3_synthetic/outputs/exp3_synth_5d_sat_hashemi_clipping.csv
[synth_5d/sat] 1 seeds; writing to /home/sasakis/v/tools/n2v/examples/FlowConformal/experiments/exp3_synthetic/outputs/exp3_synth_5d_sat_hashemi_clipping.csv
[synth_5d/sat] Hashemi-clipping config: m=8000 epsilon=0.001
[synth_5d/sat 1/1 t=0s] seed=1
    verdict=UNKNOWN  wall=70.2s

=== Sweep complete ===
Wrote /home/sasakis/v/tools/n2v/examples/FlowConformal/experiments/exp3_synthetic/outputs/exp3_synth_5d_sat_hashemi_clipping.csv
Total wall-clock: 1.2 min
Counts: {'UNSAT': 0, 'SAT': 0, 'UNKNOWN': 1, 'ERROR': 0}
[run_cell    3/   5 t=  149s] idx=2    budget=600s (shell timeout=660s)
[synth_5d/sat] running only seed_idx=2; appending to /home/sasakis/v/tools/n2v/examples/FlowConformal/experiments/exp3_synthetic/outputs/exp3_synth_5d_sat_hashemi_clipping.csv
[synth_5d/sat] 1 seeds; writing to /home/sasakis/v/tools/n2v/examples/FlowConformal/experiments/exp3_synthetic/outputs/exp3_synth_5d_sat_hashemi_clipping.csv
[synth_5d/sat] Hashemi-clipping config: m=8000 epsilon=0.001
[synth_5d/sat 1/1 t=0s] seed=2
    verdict=UNKNOWN  wall=69.8s

=== Sweep complete ===
Wrote /home/sasakis/v/tools/n2v/examples/FlowConformal/experiments/exp3_synthetic/outputs/exp3_synth_5d_sat_hashemi_clipping.csv
Total wall-clock: 1.2 min
Counts: {'UNSAT': 0, 'SAT': 0, 'UNKNOWN': 1, 'ERROR': 0}
[run_cell    4/   5 t=  223s] idx=3    budget=600s (shell timeout=660s)
[synth_5d/sat] running only seed_idx=3; appending to /home/sasakis/v/tools/n2v/examples/FlowConformal/experiments/exp3_synthetic/outputs/exp3_synth_5d_sat_hashemi_clipping.csv
[synth_5d/sat] 1 seeds; writing to /home/sasakis/v/tools/n2v/examples/FlowConformal/experiments/exp3_synthetic/outputs/exp3_synth_5d_sat_hashemi_clipping.csv
[synth_5d/sat] Hashemi-clipping config: m=8000 epsilon=0.001
[synth_5d/sat 1/1 t=0s] seed=3
    verdict=UNKNOWN  wall=69.5s

=== Sweep complete ===
Wrote /home/sasakis/v/tools/n2v/examples/FlowConformal/experiments/exp3_synthetic/outputs/exp3_synth_5d_sat_hashemi_clipping.csv
Total wall-clock: 1.2 min
Counts: {'UNSAT': 0, 'SAT': 0, 'UNKNOWN': 1, 'ERROR': 0}
[run_cell    5/   5 t=  296s] idx=4    budget=600s (shell timeout=660s)
[synth_5d/sat] running only seed_idx=4; appending to /home/sasakis/v/tools/n2v/examples/FlowConformal/experiments/exp3_synthetic/outputs/exp3_synth_5d_sat_hashemi_clipping.csv
[synth_5d/sat] 1 seeds; writing to /home/sasakis/v/tools/n2v/examples/FlowConformal/experiments/exp3_synthetic/outputs/exp3_synth_5d_sat_hashemi_clipping.csv
[synth_5d/sat] Hashemi-clipping config: m=8000 epsilon=0.001
[synth_5d/sat 1/1 t=0s] seed=4
    verdict=UNKNOWN  wall=70.0s

=== Sweep complete ===
Wrote /home/sasakis/v/tools/n2v/examples/FlowConformal/experiments/exp3_synthetic/outputs/exp3_synth_5d_sat_hashemi_clipping.csv
Total wall-clock: 1.2 min
Counts: {'UNSAT': 0, 'SAT': 0, 'UNKNOWN': 1, 'ERROR': 0}
[run_cell] complete. shell-killed timeouts and exits noted above; CSV row counts in the output file.

[2026-05-04T00:43:17-05:00] === END:   exp3_synth_5d_sat_hashemi_clipping (rc=0) ===
