[2026-05-04T00:47:58-05:00] === START: exp3_synth_10d_ellipsoid_unsat_ours ===
[run_cell] exp3_synthetic.exp3_run_ours --benchmark synth_10d --score ellipsoid --spec unsat: 5 instances
[run_cell    1/   5 t=    0s] idx=0    budget=600s (shell timeout=660s)
[synth_10d/ellipsoid/unsat] running only seed_idx=0; appending to /home/sasakis/v/tools/n2v/examples/FlowConformal/experiments/exp3_synthetic/outputs/exp3_synth_10d_ellipsoid_unsat_ours.csv
[synth_10d/ellipsoid/unsat] 1 seeds; writing to /home/sasakis/v/tools/n2v/examples/FlowConformal/experiments/exp3_synthetic/outputs/exp3_synth_10d_ellipsoid_unsat_ours.csv
[synth_10d/ellipsoid/unsat] Config: flow_config=base n_train=5000 flow_epochs=2000 method=amls_bounded
[synth_10d/ellipsoid/unsat 1/1 t=0s] seed=0
    verdict=UNSAT  wall=0.0s

=== Sweep complete ===
Wrote /home/sasakis/v/tools/n2v/examples/FlowConformal/experiments/exp3_synthetic/outputs/exp3_synth_10d_ellipsoid_unsat_ours.csv
Total wall-clock: 0.0 min
Counts: {'UNSAT': 1, 'SAT': 0, 'UNKNOWN': 0, 'NOT_IMPLEMENTED': 0, 'ERROR': 0}
[run_cell    2/   5 t=    5s] idx=1    budget=600s (shell timeout=660s)
[synth_10d/ellipsoid/unsat] running only seed_idx=1; appending to /home/sasakis/v/tools/n2v/examples/FlowConformal/experiments/exp3_synthetic/outputs/exp3_synth_10d_ellipsoid_unsat_ours.csv
[synth_10d/ellipsoid/unsat] 1 seeds; writing to /home/sasakis/v/tools/n2v/examples/FlowConformal/experiments/exp3_synthetic/outputs/exp3_synth_10d_ellipsoid_unsat_ours.csv
[synth_10d/ellipsoid/unsat] Config: flow_config=base n_train=5000 flow_epochs=2000 method=amls_bounded
[synth_10d/ellipsoid/unsat 1/1 t=0s] seed=1
    verdict=UNSAT  wall=0.0s

=== Sweep complete ===
Wrote /home/sasakis/v/tools/n2v/examples/FlowConformal/experiments/exp3_synthetic/outputs/exp3_synth_10d_ellipsoid_unsat_ours.csv
Total wall-clock: 0.0 min
Counts: {'UNSAT': 1, 'SAT': 0, 'UNKNOWN': 0, 'NOT_IMPLEMENTED': 0, 'ERROR': 0}
[run_cell    3/   5 t=    9s] idx=2    budget=600s (shell timeout=660s)
[synth_10d/ellipsoid/unsat] running only seed_idx=2; appending to /home/sasakis/v/tools/n2v/examples/FlowConformal/experiments/exp3_synthetic/outputs/exp3_synth_10d_ellipsoid_unsat_ours.csv
[synth_10d/ellipsoid/unsat] 1 seeds; writing to /home/sasakis/v/tools/n2v/examples/FlowConformal/experiments/exp3_synthetic/outputs/exp3_synth_10d_ellipsoid_unsat_ours.csv
[synth_10d/ellipsoid/unsat] Config: flow_config=base n_train=5000 flow_epochs=2000 method=amls_bounded
[synth_10d/ellipsoid/unsat 1/1 t=0s] seed=2
    verdict=UNSAT  wall=0.0s

=== Sweep complete ===
Wrote /home/sasakis/v/tools/n2v/examples/FlowConformal/experiments/exp3_synthetic/outputs/exp3_synth_10d_ellipsoid_unsat_ours.csv
Total wall-clock: 0.0 min
Counts: {'UNSAT': 1, 'SAT': 0, 'UNKNOWN': 0, 'NOT_IMPLEMENTED': 0, 'ERROR': 0}
[run_cell    4/   5 t=   13s] idx=3    budget=600s (shell timeout=660s)
[synth_10d/ellipsoid/unsat] running only seed_idx=3; appending to /home/sasakis/v/tools/n2v/examples/FlowConformal/experiments/exp3_synthetic/outputs/exp3_synth_10d_ellipsoid_unsat_ours.csv
[synth_10d/ellipsoid/unsat] 1 seeds; writing to /home/sasakis/v/tools/n2v/examples/FlowConformal/experiments/exp3_synthetic/outputs/exp3_synth_10d_ellipsoid_unsat_ours.csv
[synth_10d/ellipsoid/unsat] Config: flow_config=base n_train=5000 flow_epochs=2000 method=amls_bounded
[synth_10d/ellipsoid/unsat 1/1 t=0s] seed=3
    verdict=UNSAT  wall=0.0s

=== Sweep complete ===
Wrote /home/sasakis/v/tools/n2v/examples/FlowConformal/experiments/exp3_synthetic/outputs/exp3_synth_10d_ellipsoid_unsat_ours.csv
Total wall-clock: 0.0 min
Counts: {'UNSAT': 1, 'SAT': 0, 'UNKNOWN': 0, 'NOT_IMPLEMENTED': 0, 'ERROR': 0}
[run_cell    5/   5 t=   17s] idx=4    budget=600s (shell timeout=660s)
[synth_10d/ellipsoid/unsat] running only seed_idx=4; appending to /home/sasakis/v/tools/n2v/examples/FlowConformal/experiments/exp3_synthetic/outputs/exp3_synth_10d_ellipsoid_unsat_ours.csv
[synth_10d/ellipsoid/unsat] 1 seeds; writing to /home/sasakis/v/tools/n2v/examples/FlowConformal/experiments/exp3_synthetic/outputs/exp3_synth_10d_ellipsoid_unsat_ours.csv
[synth_10d/ellipsoid/unsat] Config: flow_config=base n_train=5000 flow_epochs=2000 method=amls_bounded
[synth_10d/ellipsoid/unsat 1/1 t=0s] seed=4
    verdict=UNSAT  wall=0.0s

=== Sweep complete ===
Wrote /home/sasakis/v/tools/n2v/examples/FlowConformal/experiments/exp3_synthetic/outputs/exp3_synth_10d_ellipsoid_unsat_ours.csv
Total wall-clock: 0.0 min
Counts: {'UNSAT': 1, 'SAT': 0, 'UNKNOWN': 0, 'NOT_IMPLEMENTED': 0, 'ERROR': 0}
[run_cell] complete. shell-killed timeouts and exits noted above; CSV row counts in the output file.

[2026-05-04T00:48:23-05:00] === END:   exp3_synth_10d_ellipsoid_unsat_ours (rc=0) ===
