[2026-05-04T01:18:47-05:00] === START: exp3_synth_20d_unsat_hashemi_clipping ===
[run_cell] exp3_synthetic.exp3_run_hashemi_clipping --benchmark synth_20d --spec unsat: 5 instances
[run_cell    1/   5 t=    0s] idx=0    budget=600s (shell timeout=660s)
[synth_20d/unsat] running only seed_idx=0; appending to /home/sasakis/v/tools/n2v/examples/FlowConformal/experiments/exp3_synthetic/outputs/exp3_synth_20d_unsat_hashemi_clipping.csv
[synth_20d/unsat] 1 seeds; writing to /home/sasakis/v/tools/n2v/examples/FlowConformal/experiments/exp3_synthetic/outputs/exp3_synth_20d_unsat_hashemi_clipping.csv
[synth_20d/unsat] Hashemi-clipping config: m=8000 epsilon=0.001
[synth_20d/unsat 1/1 t=0s] seed=0
    verdict=UNSAT  wall=237.8s

=== Sweep complete ===
Wrote /home/sasakis/v/tools/n2v/examples/FlowConformal/experiments/exp3_synthetic/outputs/exp3_synth_20d_unsat_hashemi_clipping.csv
Total wall-clock: 4.0 min
Counts: {'UNSAT': 1, 'SAT': 0, 'UNKNOWN': 0, 'ERROR': 0}
[run_cell    2/   5 t=  242s] idx=1    budget=600s (shell timeout=660s)
[synth_20d/unsat] running only seed_idx=1; appending to /home/sasakis/v/tools/n2v/examples/FlowConformal/experiments/exp3_synthetic/outputs/exp3_synth_20d_unsat_hashemi_clipping.csv
[synth_20d/unsat] 1 seeds; writing to /home/sasakis/v/tools/n2v/examples/FlowConformal/experiments/exp3_synthetic/outputs/exp3_synth_20d_unsat_hashemi_clipping.csv
[synth_20d/unsat] Hashemi-clipping config: m=8000 epsilon=0.001
[synth_20d/unsat 1/1 t=0s] seed=1
    verdict=UNSAT  wall=232.0s

=== Sweep complete ===
Wrote /home/sasakis/v/tools/n2v/examples/FlowConformal/experiments/exp3_synthetic/outputs/exp3_synth_20d_unsat_hashemi_clipping.csv
Total wall-clock: 3.9 min
Counts: {'UNSAT': 1, 'SAT': 0, 'UNKNOWN': 0, 'ERROR': 0}
[run_cell    3/   5 t=  478s] idx=2    budget=600s (shell timeout=660s)
[synth_20d/unsat] running only seed_idx=2; appending to /home/sasakis/v/tools/n2v/examples/FlowConformal/experiments/exp3_synthetic/outputs/exp3_synth_20d_unsat_hashemi_clipping.csv
[synth_20d/unsat] 1 seeds; writing to /home/sasakis/v/tools/n2v/examples/FlowConformal/experiments/exp3_synthetic/outputs/exp3_synth_20d_unsat_hashemi_clipping.csv
[synth_20d/unsat] Hashemi-clipping config: m=8000 epsilon=0.001
[synth_20d/unsat 1/1 t=0s] seed=2
    verdict=UNSAT  wall=233.1s

=== Sweep complete ===
Wrote /home/sasakis/v/tools/n2v/examples/FlowConformal/experiments/exp3_synthetic/outputs/exp3_synth_20d_unsat_hashemi_clipping.csv
Total wall-clock: 3.9 min
Counts: {'UNSAT': 1, 'SAT': 0, 'UNKNOWN': 0, 'ERROR': 0}
[run_cell    4/   5 t=  715s] idx=3    budget=600s (shell timeout=660s)
[synth_20d/unsat] running only seed_idx=3; appending to /home/sasakis/v/tools/n2v/examples/FlowConformal/experiments/exp3_synthetic/outputs/exp3_synth_20d_unsat_hashemi_clipping.csv
[synth_20d/unsat] 1 seeds; writing to /home/sasakis/v/tools/n2v/examples/FlowConformal/experiments/exp3_synthetic/outputs/exp3_synth_20d_unsat_hashemi_clipping.csv
[synth_20d/unsat] Hashemi-clipping config: m=8000 epsilon=0.001
[synth_20d/unsat 1/1 t=0s] seed=3
    verdict=UNSAT  wall=232.8s

=== Sweep complete ===
Wrote /home/sasakis/v/tools/n2v/examples/FlowConformal/experiments/exp3_synthetic/outputs/exp3_synth_20d_unsat_hashemi_clipping.csv
Total wall-clock: 3.9 min
Counts: {'UNSAT': 1, 'SAT': 0, 'UNKNOWN': 0, 'ERROR': 0}
[run_cell    5/   5 t=  952s] idx=4    budget=600s (shell timeout=660s)
[synth_20d/unsat] running only seed_idx=4; appending to /home/sasakis/v/tools/n2v/examples/FlowConformal/experiments/exp3_synthetic/outputs/exp3_synth_20d_unsat_hashemi_clipping.csv
[synth_20d/unsat] 1 seeds; writing to /home/sasakis/v/tools/n2v/examples/FlowConformal/experiments/exp3_synthetic/outputs/exp3_synth_20d_unsat_hashemi_clipping.csv
[synth_20d/unsat] Hashemi-clipping config: m=8000 epsilon=0.001
[synth_20d/unsat 1/1 t=0s] seed=4
    verdict=UNSAT  wall=235.8s

=== Sweep complete ===
Wrote /home/sasakis/v/tools/n2v/examples/FlowConformal/experiments/exp3_synthetic/outputs/exp3_synth_20d_unsat_hashemi_clipping.csv
Total wall-clock: 3.9 min
Counts: {'UNSAT': 1, 'SAT': 0, 'UNKNOWN': 0, 'ERROR': 0}
[run_cell] complete. shell-killed timeouts and exits noted above; CSV row counts in the output file.

[2026-05-04T01:38:43-05:00] === END:   exp3_synth_20d_unsat_hashemi_clipping (rc=0) ===
