[2026-05-03T14:02:53-05:00] === START: exp4_d32_neuralsat ===
[run_cell] exp4_scaling.exp4_run_neuralsat --depth 32: 10 instances
[run_cell    1/  10 t=    0s] idx=0    budget=300s (shell timeout=360s)
[exp4 d=32] running only idx=0; appending to /home/sasakis/v/tools/n2v/examples/FlowConformal/experiments/exp4_scaling/outputs/exp4_d32_neuralsat.csv
Loaded 1 instances at depth=32 (width=512)
Tool: NeuralSAT  device=cuda  timeout=300s
[1/1  t=0s  budget=300s] depth=32 idx=0 C=0.3236
    verdict=UNKNOWN  wall=7.9s  err=''

=== Sweep complete ===
Wrote /home/sasakis/v/tools/n2v/examples/FlowConformal/experiments/exp4_scaling/outputs/exp4_d32_neuralsat.csv
Total wall-clock: 0.1 min
Counts: {'UNSAT': 0, 'SAT': 0, 'UNKNOWN': 1, 'ERROR': 0, 'TIMEOUT': 0}
[run_cell    2/  10 t=   14s] idx=1    budget=300s (shell timeout=360s)
[exp4 d=32] running only idx=1; appending to /home/sasakis/v/tools/n2v/examples/FlowConformal/experiments/exp4_scaling/outputs/exp4_d32_neuralsat.csv
Loaded 1 instances at depth=32 (width=512)
Tool: NeuralSAT  device=cuda  timeout=300s
[1/1  t=0s  budget=300s] depth=32 idx=1 C=0.3236
    verdict=UNKNOWN  wall=7.7s  err=''

=== Sweep complete ===
Wrote /home/sasakis/v/tools/n2v/examples/FlowConformal/experiments/exp4_scaling/outputs/exp4_d32_neuralsat.csv
Total wall-clock: 0.1 min
Counts: {'UNSAT': 0, 'SAT': 0, 'UNKNOWN': 1, 'ERROR': 0, 'TIMEOUT': 0}
[run_cell    3/  10 t=   29s] idx=2    budget=300s (shell timeout=360s)
[exp4 d=32] running only idx=2; appending to /home/sasakis/v/tools/n2v/examples/FlowConformal/experiments/exp4_scaling/outputs/exp4_d32_neuralsat.csv
Loaded 1 instances at depth=32 (width=512)
Tool: NeuralSAT  device=cuda  timeout=300s
[1/1  t=0s  budget=300s] depth=32 idx=2 C=0.3236
    verdict=UNKNOWN  wall=7.5s  err=''

=== Sweep complete ===
Wrote /home/sasakis/v/tools/n2v/examples/FlowConformal/experiments/exp4_scaling/outputs/exp4_d32_neuralsat.csv
Total wall-clock: 0.1 min
Counts: {'UNSAT': 0, 'SAT': 0, 'UNKNOWN': 1, 'ERROR': 0, 'TIMEOUT': 0}
[run_cell    4/  10 t=   44s] idx=3    budget=300s (shell timeout=360s)
[exp4 d=32] running only idx=3; appending to /home/sasakis/v/tools/n2v/examples/FlowConformal/experiments/exp4_scaling/outputs/exp4_d32_neuralsat.csv
Loaded 1 instances at depth=32 (width=512)
Tool: NeuralSAT  device=cuda  timeout=300s
[1/1  t=0s  budget=300s] depth=32 idx=3 C=0.3236
    verdict=UNKNOWN  wall=7.7s  err=''

=== Sweep complete ===
Wrote /home/sasakis/v/tools/n2v/examples/FlowConformal/experiments/exp4_scaling/outputs/exp4_d32_neuralsat.csv
Total wall-clock: 0.1 min
Counts: {'UNSAT': 0, 'SAT': 0, 'UNKNOWN': 1, 'ERROR': 0, 'TIMEOUT': 0}
[run_cell    5/  10 t=   58s] idx=4    budget=300s (shell timeout=360s)
[exp4 d=32] running only idx=4; appending to /home/sasakis/v/tools/n2v/examples/FlowConformal/experiments/exp4_scaling/outputs/exp4_d32_neuralsat.csv
Loaded 1 instances at depth=32 (width=512)
Tool: NeuralSAT  device=cuda  timeout=300s
[1/1  t=0s  budget=300s] depth=32 idx=4 C=0.3236
    verdict=UNKNOWN  wall=6.4s  err=''

=== Sweep complete ===
Wrote /home/sasakis/v/tools/n2v/examples/FlowConformal/experiments/exp4_scaling/outputs/exp4_d32_neuralsat.csv
Total wall-clock: 0.1 min
Counts: {'UNSAT': 0, 'SAT': 0, 'UNKNOWN': 1, 'ERROR': 0, 'TIMEOUT': 0}
[run_cell    6/  10 t=   72s] idx=5    budget=300s (shell timeout=360s)
[exp4 d=32] running only idx=5; appending to /home/sasakis/v/tools/n2v/examples/FlowConformal/experiments/exp4_scaling/outputs/exp4_d32_neuralsat.csv
Loaded 1 instances at depth=32 (width=512)
Tool: NeuralSAT  device=cuda  timeout=300s
[1/1  t=0s  budget=300s] depth=32 idx=5 C=0.3236
    verdict=UNKNOWN  wall=7.6s  err=''

=== Sweep complete ===
Wrote /home/sasakis/v/tools/n2v/examples/FlowConformal/experiments/exp4_scaling/outputs/exp4_d32_neuralsat.csv
Total wall-clock: 0.1 min
Counts: {'UNSAT': 0, 'SAT': 0, 'UNKNOWN': 1, 'ERROR': 0, 'TIMEOUT': 0}
[run_cell    7/  10 t=   86s] idx=6    budget=300s (shell timeout=360s)
[exp4 d=32] running only idx=6; appending to /home/sasakis/v/tools/n2v/examples/FlowConformal/experiments/exp4_scaling/outputs/exp4_d32_neuralsat.csv
Loaded 1 instances at depth=32 (width=512)
Tool: NeuralSAT  device=cuda  timeout=300s
[1/1  t=0s  budget=300s] depth=32 idx=6 C=0.3236
    verdict=UNKNOWN  wall=7.5s  err=''

=== Sweep complete ===
Wrote /home/sasakis/v/tools/n2v/examples/FlowConformal/experiments/exp4_scaling/outputs/exp4_d32_neuralsat.csv
Total wall-clock: 0.1 min
Counts: {'UNSAT': 0, 'SAT': 0, 'UNKNOWN': 1, 'ERROR': 0, 'TIMEOUT': 0}
[run_cell    8/  10 t=  101s] idx=7    budget=300s (shell timeout=360s)
[exp4 d=32] running only idx=7; appending to /home/sasakis/v/tools/n2v/examples/FlowConformal/experiments/exp4_scaling/outputs/exp4_d32_neuralsat.csv
Loaded 1 instances at depth=32 (width=512)
Tool: NeuralSAT  device=cuda  timeout=300s
[1/1  t=0s  budget=300s] depth=32 idx=7 C=0.3236
    verdict=UNKNOWN  wall=7.5s  err=''

=== Sweep complete ===
Wrote /home/sasakis/v/tools/n2v/examples/FlowConformal/experiments/exp4_scaling/outputs/exp4_d32_neuralsat.csv
Total wall-clock: 0.1 min
Counts: {'UNSAT': 0, 'SAT': 0, 'UNKNOWN': 1, 'ERROR': 0, 'TIMEOUT': 0}
[run_cell    9/  10 t=  115s] idx=8    budget=300s (shell timeout=360s)
[exp4 d=32] running only idx=8; appending to /home/sasakis/v/tools/n2v/examples/FlowConformal/experiments/exp4_scaling/outputs/exp4_d32_neuralsat.csv
Loaded 1 instances at depth=32 (width=512)
Tool: NeuralSAT  device=cuda  timeout=300s
[1/1  t=0s  budget=300s] depth=32 idx=8 C=0.3236
    verdict=UNKNOWN  wall=7.2s  err=''

=== Sweep complete ===
Wrote /home/sasakis/v/tools/n2v/examples/FlowConformal/experiments/exp4_scaling/outputs/exp4_d32_neuralsat.csv
Total wall-clock: 0.1 min
Counts: {'UNSAT': 0, 'SAT': 0, 'UNKNOWN': 1, 'ERROR': 0, 'TIMEOUT': 0}
[run_cell   10/  10 t=  129s] idx=9    budget=300s (shell timeout=360s)
[exp4 d=32] running only idx=9; appending to /home/sasakis/v/tools/n2v/examples/FlowConformal/experiments/exp4_scaling/outputs/exp4_d32_neuralsat.csv
Loaded 1 instances at depth=32 (width=512)
Tool: NeuralSAT  device=cuda  timeout=300s
[1/1  t=0s  budget=300s] depth=32 idx=9 C=0.3236
    verdict=UNKNOWN  wall=7.5s  err=''

=== Sweep complete ===
Wrote /home/sasakis/v/tools/n2v/examples/FlowConformal/experiments/exp4_scaling/outputs/exp4_d32_neuralsat.csv
Total wall-clock: 0.1 min
Counts: {'UNSAT': 0, 'SAT': 0, 'UNKNOWN': 1, 'ERROR': 0, 'TIMEOUT': 0}
[run_cell] complete. shell-killed timeouts and exits noted above; CSV row counts in the output file.

[2026-05-03T14:05:24-05:00] === END:   exp4_d32_neuralsat (rc=0) ===
