[2026-05-03T12:50:53-05:00] === START: exp4_d40_alpha_beta_crown ===
[run_cell] exp4_scaling.exp4_run_alpha_beta_crown --depth 40: 10 instances
[run_cell    1/  10 t=    0s] idx=0    budget=300s (shell timeout=360s)
[exp4 d=40] running only idx=0; appending to /home/sasakis/v/tools/n2v/examples/FlowConformal/experiments/exp4_scaling/outputs/exp4_d40_alpha_beta_crown.csv
Loaded 1 instances at depth=40 (width=512)
Tool: αβ-CROWN  timeout=300s
[1/1  t=0s  budget=300s] depth=40 idx=0 C=0.3236
  ... idx=0 TIMEOUT (shell killed at 360s; runner did not finish)
[run_cell    2/  10 t=  367s] idx=1    budget=300s (shell timeout=360s)
[exp4 d=40] running only idx=1; appending to /home/sasakis/v/tools/n2v/examples/FlowConformal/experiments/exp4_scaling/outputs/exp4_d40_alpha_beta_crown.csv
Loaded 1 instances at depth=40 (width=512)
Tool: αβ-CROWN  timeout=300s
[1/1  t=0s  budget=300s] depth=40 idx=1 C=0.3236
  ... idx=1 TIMEOUT (shell killed at 360s; runner did not finish)
[run_cell    3/  10 t=  735s] idx=2    budget=300s (shell timeout=360s)
[exp4 d=40] running only idx=2; appending to /home/sasakis/v/tools/n2v/examples/FlowConformal/experiments/exp4_scaling/outputs/exp4_d40_alpha_beta_crown.csv
Loaded 1 instances at depth=40 (width=512)
Tool: αβ-CROWN  timeout=300s
[1/1  t=0s  budget=300s] depth=40 idx=2 C=0.3236
  ... idx=2 TIMEOUT (shell killed at 360s; runner did not finish)
[run_cell    4/  10 t= 1103s] idx=3    budget=300s (shell timeout=360s)
[exp4 d=40] running only idx=3; appending to /home/sasakis/v/tools/n2v/examples/FlowConformal/experiments/exp4_scaling/outputs/exp4_d40_alpha_beta_crown.csv
Loaded 1 instances at depth=40 (width=512)
Tool: αβ-CROWN  timeout=300s
[1/1  t=0s  budget=300s] depth=40 idx=3 C=0.3236
  ... idx=3 TIMEOUT (shell killed at 360s; runner did not finish)
[run_cell    5/  10 t= 1471s] idx=4    budget=300s (shell timeout=360s)
[exp4 d=40] running only idx=4; appending to /home/sasakis/v/tools/n2v/examples/FlowConformal/experiments/exp4_scaling/outputs/exp4_d40_alpha_beta_crown.csv
Loaded 1 instances at depth=40 (width=512)
Tool: αβ-CROWN  timeout=300s
[1/1  t=0s  budget=300s] depth=40 idx=4 C=0.3236
  ... idx=4 TIMEOUT (shell killed at 360s; runner did not finish)
[run_cell    6/  10 t= 1839s] idx=5    budget=300s (shell timeout=360s)
[exp4 d=40] running only idx=5; appending to /home/sasakis/v/tools/n2v/examples/FlowConformal/experiments/exp4_scaling/outputs/exp4_d40_alpha_beta_crown.csv
Loaded 1 instances at depth=40 (width=512)
Tool: αβ-CROWN  timeout=300s
[1/1  t=0s  budget=300s] depth=40 idx=5 C=0.3236
  ... idx=5 TIMEOUT (shell killed at 360s; runner did not finish)
[run_cell    7/  10 t= 2207s] idx=6    budget=300s (shell timeout=360s)
[exp4 d=40] running only idx=6; appending to /home/sasakis/v/tools/n2v/examples/FlowConformal/experiments/exp4_scaling/outputs/exp4_d40_alpha_beta_crown.csv
Loaded 1 instances at depth=40 (width=512)
Tool: αβ-CROWN  timeout=300s
[1/1  t=0s  budget=300s] depth=40 idx=6 C=0.3236
  ... idx=6 TIMEOUT (shell killed at 360s; runner did not finish)
[run_cell    8/  10 t= 2575s] idx=7    budget=300s (shell timeout=360s)
[exp4 d=40] running only idx=7; appending to /home/sasakis/v/tools/n2v/examples/FlowConformal/experiments/exp4_scaling/outputs/exp4_d40_alpha_beta_crown.csv
Loaded 1 instances at depth=40 (width=512)
Tool: αβ-CROWN  timeout=300s
[1/1  t=0s  budget=300s] depth=40 idx=7 C=0.3236
  ... idx=7 TIMEOUT (shell killed at 360s; runner did not finish)
[run_cell    9/  10 t= 2943s] idx=8    budget=300s (shell timeout=360s)
[exp4 d=40] running only idx=8; appending to /home/sasakis/v/tools/n2v/examples/FlowConformal/experiments/exp4_scaling/outputs/exp4_d40_alpha_beta_crown.csv
Loaded 1 instances at depth=40 (width=512)
Tool: αβ-CROWN  timeout=300s
[1/1  t=0s  budget=300s] depth=40 idx=8 C=0.3236
  ... idx=8 TIMEOUT (shell killed at 360s; runner did not finish)
[run_cell   10/  10 t= 3311s] idx=9    budget=300s (shell timeout=360s)
[exp4 d=40] running only idx=9; appending to /home/sasakis/v/tools/n2v/examples/FlowConformal/experiments/exp4_scaling/outputs/exp4_d40_alpha_beta_crown.csv
Loaded 1 instances at depth=40 (width=512)
Tool: αβ-CROWN  timeout=300s
[1/1  t=0s  budget=300s] depth=40 idx=9 C=0.3236
  ... idx=9 TIMEOUT (shell killed at 360s; runner did not finish)
[run_cell] complete. shell-killed timeouts and exits noted above; CSV row counts in the output file.

[2026-05-03T13:52:20-05:00] === END:   exp4_d40_alpha_beta_crown (rc=0) ===
