[2026-05-03T11:51:16-05:00] === START: exp4_d32_alpha_beta_crown ===
[run_cell] exp4_scaling.exp4_run_alpha_beta_crown --depth 32: 10 instances
[run_cell    1/  10 t=    0s] idx=0    budget=300s (shell timeout=360s)
[exp4 d=32] running only idx=0; appending to /home/sasakis/v/tools/n2v/examples/FlowConformal/experiments/exp4_scaling/outputs/exp4_d32_alpha_beta_crown.csv
Loaded 1 instances at depth=32 (width=512)
Tool: αβ-CROWN  timeout=300s
[1/1  t=0s  budget=300s] depth=32 idx=0 C=0.3236
    verdict=TIMEOUT  wall=309.6s  err=''

=== Sweep complete ===
Wrote /home/sasakis/v/tools/n2v/examples/FlowConformal/experiments/exp4_scaling/outputs/exp4_d32_alpha_beta_crown.csv
Total wall-clock: 5.2 min
Counts: {'UNSAT': 0, 'SAT': 0, 'UNKNOWN': 0, 'ERROR': 0, 'TIMEOUT': 1}
[run_cell    2/  10 t=  316s] idx=1    budget=300s (shell timeout=360s)
[exp4 d=32] running only idx=1; appending to /home/sasakis/v/tools/n2v/examples/FlowConformal/experiments/exp4_scaling/outputs/exp4_d32_alpha_beta_crown.csv
Loaded 1 instances at depth=32 (width=512)
Tool: αβ-CROWN  timeout=300s
[1/1  t=0s  budget=300s] depth=32 idx=1 C=0.3236
  ... idx=1 TIMEOUT (shell killed at 360s; runner did not finish)
[run_cell    3/  10 t=  684s] idx=2    budget=300s (shell timeout=360s)
[exp4 d=32] running only idx=2; appending to /home/sasakis/v/tools/n2v/examples/FlowConformal/experiments/exp4_scaling/outputs/exp4_d32_alpha_beta_crown.csv
Loaded 1 instances at depth=32 (width=512)
Tool: αβ-CROWN  timeout=300s
[1/1  t=0s  budget=300s] depth=32 idx=2 C=0.3236
  ... idx=2 TIMEOUT (shell killed at 360s; runner did not finish)
[run_cell    4/  10 t= 1051s] idx=3    budget=300s (shell timeout=360s)
[exp4 d=32] running only idx=3; appending to /home/sasakis/v/tools/n2v/examples/FlowConformal/experiments/exp4_scaling/outputs/exp4_d32_alpha_beta_crown.csv
Loaded 1 instances at depth=32 (width=512)
Tool: αβ-CROWN  timeout=300s
[1/1  t=0s  budget=300s] depth=32 idx=3 C=0.3236
  ... idx=3 TIMEOUT (shell killed at 360s; runner did not finish)
[run_cell    5/  10 t= 1418s] idx=4    budget=300s (shell timeout=360s)
[exp4 d=32] running only idx=4; appending to /home/sasakis/v/tools/n2v/examples/FlowConformal/experiments/exp4_scaling/outputs/exp4_d32_alpha_beta_crown.csv
Loaded 1 instances at depth=32 (width=512)
Tool: αβ-CROWN  timeout=300s
[1/1  t=0s  budget=300s] depth=32 idx=4 C=0.3236
    verdict=TIMEOUT  wall=308.7s  err=''

=== Sweep complete ===
Wrote /home/sasakis/v/tools/n2v/examples/FlowConformal/experiments/exp4_scaling/outputs/exp4_d32_alpha_beta_crown.csv
Total wall-clock: 5.1 min
Counts: {'UNSAT': 0, 'SAT': 0, 'UNKNOWN': 0, 'ERROR': 0, 'TIMEOUT': 1}
[run_cell    6/  10 t= 1734s] idx=5    budget=300s (shell timeout=360s)
[exp4 d=32] running only idx=5; appending to /home/sasakis/v/tools/n2v/examples/FlowConformal/experiments/exp4_scaling/outputs/exp4_d32_alpha_beta_crown.csv
Loaded 1 instances at depth=32 (width=512)
Tool: αβ-CROWN  timeout=300s
[1/1  t=0s  budget=300s] depth=32 idx=5 C=0.3236
  ... idx=5 TIMEOUT (shell killed at 360s; runner did not finish)
[run_cell    7/  10 t= 2101s] idx=6    budget=300s (shell timeout=360s)
[exp4 d=32] running only idx=6; appending to /home/sasakis/v/tools/n2v/examples/FlowConformal/experiments/exp4_scaling/outputs/exp4_d32_alpha_beta_crown.csv
Loaded 1 instances at depth=32 (width=512)
Tool: αβ-CROWN  timeout=300s
[1/1  t=0s  budget=300s] depth=32 idx=6 C=0.3236
  ... idx=6 TIMEOUT (shell killed at 360s; runner did not finish)
[run_cell    8/  10 t= 2468s] idx=7    budget=300s (shell timeout=360s)
[exp4 d=32] running only idx=7; appending to /home/sasakis/v/tools/n2v/examples/FlowConformal/experiments/exp4_scaling/outputs/exp4_d32_alpha_beta_crown.csv
Loaded 1 instances at depth=32 (width=512)
Tool: αβ-CROWN  timeout=300s
[1/1  t=0s  budget=300s] depth=32 idx=7 C=0.3236
  ... idx=7 TIMEOUT (shell killed at 360s; runner did not finish)
[run_cell    9/  10 t= 2835s] idx=8    budget=300s (shell timeout=360s)
[exp4 d=32] running only idx=8; appending to /home/sasakis/v/tools/n2v/examples/FlowConformal/experiments/exp4_scaling/outputs/exp4_d32_alpha_beta_crown.csv
Loaded 1 instances at depth=32 (width=512)
Tool: αβ-CROWN  timeout=300s
[1/1  t=0s  budget=300s] depth=32 idx=8 C=0.3236
  ... idx=8 TIMEOUT (shell killed at 360s; runner did not finish)
[run_cell   10/  10 t= 3203s] idx=9    budget=300s (shell timeout=360s)
[exp4 d=32] running only idx=9; appending to /home/sasakis/v/tools/n2v/examples/FlowConformal/experiments/exp4_scaling/outputs/exp4_d32_alpha_beta_crown.csv
Loaded 1 instances at depth=32 (width=512)
Tool: αβ-CROWN  timeout=300s
[1/1  t=0s  budget=300s] depth=32 idx=9 C=0.3236
  ... idx=9 TIMEOUT (shell killed at 360s; runner did not finish)
[run_cell] complete. shell-killed timeouts and exits noted above; CSV row counts in the output file.

[2026-05-03T12:50:53-05:00] === END:   exp4_d32_alpha_beta_crown (rc=0) ===
