[2026-05-03T10:46:17-05:00] === START: exp4_d2_alpha_beta_crown ===
[run_cell] exp4_scaling.exp4_run_alpha_beta_crown --depth 2: 10 instances
[run_cell    1/  10 t=    0s] idx=0    budget=300s (shell timeout=360s)
[exp4 d=2] running only idx=0; appending to /home/sasakis/v/tools/n2v/examples/FlowConformal/experiments/exp4_scaling/outputs/exp4_d2_alpha_beta_crown.csv
Loaded 1 instances at depth=2 (width=512)
Tool: αβ-CROWN  timeout=300s
[1/1  t=0s  budget=300s] depth=2 idx=0 C=0.3123
    verdict=UNSAT  wall=8.8s  err=''

=== Sweep complete ===
Wrote /home/sasakis/v/tools/n2v/examples/FlowConformal/experiments/exp4_scaling/outputs/exp4_d2_alpha_beta_crown.csv
Total wall-clock: 0.1 min
Counts: {'UNSAT': 1, 'SAT': 0, 'UNKNOWN': 0, 'ERROR': 0, 'TIMEOUT': 0}
[run_cell    2/  10 t=   13s] idx=1    budget=300s (shell timeout=360s)
[exp4 d=2] running only idx=1; appending to /home/sasakis/v/tools/n2v/examples/FlowConformal/experiments/exp4_scaling/outputs/exp4_d2_alpha_beta_crown.csv
Loaded 1 instances at depth=2 (width=512)
Tool: αβ-CROWN  timeout=300s
[1/1  t=0s  budget=300s] depth=2 idx=1 C=0.3199
    verdict=UNSAT  wall=8.9s  err=''

=== Sweep complete ===
Wrote /home/sasakis/v/tools/n2v/examples/FlowConformal/experiments/exp4_scaling/outputs/exp4_d2_alpha_beta_crown.csv
Total wall-clock: 0.1 min
Counts: {'UNSAT': 1, 'SAT': 0, 'UNKNOWN': 0, 'ERROR': 0, 'TIMEOUT': 0}
[run_cell    3/  10 t=   26s] idx=2    budget=300s (shell timeout=360s)
[exp4 d=2] running only idx=2; appending to /home/sasakis/v/tools/n2v/examples/FlowConformal/experiments/exp4_scaling/outputs/exp4_d2_alpha_beta_crown.csv
Loaded 1 instances at depth=2 (width=512)
Tool: αβ-CROWN  timeout=300s
[1/1  t=0s  budget=300s] depth=2 idx=2 C=0.3123
    verdict=UNSAT  wall=9.1s  err=''

=== Sweep complete ===
Wrote /home/sasakis/v/tools/n2v/examples/FlowConformal/experiments/exp4_scaling/outputs/exp4_d2_alpha_beta_crown.csv
Total wall-clock: 0.2 min
Counts: {'UNSAT': 1, 'SAT': 0, 'UNKNOWN': 0, 'ERROR': 0, 'TIMEOUT': 0}
[run_cell    4/  10 t=   39s] idx=3    budget=300s (shell timeout=360s)
[exp4 d=2] running only idx=3; appending to /home/sasakis/v/tools/n2v/examples/FlowConformal/experiments/exp4_scaling/outputs/exp4_d2_alpha_beta_crown.csv
Loaded 1 instances at depth=2 (width=512)
Tool: αβ-CROWN  timeout=300s
[1/1  t=0s  budget=300s] depth=2 idx=3 C=0.3002
    verdict=UNSAT  wall=9.2s  err=''

=== Sweep complete ===
Wrote /home/sasakis/v/tools/n2v/examples/FlowConformal/experiments/exp4_scaling/outputs/exp4_d2_alpha_beta_crown.csv
Total wall-clock: 0.2 min
Counts: {'UNSAT': 1, 'SAT': 0, 'UNKNOWN': 0, 'ERROR': 0, 'TIMEOUT': 0}
[run_cell    5/  10 t=   53s] idx=4    budget=300s (shell timeout=360s)
[exp4 d=2] running only idx=4; appending to /home/sasakis/v/tools/n2v/examples/FlowConformal/experiments/exp4_scaling/outputs/exp4_d2_alpha_beta_crown.csv
Loaded 1 instances at depth=2 (width=512)
Tool: αβ-CROWN  timeout=300s
[1/1  t=0s  budget=300s] depth=2 idx=4 C=0.2915
    verdict=UNSAT  wall=8.9s  err=''

=== Sweep complete ===
Wrote /home/sasakis/v/tools/n2v/examples/FlowConformal/experiments/exp4_scaling/outputs/exp4_d2_alpha_beta_crown.csv
Total wall-clock: 0.1 min
Counts: {'UNSAT': 1, 'SAT': 0, 'UNKNOWN': 0, 'ERROR': 0, 'TIMEOUT': 0}
[run_cell    6/  10 t=   66s] idx=5    budget=300s (shell timeout=360s)
[exp4 d=2] running only idx=5; appending to /home/sasakis/v/tools/n2v/examples/FlowConformal/experiments/exp4_scaling/outputs/exp4_d2_alpha_beta_crown.csv
Loaded 1 instances at depth=2 (width=512)
Tool: αβ-CROWN  timeout=300s
[1/1  t=0s  budget=300s] depth=2 idx=5 C=0.3261
    verdict=UNSAT  wall=8.9s  err=''

=== Sweep complete ===
Wrote /home/sasakis/v/tools/n2v/examples/FlowConformal/experiments/exp4_scaling/outputs/exp4_d2_alpha_beta_crown.csv
Total wall-clock: 0.1 min
Counts: {'UNSAT': 1, 'SAT': 0, 'UNKNOWN': 0, 'ERROR': 0, 'TIMEOUT': 0}
[run_cell    7/  10 t=   79s] idx=6    budget=300s (shell timeout=360s)
[exp4 d=2] running only idx=6; appending to /home/sasakis/v/tools/n2v/examples/FlowConformal/experiments/exp4_scaling/outputs/exp4_d2_alpha_beta_crown.csv
Loaded 1 instances at depth=2 (width=512)
Tool: αβ-CROWN  timeout=300s
[1/1  t=0s  budget=300s] depth=2 idx=6 C=0.3115
    verdict=UNSAT  wall=8.8s  err=''

=== Sweep complete ===
Wrote /home/sasakis/v/tools/n2v/examples/FlowConformal/experiments/exp4_scaling/outputs/exp4_d2_alpha_beta_crown.csv
Total wall-clock: 0.1 min
Counts: {'UNSAT': 1, 'SAT': 0, 'UNKNOWN': 0, 'ERROR': 0, 'TIMEOUT': 0}
[run_cell    8/  10 t=   92s] idx=7    budget=300s (shell timeout=360s)
[exp4 d=2] running only idx=7; appending to /home/sasakis/v/tools/n2v/examples/FlowConformal/experiments/exp4_scaling/outputs/exp4_d2_alpha_beta_crown.csv
Loaded 1 instances at depth=2 (width=512)
Tool: αβ-CROWN  timeout=300s
[1/1  t=0s  budget=300s] depth=2 idx=7 C=0.2917
    verdict=UNSAT  wall=8.9s  err=''

=== Sweep complete ===
Wrote /home/sasakis/v/tools/n2v/examples/FlowConformal/experiments/exp4_scaling/outputs/exp4_d2_alpha_beta_crown.csv
Total wall-clock: 0.1 min
Counts: {'UNSAT': 1, 'SAT': 0, 'UNKNOWN': 0, 'ERROR': 0, 'TIMEOUT': 0}
[run_cell    9/  10 t=  105s] idx=8    budget=300s (shell timeout=360s)
[exp4 d=2] running only idx=8; appending to /home/sasakis/v/tools/n2v/examples/FlowConformal/experiments/exp4_scaling/outputs/exp4_d2_alpha_beta_crown.csv
Loaded 1 instances at depth=2 (width=512)
Tool: αβ-CROWN  timeout=300s
[1/1  t=0s  budget=300s] depth=2 idx=8 C=0.3277
    verdict=UNSAT  wall=8.8s  err=''

=== Sweep complete ===
Wrote /home/sasakis/v/tools/n2v/examples/FlowConformal/experiments/exp4_scaling/outputs/exp4_d2_alpha_beta_crown.csv
Total wall-clock: 0.1 min
Counts: {'UNSAT': 1, 'SAT': 0, 'UNKNOWN': 0, 'ERROR': 0, 'TIMEOUT': 0}
[run_cell   10/  10 t=  118s] idx=9    budget=300s (shell timeout=360s)
[exp4 d=2] running only idx=9; appending to /home/sasakis/v/tools/n2v/examples/FlowConformal/experiments/exp4_scaling/outputs/exp4_d2_alpha_beta_crown.csv
Loaded 1 instances at depth=2 (width=512)
Tool: αβ-CROWN  timeout=300s
[1/1  t=0s  budget=300s] depth=2 idx=9 C=0.3300
    verdict=UNSAT  wall=8.9s  err=''

=== Sweep complete ===
Wrote /home/sasakis/v/tools/n2v/examples/FlowConformal/experiments/exp4_scaling/outputs/exp4_d2_alpha_beta_crown.csv
Total wall-clock: 0.1 min
Counts: {'UNSAT': 1, 'SAT': 0, 'UNKNOWN': 0, 'ERROR': 0, 'TIMEOUT': 0}
[run_cell] complete. shell-killed timeouts and exits noted above; CSV row counts in the output file.

[2026-05-03T10:48:32-05:00] === END:   exp4_d2_alpha_beta_crown (rc=0) ===
