[2026-05-03T08:46:23-05:00] === START: exp4_d8_ours ===
[run_cell] exp4_scaling.exp4_run_ours --depth 8: 10 instances
[run_cell    1/  10 t=    0s] idx=0    budget=300s (shell timeout=360s)
[exp4 d=8] running only idx=0; appending to /home/sasakis/v/tools/n2v/examples/FlowConformal/experiments/exp4_scaling/outputs/exp4_d8_ours.csv
Loaded 1 instances at depth=8 (width=512)
Config: {'flow_config': 'base', 'n_train': 10000, 'flow_epochs': 2000, 'scenario_n_samples': 2000, 'alpha': 0.001, 'verification_method': 'amls_bounded', 'amls_max_levels': 30}  SEED=47
Timeout policy: fixed 300s per instance
[1/1  t=0s  budget=300s] depth=8 idx=0 C=0.3236 (emax=0.0000)
    verdict=UNSAT  wall=64.6s

=== Sweep complete ===
Wrote /home/sasakis/v/tools/n2v/examples/FlowConformal/experiments/exp4_scaling/outputs/exp4_d8_ours.csv
Total wall-clock: 1.1 min
Counts: {'UNSAT': 1, 'SAT': 0, 'UNKNOWN': 0, 'SKIPPED': 0, 'ERROR': 0, 'TIMEOUT': 0}
[run_cell    2/  10 t=   70s] idx=1    budget=300s (shell timeout=360s)
[exp4 d=8] running only idx=1; appending to /home/sasakis/v/tools/n2v/examples/FlowConformal/experiments/exp4_scaling/outputs/exp4_d8_ours.csv
Loaded 1 instances at depth=8 (width=512)
Config: {'flow_config': 'base', 'n_train': 10000, 'flow_epochs': 2000, 'scenario_n_samples': 2000, 'alpha': 0.001, 'verification_method': 'amls_bounded', 'amls_max_levels': 30}  SEED=47
Timeout policy: fixed 300s per instance
[1/1  t=0s  budget=300s] depth=8 idx=1 C=0.3236 (emax=-0.0000)
    verdict=UNSAT  wall=65.4s

=== Sweep complete ===
Wrote /home/sasakis/v/tools/n2v/examples/FlowConformal/experiments/exp4_scaling/outputs/exp4_d8_ours.csv
Total wall-clock: 1.1 min
Counts: {'UNSAT': 1, 'SAT': 0, 'UNKNOWN': 0, 'SKIPPED': 0, 'ERROR': 0, 'TIMEOUT': 0}
[run_cell    3/  10 t=  142s] idx=2    budget=300s (shell timeout=360s)
[exp4 d=8] running only idx=2; appending to /home/sasakis/v/tools/n2v/examples/FlowConformal/experiments/exp4_scaling/outputs/exp4_d8_ours.csv
Loaded 1 instances at depth=8 (width=512)
Config: {'flow_config': 'base', 'n_train': 10000, 'flow_epochs': 2000, 'scenario_n_samples': 2000, 'alpha': 0.001, 'verification_method': 'amls_bounded', 'amls_max_levels': 30}  SEED=47
Timeout policy: fixed 300s per instance
[1/1  t=0s  budget=300s] depth=8 idx=2 C=0.3236 (emax=-0.0000)
    verdict=UNSAT  wall=64.5s

=== Sweep complete ===
Wrote /home/sasakis/v/tools/n2v/examples/FlowConformal/experiments/exp4_scaling/outputs/exp4_d8_ours.csv
Total wall-clock: 1.1 min
Counts: {'UNSAT': 1, 'SAT': 0, 'UNKNOWN': 0, 'SKIPPED': 0, 'ERROR': 0, 'TIMEOUT': 0}
[run_cell    4/  10 t=  212s] idx=3    budget=300s (shell timeout=360s)
[exp4 d=8] running only idx=3; appending to /home/sasakis/v/tools/n2v/examples/FlowConformal/experiments/exp4_scaling/outputs/exp4_d8_ours.csv
Loaded 1 instances at depth=8 (width=512)
Config: {'flow_config': 'base', 'n_train': 10000, 'flow_epochs': 2000, 'scenario_n_samples': 2000, 'alpha': 0.001, 'verification_method': 'amls_bounded', 'amls_max_levels': 30}  SEED=47
Timeout policy: fixed 300s per instance
[1/1  t=0s  budget=300s] depth=8 idx=3 C=0.3236 (emax=-0.0000)
    verdict=UNSAT  wall=64.2s

=== Sweep complete ===
Wrote /home/sasakis/v/tools/n2v/examples/FlowConformal/experiments/exp4_scaling/outputs/exp4_d8_ours.csv
Total wall-clock: 1.1 min
Counts: {'UNSAT': 1, 'SAT': 0, 'UNKNOWN': 0, 'SKIPPED': 0, 'ERROR': 0, 'TIMEOUT': 0}
[run_cell    5/  10 t=  284s] idx=4    budget=300s (shell timeout=360s)
[exp4 d=8] running only idx=4; appending to /home/sasakis/v/tools/n2v/examples/FlowConformal/experiments/exp4_scaling/outputs/exp4_d8_ours.csv
Loaded 1 instances at depth=8 (width=512)
Config: {'flow_config': 'base', 'n_train': 10000, 'flow_epochs': 2000, 'scenario_n_samples': 2000, 'alpha': 0.001, 'verification_method': 'amls_bounded', 'amls_max_levels': 30}  SEED=47
Timeout policy: fixed 300s per instance
[1/1  t=0s  budget=300s] depth=8 idx=4 C=0.3236 (emax=-0.0000)
    verdict=UNSAT  wall=69.7s

=== Sweep complete ===
Wrote /home/sasakis/v/tools/n2v/examples/FlowConformal/experiments/exp4_scaling/outputs/exp4_d8_ours.csv
Total wall-clock: 1.2 min
Counts: {'UNSAT': 1, 'SAT': 0, 'UNKNOWN': 0, 'SKIPPED': 0, 'ERROR': 0, 'TIMEOUT': 0}
[run_cell    6/  10 t=  360s] idx=5    budget=300s (shell timeout=360s)
[exp4 d=8] running only idx=5; appending to /home/sasakis/v/tools/n2v/examples/FlowConformal/experiments/exp4_scaling/outputs/exp4_d8_ours.csv
Loaded 1 instances at depth=8 (width=512)
Config: {'flow_config': 'base', 'n_train': 10000, 'flow_epochs': 2000, 'scenario_n_samples': 2000, 'alpha': 0.001, 'verification_method': 'amls_bounded', 'amls_max_levels': 30}  SEED=47
Timeout policy: fixed 300s per instance
[1/1  t=0s  budget=300s] depth=8 idx=5 C=0.3236 (emax=-0.0000)
    verdict=UNSAT  wall=66.8s

=== Sweep complete ===
Wrote /home/sasakis/v/tools/n2v/examples/FlowConformal/experiments/exp4_scaling/outputs/exp4_d8_ours.csv
Total wall-clock: 1.1 min
Counts: {'UNSAT': 1, 'SAT': 0, 'UNKNOWN': 0, 'SKIPPED': 0, 'ERROR': 0, 'TIMEOUT': 0}
[run_cell    7/  10 t=  432s] idx=6    budget=300s (shell timeout=360s)
[exp4 d=8] running only idx=6; appending to /home/sasakis/v/tools/n2v/examples/FlowConformal/experiments/exp4_scaling/outputs/exp4_d8_ours.csv
Loaded 1 instances at depth=8 (width=512)
Config: {'flow_config': 'base', 'n_train': 10000, 'flow_epochs': 2000, 'scenario_n_samples': 2000, 'alpha': 0.001, 'verification_method': 'amls_bounded', 'amls_max_levels': 30}  SEED=47
Timeout policy: fixed 300s per instance
[1/1  t=0s  budget=300s] depth=8 idx=6 C=0.3236 (emax=-0.0000)
    verdict=UNSAT  wall=64.2s

=== Sweep complete ===
Wrote /home/sasakis/v/tools/n2v/examples/FlowConformal/experiments/exp4_scaling/outputs/exp4_d8_ours.csv
Total wall-clock: 1.1 min
Counts: {'UNSAT': 1, 'SAT': 0, 'UNKNOWN': 0, 'SKIPPED': 0, 'ERROR': 0, 'TIMEOUT': 0}
[run_cell    8/  10 t=  502s] idx=7    budget=300s (shell timeout=360s)
[exp4 d=8] running only idx=7; appending to /home/sasakis/v/tools/n2v/examples/FlowConformal/experiments/exp4_scaling/outputs/exp4_d8_ours.csv
Loaded 1 instances at depth=8 (width=512)
Config: {'flow_config': 'base', 'n_train': 10000, 'flow_epochs': 2000, 'scenario_n_samples': 2000, 'alpha': 0.001, 'verification_method': 'amls_bounded', 'amls_max_levels': 30}  SEED=47
Timeout policy: fixed 300s per instance
[1/1  t=0s  budget=300s] depth=8 idx=7 C=0.3235 (emax=-0.0000)
    verdict=UNSAT  wall=65.3s

=== Sweep complete ===
Wrote /home/sasakis/v/tools/n2v/examples/FlowConformal/experiments/exp4_scaling/outputs/exp4_d8_ours.csv
Total wall-clock: 1.1 min
Counts: {'UNSAT': 1, 'SAT': 0, 'UNKNOWN': 0, 'SKIPPED': 0, 'ERROR': 0, 'TIMEOUT': 0}
[run_cell    9/  10 t=  574s] idx=8    budget=300s (shell timeout=360s)
[exp4 d=8] running only idx=8; appending to /home/sasakis/v/tools/n2v/examples/FlowConformal/experiments/exp4_scaling/outputs/exp4_d8_ours.csv
Loaded 1 instances at depth=8 (width=512)
Config: {'flow_config': 'base', 'n_train': 10000, 'flow_epochs': 2000, 'scenario_n_samples': 2000, 'alpha': 0.001, 'verification_method': 'amls_bounded', 'amls_max_levels': 30}  SEED=47
Timeout policy: fixed 300s per instance
[1/1  t=0s  budget=300s] depth=8 idx=8 C=0.3236 (emax=-0.0000)
    verdict=UNSAT  wall=67.5s

=== Sweep complete ===
Wrote /home/sasakis/v/tools/n2v/examples/FlowConformal/experiments/exp4_scaling/outputs/exp4_d8_ours.csv
Total wall-clock: 1.1 min
Counts: {'UNSAT': 1, 'SAT': 0, 'UNKNOWN': 0, 'SKIPPED': 0, 'ERROR': 0, 'TIMEOUT': 0}
[run_cell   10/  10 t=  647s] idx=9    budget=300s (shell timeout=360s)
[exp4 d=8] running only idx=9; appending to /home/sasakis/v/tools/n2v/examples/FlowConformal/experiments/exp4_scaling/outputs/exp4_d8_ours.csv
Loaded 1 instances at depth=8 (width=512)
Config: {'flow_config': 'base', 'n_train': 10000, 'flow_epochs': 2000, 'scenario_n_samples': 2000, 'alpha': 0.001, 'verification_method': 'amls_bounded', 'amls_max_levels': 30}  SEED=47
Timeout policy: fixed 300s per instance
[1/1  t=0s  budget=300s] depth=8 idx=9 C=0.3236 (emax=0.0000)
    verdict=UNSAT  wall=64.6s

=== Sweep complete ===
Wrote /home/sasakis/v/tools/n2v/examples/FlowConformal/experiments/exp4_scaling/outputs/exp4_d8_ours.csv
Total wall-clock: 1.1 min
Counts: {'UNSAT': 1, 'SAT': 0, 'UNKNOWN': 0, 'SKIPPED': 0, 'ERROR': 0, 'TIMEOUT': 0}
[run_cell] complete. shell-killed timeouts and exits noted above; CSV row counts in the output file.

[2026-05-03T08:58:26-05:00] === END:   exp4_d8_ours (rc=0) ===
