[2026-05-03T10:48:32-05:00] === START: exp4_d4_alpha_beta_crown ===
[run_cell] exp4_scaling.exp4_run_alpha_beta_crown --depth 4: 10 instances
[run_cell    1/  10 t=    0s] idx=0    budget=300s (shell timeout=360s)
[exp4 d=4] running only idx=0; appending to /home/sasakis/v/tools/n2v/examples/FlowConformal/experiments/exp4_scaling/outputs/exp4_d4_alpha_beta_crown.csv
Loaded 1 instances at depth=4 (width=512)
Tool: αβ-CROWN  timeout=300s
[1/1  t=0s  budget=300s] depth=4 idx=0 C=0.3218
    verdict=UNSAT  wall=9.3s  err=''

=== Sweep complete ===
Wrote /home/sasakis/v/tools/n2v/examples/FlowConformal/experiments/exp4_scaling/outputs/exp4_d4_alpha_beta_crown.csv
Total wall-clock: 0.2 min
Counts: {'UNSAT': 1, 'SAT': 0, 'UNKNOWN': 0, 'ERROR': 0, 'TIMEOUT': 0}
[run_cell    2/  10 t=   14s] idx=1    budget=300s (shell timeout=360s)
[exp4 d=4] running only idx=1; appending to /home/sasakis/v/tools/n2v/examples/FlowConformal/experiments/exp4_scaling/outputs/exp4_d4_alpha_beta_crown.csv
Loaded 1 instances at depth=4 (width=512)
Tool: αβ-CROWN  timeout=300s
[1/1  t=0s  budget=300s] depth=4 idx=1 C=0.3135
    verdict=UNSAT  wall=9.2s  err=''

=== Sweep complete ===
Wrote /home/sasakis/v/tools/n2v/examples/FlowConformal/experiments/exp4_scaling/outputs/exp4_d4_alpha_beta_crown.csv
Total wall-clock: 0.2 min
Counts: {'UNSAT': 1, 'SAT': 0, 'UNKNOWN': 0, 'ERROR': 0, 'TIMEOUT': 0}
[run_cell    3/  10 t=   27s] idx=2    budget=300s (shell timeout=360s)
[exp4 d=4] running only idx=2; appending to /home/sasakis/v/tools/n2v/examples/FlowConformal/experiments/exp4_scaling/outputs/exp4_d4_alpha_beta_crown.csv
Loaded 1 instances at depth=4 (width=512)
Tool: αβ-CROWN  timeout=300s
[1/1  t=0s  budget=300s] depth=4 idx=2 C=0.3187
    verdict=UNSAT  wall=9.7s  err=''

=== Sweep complete ===
Wrote /home/sasakis/v/tools/n2v/examples/FlowConformal/experiments/exp4_scaling/outputs/exp4_d4_alpha_beta_crown.csv
Total wall-clock: 0.2 min
Counts: {'UNSAT': 1, 'SAT': 0, 'UNKNOWN': 0, 'ERROR': 0, 'TIMEOUT': 0}
[run_cell    4/  10 t=   41s] idx=3    budget=300s (shell timeout=360s)
[exp4 d=4] running only idx=3; appending to /home/sasakis/v/tools/n2v/examples/FlowConformal/experiments/exp4_scaling/outputs/exp4_d4_alpha_beta_crown.csv
Loaded 1 instances at depth=4 (width=512)
Tool: αβ-CROWN  timeout=300s
[1/1  t=0s  budget=300s] depth=4 idx=3 C=0.3152
    verdict=UNSAT  wall=9.5s  err=''

=== Sweep complete ===
Wrote /home/sasakis/v/tools/n2v/examples/FlowConformal/experiments/exp4_scaling/outputs/exp4_d4_alpha_beta_crown.csv
Total wall-clock: 0.2 min
Counts: {'UNSAT': 1, 'SAT': 0, 'UNKNOWN': 0, 'ERROR': 0, 'TIMEOUT': 0}
[run_cell    5/  10 t=   55s] idx=4    budget=300s (shell timeout=360s)
[exp4 d=4] running only idx=4; appending to /home/sasakis/v/tools/n2v/examples/FlowConformal/experiments/exp4_scaling/outputs/exp4_d4_alpha_beta_crown.csv
Loaded 1 instances at depth=4 (width=512)
Tool: αβ-CROWN  timeout=300s
[1/1  t=0s  budget=300s] depth=4 idx=4 C=0.3189
    verdict=UNSAT  wall=9.3s  err=''

=== Sweep complete ===
Wrote /home/sasakis/v/tools/n2v/examples/FlowConformal/experiments/exp4_scaling/outputs/exp4_d4_alpha_beta_crown.csv
Total wall-clock: 0.2 min
Counts: {'UNSAT': 1, 'SAT': 0, 'UNKNOWN': 0, 'ERROR': 0, 'TIMEOUT': 0}
[run_cell    6/  10 t=   68s] idx=5    budget=300s (shell timeout=360s)
[exp4 d=4] running only idx=5; appending to /home/sasakis/v/tools/n2v/examples/FlowConformal/experiments/exp4_scaling/outputs/exp4_d4_alpha_beta_crown.csv
Loaded 1 instances at depth=4 (width=512)
Tool: αβ-CROWN  timeout=300s
[1/1  t=0s  budget=300s] depth=4 idx=5 C=0.3193
    verdict=UNSAT  wall=9.3s  err=''

=== Sweep complete ===
Wrote /home/sasakis/v/tools/n2v/examples/FlowConformal/experiments/exp4_scaling/outputs/exp4_d4_alpha_beta_crown.csv
Total wall-clock: 0.2 min
Counts: {'UNSAT': 1, 'SAT': 0, 'UNKNOWN': 0, 'ERROR': 0, 'TIMEOUT': 0}
[run_cell    7/  10 t=   82s] idx=6    budget=300s (shell timeout=360s)
[exp4 d=4] running only idx=6; appending to /home/sasakis/v/tools/n2v/examples/FlowConformal/experiments/exp4_scaling/outputs/exp4_d4_alpha_beta_crown.csv
Loaded 1 instances at depth=4 (width=512)
Tool: αβ-CROWN  timeout=300s
[1/1  t=0s  budget=300s] depth=4 idx=6 C=0.3214
    verdict=UNSAT  wall=9.2s  err=''

=== Sweep complete ===
Wrote /home/sasakis/v/tools/n2v/examples/FlowConformal/experiments/exp4_scaling/outputs/exp4_d4_alpha_beta_crown.csv
Total wall-clock: 0.2 min
Counts: {'UNSAT': 1, 'SAT': 0, 'UNKNOWN': 0, 'ERROR': 0, 'TIMEOUT': 0}
[run_cell    8/  10 t=   95s] idx=7    budget=300s (shell timeout=360s)
[exp4 d=4] running only idx=7; appending to /home/sasakis/v/tools/n2v/examples/FlowConformal/experiments/exp4_scaling/outputs/exp4_d4_alpha_beta_crown.csv
Loaded 1 instances at depth=4 (width=512)
Tool: αβ-CROWN  timeout=300s
[1/1  t=0s  budget=300s] depth=4 idx=7 C=0.3215
    verdict=UNSAT  wall=9.2s  err=''

=== Sweep complete ===
Wrote /home/sasakis/v/tools/n2v/examples/FlowConformal/experiments/exp4_scaling/outputs/exp4_d4_alpha_beta_crown.csv
Total wall-clock: 0.2 min
Counts: {'UNSAT': 1, 'SAT': 0, 'UNKNOWN': 0, 'ERROR': 0, 'TIMEOUT': 0}
[run_cell    9/  10 t=  109s] idx=8    budget=300s (shell timeout=360s)
[exp4 d=4] running only idx=8; appending to /home/sasakis/v/tools/n2v/examples/FlowConformal/experiments/exp4_scaling/outputs/exp4_d4_alpha_beta_crown.csv
Loaded 1 instances at depth=4 (width=512)
Tool: αβ-CROWN  timeout=300s
[1/1  t=0s  budget=300s] depth=4 idx=8 C=0.3220
    verdict=UNSAT  wall=9.6s  err=''

=== Sweep complete ===
Wrote /home/sasakis/v/tools/n2v/examples/FlowConformal/experiments/exp4_scaling/outputs/exp4_d4_alpha_beta_crown.csv
Total wall-clock: 0.2 min
Counts: {'UNSAT': 1, 'SAT': 0, 'UNKNOWN': 0, 'ERROR': 0, 'TIMEOUT': 0}
[run_cell   10/  10 t=  123s] idx=9    budget=300s (shell timeout=360s)
[exp4 d=4] running only idx=9; appending to /home/sasakis/v/tools/n2v/examples/FlowConformal/experiments/exp4_scaling/outputs/exp4_d4_alpha_beta_crown.csv
Loaded 1 instances at depth=4 (width=512)
Tool: αβ-CROWN  timeout=300s
[1/1  t=0s  budget=300s] depth=4 idx=9 C=0.3207
    verdict=UNSAT  wall=9.3s  err=''

=== Sweep complete ===
Wrote /home/sasakis/v/tools/n2v/examples/FlowConformal/experiments/exp4_scaling/outputs/exp4_d4_alpha_beta_crown.csv
Total wall-clock: 0.2 min
Counts: {'UNSAT': 1, 'SAT': 0, 'UNKNOWN': 0, 'ERROR': 0, 'TIMEOUT': 0}
[run_cell] complete. shell-killed timeouts and exits noted above; CSV row counts in the output file.

[2026-05-03T10:50:52-05:00] === END:   exp4_d4_alpha_beta_crown (rc=0) ===
