[2026-05-03T10:50:52-05:00] === START: exp4_d8_alpha_beta_crown ===
[run_cell] exp4_scaling.exp4_run_alpha_beta_crown --depth 8: 10 instances
[run_cell    1/  10 t=    0s] idx=0    budget=300s (shell timeout=360s)
[exp4 d=8] running only idx=0; appending to /home/sasakis/v/tools/n2v/examples/FlowConformal/experiments/exp4_scaling/outputs/exp4_d8_alpha_beta_crown.csv
Loaded 1 instances at depth=8 (width=512)
Tool: αβ-CROWN  timeout=300s
[1/1  t=0s  budget=300s] depth=8 idx=0 C=0.3236
    verdict=UNSAT  wall=11.1s  err=''

=== Sweep complete ===
Wrote /home/sasakis/v/tools/n2v/examples/FlowConformal/experiments/exp4_scaling/outputs/exp4_d8_alpha_beta_crown.csv
Total wall-clock: 0.2 min
Counts: {'UNSAT': 1, 'SAT': 0, 'UNKNOWN': 0, 'ERROR': 0, 'TIMEOUT': 0}
[run_cell    2/  10 t=   15s] idx=1    budget=300s (shell timeout=360s)
[exp4 d=8] running only idx=1; appending to /home/sasakis/v/tools/n2v/examples/FlowConformal/experiments/exp4_scaling/outputs/exp4_d8_alpha_beta_crown.csv
Loaded 1 instances at depth=8 (width=512)
Tool: αβ-CROWN  timeout=300s
[1/1  t=0s  budget=300s] depth=8 idx=1 C=0.3236
    verdict=UNSAT  wall=10.1s  err=''

=== Sweep complete ===
Wrote /home/sasakis/v/tools/n2v/examples/FlowConformal/experiments/exp4_scaling/outputs/exp4_d8_alpha_beta_crown.csv
Total wall-clock: 0.2 min
Counts: {'UNSAT': 1, 'SAT': 0, 'UNKNOWN': 0, 'ERROR': 0, 'TIMEOUT': 0}
[run_cell    3/  10 t=   30s] idx=2    budget=300s (shell timeout=360s)
[exp4 d=8] running only idx=2; appending to /home/sasakis/v/tools/n2v/examples/FlowConformal/experiments/exp4_scaling/outputs/exp4_d8_alpha_beta_crown.csv
Loaded 1 instances at depth=8 (width=512)
Tool: αβ-CROWN  timeout=300s
[1/1  t=0s  budget=300s] depth=8 idx=2 C=0.3236
    verdict=UNSAT  wall=9.9s  err=''

=== Sweep complete ===
Wrote /home/sasakis/v/tools/n2v/examples/FlowConformal/experiments/exp4_scaling/outputs/exp4_d8_alpha_beta_crown.csv
Total wall-clock: 0.2 min
Counts: {'UNSAT': 1, 'SAT': 0, 'UNKNOWN': 0, 'ERROR': 0, 'TIMEOUT': 0}
[run_cell    4/  10 t=   45s] idx=3    budget=300s (shell timeout=360s)
[exp4 d=8] running only idx=3; appending to /home/sasakis/v/tools/n2v/examples/FlowConformal/experiments/exp4_scaling/outputs/exp4_d8_alpha_beta_crown.csv
Loaded 1 instances at depth=8 (width=512)
Tool: αβ-CROWN  timeout=300s
[1/1  t=0s  budget=300s] depth=8 idx=3 C=0.3236
    verdict=UNSAT  wall=10.2s  err=''

=== Sweep complete ===
Wrote /home/sasakis/v/tools/n2v/examples/FlowConformal/experiments/exp4_scaling/outputs/exp4_d8_alpha_beta_crown.csv
Total wall-clock: 0.2 min
Counts: {'UNSAT': 1, 'SAT': 0, 'UNKNOWN': 0, 'ERROR': 0, 'TIMEOUT': 0}
[run_cell    5/  10 t=   60s] idx=4    budget=300s (shell timeout=360s)
[exp4 d=8] running only idx=4; appending to /home/sasakis/v/tools/n2v/examples/FlowConformal/experiments/exp4_scaling/outputs/exp4_d8_alpha_beta_crown.csv
Loaded 1 instances at depth=8 (width=512)
Tool: αβ-CROWN  timeout=300s
[1/1  t=0s  budget=300s] depth=8 idx=4 C=0.3236
    verdict=UNSAT  wall=10.4s  err=''

=== Sweep complete ===
Wrote /home/sasakis/v/tools/n2v/examples/FlowConformal/experiments/exp4_scaling/outputs/exp4_d8_alpha_beta_crown.csv
Total wall-clock: 0.2 min
Counts: {'UNSAT': 1, 'SAT': 0, 'UNKNOWN': 0, 'ERROR': 0, 'TIMEOUT': 0}
[run_cell    6/  10 t=   75s] idx=5    budget=300s (shell timeout=360s)
[exp4 d=8] running only idx=5; appending to /home/sasakis/v/tools/n2v/examples/FlowConformal/experiments/exp4_scaling/outputs/exp4_d8_alpha_beta_crown.csv
Loaded 1 instances at depth=8 (width=512)
Tool: αβ-CROWN  timeout=300s
[1/1  t=0s  budget=300s] depth=8 idx=5 C=0.3236
    verdict=UNSAT  wall=9.6s  err=''

=== Sweep complete ===
Wrote /home/sasakis/v/tools/n2v/examples/FlowConformal/experiments/exp4_scaling/outputs/exp4_d8_alpha_beta_crown.csv
Total wall-clock: 0.2 min
Counts: {'UNSAT': 1, 'SAT': 0, 'UNKNOWN': 0, 'ERROR': 0, 'TIMEOUT': 0}
[run_cell    7/  10 t=   89s] idx=6    budget=300s (shell timeout=360s)
[exp4 d=8] running only idx=6; appending to /home/sasakis/v/tools/n2v/examples/FlowConformal/experiments/exp4_scaling/outputs/exp4_d8_alpha_beta_crown.csv
Loaded 1 instances at depth=8 (width=512)
Tool: αβ-CROWN  timeout=300s
[1/1  t=0s  budget=300s] depth=8 idx=6 C=0.3236
    verdict=UNSAT  wall=10.1s  err=''

=== Sweep complete ===
Wrote /home/sasakis/v/tools/n2v/examples/FlowConformal/experiments/exp4_scaling/outputs/exp4_d8_alpha_beta_crown.csv
Total wall-clock: 0.2 min
Counts: {'UNSAT': 1, 'SAT': 0, 'UNKNOWN': 0, 'ERROR': 0, 'TIMEOUT': 0}
[run_cell    8/  10 t=  104s] idx=7    budget=300s (shell timeout=360s)
[exp4 d=8] running only idx=7; appending to /home/sasakis/v/tools/n2v/examples/FlowConformal/experiments/exp4_scaling/outputs/exp4_d8_alpha_beta_crown.csv
Loaded 1 instances at depth=8 (width=512)
Tool: αβ-CROWN  timeout=300s
[1/1  t=0s  budget=300s] depth=8 idx=7 C=0.3235
    verdict=UNSAT  wall=9.6s  err=''

=== Sweep complete ===
Wrote /home/sasakis/v/tools/n2v/examples/FlowConformal/experiments/exp4_scaling/outputs/exp4_d8_alpha_beta_crown.csv
Total wall-clock: 0.2 min
Counts: {'UNSAT': 1, 'SAT': 0, 'UNKNOWN': 0, 'ERROR': 0, 'TIMEOUT': 0}
[run_cell    9/  10 t=  118s] idx=8    budget=300s (shell timeout=360s)
[exp4 d=8] running only idx=8; appending to /home/sasakis/v/tools/n2v/examples/FlowConformal/experiments/exp4_scaling/outputs/exp4_d8_alpha_beta_crown.csv
Loaded 1 instances at depth=8 (width=512)
Tool: αβ-CROWN  timeout=300s
[1/1  t=0s  budget=300s] depth=8 idx=8 C=0.3236
    verdict=UNSAT  wall=10.3s  err=''

=== Sweep complete ===
Wrote /home/sasakis/v/tools/n2v/examples/FlowConformal/experiments/exp4_scaling/outputs/exp4_d8_alpha_beta_crown.csv
Total wall-clock: 0.2 min
Counts: {'UNSAT': 1, 'SAT': 0, 'UNKNOWN': 0, 'ERROR': 0, 'TIMEOUT': 0}
[run_cell   10/  10 t=  133s] idx=9    budget=300s (shell timeout=360s)
[exp4 d=8] running only idx=9; appending to /home/sasakis/v/tools/n2v/examples/FlowConformal/experiments/exp4_scaling/outputs/exp4_d8_alpha_beta_crown.csv
Loaded 1 instances at depth=8 (width=512)
Tool: αβ-CROWN  timeout=300s
[1/1  t=0s  budget=300s] depth=8 idx=9 C=0.3236
    verdict=UNSAT  wall=9.6s  err=''

=== Sweep complete ===
Wrote /home/sasakis/v/tools/n2v/examples/FlowConformal/experiments/exp4_scaling/outputs/exp4_d8_alpha_beta_crown.csv
Total wall-clock: 0.2 min
Counts: {'UNSAT': 1, 'SAT': 0, 'UNKNOWN': 0, 'ERROR': 0, 'TIMEOUT': 0}
[run_cell] complete. shell-killed timeouts and exits noted above; CSV row counts in the output file.

[2026-05-03T10:53:24-05:00] === END:   exp4_d8_alpha_beta_crown (rc=0) ===
