[2026-05-03T09:48:07-05:00] === START: exp4_d2_hashemi_clipping ===
[run_cell] exp4_scaling.exp4_run_hashemi_clipping --depth 2: 10 instances
[run_cell    1/  10 t=    0s] idx=0    budget=300s (shell timeout=360s)
[exp4 d=2] running only idx=0; appending to /home/sasakis/v/tools/n2v/examples/FlowConformal/experiments/exp4_scaling/outputs/exp4_d2_hashemi_clipping.csv
Loaded 1 instances at depth=2 (width=512)
Tool: Hashemi-clipping  m=8000  epsilon=0.001  SEED=47  timeout=300s
[1/1  t=0s  budget=300s] depth=2 idx=0 C=0.3123
    verdict=UNSAT  wall=46.8s

=== Sweep complete ===
Wrote /home/sasakis/v/tools/n2v/examples/FlowConformal/experiments/exp4_scaling/outputs/exp4_d2_hashemi_clipping.csv
Total wall-clock: 0.8 min
Counts: {'UNSAT': 1, 'SAT': 0, 'UNKNOWN': 0, 'ERROR': 0, 'TIMEOUT': 0}
[run_cell    2/  10 t=   51s] idx=1    budget=300s (shell timeout=360s)
[exp4 d=2] running only idx=1; appending to /home/sasakis/v/tools/n2v/examples/FlowConformal/experiments/exp4_scaling/outputs/exp4_d2_hashemi_clipping.csv
Loaded 1 instances at depth=2 (width=512)
Tool: Hashemi-clipping  m=8000  epsilon=0.001  SEED=47  timeout=300s
[1/1  t=0s  budget=300s] depth=2 idx=1 C=0.3199
    verdict=UNSAT  wall=43.3s

=== Sweep complete ===
Wrote /home/sasakis/v/tools/n2v/examples/FlowConformal/experiments/exp4_scaling/outputs/exp4_d2_hashemi_clipping.csv
Total wall-clock: 0.7 min
Counts: {'UNSAT': 1, 'SAT': 0, 'UNKNOWN': 0, 'ERROR': 0, 'TIMEOUT': 0}
[run_cell    3/  10 t=   98s] idx=2    budget=300s (shell timeout=360s)
[exp4 d=2] running only idx=2; appending to /home/sasakis/v/tools/n2v/examples/FlowConformal/experiments/exp4_scaling/outputs/exp4_d2_hashemi_clipping.csv
Loaded 1 instances at depth=2 (width=512)
Tool: Hashemi-clipping  m=8000  epsilon=0.001  SEED=47  timeout=300s
[1/1  t=0s  budget=300s] depth=2 idx=2 C=0.3123
    verdict=UNSAT  wall=46.6s

=== Sweep complete ===
Wrote /home/sasakis/v/tools/n2v/examples/FlowConformal/experiments/exp4_scaling/outputs/exp4_d2_hashemi_clipping.csv
Total wall-clock: 0.8 min
Counts: {'UNSAT': 1, 'SAT': 0, 'UNKNOWN': 0, 'ERROR': 0, 'TIMEOUT': 0}
[run_cell    4/  10 t=  149s] idx=3    budget=300s (shell timeout=360s)
[exp4 d=2] running only idx=3; appending to /home/sasakis/v/tools/n2v/examples/FlowConformal/experiments/exp4_scaling/outputs/exp4_d2_hashemi_clipping.csv
Loaded 1 instances at depth=2 (width=512)
Tool: Hashemi-clipping  m=8000  epsilon=0.001  SEED=47  timeout=300s
[1/1  t=0s  budget=300s] depth=2 idx=3 C=0.3002
    verdict=UNSAT  wall=49.9s

=== Sweep complete ===
Wrote /home/sasakis/v/tools/n2v/examples/FlowConformal/experiments/exp4_scaling/outputs/exp4_d2_hashemi_clipping.csv
Total wall-clock: 0.8 min
Counts: {'UNSAT': 1, 'SAT': 0, 'UNKNOWN': 0, 'ERROR': 0, 'TIMEOUT': 0}
[run_cell    5/  10 t=  203s] idx=4    budget=300s (shell timeout=360s)
[exp4 d=2] running only idx=4; appending to /home/sasakis/v/tools/n2v/examples/FlowConformal/experiments/exp4_scaling/outputs/exp4_d2_hashemi_clipping.csv
Loaded 1 instances at depth=2 (width=512)
Tool: Hashemi-clipping  m=8000  epsilon=0.001  SEED=47  timeout=300s
[1/1  t=0s  budget=300s] depth=2 idx=4 C=0.2915
    verdict=UNSAT  wall=43.9s

=== Sweep complete ===
Wrote /home/sasakis/v/tools/n2v/examples/FlowConformal/experiments/exp4_scaling/outputs/exp4_d2_hashemi_clipping.csv
Total wall-clock: 0.7 min
Counts: {'UNSAT': 1, 'SAT': 0, 'UNKNOWN': 0, 'ERROR': 0, 'TIMEOUT': 0}
[run_cell    6/  10 t=  251s] idx=5    budget=300s (shell timeout=360s)
[exp4 d=2] running only idx=5; appending to /home/sasakis/v/tools/n2v/examples/FlowConformal/experiments/exp4_scaling/outputs/exp4_d2_hashemi_clipping.csv
Loaded 1 instances at depth=2 (width=512)
Tool: Hashemi-clipping  m=8000  epsilon=0.001  SEED=47  timeout=300s
[1/1  t=0s  budget=300s] depth=2 idx=5 C=0.3261
    verdict=UNSAT  wall=50.0s

=== Sweep complete ===
Wrote /home/sasakis/v/tools/n2v/examples/FlowConformal/experiments/exp4_scaling/outputs/exp4_d2_hashemi_clipping.csv
Total wall-clock: 0.8 min
Counts: {'UNSAT': 1, 'SAT': 0, 'UNKNOWN': 0, 'ERROR': 0, 'TIMEOUT': 0}
[run_cell    7/  10 t=  305s] idx=6    budget=300s (shell timeout=360s)
[exp4 d=2] running only idx=6; appending to /home/sasakis/v/tools/n2v/examples/FlowConformal/experiments/exp4_scaling/outputs/exp4_d2_hashemi_clipping.csv
Loaded 1 instances at depth=2 (width=512)
Tool: Hashemi-clipping  m=8000  epsilon=0.001  SEED=47  timeout=300s
[1/1  t=0s  budget=300s] depth=2 idx=6 C=0.3115
    verdict=UNSAT  wall=47.1s

=== Sweep complete ===
Wrote /home/sasakis/v/tools/n2v/examples/FlowConformal/experiments/exp4_scaling/outputs/exp4_d2_hashemi_clipping.csv
Total wall-clock: 0.8 min
Counts: {'UNSAT': 1, 'SAT': 0, 'UNKNOWN': 0, 'ERROR': 0, 'TIMEOUT': 0}
[run_cell    8/  10 t=  356s] idx=7    budget=300s (shell timeout=360s)
[exp4 d=2] running only idx=7; appending to /home/sasakis/v/tools/n2v/examples/FlowConformal/experiments/exp4_scaling/outputs/exp4_d2_hashemi_clipping.csv
Loaded 1 instances at depth=2 (width=512)
Tool: Hashemi-clipping  m=8000  epsilon=0.001  SEED=47  timeout=300s
[1/1  t=0s  budget=300s] depth=2 idx=7 C=0.2917
    verdict=UNSAT  wall=47.0s

=== Sweep complete ===
Wrote /home/sasakis/v/tools/n2v/examples/FlowConformal/experiments/exp4_scaling/outputs/exp4_d2_hashemi_clipping.csv
Total wall-clock: 0.8 min
Counts: {'UNSAT': 1, 'SAT': 0, 'UNKNOWN': 0, 'ERROR': 0, 'TIMEOUT': 0}
[run_cell    9/  10 t=  407s] idx=8    budget=300s (shell timeout=360s)
[exp4 d=2] running only idx=8; appending to /home/sasakis/v/tools/n2v/examples/FlowConformal/experiments/exp4_scaling/outputs/exp4_d2_hashemi_clipping.csv
Loaded 1 instances at depth=2 (width=512)
Tool: Hashemi-clipping  m=8000  epsilon=0.001  SEED=47  timeout=300s
[1/1  t=0s  budget=300s] depth=2 idx=8 C=0.3277
    verdict=UNSAT  wall=46.4s

=== Sweep complete ===
Wrote /home/sasakis/v/tools/n2v/examples/FlowConformal/experiments/exp4_scaling/outputs/exp4_d2_hashemi_clipping.csv
Total wall-clock: 0.8 min
Counts: {'UNSAT': 1, 'SAT': 0, 'UNKNOWN': 0, 'ERROR': 0, 'TIMEOUT': 0}
[run_cell   10/  10 t=  458s] idx=9    budget=300s (shell timeout=360s)
[exp4 d=2] running only idx=9; appending to /home/sasakis/v/tools/n2v/examples/FlowConformal/experiments/exp4_scaling/outputs/exp4_d2_hashemi_clipping.csv
Loaded 1 instances at depth=2 (width=512)
Tool: Hashemi-clipping  m=8000  epsilon=0.001  SEED=47  timeout=300s
[1/1  t=0s  budget=300s] depth=2 idx=9 C=0.3300
    verdict=UNSAT  wall=43.2s

=== Sweep complete ===
Wrote /home/sasakis/v/tools/n2v/examples/FlowConformal/experiments/exp4_scaling/outputs/exp4_d2_hashemi_clipping.csv
Total wall-clock: 0.7 min
Counts: {'UNSAT': 1, 'SAT': 0, 'UNKNOWN': 0, 'ERROR': 0, 'TIMEOUT': 0}
[run_cell] complete. shell-killed timeouts and exits noted above; CSV row counts in the output file.

[2026-05-03T09:56:36-05:00] === END:   exp4_d2_hashemi_clipping (rc=0) ===
