[2026-05-03T10:58:42-05:00] === START: exp4_d24_alpha_beta_crown ===
[run_cell] exp4_scaling.exp4_run_alpha_beta_crown --depth 24: 10 instances
[run_cell    1/  10 t=    0s] idx=0    budget=300s (shell timeout=360s)
[exp4 d=24] running only idx=0; appending to /home/sasakis/v/tools/n2v/examples/FlowConformal/experiments/exp4_scaling/outputs/exp4_d24_alpha_beta_crown.csv
Loaded 1 instances at depth=24 (width=512)
Tool: αβ-CROWN  timeout=300s
[1/1  t=0s  budget=300s] depth=24 idx=0 C=0.3236
    verdict=TIMEOUT  wall=329.0s  err=''

=== Sweep complete ===
Wrote /home/sasakis/v/tools/n2v/examples/FlowConformal/experiments/exp4_scaling/outputs/exp4_d24_alpha_beta_crown.csv
Total wall-clock: 5.5 min
Counts: {'UNSAT': 0, 'SAT': 0, 'UNKNOWN': 0, 'ERROR': 0, 'TIMEOUT': 1}
[run_cell    2/  10 t=  335s] idx=1    budget=300s (shell timeout=360s)
[exp4 d=24] running only idx=1; appending to /home/sasakis/v/tools/n2v/examples/FlowConformal/experiments/exp4_scaling/outputs/exp4_d24_alpha_beta_crown.csv
Loaded 1 instances at depth=24 (width=512)
Tool: αβ-CROWN  timeout=300s
[1/1  t=0s  budget=300s] depth=24 idx=1 C=0.3236
    verdict=TIMEOUT  wall=331.4s  err=''

=== Sweep complete ===
Wrote /home/sasakis/v/tools/n2v/examples/FlowConformal/experiments/exp4_scaling/outputs/exp4_d24_alpha_beta_crown.csv
Total wall-clock: 5.5 min
Counts: {'UNSAT': 0, 'SAT': 0, 'UNKNOWN': 0, 'ERROR': 0, 'TIMEOUT': 1}
[run_cell    3/  10 t=  673s] idx=2    budget=300s (shell timeout=360s)
[exp4 d=24] running only idx=2; appending to /home/sasakis/v/tools/n2v/examples/FlowConformal/experiments/exp4_scaling/outputs/exp4_d24_alpha_beta_crown.csv
Loaded 1 instances at depth=24 (width=512)
Tool: αβ-CROWN  timeout=300s
[1/1  t=0s  budget=300s] depth=24 idx=2 C=0.3236
    verdict=TIMEOUT  wall=330.2s  err=''

=== Sweep complete ===
Wrote /home/sasakis/v/tools/n2v/examples/FlowConformal/experiments/exp4_scaling/outputs/exp4_d24_alpha_beta_crown.csv
Total wall-clock: 5.5 min
Counts: {'UNSAT': 0, 'SAT': 0, 'UNKNOWN': 0, 'ERROR': 0, 'TIMEOUT': 1}
[run_cell    4/  10 t= 1009s] idx=3    budget=300s (shell timeout=360s)
[exp4 d=24] running only idx=3; appending to /home/sasakis/v/tools/n2v/examples/FlowConformal/experiments/exp4_scaling/outputs/exp4_d24_alpha_beta_crown.csv
Loaded 1 instances at depth=24 (width=512)
Tool: αβ-CROWN  timeout=300s
[1/1  t=0s  budget=300s] depth=24 idx=3 C=0.3236
    verdict=TIMEOUT  wall=330.3s  err=''

=== Sweep complete ===
Wrote /home/sasakis/v/tools/n2v/examples/FlowConformal/experiments/exp4_scaling/outputs/exp4_d24_alpha_beta_crown.csv
Total wall-clock: 5.5 min
Counts: {'UNSAT': 0, 'SAT': 0, 'UNKNOWN': 0, 'ERROR': 0, 'TIMEOUT': 1}
[run_cell    5/  10 t= 1346s] idx=4    budget=300s (shell timeout=360s)
[exp4 d=24] running only idx=4; appending to /home/sasakis/v/tools/n2v/examples/FlowConformal/experiments/exp4_scaling/outputs/exp4_d24_alpha_beta_crown.csv
Loaded 1 instances at depth=24 (width=512)
Tool: αβ-CROWN  timeout=300s
[1/1  t=0s  budget=300s] depth=24 idx=4 C=0.3236
    verdict=TIMEOUT  wall=330.3s  err=''

=== Sweep complete ===
Wrote /home/sasakis/v/tools/n2v/examples/FlowConformal/experiments/exp4_scaling/outputs/exp4_d24_alpha_beta_crown.csv
Total wall-clock: 5.5 min
Counts: {'UNSAT': 0, 'SAT': 0, 'UNKNOWN': 0, 'ERROR': 0, 'TIMEOUT': 1}
[run_cell    6/  10 t= 1682s] idx=5    budget=300s (shell timeout=360s)
[exp4 d=24] running only idx=5; appending to /home/sasakis/v/tools/n2v/examples/FlowConformal/experiments/exp4_scaling/outputs/exp4_d24_alpha_beta_crown.csv
Loaded 1 instances at depth=24 (width=512)
Tool: αβ-CROWN  timeout=300s
[1/1  t=0s  budget=300s] depth=24 idx=5 C=0.3236
    verdict=TIMEOUT  wall=330.4s  err=''

=== Sweep complete ===
Wrote /home/sasakis/v/tools/n2v/examples/FlowConformal/experiments/exp4_scaling/outputs/exp4_d24_alpha_beta_crown.csv
Total wall-clock: 5.5 min
Counts: {'UNSAT': 0, 'SAT': 0, 'UNKNOWN': 0, 'ERROR': 0, 'TIMEOUT': 1}
[run_cell    7/  10 t= 2019s] idx=6    budget=300s (shell timeout=360s)
[exp4 d=24] running only idx=6; appending to /home/sasakis/v/tools/n2v/examples/FlowConformal/experiments/exp4_scaling/outputs/exp4_d24_alpha_beta_crown.csv
Loaded 1 instances at depth=24 (width=512)
Tool: αβ-CROWN  timeout=300s
[1/1  t=0s  budget=300s] depth=24 idx=6 C=0.3236
    verdict=TIMEOUT  wall=329.7s  err=''

=== Sweep complete ===
Wrote /home/sasakis/v/tools/n2v/examples/FlowConformal/experiments/exp4_scaling/outputs/exp4_d24_alpha_beta_crown.csv
Total wall-clock: 5.5 min
Counts: {'UNSAT': 0, 'SAT': 0, 'UNKNOWN': 0, 'ERROR': 0, 'TIMEOUT': 1}
[run_cell    8/  10 t= 2355s] idx=7    budget=300s (shell timeout=360s)
[exp4 d=24] running only idx=7; appending to /home/sasakis/v/tools/n2v/examples/FlowConformal/experiments/exp4_scaling/outputs/exp4_d24_alpha_beta_crown.csv
Loaded 1 instances at depth=24 (width=512)
Tool: αβ-CROWN  timeout=300s
[1/1  t=0s  budget=300s] depth=24 idx=7 C=0.3236
    verdict=UNSAT  wall=231.5s  err=''

=== Sweep complete ===
Wrote /home/sasakis/v/tools/n2v/examples/FlowConformal/experiments/exp4_scaling/outputs/exp4_d24_alpha_beta_crown.csv
Total wall-clock: 3.9 min
Counts: {'UNSAT': 1, 'SAT': 0, 'UNKNOWN': 0, 'ERROR': 0, 'TIMEOUT': 0}
[run_cell    9/  10 t= 2593s] idx=8    budget=300s (shell timeout=360s)
[exp4 d=24] running only idx=8; appending to /home/sasakis/v/tools/n2v/examples/FlowConformal/experiments/exp4_scaling/outputs/exp4_d24_alpha_beta_crown.csv
Loaded 1 instances at depth=24 (width=512)
Tool: αβ-CROWN  timeout=300s
[1/1  t=0s  budget=300s] depth=24 idx=8 C=0.3236
    verdict=UNSAT  wall=219.2s  err=''

=== Sweep complete ===
Wrote /home/sasakis/v/tools/n2v/examples/FlowConformal/experiments/exp4_scaling/outputs/exp4_d24_alpha_beta_crown.csv
Total wall-clock: 3.7 min
Counts: {'UNSAT': 1, 'SAT': 0, 'UNKNOWN': 0, 'ERROR': 0, 'TIMEOUT': 0}
[run_cell   10/  10 t= 2818s] idx=9    budget=300s (shell timeout=360s)
[exp4 d=24] running only idx=9; appending to /home/sasakis/v/tools/n2v/examples/FlowConformal/experiments/exp4_scaling/outputs/exp4_d24_alpha_beta_crown.csv
Loaded 1 instances at depth=24 (width=512)
Tool: αβ-CROWN  timeout=300s
[1/1  t=0s  budget=300s] depth=24 idx=9 C=0.3236
    verdict=TIMEOUT  wall=323.1s  err=''

=== Sweep complete ===
Wrote /home/sasakis/v/tools/n2v/examples/FlowConformal/experiments/exp4_scaling/outputs/exp4_d24_alpha_beta_crown.csv
Total wall-clock: 5.4 min
Counts: {'UNSAT': 0, 'SAT': 0, 'UNKNOWN': 0, 'ERROR': 0, 'TIMEOUT': 1}
[run_cell] complete. shell-killed timeouts and exits noted above; CSV row counts in the output file.

[2026-05-03T11:51:16-05:00] === END:   exp4_d24_alpha_beta_crown (rc=0) ===
