[2026-05-03T10:38:31-05:00] === START: exp4_d40_hashemi_clipping ===
[run_cell] exp4_scaling.exp4_run_hashemi_clipping --depth 40: 10 instances
[run_cell    1/  10 t=    0s] idx=0    budget=300s (shell timeout=360s)
[exp4 d=40] running only idx=0; appending to /home/sasakis/v/tools/n2v/examples/FlowConformal/experiments/exp4_scaling/outputs/exp4_d40_hashemi_clipping.csv
Loaded 1 instances at depth=40 (width=512)
Tool: Hashemi-clipping  m=8000  epsilon=0.001  SEED=47  timeout=300s
[1/1  t=0s  budget=300s] depth=40 idx=0 C=0.3236
    verdict=UNSAT  wall=38.3s

=== Sweep complete ===
Wrote /home/sasakis/v/tools/n2v/examples/FlowConformal/experiments/exp4_scaling/outputs/exp4_d40_hashemi_clipping.csv
Total wall-clock: 0.6 min
Counts: {'UNSAT': 1, 'SAT': 0, 'UNKNOWN': 0, 'ERROR': 0, 'TIMEOUT': 0}
[run_cell    2/  10 t=   46s] idx=1    budget=300s (shell timeout=360s)
[exp4 d=40] running only idx=1; appending to /home/sasakis/v/tools/n2v/examples/FlowConformal/experiments/exp4_scaling/outputs/exp4_d40_hashemi_clipping.csv
Loaded 1 instances at depth=40 (width=512)
Tool: Hashemi-clipping  m=8000  epsilon=0.001  SEED=47  timeout=300s
[1/1  t=0s  budget=300s] depth=40 idx=1 C=0.3236
    verdict=UNSAT  wall=38.1s

=== Sweep complete ===
Wrote /home/sasakis/v/tools/n2v/examples/FlowConformal/experiments/exp4_scaling/outputs/exp4_d40_hashemi_clipping.csv
Total wall-clock: 0.6 min
Counts: {'UNSAT': 1, 'SAT': 0, 'UNKNOWN': 0, 'ERROR': 0, 'TIMEOUT': 0}
[run_cell    3/  10 t=   91s] idx=2    budget=300s (shell timeout=360s)
[exp4 d=40] running only idx=2; appending to /home/sasakis/v/tools/n2v/examples/FlowConformal/experiments/exp4_scaling/outputs/exp4_d40_hashemi_clipping.csv
Loaded 1 instances at depth=40 (width=512)
Tool: Hashemi-clipping  m=8000  epsilon=0.001  SEED=47  timeout=300s
[1/1  t=0s  budget=300s] depth=40 idx=2 C=0.3236
    verdict=UNSAT  wall=38.1s

=== Sweep complete ===
Wrote /home/sasakis/v/tools/n2v/examples/FlowConformal/experiments/exp4_scaling/outputs/exp4_d40_hashemi_clipping.csv
Total wall-clock: 0.6 min
Counts: {'UNSAT': 1, 'SAT': 0, 'UNKNOWN': 0, 'ERROR': 0, 'TIMEOUT': 0}
[run_cell    4/  10 t=  137s] idx=3    budget=300s (shell timeout=360s)
[exp4 d=40] running only idx=3; appending to /home/sasakis/v/tools/n2v/examples/FlowConformal/experiments/exp4_scaling/outputs/exp4_d40_hashemi_clipping.csv
Loaded 1 instances at depth=40 (width=512)
Tool: Hashemi-clipping  m=8000  epsilon=0.001  SEED=47  timeout=300s
[1/1  t=0s  budget=300s] depth=40 idx=3 C=0.3236
    verdict=UNSAT  wall=38.4s

=== Sweep complete ===
Wrote /home/sasakis/v/tools/n2v/examples/FlowConformal/experiments/exp4_scaling/outputs/exp4_d40_hashemi_clipping.csv
Total wall-clock: 0.6 min
Counts: {'UNSAT': 1, 'SAT': 0, 'UNKNOWN': 0, 'ERROR': 0, 'TIMEOUT': 0}
[run_cell    5/  10 t=  183s] idx=4    budget=300s (shell timeout=360s)
[exp4 d=40] running only idx=4; appending to /home/sasakis/v/tools/n2v/examples/FlowConformal/experiments/exp4_scaling/outputs/exp4_d40_hashemi_clipping.csv
Loaded 1 instances at depth=40 (width=512)
Tool: Hashemi-clipping  m=8000  epsilon=0.001  SEED=47  timeout=300s
[1/1  t=0s  budget=300s] depth=40 idx=4 C=0.3236
    verdict=UNSAT  wall=37.8s

=== Sweep complete ===
Wrote /home/sasakis/v/tools/n2v/examples/FlowConformal/experiments/exp4_scaling/outputs/exp4_d40_hashemi_clipping.csv
Total wall-clock: 0.6 min
Counts: {'UNSAT': 1, 'SAT': 0, 'UNKNOWN': 0, 'ERROR': 0, 'TIMEOUT': 0}
[run_cell    6/  10 t=  229s] idx=5    budget=300s (shell timeout=360s)
[exp4 d=40] running only idx=5; appending to /home/sasakis/v/tools/n2v/examples/FlowConformal/experiments/exp4_scaling/outputs/exp4_d40_hashemi_clipping.csv
Loaded 1 instances at depth=40 (width=512)
Tool: Hashemi-clipping  m=8000  epsilon=0.001  SEED=47  timeout=300s
[1/1  t=0s  budget=300s] depth=40 idx=5 C=0.3236
    verdict=UNSAT  wall=38.2s

=== Sweep complete ===
Wrote /home/sasakis/v/tools/n2v/examples/FlowConformal/experiments/exp4_scaling/outputs/exp4_d40_hashemi_clipping.csv
Total wall-clock: 0.6 min
Counts: {'UNSAT': 1, 'SAT': 0, 'UNKNOWN': 0, 'ERROR': 0, 'TIMEOUT': 0}
[run_cell    7/  10 t=  275s] idx=6    budget=300s (shell timeout=360s)
[exp4 d=40] running only idx=6; appending to /home/sasakis/v/tools/n2v/examples/FlowConformal/experiments/exp4_scaling/outputs/exp4_d40_hashemi_clipping.csv
Loaded 1 instances at depth=40 (width=512)
Tool: Hashemi-clipping  m=8000  epsilon=0.001  SEED=47  timeout=300s
[1/1  t=0s  budget=300s] depth=40 idx=6 C=0.3236
    verdict=UNSAT  wall=38.0s

=== Sweep complete ===
Wrote /home/sasakis/v/tools/n2v/examples/FlowConformal/experiments/exp4_scaling/outputs/exp4_d40_hashemi_clipping.csv
Total wall-clock: 0.6 min
Counts: {'UNSAT': 1, 'SAT': 0, 'UNKNOWN': 0, 'ERROR': 0, 'TIMEOUT': 0}
[run_cell    8/  10 t=  320s] idx=7    budget=300s (shell timeout=360s)
[exp4 d=40] running only idx=7; appending to /home/sasakis/v/tools/n2v/examples/FlowConformal/experiments/exp4_scaling/outputs/exp4_d40_hashemi_clipping.csv
Loaded 1 instances at depth=40 (width=512)
Tool: Hashemi-clipping  m=8000  epsilon=0.001  SEED=47  timeout=300s
[1/1  t=0s  budget=300s] depth=40 idx=7 C=0.3236
    verdict=UNSAT  wall=38.1s

=== Sweep complete ===
Wrote /home/sasakis/v/tools/n2v/examples/FlowConformal/experiments/exp4_scaling/outputs/exp4_d40_hashemi_clipping.csv
Total wall-clock: 0.6 min
Counts: {'UNSAT': 1, 'SAT': 0, 'UNKNOWN': 0, 'ERROR': 0, 'TIMEOUT': 0}
[run_cell    9/  10 t=  366s] idx=8    budget=300s (shell timeout=360s)
[exp4 d=40] running only idx=8; appending to /home/sasakis/v/tools/n2v/examples/FlowConformal/experiments/exp4_scaling/outputs/exp4_d40_hashemi_clipping.csv
Loaded 1 instances at depth=40 (width=512)
Tool: Hashemi-clipping  m=8000  epsilon=0.001  SEED=47  timeout=300s
[1/1  t=0s  budget=300s] depth=40 idx=8 C=0.3236
    verdict=UNSAT  wall=37.9s

=== Sweep complete ===
Wrote /home/sasakis/v/tools/n2v/examples/FlowConformal/experiments/exp4_scaling/outputs/exp4_d40_hashemi_clipping.csv
Total wall-clock: 0.6 min
Counts: {'UNSAT': 1, 'SAT': 0, 'UNKNOWN': 0, 'ERROR': 0, 'TIMEOUT': 0}
[run_cell   10/  10 t=  412s] idx=9    budget=300s (shell timeout=360s)
[exp4 d=40] running only idx=9; appending to /home/sasakis/v/tools/n2v/examples/FlowConformal/experiments/exp4_scaling/outputs/exp4_d40_hashemi_clipping.csv
Loaded 1 instances at depth=40 (width=512)
Tool: Hashemi-clipping  m=8000  epsilon=0.001  SEED=47  timeout=300s
[1/1  t=0s  budget=300s] depth=40 idx=9 C=0.3236
    verdict=UNSAT  wall=38.1s

=== Sweep complete ===
Wrote /home/sasakis/v/tools/n2v/examples/FlowConformal/experiments/exp4_scaling/outputs/exp4_d40_hashemi_clipping.csv
Total wall-clock: 0.6 min
Counts: {'UNSAT': 1, 'SAT': 0, 'UNKNOWN': 0, 'ERROR': 0, 'TIMEOUT': 0}
[run_cell] complete. shell-killed timeouts and exits noted above; CSV row counts in the output file.

[2026-05-03T10:46:17-05:00] === END:   exp4_d40_hashemi_clipping (rc=0) ===
