[2026-05-03T08:58:26-05:00] === START: exp4_d16_ours ===
[run_cell] exp4_scaling.exp4_run_ours --depth 16: 10 instances
[run_cell    1/  10 t=    0s] idx=0    budget=300s (shell timeout=360s)
[exp4 d=16] running only idx=0; appending to /home/sasakis/v/tools/n2v/examples/FlowConformal/experiments/exp4_scaling/outputs/exp4_d16_ours.csv
Loaded 1 instances at depth=16 (width=512)
Config: {'flow_config': 'base', 'n_train': 10000, 'flow_epochs': 2000, 'scenario_n_samples': 2000, 'alpha': 0.001, 'verification_method': 'amls_bounded', 'amls_max_levels': 30}  SEED=47
Timeout policy: fixed 300s per instance
[1/1  t=0s  budget=300s] depth=16 idx=0 C=0.3236 (emax=-0.0000)
    verdict=UNSAT  wall=65.8s

=== Sweep complete ===
Wrote /home/sasakis/v/tools/n2v/examples/FlowConformal/experiments/exp4_scaling/outputs/exp4_d16_ours.csv
Total wall-clock: 1.1 min
Counts: {'UNSAT': 1, 'SAT': 0, 'UNKNOWN': 0, 'SKIPPED': 0, 'ERROR': 0, 'TIMEOUT': 0}
[run_cell    2/  10 t=   73s] idx=1    budget=300s (shell timeout=360s)
[exp4 d=16] running only idx=1; appending to /home/sasakis/v/tools/n2v/examples/FlowConformal/experiments/exp4_scaling/outputs/exp4_d16_ours.csv
Loaded 1 instances at depth=16 (width=512)
Config: {'flow_config': 'base', 'n_train': 10000, 'flow_epochs': 2000, 'scenario_n_samples': 2000, 'alpha': 0.001, 'verification_method': 'amls_bounded', 'amls_max_levels': 30}  SEED=47
Timeout policy: fixed 300s per instance
[1/1  t=0s  budget=300s] depth=16 idx=1 C=0.3236 (emax=-0.0000)
    verdict=UNSAT  wall=70.4s

=== Sweep complete ===
Wrote /home/sasakis/v/tools/n2v/examples/FlowConformal/experiments/exp4_scaling/outputs/exp4_d16_ours.csv
Total wall-clock: 1.2 min
Counts: {'UNSAT': 1, 'SAT': 0, 'UNKNOWN': 0, 'SKIPPED': 0, 'ERROR': 0, 'TIMEOUT': 0}
[run_cell    3/  10 t=  150s] idx=2    budget=300s (shell timeout=360s)
[exp4 d=16] running only idx=2; appending to /home/sasakis/v/tools/n2v/examples/FlowConformal/experiments/exp4_scaling/outputs/exp4_d16_ours.csv
Loaded 1 instances at depth=16 (width=512)
Config: {'flow_config': 'base', 'n_train': 10000, 'flow_epochs': 2000, 'scenario_n_samples': 2000, 'alpha': 0.001, 'verification_method': 'amls_bounded', 'amls_max_levels': 30}  SEED=47
Timeout policy: fixed 300s per instance
[1/1  t=0s  budget=300s] depth=16 idx=2 C=0.3236 (emax=-0.0000)
    verdict=UNSAT  wall=66.1s

=== Sweep complete ===
Wrote /home/sasakis/v/tools/n2v/examples/FlowConformal/experiments/exp4_scaling/outputs/exp4_d16_ours.csv
Total wall-clock: 1.1 min
Counts: {'UNSAT': 1, 'SAT': 0, 'UNKNOWN': 0, 'SKIPPED': 0, 'ERROR': 0, 'TIMEOUT': 0}
[run_cell    4/  10 t=  222s] idx=3    budget=300s (shell timeout=360s)
[exp4 d=16] running only idx=3; appending to /home/sasakis/v/tools/n2v/examples/FlowConformal/experiments/exp4_scaling/outputs/exp4_d16_ours.csv
Loaded 1 instances at depth=16 (width=512)
Config: {'flow_config': 'base', 'n_train': 10000, 'flow_epochs': 2000, 'scenario_n_samples': 2000, 'alpha': 0.001, 'verification_method': 'amls_bounded', 'amls_max_levels': 30}  SEED=47
Timeout policy: fixed 300s per instance
[1/1  t=0s  budget=300s] depth=16 idx=3 C=0.3236 (emax=-0.0000)
    verdict=UNSAT  wall=68.1s

=== Sweep complete ===
Wrote /home/sasakis/v/tools/n2v/examples/FlowConformal/experiments/exp4_scaling/outputs/exp4_d16_ours.csv
Total wall-clock: 1.1 min
Counts: {'UNSAT': 1, 'SAT': 0, 'UNKNOWN': 0, 'SKIPPED': 0, 'ERROR': 0, 'TIMEOUT': 0}
[run_cell    5/  10 t=  297s] idx=4    budget=300s (shell timeout=360s)
[exp4 d=16] running only idx=4; appending to /home/sasakis/v/tools/n2v/examples/FlowConformal/experiments/exp4_scaling/outputs/exp4_d16_ours.csv
Loaded 1 instances at depth=16 (width=512)
Config: {'flow_config': 'base', 'n_train': 10000, 'flow_epochs': 2000, 'scenario_n_samples': 2000, 'alpha': 0.001, 'verification_method': 'amls_bounded', 'amls_max_levels': 30}  SEED=47
Timeout policy: fixed 300s per instance
[1/1  t=0s  budget=300s] depth=16 idx=4 C=0.3236 (emax=-0.0000)
    verdict=UNSAT  wall=65.0s

=== Sweep complete ===
Wrote /home/sasakis/v/tools/n2v/examples/FlowConformal/experiments/exp4_scaling/outputs/exp4_d16_ours.csv
Total wall-clock: 1.1 min
Counts: {'UNSAT': 1, 'SAT': 0, 'UNKNOWN': 0, 'SKIPPED': 0, 'ERROR': 0, 'TIMEOUT': 0}
[run_cell    6/  10 t=  369s] idx=5    budget=300s (shell timeout=360s)
[exp4 d=16] running only idx=5; appending to /home/sasakis/v/tools/n2v/examples/FlowConformal/experiments/exp4_scaling/outputs/exp4_d16_ours.csv
Loaded 1 instances at depth=16 (width=512)
Config: {'flow_config': 'base', 'n_train': 10000, 'flow_epochs': 2000, 'scenario_n_samples': 2000, 'alpha': 0.001, 'verification_method': 'amls_bounded', 'amls_max_levels': 30}  SEED=47
Timeout policy: fixed 300s per instance
[1/1  t=0s  budget=300s] depth=16 idx=5 C=0.3236 (emax=-0.0000)
    verdict=UNSAT  wall=64.8s

=== Sweep complete ===
Wrote /home/sasakis/v/tools/n2v/examples/FlowConformal/experiments/exp4_scaling/outputs/exp4_d16_ours.csv
Total wall-clock: 1.1 min
Counts: {'UNSAT': 1, 'SAT': 0, 'UNKNOWN': 0, 'SKIPPED': 0, 'ERROR': 0, 'TIMEOUT': 0}
[run_cell    7/  10 t=  440s] idx=6    budget=300s (shell timeout=360s)
[exp4 d=16] running only idx=6; appending to /home/sasakis/v/tools/n2v/examples/FlowConformal/experiments/exp4_scaling/outputs/exp4_d16_ours.csv
Loaded 1 instances at depth=16 (width=512)
Config: {'flow_config': 'base', 'n_train': 10000, 'flow_epochs': 2000, 'scenario_n_samples': 2000, 'alpha': 0.001, 'verification_method': 'amls_bounded', 'amls_max_levels': 30}  SEED=47
Timeout policy: fixed 300s per instance
[1/1  t=0s  budget=300s] depth=16 idx=6 C=0.3236 (emax=-0.0000)
    verdict=UNSAT  wall=69.9s

=== Sweep complete ===
Wrote /home/sasakis/v/tools/n2v/examples/FlowConformal/experiments/exp4_scaling/outputs/exp4_d16_ours.csv
Total wall-clock: 1.2 min
Counts: {'UNSAT': 1, 'SAT': 0, 'UNKNOWN': 0, 'SKIPPED': 0, 'ERROR': 0, 'TIMEOUT': 0}
[run_cell    8/  10 t=  517s] idx=7    budget=300s (shell timeout=360s)
[exp4 d=16] running only idx=7; appending to /home/sasakis/v/tools/n2v/examples/FlowConformal/experiments/exp4_scaling/outputs/exp4_d16_ours.csv
Loaded 1 instances at depth=16 (width=512)
Config: {'flow_config': 'base', 'n_train': 10000, 'flow_epochs': 2000, 'scenario_n_samples': 2000, 'alpha': 0.001, 'verification_method': 'amls_bounded', 'amls_max_levels': 30}  SEED=47
Timeout policy: fixed 300s per instance
[1/1  t=0s  budget=300s] depth=16 idx=7 C=0.3236 (emax=-0.0000)
    verdict=UNSAT  wall=70.0s

=== Sweep complete ===
Wrote /home/sasakis/v/tools/n2v/examples/FlowConformal/experiments/exp4_scaling/outputs/exp4_d16_ours.csv
Total wall-clock: 1.2 min
Counts: {'UNSAT': 1, 'SAT': 0, 'UNKNOWN': 0, 'SKIPPED': 0, 'ERROR': 0, 'TIMEOUT': 0}
[run_cell    9/  10 t=  593s] idx=8    budget=300s (shell timeout=360s)
[exp4 d=16] running only idx=8; appending to /home/sasakis/v/tools/n2v/examples/FlowConformal/experiments/exp4_scaling/outputs/exp4_d16_ours.csv
Loaded 1 instances at depth=16 (width=512)
Config: {'flow_config': 'base', 'n_train': 10000, 'flow_epochs': 2000, 'scenario_n_samples': 2000, 'alpha': 0.001, 'verification_method': 'amls_bounded', 'amls_max_levels': 30}  SEED=47
Timeout policy: fixed 300s per instance
[1/1  t=0s  budget=300s] depth=16 idx=8 C=0.3236 (emax=-0.0000)
    verdict=UNSAT  wall=69.6s

=== Sweep complete ===
Wrote /home/sasakis/v/tools/n2v/examples/FlowConformal/experiments/exp4_scaling/outputs/exp4_d16_ours.csv
Total wall-clock: 1.2 min
Counts: {'UNSAT': 1, 'SAT': 0, 'UNKNOWN': 0, 'SKIPPED': 0, 'ERROR': 0, 'TIMEOUT': 0}
[run_cell   10/  10 t=  670s] idx=9    budget=300s (shell timeout=360s)
[exp4 d=16] running only idx=9; appending to /home/sasakis/v/tools/n2v/examples/FlowConformal/experiments/exp4_scaling/outputs/exp4_d16_ours.csv
Loaded 1 instances at depth=16 (width=512)
Config: {'flow_config': 'base', 'n_train': 10000, 'flow_epochs': 2000, 'scenario_n_samples': 2000, 'alpha': 0.001, 'verification_method': 'amls_bounded', 'amls_max_levels': 30}  SEED=47
Timeout policy: fixed 300s per instance
[1/1  t=0s  budget=300s] depth=16 idx=9 C=0.3236 (emax=-0.0000)
    verdict=UNSAT  wall=65.2s

=== Sweep complete ===
Wrote /home/sasakis/v/tools/n2v/examples/FlowConformal/experiments/exp4_scaling/outputs/exp4_d16_ours.csv
Total wall-clock: 1.1 min
Counts: {'UNSAT': 1, 'SAT': 0, 'UNKNOWN': 0, 'SKIPPED': 0, 'ERROR': 0, 'TIMEOUT': 0}
[run_cell] complete. shell-killed timeouts and exits noted above; CSV row counts in the output file.

[2026-05-03T09:10:52-05:00] === END:   exp4_d16_ours (rc=0) ===
