[2026-05-03T07:28:57-05:00] === START: exp1_collins_rul_cnn_2022_hashemi_clipping ===
[run_cell] exp1_vnncomp_subset.exp1_run_hashemi_clipping --benchmark collins_rul_cnn_2022: 62 instances
[run_cell    1/  62 t=    0s] idx=0    budget=30s (shell timeout=90s)
[collins_rul_cnn_2022] running only idx=0; appending to /home/sasakis/v/tools/n2v/examples/FlowConformal/experiments/exp1_vnncomp_subset/outputs/exp1_collins_rul_cnn_2022_hashemi_clipping.csv
[collins_rul_cnn_2022] Loaded 1 instances; writing to /home/sasakis/v/tools/n2v/examples/FlowConformal/experiments/exp1_vnncomp_subset/outputs/exp1_collins_rul_cnn_2022_hashemi_clipping.csv
[collins_rul_cnn_2022] Hashemi-clipping config: m=8000 ell=7999 epsilon=0.001 SEED=47
[collins_rul_cnn_2022 1/1 t=0s budget=30s] onnx/NN_rul_small_window_20.onnx + vnnlib/robustness_2perturbations_delta5_epsilon10_w20.vnnlib
    verdict=SAT  wall=1.7s

=== Sweep complete ===
Wrote /home/sasakis/v/tools/n2v/examples/FlowConformal/experiments/exp1_vnncomp_subset/outputs/exp1_collins_rul_cnn_2022_hashemi_clipping.csv
Total wall-clock: 0.0 min
Counts: {'UNSAT': 0, 'SAT': 1, 'UNKNOWN': 0, 'SKIPPED': 0, 'ERROR': 0, 'TIMEOUT': 0}
[run_cell    2/  62 t=    6s] idx=1    budget=30s (shell timeout=90s)
[collins_rul_cnn_2022] running only idx=1; appending to /home/sasakis/v/tools/n2v/examples/FlowConformal/experiments/exp1_vnncomp_subset/outputs/exp1_collins_rul_cnn_2022_hashemi_clipping.csv
[collins_rul_cnn_2022] Loaded 1 instances; writing to /home/sasakis/v/tools/n2v/examples/FlowConformal/experiments/exp1_vnncomp_subset/outputs/exp1_collins_rul_cnn_2022_hashemi_clipping.csv
[collins_rul_cnn_2022] Hashemi-clipping config: m=8000 ell=7999 epsilon=0.001 SEED=47
[collins_rul_cnn_2022 1/1 t=0s budget=30s] onnx/NN_rul_small_window_20.onnx + vnnlib/robustness_2perturbations_delta10_epsilon10_w20.vnnlib
    verdict=UNSAT  wall=65.5s

=== Sweep complete ===
Wrote /home/sasakis/v/tools/n2v/examples/FlowConformal/experiments/exp1_vnncomp_subset/outputs/exp1_collins_rul_cnn_2022_hashemi_clipping.csv
Total wall-clock: 1.1 min
Counts: {'UNSAT': 1, 'SAT': 0, 'UNKNOWN': 0, 'SKIPPED': 0, 'ERROR': 0, 'TIMEOUT': 0}
[run_cell    3/  62 t=   77s] idx=2    budget=60s (shell timeout=120s)
[collins_rul_cnn_2022] running only idx=2; appending to /home/sasakis/v/tools/n2v/examples/FlowConformal/experiments/exp1_vnncomp_subset/outputs/exp1_collins_rul_cnn_2022_hashemi_clipping.csv
[collins_rul_cnn_2022] Loaded 1 instances; writing to /home/sasakis/v/tools/n2v/examples/FlowConformal/experiments/exp1_vnncomp_subset/outputs/exp1_collins_rul_cnn_2022_hashemi_clipping.csv
[collins_rul_cnn_2022] Hashemi-clipping config: m=8000 ell=7999 epsilon=0.001 SEED=47
[collins_rul_cnn_2022 1/1 t=0s budget=60s] onnx/NN_rul_small_window_20.onnx + vnnlib/robustness_2perturbations_delta20_epsilon10_w20.vnnlib
    verdict=UNSAT  wall=58.9s

=== Sweep complete ===
Wrote /home/sasakis/v/tools/n2v/examples/FlowConformal/experiments/exp1_vnncomp_subset/outputs/exp1_collins_rul_cnn_2022_hashemi_clipping.csv
Total wall-clock: 1.0 min
Counts: {'UNSAT': 1, 'SAT': 0, 'UNKNOWN': 0, 'SKIPPED': 0, 'ERROR': 0, 'TIMEOUT': 0}
[run_cell    4/  62 t=  141s] idx=3    budget=60s (shell timeout=120s)
[collins_rul_cnn_2022] running only idx=3; appending to /home/sasakis/v/tools/n2v/examples/FlowConformal/experiments/exp1_vnncomp_subset/outputs/exp1_collins_rul_cnn_2022_hashemi_clipping.csv
[collins_rul_cnn_2022] Loaded 1 instances; writing to /home/sasakis/v/tools/n2v/examples/FlowConformal/experiments/exp1_vnncomp_subset/outputs/exp1_collins_rul_cnn_2022_hashemi_clipping.csv
[collins_rul_cnn_2022] Hashemi-clipping config: m=8000 ell=7999 epsilon=0.001 SEED=47
[collins_rul_cnn_2022 1/1 t=0s budget=60s] onnx/NN_rul_small_window_20.onnx + vnnlib/robustness_2perturbations_delta40_epsilon10_w20.vnnlib
    verdict=UNSAT  wall=54.7s

=== Sweep complete ===
Wrote /home/sasakis/v/tools/n2v/examples/FlowConformal/experiments/exp1_vnncomp_subset/outputs/exp1_collins_rul_cnn_2022_hashemi_clipping.csv
Total wall-clock: 0.9 min
Counts: {'UNSAT': 1, 'SAT': 0, 'UNKNOWN': 0, 'SKIPPED': 0, 'ERROR': 0, 'TIMEOUT': 0}
[run_cell    5/  62 t=  201s] idx=4    budget=60s (shell timeout=120s)
[collins_rul_cnn_2022] running only idx=4; appending to /home/sasakis/v/tools/n2v/examples/FlowConformal/experiments/exp1_vnncomp_subset/outputs/exp1_collins_rul_cnn_2022_hashemi_clipping.csv
[collins_rul_cnn_2022] Loaded 1 instances; writing to /home/sasakis/v/tools/n2v/examples/FlowConformal/experiments/exp1_vnncomp_subset/outputs/exp1_collins_rul_cnn_2022_hashemi_clipping.csv
[collins_rul_cnn_2022] Hashemi-clipping config: m=8000 ell=7999 epsilon=0.001 SEED=47
[collins_rul_cnn_2022 1/1 t=0s budget=60s] onnx/NN_rul_small_window_20.onnx + vnnlib/robustness_4perturbations_delta5_epsilon10_w20.vnnlib
    verdict=SAT  wall=2.9s

=== Sweep complete ===
Wrote /home/sasakis/v/tools/n2v/examples/FlowConformal/experiments/exp1_vnncomp_subset/outputs/exp1_collins_rul_cnn_2022_hashemi_clipping.csv
Total wall-clock: 0.0 min
Counts: {'UNSAT': 0, 'SAT': 1, 'UNKNOWN': 0, 'SKIPPED': 0, 'ERROR': 0, 'TIMEOUT': 0}
[run_cell    6/  62 t=  208s] idx=5    budget=60s (shell timeout=120s)
[collins_rul_cnn_2022] running only idx=5; appending to /home/sasakis/v/tools/n2v/examples/FlowConformal/experiments/exp1_vnncomp_subset/outputs/exp1_collins_rul_cnn_2022_hashemi_clipping.csv
[collins_rul_cnn_2022] Loaded 1 instances; writing to /home/sasakis/v/tools/n2v/examples/FlowConformal/experiments/exp1_vnncomp_subset/outputs/exp1_collins_rul_cnn_2022_hashemi_clipping.csv
[collins_rul_cnn_2022] Hashemi-clipping config: m=8000 ell=7999 epsilon=0.001 SEED=47
[collins_rul_cnn_2022 1/1 t=0s budget=60s] onnx/NN_rul_small_window_20.onnx + vnnlib/robustness_4perturbations_delta10_epsilon10_w20.vnnlib
    verdict=SAT  wall=2.9s

=== Sweep complete ===
Wrote /home/sasakis/v/tools/n2v/examples/FlowConformal/experiments/exp1_vnncomp_subset/outputs/exp1_collins_rul_cnn_2022_hashemi_clipping.csv
Total wall-clock: 0.0 min
Counts: {'UNSAT': 0, 'SAT': 1, 'UNKNOWN': 0, 'SKIPPED': 0, 'ERROR': 0, 'TIMEOUT': 0}
[run_cell    7/  62 t=  216s] idx=6    budget=120s (shell timeout=180s)
[collins_rul_cnn_2022] running only idx=6; appending to /home/sasakis/v/tools/n2v/examples/FlowConformal/experiments/exp1_vnncomp_subset/outputs/exp1_collins_rul_cnn_2022_hashemi_clipping.csv
[collins_rul_cnn_2022] Loaded 1 instances; writing to /home/sasakis/v/tools/n2v/examples/FlowConformal/experiments/exp1_vnncomp_subset/outputs/exp1_collins_rul_cnn_2022_hashemi_clipping.csv
[collins_rul_cnn_2022] Hashemi-clipping config: m=8000 ell=7999 epsilon=0.001 SEED=47
[collins_rul_cnn_2022 1/1 t=0s budget=120s] onnx/NN_rul_small_window_20.onnx + vnnlib/robustness_4perturbations_delta20_epsilon10_w20.vnnlib
    verdict=SAT  wall=2.9s

=== Sweep complete ===
Wrote /home/sasakis/v/tools/n2v/examples/FlowConformal/experiments/exp1_vnncomp_subset/outputs/exp1_collins_rul_cnn_2022_hashemi_clipping.csv
Total wall-clock: 0.0 min
Counts: {'UNSAT': 0, 'SAT': 1, 'UNKNOWN': 0, 'SKIPPED': 0, 'ERROR': 0, 'TIMEOUT': 0}
[run_cell    8/  62 t=  223s] idx=7    budget=120s (shell timeout=180s)
[collins_rul_cnn_2022] running only idx=7; appending to /home/sasakis/v/tools/n2v/examples/FlowConformal/experiments/exp1_vnncomp_subset/outputs/exp1_collins_rul_cnn_2022_hashemi_clipping.csv
[collins_rul_cnn_2022] Loaded 1 instances; writing to /home/sasakis/v/tools/n2v/examples/FlowConformal/experiments/exp1_vnncomp_subset/outputs/exp1_collins_rul_cnn_2022_hashemi_clipping.csv
[collins_rul_cnn_2022] Hashemi-clipping config: m=8000 ell=7999 epsilon=0.001 SEED=47
[collins_rul_cnn_2022 1/1 t=0s budget=120s] onnx/NN_rul_small_window_20.onnx + vnnlib/robustness_4perturbations_delta40_epsilon10_w20.vnnlib
    verdict=SAT  wall=2.9s

=== Sweep complete ===
Wrote /home/sasakis/v/tools/n2v/examples/FlowConformal/experiments/exp1_vnncomp_subset/outputs/exp1_collins_rul_cnn_2022_hashemi_clipping.csv
Total wall-clock: 0.0 min
Counts: {'UNSAT': 0, 'SAT': 1, 'UNKNOWN': 0, 'SKIPPED': 0, 'ERROR': 0, 'TIMEOUT': 0}
[run_cell    9/  62 t=  231s] idx=8    budget=120s (shell timeout=180s)
[collins_rul_cnn_2022] running only idx=8; appending to /home/sasakis/v/tools/n2v/examples/FlowConformal/experiments/exp1_vnncomp_subset/outputs/exp1_collins_rul_cnn_2022_hashemi_clipping.csv
[collins_rul_cnn_2022] Loaded 1 instances; writing to /home/sasakis/v/tools/n2v/examples/FlowConformal/experiments/exp1_vnncomp_subset/outputs/exp1_collins_rul_cnn_2022_hashemi_clipping.csv
[collins_rul_cnn_2022] Hashemi-clipping config: m=8000 ell=7999 epsilon=0.001 SEED=47
[collins_rul_cnn_2022 1/1 t=0s budget=120s] onnx/NN_rul_small_window_20.onnx + vnnlib/robustness_8perturbations_delta5_epsilon10_w20.vnnlib
    verdict=UNSAT  wall=97.6s

=== Sweep complete ===
Wrote /home/sasakis/v/tools/n2v/examples/FlowConformal/experiments/exp1_vnncomp_subset/outputs/exp1_collins_rul_cnn_2022_hashemi_clipping.csv
Total wall-clock: 1.6 min
Counts: {'UNSAT': 1, 'SAT': 0, 'UNKNOWN': 0, 'SKIPPED': 0, 'ERROR': 0, 'TIMEOUT': 0}
[run_cell   10/  62 t=  334s] idx=9    budget=120s (shell timeout=180s)
[collins_rul_cnn_2022] running only idx=9; appending to /home/sasakis/v/tools/n2v/examples/FlowConformal/experiments/exp1_vnncomp_subset/outputs/exp1_collins_rul_cnn_2022_hashemi_clipping.csv
[collins_rul_cnn_2022] Loaded 1 instances; writing to /home/sasakis/v/tools/n2v/examples/FlowConformal/experiments/exp1_vnncomp_subset/outputs/exp1_collins_rul_cnn_2022_hashemi_clipping.csv
[collins_rul_cnn_2022] Hashemi-clipping config: m=8000 ell=7999 epsilon=0.001 SEED=47
[collins_rul_cnn_2022 1/1 t=0s budget=120s] onnx/NN_rul_small_window_20.onnx + vnnlib/robustness_8perturbations_delta10_epsilon10_w20.vnnlib
    verdict=UNSAT  wall=64.0s

=== Sweep complete ===
Wrote /home/sasakis/v/tools/n2v/examples/FlowConformal/experiments/exp1_vnncomp_subset/outputs/exp1_collins_rul_cnn_2022_hashemi_clipping.csv
Total wall-clock: 1.1 min
Counts: {'UNSAT': 1, 'SAT': 0, 'UNKNOWN': 0, 'SKIPPED': 0, 'ERROR': 0, 'TIMEOUT': 0}
[run_cell   11/  62 t=  403s] idx=10   budget=300s (shell timeout=360s)
[collins_rul_cnn_2022] running only idx=10; appending to /home/sasakis/v/tools/n2v/examples/FlowConformal/experiments/exp1_vnncomp_subset/outputs/exp1_collins_rul_cnn_2022_hashemi_clipping.csv
[collins_rul_cnn_2022] Loaded 1 instances; writing to /home/sasakis/v/tools/n2v/examples/FlowConformal/experiments/exp1_vnncomp_subset/outputs/exp1_collins_rul_cnn_2022_hashemi_clipping.csv
[collins_rul_cnn_2022] Hashemi-clipping config: m=8000 ell=7999 epsilon=0.001 SEED=47
[collins_rul_cnn_2022 1/1 t=0s budget=300s] onnx/NN_rul_small_window_20.onnx + vnnlib/robustness_8perturbations_delta20_epsilon10_w20.vnnlib
    verdict=UNSAT  wall=56.5s

=== Sweep complete ===
Wrote /home/sasakis/v/tools/n2v/examples/FlowConformal/experiments/exp1_vnncomp_subset/outputs/exp1_collins_rul_cnn_2022_hashemi_clipping.csv
Total wall-clock: 0.9 min
Counts: {'UNSAT': 1, 'SAT': 0, 'UNKNOWN': 0, 'SKIPPED': 0, 'ERROR': 0, 'TIMEOUT': 0}
[run_cell   12/  62 t=  464s] idx=11   budget=300s (shell timeout=360s)
[collins_rul_cnn_2022] running only idx=11; appending to /home/sasakis/v/tools/n2v/examples/FlowConformal/experiments/exp1_vnncomp_subset/outputs/exp1_collins_rul_cnn_2022_hashemi_clipping.csv
[collins_rul_cnn_2022] Loaded 1 instances; writing to /home/sasakis/v/tools/n2v/examples/FlowConformal/experiments/exp1_vnncomp_subset/outputs/exp1_collins_rul_cnn_2022_hashemi_clipping.csv
[collins_rul_cnn_2022] Hashemi-clipping config: m=8000 ell=7999 epsilon=0.001 SEED=47
[collins_rul_cnn_2022 1/1 t=0s budget=300s] onnx/NN_rul_small_window_20.onnx + vnnlib/robustness_8perturbations_delta40_epsilon10_w20.vnnlib
    verdict=UNSAT  wall=64.8s

=== Sweep complete ===
Wrote /home/sasakis/v/tools/n2v/examples/FlowConformal/experiments/exp1_vnncomp_subset/outputs/exp1_collins_rul_cnn_2022_hashemi_clipping.csv
Total wall-clock: 1.1 min
Counts: {'UNSAT': 1, 'SAT': 0, 'UNKNOWN': 0, 'SKIPPED': 0, 'ERROR': 0, 'TIMEOUT': 0}
[run_cell   13/  62 t=  534s] idx=12   budget=300s (shell timeout=360s)
[collins_rul_cnn_2022] running only idx=12; appending to /home/sasakis/v/tools/n2v/examples/FlowConformal/experiments/exp1_vnncomp_subset/outputs/exp1_collins_rul_cnn_2022_hashemi_clipping.csv
[collins_rul_cnn_2022] Loaded 1 instances; writing to /home/sasakis/v/tools/n2v/examples/FlowConformal/experiments/exp1_vnncomp_subset/outputs/exp1_collins_rul_cnn_2022_hashemi_clipping.csv
[collins_rul_cnn_2022] Hashemi-clipping config: m=8000 ell=7999 epsilon=0.001 SEED=47
[collins_rul_cnn_2022 1/1 t=0s budget=300s] onnx/NN_rul_small_window_20.onnx + vnnlib/robustness_16perturbations_delta5_epsilon10_w20.vnnlib
    verdict=UNSAT  wall=60.9s

=== Sweep complete ===
Wrote /home/sasakis/v/tools/n2v/examples/FlowConformal/experiments/exp1_vnncomp_subset/outputs/exp1_collins_rul_cnn_2022_hashemi_clipping.csv
Total wall-clock: 1.0 min
Counts: {'UNSAT': 1, 'SAT': 0, 'UNKNOWN': 0, 'SKIPPED': 0, 'ERROR': 0, 'TIMEOUT': 0}
[run_cell   14/  62 t=  600s] idx=13   budget=300s (shell timeout=360s)
[collins_rul_cnn_2022] running only idx=13; appending to /home/sasakis/v/tools/n2v/examples/FlowConformal/experiments/exp1_vnncomp_subset/outputs/exp1_collins_rul_cnn_2022_hashemi_clipping.csv
[collins_rul_cnn_2022] Loaded 1 instances; writing to /home/sasakis/v/tools/n2v/examples/FlowConformal/experiments/exp1_vnncomp_subset/outputs/exp1_collins_rul_cnn_2022_hashemi_clipping.csv
[collins_rul_cnn_2022] Hashemi-clipping config: m=8000 ell=7999 epsilon=0.001 SEED=47
[collins_rul_cnn_2022 1/1 t=0s budget=300s] onnx/NN_rul_small_window_20.onnx + vnnlib/robustness_16perturbations_delta10_epsilon10_w20.vnnlib
    verdict=SAT  wall=2.4s

=== Sweep complete ===
Wrote /home/sasakis/v/tools/n2v/examples/FlowConformal/experiments/exp1_vnncomp_subset/outputs/exp1_collins_rul_cnn_2022_hashemi_clipping.csv
Total wall-clock: 0.0 min
Counts: {'UNSAT': 0, 'SAT': 1, 'UNKNOWN': 0, 'SKIPPED': 0, 'ERROR': 0, 'TIMEOUT': 0}
[run_cell   15/  62 t=  607s] idx=14   budget=300s (shell timeout=360s)
[collins_rul_cnn_2022] running only idx=14; appending to /home/sasakis/v/tools/n2v/examples/FlowConformal/experiments/exp1_vnncomp_subset/outputs/exp1_collins_rul_cnn_2022_hashemi_clipping.csv
[collins_rul_cnn_2022] Loaded 1 instances; writing to /home/sasakis/v/tools/n2v/examples/FlowConformal/experiments/exp1_vnncomp_subset/outputs/exp1_collins_rul_cnn_2022_hashemi_clipping.csv
[collins_rul_cnn_2022] Hashemi-clipping config: m=8000 ell=7999 epsilon=0.001 SEED=47
[collins_rul_cnn_2022 1/1 t=0s budget=300s] onnx/NN_rul_small_window_20.onnx + vnnlib/robustness_16perturbations_delta20_epsilon10_w20.vnnlib
    verdict=UNSAT  wall=57.0s

=== Sweep complete ===
Wrote /home/sasakis/v/tools/n2v/examples/FlowConformal/experiments/exp1_vnncomp_subset/outputs/exp1_collins_rul_cnn_2022_hashemi_clipping.csv
Total wall-clock: 0.9 min
Counts: {'UNSAT': 1, 'SAT': 0, 'UNKNOWN': 0, 'SKIPPED': 0, 'ERROR': 0, 'TIMEOUT': 0}
[run_cell   16/  62 t=  669s] idx=15   budget=300s (shell timeout=360s)
[collins_rul_cnn_2022] running only idx=15; appending to /home/sasakis/v/tools/n2v/examples/FlowConformal/experiments/exp1_vnncomp_subset/outputs/exp1_collins_rul_cnn_2022_hashemi_clipping.csv
[collins_rul_cnn_2022] Loaded 1 instances; writing to /home/sasakis/v/tools/n2v/examples/FlowConformal/experiments/exp1_vnncomp_subset/outputs/exp1_collins_rul_cnn_2022_hashemi_clipping.csv
[collins_rul_cnn_2022] Hashemi-clipping config: m=8000 ell=7999 epsilon=0.001 SEED=47
[collins_rul_cnn_2022 1/1 t=0s budget=300s] onnx/NN_rul_small_window_20.onnx + vnnlib/robustness_16perturbations_delta40_epsilon10_w20.vnnlib
    verdict=SAT  wall=2.9s

=== Sweep complete ===
Wrote /home/sasakis/v/tools/n2v/examples/FlowConformal/experiments/exp1_vnncomp_subset/outputs/exp1_collins_rul_cnn_2022_hashemi_clipping.csv
Total wall-clock: 0.0 min
Counts: {'UNSAT': 0, 'SAT': 1, 'UNKNOWN': 0, 'SKIPPED': 0, 'ERROR': 0, 'TIMEOUT': 0}
[run_cell   17/  62 t=  676s] idx=16   budget=30s (shell timeout=90s)
[collins_rul_cnn_2022] running only idx=16; appending to /home/sasakis/v/tools/n2v/examples/FlowConformal/experiments/exp1_vnncomp_subset/outputs/exp1_collins_rul_cnn_2022_hashemi_clipping.csv
[collins_rul_cnn_2022] Loaded 1 instances; writing to /home/sasakis/v/tools/n2v/examples/FlowConformal/experiments/exp1_vnncomp_subset/outputs/exp1_collins_rul_cnn_2022_hashemi_clipping.csv
[collins_rul_cnn_2022] Hashemi-clipping config: m=8000 ell=7999 epsilon=0.001 SEED=47
[collins_rul_cnn_2022 1/1 t=0s budget=30s] onnx/NN_rul_small_window_20.onnx + vnnlib/monotonicity_CI_shift5_w20.vnnlib
    verdict=UNSAT  wall=78.6s

=== Sweep complete ===
Wrote /home/sasakis/v/tools/n2v/examples/FlowConformal/experiments/exp1_vnncomp_subset/outputs/exp1_collins_rul_cnn_2022_hashemi_clipping.csv
Total wall-clock: 1.3 min
Counts: {'UNSAT': 1, 'SAT': 0, 'UNKNOWN': 0, 'SKIPPED': 0, 'ERROR': 0, 'TIMEOUT': 0}
[run_cell   18/  62 t=  760s] idx=17   budget=120s (shell timeout=180s)
[collins_rul_cnn_2022] running only idx=17; appending to /home/sasakis/v/tools/n2v/examples/FlowConformal/experiments/exp1_vnncomp_subset/outputs/exp1_collins_rul_cnn_2022_hashemi_clipping.csv
[collins_rul_cnn_2022] Loaded 1 instances; writing to /home/sasakis/v/tools/n2v/examples/FlowConformal/experiments/exp1_vnncomp_subset/outputs/exp1_collins_rul_cnn_2022_hashemi_clipping.csv
[collins_rul_cnn_2022] Hashemi-clipping config: m=8000 ell=7999 epsilon=0.001 SEED=47
[collins_rul_cnn_2022 1/1 t=0s budget=120s] onnx/NN_rul_small_window_20.onnx + vnnlib/monotonicity_CI_shift10_w20.vnnlib
    verdict=UNSAT  wall=72.2s

=== Sweep complete ===
Wrote /home/sasakis/v/tools/n2v/examples/FlowConformal/experiments/exp1_vnncomp_subset/outputs/exp1_collins_rul_cnn_2022_hashemi_clipping.csv
Total wall-clock: 1.2 min
Counts: {'UNSAT': 1, 'SAT': 0, 'UNKNOWN': 0, 'SKIPPED': 0, 'ERROR': 0, 'TIMEOUT': 0}
[run_cell   19/  62 t=  837s] idx=18   budget=300s (shell timeout=360s)
[collins_rul_cnn_2022] running only idx=18; appending to /home/sasakis/v/tools/n2v/examples/FlowConformal/experiments/exp1_vnncomp_subset/outputs/exp1_collins_rul_cnn_2022_hashemi_clipping.csv
[collins_rul_cnn_2022] Loaded 1 instances; writing to /home/sasakis/v/tools/n2v/examples/FlowConformal/experiments/exp1_vnncomp_subset/outputs/exp1_collins_rul_cnn_2022_hashemi_clipping.csv
[collins_rul_cnn_2022] Hashemi-clipping config: m=8000 ell=7999 epsilon=0.001 SEED=47
[collins_rul_cnn_2022 1/1 t=0s budget=300s] onnx/NN_rul_small_window_20.onnx + vnnlib/monotonicity_CI_shift20_w20.vnnlib
    verdict=UNSAT  wall=57.7s

=== Sweep complete ===
Wrote /home/sasakis/v/tools/n2v/examples/FlowConformal/experiments/exp1_vnncomp_subset/outputs/exp1_collins_rul_cnn_2022_hashemi_clipping.csv
Total wall-clock: 1.0 min
Counts: {'UNSAT': 1, 'SAT': 0, 'UNKNOWN': 0, 'SKIPPED': 0, 'ERROR': 0, 'TIMEOUT': 0}
[run_cell   20/  62 t=  900s] idx=19   budget=1800s (shell timeout=1860s)
[collins_rul_cnn_2022] running only idx=19; appending to /home/sasakis/v/tools/n2v/examples/FlowConformal/experiments/exp1_vnncomp_subset/outputs/exp1_collins_rul_cnn_2022_hashemi_clipping.csv
[collins_rul_cnn_2022] Loaded 1 instances; writing to /home/sasakis/v/tools/n2v/examples/FlowConformal/experiments/exp1_vnncomp_subset/outputs/exp1_collins_rul_cnn_2022_hashemi_clipping.csv
[collins_rul_cnn_2022] Hashemi-clipping config: m=8000 ell=7999 epsilon=0.001 SEED=47
[collins_rul_cnn_2022 1/1 t=0s budget=1800s] onnx/NN_rul_small_window_20.onnx + vnnlib/if_then_5levels_w20.vnnlib
    verdict=SAT  wall=2.9s

=== Sweep complete ===
Wrote /home/sasakis/v/tools/n2v/examples/FlowConformal/experiments/exp1_vnncomp_subset/outputs/exp1_collins_rul_cnn_2022_hashemi_clipping.csv
Total wall-clock: 0.0 min
Counts: {'UNSAT': 0, 'SAT': 1, 'UNKNOWN': 0, 'SKIPPED': 0, 'ERROR': 0, 'TIMEOUT': 0}
[run_cell   21/  62 t=  908s] idx=20   budget=1800s (shell timeout=1860s)
[collins_rul_cnn_2022] running only idx=20; appending to /home/sasakis/v/tools/n2v/examples/FlowConformal/experiments/exp1_vnncomp_subset/outputs/exp1_collins_rul_cnn_2022_hashemi_clipping.csv
[collins_rul_cnn_2022] Loaded 1 instances; writing to /home/sasakis/v/tools/n2v/examples/FlowConformal/experiments/exp1_vnncomp_subset/outputs/exp1_collins_rul_cnn_2022_hashemi_clipping.csv
[collins_rul_cnn_2022] Hashemi-clipping config: m=8000 ell=7999 epsilon=0.001 SEED=47
[collins_rul_cnn_2022 1/1 t=0s budget=1800s] onnx/NN_rul_small_window_20.onnx + vnnlib/if_then_7levels_w20.vnnlib
    verdict=SAT  wall=2.9s

=== Sweep complete ===
Wrote /home/sasakis/v/tools/n2v/examples/FlowConformal/experiments/exp1_vnncomp_subset/outputs/exp1_collins_rul_cnn_2022_hashemi_clipping.csv
Total wall-clock: 0.0 min
Counts: {'UNSAT': 0, 'SAT': 1, 'UNKNOWN': 0, 'SKIPPED': 0, 'ERROR': 0, 'TIMEOUT': 0}
[run_cell   22/  62 t=  915s] idx=21   budget=1800s (shell timeout=1860s)
[collins_rul_cnn_2022] running only idx=21; appending to /home/sasakis/v/tools/n2v/examples/FlowConformal/experiments/exp1_vnncomp_subset/outputs/exp1_collins_rul_cnn_2022_hashemi_clipping.csv
[collins_rul_cnn_2022] Loaded 1 instances; writing to /home/sasakis/v/tools/n2v/examples/FlowConformal/experiments/exp1_vnncomp_subset/outputs/exp1_collins_rul_cnn_2022_hashemi_clipping.csv
[collins_rul_cnn_2022] Hashemi-clipping config: m=8000 ell=7999 epsilon=0.001 SEED=47
[collins_rul_cnn_2022 1/1 t=0s budget=1800s] onnx/NN_rul_small_window_20.onnx + vnnlib/if_then_9levels_w20.vnnlib
    verdict=SAT  wall=2.9s

=== Sweep complete ===
Wrote /home/sasakis/v/tools/n2v/examples/FlowConformal/experiments/exp1_vnncomp_subset/outputs/exp1_collins_rul_cnn_2022_hashemi_clipping.csv
Total wall-clock: 0.0 min
Counts: {'UNSAT': 0, 'SAT': 1, 'UNKNOWN': 0, 'SKIPPED': 0, 'ERROR': 0, 'TIMEOUT': 0}
[run_cell   23/  62 t=  923s] idx=22   budget=30s (shell timeout=90s)
[collins_rul_cnn_2022] running only idx=22; appending to /home/sasakis/v/tools/n2v/examples/FlowConformal/experiments/exp1_vnncomp_subset/outputs/exp1_collins_rul_cnn_2022_hashemi_clipping.csv
[collins_rul_cnn_2022] Loaded 1 instances; writing to /home/sasakis/v/tools/n2v/examples/FlowConformal/experiments/exp1_vnncomp_subset/outputs/exp1_collins_rul_cnn_2022_hashemi_clipping.csv
[collins_rul_cnn_2022] Hashemi-clipping config: m=8000 ell=7999 epsilon=0.001 SEED=47
[collins_rul_cnn_2022 1/1 t=0s budget=30s] onnx/NN_rul_full_window_20.onnx + vnnlib/robustness_2perturbations_delta5_epsilon10_w20.vnnlib
    verdict=SAT  wall=3.0s

=== Sweep complete ===
Wrote /home/sasakis/v/tools/n2v/examples/FlowConformal/experiments/exp1_vnncomp_subset/outputs/exp1_collins_rul_cnn_2022_hashemi_clipping.csv
Total wall-clock: 0.1 min
Counts: {'UNSAT': 0, 'SAT': 1, 'UNKNOWN': 0, 'SKIPPED': 0, 'ERROR': 0, 'TIMEOUT': 0}
[run_cell   24/  62 t=  931s] idx=23   budget=30s (shell timeout=90s)
[collins_rul_cnn_2022] running only idx=23; appending to /home/sasakis/v/tools/n2v/examples/FlowConformal/experiments/exp1_vnncomp_subset/outputs/exp1_collins_rul_cnn_2022_hashemi_clipping.csv
[collins_rul_cnn_2022] Loaded 1 instances; writing to /home/sasakis/v/tools/n2v/examples/FlowConformal/experiments/exp1_vnncomp_subset/outputs/exp1_collins_rul_cnn_2022_hashemi_clipping.csv
[collins_rul_cnn_2022] Hashemi-clipping config: m=8000 ell=7999 epsilon=0.001 SEED=47
[collins_rul_cnn_2022 1/1 t=0s budget=30s] onnx/NN_rul_full_window_20.onnx + vnnlib/robustness_2perturbations_delta10_epsilon10_w20.vnnlib
  ... idx=23 TIMEOUT (shell killed at 90s; runner did not finish)
[run_cell   25/  62 t= 1025s] idx=24   budget=60s (shell timeout=120s)
[collins_rul_cnn_2022] running only idx=24; appending to /home/sasakis/v/tools/n2v/examples/FlowConformal/experiments/exp1_vnncomp_subset/outputs/exp1_collins_rul_cnn_2022_hashemi_clipping.csv
[collins_rul_cnn_2022] Loaded 1 instances; writing to /home/sasakis/v/tools/n2v/examples/FlowConformal/experiments/exp1_vnncomp_subset/outputs/exp1_collins_rul_cnn_2022_hashemi_clipping.csv
[collins_rul_cnn_2022] Hashemi-clipping config: m=8000 ell=7999 epsilon=0.001 SEED=47
[collins_rul_cnn_2022 1/1 t=0s budget=60s] onnx/NN_rul_full_window_20.onnx + vnnlib/robustness_2perturbations_delta20_epsilon10_w20.vnnlib
    verdict=UNSAT  wall=75.6s

=== Sweep complete ===
Wrote /home/sasakis/v/tools/n2v/examples/FlowConformal/experiments/exp1_vnncomp_subset/outputs/exp1_collins_rul_cnn_2022_hashemi_clipping.csv
Total wall-clock: 1.3 min
Counts: {'UNSAT': 1, 'SAT': 0, 'UNKNOWN': 0, 'SKIPPED': 0, 'ERROR': 0, 'TIMEOUT': 0}
[run_cell   26/  62 t= 1106s] idx=25   budget=120s (shell timeout=180s)
[collins_rul_cnn_2022] running only idx=25; appending to /home/sasakis/v/tools/n2v/examples/FlowConformal/experiments/exp1_vnncomp_subset/outputs/exp1_collins_rul_cnn_2022_hashemi_clipping.csv
[collins_rul_cnn_2022] Loaded 1 instances; writing to /home/sasakis/v/tools/n2v/examples/FlowConformal/experiments/exp1_vnncomp_subset/outputs/exp1_collins_rul_cnn_2022_hashemi_clipping.csv
[collins_rul_cnn_2022] Hashemi-clipping config: m=8000 ell=7999 epsilon=0.001 SEED=47
[collins_rul_cnn_2022 1/1 t=0s budget=120s] onnx/NN_rul_full_window_20.onnx + vnnlib/robustness_2perturbations_delta40_epsilon10_w20.vnnlib
    verdict=UNSAT  wall=78.3s

=== Sweep complete ===
Wrote /home/sasakis/v/tools/n2v/examples/FlowConformal/experiments/exp1_vnncomp_subset/outputs/exp1_collins_rul_cnn_2022_hashemi_clipping.csv
Total wall-clock: 1.3 min
Counts: {'UNSAT': 1, 'SAT': 0, 'UNKNOWN': 0, 'SKIPPED': 0, 'ERROR': 0, 'TIMEOUT': 0}
[run_cell   27/  62 t= 1189s] idx=26   budget=60s (shell timeout=120s)
[collins_rul_cnn_2022] running only idx=26; appending to /home/sasakis/v/tools/n2v/examples/FlowConformal/experiments/exp1_vnncomp_subset/outputs/exp1_collins_rul_cnn_2022_hashemi_clipping.csv
[collins_rul_cnn_2022] Loaded 1 instances; writing to /home/sasakis/v/tools/n2v/examples/FlowConformal/experiments/exp1_vnncomp_subset/outputs/exp1_collins_rul_cnn_2022_hashemi_clipping.csv
[collins_rul_cnn_2022] Hashemi-clipping config: m=8000 ell=7999 epsilon=0.001 SEED=47
[collins_rul_cnn_2022 1/1 t=0s budget=60s] onnx/NN_rul_full_window_20.onnx + vnnlib/robustness_4perturbations_delta5_epsilon10_w20.vnnlib
    verdict=SAT  wall=3.0s

=== Sweep complete ===
Wrote /home/sasakis/v/tools/n2v/examples/FlowConformal/experiments/exp1_vnncomp_subset/outputs/exp1_collins_rul_cnn_2022_hashemi_clipping.csv
Total wall-clock: 0.0 min
Counts: {'UNSAT': 0, 'SAT': 1, 'UNKNOWN': 0, 'SKIPPED': 0, 'ERROR': 0, 'TIMEOUT': 0}
[run_cell   28/  62 t= 1197s] idx=27   budget=60s (shell timeout=120s)
[collins_rul_cnn_2022] running only idx=27; appending to /home/sasakis/v/tools/n2v/examples/FlowConformal/experiments/exp1_vnncomp_subset/outputs/exp1_collins_rul_cnn_2022_hashemi_clipping.csv
[collins_rul_cnn_2022] Loaded 1 instances; writing to /home/sasakis/v/tools/n2v/examples/FlowConformal/experiments/exp1_vnncomp_subset/outputs/exp1_collins_rul_cnn_2022_hashemi_clipping.csv
[collins_rul_cnn_2022] Hashemi-clipping config: m=8000 ell=7999 epsilon=0.001 SEED=47
[collins_rul_cnn_2022 1/1 t=0s budget=60s] onnx/NN_rul_full_window_20.onnx + vnnlib/robustness_4perturbations_delta10_epsilon10_w20.vnnlib
    verdict=SAT  wall=2.8s

=== Sweep complete ===
Wrote /home/sasakis/v/tools/n2v/examples/FlowConformal/experiments/exp1_vnncomp_subset/outputs/exp1_collins_rul_cnn_2022_hashemi_clipping.csv
Total wall-clock: 0.0 min
Counts: {'UNSAT': 0, 'SAT': 1, 'UNKNOWN': 0, 'SKIPPED': 0, 'ERROR': 0, 'TIMEOUT': 0}
[run_cell   29/  62 t= 1204s] idx=28   budget=120s (shell timeout=180s)
[collins_rul_cnn_2022] running only idx=28; appending to /home/sasakis/v/tools/n2v/examples/FlowConformal/experiments/exp1_vnncomp_subset/outputs/exp1_collins_rul_cnn_2022_hashemi_clipping.csv
[collins_rul_cnn_2022] Loaded 1 instances; writing to /home/sasakis/v/tools/n2v/examples/FlowConformal/experiments/exp1_vnncomp_subset/outputs/exp1_collins_rul_cnn_2022_hashemi_clipping.csv
[collins_rul_cnn_2022] Hashemi-clipping config: m=8000 ell=7999 epsilon=0.001 SEED=47
[collins_rul_cnn_2022 1/1 t=0s budget=120s] onnx/NN_rul_full_window_20.onnx + vnnlib/robustness_4perturbations_delta20_epsilon10_w20.vnnlib
    verdict=SAT  wall=3.0s

=== Sweep complete ===
Wrote /home/sasakis/v/tools/n2v/examples/FlowConformal/experiments/exp1_vnncomp_subset/outputs/exp1_collins_rul_cnn_2022_hashemi_clipping.csv
Total wall-clock: 0.1 min
Counts: {'UNSAT': 0, 'SAT': 1, 'UNKNOWN': 0, 'SKIPPED': 0, 'ERROR': 0, 'TIMEOUT': 0}
[run_cell   30/  62 t= 1212s] idx=29   budget=300s (shell timeout=360s)
[collins_rul_cnn_2022] running only idx=29; appending to /home/sasakis/v/tools/n2v/examples/FlowConformal/experiments/exp1_vnncomp_subset/outputs/exp1_collins_rul_cnn_2022_hashemi_clipping.csv
[collins_rul_cnn_2022] Loaded 1 instances; writing to /home/sasakis/v/tools/n2v/examples/FlowConformal/experiments/exp1_vnncomp_subset/outputs/exp1_collins_rul_cnn_2022_hashemi_clipping.csv
[collins_rul_cnn_2022] Hashemi-clipping config: m=8000 ell=7999 epsilon=0.001 SEED=47
[collins_rul_cnn_2022 1/1 t=0s budget=300s] onnx/NN_rul_full_window_20.onnx + vnnlib/robustness_4perturbations_delta40_epsilon10_w20.vnnlib
    verdict=SAT  wall=3.0s

=== Sweep complete ===
Wrote /home/sasakis/v/tools/n2v/examples/FlowConformal/experiments/exp1_vnncomp_subset/outputs/exp1_collins_rul_cnn_2022_hashemi_clipping.csv
Total wall-clock: 0.1 min
Counts: {'UNSAT': 0, 'SAT': 1, 'UNKNOWN': 0, 'SKIPPED': 0, 'ERROR': 0, 'TIMEOUT': 0}
[run_cell   31/  62 t= 1220s] idx=30   budget=120s (shell timeout=180s)
[collins_rul_cnn_2022] running only idx=30; appending to /home/sasakis/v/tools/n2v/examples/FlowConformal/experiments/exp1_vnncomp_subset/outputs/exp1_collins_rul_cnn_2022_hashemi_clipping.csv
[collins_rul_cnn_2022] Loaded 1 instances; writing to /home/sasakis/v/tools/n2v/examples/FlowConformal/experiments/exp1_vnncomp_subset/outputs/exp1_collins_rul_cnn_2022_hashemi_clipping.csv
[collins_rul_cnn_2022] Hashemi-clipping config: m=8000 ell=7999 epsilon=0.001 SEED=47
[collins_rul_cnn_2022 1/1 t=0s budget=120s] onnx/NN_rul_full_window_20.onnx + vnnlib/robustness_8perturbations_delta5_epsilon10_w20.vnnlib
    verdict=UNSAT  wall=87.6s

=== Sweep complete ===
Wrote /home/sasakis/v/tools/n2v/examples/FlowConformal/experiments/exp1_vnncomp_subset/outputs/exp1_collins_rul_cnn_2022_hashemi_clipping.csv
Total wall-clock: 1.5 min
Counts: {'UNSAT': 1, 'SAT': 0, 'UNKNOWN': 0, 'SKIPPED': 0, 'ERROR': 0, 'TIMEOUT': 0}
[run_cell   32/  62 t= 1312s] idx=31   budget=300s (shell timeout=360s)
[collins_rul_cnn_2022] running only idx=31; appending to /home/sasakis/v/tools/n2v/examples/FlowConformal/experiments/exp1_vnncomp_subset/outputs/exp1_collins_rul_cnn_2022_hashemi_clipping.csv
[collins_rul_cnn_2022] Loaded 1 instances; writing to /home/sasakis/v/tools/n2v/examples/FlowConformal/experiments/exp1_vnncomp_subset/outputs/exp1_collins_rul_cnn_2022_hashemi_clipping.csv
[collins_rul_cnn_2022] Hashemi-clipping config: m=8000 ell=7999 epsilon=0.001 SEED=47
[collins_rul_cnn_2022 1/1 t=0s budget=300s] onnx/NN_rul_full_window_20.onnx + vnnlib/robustness_8perturbations_delta10_epsilon10_w20.vnnlib
    verdict=UNSAT  wall=64.3s

=== Sweep complete ===
Wrote /home/sasakis/v/tools/n2v/examples/FlowConformal/experiments/exp1_vnncomp_subset/outputs/exp1_collins_rul_cnn_2022_hashemi_clipping.csv
Total wall-clock: 1.1 min
Counts: {'UNSAT': 1, 'SAT': 0, 'UNKNOWN': 0, 'SKIPPED': 0, 'ERROR': 0, 'TIMEOUT': 0}
[run_cell   33/  62 t= 1382s] idx=32   budget=300s (shell timeout=360s)
[collins_rul_cnn_2022] running only idx=32; appending to /home/sasakis/v/tools/n2v/examples/FlowConformal/experiments/exp1_vnncomp_subset/outputs/exp1_collins_rul_cnn_2022_hashemi_clipping.csv
[collins_rul_cnn_2022] Loaded 1 instances; writing to /home/sasakis/v/tools/n2v/examples/FlowConformal/experiments/exp1_vnncomp_subset/outputs/exp1_collins_rul_cnn_2022_hashemi_clipping.csv
[collins_rul_cnn_2022] Hashemi-clipping config: m=8000 ell=7999 epsilon=0.001 SEED=47
[collins_rul_cnn_2022 1/1 t=0s budget=300s] onnx/NN_rul_full_window_20.onnx + vnnlib/robustness_8perturbations_delta20_epsilon10_w20.vnnlib
    verdict=UNSAT  wall=55.4s

=== Sweep complete ===
Wrote /home/sasakis/v/tools/n2v/examples/FlowConformal/experiments/exp1_vnncomp_subset/outputs/exp1_collins_rul_cnn_2022_hashemi_clipping.csv
Total wall-clock: 0.9 min
Counts: {'UNSAT': 1, 'SAT': 0, 'UNKNOWN': 0, 'SKIPPED': 0, 'ERROR': 0, 'TIMEOUT': 0}
[run_cell   34/  62 t= 1442s] idx=33   budget=300s (shell timeout=360s)
[collins_rul_cnn_2022] running only idx=33; appending to /home/sasakis/v/tools/n2v/examples/FlowConformal/experiments/exp1_vnncomp_subset/outputs/exp1_collins_rul_cnn_2022_hashemi_clipping.csv
[collins_rul_cnn_2022] Loaded 1 instances; writing to /home/sasakis/v/tools/n2v/examples/FlowConformal/experiments/exp1_vnncomp_subset/outputs/exp1_collins_rul_cnn_2022_hashemi_clipping.csv
[collins_rul_cnn_2022] Hashemi-clipping config: m=8000 ell=7999 epsilon=0.001 SEED=47
[collins_rul_cnn_2022 1/1 t=0s budget=300s] onnx/NN_rul_full_window_20.onnx + vnnlib/robustness_8perturbations_delta40_epsilon10_w20.vnnlib
    verdict=UNSAT  wall=71.6s

=== Sweep complete ===
Wrote /home/sasakis/v/tools/n2v/examples/FlowConformal/experiments/exp1_vnncomp_subset/outputs/exp1_collins_rul_cnn_2022_hashemi_clipping.csv
Total wall-clock: 1.2 min
Counts: {'UNSAT': 1, 'SAT': 0, 'UNKNOWN': 0, 'SKIPPED': 0, 'ERROR': 0, 'TIMEOUT': 0}
[run_cell   35/  62 t= 1519s] idx=34   budget=300s (shell timeout=360s)
[collins_rul_cnn_2022] running only idx=34; appending to /home/sasakis/v/tools/n2v/examples/FlowConformal/experiments/exp1_vnncomp_subset/outputs/exp1_collins_rul_cnn_2022_hashemi_clipping.csv
[collins_rul_cnn_2022] Loaded 1 instances; writing to /home/sasakis/v/tools/n2v/examples/FlowConformal/experiments/exp1_vnncomp_subset/outputs/exp1_collins_rul_cnn_2022_hashemi_clipping.csv
[collins_rul_cnn_2022] Hashemi-clipping config: m=8000 ell=7999 epsilon=0.001 SEED=47
[collins_rul_cnn_2022 1/1 t=0s budget=300s] onnx/NN_rul_full_window_20.onnx + vnnlib/robustness_16perturbations_delta5_epsilon10_w20.vnnlib
    verdict=UNSAT  wall=59.5s

=== Sweep complete ===
Wrote /home/sasakis/v/tools/n2v/examples/FlowConformal/experiments/exp1_vnncomp_subset/outputs/exp1_collins_rul_cnn_2022_hashemi_clipping.csv
Total wall-clock: 1.0 min
Counts: {'UNSAT': 1, 'SAT': 0, 'UNKNOWN': 0, 'SKIPPED': 0, 'ERROR': 0, 'TIMEOUT': 0}
[run_cell   36/  62 t= 1583s] idx=35   budget=300s (shell timeout=360s)
[collins_rul_cnn_2022] running only idx=35; appending to /home/sasakis/v/tools/n2v/examples/FlowConformal/experiments/exp1_vnncomp_subset/outputs/exp1_collins_rul_cnn_2022_hashemi_clipping.csv
[collins_rul_cnn_2022] Loaded 1 instances; writing to /home/sasakis/v/tools/n2v/examples/FlowConformal/experiments/exp1_vnncomp_subset/outputs/exp1_collins_rul_cnn_2022_hashemi_clipping.csv
[collins_rul_cnn_2022] Hashemi-clipping config: m=8000 ell=7999 epsilon=0.001 SEED=47
[collins_rul_cnn_2022 1/1 t=0s budget=300s] onnx/NN_rul_full_window_20.onnx + vnnlib/robustness_16perturbations_delta10_epsilon10_w20.vnnlib
    verdict=SAT  wall=3.0s

=== Sweep complete ===
Wrote /home/sasakis/v/tools/n2v/examples/FlowConformal/experiments/exp1_vnncomp_subset/outputs/exp1_collins_rul_cnn_2022_hashemi_clipping.csv
Total wall-clock: 0.1 min
Counts: {'UNSAT': 0, 'SAT': 1, 'UNKNOWN': 0, 'SKIPPED': 0, 'ERROR': 0, 'TIMEOUT': 0}
[run_cell   37/  62 t= 1591s] idx=36   budget=300s (shell timeout=360s)
[collins_rul_cnn_2022] running only idx=36; appending to /home/sasakis/v/tools/n2v/examples/FlowConformal/experiments/exp1_vnncomp_subset/outputs/exp1_collins_rul_cnn_2022_hashemi_clipping.csv
[collins_rul_cnn_2022] Loaded 1 instances; writing to /home/sasakis/v/tools/n2v/examples/FlowConformal/experiments/exp1_vnncomp_subset/outputs/exp1_collins_rul_cnn_2022_hashemi_clipping.csv
[collins_rul_cnn_2022] Hashemi-clipping config: m=8000 ell=7999 epsilon=0.001 SEED=47
[collins_rul_cnn_2022 1/1 t=0s budget=300s] onnx/NN_rul_full_window_20.onnx + vnnlib/robustness_16perturbations_delta20_epsilon10_w20.vnnlib
    verdict=UNSAT  wall=58.6s

=== Sweep complete ===
Wrote /home/sasakis/v/tools/n2v/examples/FlowConformal/experiments/exp1_vnncomp_subset/outputs/exp1_collins_rul_cnn_2022_hashemi_clipping.csv
Total wall-clock: 1.0 min
Counts: {'UNSAT': 1, 'SAT': 0, 'UNKNOWN': 0, 'SKIPPED': 0, 'ERROR': 0, 'TIMEOUT': 0}
[run_cell   38/  62 t= 1655s] idx=37   budget=300s (shell timeout=360s)
[collins_rul_cnn_2022] running only idx=37; appending to /home/sasakis/v/tools/n2v/examples/FlowConformal/experiments/exp1_vnncomp_subset/outputs/exp1_collins_rul_cnn_2022_hashemi_clipping.csv
[collins_rul_cnn_2022] Loaded 1 instances; writing to /home/sasakis/v/tools/n2v/examples/FlowConformal/experiments/exp1_vnncomp_subset/outputs/exp1_collins_rul_cnn_2022_hashemi_clipping.csv
[collins_rul_cnn_2022] Hashemi-clipping config: m=8000 ell=7999 epsilon=0.001 SEED=47
[collins_rul_cnn_2022 1/1 t=0s budget=300s] onnx/NN_rul_full_window_20.onnx + vnnlib/robustness_16perturbations_delta40_epsilon10_w20.vnnlib
    verdict=SAT  wall=3.1s

=== Sweep complete ===
Wrote /home/sasakis/v/tools/n2v/examples/FlowConformal/experiments/exp1_vnncomp_subset/outputs/exp1_collins_rul_cnn_2022_hashemi_clipping.csv
Total wall-clock: 0.1 min
Counts: {'UNSAT': 0, 'SAT': 1, 'UNKNOWN': 0, 'SKIPPED': 0, 'ERROR': 0, 'TIMEOUT': 0}
[run_cell   39/  62 t= 1662s] idx=38   budget=60s (shell timeout=120s)
[collins_rul_cnn_2022] running only idx=38; appending to /home/sasakis/v/tools/n2v/examples/FlowConformal/experiments/exp1_vnncomp_subset/outputs/exp1_collins_rul_cnn_2022_hashemi_clipping.csv
[collins_rul_cnn_2022] Loaded 1 instances; writing to /home/sasakis/v/tools/n2v/examples/FlowConformal/experiments/exp1_vnncomp_subset/outputs/exp1_collins_rul_cnn_2022_hashemi_clipping.csv
[collins_rul_cnn_2022] Hashemi-clipping config: m=8000 ell=7999 epsilon=0.001 SEED=47
[collins_rul_cnn_2022 1/1 t=0s budget=60s] onnx/NN_rul_full_window_20.onnx + vnnlib/monotonicity_CI_shift5_w20.vnnlib
    verdict=UNSAT  wall=109.0s

=== Sweep complete ===
Wrote /home/sasakis/v/tools/n2v/examples/FlowConformal/experiments/exp1_vnncomp_subset/outputs/exp1_collins_rul_cnn_2022_hashemi_clipping.csv
Total wall-clock: 1.8 min
Counts: {'UNSAT': 1, 'SAT': 0, 'UNKNOWN': 0, 'SKIPPED': 0, 'ERROR': 0, 'TIMEOUT': 0}
[run_cell   40/  62 t= 1776s] idx=39   budget=180s (shell timeout=240s)
[collins_rul_cnn_2022] running only idx=39; appending to /home/sasakis/v/tools/n2v/examples/FlowConformal/experiments/exp1_vnncomp_subset/outputs/exp1_collins_rul_cnn_2022_hashemi_clipping.csv
[collins_rul_cnn_2022] Loaded 1 instances; writing to /home/sasakis/v/tools/n2v/examples/FlowConformal/experiments/exp1_vnncomp_subset/outputs/exp1_collins_rul_cnn_2022_hashemi_clipping.csv
[collins_rul_cnn_2022] Hashemi-clipping config: m=8000 ell=7999 epsilon=0.001 SEED=47
[collins_rul_cnn_2022 1/1 t=0s budget=180s] onnx/NN_rul_full_window_20.onnx + vnnlib/monotonicity_CI_shift10_w20.vnnlib
    verdict=UNSAT  wall=94.0s

=== Sweep complete ===
Wrote /home/sasakis/v/tools/n2v/examples/FlowConformal/experiments/exp1_vnncomp_subset/outputs/exp1_collins_rul_cnn_2022_hashemi_clipping.csv
Total wall-clock: 1.6 min
Counts: {'UNSAT': 1, 'SAT': 0, 'UNKNOWN': 0, 'SKIPPED': 0, 'ERROR': 0, 'TIMEOUT': 0}
[run_cell   41/  62 t= 1875s] idx=40   budget=360s (shell timeout=420s)
[collins_rul_cnn_2022] running only idx=40; appending to /home/sasakis/v/tools/n2v/examples/FlowConformal/experiments/exp1_vnncomp_subset/outputs/exp1_collins_rul_cnn_2022_hashemi_clipping.csv
[collins_rul_cnn_2022] Loaded 1 instances; writing to /home/sasakis/v/tools/n2v/examples/FlowConformal/experiments/exp1_vnncomp_subset/outputs/exp1_collins_rul_cnn_2022_hashemi_clipping.csv
[collins_rul_cnn_2022] Hashemi-clipping config: m=8000 ell=7999 epsilon=0.001 SEED=47
[collins_rul_cnn_2022 1/1 t=0s budget=360s] onnx/NN_rul_full_window_20.onnx + vnnlib/monotonicity_CI_shift20_w20.vnnlib
    verdict=UNSAT  wall=64.6s

=== Sweep complete ===
Wrote /home/sasakis/v/tools/n2v/examples/FlowConformal/experiments/exp1_vnncomp_subset/outputs/exp1_collins_rul_cnn_2022_hashemi_clipping.csv
Total wall-clock: 1.1 min
Counts: {'UNSAT': 1, 'SAT': 0, 'UNKNOWN': 0, 'SKIPPED': 0, 'ERROR': 0, 'TIMEOUT': 0}
[run_cell   42/  62 t= 1945s] idx=41   budget=1800s (shell timeout=1860s)
[collins_rul_cnn_2022] running only idx=41; appending to /home/sasakis/v/tools/n2v/examples/FlowConformal/experiments/exp1_vnncomp_subset/outputs/exp1_collins_rul_cnn_2022_hashemi_clipping.csv
[collins_rul_cnn_2022] Loaded 1 instances; writing to /home/sasakis/v/tools/n2v/examples/FlowConformal/experiments/exp1_vnncomp_subset/outputs/exp1_collins_rul_cnn_2022_hashemi_clipping.csv
[collins_rul_cnn_2022] Hashemi-clipping config: m=8000 ell=7999 epsilon=0.001 SEED=47
[collins_rul_cnn_2022 1/1 t=0s budget=1800s] onnx/NN_rul_full_window_20.onnx + vnnlib/if_then_7levels_w20.vnnlib
    verdict=SAT  wall=3.0s

=== Sweep complete ===
Wrote /home/sasakis/v/tools/n2v/examples/FlowConformal/experiments/exp1_vnncomp_subset/outputs/exp1_collins_rul_cnn_2022_hashemi_clipping.csv
Total wall-clock: 0.1 min
Counts: {'UNSAT': 0, 'SAT': 1, 'UNKNOWN': 0, 'SKIPPED': 0, 'ERROR': 0, 'TIMEOUT': 0}
[run_cell   43/  62 t= 1953s] idx=42   budget=1800s (shell timeout=1860s)
[collins_rul_cnn_2022] running only idx=42; appending to /home/sasakis/v/tools/n2v/examples/FlowConformal/experiments/exp1_vnncomp_subset/outputs/exp1_collins_rul_cnn_2022_hashemi_clipping.csv
[collins_rul_cnn_2022] Loaded 1 instances; writing to /home/sasakis/v/tools/n2v/examples/FlowConformal/experiments/exp1_vnncomp_subset/outputs/exp1_collins_rul_cnn_2022_hashemi_clipping.csv
[collins_rul_cnn_2022] Hashemi-clipping config: m=8000 ell=7999 epsilon=0.001 SEED=47
[collins_rul_cnn_2022 1/1 t=0s budget=1800s] onnx/NN_rul_full_window_20.onnx + vnnlib/if_then_9levels_w20.vnnlib
    verdict=SAT  wall=3.1s

=== Sweep complete ===
Wrote /home/sasakis/v/tools/n2v/examples/FlowConformal/experiments/exp1_vnncomp_subset/outputs/exp1_collins_rul_cnn_2022_hashemi_clipping.csv
Total wall-clock: 0.1 min
Counts: {'UNSAT': 0, 'SAT': 1, 'UNKNOWN': 0, 'SKIPPED': 0, 'ERROR': 0, 'TIMEOUT': 0}
[run_cell   44/  62 t= 1960s] idx=43   budget=60s (shell timeout=120s)
[collins_rul_cnn_2022] running only idx=43; appending to /home/sasakis/v/tools/n2v/examples/FlowConformal/experiments/exp1_vnncomp_subset/outputs/exp1_collins_rul_cnn_2022_hashemi_clipping.csv
[collins_rul_cnn_2022] Loaded 1 instances; writing to /home/sasakis/v/tools/n2v/examples/FlowConformal/experiments/exp1_vnncomp_subset/outputs/exp1_collins_rul_cnn_2022_hashemi_clipping.csv
[collins_rul_cnn_2022] Hashemi-clipping config: m=8000 ell=7999 epsilon=0.001 SEED=47
[collins_rul_cnn_2022 1/1 t=0s budget=60s] onnx/NN_rul_full_window_40.onnx + vnnlib/robustness_2perturbations_delta5_epsilon10_w40.vnnlib
    verdict=UNSAT  wall=85.0s

=== Sweep complete ===
Wrote /home/sasakis/v/tools/n2v/examples/FlowConformal/experiments/exp1_vnncomp_subset/outputs/exp1_collins_rul_cnn_2022_hashemi_clipping.csv
Total wall-clock: 1.4 min
Counts: {'UNSAT': 1, 'SAT': 0, 'UNKNOWN': 0, 'SKIPPED': 0, 'ERROR': 0, 'TIMEOUT': 0}
[run_cell   45/  62 t= 2050s] idx=44   budget=90s (shell timeout=150s)
[collins_rul_cnn_2022] running only idx=44; appending to /home/sasakis/v/tools/n2v/examples/FlowConformal/experiments/exp1_vnncomp_subset/outputs/exp1_collins_rul_cnn_2022_hashemi_clipping.csv
[collins_rul_cnn_2022] Loaded 1 instances; writing to /home/sasakis/v/tools/n2v/examples/FlowConformal/experiments/exp1_vnncomp_subset/outputs/exp1_collins_rul_cnn_2022_hashemi_clipping.csv
[collins_rul_cnn_2022] Hashemi-clipping config: m=8000 ell=7999 epsilon=0.001 SEED=47
[collins_rul_cnn_2022 1/1 t=0s budget=90s] onnx/NN_rul_full_window_40.onnx + vnnlib/robustness_2perturbations_delta10_epsilon10_w40.vnnlib
    verdict=UNSAT  wall=60.5s

=== Sweep complete ===
Wrote /home/sasakis/v/tools/n2v/examples/FlowConformal/experiments/exp1_vnncomp_subset/outputs/exp1_collins_rul_cnn_2022_hashemi_clipping.csv
Total wall-clock: 1.0 min
Counts: {'UNSAT': 1, 'SAT': 0, 'UNKNOWN': 0, 'SKIPPED': 0, 'ERROR': 0, 'TIMEOUT': 0}
[run_cell   46/  62 t= 2116s] idx=45   budget=120s (shell timeout=180s)
[collins_rul_cnn_2022] running only idx=45; appending to /home/sasakis/v/tools/n2v/examples/FlowConformal/experiments/exp1_vnncomp_subset/outputs/exp1_collins_rul_cnn_2022_hashemi_clipping.csv
[collins_rul_cnn_2022] Loaded 1 instances; writing to /home/sasakis/v/tools/n2v/examples/FlowConformal/experiments/exp1_vnncomp_subset/outputs/exp1_collins_rul_cnn_2022_hashemi_clipping.csv
[collins_rul_cnn_2022] Hashemi-clipping config: m=8000 ell=7999 epsilon=0.001 SEED=47
[collins_rul_cnn_2022 1/1 t=0s budget=120s] onnx/NN_rul_full_window_40.onnx + vnnlib/robustness_2perturbations_delta20_epsilon10_w40.vnnlib
    verdict=UNSAT  wall=91.8s

=== Sweep complete ===
Wrote /home/sasakis/v/tools/n2v/examples/FlowConformal/experiments/exp1_vnncomp_subset/outputs/exp1_collins_rul_cnn_2022_hashemi_clipping.csv
Total wall-clock: 1.5 min
Counts: {'UNSAT': 1, 'SAT': 0, 'UNKNOWN': 0, 'SKIPPED': 0, 'ERROR': 0, 'TIMEOUT': 0}
[run_cell   47/  62 t= 2213s] idx=46   budget=300s (shell timeout=360s)
[collins_rul_cnn_2022] running only idx=46; appending to /home/sasakis/v/tools/n2v/examples/FlowConformal/experiments/exp1_vnncomp_subset/outputs/exp1_collins_rul_cnn_2022_hashemi_clipping.csv
[collins_rul_cnn_2022] Loaded 1 instances; writing to /home/sasakis/v/tools/n2v/examples/FlowConformal/experiments/exp1_vnncomp_subset/outputs/exp1_collins_rul_cnn_2022_hashemi_clipping.csv
[collins_rul_cnn_2022] Hashemi-clipping config: m=8000 ell=7999 epsilon=0.001 SEED=47
[collins_rul_cnn_2022 1/1 t=0s budget=300s] onnx/NN_rul_full_window_40.onnx + vnnlib/robustness_2perturbations_delta40_epsilon10_w40.vnnlib
    verdict=UNSAT  wall=92.0s

=== Sweep complete ===
Wrote /home/sasakis/v/tools/n2v/examples/FlowConformal/experiments/exp1_vnncomp_subset/outputs/exp1_collins_rul_cnn_2022_hashemi_clipping.csv
Total wall-clock: 1.5 min
Counts: {'UNSAT': 1, 'SAT': 0, 'UNKNOWN': 0, 'SKIPPED': 0, 'ERROR': 0, 'TIMEOUT': 0}
[run_cell   48/  62 t= 2310s] idx=47   budget=120s (shell timeout=180s)
[collins_rul_cnn_2022] running only idx=47; appending to /home/sasakis/v/tools/n2v/examples/FlowConformal/experiments/exp1_vnncomp_subset/outputs/exp1_collins_rul_cnn_2022_hashemi_clipping.csv
[collins_rul_cnn_2022] Loaded 1 instances; writing to /home/sasakis/v/tools/n2v/examples/FlowConformal/experiments/exp1_vnncomp_subset/outputs/exp1_collins_rul_cnn_2022_hashemi_clipping.csv
[collins_rul_cnn_2022] Hashemi-clipping config: m=8000 ell=7999 epsilon=0.001 SEED=47
[collins_rul_cnn_2022 1/1 t=0s budget=120s] onnx/NN_rul_full_window_40.onnx + vnnlib/robustness_4perturbations_delta5_epsilon10_w40.vnnlib
    verdict=SAT  wall=2.8s

=== Sweep complete ===
Wrote /home/sasakis/v/tools/n2v/examples/FlowConformal/experiments/exp1_vnncomp_subset/outputs/exp1_collins_rul_cnn_2022_hashemi_clipping.csv
Total wall-clock: 0.0 min
Counts: {'UNSAT': 0, 'SAT': 1, 'UNKNOWN': 0, 'SKIPPED': 0, 'ERROR': 0, 'TIMEOUT': 0}
[run_cell   49/  62 t= 2317s] idx=48   budget=120s (shell timeout=180s)
[collins_rul_cnn_2022] running only idx=48; appending to /home/sasakis/v/tools/n2v/examples/FlowConformal/experiments/exp1_vnncomp_subset/outputs/exp1_collins_rul_cnn_2022_hashemi_clipping.csv
[collins_rul_cnn_2022] Loaded 1 instances; writing to /home/sasakis/v/tools/n2v/examples/FlowConformal/experiments/exp1_vnncomp_subset/outputs/exp1_collins_rul_cnn_2022_hashemi_clipping.csv
[collins_rul_cnn_2022] Hashemi-clipping config: m=8000 ell=7999 epsilon=0.001 SEED=47
[collins_rul_cnn_2022 1/1 t=0s budget=120s] onnx/NN_rul_full_window_40.onnx + vnnlib/robustness_4perturbations_delta10_epsilon10_w40.vnnlib
    verdict=SAT  wall=2.8s

=== Sweep complete ===
Wrote /home/sasakis/v/tools/n2v/examples/FlowConformal/experiments/exp1_vnncomp_subset/outputs/exp1_collins_rul_cnn_2022_hashemi_clipping.csv
Total wall-clock: 0.0 min
Counts: {'UNSAT': 0, 'SAT': 1, 'UNKNOWN': 0, 'SKIPPED': 0, 'ERROR': 0, 'TIMEOUT': 0}
[run_cell   50/  62 t= 2325s] idx=49   budget=120s (shell timeout=180s)
[collins_rul_cnn_2022] running only idx=49; appending to /home/sasakis/v/tools/n2v/examples/FlowConformal/experiments/exp1_vnncomp_subset/outputs/exp1_collins_rul_cnn_2022_hashemi_clipping.csv
[collins_rul_cnn_2022] Loaded 1 instances; writing to /home/sasakis/v/tools/n2v/examples/FlowConformal/experiments/exp1_vnncomp_subset/outputs/exp1_collins_rul_cnn_2022_hashemi_clipping.csv
[collins_rul_cnn_2022] Hashemi-clipping config: m=8000 ell=7999 epsilon=0.001 SEED=47
[collins_rul_cnn_2022 1/1 t=0s budget=120s] onnx/NN_rul_full_window_40.onnx + vnnlib/robustness_4perturbations_delta20_epsilon10_w40.vnnlib
    verdict=UNSAT  wall=64.3s

=== Sweep complete ===
Wrote /home/sasakis/v/tools/n2v/examples/FlowConformal/experiments/exp1_vnncomp_subset/outputs/exp1_collins_rul_cnn_2022_hashemi_clipping.csv
Total wall-clock: 1.1 min
Counts: {'UNSAT': 1, 'SAT': 0, 'UNKNOWN': 0, 'SKIPPED': 0, 'ERROR': 0, 'TIMEOUT': 0}
[run_cell   51/  62 t= 2394s] idx=50   budget=300s (shell timeout=360s)
[collins_rul_cnn_2022] running only idx=50; appending to /home/sasakis/v/tools/n2v/examples/FlowConformal/experiments/exp1_vnncomp_subset/outputs/exp1_collins_rul_cnn_2022_hashemi_clipping.csv
[collins_rul_cnn_2022] Loaded 1 instances; writing to /home/sasakis/v/tools/n2v/examples/FlowConformal/experiments/exp1_vnncomp_subset/outputs/exp1_collins_rul_cnn_2022_hashemi_clipping.csv
[collins_rul_cnn_2022] Hashemi-clipping config: m=8000 ell=7999 epsilon=0.001 SEED=47
[collins_rul_cnn_2022 1/1 t=0s budget=300s] onnx/NN_rul_full_window_40.onnx + vnnlib/robustness_4perturbations_delta40_epsilon10_w40.vnnlib
    verdict=SAT  wall=2.9s

=== Sweep complete ===
Wrote /home/sasakis/v/tools/n2v/examples/FlowConformal/experiments/exp1_vnncomp_subset/outputs/exp1_collins_rul_cnn_2022_hashemi_clipping.csv
Total wall-clock: 0.0 min
Counts: {'UNSAT': 0, 'SAT': 1, 'UNKNOWN': 0, 'SKIPPED': 0, 'ERROR': 0, 'TIMEOUT': 0}
[run_cell   52/  62 t= 2401s] idx=51   budget=120s (shell timeout=180s)
[collins_rul_cnn_2022] running only idx=51; appending to /home/sasakis/v/tools/n2v/examples/FlowConformal/experiments/exp1_vnncomp_subset/outputs/exp1_collins_rul_cnn_2022_hashemi_clipping.csv
[collins_rul_cnn_2022] Loaded 1 instances; writing to /home/sasakis/v/tools/n2v/examples/FlowConformal/experiments/exp1_vnncomp_subset/outputs/exp1_collins_rul_cnn_2022_hashemi_clipping.csv
[collins_rul_cnn_2022] Hashemi-clipping config: m=8000 ell=7999 epsilon=0.001 SEED=47
[collins_rul_cnn_2022 1/1 t=0s budget=120s] onnx/NN_rul_full_window_40.onnx + vnnlib/robustness_8perturbations_delta5_epsilon10_w40.vnnlib
    verdict=UNSAT  wall=89.4s

=== Sweep complete ===
Wrote /home/sasakis/v/tools/n2v/examples/FlowConformal/experiments/exp1_vnncomp_subset/outputs/exp1_collins_rul_cnn_2022_hashemi_clipping.csv
Total wall-clock: 1.5 min
Counts: {'UNSAT': 1, 'SAT': 0, 'UNKNOWN': 0, 'SKIPPED': 0, 'ERROR': 0, 'TIMEOUT': 0}
[run_cell   53/  62 t= 2496s] idx=52   budget=300s (shell timeout=360s)
[collins_rul_cnn_2022] running only idx=52; appending to /home/sasakis/v/tools/n2v/examples/FlowConformal/experiments/exp1_vnncomp_subset/outputs/exp1_collins_rul_cnn_2022_hashemi_clipping.csv
[collins_rul_cnn_2022] Loaded 1 instances; writing to /home/sasakis/v/tools/n2v/examples/FlowConformal/experiments/exp1_vnncomp_subset/outputs/exp1_collins_rul_cnn_2022_hashemi_clipping.csv
[collins_rul_cnn_2022] Hashemi-clipping config: m=8000 ell=7999 epsilon=0.001 SEED=47
[collins_rul_cnn_2022 1/1 t=0s budget=300s] onnx/NN_rul_full_window_40.onnx + vnnlib/robustness_8perturbations_delta10_epsilon10_w40.vnnlib
    verdict=UNSAT  wall=68.5s

=== Sweep complete ===
Wrote /home/sasakis/v/tools/n2v/examples/FlowConformal/experiments/exp1_vnncomp_subset/outputs/exp1_collins_rul_cnn_2022_hashemi_clipping.csv
Total wall-clock: 1.1 min
Counts: {'UNSAT': 1, 'SAT': 0, 'UNKNOWN': 0, 'SKIPPED': 0, 'ERROR': 0, 'TIMEOUT': 0}
[run_cell   54/  62 t= 2569s] idx=53   budget=300s (shell timeout=360s)
[collins_rul_cnn_2022] running only idx=53; appending to /home/sasakis/v/tools/n2v/examples/FlowConformal/experiments/exp1_vnncomp_subset/outputs/exp1_collins_rul_cnn_2022_hashemi_clipping.csv
[collins_rul_cnn_2022] Loaded 1 instances; writing to /home/sasakis/v/tools/n2v/examples/FlowConformal/experiments/exp1_vnncomp_subset/outputs/exp1_collins_rul_cnn_2022_hashemi_clipping.csv
[collins_rul_cnn_2022] Hashemi-clipping config: m=8000 ell=7999 epsilon=0.001 SEED=47
[collins_rul_cnn_2022 1/1 t=0s budget=300s] onnx/NN_rul_full_window_40.onnx + vnnlib/robustness_8perturbations_delta20_epsilon10_w40.vnnlib
    verdict=UNSAT  wall=66.4s

=== Sweep complete ===
Wrote /home/sasakis/v/tools/n2v/examples/FlowConformal/experiments/exp1_vnncomp_subset/outputs/exp1_collins_rul_cnn_2022_hashemi_clipping.csv
Total wall-clock: 1.1 min
Counts: {'UNSAT': 1, 'SAT': 0, 'UNKNOWN': 0, 'SKIPPED': 0, 'ERROR': 0, 'TIMEOUT': 0}
[run_cell   55/  62 t= 2641s] idx=54   budget=600s (shell timeout=660s)
[collins_rul_cnn_2022] running only idx=54; appending to /home/sasakis/v/tools/n2v/examples/FlowConformal/experiments/exp1_vnncomp_subset/outputs/exp1_collins_rul_cnn_2022_hashemi_clipping.csv
[collins_rul_cnn_2022] Loaded 1 instances; writing to /home/sasakis/v/tools/n2v/examples/FlowConformal/experiments/exp1_vnncomp_subset/outputs/exp1_collins_rul_cnn_2022_hashemi_clipping.csv
[collins_rul_cnn_2022] Hashemi-clipping config: m=8000 ell=7999 epsilon=0.001 SEED=47
[collins_rul_cnn_2022 1/1 t=0s budget=600s] onnx/NN_rul_full_window_40.onnx + vnnlib/robustness_8perturbations_delta40_epsilon10_w40.vnnlib
    verdict=SAT  wall=2.9s

=== Sweep complete ===
Wrote /home/sasakis/v/tools/n2v/examples/FlowConformal/experiments/exp1_vnncomp_subset/outputs/exp1_collins_rul_cnn_2022_hashemi_clipping.csv
Total wall-clock: 0.0 min
Counts: {'UNSAT': 0, 'SAT': 1, 'UNKNOWN': 0, 'SKIPPED': 0, 'ERROR': 0, 'TIMEOUT': 0}
[run_cell   56/  62 t= 2648s] idx=55   budget=300s (shell timeout=360s)
[collins_rul_cnn_2022] running only idx=55; appending to /home/sasakis/v/tools/n2v/examples/FlowConformal/experiments/exp1_vnncomp_subset/outputs/exp1_collins_rul_cnn_2022_hashemi_clipping.csv
[collins_rul_cnn_2022] Loaded 1 instances; writing to /home/sasakis/v/tools/n2v/examples/FlowConformal/experiments/exp1_vnncomp_subset/outputs/exp1_collins_rul_cnn_2022_hashemi_clipping.csv
[collins_rul_cnn_2022] Hashemi-clipping config: m=8000 ell=7999 epsilon=0.001 SEED=47
[collins_rul_cnn_2022 1/1 t=0s budget=300s] onnx/NN_rul_full_window_40.onnx + vnnlib/robustness_16perturbations_delta5_epsilon10_w40.vnnlib
    verdict=UNSAT  wall=74.9s

=== Sweep complete ===
Wrote /home/sasakis/v/tools/n2v/examples/FlowConformal/experiments/exp1_vnncomp_subset/outputs/exp1_collins_rul_cnn_2022_hashemi_clipping.csv
Total wall-clock: 1.2 min
Counts: {'UNSAT': 1, 'SAT': 0, 'UNKNOWN': 0, 'SKIPPED': 0, 'ERROR': 0, 'TIMEOUT': 0}
[run_cell   57/  62 t= 2728s] idx=56   budget=300s (shell timeout=360s)
[collins_rul_cnn_2022] running only idx=56; appending to /home/sasakis/v/tools/n2v/examples/FlowConformal/experiments/exp1_vnncomp_subset/outputs/exp1_collins_rul_cnn_2022_hashemi_clipping.csv
[collins_rul_cnn_2022] Loaded 1 instances; writing to /home/sasakis/v/tools/n2v/examples/FlowConformal/experiments/exp1_vnncomp_subset/outputs/exp1_collins_rul_cnn_2022_hashemi_clipping.csv
[collins_rul_cnn_2022] Hashemi-clipping config: m=8000 ell=7999 epsilon=0.001 SEED=47
[collins_rul_cnn_2022 1/1 t=0s budget=300s] onnx/NN_rul_full_window_40.onnx + vnnlib/robustness_16perturbations_delta10_epsilon10_w40.vnnlib
    verdict=UNSAT  wall=59.0s

=== Sweep complete ===
Wrote /home/sasakis/v/tools/n2v/examples/FlowConformal/experiments/exp1_vnncomp_subset/outputs/exp1_collins_rul_cnn_2022_hashemi_clipping.csv
Total wall-clock: 1.0 min
Counts: {'UNSAT': 1, 'SAT': 0, 'UNKNOWN': 0, 'SKIPPED': 0, 'ERROR': 0, 'TIMEOUT': 0}
[run_cell   58/  62 t= 2792s] idx=57   budget=600s (shell timeout=660s)
[collins_rul_cnn_2022] running only idx=57; appending to /home/sasakis/v/tools/n2v/examples/FlowConformal/experiments/exp1_vnncomp_subset/outputs/exp1_collins_rul_cnn_2022_hashemi_clipping.csv
[collins_rul_cnn_2022] Loaded 1 instances; writing to /home/sasakis/v/tools/n2v/examples/FlowConformal/experiments/exp1_vnncomp_subset/outputs/exp1_collins_rul_cnn_2022_hashemi_clipping.csv
[collins_rul_cnn_2022] Hashemi-clipping config: m=8000 ell=7999 epsilon=0.001 SEED=47
[collins_rul_cnn_2022 1/1 t=0s budget=600s] onnx/NN_rul_full_window_40.onnx + vnnlib/robustness_16perturbations_delta20_epsilon10_w40.vnnlib
    verdict=UNSAT  wall=64.4s

=== Sweep complete ===
Wrote /home/sasakis/v/tools/n2v/examples/FlowConformal/experiments/exp1_vnncomp_subset/outputs/exp1_collins_rul_cnn_2022_hashemi_clipping.csv
Total wall-clock: 1.1 min
Counts: {'UNSAT': 1, 'SAT': 0, 'UNKNOWN': 0, 'SKIPPED': 0, 'ERROR': 0, 'TIMEOUT': 0}
[run_cell   59/  62 t= 2861s] idx=58   budget=1200s (shell timeout=1260s)
[collins_rul_cnn_2022] running only idx=58; appending to /home/sasakis/v/tools/n2v/examples/FlowConformal/experiments/exp1_vnncomp_subset/outputs/exp1_collins_rul_cnn_2022_hashemi_clipping.csv
[collins_rul_cnn_2022] Loaded 1 instances; writing to /home/sasakis/v/tools/n2v/examples/FlowConformal/experiments/exp1_vnncomp_subset/outputs/exp1_collins_rul_cnn_2022_hashemi_clipping.csv
[collins_rul_cnn_2022] Hashemi-clipping config: m=8000 ell=7999 epsilon=0.001 SEED=47
[collins_rul_cnn_2022 1/1 t=0s budget=1200s] onnx/NN_rul_full_window_40.onnx + vnnlib/robustness_16perturbations_delta40_epsilon10_w40.vnnlib
    verdict=UNSAT  wall=62.7s

=== Sweep complete ===
Wrote /home/sasakis/v/tools/n2v/examples/FlowConformal/experiments/exp1_vnncomp_subset/outputs/exp1_collins_rul_cnn_2022_hashemi_clipping.csv
Total wall-clock: 1.0 min
Counts: {'UNSAT': 1, 'SAT': 0, 'UNKNOWN': 0, 'SKIPPED': 0, 'ERROR': 0, 'TIMEOUT': 0}
[run_cell   60/  62 t= 2929s] idx=59   budget=120s (shell timeout=180s)
[collins_rul_cnn_2022] running only idx=59; appending to /home/sasakis/v/tools/n2v/examples/FlowConformal/experiments/exp1_vnncomp_subset/outputs/exp1_collins_rul_cnn_2022_hashemi_clipping.csv
[collins_rul_cnn_2022] Loaded 1 instances; writing to /home/sasakis/v/tools/n2v/examples/FlowConformal/experiments/exp1_vnncomp_subset/outputs/exp1_collins_rul_cnn_2022_hashemi_clipping.csv
[collins_rul_cnn_2022] Hashemi-clipping config: m=8000 ell=7999 epsilon=0.001 SEED=47
[collins_rul_cnn_2022 1/1 t=0s budget=120s] onnx/NN_rul_full_window_40.onnx + vnnlib/monotonicity_CI_shift5_w40.vnnlib
    verdict=UNSAT  wall=73.5s

=== Sweep complete ===
Wrote /home/sasakis/v/tools/n2v/examples/FlowConformal/experiments/exp1_vnncomp_subset/outputs/exp1_collins_rul_cnn_2022_hashemi_clipping.csv
Total wall-clock: 1.2 min
Counts: {'UNSAT': 1, 'SAT': 0, 'UNKNOWN': 0, 'SKIPPED': 0, 'ERROR': 0, 'TIMEOUT': 0}
[run_cell   61/  62 t= 3007s] idx=60   budget=300s (shell timeout=360s)
[collins_rul_cnn_2022] running only idx=60; appending to /home/sasakis/v/tools/n2v/examples/FlowConformal/experiments/exp1_vnncomp_subset/outputs/exp1_collins_rul_cnn_2022_hashemi_clipping.csv
[collins_rul_cnn_2022] Loaded 1 instances; writing to /home/sasakis/v/tools/n2v/examples/FlowConformal/experiments/exp1_vnncomp_subset/outputs/exp1_collins_rul_cnn_2022_hashemi_clipping.csv
[collins_rul_cnn_2022] Hashemi-clipping config: m=8000 ell=7999 epsilon=0.001 SEED=47
[collins_rul_cnn_2022 1/1 t=0s budget=300s] onnx/NN_rul_full_window_40.onnx + vnnlib/monotonicity_CI_shift10_w40.vnnlib
    verdict=UNSAT  wall=98.1s

=== Sweep complete ===
Wrote /home/sasakis/v/tools/n2v/examples/FlowConformal/experiments/exp1_vnncomp_subset/outputs/exp1_collins_rul_cnn_2022_hashemi_clipping.csv
Total wall-clock: 1.6 min
Counts: {'UNSAT': 1, 'SAT': 0, 'UNKNOWN': 0, 'SKIPPED': 0, 'ERROR': 0, 'TIMEOUT': 0}
[run_cell   62/  62 t= 3111s] idx=61   budget=600s (shell timeout=660s)
[collins_rul_cnn_2022] running only idx=61; appending to /home/sasakis/v/tools/n2v/examples/FlowConformal/experiments/exp1_vnncomp_subset/outputs/exp1_collins_rul_cnn_2022_hashemi_clipping.csv
[collins_rul_cnn_2022] Loaded 1 instances; writing to /home/sasakis/v/tools/n2v/examples/FlowConformal/experiments/exp1_vnncomp_subset/outputs/exp1_collins_rul_cnn_2022_hashemi_clipping.csv
[collins_rul_cnn_2022] Hashemi-clipping config: m=8000 ell=7999 epsilon=0.001 SEED=47
[collins_rul_cnn_2022 1/1 t=0s budget=600s] onnx/NN_rul_full_window_40.onnx + vnnlib/monotonicity_CI_shift20_w40.vnnlib
    verdict=UNSAT  wall=66.5s

=== Sweep complete ===
Wrote /home/sasakis/v/tools/n2v/examples/FlowConformal/experiments/exp1_vnncomp_subset/outputs/exp1_collins_rul_cnn_2022_hashemi_clipping.csv
Total wall-clock: 1.1 min
Counts: {'UNSAT': 1, 'SAT': 0, 'UNKNOWN': 0, 'SKIPPED': 0, 'ERROR': 0, 'TIMEOUT': 0}
[run_cell] complete. shell-killed timeouts and exits noted above; CSV row counts in the output file.

[2026-05-03T08:22:03-05:00] === END:   exp1_collins_rul_cnn_2022_hashemi_clipping (rc=0) ===
