[2026-05-05T19:13:37-05:00] === START: exp1_tllverify_2023_probstar ===
[run_cell] exp1_vnncomp_subset.exp1_run_probstar --benchmark tllverify_2023: 32 instances (START_IDX=0)
[run_cell    1/  32 t=    0s] idx=0    budget=600s (shell timeout=660s)
[tllverify_2023] running only idx=0; appending to /home/sasakis/v/tools/n2v/examples/FlowConformal/experiments/exp1_vnncomp_subset/outputs/exp1_tllverify_2023_probstar.csv
[tllverify_2023 1/1 t=0s budget=600s] idx=0 tllBench_n=2_N=M=8_m=1_instance_0_0.onnx+property_N=8_0.vnnlib
    verdict=ERROR  wall=4.38s

=== Sweep complete ===
Wrote /home/sasakis/v/tools/n2v/examples/FlowConformal/experiments/exp1_vnncomp_subset/outputs/exp1_tllverify_2023_probstar.csv
Total wall-clock: 0.1 min
Counts: {'UNSAT': 0, 'SAT': 0, 'UNKNOWN': 0, 'NOT_APPLICABLE': 0, 'ERROR': 1, 'TIMEOUT': 0}
[run_cell    2/  32 t=    8s] idx=1    budget=600s (shell timeout=660s)
[tllverify_2023] running only idx=1; appending to /home/sasakis/v/tools/n2v/examples/FlowConformal/experiments/exp1_vnncomp_subset/outputs/exp1_tllverify_2023_probstar.csv
[tllverify_2023 1/1 t=0s budget=600s] idx=1 tllBench_n=2_N=M=8_m=1_instance_0_1.onnx+property_N=8_1.vnnlib
    verdict=ERROR  wall=4.29s

=== Sweep complete ===
Wrote /home/sasakis/v/tools/n2v/examples/FlowConformal/experiments/exp1_vnncomp_subset/outputs/exp1_tllverify_2023_probstar.csv
Total wall-clock: 0.1 min
Counts: {'UNSAT': 0, 'SAT': 0, 'UNKNOWN': 0, 'NOT_APPLICABLE': 0, 'ERROR': 1, 'TIMEOUT': 0}
[run_cell    3/  32 t=   16s] idx=2    budget=600s (shell timeout=660s)
[tllverify_2023] running only idx=2; appending to /home/sasakis/v/tools/n2v/examples/FlowConformal/experiments/exp1_vnncomp_subset/outputs/exp1_tllverify_2023_probstar.csv
[tllverify_2023 1/1 t=0s budget=600s] idx=2 tllBench_n=2_N=M=8_m=1_instance_0_2.onnx+property_N=8_2.vnnlib
    verdict=ERROR  wall=4.27s

=== Sweep complete ===
Wrote /home/sasakis/v/tools/n2v/examples/FlowConformal/experiments/exp1_vnncomp_subset/outputs/exp1_tllverify_2023_probstar.csv
Total wall-clock: 0.1 min
Counts: {'UNSAT': 0, 'SAT': 0, 'UNKNOWN': 0, 'NOT_APPLICABLE': 0, 'ERROR': 1, 'TIMEOUT': 0}
[run_cell    4/  32 t=   25s] idx=3    budget=600s (shell timeout=660s)
[tllverify_2023] running only idx=3; appending to /home/sasakis/v/tools/n2v/examples/FlowConformal/experiments/exp1_vnncomp_subset/outputs/exp1_tllverify_2023_probstar.csv
[tllverify_2023 1/1 t=0s budget=600s] idx=3 tllBench_n=2_N=M=8_m=1_instance_0_3.onnx+property_N=8_3.vnnlib
    verdict=ERROR  wall=4.31s

=== Sweep complete ===
Wrote /home/sasakis/v/tools/n2v/examples/FlowConformal/experiments/exp1_vnncomp_subset/outputs/exp1_tllverify_2023_probstar.csv
Total wall-clock: 0.1 min
Counts: {'UNSAT': 0, 'SAT': 0, 'UNKNOWN': 0, 'NOT_APPLICABLE': 0, 'ERROR': 1, 'TIMEOUT': 0}
[run_cell    5/  32 t=   33s] idx=4    budget=600s (shell timeout=660s)
[tllverify_2023] running only idx=4; appending to /home/sasakis/v/tools/n2v/examples/FlowConformal/experiments/exp1_vnncomp_subset/outputs/exp1_tllverify_2023_probstar.csv
[tllverify_2023 1/1 t=0s budget=600s] idx=4 tllBench_n=2_N=M=16_m=1_instance_1_0.onnx+property_N=16_0.vnnlib
    verdict=ERROR  wall=4.13s

=== Sweep complete ===
Wrote /home/sasakis/v/tools/n2v/examples/FlowConformal/experiments/exp1_vnncomp_subset/outputs/exp1_tllverify_2023_probstar.csv
Total wall-clock: 0.1 min
Counts: {'UNSAT': 0, 'SAT': 0, 'UNKNOWN': 0, 'NOT_APPLICABLE': 0, 'ERROR': 1, 'TIMEOUT': 0}
[run_cell    6/  32 t=   41s] idx=5    budget=600s (shell timeout=660s)
[tllverify_2023] running only idx=5; appending to /home/sasakis/v/tools/n2v/examples/FlowConformal/experiments/exp1_vnncomp_subset/outputs/exp1_tllverify_2023_probstar.csv
[tllverify_2023 1/1 t=0s budget=600s] idx=5 tllBench_n=2_N=M=16_m=1_instance_1_1.onnx+property_N=16_1.vnnlib
    verdict=ERROR  wall=4.23s

=== Sweep complete ===
Wrote /home/sasakis/v/tools/n2v/examples/FlowConformal/experiments/exp1_vnncomp_subset/outputs/exp1_tllverify_2023_probstar.csv
Total wall-clock: 0.1 min
Counts: {'UNSAT': 0, 'SAT': 0, 'UNKNOWN': 0, 'NOT_APPLICABLE': 0, 'ERROR': 1, 'TIMEOUT': 0}
[run_cell    7/  32 t=   50s] idx=6    budget=600s (shell timeout=660s)
[tllverify_2023] running only idx=6; appending to /home/sasakis/v/tools/n2v/examples/FlowConformal/experiments/exp1_vnncomp_subset/outputs/exp1_tllverify_2023_probstar.csv
[tllverify_2023 1/1 t=0s budget=600s] idx=6 tllBench_n=2_N=M=16_m=1_instance_1_2.onnx+property_N=16_2.vnnlib
    verdict=ERROR  wall=4.11s

=== Sweep complete ===
Wrote /home/sasakis/v/tools/n2v/examples/FlowConformal/experiments/exp1_vnncomp_subset/outputs/exp1_tllverify_2023_probstar.csv
Total wall-clock: 0.1 min
Counts: {'UNSAT': 0, 'SAT': 0, 'UNKNOWN': 0, 'NOT_APPLICABLE': 0, 'ERROR': 1, 'TIMEOUT': 0}
[run_cell    8/  32 t=   58s] idx=7    budget=600s (shell timeout=660s)
[tllverify_2023] running only idx=7; appending to /home/sasakis/v/tools/n2v/examples/FlowConformal/experiments/exp1_vnncomp_subset/outputs/exp1_tllverify_2023_probstar.csv
[tllverify_2023 1/1 t=0s budget=600s] idx=7 tllBench_n=2_N=M=16_m=1_instance_1_3.onnx+property_N=16_3.vnnlib
    verdict=ERROR  wall=4.11s

=== Sweep complete ===
Wrote /home/sasakis/v/tools/n2v/examples/FlowConformal/experiments/exp1_vnncomp_subset/outputs/exp1_tllverify_2023_probstar.csv
Total wall-clock: 0.1 min
Counts: {'UNSAT': 0, 'SAT': 0, 'UNKNOWN': 0, 'NOT_APPLICABLE': 0, 'ERROR': 1, 'TIMEOUT': 0}
[run_cell    9/  32 t=   66s] idx=8    budget=600s (shell timeout=660s)
[tllverify_2023] running only idx=8; appending to /home/sasakis/v/tools/n2v/examples/FlowConformal/experiments/exp1_vnncomp_subset/outputs/exp1_tllverify_2023_probstar.csv
[tllverify_2023 1/1 t=0s budget=600s] idx=8 tllBench_n=2_N=M=24_m=1_instance_2_0.onnx+property_N=24_0.vnnlib
    verdict=ERROR  wall=4.38s

=== Sweep complete ===
Wrote /home/sasakis/v/tools/n2v/examples/FlowConformal/experiments/exp1_vnncomp_subset/outputs/exp1_tllverify_2023_probstar.csv
Total wall-clock: 0.1 min
Counts: {'UNSAT': 0, 'SAT': 0, 'UNKNOWN': 0, 'NOT_APPLICABLE': 0, 'ERROR': 1, 'TIMEOUT': 0}
[run_cell   10/  32 t=   74s] idx=9    budget=600s (shell timeout=660s)
[tllverify_2023] running only idx=9; appending to /home/sasakis/v/tools/n2v/examples/FlowConformal/experiments/exp1_vnncomp_subset/outputs/exp1_tllverify_2023_probstar.csv
[tllverify_2023 1/1 t=0s budget=600s] idx=9 tllBench_n=2_N=M=24_m=1_instance_2_1.onnx+property_N=24_1.vnnlib
    verdict=ERROR  wall=4.27s

=== Sweep complete ===
Wrote /home/sasakis/v/tools/n2v/examples/FlowConformal/experiments/exp1_vnncomp_subset/outputs/exp1_tllverify_2023_probstar.csv
Total wall-clock: 0.1 min
Counts: {'UNSAT': 0, 'SAT': 0, 'UNKNOWN': 0, 'NOT_APPLICABLE': 0, 'ERROR': 1, 'TIMEOUT': 0}
[run_cell   11/  32 t=   82s] idx=10   budget=600s (shell timeout=660s)
[tllverify_2023] running only idx=10; appending to /home/sasakis/v/tools/n2v/examples/FlowConformal/experiments/exp1_vnncomp_subset/outputs/exp1_tllverify_2023_probstar.csv
[tllverify_2023 1/1 t=0s budget=600s] idx=10 tllBench_n=2_N=M=24_m=1_instance_2_2.onnx+property_N=24_2.vnnlib
    verdict=ERROR  wall=4.13s

=== Sweep complete ===
Wrote /home/sasakis/v/tools/n2v/examples/FlowConformal/experiments/exp1_vnncomp_subset/outputs/exp1_tllverify_2023_probstar.csv
Total wall-clock: 0.1 min
Counts: {'UNSAT': 0, 'SAT': 0, 'UNKNOWN': 0, 'NOT_APPLICABLE': 0, 'ERROR': 1, 'TIMEOUT': 0}
[run_cell   12/  32 t=   91s] idx=11   budget=600s (shell timeout=660s)
[tllverify_2023] running only idx=11; appending to /home/sasakis/v/tools/n2v/examples/FlowConformal/experiments/exp1_vnncomp_subset/outputs/exp1_tllverify_2023_probstar.csv
[tllverify_2023 1/1 t=0s budget=600s] idx=11 tllBench_n=2_N=M=24_m=1_instance_2_3.onnx+property_N=24_3.vnnlib
    verdict=ERROR  wall=4.44s

=== Sweep complete ===
Wrote /home/sasakis/v/tools/n2v/examples/FlowConformal/experiments/exp1_vnncomp_subset/outputs/exp1_tllverify_2023_probstar.csv
Total wall-clock: 0.1 min
Counts: {'UNSAT': 0, 'SAT': 0, 'UNKNOWN': 0, 'NOT_APPLICABLE': 0, 'ERROR': 1, 'TIMEOUT': 0}
[run_cell   13/  32 t=   99s] idx=12   budget=600s (shell timeout=660s)
[tllverify_2023] running only idx=12; appending to /home/sasakis/v/tools/n2v/examples/FlowConformal/experiments/exp1_vnncomp_subset/outputs/exp1_tllverify_2023_probstar.csv
[tllverify_2023 1/1 t=0s budget=600s] idx=12 tllBench_n=2_N=M=32_m=1_instance_3_0.onnx+property_N=32_0.vnnlib
    verdict=ERROR  wall=4.28s

=== Sweep complete ===
Wrote /home/sasakis/v/tools/n2v/examples/FlowConformal/experiments/exp1_vnncomp_subset/outputs/exp1_tllverify_2023_probstar.csv
Total wall-clock: 0.1 min
Counts: {'UNSAT': 0, 'SAT': 0, 'UNKNOWN': 0, 'NOT_APPLICABLE': 0, 'ERROR': 1, 'TIMEOUT': 0}
[run_cell   14/  32 t=  107s] idx=13   budget=600s (shell timeout=660s)
[tllverify_2023] running only idx=13; appending to /home/sasakis/v/tools/n2v/examples/FlowConformal/experiments/exp1_vnncomp_subset/outputs/exp1_tllverify_2023_probstar.csv
[tllverify_2023 1/1 t=0s budget=600s] idx=13 tllBench_n=2_N=M=32_m=1_instance_3_1.onnx+property_N=32_1.vnnlib
    verdict=ERROR  wall=4.57s

=== Sweep complete ===
Wrote /home/sasakis/v/tools/n2v/examples/FlowConformal/experiments/exp1_vnncomp_subset/outputs/exp1_tllverify_2023_probstar.csv
Total wall-clock: 0.1 min
Counts: {'UNSAT': 0, 'SAT': 0, 'UNKNOWN': 0, 'NOT_APPLICABLE': 0, 'ERROR': 1, 'TIMEOUT': 0}
[run_cell   15/  32 t=  116s] idx=14   budget=600s (shell timeout=660s)
[tllverify_2023] running only idx=14; appending to /home/sasakis/v/tools/n2v/examples/FlowConformal/experiments/exp1_vnncomp_subset/outputs/exp1_tllverify_2023_probstar.csv
[tllverify_2023 1/1 t=0s budget=600s] idx=14 tllBench_n=2_N=M=32_m=1_instance_3_2.onnx+property_N=32_2.vnnlib
    verdict=ERROR  wall=4.55s

=== Sweep complete ===
Wrote /home/sasakis/v/tools/n2v/examples/FlowConformal/experiments/exp1_vnncomp_subset/outputs/exp1_tllverify_2023_probstar.csv
Total wall-clock: 0.1 min
Counts: {'UNSAT': 0, 'SAT': 0, 'UNKNOWN': 0, 'NOT_APPLICABLE': 0, 'ERROR': 1, 'TIMEOUT': 0}
[run_cell   16/  32 t=  124s] idx=15   budget=600s (shell timeout=660s)
[tllverify_2023] running only idx=15; appending to /home/sasakis/v/tools/n2v/examples/FlowConformal/experiments/exp1_vnncomp_subset/outputs/exp1_tllverify_2023_probstar.csv
[tllverify_2023 1/1 t=0s budget=600s] idx=15 tllBench_n=2_N=M=32_m=1_instance_3_3.onnx+property_N=32_3.vnnlib
    verdict=ERROR  wall=4.47s

=== Sweep complete ===
Wrote /home/sasakis/v/tools/n2v/examples/FlowConformal/experiments/exp1_vnncomp_subset/outputs/exp1_tllverify_2023_probstar.csv
Total wall-clock: 0.1 min
Counts: {'UNSAT': 0, 'SAT': 0, 'UNKNOWN': 0, 'NOT_APPLICABLE': 0, 'ERROR': 1, 'TIMEOUT': 0}
[run_cell   17/  32 t=  133s] idx=16   budget=600s (shell timeout=660s)
[tllverify_2023] running only idx=16; appending to /home/sasakis/v/tools/n2v/examples/FlowConformal/experiments/exp1_vnncomp_subset/outputs/exp1_tllverify_2023_probstar.csv
[tllverify_2023 1/1 t=0s budget=600s] idx=16 tllBench_n=2_N=M=40_m=1_instance_4_0.onnx+property_N=40_0.vnnlib
    verdict=ERROR  wall=4.62s

=== Sweep complete ===
Wrote /home/sasakis/v/tools/n2v/examples/FlowConformal/experiments/exp1_vnncomp_subset/outputs/exp1_tllverify_2023_probstar.csv
Total wall-clock: 0.1 min
Counts: {'UNSAT': 0, 'SAT': 0, 'UNKNOWN': 0, 'NOT_APPLICABLE': 0, 'ERROR': 1, 'TIMEOUT': 0}
[run_cell   18/  32 t=  142s] idx=17   budget=600s (shell timeout=660s)
[tllverify_2023] running only idx=17; appending to /home/sasakis/v/tools/n2v/examples/FlowConformal/experiments/exp1_vnncomp_subset/outputs/exp1_tllverify_2023_probstar.csv
[tllverify_2023 1/1 t=0s budget=600s] idx=17 tllBench_n=2_N=M=40_m=1_instance_4_1.onnx+property_N=40_1.vnnlib
    verdict=ERROR  wall=4.71s

=== Sweep complete ===
Wrote /home/sasakis/v/tools/n2v/examples/FlowConformal/experiments/exp1_vnncomp_subset/outputs/exp1_tllverify_2023_probstar.csv
Total wall-clock: 0.1 min
Counts: {'UNSAT': 0, 'SAT': 0, 'UNKNOWN': 0, 'NOT_APPLICABLE': 0, 'ERROR': 1, 'TIMEOUT': 0}
[run_cell   19/  32 t=  150s] idx=18   budget=600s (shell timeout=660s)
[tllverify_2023] running only idx=18; appending to /home/sasakis/v/tools/n2v/examples/FlowConformal/experiments/exp1_vnncomp_subset/outputs/exp1_tllverify_2023_probstar.csv
[tllverify_2023 1/1 t=0s budget=600s] idx=18 tllBench_n=2_N=M=40_m=1_instance_4_2.onnx+property_N=40_2.vnnlib
    verdict=ERROR  wall=4.87s

=== Sweep complete ===
Wrote /home/sasakis/v/tools/n2v/examples/FlowConformal/experiments/exp1_vnncomp_subset/outputs/exp1_tllverify_2023_probstar.csv
Total wall-clock: 0.1 min
Counts: {'UNSAT': 0, 'SAT': 0, 'UNKNOWN': 0, 'NOT_APPLICABLE': 0, 'ERROR': 1, 'TIMEOUT': 0}
[run_cell   20/  32 t=  159s] idx=19   budget=600s (shell timeout=660s)
[tllverify_2023] running only idx=19; appending to /home/sasakis/v/tools/n2v/examples/FlowConformal/experiments/exp1_vnncomp_subset/outputs/exp1_tllverify_2023_probstar.csv
[tllverify_2023 1/1 t=0s budget=600s] idx=19 tllBench_n=2_N=M=40_m=1_instance_4_3.onnx+property_N=40_3.vnnlib
    verdict=ERROR  wall=4.63s

=== Sweep complete ===
Wrote /home/sasakis/v/tools/n2v/examples/FlowConformal/experiments/exp1_vnncomp_subset/outputs/exp1_tllverify_2023_probstar.csv
Total wall-clock: 0.1 min
Counts: {'UNSAT': 0, 'SAT': 0, 'UNKNOWN': 0, 'NOT_APPLICABLE': 0, 'ERROR': 1, 'TIMEOUT': 0}
[run_cell   21/  32 t=  168s] idx=20   budget=600s (shell timeout=660s)
[tllverify_2023] running only idx=20; appending to /home/sasakis/v/tools/n2v/examples/FlowConformal/experiments/exp1_vnncomp_subset/outputs/exp1_tllverify_2023_probstar.csv
[tllverify_2023 1/1 t=0s budget=600s] idx=20 tllBench_n=2_N=M=48_m=1_instance_5_0.onnx+property_N=48_0.vnnlib
    verdict=ERROR  wall=5.19s

=== Sweep complete ===
Wrote /home/sasakis/v/tools/n2v/examples/FlowConformal/experiments/exp1_vnncomp_subset/outputs/exp1_tllverify_2023_probstar.csv
Total wall-clock: 0.1 min
Counts: {'UNSAT': 0, 'SAT': 0, 'UNKNOWN': 0, 'NOT_APPLICABLE': 0, 'ERROR': 1, 'TIMEOUT': 0}
[run_cell   22/  32 t=  177s] idx=21   budget=600s (shell timeout=660s)
[tllverify_2023] running only idx=21; appending to /home/sasakis/v/tools/n2v/examples/FlowConformal/experiments/exp1_vnncomp_subset/outputs/exp1_tllverify_2023_probstar.csv
[tllverify_2023 1/1 t=0s budget=600s] idx=21 tllBench_n=2_N=M=48_m=1_instance_5_1.onnx+property_N=48_1.vnnlib
    verdict=ERROR  wall=5.29s

=== Sweep complete ===
Wrote /home/sasakis/v/tools/n2v/examples/FlowConformal/experiments/exp1_vnncomp_subset/outputs/exp1_tllverify_2023_probstar.csv
Total wall-clock: 0.1 min
Counts: {'UNSAT': 0, 'SAT': 0, 'UNKNOWN': 0, 'NOT_APPLICABLE': 0, 'ERROR': 1, 'TIMEOUT': 0}
[run_cell   23/  32 t=  187s] idx=22   budget=600s (shell timeout=660s)
[tllverify_2023] running only idx=22; appending to /home/sasakis/v/tools/n2v/examples/FlowConformal/experiments/exp1_vnncomp_subset/outputs/exp1_tllverify_2023_probstar.csv
[tllverify_2023 1/1 t=0s budget=600s] idx=22 tllBench_n=2_N=M=48_m=1_instance_5_2.onnx+property_N=48_2.vnnlib
    verdict=ERROR  wall=5.21s

=== Sweep complete ===
Wrote /home/sasakis/v/tools/n2v/examples/FlowConformal/experiments/exp1_vnncomp_subset/outputs/exp1_tllverify_2023_probstar.csv
Total wall-clock: 0.1 min
Counts: {'UNSAT': 0, 'SAT': 0, 'UNKNOWN': 0, 'NOT_APPLICABLE': 0, 'ERROR': 1, 'TIMEOUT': 0}
[run_cell   24/  32 t=  196s] idx=23   budget=600s (shell timeout=660s)
[tllverify_2023] running only idx=23; appending to /home/sasakis/v/tools/n2v/examples/FlowConformal/experiments/exp1_vnncomp_subset/outputs/exp1_tllverify_2023_probstar.csv
[tllverify_2023 1/1 t=0s budget=600s] idx=23 tllBench_n=2_N=M=48_m=1_instance_5_3.onnx+property_N=48_3.vnnlib
    verdict=ERROR  wall=5.44s

=== Sweep complete ===
Wrote /home/sasakis/v/tools/n2v/examples/FlowConformal/experiments/exp1_vnncomp_subset/outputs/exp1_tllverify_2023_probstar.csv
Total wall-clock: 0.1 min
Counts: {'UNSAT': 0, 'SAT': 0, 'UNKNOWN': 0, 'NOT_APPLICABLE': 0, 'ERROR': 1, 'TIMEOUT': 0}
[run_cell   25/  32 t=  205s] idx=24   budget=600s (shell timeout=660s)
[tllverify_2023] running only idx=24; appending to /home/sasakis/v/tools/n2v/examples/FlowConformal/experiments/exp1_vnncomp_subset/outputs/exp1_tllverify_2023_probstar.csv
[tllverify_2023 1/1 t=0s budget=600s] idx=24 tllBench_n=2_N=M=56_m=1_instance_6_0.onnx+property_N=56_0.vnnlib
    verdict=ERROR  wall=6.30s

=== Sweep complete ===
Wrote /home/sasakis/v/tools/n2v/examples/FlowConformal/experiments/exp1_vnncomp_subset/outputs/exp1_tllverify_2023_probstar.csv
Total wall-clock: 0.1 min
Counts: {'UNSAT': 0, 'SAT': 0, 'UNKNOWN': 0, 'NOT_APPLICABLE': 0, 'ERROR': 1, 'TIMEOUT': 0}
[run_cell   26/  32 t=  216s] idx=25   budget=600s (shell timeout=660s)
[tllverify_2023] running only idx=25; appending to /home/sasakis/v/tools/n2v/examples/FlowConformal/experiments/exp1_vnncomp_subset/outputs/exp1_tllverify_2023_probstar.csv
[tllverify_2023 1/1 t=0s budget=600s] idx=25 tllBench_n=2_N=M=56_m=1_instance_6_1.onnx+property_N=56_1.vnnlib
    verdict=ERROR  wall=6.18s

=== Sweep complete ===
Wrote /home/sasakis/v/tools/n2v/examples/FlowConformal/experiments/exp1_vnncomp_subset/outputs/exp1_tllverify_2023_probstar.csv
Total wall-clock: 0.1 min
Counts: {'UNSAT': 0, 'SAT': 0, 'UNKNOWN': 0, 'NOT_APPLICABLE': 0, 'ERROR': 1, 'TIMEOUT': 0}
[run_cell   27/  32 t=  226s] idx=26   budget=600s (shell timeout=660s)
[tllverify_2023] running only idx=26; appending to /home/sasakis/v/tools/n2v/examples/FlowConformal/experiments/exp1_vnncomp_subset/outputs/exp1_tllverify_2023_probstar.csv
[tllverify_2023 1/1 t=0s budget=600s] idx=26 tllBench_n=2_N=M=56_m=1_instance_6_2.onnx+property_N=56_2.vnnlib
    verdict=ERROR  wall=6.37s

=== Sweep complete ===
Wrote /home/sasakis/v/tools/n2v/examples/FlowConformal/experiments/exp1_vnncomp_subset/outputs/exp1_tllverify_2023_probstar.csv
Total wall-clock: 0.1 min
Counts: {'UNSAT': 0, 'SAT': 0, 'UNKNOWN': 0, 'NOT_APPLICABLE': 0, 'ERROR': 1, 'TIMEOUT': 0}
[run_cell   28/  32 t=  236s] idx=27   budget=600s (shell timeout=660s)
[tllverify_2023] running only idx=27; appending to /home/sasakis/v/tools/n2v/examples/FlowConformal/experiments/exp1_vnncomp_subset/outputs/exp1_tllverify_2023_probstar.csv
[tllverify_2023 1/1 t=0s budget=600s] idx=27 tllBench_n=2_N=M=56_m=1_instance_6_3.onnx+property_N=56_3.vnnlib
    verdict=ERROR  wall=6.39s

=== Sweep complete ===
Wrote /home/sasakis/v/tools/n2v/examples/FlowConformal/experiments/exp1_vnncomp_subset/outputs/exp1_tllverify_2023_probstar.csv
Total wall-clock: 0.1 min
Counts: {'UNSAT': 0, 'SAT': 0, 'UNKNOWN': 0, 'NOT_APPLICABLE': 0, 'ERROR': 1, 'TIMEOUT': 0}
[run_cell   29/  32 t=  246s] idx=28   budget=600s (shell timeout=660s)
[tllverify_2023] running only idx=28; appending to /home/sasakis/v/tools/n2v/examples/FlowConformal/experiments/exp1_vnncomp_subset/outputs/exp1_tllverify_2023_probstar.csv
[tllverify_2023 1/1 t=0s budget=600s] idx=28 tllBench_n=2_N=M=64_m=1_instance_7_0.onnx+property_N=64_0.vnnlib
    verdict=ERROR  wall=8.08s

=== Sweep complete ===
Wrote /home/sasakis/v/tools/n2v/examples/FlowConformal/experiments/exp1_vnncomp_subset/outputs/exp1_tllverify_2023_probstar.csv
Total wall-clock: 0.1 min
Counts: {'UNSAT': 0, 'SAT': 0, 'UNKNOWN': 0, 'NOT_APPLICABLE': 0, 'ERROR': 1, 'TIMEOUT': 0}
[run_cell   30/  32 t=  258s] idx=29   budget=600s (shell timeout=660s)
[tllverify_2023] running only idx=29; appending to /home/sasakis/v/tools/n2v/examples/FlowConformal/experiments/exp1_vnncomp_subset/outputs/exp1_tllverify_2023_probstar.csv
[tllverify_2023 1/1 t=0s budget=600s] idx=29 tllBench_n=2_N=M=64_m=1_instance_7_1.onnx+property_N=64_1.vnnlib
    verdict=ERROR  wall=7.92s

=== Sweep complete ===
Wrote /home/sasakis/v/tools/n2v/examples/FlowConformal/experiments/exp1_vnncomp_subset/outputs/exp1_tllverify_2023_probstar.csv
Total wall-clock: 0.1 min
Counts: {'UNSAT': 0, 'SAT': 0, 'UNKNOWN': 0, 'NOT_APPLICABLE': 0, 'ERROR': 1, 'TIMEOUT': 0}
[run_cell   31/  32 t=  270s] idx=30   budget=600s (shell timeout=660s)
[tllverify_2023] running only idx=30; appending to /home/sasakis/v/tools/n2v/examples/FlowConformal/experiments/exp1_vnncomp_subset/outputs/exp1_tllverify_2023_probstar.csv
[tllverify_2023 1/1 t=0s budget=600s] idx=30 tllBench_n=2_N=M=64_m=1_instance_7_2.onnx+property_N=64_2.vnnlib
    verdict=ERROR  wall=7.99s

=== Sweep complete ===
Wrote /home/sasakis/v/tools/n2v/examples/FlowConformal/experiments/exp1_vnncomp_subset/outputs/exp1_tllverify_2023_probstar.csv
Total wall-clock: 0.1 min
Counts: {'UNSAT': 0, 'SAT': 0, 'UNKNOWN': 0, 'NOT_APPLICABLE': 0, 'ERROR': 1, 'TIMEOUT': 0}
[run_cell   32/  32 t=  283s] idx=31   budget=600s (shell timeout=660s)
[tllverify_2023] running only idx=31; appending to /home/sasakis/v/tools/n2v/examples/FlowConformal/experiments/exp1_vnncomp_subset/outputs/exp1_tllverify_2023_probstar.csv
[tllverify_2023 1/1 t=0s budget=600s] idx=31 tllBench_n=2_N=M=64_m=1_instance_7_3.onnx+property_N=64_3.vnnlib
    verdict=ERROR  wall=8.17s

=== Sweep complete ===
Wrote /home/sasakis/v/tools/n2v/examples/FlowConformal/experiments/exp1_vnncomp_subset/outputs/exp1_tllverify_2023_probstar.csv
Total wall-clock: 0.1 min
Counts: {'UNSAT': 0, 'SAT': 0, 'UNKNOWN': 0, 'NOT_APPLICABLE': 0, 'ERROR': 1, 'TIMEOUT': 0}
[run_cell] complete. shell-killed timeouts and exits noted above; CSV row counts in the output file.

[2026-05-05T19:18:36-05:00] === END:   exp1_tllverify_2023_probstar (rc=0) ===
