[2026-05-05T18:41:50-05:00] === START: exp1_dist_shift_2023_probstar ===
[run_cell] exp1_vnncomp_subset.exp1_run_probstar --benchmark dist_shift_2023: 72 instances (START_IDX=0)
[run_cell    1/  72 t=    0s] idx=0    budget=300s (shell timeout=360s)
[dist_shift_2023] running only idx=0; appending to /home/sasakis/v/tools/n2v/examples/FlowConformal/experiments/exp1_vnncomp_subset/outputs/exp1_dist_shift_2023_probstar.csv
[dist_shift_2023 1/1 t=0s budget=300s] idx=0 mnist_concat.onnx+index7901_delta0.13.vnnlib
    verdict=NOT_APPLICABLE  wall=4.10s

=== Sweep complete ===
Wrote /home/sasakis/v/tools/n2v/examples/FlowConformal/experiments/exp1_vnncomp_subset/outputs/exp1_dist_shift_2023_probstar.csv
Total wall-clock: 0.1 min
Counts: {'UNSAT': 0, 'SAT': 0, 'UNKNOWN': 0, 'NOT_APPLICABLE': 1, 'ERROR': 0, 'TIMEOUT': 0}
[run_cell    2/  72 t=    8s] idx=1    budget=300s (shell timeout=360s)
[dist_shift_2023] running only idx=1; appending to /home/sasakis/v/tools/n2v/examples/FlowConformal/experiments/exp1_vnncomp_subset/outputs/exp1_dist_shift_2023_probstar.csv
[dist_shift_2023 1/1 t=0s budget=300s] idx=1 mnist_concat.onnx+index6323_delta0.13.vnnlib
    verdict=NOT_APPLICABLE  wall=4.11s

=== Sweep complete ===
Wrote /home/sasakis/v/tools/n2v/examples/FlowConformal/experiments/exp1_vnncomp_subset/outputs/exp1_dist_shift_2023_probstar.csv
Total wall-clock: 0.1 min
Counts: {'UNSAT': 0, 'SAT': 0, 'UNKNOWN': 0, 'NOT_APPLICABLE': 1, 'ERROR': 0, 'TIMEOUT': 0}
[run_cell    3/  72 t=   16s] idx=2    budget=300s (shell timeout=360s)
[dist_shift_2023] running only idx=2; appending to /home/sasakis/v/tools/n2v/examples/FlowConformal/experiments/exp1_vnncomp_subset/outputs/exp1_dist_shift_2023_probstar.csv
[dist_shift_2023 1/1 t=0s budget=300s] idx=2 mnist_concat.onnx+index7027_delta0.13.vnnlib
    verdict=NOT_APPLICABLE  wall=4.08s

=== Sweep complete ===
Wrote /home/sasakis/v/tools/n2v/examples/FlowConformal/experiments/exp1_vnncomp_subset/outputs/exp1_dist_shift_2023_probstar.csv
Total wall-clock: 0.1 min
Counts: {'UNSAT': 0, 'SAT': 0, 'UNKNOWN': 0, 'NOT_APPLICABLE': 1, 'ERROR': 0, 'TIMEOUT': 0}
[run_cell    4/  72 t=   24s] idx=3    budget=300s (shell timeout=360s)
[dist_shift_2023] running only idx=3; appending to /home/sasakis/v/tools/n2v/examples/FlowConformal/experiments/exp1_vnncomp_subset/outputs/exp1_dist_shift_2023_probstar.csv
[dist_shift_2023 1/1 t=0s budget=300s] idx=3 mnist_concat.onnx+index7116_delta0.13.vnnlib
    verdict=NOT_APPLICABLE  wall=4.10s

=== Sweep complete ===
Wrote /home/sasakis/v/tools/n2v/examples/FlowConformal/experiments/exp1_vnncomp_subset/outputs/exp1_dist_shift_2023_probstar.csv
Total wall-clock: 0.1 min
Counts: {'UNSAT': 0, 'SAT': 0, 'UNKNOWN': 0, 'NOT_APPLICABLE': 1, 'ERROR': 0, 'TIMEOUT': 0}
[run_cell    5/  72 t=   32s] idx=4    budget=300s (shell timeout=360s)
[dist_shift_2023] running only idx=4; appending to /home/sasakis/v/tools/n2v/examples/FlowConformal/experiments/exp1_vnncomp_subset/outputs/exp1_dist_shift_2023_probstar.csv
[dist_shift_2023 1/1 t=0s budget=300s] idx=4 mnist_concat.onnx+index1373_delta0.13.vnnlib
    verdict=NOT_APPLICABLE  wall=4.21s

=== Sweep complete ===
Wrote /home/sasakis/v/tools/n2v/examples/FlowConformal/experiments/exp1_vnncomp_subset/outputs/exp1_dist_shift_2023_probstar.csv
Total wall-clock: 0.1 min
Counts: {'UNSAT': 0, 'SAT': 0, 'UNKNOWN': 0, 'NOT_APPLICABLE': 1, 'ERROR': 0, 'TIMEOUT': 0}
[run_cell    6/  72 t=   40s] idx=5    budget=300s (shell timeout=360s)
[dist_shift_2023] running only idx=5; appending to /home/sasakis/v/tools/n2v/examples/FlowConformal/experiments/exp1_vnncomp_subset/outputs/exp1_dist_shift_2023_probstar.csv
[dist_shift_2023 1/1 t=0s budget=300s] idx=5 mnist_concat.onnx+index6957_delta0.13.vnnlib
    verdict=NOT_APPLICABLE  wall=4.09s

=== Sweep complete ===
Wrote /home/sasakis/v/tools/n2v/examples/FlowConformal/experiments/exp1_vnncomp_subset/outputs/exp1_dist_shift_2023_probstar.csv
Total wall-clock: 0.1 min
Counts: {'UNSAT': 0, 'SAT': 0, 'UNKNOWN': 0, 'NOT_APPLICABLE': 1, 'ERROR': 0, 'TIMEOUT': 0}
[run_cell    7/  72 t=   48s] idx=6    budget=300s (shell timeout=360s)
[dist_shift_2023] running only idx=6; appending to /home/sasakis/v/tools/n2v/examples/FlowConformal/experiments/exp1_vnncomp_subset/outputs/exp1_dist_shift_2023_probstar.csv
[dist_shift_2023 1/1 t=0s budget=300s] idx=6 mnist_concat.onnx+index365_delta0.13.vnnlib
    verdict=NOT_APPLICABLE  wall=4.20s

=== Sweep complete ===
Wrote /home/sasakis/v/tools/n2v/examples/FlowConformal/experiments/exp1_vnncomp_subset/outputs/exp1_dist_shift_2023_probstar.csv
Total wall-clock: 0.1 min
Counts: {'UNSAT': 0, 'SAT': 0, 'UNKNOWN': 0, 'NOT_APPLICABLE': 1, 'ERROR': 0, 'TIMEOUT': 0}
[run_cell    8/  72 t=   57s] idx=7    budget=300s (shell timeout=360s)
[dist_shift_2023] running only idx=7; appending to /home/sasakis/v/tools/n2v/examples/FlowConformal/experiments/exp1_vnncomp_subset/outputs/exp1_dist_shift_2023_probstar.csv
[dist_shift_2023 1/1 t=0s budget=300s] idx=7 mnist_concat.onnx+index8900_delta0.13.vnnlib
    verdict=NOT_APPLICABLE  wall=4.10s

=== Sweep complete ===
Wrote /home/sasakis/v/tools/n2v/examples/FlowConformal/experiments/exp1_vnncomp_subset/outputs/exp1_dist_shift_2023_probstar.csv
Total wall-clock: 0.1 min
Counts: {'UNSAT': 0, 'SAT': 0, 'UNKNOWN': 0, 'NOT_APPLICABLE': 1, 'ERROR': 0, 'TIMEOUT': 0}
[run_cell    9/  72 t=   65s] idx=8    budget=300s (shell timeout=360s)
[dist_shift_2023] running only idx=8; appending to /home/sasakis/v/tools/n2v/examples/FlowConformal/experiments/exp1_vnncomp_subset/outputs/exp1_dist_shift_2023_probstar.csv
[dist_shift_2023 1/1 t=0s budget=300s] idx=8 mnist_concat.onnx+index9733_delta0.13.vnnlib
    verdict=NOT_APPLICABLE  wall=4.09s

=== Sweep complete ===
Wrote /home/sasakis/v/tools/n2v/examples/FlowConformal/experiments/exp1_vnncomp_subset/outputs/exp1_dist_shift_2023_probstar.csv
Total wall-clock: 0.1 min
Counts: {'UNSAT': 0, 'SAT': 0, 'UNKNOWN': 0, 'NOT_APPLICABLE': 1, 'ERROR': 0, 'TIMEOUT': 0}
[run_cell   10/  72 t=   73s] idx=9    budget=300s (shell timeout=360s)
[dist_shift_2023] running only idx=9; appending to /home/sasakis/v/tools/n2v/examples/FlowConformal/experiments/exp1_vnncomp_subset/outputs/exp1_dist_shift_2023_probstar.csv
[dist_shift_2023 1/1 t=0s budget=300s] idx=9 mnist_concat.onnx+index9154_delta0.13.vnnlib
    verdict=NOT_APPLICABLE  wall=4.32s

=== Sweep complete ===
Wrote /home/sasakis/v/tools/n2v/examples/FlowConformal/experiments/exp1_vnncomp_subset/outputs/exp1_dist_shift_2023_probstar.csv
Total wall-clock: 0.1 min
Counts: {'UNSAT': 0, 'SAT': 0, 'UNKNOWN': 0, 'NOT_APPLICABLE': 1, 'ERROR': 0, 'TIMEOUT': 0}
[run_cell   11/  72 t=   81s] idx=10   budget=300s (shell timeout=360s)
[dist_shift_2023] running only idx=10; appending to /home/sasakis/v/tools/n2v/examples/FlowConformal/experiments/exp1_vnncomp_subset/outputs/exp1_dist_shift_2023_probstar.csv
[dist_shift_2023 1/1 t=0s budget=300s] idx=10 mnist_concat.onnx+index5938_delta0.13.vnnlib
    verdict=NOT_APPLICABLE  wall=4.09s

=== Sweep complete ===
Wrote /home/sasakis/v/tools/n2v/examples/FlowConformal/experiments/exp1_vnncomp_subset/outputs/exp1_dist_shift_2023_probstar.csv
Total wall-clock: 0.1 min
Counts: {'UNSAT': 0, 'SAT': 0, 'UNKNOWN': 0, 'NOT_APPLICABLE': 1, 'ERROR': 0, 'TIMEOUT': 0}
[run_cell   12/  72 t=   89s] idx=11   budget=300s (shell timeout=360s)
[dist_shift_2023] running only idx=11; appending to /home/sasakis/v/tools/n2v/examples/FlowConformal/experiments/exp1_vnncomp_subset/outputs/exp1_dist_shift_2023_probstar.csv
[dist_shift_2023 1/1 t=0s budget=300s] idx=11 mnist_concat.onnx+index8964_delta0.13.vnnlib
    verdict=NOT_APPLICABLE  wall=4.20s

=== Sweep complete ===
Wrote /home/sasakis/v/tools/n2v/examples/FlowConformal/experiments/exp1_vnncomp_subset/outputs/exp1_dist_shift_2023_probstar.csv
Total wall-clock: 0.1 min
Counts: {'UNSAT': 0, 'SAT': 0, 'UNKNOWN': 0, 'NOT_APPLICABLE': 1, 'ERROR': 0, 'TIMEOUT': 0}
[run_cell   13/  72 t=   97s] idx=12   budget=300s (shell timeout=360s)
[dist_shift_2023] running only idx=12; appending to /home/sasakis/v/tools/n2v/examples/FlowConformal/experiments/exp1_vnncomp_subset/outputs/exp1_dist_shift_2023_probstar.csv
[dist_shift_2023 1/1 t=0s budget=300s] idx=12 mnist_concat.onnx+index4665_delta0.13.vnnlib
    verdict=NOT_APPLICABLE  wall=4.10s

=== Sweep complete ===
Wrote /home/sasakis/v/tools/n2v/examples/FlowConformal/experiments/exp1_vnncomp_subset/outputs/exp1_dist_shift_2023_probstar.csv
Total wall-clock: 0.1 min
Counts: {'UNSAT': 0, 'SAT': 0, 'UNKNOWN': 0, 'NOT_APPLICABLE': 1, 'ERROR': 0, 'TIMEOUT': 0}
[run_cell   14/  72 t=  105s] idx=13   budget=300s (shell timeout=360s)
[dist_shift_2023] running only idx=13; appending to /home/sasakis/v/tools/n2v/examples/FlowConformal/experiments/exp1_vnncomp_subset/outputs/exp1_dist_shift_2023_probstar.csv
[dist_shift_2023 1/1 t=0s budget=300s] idx=13 mnist_concat.onnx+index2204_delta0.13.vnnlib
    verdict=NOT_APPLICABLE  wall=4.21s

=== Sweep complete ===
Wrote /home/sasakis/v/tools/n2v/examples/FlowConformal/experiments/exp1_vnncomp_subset/outputs/exp1_dist_shift_2023_probstar.csv
Total wall-clock: 0.1 min
Counts: {'UNSAT': 0, 'SAT': 0, 'UNKNOWN': 0, 'NOT_APPLICABLE': 1, 'ERROR': 0, 'TIMEOUT': 0}
[run_cell   15/  72 t=  113s] idx=14   budget=300s (shell timeout=360s)
[dist_shift_2023] running only idx=14; appending to /home/sasakis/v/tools/n2v/examples/FlowConformal/experiments/exp1_vnncomp_subset/outputs/exp1_dist_shift_2023_probstar.csv
[dist_shift_2023 1/1 t=0s budget=300s] idx=14 mnist_concat.onnx+index6405_delta0.13.vnnlib
    verdict=NOT_APPLICABLE  wall=4.18s

=== Sweep complete ===
Wrote /home/sasakis/v/tools/n2v/examples/FlowConformal/experiments/exp1_vnncomp_subset/outputs/exp1_dist_shift_2023_probstar.csv
Total wall-clock: 0.1 min
Counts: {'UNSAT': 0, 'SAT': 0, 'UNKNOWN': 0, 'NOT_APPLICABLE': 1, 'ERROR': 0, 'TIMEOUT': 0}
[run_cell   16/  72 t=  122s] idx=15   budget=300s (shell timeout=360s)
[dist_shift_2023] running only idx=15; appending to /home/sasakis/v/tools/n2v/examples/FlowConformal/experiments/exp1_vnncomp_subset/outputs/exp1_dist_shift_2023_probstar.csv
[dist_shift_2023 1/1 t=0s budget=300s] idx=15 mnist_concat.onnx+index4739_delta0.13.vnnlib
    verdict=NOT_APPLICABLE  wall=4.35s

=== Sweep complete ===
Wrote /home/sasakis/v/tools/n2v/examples/FlowConformal/experiments/exp1_vnncomp_subset/outputs/exp1_dist_shift_2023_probstar.csv
Total wall-clock: 0.1 min
Counts: {'UNSAT': 0, 'SAT': 0, 'UNKNOWN': 0, 'NOT_APPLICABLE': 1, 'ERROR': 0, 'TIMEOUT': 0}
[run_cell   17/  72 t=  130s] idx=16   budget=300s (shell timeout=360s)
[dist_shift_2023] running only idx=16; appending to /home/sasakis/v/tools/n2v/examples/FlowConformal/experiments/exp1_vnncomp_subset/outputs/exp1_dist_shift_2023_probstar.csv
[dist_shift_2023 1/1 t=0s budget=300s] idx=16 mnist_concat.onnx+index5291_delta0.13.vnnlib
    verdict=NOT_APPLICABLE  wall=4.10s

=== Sweep complete ===
Wrote /home/sasakis/v/tools/n2v/examples/FlowConformal/experiments/exp1_vnncomp_subset/outputs/exp1_dist_shift_2023_probstar.csv
Total wall-clock: 0.1 min
Counts: {'UNSAT': 0, 'SAT': 0, 'UNKNOWN': 0, 'NOT_APPLICABLE': 1, 'ERROR': 0, 'TIMEOUT': 0}
[run_cell   18/  72 t=  138s] idx=17   budget=300s (shell timeout=360s)
[dist_shift_2023] running only idx=17; appending to /home/sasakis/v/tools/n2v/examples/FlowConformal/experiments/exp1_vnncomp_subset/outputs/exp1_dist_shift_2023_probstar.csv
[dist_shift_2023 1/1 t=0s budget=300s] idx=17 mnist_concat.onnx+index5206_delta0.13.vnnlib
    verdict=NOT_APPLICABLE  wall=4.38s

=== Sweep complete ===
Wrote /home/sasakis/v/tools/n2v/examples/FlowConformal/experiments/exp1_vnncomp_subset/outputs/exp1_dist_shift_2023_probstar.csv
Total wall-clock: 0.1 min
Counts: {'UNSAT': 0, 'SAT': 0, 'UNKNOWN': 0, 'NOT_APPLICABLE': 1, 'ERROR': 0, 'TIMEOUT': 0}
[run_cell   19/  72 t=  146s] idx=18   budget=300s (shell timeout=360s)
[dist_shift_2023] running only idx=18; appending to /home/sasakis/v/tools/n2v/examples/FlowConformal/experiments/exp1_vnncomp_subset/outputs/exp1_dist_shift_2023_probstar.csv
[dist_shift_2023 1/1 t=0s budget=300s] idx=18 mnist_concat.onnx+index7329_delta0.13.vnnlib
    verdict=NOT_APPLICABLE  wall=4.50s

=== Sweep complete ===
Wrote /home/sasakis/v/tools/n2v/examples/FlowConformal/experiments/exp1_vnncomp_subset/outputs/exp1_dist_shift_2023_probstar.csv
Total wall-clock: 0.1 min
Counts: {'UNSAT': 0, 'SAT': 0, 'UNKNOWN': 0, 'NOT_APPLICABLE': 1, 'ERROR': 0, 'TIMEOUT': 0}
[run_cell   20/  72 t=  155s] idx=19   budget=300s (shell timeout=360s)
[dist_shift_2023] running only idx=19; appending to /home/sasakis/v/tools/n2v/examples/FlowConformal/experiments/exp1_vnncomp_subset/outputs/exp1_dist_shift_2023_probstar.csv
[dist_shift_2023 1/1 t=0s budget=300s] idx=19 mnist_concat.onnx+index292_delta0.13.vnnlib
    verdict=NOT_APPLICABLE  wall=4.09s

=== Sweep complete ===
Wrote /home/sasakis/v/tools/n2v/examples/FlowConformal/experiments/exp1_vnncomp_subset/outputs/exp1_dist_shift_2023_probstar.csv
Total wall-clock: 0.1 min
Counts: {'UNSAT': 0, 'SAT': 0, 'UNKNOWN': 0, 'NOT_APPLICABLE': 1, 'ERROR': 0, 'TIMEOUT': 0}
[run_cell   21/  72 t=  163s] idx=20   budget=300s (shell timeout=360s)
[dist_shift_2023] running only idx=20; appending to /home/sasakis/v/tools/n2v/examples/FlowConformal/experiments/exp1_vnncomp_subset/outputs/exp1_dist_shift_2023_probstar.csv
[dist_shift_2023 1/1 t=0s budget=300s] idx=20 mnist_concat.onnx+index1282_delta0.13.vnnlib
    verdict=NOT_APPLICABLE  wall=4.08s

=== Sweep complete ===
Wrote /home/sasakis/v/tools/n2v/examples/FlowConformal/experiments/exp1_vnncomp_subset/outputs/exp1_dist_shift_2023_probstar.csv
Total wall-clock: 0.1 min
Counts: {'UNSAT': 0, 'SAT': 0, 'UNKNOWN': 0, 'NOT_APPLICABLE': 1, 'ERROR': 0, 'TIMEOUT': 0}
[run_cell   22/  72 t=  171s] idx=21   budget=300s (shell timeout=360s)
[dist_shift_2023] running only idx=21; appending to /home/sasakis/v/tools/n2v/examples/FlowConformal/experiments/exp1_vnncomp_subset/outputs/exp1_dist_shift_2023_probstar.csv
[dist_shift_2023 1/1 t=0s budget=300s] idx=21 mnist_concat.onnx+index2251_delta0.13.vnnlib
    verdict=NOT_APPLICABLE  wall=4.09s

=== Sweep complete ===
Wrote /home/sasakis/v/tools/n2v/examples/FlowConformal/experiments/exp1_vnncomp_subset/outputs/exp1_dist_shift_2023_probstar.csv
Total wall-clock: 0.1 min
Counts: {'UNSAT': 0, 'SAT': 0, 'UNKNOWN': 0, 'NOT_APPLICABLE': 1, 'ERROR': 0, 'TIMEOUT': 0}
[run_cell   23/  72 t=  179s] idx=22   budget=300s (shell timeout=360s)
[dist_shift_2023] running only idx=22; appending to /home/sasakis/v/tools/n2v/examples/FlowConformal/experiments/exp1_vnncomp_subset/outputs/exp1_dist_shift_2023_probstar.csv
[dist_shift_2023 1/1 t=0s budget=300s] idx=22 mnist_concat.onnx+index1921_delta0.13.vnnlib
    verdict=NOT_APPLICABLE  wall=4.18s

=== Sweep complete ===
Wrote /home/sasakis/v/tools/n2v/examples/FlowConformal/experiments/exp1_vnncomp_subset/outputs/exp1_dist_shift_2023_probstar.csv
Total wall-clock: 0.1 min
Counts: {'UNSAT': 0, 'SAT': 0, 'UNKNOWN': 0, 'NOT_APPLICABLE': 1, 'ERROR': 0, 'TIMEOUT': 0}
[run_cell   24/  72 t=  187s] idx=23   budget=300s (shell timeout=360s)
[dist_shift_2023] running only idx=23; appending to /home/sasakis/v/tools/n2v/examples/FlowConformal/experiments/exp1_vnncomp_subset/outputs/exp1_dist_shift_2023_probstar.csv
[dist_shift_2023 1/1 t=0s budget=300s] idx=23 mnist_concat.onnx+index1285_delta0.13.vnnlib
    verdict=NOT_APPLICABLE  wall=4.39s

=== Sweep complete ===
Wrote /home/sasakis/v/tools/n2v/examples/FlowConformal/experiments/exp1_vnncomp_subset/outputs/exp1_dist_shift_2023_probstar.csv
Total wall-clock: 0.1 min
Counts: {'UNSAT': 0, 'SAT': 0, 'UNKNOWN': 0, 'NOT_APPLICABLE': 1, 'ERROR': 0, 'TIMEOUT': 0}
[run_cell   25/  72 t=  195s] idx=24   budget=300s (shell timeout=360s)
[dist_shift_2023] running only idx=24; appending to /home/sasakis/v/tools/n2v/examples/FlowConformal/experiments/exp1_vnncomp_subset/outputs/exp1_dist_shift_2023_probstar.csv
[dist_shift_2023 1/1 t=0s budget=300s] idx=24 mnist_concat.onnx+index9211_delta0.13.vnnlib
    verdict=NOT_APPLICABLE  wall=4.19s

=== Sweep complete ===
Wrote /home/sasakis/v/tools/n2v/examples/FlowConformal/experiments/exp1_vnncomp_subset/outputs/exp1_dist_shift_2023_probstar.csv
Total wall-clock: 0.1 min
Counts: {'UNSAT': 0, 'SAT': 0, 'UNKNOWN': 0, 'NOT_APPLICABLE': 1, 'ERROR': 0, 'TIMEOUT': 0}
[run_cell   26/  72 t=  204s] idx=25   budget=300s (shell timeout=360s)
[dist_shift_2023] running only idx=25; appending to /home/sasakis/v/tools/n2v/examples/FlowConformal/experiments/exp1_vnncomp_subset/outputs/exp1_dist_shift_2023_probstar.csv
[dist_shift_2023 1/1 t=0s budget=300s] idx=25 mnist_concat.onnx+index1159_delta0.13.vnnlib
    verdict=NOT_APPLICABLE  wall=4.09s

=== Sweep complete ===
Wrote /home/sasakis/v/tools/n2v/examples/FlowConformal/experiments/exp1_vnncomp_subset/outputs/exp1_dist_shift_2023_probstar.csv
Total wall-clock: 0.1 min
Counts: {'UNSAT': 0, 'SAT': 0, 'UNKNOWN': 0, 'NOT_APPLICABLE': 1, 'ERROR': 0, 'TIMEOUT': 0}
[run_cell   27/  72 t=  212s] idx=26   budget=300s (shell timeout=360s)
[dist_shift_2023] running only idx=26; appending to /home/sasakis/v/tools/n2v/examples/FlowConformal/experiments/exp1_vnncomp_subset/outputs/exp1_dist_shift_2023_probstar.csv
[dist_shift_2023 1/1 t=0s budget=300s] idx=26 mnist_concat.onnx+index4901_delta0.13.vnnlib
    verdict=NOT_APPLICABLE  wall=4.08s

=== Sweep complete ===
Wrote /home/sasakis/v/tools/n2v/examples/FlowConformal/experiments/exp1_vnncomp_subset/outputs/exp1_dist_shift_2023_probstar.csv
Total wall-clock: 0.1 min
Counts: {'UNSAT': 0, 'SAT': 0, 'UNKNOWN': 0, 'NOT_APPLICABLE': 1, 'ERROR': 0, 'TIMEOUT': 0}
[run_cell   28/  72 t=  220s] idx=27   budget=300s (shell timeout=360s)
[dist_shift_2023] running only idx=27; appending to /home/sasakis/v/tools/n2v/examples/FlowConformal/experiments/exp1_vnncomp_subset/outputs/exp1_dist_shift_2023_probstar.csv
[dist_shift_2023 1/1 t=0s budget=300s] idx=27 mnist_concat.onnx+index1662_delta0.13.vnnlib
    verdict=NOT_APPLICABLE  wall=4.09s

=== Sweep complete ===
Wrote /home/sasakis/v/tools/n2v/examples/FlowConformal/experiments/exp1_vnncomp_subset/outputs/exp1_dist_shift_2023_probstar.csv
Total wall-clock: 0.1 min
Counts: {'UNSAT': 0, 'SAT': 0, 'UNKNOWN': 0, 'NOT_APPLICABLE': 1, 'ERROR': 0, 'TIMEOUT': 0}
[run_cell   29/  72 t=  228s] idx=28   budget=300s (shell timeout=360s)
[dist_shift_2023] running only idx=28; appending to /home/sasakis/v/tools/n2v/examples/FlowConformal/experiments/exp1_vnncomp_subset/outputs/exp1_dist_shift_2023_probstar.csv
[dist_shift_2023 1/1 t=0s budget=300s] idx=28 mnist_concat.onnx+index7606_delta0.13.vnnlib
    verdict=NOT_APPLICABLE  wall=4.08s

=== Sweep complete ===
Wrote /home/sasakis/v/tools/n2v/examples/FlowConformal/experiments/exp1_vnncomp_subset/outputs/exp1_dist_shift_2023_probstar.csv
Total wall-clock: 0.1 min
Counts: {'UNSAT': 0, 'SAT': 0, 'UNKNOWN': 0, 'NOT_APPLICABLE': 1, 'ERROR': 0, 'TIMEOUT': 0}
[run_cell   30/  72 t=  236s] idx=29   budget=300s (shell timeout=360s)
[dist_shift_2023] running only idx=29; appending to /home/sasakis/v/tools/n2v/examples/FlowConformal/experiments/exp1_vnncomp_subset/outputs/exp1_dist_shift_2023_probstar.csv
[dist_shift_2023 1/1 t=0s budget=300s] idx=29 mnist_concat.onnx+index1537_delta0.13.vnnlib
    verdict=NOT_APPLICABLE  wall=4.09s

=== Sweep complete ===
Wrote /home/sasakis/v/tools/n2v/examples/FlowConformal/experiments/exp1_vnncomp_subset/outputs/exp1_dist_shift_2023_probstar.csv
Total wall-clock: 0.1 min
Counts: {'UNSAT': 0, 'SAT': 0, 'UNKNOWN': 0, 'NOT_APPLICABLE': 1, 'ERROR': 0, 'TIMEOUT': 0}
[run_cell   31/  72 t=  244s] idx=30   budget=300s (shell timeout=360s)
[dist_shift_2023] running only idx=30; appending to /home/sasakis/v/tools/n2v/examples/FlowConformal/experiments/exp1_vnncomp_subset/outputs/exp1_dist_shift_2023_probstar.csv
[dist_shift_2023 1/1 t=0s budget=300s] idx=30 mnist_concat.onnx+index3863_delta0.13.vnnlib
    verdict=NOT_APPLICABLE  wall=4.30s

=== Sweep complete ===
Wrote /home/sasakis/v/tools/n2v/examples/FlowConformal/experiments/exp1_vnncomp_subset/outputs/exp1_dist_shift_2023_probstar.csv
Total wall-clock: 0.1 min
Counts: {'UNSAT': 0, 'SAT': 0, 'UNKNOWN': 0, 'NOT_APPLICABLE': 1, 'ERROR': 0, 'TIMEOUT': 0}
[run_cell   32/  72 t=  252s] idx=31   budget=300s (shell timeout=360s)
[dist_shift_2023] running only idx=31; appending to /home/sasakis/v/tools/n2v/examples/FlowConformal/experiments/exp1_vnncomp_subset/outputs/exp1_dist_shift_2023_probstar.csv
[dist_shift_2023 1/1 t=0s budget=300s] idx=31 mnist_concat.onnx+index6792_delta0.13.vnnlib
    verdict=NOT_APPLICABLE  wall=4.21s

=== Sweep complete ===
Wrote /home/sasakis/v/tools/n2v/examples/FlowConformal/experiments/exp1_vnncomp_subset/outputs/exp1_dist_shift_2023_probstar.csv
Total wall-clock: 0.1 min
Counts: {'UNSAT': 0, 'SAT': 0, 'UNKNOWN': 0, 'NOT_APPLICABLE': 1, 'ERROR': 0, 'TIMEOUT': 0}
[run_cell   33/  72 t=  260s] idx=32   budget=300s (shell timeout=360s)
[dist_shift_2023] running only idx=32; appending to /home/sasakis/v/tools/n2v/examples/FlowConformal/experiments/exp1_vnncomp_subset/outputs/exp1_dist_shift_2023_probstar.csv
[dist_shift_2023 1/1 t=0s budget=300s] idx=32 mnist_concat.onnx+index2481_delta0.13.vnnlib
    verdict=NOT_APPLICABLE  wall=4.18s

=== Sweep complete ===
Wrote /home/sasakis/v/tools/n2v/examples/FlowConformal/experiments/exp1_vnncomp_subset/outputs/exp1_dist_shift_2023_probstar.csv
Total wall-clock: 0.1 min
Counts: {'UNSAT': 0, 'SAT': 0, 'UNKNOWN': 0, 'NOT_APPLICABLE': 1, 'ERROR': 0, 'TIMEOUT': 0}
[run_cell   34/  72 t=  269s] idx=33   budget=300s (shell timeout=360s)
[dist_shift_2023] running only idx=33; appending to /home/sasakis/v/tools/n2v/examples/FlowConformal/experiments/exp1_vnncomp_subset/outputs/exp1_dist_shift_2023_probstar.csv
[dist_shift_2023 1/1 t=0s budget=300s] idx=33 mnist_concat.onnx+index9027_delta0.13.vnnlib
    verdict=NOT_APPLICABLE  wall=4.04s

=== Sweep complete ===
Wrote /home/sasakis/v/tools/n2v/examples/FlowConformal/experiments/exp1_vnncomp_subset/outputs/exp1_dist_shift_2023_probstar.csv
Total wall-clock: 0.1 min
Counts: {'UNSAT': 0, 'SAT': 0, 'UNKNOWN': 0, 'NOT_APPLICABLE': 1, 'ERROR': 0, 'TIMEOUT': 0}
[run_cell   35/  72 t=  277s] idx=34   budget=300s (shell timeout=360s)
[dist_shift_2023] running only idx=34; appending to /home/sasakis/v/tools/n2v/examples/FlowConformal/experiments/exp1_vnncomp_subset/outputs/exp1_dist_shift_2023_probstar.csv
[dist_shift_2023 1/1 t=0s budget=300s] idx=34 mnist_concat.onnx+index6136_delta0.13.vnnlib
    verdict=NOT_APPLICABLE  wall=4.18s

=== Sweep complete ===
Wrote /home/sasakis/v/tools/n2v/examples/FlowConformal/experiments/exp1_vnncomp_subset/outputs/exp1_dist_shift_2023_probstar.csv
Total wall-clock: 0.1 min
Counts: {'UNSAT': 0, 'SAT': 0, 'UNKNOWN': 0, 'NOT_APPLICABLE': 1, 'ERROR': 0, 'TIMEOUT': 0}
[run_cell   36/  72 t=  285s] idx=35   budget=300s (shell timeout=360s)
[dist_shift_2023] running only idx=35; appending to /home/sasakis/v/tools/n2v/examples/FlowConformal/experiments/exp1_vnncomp_subset/outputs/exp1_dist_shift_2023_probstar.csv
[dist_shift_2023 1/1 t=0s budget=300s] idx=35 mnist_concat.onnx+index4799_delta0.13.vnnlib
    verdict=NOT_APPLICABLE  wall=4.09s

=== Sweep complete ===
Wrote /home/sasakis/v/tools/n2v/examples/FlowConformal/experiments/exp1_vnncomp_subset/outputs/exp1_dist_shift_2023_probstar.csv
Total wall-clock: 0.1 min
Counts: {'UNSAT': 0, 'SAT': 0, 'UNKNOWN': 0, 'NOT_APPLICABLE': 1, 'ERROR': 0, 'TIMEOUT': 0}
[run_cell   37/  72 t=  293s] idx=36   budget=300s (shell timeout=360s)
[dist_shift_2023] running only idx=36; appending to /home/sasakis/v/tools/n2v/examples/FlowConformal/experiments/exp1_vnncomp_subset/outputs/exp1_dist_shift_2023_probstar.csv
[dist_shift_2023 1/1 t=0s budget=300s] idx=36 mnist_concat.onnx+index3444_delta0.13.vnnlib
    verdict=NOT_APPLICABLE  wall=4.08s

=== Sweep complete ===
Wrote /home/sasakis/v/tools/n2v/examples/FlowConformal/experiments/exp1_vnncomp_subset/outputs/exp1_dist_shift_2023_probstar.csv
Total wall-clock: 0.1 min
Counts: {'UNSAT': 0, 'SAT': 0, 'UNKNOWN': 0, 'NOT_APPLICABLE': 1, 'ERROR': 0, 'TIMEOUT': 0}
[run_cell   38/  72 t=  301s] idx=37   budget=300s (shell timeout=360s)
[dist_shift_2023] running only idx=37; appending to /home/sasakis/v/tools/n2v/examples/FlowConformal/experiments/exp1_vnncomp_subset/outputs/exp1_dist_shift_2023_probstar.csv
[dist_shift_2023 1/1 t=0s budget=300s] idx=37 mnist_concat.onnx+index5328_delta0.13.vnnlib
    verdict=NOT_APPLICABLE  wall=4.29s

=== Sweep complete ===
Wrote /home/sasakis/v/tools/n2v/examples/FlowConformal/experiments/exp1_vnncomp_subset/outputs/exp1_dist_shift_2023_probstar.csv
Total wall-clock: 0.1 min
Counts: {'UNSAT': 0, 'SAT': 0, 'UNKNOWN': 0, 'NOT_APPLICABLE': 1, 'ERROR': 0, 'TIMEOUT': 0}
[run_cell   39/  72 t=  309s] idx=38   budget=300s (shell timeout=360s)
[dist_shift_2023] running only idx=38; appending to /home/sasakis/v/tools/n2v/examples/FlowConformal/experiments/exp1_vnncomp_subset/outputs/exp1_dist_shift_2023_probstar.csv
[dist_shift_2023 1/1 t=0s budget=300s] idx=38 mnist_concat.onnx+index1031_delta0.13.vnnlib
    verdict=NOT_APPLICABLE  wall=4.10s

=== Sweep complete ===
Wrote /home/sasakis/v/tools/n2v/examples/FlowConformal/experiments/exp1_vnncomp_subset/outputs/exp1_dist_shift_2023_probstar.csv
Total wall-clock: 0.1 min
Counts: {'UNSAT': 0, 'SAT': 0, 'UNKNOWN': 0, 'NOT_APPLICABLE': 1, 'ERROR': 0, 'TIMEOUT': 0}
[run_cell   40/  72 t=  318s] idx=39   budget=300s (shell timeout=360s)
[dist_shift_2023] running only idx=39; appending to /home/sasakis/v/tools/n2v/examples/FlowConformal/experiments/exp1_vnncomp_subset/outputs/exp1_dist_shift_2023_probstar.csv
[dist_shift_2023 1/1 t=0s budget=300s] idx=39 mnist_concat.onnx+index3401_delta0.13.vnnlib
    verdict=NOT_APPLICABLE  wall=4.08s

=== Sweep complete ===
Wrote /home/sasakis/v/tools/n2v/examples/FlowConformal/experiments/exp1_vnncomp_subset/outputs/exp1_dist_shift_2023_probstar.csv
Total wall-clock: 0.1 min
Counts: {'UNSAT': 0, 'SAT': 0, 'UNKNOWN': 0, 'NOT_APPLICABLE': 1, 'ERROR': 0, 'TIMEOUT': 0}
[run_cell   41/  72 t=  326s] idx=40   budget=300s (shell timeout=360s)
[dist_shift_2023] running only idx=40; appending to /home/sasakis/v/tools/n2v/examples/FlowConformal/experiments/exp1_vnncomp_subset/outputs/exp1_dist_shift_2023_probstar.csv
[dist_shift_2023 1/1 t=0s budget=300s] idx=40 mnist_concat.onnx+index9101_delta0.13.vnnlib
    verdict=NOT_APPLICABLE  wall=4.05s

=== Sweep complete ===
Wrote /home/sasakis/v/tools/n2v/examples/FlowConformal/experiments/exp1_vnncomp_subset/outputs/exp1_dist_shift_2023_probstar.csv
Total wall-clock: 0.1 min
Counts: {'UNSAT': 0, 'SAT': 0, 'UNKNOWN': 0, 'NOT_APPLICABLE': 1, 'ERROR': 0, 'TIMEOUT': 0}
[run_cell   42/  72 t=  334s] idx=41   budget=300s (shell timeout=360s)
[dist_shift_2023] running only idx=41; appending to /home/sasakis/v/tools/n2v/examples/FlowConformal/experiments/exp1_vnncomp_subset/outputs/exp1_dist_shift_2023_probstar.csv
[dist_shift_2023 1/1 t=0s budget=300s] idx=41 mnist_concat.onnx+index7109_delta0.13.vnnlib
    verdict=NOT_APPLICABLE  wall=4.05s

=== Sweep complete ===
Wrote /home/sasakis/v/tools/n2v/examples/FlowConformal/experiments/exp1_vnncomp_subset/outputs/exp1_dist_shift_2023_probstar.csv
Total wall-clock: 0.1 min
Counts: {'UNSAT': 0, 'SAT': 0, 'UNKNOWN': 0, 'NOT_APPLICABLE': 1, 'ERROR': 0, 'TIMEOUT': 0}
[run_cell   43/  72 t=  342s] idx=42   budget=300s (shell timeout=360s)
[dist_shift_2023] running only idx=42; appending to /home/sasakis/v/tools/n2v/examples/FlowConformal/experiments/exp1_vnncomp_subset/outputs/exp1_dist_shift_2023_probstar.csv
[dist_shift_2023 1/1 t=0s budget=300s] idx=42 mnist_concat.onnx+index4312_delta0.13.vnnlib
    verdict=NOT_APPLICABLE  wall=4.19s

=== Sweep complete ===
Wrote /home/sasakis/v/tools/n2v/examples/FlowConformal/experiments/exp1_vnncomp_subset/outputs/exp1_dist_shift_2023_probstar.csv
Total wall-clock: 0.1 min
Counts: {'UNSAT': 0, 'SAT': 0, 'UNKNOWN': 0, 'NOT_APPLICABLE': 1, 'ERROR': 0, 'TIMEOUT': 0}
[run_cell   44/  72 t=  350s] idx=43   budget=300s (shell timeout=360s)
[dist_shift_2023] running only idx=43; appending to /home/sasakis/v/tools/n2v/examples/FlowConformal/experiments/exp1_vnncomp_subset/outputs/exp1_dist_shift_2023_probstar.csv
[dist_shift_2023 1/1 t=0s budget=300s] idx=43 mnist_concat.onnx+index9203_delta0.13.vnnlib
    verdict=NOT_APPLICABLE  wall=4.08s

=== Sweep complete ===
Wrote /home/sasakis/v/tools/n2v/examples/FlowConformal/experiments/exp1_vnncomp_subset/outputs/exp1_dist_shift_2023_probstar.csv
Total wall-clock: 0.1 min
Counts: {'UNSAT': 0, 'SAT': 0, 'UNKNOWN': 0, 'NOT_APPLICABLE': 1, 'ERROR': 0, 'TIMEOUT': 0}
[run_cell   45/  72 t=  358s] idx=44   budget=300s (shell timeout=360s)
[dist_shift_2023] running only idx=44; appending to /home/sasakis/v/tools/n2v/examples/FlowConformal/experiments/exp1_vnncomp_subset/outputs/exp1_dist_shift_2023_probstar.csv
[dist_shift_2023 1/1 t=0s budget=300s] idx=44 mnist_concat.onnx+index1929_delta0.13.vnnlib
    verdict=NOT_APPLICABLE  wall=4.04s

=== Sweep complete ===
Wrote /home/sasakis/v/tools/n2v/examples/FlowConformal/experiments/exp1_vnncomp_subset/outputs/exp1_dist_shift_2023_probstar.csv
Total wall-clock: 0.1 min
Counts: {'UNSAT': 0, 'SAT': 0, 'UNKNOWN': 0, 'NOT_APPLICABLE': 1, 'ERROR': 0, 'TIMEOUT': 0}
[run_cell   46/  72 t=  366s] idx=45   budget=300s (shell timeout=360s)
[dist_shift_2023] running only idx=45; appending to /home/sasakis/v/tools/n2v/examples/FlowConformal/experiments/exp1_vnncomp_subset/outputs/exp1_dist_shift_2023_probstar.csv
[dist_shift_2023 1/1 t=0s budget=300s] idx=45 mnist_concat.onnx+index6217_delta0.13.vnnlib
    verdict=NOT_APPLICABLE  wall=4.15s

=== Sweep complete ===
Wrote /home/sasakis/v/tools/n2v/examples/FlowConformal/experiments/exp1_vnncomp_subset/outputs/exp1_dist_shift_2023_probstar.csv
Total wall-clock: 0.1 min
Counts: {'UNSAT': 0, 'SAT': 0, 'UNKNOWN': 0, 'NOT_APPLICABLE': 1, 'ERROR': 0, 'TIMEOUT': 0}
[run_cell   47/  72 t=  374s] idx=46   budget=300s (shell timeout=360s)
[dist_shift_2023] running only idx=46; appending to /home/sasakis/v/tools/n2v/examples/FlowConformal/experiments/exp1_vnncomp_subset/outputs/exp1_dist_shift_2023_probstar.csv
[dist_shift_2023 1/1 t=0s budget=300s] idx=46 mnist_concat.onnx+index4272_delta0.13.vnnlib
    verdict=NOT_APPLICABLE  wall=4.08s

=== Sweep complete ===
Wrote /home/sasakis/v/tools/n2v/examples/FlowConformal/experiments/exp1_vnncomp_subset/outputs/exp1_dist_shift_2023_probstar.csv
Total wall-clock: 0.1 min
Counts: {'UNSAT': 0, 'SAT': 0, 'UNKNOWN': 0, 'NOT_APPLICABLE': 1, 'ERROR': 0, 'TIMEOUT': 0}
[run_cell   48/  72 t=  382s] idx=47   budget=300s (shell timeout=360s)
[dist_shift_2023] running only idx=47; appending to /home/sasakis/v/tools/n2v/examples/FlowConformal/experiments/exp1_vnncomp_subset/outputs/exp1_dist_shift_2023_probstar.csv
[dist_shift_2023 1/1 t=0s budget=300s] idx=47 mnist_concat.onnx+index316_delta0.13.vnnlib
    verdict=NOT_APPLICABLE  wall=4.35s

=== Sweep complete ===
Wrote /home/sasakis/v/tools/n2v/examples/FlowConformal/experiments/exp1_vnncomp_subset/outputs/exp1_dist_shift_2023_probstar.csv
Total wall-clock: 0.1 min
Counts: {'UNSAT': 0, 'SAT': 0, 'UNKNOWN': 0, 'NOT_APPLICABLE': 1, 'ERROR': 0, 'TIMEOUT': 0}
[run_cell   49/  72 t=  391s] idx=48   budget=300s (shell timeout=360s)
[dist_shift_2023] running only idx=48; appending to /home/sasakis/v/tools/n2v/examples/FlowConformal/experiments/exp1_vnncomp_subset/outputs/exp1_dist_shift_2023_probstar.csv
[dist_shift_2023 1/1 t=0s budget=300s] idx=48 mnist_concat.onnx+index2750_delta0.13.vnnlib
    verdict=NOT_APPLICABLE  wall=4.08s

=== Sweep complete ===
Wrote /home/sasakis/v/tools/n2v/examples/FlowConformal/experiments/exp1_vnncomp_subset/outputs/exp1_dist_shift_2023_probstar.csv
Total wall-clock: 0.1 min
Counts: {'UNSAT': 0, 'SAT': 0, 'UNKNOWN': 0, 'NOT_APPLICABLE': 1, 'ERROR': 0, 'TIMEOUT': 0}
[run_cell   50/  72 t=  399s] idx=49   budget=300s (shell timeout=360s)
[dist_shift_2023] running only idx=49; appending to /home/sasakis/v/tools/n2v/examples/FlowConformal/experiments/exp1_vnncomp_subset/outputs/exp1_dist_shift_2023_probstar.csv
[dist_shift_2023 1/1 t=0s budget=300s] idx=49 mnist_concat.onnx+index7336_delta0.13.vnnlib
    verdict=NOT_APPLICABLE  wall=4.03s

=== Sweep complete ===
Wrote /home/sasakis/v/tools/n2v/examples/FlowConformal/experiments/exp1_vnncomp_subset/outputs/exp1_dist_shift_2023_probstar.csv
Total wall-clock: 0.1 min
Counts: {'UNSAT': 0, 'SAT': 0, 'UNKNOWN': 0, 'NOT_APPLICABLE': 1, 'ERROR': 0, 'TIMEOUT': 0}
[run_cell   51/  72 t=  407s] idx=50   budget=300s (shell timeout=360s)
[dist_shift_2023] running only idx=50; appending to /home/sasakis/v/tools/n2v/examples/FlowConformal/experiments/exp1_vnncomp_subset/outputs/exp1_dist_shift_2023_probstar.csv
[dist_shift_2023 1/1 t=0s budget=300s] idx=50 mnist_concat.onnx+index1453_delta0.13.vnnlib
    verdict=NOT_APPLICABLE  wall=4.07s

=== Sweep complete ===
Wrote /home/sasakis/v/tools/n2v/examples/FlowConformal/experiments/exp1_vnncomp_subset/outputs/exp1_dist_shift_2023_probstar.csv
Total wall-clock: 0.1 min
Counts: {'UNSAT': 0, 'SAT': 0, 'UNKNOWN': 0, 'NOT_APPLICABLE': 1, 'ERROR': 0, 'TIMEOUT': 0}
[run_cell   52/  72 t=  415s] idx=51   budget=300s (shell timeout=360s)
[dist_shift_2023] running only idx=51; appending to /home/sasakis/v/tools/n2v/examples/FlowConformal/experiments/exp1_vnncomp_subset/outputs/exp1_dist_shift_2023_probstar.csv
[dist_shift_2023 1/1 t=0s budget=300s] idx=51 mnist_concat.onnx+index112_delta0.13.vnnlib
    verdict=NOT_APPLICABLE  wall=4.06s

=== Sweep complete ===
Wrote /home/sasakis/v/tools/n2v/examples/FlowConformal/experiments/exp1_vnncomp_subset/outputs/exp1_dist_shift_2023_probstar.csv
Total wall-clock: 0.1 min
Counts: {'UNSAT': 0, 'SAT': 0, 'UNKNOWN': 0, 'NOT_APPLICABLE': 1, 'ERROR': 0, 'TIMEOUT': 0}
[run_cell   53/  72 t=  423s] idx=52   budget=300s (shell timeout=360s)
[dist_shift_2023] running only idx=52; appending to /home/sasakis/v/tools/n2v/examples/FlowConformal/experiments/exp1_vnncomp_subset/outputs/exp1_dist_shift_2023_probstar.csv
[dist_shift_2023 1/1 t=0s budget=300s] idx=52 mnist_concat.onnx+index6936_delta0.13.vnnlib
    verdict=NOT_APPLICABLE  wall=4.27s

=== Sweep complete ===
Wrote /home/sasakis/v/tools/n2v/examples/FlowConformal/experiments/exp1_vnncomp_subset/outputs/exp1_dist_shift_2023_probstar.csv
Total wall-clock: 0.1 min
Counts: {'UNSAT': 0, 'SAT': 0, 'UNKNOWN': 0, 'NOT_APPLICABLE': 1, 'ERROR': 0, 'TIMEOUT': 0}
[run_cell   54/  72 t=  431s] idx=53   budget=300s (shell timeout=360s)
[dist_shift_2023] running only idx=53; appending to /home/sasakis/v/tools/n2v/examples/FlowConformal/experiments/exp1_vnncomp_subset/outputs/exp1_dist_shift_2023_probstar.csv
[dist_shift_2023 1/1 t=0s budget=300s] idx=53 mnist_concat.onnx+index6574_delta0.13.vnnlib
    verdict=NOT_APPLICABLE  wall=4.13s

=== Sweep complete ===
Wrote /home/sasakis/v/tools/n2v/examples/FlowConformal/experiments/exp1_vnncomp_subset/outputs/exp1_dist_shift_2023_probstar.csv
Total wall-clock: 0.1 min
Counts: {'UNSAT': 0, 'SAT': 0, 'UNKNOWN': 0, 'NOT_APPLICABLE': 1, 'ERROR': 0, 'TIMEOUT': 0}
[run_cell   55/  72 t=  439s] idx=54   budget=300s (shell timeout=360s)
[dist_shift_2023] running only idx=54; appending to /home/sasakis/v/tools/n2v/examples/FlowConformal/experiments/exp1_vnncomp_subset/outputs/exp1_dist_shift_2023_probstar.csv
[dist_shift_2023 1/1 t=0s budget=300s] idx=54 mnist_concat.onnx+index7281_delta0.13.vnnlib
    verdict=NOT_APPLICABLE  wall=4.08s

=== Sweep complete ===
Wrote /home/sasakis/v/tools/n2v/examples/FlowConformal/experiments/exp1_vnncomp_subset/outputs/exp1_dist_shift_2023_probstar.csv
Total wall-clock: 0.1 min
Counts: {'UNSAT': 0, 'SAT': 0, 'UNKNOWN': 0, 'NOT_APPLICABLE': 1, 'ERROR': 0, 'TIMEOUT': 0}
[run_cell   56/  72 t=  447s] idx=55   budget=300s (shell timeout=360s)
[dist_shift_2023] running only idx=55; appending to /home/sasakis/v/tools/n2v/examples/FlowConformal/experiments/exp1_vnncomp_subset/outputs/exp1_dist_shift_2023_probstar.csv
[dist_shift_2023 1/1 t=0s budget=300s] idx=55 mnist_concat.onnx+index6551_delta0.13.vnnlib
    verdict=NOT_APPLICABLE  wall=4.08s

=== Sweep complete ===
Wrote /home/sasakis/v/tools/n2v/examples/FlowConformal/experiments/exp1_vnncomp_subset/outputs/exp1_dist_shift_2023_probstar.csv
Total wall-clock: 0.1 min
Counts: {'UNSAT': 0, 'SAT': 0, 'UNKNOWN': 0, 'NOT_APPLICABLE': 1, 'ERROR': 0, 'TIMEOUT': 0}
[run_cell   57/  72 t=  455s] idx=56   budget=300s (shell timeout=360s)
[dist_shift_2023] running only idx=56; appending to /home/sasakis/v/tools/n2v/examples/FlowConformal/experiments/exp1_vnncomp_subset/outputs/exp1_dist_shift_2023_probstar.csv
[dist_shift_2023 1/1 t=0s budget=300s] idx=56 mnist_concat.onnx+index6412_delta0.13.vnnlib
    verdict=NOT_APPLICABLE  wall=4.10s

=== Sweep complete ===
Wrote /home/sasakis/v/tools/n2v/examples/FlowConformal/experiments/exp1_vnncomp_subset/outputs/exp1_dist_shift_2023_probstar.csv
Total wall-clock: 0.1 min
Counts: {'UNSAT': 0, 'SAT': 0, 'UNKNOWN': 0, 'NOT_APPLICABLE': 1, 'ERROR': 0, 'TIMEOUT': 0}
[run_cell   58/  72 t=  463s] idx=57   budget=300s (shell timeout=360s)
[dist_shift_2023] running only idx=57; appending to /home/sasakis/v/tools/n2v/examples/FlowConformal/experiments/exp1_vnncomp_subset/outputs/exp1_dist_shift_2023_probstar.csv
[dist_shift_2023 1/1 t=0s budget=300s] idx=57 mnist_concat.onnx+index3552_delta0.13.vnnlib
    verdict=NOT_APPLICABLE  wall=4.30s

=== Sweep complete ===
Wrote /home/sasakis/v/tools/n2v/examples/FlowConformal/experiments/exp1_vnncomp_subset/outputs/exp1_dist_shift_2023_probstar.csv
Total wall-clock: 0.1 min
Counts: {'UNSAT': 0, 'SAT': 0, 'UNKNOWN': 0, 'NOT_APPLICABLE': 1, 'ERROR': 0, 'TIMEOUT': 0}
[run_cell   59/  72 t=  472s] idx=58   budget=300s (shell timeout=360s)
[dist_shift_2023] running only idx=58; appending to /home/sasakis/v/tools/n2v/examples/FlowConformal/experiments/exp1_vnncomp_subset/outputs/exp1_dist_shift_2023_probstar.csv
[dist_shift_2023 1/1 t=0s budget=300s] idx=58 mnist_concat.onnx+index3805_delta0.13.vnnlib
    verdict=NOT_APPLICABLE  wall=4.04s

=== Sweep complete ===
Wrote /home/sasakis/v/tools/n2v/examples/FlowConformal/experiments/exp1_vnncomp_subset/outputs/exp1_dist_shift_2023_probstar.csv
Total wall-clock: 0.1 min
Counts: {'UNSAT': 0, 'SAT': 0, 'UNKNOWN': 0, 'NOT_APPLICABLE': 1, 'ERROR': 0, 'TIMEOUT': 0}
[run_cell   60/  72 t=  480s] idx=59   budget=300s (shell timeout=360s)
[dist_shift_2023] running only idx=59; appending to /home/sasakis/v/tools/n2v/examples/FlowConformal/experiments/exp1_vnncomp_subset/outputs/exp1_dist_shift_2023_probstar.csv
[dist_shift_2023 1/1 t=0s budget=300s] idx=59 mnist_concat.onnx+index668_delta0.13.vnnlib
    verdict=NOT_APPLICABLE  wall=4.30s

=== Sweep complete ===
Wrote /home/sasakis/v/tools/n2v/examples/FlowConformal/experiments/exp1_vnncomp_subset/outputs/exp1_dist_shift_2023_probstar.csv
Total wall-clock: 0.1 min
Counts: {'UNSAT': 0, 'SAT': 0, 'UNKNOWN': 0, 'NOT_APPLICABLE': 1, 'ERROR': 0, 'TIMEOUT': 0}
[run_cell   61/  72 t=  488s] idx=60   budget=300s (shell timeout=360s)
[dist_shift_2023] running only idx=60; appending to /home/sasakis/v/tools/n2v/examples/FlowConformal/experiments/exp1_vnncomp_subset/outputs/exp1_dist_shift_2023_probstar.csv
[dist_shift_2023 1/1 t=0s budget=300s] idx=60 mnist_concat.onnx+index7175_delta0.13.vnnlib
    verdict=NOT_APPLICABLE  wall=4.12s

=== Sweep complete ===
Wrote /home/sasakis/v/tools/n2v/examples/FlowConformal/experiments/exp1_vnncomp_subset/outputs/exp1_dist_shift_2023_probstar.csv
Total wall-clock: 0.1 min
Counts: {'UNSAT': 0, 'SAT': 0, 'UNKNOWN': 0, 'NOT_APPLICABLE': 1, 'ERROR': 0, 'TIMEOUT': 0}
[run_cell   62/  72 t=  496s] idx=61   budget=300s (shell timeout=360s)
[dist_shift_2023] running only idx=61; appending to /home/sasakis/v/tools/n2v/examples/FlowConformal/experiments/exp1_vnncomp_subset/outputs/exp1_dist_shift_2023_probstar.csv
[dist_shift_2023 1/1 t=0s budget=300s] idx=61 mnist_concat.onnx+index4286_delta0.13.vnnlib
    verdict=NOT_APPLICABLE  wall=4.08s

=== Sweep complete ===
Wrote /home/sasakis/v/tools/n2v/examples/FlowConformal/experiments/exp1_vnncomp_subset/outputs/exp1_dist_shift_2023_probstar.csv
Total wall-clock: 0.1 min
Counts: {'UNSAT': 0, 'SAT': 0, 'UNKNOWN': 0, 'NOT_APPLICABLE': 1, 'ERROR': 0, 'TIMEOUT': 0}
[run_cell   63/  72 t=  504s] idx=62   budget=300s (shell timeout=360s)
[dist_shift_2023] running only idx=62; appending to /home/sasakis/v/tools/n2v/examples/FlowConformal/experiments/exp1_vnncomp_subset/outputs/exp1_dist_shift_2023_probstar.csv
[dist_shift_2023 1/1 t=0s budget=300s] idx=62 mnist_concat.onnx+index5385_delta0.13.vnnlib
    verdict=NOT_APPLICABLE  wall=4.04s

=== Sweep complete ===
Wrote /home/sasakis/v/tools/n2v/examples/FlowConformal/experiments/exp1_vnncomp_subset/outputs/exp1_dist_shift_2023_probstar.csv
Total wall-clock: 0.1 min
Counts: {'UNSAT': 0, 'SAT': 0, 'UNKNOWN': 0, 'NOT_APPLICABLE': 1, 'ERROR': 0, 'TIMEOUT': 0}
[run_cell   64/  72 t=  512s] idx=63   budget=300s (shell timeout=360s)
[dist_shift_2023] running only idx=63; appending to /home/sasakis/v/tools/n2v/examples/FlowConformal/experiments/exp1_vnncomp_subset/outputs/exp1_dist_shift_2023_probstar.csv
[dist_shift_2023 1/1 t=0s budget=300s] idx=63 mnist_concat.onnx+index5391_delta0.13.vnnlib
    verdict=NOT_APPLICABLE  wall=4.05s

=== Sweep complete ===
Wrote /home/sasakis/v/tools/n2v/examples/FlowConformal/experiments/exp1_vnncomp_subset/outputs/exp1_dist_shift_2023_probstar.csv
Total wall-clock: 0.1 min
Counts: {'UNSAT': 0, 'SAT': 0, 'UNKNOWN': 0, 'NOT_APPLICABLE': 1, 'ERROR': 0, 'TIMEOUT': 0}
[run_cell   65/  72 t=  520s] idx=64   budget=300s (shell timeout=360s)
[dist_shift_2023] running only idx=64; appending to /home/sasakis/v/tools/n2v/examples/FlowConformal/experiments/exp1_vnncomp_subset/outputs/exp1_dist_shift_2023_probstar.csv
[dist_shift_2023 1/1 t=0s budget=300s] idx=64 mnist_concat.onnx+index6354_delta0.13.vnnlib
    verdict=NOT_APPLICABLE  wall=4.28s

=== Sweep complete ===
Wrote /home/sasakis/v/tools/n2v/examples/FlowConformal/experiments/exp1_vnncomp_subset/outputs/exp1_dist_shift_2023_probstar.csv
Total wall-clock: 0.1 min
Counts: {'UNSAT': 0, 'SAT': 0, 'UNKNOWN': 0, 'NOT_APPLICABLE': 1, 'ERROR': 0, 'TIMEOUT': 0}
[run_cell   66/  72 t=  528s] idx=65   budget=300s (shell timeout=360s)
[dist_shift_2023] running only idx=65; appending to /home/sasakis/v/tools/n2v/examples/FlowConformal/experiments/exp1_vnncomp_subset/outputs/exp1_dist_shift_2023_probstar.csv
[dist_shift_2023 1/1 t=0s budget=300s] idx=65 mnist_concat.onnx+index5020_delta0.13.vnnlib
    verdict=NOT_APPLICABLE  wall=4.05s

=== Sweep complete ===
Wrote /home/sasakis/v/tools/n2v/examples/FlowConformal/experiments/exp1_vnncomp_subset/outputs/exp1_dist_shift_2023_probstar.csv
Total wall-clock: 0.1 min
Counts: {'UNSAT': 0, 'SAT': 0, 'UNKNOWN': 0, 'NOT_APPLICABLE': 1, 'ERROR': 0, 'TIMEOUT': 0}
[run_cell   67/  72 t=  536s] idx=66   budget=300s (shell timeout=360s)
[dist_shift_2023] running only idx=66; appending to /home/sasakis/v/tools/n2v/examples/FlowConformal/experiments/exp1_vnncomp_subset/outputs/exp1_dist_shift_2023_probstar.csv
[dist_shift_2023 1/1 t=0s budget=300s] idx=66 mnist_concat.onnx+index7106_delta0.13.vnnlib
    verdict=NOT_APPLICABLE  wall=4.18s

=== Sweep complete ===
Wrote /home/sasakis/v/tools/n2v/examples/FlowConformal/experiments/exp1_vnncomp_subset/outputs/exp1_dist_shift_2023_probstar.csv
Total wall-clock: 0.1 min
Counts: {'UNSAT': 0, 'SAT': 0, 'UNKNOWN': 0, 'NOT_APPLICABLE': 1, 'ERROR': 0, 'TIMEOUT': 0}
[run_cell   68/  72 t=  544s] idx=67   budget=300s (shell timeout=360s)
[dist_shift_2023] running only idx=67; appending to /home/sasakis/v/tools/n2v/examples/FlowConformal/experiments/exp1_vnncomp_subset/outputs/exp1_dist_shift_2023_probstar.csv
[dist_shift_2023 1/1 t=0s budget=300s] idx=67 mnist_concat.onnx+index4148_delta0.13.vnnlib
    verdict=NOT_APPLICABLE  wall=4.08s

=== Sweep complete ===
Wrote /home/sasakis/v/tools/n2v/examples/FlowConformal/experiments/exp1_vnncomp_subset/outputs/exp1_dist_shift_2023_probstar.csv
Total wall-clock: 0.1 min
Counts: {'UNSAT': 0, 'SAT': 0, 'UNKNOWN': 0, 'NOT_APPLICABLE': 1, 'ERROR': 0, 'TIMEOUT': 0}
[run_cell   69/  72 t=  552s] idx=68   budget=300s (shell timeout=360s)
[dist_shift_2023] running only idx=68; appending to /home/sasakis/v/tools/n2v/examples/FlowConformal/experiments/exp1_vnncomp_subset/outputs/exp1_dist_shift_2023_probstar.csv
[dist_shift_2023 1/1 t=0s budget=300s] idx=68 mnist_concat.onnx+index6199_delta0.13.vnnlib
    verdict=NOT_APPLICABLE  wall=4.08s

=== Sweep complete ===
Wrote /home/sasakis/v/tools/n2v/examples/FlowConformal/experiments/exp1_vnncomp_subset/outputs/exp1_dist_shift_2023_probstar.csv
Total wall-clock: 0.1 min
Counts: {'UNSAT': 0, 'SAT': 0, 'UNKNOWN': 0, 'NOT_APPLICABLE': 1, 'ERROR': 0, 'TIMEOUT': 0}
[run_cell   70/  72 t=  560s] idx=69   budget=300s (shell timeout=360s)
[dist_shift_2023] running only idx=69; appending to /home/sasakis/v/tools/n2v/examples/FlowConformal/experiments/exp1_vnncomp_subset/outputs/exp1_dist_shift_2023_probstar.csv
[dist_shift_2023 1/1 t=0s budget=300s] idx=69 mnist_concat.onnx+index7534_delta0.13.vnnlib
    verdict=NOT_APPLICABLE  wall=4.08s

=== Sweep complete ===
Wrote /home/sasakis/v/tools/n2v/examples/FlowConformal/experiments/exp1_vnncomp_subset/outputs/exp1_dist_shift_2023_probstar.csv
Total wall-clock: 0.1 min
Counts: {'UNSAT': 0, 'SAT': 0, 'UNKNOWN': 0, 'NOT_APPLICABLE': 1, 'ERROR': 0, 'TIMEOUT': 0}
[run_cell   71/  72 t=  568s] idx=70   budget=300s (shell timeout=360s)
[dist_shift_2023] running only idx=70; appending to /home/sasakis/v/tools/n2v/examples/FlowConformal/experiments/exp1_vnncomp_subset/outputs/exp1_dist_shift_2023_probstar.csv
[dist_shift_2023 1/1 t=0s budget=300s] idx=70 mnist_concat.onnx+index9021_delta0.13.vnnlib
    verdict=NOT_APPLICABLE  wall=4.08s

=== Sweep complete ===
Wrote /home/sasakis/v/tools/n2v/examples/FlowConformal/experiments/exp1_vnncomp_subset/outputs/exp1_dist_shift_2023_probstar.csv
Total wall-clock: 0.1 min
Counts: {'UNSAT': 0, 'SAT': 0, 'UNKNOWN': 0, 'NOT_APPLICABLE': 1, 'ERROR': 0, 'TIMEOUT': 0}
[run_cell   72/  72 t=  576s] idx=71   budget=300s (shell timeout=360s)
[dist_shift_2023] running only idx=71; appending to /home/sasakis/v/tools/n2v/examples/FlowConformal/experiments/exp1_vnncomp_subset/outputs/exp1_dist_shift_2023_probstar.csv
[dist_shift_2023 1/1 t=0s budget=300s] idx=71 mnist_concat.onnx+index6107_delta0.13.vnnlib
    verdict=NOT_APPLICABLE  wall=4.10s

=== Sweep complete ===
Wrote /home/sasakis/v/tools/n2v/examples/FlowConformal/experiments/exp1_vnncomp_subset/outputs/exp1_dist_shift_2023_probstar.csv
Total wall-clock: 0.1 min
Counts: {'UNSAT': 0, 'SAT': 0, 'UNKNOWN': 0, 'NOT_APPLICABLE': 1, 'ERROR': 0, 'TIMEOUT': 0}
[run_cell] complete. shell-killed timeouts and exits noted above; CSV row counts in the output file.

[2026-05-05T18:51:38-05:00] === END:   exp1_dist_shift_2023_probstar (rc=0) ===
