[2026-05-02T08:24:00-05:00] === START: exp1_tllverify_2023_ours ===
[run_cell] exp1_vnncomp_subset.exp1_run_ours --benchmark tllverify_2023: 32 instances
[run_cell    1/  32 t=    0s] idx=0    budget=600s (shell timeout=660s)
[tllverify_2023] running only instance idx=0; appending to /home/sasakis/v/tools/n2v/examples/FlowConformal/experiments/exp1_vnncomp_subset/outputs/exp1_tllverify_2023_ours.csv
[tllverify_2023 1/1 t=0s budget=600s] onnx/tllBench_n=2_N=M=8_m=1_instance_0_0.onnx + vnnlib/property_N=8_0.vnnlib
    verdict=UNSAT  wall=63.8s
[run_cell    2/  32 t=   68s] idx=1    budget=600s (shell timeout=660s)
[tllverify_2023] running only instance idx=1; appending to /home/sasakis/v/tools/n2v/examples/FlowConformal/experiments/exp1_vnncomp_subset/outputs/exp1_tllverify_2023_ours.csv
[tllverify_2023 1/1 t=0s budget=600s] onnx/tllBench_n=2_N=M=8_m=1_instance_0_1.onnx + vnnlib/property_N=8_1.vnnlib
    verdict=UNSAT  wall=70.6s
[run_cell    3/  32 t=  144s] idx=2    budget=600s (shell timeout=660s)
[tllverify_2023] running only instance idx=2; appending to /home/sasakis/v/tools/n2v/examples/FlowConformal/experiments/exp1_vnncomp_subset/outputs/exp1_tllverify_2023_ours.csv
[tllverify_2023 1/1 t=0s budget=600s] onnx/tllBench_n=2_N=M=8_m=1_instance_0_2.onnx + vnnlib/property_N=8_2.vnnlib
    verdict=UNSAT  wall=71.3s
[run_cell    4/  32 t=  220s] idx=3    budget=600s (shell timeout=660s)
[tllverify_2023] running only instance idx=3; appending to /home/sasakis/v/tools/n2v/examples/FlowConformal/experiments/exp1_vnncomp_subset/outputs/exp1_tllverify_2023_ours.csv
[tllverify_2023 1/1 t=0s budget=600s] onnx/tllBench_n=2_N=M=8_m=1_instance_0_3.onnx + vnnlib/property_N=8_3.vnnlib
    verdict=SAT  wall=2.7s
[run_cell    5/  32 t=  228s] idx=4    budget=600s (shell timeout=660s)
[tllverify_2023] running only instance idx=4; appending to /home/sasakis/v/tools/n2v/examples/FlowConformal/experiments/exp1_vnncomp_subset/outputs/exp1_tllverify_2023_ours.csv
[tllverify_2023 1/1 t=0s budget=600s] onnx/tllBench_n=2_N=M=16_m=1_instance_1_0.onnx + vnnlib/property_N=16_0.vnnlib
    verdict=UNSAT  wall=66.9s
[run_cell    6/  32 t=  299s] idx=5    budget=600s (shell timeout=660s)
[tllverify_2023] running only instance idx=5; appending to /home/sasakis/v/tools/n2v/examples/FlowConformal/experiments/exp1_vnncomp_subset/outputs/exp1_tllverify_2023_ours.csv
[tllverify_2023 1/1 t=0s budget=600s] onnx/tllBench_n=2_N=M=16_m=1_instance_1_1.onnx + vnnlib/property_N=16_1.vnnlib
    verdict=SAT  wall=2.7s
[run_cell    7/  32 t=  307s] idx=6    budget=600s (shell timeout=660s)
[tllverify_2023] running only instance idx=6; appending to /home/sasakis/v/tools/n2v/examples/FlowConformal/experiments/exp1_vnncomp_subset/outputs/exp1_tllverify_2023_ours.csv
[tllverify_2023 1/1 t=0s budget=600s] onnx/tllBench_n=2_N=M=16_m=1_instance_1_2.onnx + vnnlib/property_N=16_2.vnnlib
    verdict=UNSAT  wall=66.5s
[run_cell    8/  32 t=  378s] idx=7    budget=600s (shell timeout=660s)
[tllverify_2023] running only instance idx=7; appending to /home/sasakis/v/tools/n2v/examples/FlowConformal/experiments/exp1_vnncomp_subset/outputs/exp1_tllverify_2023_ours.csv
[tllverify_2023 1/1 t=0s budget=600s] onnx/tllBench_n=2_N=M=16_m=1_instance_1_3.onnx + vnnlib/property_N=16_3.vnnlib
    verdict=UNSAT  wall=66.6s
[run_cell    9/  32 t=  450s] idx=8    budget=600s (shell timeout=660s)
[tllverify_2023] running only instance idx=8; appending to /home/sasakis/v/tools/n2v/examples/FlowConformal/experiments/exp1_vnncomp_subset/outputs/exp1_tllverify_2023_ours.csv
[tllverify_2023 1/1 t=0s budget=600s] onnx/tllBench_n=2_N=M=24_m=1_instance_2_0.onnx + vnnlib/property_N=24_0.vnnlib
    verdict=UNSAT  wall=70.4s
[run_cell   10/  32 t=  525s] idx=9    budget=600s (shell timeout=660s)
[tllverify_2023] running only instance idx=9; appending to /home/sasakis/v/tools/n2v/examples/FlowConformal/experiments/exp1_vnncomp_subset/outputs/exp1_tllverify_2023_ours.csv
[tllverify_2023 1/1 t=0s budget=600s] onnx/tllBench_n=2_N=M=24_m=1_instance_2_1.onnx + vnnlib/property_N=24_1.vnnlib
    verdict=UNSAT  wall=65.2s
[run_cell   11/  32 t=  596s] idx=10   budget=600s (shell timeout=660s)
[tllverify_2023] running only instance idx=10; appending to /home/sasakis/v/tools/n2v/examples/FlowConformal/experiments/exp1_vnncomp_subset/outputs/exp1_tllverify_2023_ours.csv
[tllverify_2023 1/1 t=0s budget=600s] onnx/tllBench_n=2_N=M=24_m=1_instance_2_2.onnx + vnnlib/property_N=24_2.vnnlib
    verdict=SAT  wall=2.6s
[run_cell   12/  32 t=  603s] idx=11   budget=600s (shell timeout=660s)
[tllverify_2023] running only instance idx=11; appending to /home/sasakis/v/tools/n2v/examples/FlowConformal/experiments/exp1_vnncomp_subset/outputs/exp1_tllverify_2023_ours.csv
[tllverify_2023 1/1 t=0s budget=600s] onnx/tllBench_n=2_N=M=24_m=1_instance_2_3.onnx + vnnlib/property_N=24_3.vnnlib
    verdict=SAT  wall=2.8s
[run_cell   13/  32 t=  610s] idx=12   budget=600s (shell timeout=660s)
[tllverify_2023] running only instance idx=12; appending to /home/sasakis/v/tools/n2v/examples/FlowConformal/experiments/exp1_vnncomp_subset/outputs/exp1_tllverify_2023_ours.csv
[tllverify_2023 1/1 t=0s budget=600s] onnx/tllBench_n=2_N=M=32_m=1_instance_3_0.onnx + vnnlib/property_N=32_0.vnnlib
    verdict=UNSAT  wall=68.0s
[run_cell   14/  32 t=  684s] idx=13   budget=600s (shell timeout=660s)
[tllverify_2023] running only instance idx=13; appending to /home/sasakis/v/tools/n2v/examples/FlowConformal/experiments/exp1_vnncomp_subset/outputs/exp1_tllverify_2023_ours.csv
[tllverify_2023 1/1 t=0s budget=600s] onnx/tllBench_n=2_N=M=32_m=1_instance_3_1.onnx + vnnlib/property_N=32_1.vnnlib
    verdict=SAT  wall=2.9s
[run_cell   15/  32 t=  691s] idx=14   budget=600s (shell timeout=660s)
[tllverify_2023] running only instance idx=14; appending to /home/sasakis/v/tools/n2v/examples/FlowConformal/experiments/exp1_vnncomp_subset/outputs/exp1_tllverify_2023_ours.csv
[tllverify_2023 1/1 t=0s budget=600s] onnx/tllBench_n=2_N=M=32_m=1_instance_3_2.onnx + vnnlib/property_N=32_2.vnnlib
    verdict=UNSAT  wall=70.3s
[run_cell   16/  32 t=  767s] idx=15   budget=600s (shell timeout=660s)
[tllverify_2023] running only instance idx=15; appending to /home/sasakis/v/tools/n2v/examples/FlowConformal/experiments/exp1_vnncomp_subset/outputs/exp1_tllverify_2023_ours.csv
[tllverify_2023 1/1 t=0s budget=600s] onnx/tllBench_n=2_N=M=32_m=1_instance_3_3.onnx + vnnlib/property_N=32_3.vnnlib
    verdict=UNSAT  wall=74.4s
[run_cell   17/  32 t=  846s] idx=16   budget=600s (shell timeout=660s)
[tllverify_2023] running only instance idx=16; appending to /home/sasakis/v/tools/n2v/examples/FlowConformal/experiments/exp1_vnncomp_subset/outputs/exp1_tllverify_2023_ours.csv
[tllverify_2023 1/1 t=0s budget=600s] onnx/tllBench_n=2_N=M=40_m=1_instance_4_0.onnx + vnnlib/property_N=40_0.vnnlib
    verdict=UNSAT  wall=65.8s
[run_cell   18/  32 t=  918s] idx=17   budget=600s (shell timeout=660s)
[tllverify_2023] running only instance idx=17; appending to /home/sasakis/v/tools/n2v/examples/FlowConformal/experiments/exp1_vnncomp_subset/outputs/exp1_tllverify_2023_ours.csv
[tllverify_2023 1/1 t=0s budget=600s] onnx/tllBench_n=2_N=M=40_m=1_instance_4_1.onnx + vnnlib/property_N=40_1.vnnlib
    verdict=SAT  wall=3.5s
[run_cell   19/  32 t=  926s] idx=18   budget=600s (shell timeout=660s)
[tllverify_2023] running only instance idx=18; appending to /home/sasakis/v/tools/n2v/examples/FlowConformal/experiments/exp1_vnncomp_subset/outputs/exp1_tllverify_2023_ours.csv
[tllverify_2023 1/1 t=0s budget=600s] onnx/tllBench_n=2_N=M=40_m=1_instance_4_2.onnx + vnnlib/property_N=40_2.vnnlib
    verdict=UNSAT  wall=65.7s
[run_cell   20/  32 t=  997s] idx=19   budget=600s (shell timeout=660s)
[tllverify_2023] running only instance idx=19; appending to /home/sasakis/v/tools/n2v/examples/FlowConformal/experiments/exp1_vnncomp_subset/outputs/exp1_tllverify_2023_ours.csv
[tllverify_2023 1/1 t=0s budget=600s] onnx/tllBench_n=2_N=M=40_m=1_instance_4_3.onnx + vnnlib/property_N=40_3.vnnlib
    verdict=SAT  wall=3.4s
[run_cell   21/  32 t= 1005s] idx=20   budget=600s (shell timeout=660s)
[tllverify_2023] running only instance idx=20; appending to /home/sasakis/v/tools/n2v/examples/FlowConformal/experiments/exp1_vnncomp_subset/outputs/exp1_tllverify_2023_ours.csv
[tllverify_2023 1/1 t=0s budget=600s] onnx/tllBench_n=2_N=M=48_m=1_instance_5_0.onnx + vnnlib/property_N=48_0.vnnlib
    verdict=SAT  wall=4.1s
[run_cell   22/  32 t= 1013s] idx=21   budget=600s (shell timeout=660s)
[tllverify_2023] running only instance idx=21; appending to /home/sasakis/v/tools/n2v/examples/FlowConformal/experiments/exp1_vnncomp_subset/outputs/exp1_tllverify_2023_ours.csv
[tllverify_2023 1/1 t=0s budget=600s] onnx/tllBench_n=2_N=M=48_m=1_instance_5_1.onnx + vnnlib/property_N=48_1.vnnlib
    verdict=SAT  wall=4.8s
[run_cell   23/  32 t= 1023s] idx=22   budget=600s (shell timeout=660s)
[tllverify_2023] running only instance idx=22; appending to /home/sasakis/v/tools/n2v/examples/FlowConformal/experiments/exp1_vnncomp_subset/outputs/exp1_tllverify_2023_ours.csv
[tllverify_2023 1/1 t=0s budget=600s] onnx/tllBench_n=2_N=M=48_m=1_instance_5_2.onnx + vnnlib/property_N=48_2.vnnlib
    verdict=UNSAT  wall=67.1s
[run_cell   24/  32 t= 1095s] idx=23   budget=600s (shell timeout=660s)
[tllverify_2023] running only instance idx=23; appending to /home/sasakis/v/tools/n2v/examples/FlowConformal/experiments/exp1_vnncomp_subset/outputs/exp1_tllverify_2023_ours.csv
[tllverify_2023 1/1 t=0s budget=600s] onnx/tllBench_n=2_N=M=48_m=1_instance_5_3.onnx + vnnlib/property_N=48_3.vnnlib
    verdict=SAT  wall=4.4s
[run_cell   25/  32 t= 1104s] idx=24   budget=600s (shell timeout=660s)
[tllverify_2023] running only instance idx=24; appending to /home/sasakis/v/tools/n2v/examples/FlowConformal/experiments/exp1_vnncomp_subset/outputs/exp1_tllverify_2023_ours.csv
[tllverify_2023 1/1 t=0s budget=600s] onnx/tllBench_n=2_N=M=56_m=1_instance_6_0.onnx + vnnlib/property_N=56_0.vnnlib
    verdict=UNSAT  wall=77.3s
[run_cell   26/  32 t= 1187s] idx=25   budget=600s (shell timeout=660s)
[tllverify_2023] running only instance idx=25; appending to /home/sasakis/v/tools/n2v/examples/FlowConformal/experiments/exp1_vnncomp_subset/outputs/exp1_tllverify_2023_ours.csv
[tllverify_2023 1/1 t=0s budget=600s] onnx/tllBench_n=2_N=M=56_m=1_instance_6_1.onnx + vnnlib/property_N=56_1.vnnlib
    verdict=SAT  wall=5.5s
[run_cell   27/  32 t= 1197s] idx=26   budget=600s (shell timeout=660s)
[tllverify_2023] running only instance idx=26; appending to /home/sasakis/v/tools/n2v/examples/FlowConformal/experiments/exp1_vnncomp_subset/outputs/exp1_tllverify_2023_ours.csv
[tllverify_2023 1/1 t=0s budget=600s] onnx/tllBench_n=2_N=M=56_m=1_instance_6_2.onnx + vnnlib/property_N=56_2.vnnlib
    verdict=SAT  wall=5.7s
[run_cell   28/  32 t= 1207s] idx=27   budget=600s (shell timeout=660s)
[tllverify_2023] running only instance idx=27; appending to /home/sasakis/v/tools/n2v/examples/FlowConformal/experiments/exp1_vnncomp_subset/outputs/exp1_tllverify_2023_ours.csv
[tllverify_2023 1/1 t=0s budget=600s] onnx/tllBench_n=2_N=M=56_m=1_instance_6_3.onnx + vnnlib/property_N=56_3.vnnlib
    verdict=SAT  wall=5.8s
[run_cell   29/  32 t= 1217s] idx=28   budget=600s (shell timeout=660s)
[tllverify_2023] running only instance idx=28; appending to /home/sasakis/v/tools/n2v/examples/FlowConformal/experiments/exp1_vnncomp_subset/outputs/exp1_tllverify_2023_ours.csv
[tllverify_2023 1/1 t=0s budget=600s] onnx/tllBench_n=2_N=M=64_m=1_instance_7_0.onnx + vnnlib/property_N=64_0.vnnlib
    verdict=SAT  wall=7.7s
[run_cell   30/  32 t= 1230s] idx=29   budget=600s (shell timeout=660s)
[tllverify_2023] running only instance idx=29; appending to /home/sasakis/v/tools/n2v/examples/FlowConformal/experiments/exp1_vnncomp_subset/outputs/exp1_tllverify_2023_ours.csv
[tllverify_2023 1/1 t=0s budget=600s] onnx/tllBench_n=2_N=M=64_m=1_instance_7_1.onnx + vnnlib/property_N=64_1.vnnlib
    verdict=SAT  wall=7.9s
[run_cell   31/  32 t= 1243s] idx=30   budget=600s (shell timeout=660s)
[tllverify_2023] running only instance idx=30; appending to /home/sasakis/v/tools/n2v/examples/FlowConformal/experiments/exp1_vnncomp_subset/outputs/exp1_tllverify_2023_ours.csv
[tllverify_2023 1/1 t=0s budget=600s] onnx/tllBench_n=2_N=M=64_m=1_instance_7_2.onnx + vnnlib/property_N=64_2.vnnlib
    verdict=SAT  wall=7.9s
[run_cell   32/  32 t= 1255s] idx=31   budget=600s (shell timeout=660s)
[tllverify_2023] running only instance idx=31; appending to /home/sasakis/v/tools/n2v/examples/FlowConformal/experiments/exp1_vnncomp_subset/outputs/exp1_tllverify_2023_ours.csv
[tllverify_2023 1/1 t=0s budget=600s] onnx/tllBench_n=2_N=M=64_m=1_instance_7_3.onnx + vnnlib/property_N=64_3.vnnlib
    verdict=UNKNOWN  wall=63.4s
[run_cell] complete. shell-killed timeouts and exits noted above; CSV row counts in the output file.

[2026-05-02T08:46:08-05:00] === END:   exp1_tllverify_2023_ours (rc=0) ===
