[2026-05-02T08:46:08-05:00] === START: exp1_tllverify_2023_hashemi_clipping ===
[run_cell] exp1_vnncomp_subset.exp1_run_hashemi_clipping --benchmark tllverify_2023: 32 instances
[run_cell    1/  32 t=    0s] idx=0    budget=600s (shell timeout=660s)
[tllverify_2023] running only idx=0; appending to /home/sasakis/v/tools/n2v/examples/FlowConformal/experiments/exp1_vnncomp_subset/outputs/exp1_tllverify_2023_hashemi_clipping.csv
[tllverify_2023] Loaded 1 instances; writing to /home/sasakis/v/tools/n2v/examples/FlowConformal/experiments/exp1_vnncomp_subset/outputs/exp1_tllverify_2023_hashemi_clipping.csv
[tllverify_2023] Hashemi-clipping config: m=8000 ell=7999 epsilon=0.001 SEED=47
[tllverify_2023 1/1 t=0s budget=600s] onnx/tllBench_n=2_N=M=8_m=1_instance_0_0.onnx + vnnlib/property_N=8_0.vnnlib
    verdict=UNSAT  wall=46.1s

=== Sweep complete ===
Wrote /home/sasakis/v/tools/n2v/examples/FlowConformal/experiments/exp1_vnncomp_subset/outputs/exp1_tllverify_2023_hashemi_clipping.csv
Total wall-clock: 0.8 min
Counts: {'UNSAT': 1, 'SAT': 0, 'UNKNOWN': 0, 'SKIPPED': 0, 'ERROR': 0, 'TIMEOUT': 0}
[run_cell    2/  32 t=   51s] idx=1    budget=600s (shell timeout=660s)
[tllverify_2023] running only idx=1; appending to /home/sasakis/v/tools/n2v/examples/FlowConformal/experiments/exp1_vnncomp_subset/outputs/exp1_tllverify_2023_hashemi_clipping.csv
[tllverify_2023] Loaded 1 instances; writing to /home/sasakis/v/tools/n2v/examples/FlowConformal/experiments/exp1_vnncomp_subset/outputs/exp1_tllverify_2023_hashemi_clipping.csv
[tllverify_2023] Hashemi-clipping config: m=8000 ell=7999 epsilon=0.001 SEED=47
[tllverify_2023 1/1 t=0s budget=600s] onnx/tllBench_n=2_N=M=8_m=1_instance_0_1.onnx + vnnlib/property_N=8_1.vnnlib
    verdict=UNSAT  wall=49.7s

=== Sweep complete ===
Wrote /home/sasakis/v/tools/n2v/examples/FlowConformal/experiments/exp1_vnncomp_subset/outputs/exp1_tllverify_2023_hashemi_clipping.csv
Total wall-clock: 0.8 min
Counts: {'UNSAT': 1, 'SAT': 0, 'UNKNOWN': 0, 'SKIPPED': 0, 'ERROR': 0, 'TIMEOUT': 0}
[run_cell    3/  32 t=  105s] idx=2    budget=600s (shell timeout=660s)
[tllverify_2023] running only idx=2; appending to /home/sasakis/v/tools/n2v/examples/FlowConformal/experiments/exp1_vnncomp_subset/outputs/exp1_tllverify_2023_hashemi_clipping.csv
[tllverify_2023] Loaded 1 instances; writing to /home/sasakis/v/tools/n2v/examples/FlowConformal/experiments/exp1_vnncomp_subset/outputs/exp1_tllverify_2023_hashemi_clipping.csv
[tllverify_2023] Hashemi-clipping config: m=8000 ell=7999 epsilon=0.001 SEED=47
[tllverify_2023 1/1 t=0s budget=600s] onnx/tllBench_n=2_N=M=8_m=1_instance_0_2.onnx + vnnlib/property_N=8_2.vnnlib
    verdict=UNSAT  wall=46.1s

=== Sweep complete ===
Wrote /home/sasakis/v/tools/n2v/examples/FlowConformal/experiments/exp1_vnncomp_subset/outputs/exp1_tllverify_2023_hashemi_clipping.csv
Total wall-clock: 0.8 min
Counts: {'UNSAT': 1, 'SAT': 0, 'UNKNOWN': 0, 'SKIPPED': 0, 'ERROR': 0, 'TIMEOUT': 0}
[run_cell    4/  32 t=  156s] idx=3    budget=600s (shell timeout=660s)
[tllverify_2023] running only idx=3; appending to /home/sasakis/v/tools/n2v/examples/FlowConformal/experiments/exp1_vnncomp_subset/outputs/exp1_tllverify_2023_hashemi_clipping.csv
[tllverify_2023] Loaded 1 instances; writing to /home/sasakis/v/tools/n2v/examples/FlowConformal/experiments/exp1_vnncomp_subset/outputs/exp1_tllverify_2023_hashemi_clipping.csv
[tllverify_2023] Hashemi-clipping config: m=8000 ell=7999 epsilon=0.001 SEED=47
[tllverify_2023 1/1 t=0s budget=600s] onnx/tllBench_n=2_N=M=8_m=1_instance_0_3.onnx + vnnlib/property_N=8_3.vnnlib
    verdict=SAT  wall=2.7s

=== Sweep complete ===
Wrote /home/sasakis/v/tools/n2v/examples/FlowConformal/experiments/exp1_vnncomp_subset/outputs/exp1_tllverify_2023_hashemi_clipping.csv
Total wall-clock: 0.0 min
Counts: {'UNSAT': 0, 'SAT': 1, 'UNKNOWN': 0, 'SKIPPED': 0, 'ERROR': 0, 'TIMEOUT': 0}
[run_cell    5/  32 t=  164s] idx=4    budget=600s (shell timeout=660s)
[tllverify_2023] running only idx=4; appending to /home/sasakis/v/tools/n2v/examples/FlowConformal/experiments/exp1_vnncomp_subset/outputs/exp1_tllverify_2023_hashemi_clipping.csv
[tllverify_2023] Loaded 1 instances; writing to /home/sasakis/v/tools/n2v/examples/FlowConformal/experiments/exp1_vnncomp_subset/outputs/exp1_tllverify_2023_hashemi_clipping.csv
[tllverify_2023] Hashemi-clipping config: m=8000 ell=7999 epsilon=0.001 SEED=47
[tllverify_2023 1/1 t=0s budget=600s] onnx/tllBench_n=2_N=M=16_m=1_instance_1_0.onnx + vnnlib/property_N=16_0.vnnlib
    verdict=UNSAT  wall=49.3s

=== Sweep complete ===
Wrote /home/sasakis/v/tools/n2v/examples/FlowConformal/experiments/exp1_vnncomp_subset/outputs/exp1_tllverify_2023_hashemi_clipping.csv
Total wall-clock: 0.8 min
Counts: {'UNSAT': 1, 'SAT': 0, 'UNKNOWN': 0, 'SKIPPED': 0, 'ERROR': 0, 'TIMEOUT': 0}
[run_cell    6/  32 t=  218s] idx=5    budget=600s (shell timeout=660s)
[tllverify_2023] running only idx=5; appending to /home/sasakis/v/tools/n2v/examples/FlowConformal/experiments/exp1_vnncomp_subset/outputs/exp1_tllverify_2023_hashemi_clipping.csv
[tllverify_2023] Loaded 1 instances; writing to /home/sasakis/v/tools/n2v/examples/FlowConformal/experiments/exp1_vnncomp_subset/outputs/exp1_tllverify_2023_hashemi_clipping.csv
[tllverify_2023] Hashemi-clipping config: m=8000 ell=7999 epsilon=0.001 SEED=47
[tllverify_2023 1/1 t=0s budget=600s] onnx/tllBench_n=2_N=M=16_m=1_instance_1_1.onnx + vnnlib/property_N=16_1.vnnlib
    verdict=SAT  wall=2.7s

=== Sweep complete ===
Wrote /home/sasakis/v/tools/n2v/examples/FlowConformal/experiments/exp1_vnncomp_subset/outputs/exp1_tllverify_2023_hashemi_clipping.csv
Total wall-clock: 0.0 min
Counts: {'UNSAT': 0, 'SAT': 1, 'UNKNOWN': 0, 'SKIPPED': 0, 'ERROR': 0, 'TIMEOUT': 0}
[run_cell    7/  32 t=  225s] idx=6    budget=600s (shell timeout=660s)
[tllverify_2023] running only idx=6; appending to /home/sasakis/v/tools/n2v/examples/FlowConformal/experiments/exp1_vnncomp_subset/outputs/exp1_tllverify_2023_hashemi_clipping.csv
[tllverify_2023] Loaded 1 instances; writing to /home/sasakis/v/tools/n2v/examples/FlowConformal/experiments/exp1_vnncomp_subset/outputs/exp1_tllverify_2023_hashemi_clipping.csv
[tllverify_2023] Hashemi-clipping config: m=8000 ell=7999 epsilon=0.001 SEED=47
[tllverify_2023 1/1 t=0s budget=600s] onnx/tllBench_n=2_N=M=16_m=1_instance_1_2.onnx + vnnlib/property_N=16_2.vnnlib
    verdict=UNSAT  wall=49.3s

=== Sweep complete ===
Wrote /home/sasakis/v/tools/n2v/examples/FlowConformal/experiments/exp1_vnncomp_subset/outputs/exp1_tllverify_2023_hashemi_clipping.csv
Total wall-clock: 0.8 min
Counts: {'UNSAT': 1, 'SAT': 0, 'UNKNOWN': 0, 'SKIPPED': 0, 'ERROR': 0, 'TIMEOUT': 0}
[run_cell    8/  32 t=  280s] idx=7    budget=600s (shell timeout=660s)
[tllverify_2023] running only idx=7; appending to /home/sasakis/v/tools/n2v/examples/FlowConformal/experiments/exp1_vnncomp_subset/outputs/exp1_tllverify_2023_hashemi_clipping.csv
[tllverify_2023] Loaded 1 instances; writing to /home/sasakis/v/tools/n2v/examples/FlowConformal/experiments/exp1_vnncomp_subset/outputs/exp1_tllverify_2023_hashemi_clipping.csv
[tllverify_2023] Hashemi-clipping config: m=8000 ell=7999 epsilon=0.001 SEED=47
[tllverify_2023 1/1 t=0s budget=600s] onnx/tllBench_n=2_N=M=16_m=1_instance_1_3.onnx + vnnlib/property_N=16_3.vnnlib
    verdict=UNSAT  wall=46.5s

=== Sweep complete ===
Wrote /home/sasakis/v/tools/n2v/examples/FlowConformal/experiments/exp1_vnncomp_subset/outputs/exp1_tllverify_2023_hashemi_clipping.csv
Total wall-clock: 0.8 min
Counts: {'UNSAT': 1, 'SAT': 0, 'UNKNOWN': 0, 'SKIPPED': 0, 'ERROR': 0, 'TIMEOUT': 0}
[run_cell    9/  32 t=  331s] idx=8    budget=600s (shell timeout=660s)
[tllverify_2023] running only idx=8; appending to /home/sasakis/v/tools/n2v/examples/FlowConformal/experiments/exp1_vnncomp_subset/outputs/exp1_tllverify_2023_hashemi_clipping.csv
[tllverify_2023] Loaded 1 instances; writing to /home/sasakis/v/tools/n2v/examples/FlowConformal/experiments/exp1_vnncomp_subset/outputs/exp1_tllverify_2023_hashemi_clipping.csv
[tllverify_2023] Hashemi-clipping config: m=8000 ell=7999 epsilon=0.001 SEED=47
[tllverify_2023 1/1 t=0s budget=600s] onnx/tllBench_n=2_N=M=24_m=1_instance_2_0.onnx + vnnlib/property_N=24_0.vnnlib
    verdict=UNSAT  wall=49.8s

=== Sweep complete ===
Wrote /home/sasakis/v/tools/n2v/examples/FlowConformal/experiments/exp1_vnncomp_subset/outputs/exp1_tllverify_2023_hashemi_clipping.csv
Total wall-clock: 0.8 min
Counts: {'UNSAT': 1, 'SAT': 0, 'UNKNOWN': 0, 'SKIPPED': 0, 'ERROR': 0, 'TIMEOUT': 0}
[run_cell   10/  32 t=  386s] idx=9    budget=600s (shell timeout=660s)
[tllverify_2023] running only idx=9; appending to /home/sasakis/v/tools/n2v/examples/FlowConformal/experiments/exp1_vnncomp_subset/outputs/exp1_tllverify_2023_hashemi_clipping.csv
[tllverify_2023] Loaded 1 instances; writing to /home/sasakis/v/tools/n2v/examples/FlowConformal/experiments/exp1_vnncomp_subset/outputs/exp1_tllverify_2023_hashemi_clipping.csv
[tllverify_2023] Hashemi-clipping config: m=8000 ell=7999 epsilon=0.001 SEED=47
[tllverify_2023 1/1 t=0s budget=600s] onnx/tllBench_n=2_N=M=24_m=1_instance_2_1.onnx + vnnlib/property_N=24_1.vnnlib
    verdict=UNSAT  wall=46.6s

=== Sweep complete ===
Wrote /home/sasakis/v/tools/n2v/examples/FlowConformal/experiments/exp1_vnncomp_subset/outputs/exp1_tllverify_2023_hashemi_clipping.csv
Total wall-clock: 0.8 min
Counts: {'UNSAT': 1, 'SAT': 0, 'UNKNOWN': 0, 'SKIPPED': 0, 'ERROR': 0, 'TIMEOUT': 0}
[run_cell   11/  32 t=  437s] idx=10   budget=600s (shell timeout=660s)
[tllverify_2023] running only idx=10; appending to /home/sasakis/v/tools/n2v/examples/FlowConformal/experiments/exp1_vnncomp_subset/outputs/exp1_tllverify_2023_hashemi_clipping.csv
[tllverify_2023] Loaded 1 instances; writing to /home/sasakis/v/tools/n2v/examples/FlowConformal/experiments/exp1_vnncomp_subset/outputs/exp1_tllverify_2023_hashemi_clipping.csv
[tllverify_2023] Hashemi-clipping config: m=8000 ell=7999 epsilon=0.001 SEED=47
[tllverify_2023 1/1 t=0s budget=600s] onnx/tllBench_n=2_N=M=24_m=1_instance_2_2.onnx + vnnlib/property_N=24_2.vnnlib
    verdict=SAT  wall=3.0s

=== Sweep complete ===
Wrote /home/sasakis/v/tools/n2v/examples/FlowConformal/experiments/exp1_vnncomp_subset/outputs/exp1_tllverify_2023_hashemi_clipping.csv
Total wall-clock: 0.0 min
Counts: {'UNSAT': 0, 'SAT': 1, 'UNKNOWN': 0, 'SKIPPED': 0, 'ERROR': 0, 'TIMEOUT': 0}
[run_cell   12/  32 t=  445s] idx=11   budget=600s (shell timeout=660s)
[tllverify_2023] running only idx=11; appending to /home/sasakis/v/tools/n2v/examples/FlowConformal/experiments/exp1_vnncomp_subset/outputs/exp1_tllverify_2023_hashemi_clipping.csv
[tllverify_2023] Loaded 1 instances; writing to /home/sasakis/v/tools/n2v/examples/FlowConformal/experiments/exp1_vnncomp_subset/outputs/exp1_tllverify_2023_hashemi_clipping.csv
[tllverify_2023] Hashemi-clipping config: m=8000 ell=7999 epsilon=0.001 SEED=47
[tllverify_2023 1/1 t=0s budget=600s] onnx/tllBench_n=2_N=M=24_m=1_instance_2_3.onnx + vnnlib/property_N=24_3.vnnlib
    verdict=SAT  wall=2.8s

=== Sweep complete ===
Wrote /home/sasakis/v/tools/n2v/examples/FlowConformal/experiments/exp1_vnncomp_subset/outputs/exp1_tllverify_2023_hashemi_clipping.csv
Total wall-clock: 0.0 min
Counts: {'UNSAT': 0, 'SAT': 1, 'UNKNOWN': 0, 'SKIPPED': 0, 'ERROR': 0, 'TIMEOUT': 0}
[run_cell   13/  32 t=  452s] idx=12   budget=600s (shell timeout=660s)
[tllverify_2023] running only idx=12; appending to /home/sasakis/v/tools/n2v/examples/FlowConformal/experiments/exp1_vnncomp_subset/outputs/exp1_tllverify_2023_hashemi_clipping.csv
[tllverify_2023] Loaded 1 instances; writing to /home/sasakis/v/tools/n2v/examples/FlowConformal/experiments/exp1_vnncomp_subset/outputs/exp1_tllverify_2023_hashemi_clipping.csv
[tllverify_2023] Hashemi-clipping config: m=8000 ell=7999 epsilon=0.001 SEED=47
[tllverify_2023 1/1 t=0s budget=600s] onnx/tllBench_n=2_N=M=32_m=1_instance_3_0.onnx + vnnlib/property_N=32_0.vnnlib
    verdict=UNSAT  wall=47.1s

=== Sweep complete ===
Wrote /home/sasakis/v/tools/n2v/examples/FlowConformal/experiments/exp1_vnncomp_subset/outputs/exp1_tllverify_2023_hashemi_clipping.csv
Total wall-clock: 0.8 min
Counts: {'UNSAT': 1, 'SAT': 0, 'UNKNOWN': 0, 'SKIPPED': 0, 'ERROR': 0, 'TIMEOUT': 0}
[run_cell   14/  32 t=  504s] idx=13   budget=600s (shell timeout=660s)
[tllverify_2023] running only idx=13; appending to /home/sasakis/v/tools/n2v/examples/FlowConformal/experiments/exp1_vnncomp_subset/outputs/exp1_tllverify_2023_hashemi_clipping.csv
[tllverify_2023] Loaded 1 instances; writing to /home/sasakis/v/tools/n2v/examples/FlowConformal/experiments/exp1_vnncomp_subset/outputs/exp1_tllverify_2023_hashemi_clipping.csv
[tllverify_2023] Hashemi-clipping config: m=8000 ell=7999 epsilon=0.001 SEED=47
[tllverify_2023 1/1 t=0s budget=600s] onnx/tllBench_n=2_N=M=32_m=1_instance_3_1.onnx + vnnlib/property_N=32_1.vnnlib
    verdict=SAT  wall=2.9s

=== Sweep complete ===
Wrote /home/sasakis/v/tools/n2v/examples/FlowConformal/experiments/exp1_vnncomp_subset/outputs/exp1_tllverify_2023_hashemi_clipping.csv
Total wall-clock: 0.0 min
Counts: {'UNSAT': 0, 'SAT': 1, 'UNKNOWN': 0, 'SKIPPED': 0, 'ERROR': 0, 'TIMEOUT': 0}
[run_cell   15/  32 t=  512s] idx=14   budget=600s (shell timeout=660s)
[tllverify_2023] running only idx=14; appending to /home/sasakis/v/tools/n2v/examples/FlowConformal/experiments/exp1_vnncomp_subset/outputs/exp1_tllverify_2023_hashemi_clipping.csv
[tllverify_2023] Loaded 1 instances; writing to /home/sasakis/v/tools/n2v/examples/FlowConformal/experiments/exp1_vnncomp_subset/outputs/exp1_tllverify_2023_hashemi_clipping.csv
[tllverify_2023] Hashemi-clipping config: m=8000 ell=7999 epsilon=0.001 SEED=47
[tllverify_2023 1/1 t=0s budget=600s] onnx/tllBench_n=2_N=M=32_m=1_instance_3_2.onnx + vnnlib/property_N=32_2.vnnlib
    verdict=UNSAT  wall=50.5s

=== Sweep complete ===
Wrote /home/sasakis/v/tools/n2v/examples/FlowConformal/experiments/exp1_vnncomp_subset/outputs/exp1_tllverify_2023_hashemi_clipping.csv
Total wall-clock: 0.8 min
Counts: {'UNSAT': 1, 'SAT': 0, 'UNKNOWN': 0, 'SKIPPED': 0, 'ERROR': 0, 'TIMEOUT': 0}
[run_cell   16/  32 t=  567s] idx=15   budget=600s (shell timeout=660s)
[tllverify_2023] running only idx=15; appending to /home/sasakis/v/tools/n2v/examples/FlowConformal/experiments/exp1_vnncomp_subset/outputs/exp1_tllverify_2023_hashemi_clipping.csv
[tllverify_2023] Loaded 1 instances; writing to /home/sasakis/v/tools/n2v/examples/FlowConformal/experiments/exp1_vnncomp_subset/outputs/exp1_tllverify_2023_hashemi_clipping.csv
[tllverify_2023] Hashemi-clipping config: m=8000 ell=7999 epsilon=0.001 SEED=47
[tllverify_2023 1/1 t=0s budget=600s] onnx/tllBench_n=2_N=M=32_m=1_instance_3_3.onnx + vnnlib/property_N=32_3.vnnlib
    verdict=UNSAT  wall=46.7s

=== Sweep complete ===
Wrote /home/sasakis/v/tools/n2v/examples/FlowConformal/experiments/exp1_vnncomp_subset/outputs/exp1_tllverify_2023_hashemi_clipping.csv
Total wall-clock: 0.8 min
Counts: {'UNSAT': 1, 'SAT': 0, 'UNKNOWN': 0, 'SKIPPED': 0, 'ERROR': 0, 'TIMEOUT': 0}
[run_cell   17/  32 t=  619s] idx=16   budget=600s (shell timeout=660s)
[tllverify_2023] running only idx=16; appending to /home/sasakis/v/tools/n2v/examples/FlowConformal/experiments/exp1_vnncomp_subset/outputs/exp1_tllverify_2023_hashemi_clipping.csv
[tllverify_2023] Loaded 1 instances; writing to /home/sasakis/v/tools/n2v/examples/FlowConformal/experiments/exp1_vnncomp_subset/outputs/exp1_tllverify_2023_hashemi_clipping.csv
[tllverify_2023] Hashemi-clipping config: m=8000 ell=7999 epsilon=0.001 SEED=47
[tllverify_2023 1/1 t=0s budget=600s] onnx/tllBench_n=2_N=M=40_m=1_instance_4_0.onnx + vnnlib/property_N=40_0.vnnlib
    verdict=UNSAT  wall=47.7s

=== Sweep complete ===
Wrote /home/sasakis/v/tools/n2v/examples/FlowConformal/experiments/exp1_vnncomp_subset/outputs/exp1_tllverify_2023_hashemi_clipping.csv
Total wall-clock: 0.8 min
Counts: {'UNSAT': 1, 'SAT': 0, 'UNKNOWN': 0, 'SKIPPED': 0, 'ERROR': 0, 'TIMEOUT': 0}
[run_cell   18/  32 t=  671s] idx=17   budget=600s (shell timeout=660s)
[tllverify_2023] running only idx=17; appending to /home/sasakis/v/tools/n2v/examples/FlowConformal/experiments/exp1_vnncomp_subset/outputs/exp1_tllverify_2023_hashemi_clipping.csv
[tllverify_2023] Loaded 1 instances; writing to /home/sasakis/v/tools/n2v/examples/FlowConformal/experiments/exp1_vnncomp_subset/outputs/exp1_tllverify_2023_hashemi_clipping.csv
[tllverify_2023] Hashemi-clipping config: m=8000 ell=7999 epsilon=0.001 SEED=47
[tllverify_2023 1/1 t=0s budget=600s] onnx/tllBench_n=2_N=M=40_m=1_instance_4_1.onnx + vnnlib/property_N=40_1.vnnlib
    verdict=SAT  wall=3.4s

=== Sweep complete ===
Wrote /home/sasakis/v/tools/n2v/examples/FlowConformal/experiments/exp1_vnncomp_subset/outputs/exp1_tllverify_2023_hashemi_clipping.csv
Total wall-clock: 0.1 min
Counts: {'UNSAT': 0, 'SAT': 1, 'UNKNOWN': 0, 'SKIPPED': 0, 'ERROR': 0, 'TIMEOUT': 0}
[run_cell   19/  32 t=  679s] idx=18   budget=600s (shell timeout=660s)
[tllverify_2023] running only idx=18; appending to /home/sasakis/v/tools/n2v/examples/FlowConformal/experiments/exp1_vnncomp_subset/outputs/exp1_tllverify_2023_hashemi_clipping.csv
[tllverify_2023] Loaded 1 instances; writing to /home/sasakis/v/tools/n2v/examples/FlowConformal/experiments/exp1_vnncomp_subset/outputs/exp1_tllverify_2023_hashemi_clipping.csv
[tllverify_2023] Hashemi-clipping config: m=8000 ell=7999 epsilon=0.001 SEED=47
[tllverify_2023 1/1 t=0s budget=600s] onnx/tllBench_n=2_N=M=40_m=1_instance_4_2.onnx + vnnlib/property_N=40_2.vnnlib
    verdict=UNSAT  wall=50.7s

=== Sweep complete ===
Wrote /home/sasakis/v/tools/n2v/examples/FlowConformal/experiments/exp1_vnncomp_subset/outputs/exp1_tllverify_2023_hashemi_clipping.csv
Total wall-clock: 0.8 min
Counts: {'UNSAT': 1, 'SAT': 0, 'UNKNOWN': 0, 'SKIPPED': 0, 'ERROR': 0, 'TIMEOUT': 0}
[run_cell   20/  32 t=  735s] idx=19   budget=600s (shell timeout=660s)
[tllverify_2023] running only idx=19; appending to /home/sasakis/v/tools/n2v/examples/FlowConformal/experiments/exp1_vnncomp_subset/outputs/exp1_tllverify_2023_hashemi_clipping.csv
[tllverify_2023] Loaded 1 instances; writing to /home/sasakis/v/tools/n2v/examples/FlowConformal/experiments/exp1_vnncomp_subset/outputs/exp1_tllverify_2023_hashemi_clipping.csv
[tllverify_2023] Hashemi-clipping config: m=8000 ell=7999 epsilon=0.001 SEED=47
[tllverify_2023 1/1 t=0s budget=600s] onnx/tllBench_n=2_N=M=40_m=1_instance_4_3.onnx + vnnlib/property_N=40_3.vnnlib
    verdict=SAT  wall=3.2s

=== Sweep complete ===
Wrote /home/sasakis/v/tools/n2v/examples/FlowConformal/experiments/exp1_vnncomp_subset/outputs/exp1_tllverify_2023_hashemi_clipping.csv
Total wall-clock: 0.1 min
Counts: {'UNSAT': 0, 'SAT': 1, 'UNKNOWN': 0, 'SKIPPED': 0, 'ERROR': 0, 'TIMEOUT': 0}
[run_cell   21/  32 t=  743s] idx=20   budget=600s (shell timeout=660s)
[tllverify_2023] running only idx=20; appending to /home/sasakis/v/tools/n2v/examples/FlowConformal/experiments/exp1_vnncomp_subset/outputs/exp1_tllverify_2023_hashemi_clipping.csv
[tllverify_2023] Loaded 1 instances; writing to /home/sasakis/v/tools/n2v/examples/FlowConformal/experiments/exp1_vnncomp_subset/outputs/exp1_tllverify_2023_hashemi_clipping.csv
[tllverify_2023] Hashemi-clipping config: m=8000 ell=7999 epsilon=0.001 SEED=47
[tllverify_2023 1/1 t=0s budget=600s] onnx/tllBench_n=2_N=M=48_m=1_instance_5_0.onnx + vnnlib/property_N=48_0.vnnlib
    verdict=SAT  wall=3.8s

=== Sweep complete ===
Wrote /home/sasakis/v/tools/n2v/examples/FlowConformal/experiments/exp1_vnncomp_subset/outputs/exp1_tllverify_2023_hashemi_clipping.csv
Total wall-clock: 0.1 min
Counts: {'UNSAT': 0, 'SAT': 1, 'UNKNOWN': 0, 'SKIPPED': 0, 'ERROR': 0, 'TIMEOUT': 0}
[run_cell   22/  32 t=  751s] idx=21   budget=600s (shell timeout=660s)
[tllverify_2023] running only idx=21; appending to /home/sasakis/v/tools/n2v/examples/FlowConformal/experiments/exp1_vnncomp_subset/outputs/exp1_tllverify_2023_hashemi_clipping.csv
[tllverify_2023] Loaded 1 instances; writing to /home/sasakis/v/tools/n2v/examples/FlowConformal/experiments/exp1_vnncomp_subset/outputs/exp1_tllverify_2023_hashemi_clipping.csv
[tllverify_2023] Hashemi-clipping config: m=8000 ell=7999 epsilon=0.001 SEED=47
[tllverify_2023 1/1 t=0s budget=600s] onnx/tllBench_n=2_N=M=48_m=1_instance_5_1.onnx + vnnlib/property_N=48_1.vnnlib
    verdict=SAT  wall=4.1s

=== Sweep complete ===
Wrote /home/sasakis/v/tools/n2v/examples/FlowConformal/experiments/exp1_vnncomp_subset/outputs/exp1_tllverify_2023_hashemi_clipping.csv
Total wall-clock: 0.1 min
Counts: {'UNSAT': 0, 'SAT': 1, 'UNKNOWN': 0, 'SKIPPED': 0, 'ERROR': 0, 'TIMEOUT': 0}
[run_cell   23/  32 t=  760s] idx=22   budget=600s (shell timeout=660s)
[tllverify_2023] running only idx=22; appending to /home/sasakis/v/tools/n2v/examples/FlowConformal/experiments/exp1_vnncomp_subset/outputs/exp1_tllverify_2023_hashemi_clipping.csv
[tllverify_2023] Loaded 1 instances; writing to /home/sasakis/v/tools/n2v/examples/FlowConformal/experiments/exp1_vnncomp_subset/outputs/exp1_tllverify_2023_hashemi_clipping.csv
[tllverify_2023] Hashemi-clipping config: m=8000 ell=7999 epsilon=0.001 SEED=47
[tllverify_2023 1/1 t=0s budget=600s] onnx/tllBench_n=2_N=M=48_m=1_instance_5_2.onnx + vnnlib/property_N=48_2.vnnlib
    verdict=UNSAT  wall=48.2s

=== Sweep complete ===
Wrote /home/sasakis/v/tools/n2v/examples/FlowConformal/experiments/exp1_vnncomp_subset/outputs/exp1_tllverify_2023_hashemi_clipping.csv
Total wall-clock: 0.8 min
Counts: {'UNSAT': 1, 'SAT': 0, 'UNKNOWN': 0, 'SKIPPED': 0, 'ERROR': 0, 'TIMEOUT': 0}
[run_cell   24/  32 t=  813s] idx=23   budget=600s (shell timeout=660s)
[tllverify_2023] running only idx=23; appending to /home/sasakis/v/tools/n2v/examples/FlowConformal/experiments/exp1_vnncomp_subset/outputs/exp1_tllverify_2023_hashemi_clipping.csv
[tllverify_2023] Loaded 1 instances; writing to /home/sasakis/v/tools/n2v/examples/FlowConformal/experiments/exp1_vnncomp_subset/outputs/exp1_tllverify_2023_hashemi_clipping.csv
[tllverify_2023] Hashemi-clipping config: m=8000 ell=7999 epsilon=0.001 SEED=47
[tllverify_2023 1/1 t=0s budget=600s] onnx/tllBench_n=2_N=M=48_m=1_instance_5_3.onnx + vnnlib/property_N=48_3.vnnlib
    verdict=SAT  wall=4.0s

=== Sweep complete ===
Wrote /home/sasakis/v/tools/n2v/examples/FlowConformal/experiments/exp1_vnncomp_subset/outputs/exp1_tllverify_2023_hashemi_clipping.csv
Total wall-clock: 0.1 min
Counts: {'UNSAT': 0, 'SAT': 1, 'UNKNOWN': 0, 'SKIPPED': 0, 'ERROR': 0, 'TIMEOUT': 0}
[run_cell   25/  32 t=  822s] idx=24   budget=600s (shell timeout=660s)
[tllverify_2023] running only idx=24; appending to /home/sasakis/v/tools/n2v/examples/FlowConformal/experiments/exp1_vnncomp_subset/outputs/exp1_tllverify_2023_hashemi_clipping.csv
[tllverify_2023] Loaded 1 instances; writing to /home/sasakis/v/tools/n2v/examples/FlowConformal/experiments/exp1_vnncomp_subset/outputs/exp1_tllverify_2023_hashemi_clipping.csv
[tllverify_2023] Hashemi-clipping config: m=8000 ell=7999 epsilon=0.001 SEED=47
[tllverify_2023 1/1 t=0s budget=600s] onnx/tllBench_n=2_N=M=56_m=1_instance_6_0.onnx + vnnlib/property_N=56_0.vnnlib
    verdict=UNSAT  wall=49.6s

=== Sweep complete ===
Wrote /home/sasakis/v/tools/n2v/examples/FlowConformal/experiments/exp1_vnncomp_subset/outputs/exp1_tllverify_2023_hashemi_clipping.csv
Total wall-clock: 0.8 min
Counts: {'UNSAT': 1, 'SAT': 0, 'UNKNOWN': 0, 'SKIPPED': 0, 'ERROR': 0, 'TIMEOUT': 0}
[run_cell   26/  32 t=  876s] idx=25   budget=600s (shell timeout=660s)
[tllverify_2023] running only idx=25; appending to /home/sasakis/v/tools/n2v/examples/FlowConformal/experiments/exp1_vnncomp_subset/outputs/exp1_tllverify_2023_hashemi_clipping.csv
[tllverify_2023] Loaded 1 instances; writing to /home/sasakis/v/tools/n2v/examples/FlowConformal/experiments/exp1_vnncomp_subset/outputs/exp1_tllverify_2023_hashemi_clipping.csv
[tllverify_2023] Hashemi-clipping config: m=8000 ell=7999 epsilon=0.001 SEED=47
[tllverify_2023 1/1 t=0s budget=600s] onnx/tllBench_n=2_N=M=56_m=1_instance_6_1.onnx + vnnlib/property_N=56_1.vnnlib
    verdict=SAT  wall=4.9s

=== Sweep complete ===
Wrote /home/sasakis/v/tools/n2v/examples/FlowConformal/experiments/exp1_vnncomp_subset/outputs/exp1_tllverify_2023_hashemi_clipping.csv
Total wall-clock: 0.1 min
Counts: {'UNSAT': 0, 'SAT': 1, 'UNKNOWN': 0, 'SKIPPED': 0, 'ERROR': 0, 'TIMEOUT': 0}
[run_cell   27/  32 t=  886s] idx=26   budget=600s (shell timeout=660s)
[tllverify_2023] running only idx=26; appending to /home/sasakis/v/tools/n2v/examples/FlowConformal/experiments/exp1_vnncomp_subset/outputs/exp1_tllverify_2023_hashemi_clipping.csv
[tllverify_2023] Loaded 1 instances; writing to /home/sasakis/v/tools/n2v/examples/FlowConformal/experiments/exp1_vnncomp_subset/outputs/exp1_tllverify_2023_hashemi_clipping.csv
[tllverify_2023] Hashemi-clipping config: m=8000 ell=7999 epsilon=0.001 SEED=47
[tllverify_2023 1/1 t=0s budget=600s] onnx/tllBench_n=2_N=M=56_m=1_instance_6_2.onnx + vnnlib/property_N=56_2.vnnlib
    verdict=SAT  wall=4.9s

=== Sweep complete ===
Wrote /home/sasakis/v/tools/n2v/examples/FlowConformal/experiments/exp1_vnncomp_subset/outputs/exp1_tllverify_2023_hashemi_clipping.csv
Total wall-clock: 0.1 min
Counts: {'UNSAT': 0, 'SAT': 1, 'UNKNOWN': 0, 'SKIPPED': 0, 'ERROR': 0, 'TIMEOUT': 0}
[run_cell   28/  32 t=  896s] idx=27   budget=600s (shell timeout=660s)
[tllverify_2023] running only idx=27; appending to /home/sasakis/v/tools/n2v/examples/FlowConformal/experiments/exp1_vnncomp_subset/outputs/exp1_tllverify_2023_hashemi_clipping.csv
[tllverify_2023] Loaded 1 instances; writing to /home/sasakis/v/tools/n2v/examples/FlowConformal/experiments/exp1_vnncomp_subset/outputs/exp1_tllverify_2023_hashemi_clipping.csv
[tllverify_2023] Hashemi-clipping config: m=8000 ell=7999 epsilon=0.001 SEED=47
[tllverify_2023 1/1 t=0s budget=600s] onnx/tllBench_n=2_N=M=56_m=1_instance_6_3.onnx + vnnlib/property_N=56_3.vnnlib
    verdict=SAT  wall=5.2s

=== Sweep complete ===
Wrote /home/sasakis/v/tools/n2v/examples/FlowConformal/experiments/exp1_vnncomp_subset/outputs/exp1_tllverify_2023_hashemi_clipping.csv
Total wall-clock: 0.1 min
Counts: {'UNSAT': 0, 'SAT': 1, 'UNKNOWN': 0, 'SKIPPED': 0, 'ERROR': 0, 'TIMEOUT': 0}
[run_cell   29/  32 t=  905s] idx=28   budget=600s (shell timeout=660s)
[tllverify_2023] running only idx=28; appending to /home/sasakis/v/tools/n2v/examples/FlowConformal/experiments/exp1_vnncomp_subset/outputs/exp1_tllverify_2023_hashemi_clipping.csv
[tllverify_2023] Loaded 1 instances; writing to /home/sasakis/v/tools/n2v/examples/FlowConformal/experiments/exp1_vnncomp_subset/outputs/exp1_tllverify_2023_hashemi_clipping.csv
[tllverify_2023] Hashemi-clipping config: m=8000 ell=7999 epsilon=0.001 SEED=47
[tllverify_2023 1/1 t=0s budget=600s] onnx/tllBench_n=2_N=M=64_m=1_instance_7_0.onnx + vnnlib/property_N=64_0.vnnlib
    verdict=SAT  wall=6.8s

=== Sweep complete ===
Wrote /home/sasakis/v/tools/n2v/examples/FlowConformal/experiments/exp1_vnncomp_subset/outputs/exp1_tllverify_2023_hashemi_clipping.csv
Total wall-clock: 0.1 min
Counts: {'UNSAT': 0, 'SAT': 1, 'UNKNOWN': 0, 'SKIPPED': 0, 'ERROR': 0, 'TIMEOUT': 0}
[run_cell   30/  32 t=  917s] idx=29   budget=600s (shell timeout=660s)
[tllverify_2023] running only idx=29; appending to /home/sasakis/v/tools/n2v/examples/FlowConformal/experiments/exp1_vnncomp_subset/outputs/exp1_tllverify_2023_hashemi_clipping.csv
[tllverify_2023] Loaded 1 instances; writing to /home/sasakis/v/tools/n2v/examples/FlowConformal/experiments/exp1_vnncomp_subset/outputs/exp1_tllverify_2023_hashemi_clipping.csv
[tllverify_2023] Hashemi-clipping config: m=8000 ell=7999 epsilon=0.001 SEED=47
[tllverify_2023 1/1 t=0s budget=600s] onnx/tllBench_n=2_N=M=64_m=1_instance_7_1.onnx + vnnlib/property_N=64_1.vnnlib
    verdict=SAT  wall=6.8s

=== Sweep complete ===
Wrote /home/sasakis/v/tools/n2v/examples/FlowConformal/experiments/exp1_vnncomp_subset/outputs/exp1_tllverify_2023_hashemi_clipping.csv
Total wall-clock: 0.1 min
Counts: {'UNSAT': 0, 'SAT': 1, 'UNKNOWN': 0, 'SKIPPED': 0, 'ERROR': 0, 'TIMEOUT': 0}
[run_cell   31/  32 t=  928s] idx=30   budget=600s (shell timeout=660s)
[tllverify_2023] running only idx=30; appending to /home/sasakis/v/tools/n2v/examples/FlowConformal/experiments/exp1_vnncomp_subset/outputs/exp1_tllverify_2023_hashemi_clipping.csv
[tllverify_2023] Loaded 1 instances; writing to /home/sasakis/v/tools/n2v/examples/FlowConformal/experiments/exp1_vnncomp_subset/outputs/exp1_tllverify_2023_hashemi_clipping.csv
[tllverify_2023] Hashemi-clipping config: m=8000 ell=7999 epsilon=0.001 SEED=47
[tllverify_2023 1/1 t=0s budget=600s] onnx/tllBench_n=2_N=M=64_m=1_instance_7_2.onnx + vnnlib/property_N=64_2.vnnlib
    verdict=SAT  wall=6.9s

=== Sweep complete ===
Wrote /home/sasakis/v/tools/n2v/examples/FlowConformal/experiments/exp1_vnncomp_subset/outputs/exp1_tllverify_2023_hashemi_clipping.csv
Total wall-clock: 0.1 min
Counts: {'UNSAT': 0, 'SAT': 1, 'UNKNOWN': 0, 'SKIPPED': 0, 'ERROR': 0, 'TIMEOUT': 0}
[run_cell   32/  32 t=  940s] idx=31   budget=600s (shell timeout=660s)
[tllverify_2023] running only idx=31; appending to /home/sasakis/v/tools/n2v/examples/FlowConformal/experiments/exp1_vnncomp_subset/outputs/exp1_tllverify_2023_hashemi_clipping.csv
[tllverify_2023] Loaded 1 instances; writing to /home/sasakis/v/tools/n2v/examples/FlowConformal/experiments/exp1_vnncomp_subset/outputs/exp1_tllverify_2023_hashemi_clipping.csv
[tllverify_2023] Hashemi-clipping config: m=8000 ell=7999 epsilon=0.001 SEED=47
[tllverify_2023 1/1 t=0s budget=600s] onnx/tllBench_n=2_N=M=64_m=1_instance_7_3.onnx + vnnlib/property_N=64_3.vnnlib
    verdict=UNKNOWN  wall=53.9s

=== Sweep complete ===
Wrote /home/sasakis/v/tools/n2v/examples/FlowConformal/experiments/exp1_vnncomp_subset/outputs/exp1_tllverify_2023_hashemi_clipping.csv
Total wall-clock: 0.9 min
Counts: {'UNSAT': 0, 'SAT': 0, 'UNKNOWN': 1, 'SKIPPED': 0, 'ERROR': 0, 'TIMEOUT': 0}
[run_cell] complete. shell-killed timeouts and exits noted above; CSV row counts in the output file.

[2026-05-02T09:02:51-05:00] === END:   exp1_tllverify_2023_hashemi_clipping (rc=0) ===
