[2026-05-05T18:33:23-05:00] === START: exp1_collins_rul_cnn_2022_probstar ===
[run_cell] exp1_vnncomp_subset.exp1_run_probstar --benchmark collins_rul_cnn_2022: 62 instances (START_IDX=0)
[run_cell    1/  62 t=    0s] idx=0    budget=30s (shell timeout=90s)
[collins_rul_cnn_2022] running only idx=0; appending to /home/sasakis/v/tools/n2v/examples/FlowConformal/experiments/exp1_vnncomp_subset/outputs/exp1_collins_rul_cnn_2022_probstar.csv
[collins_rul_cnn_2022 1/1 t=0s budget=30s] idx=0 NN_rul_small_window_20.onnx+robustness_2perturbations_delta5_epsilon10_w20.vnnlib
    verdict=NOT_APPLICABLE  wall=4.05s

=== Sweep complete ===
Wrote /home/sasakis/v/tools/n2v/examples/FlowConformal/experiments/exp1_vnncomp_subset/outputs/exp1_collins_rul_cnn_2022_probstar.csv
Total wall-clock: 0.1 min
Counts: {'UNSAT': 0, 'SAT': 0, 'UNKNOWN': 0, 'NOT_APPLICABLE': 1, 'ERROR': 0, 'TIMEOUT': 0}
[run_cell    2/  62 t=    8s] idx=1    budget=30s (shell timeout=90s)
[collins_rul_cnn_2022] running only idx=1; appending to /home/sasakis/v/tools/n2v/examples/FlowConformal/experiments/exp1_vnncomp_subset/outputs/exp1_collins_rul_cnn_2022_probstar.csv
[collins_rul_cnn_2022 1/1 t=0s budget=30s] idx=1 NN_rul_small_window_20.onnx+robustness_2perturbations_delta10_epsilon10_w20.vnnlib
    verdict=NOT_APPLICABLE  wall=4.18s

=== Sweep complete ===
Wrote /home/sasakis/v/tools/n2v/examples/FlowConformal/experiments/exp1_vnncomp_subset/outputs/exp1_collins_rul_cnn_2022_probstar.csv
Total wall-clock: 0.1 min
Counts: {'UNSAT': 0, 'SAT': 0, 'UNKNOWN': 0, 'NOT_APPLICABLE': 1, 'ERROR': 0, 'TIMEOUT': 0}
[run_cell    3/  62 t=   16s] idx=2    budget=60s (shell timeout=120s)
[collins_rul_cnn_2022] running only idx=2; appending to /home/sasakis/v/tools/n2v/examples/FlowConformal/experiments/exp1_vnncomp_subset/outputs/exp1_collins_rul_cnn_2022_probstar.csv
[collins_rul_cnn_2022 1/1 t=0s budget=60s] idx=2 NN_rul_small_window_20.onnx+robustness_2perturbations_delta20_epsilon10_w20.vnnlib
    verdict=NOT_APPLICABLE  wall=4.09s

=== Sweep complete ===
Wrote /home/sasakis/v/tools/n2v/examples/FlowConformal/experiments/exp1_vnncomp_subset/outputs/exp1_collins_rul_cnn_2022_probstar.csv
Total wall-clock: 0.1 min
Counts: {'UNSAT': 0, 'SAT': 0, 'UNKNOWN': 0, 'NOT_APPLICABLE': 1, 'ERROR': 0, 'TIMEOUT': 0}
[run_cell    4/  62 t=   24s] idx=3    budget=60s (shell timeout=120s)
[collins_rul_cnn_2022] running only idx=3; appending to /home/sasakis/v/tools/n2v/examples/FlowConformal/experiments/exp1_vnncomp_subset/outputs/exp1_collins_rul_cnn_2022_probstar.csv
[collins_rul_cnn_2022 1/1 t=0s budget=60s] idx=3 NN_rul_small_window_20.onnx+robustness_2perturbations_delta40_epsilon10_w20.vnnlib
    verdict=NOT_APPLICABLE  wall=4.18s

=== Sweep complete ===
Wrote /home/sasakis/v/tools/n2v/examples/FlowConformal/experiments/exp1_vnncomp_subset/outputs/exp1_collins_rul_cnn_2022_probstar.csv
Total wall-clock: 0.1 min
Counts: {'UNSAT': 0, 'SAT': 0, 'UNKNOWN': 0, 'NOT_APPLICABLE': 1, 'ERROR': 0, 'TIMEOUT': 0}
[run_cell    5/  62 t=   32s] idx=4    budget=60s (shell timeout=120s)
[collins_rul_cnn_2022] running only idx=4; appending to /home/sasakis/v/tools/n2v/examples/FlowConformal/experiments/exp1_vnncomp_subset/outputs/exp1_collins_rul_cnn_2022_probstar.csv
[collins_rul_cnn_2022 1/1 t=0s budget=60s] idx=4 NN_rul_small_window_20.onnx+robustness_4perturbations_delta5_epsilon10_w20.vnnlib
    verdict=NOT_APPLICABLE  wall=4.17s

=== Sweep complete ===
Wrote /home/sasakis/v/tools/n2v/examples/FlowConformal/experiments/exp1_vnncomp_subset/outputs/exp1_collins_rul_cnn_2022_probstar.csv
Total wall-clock: 0.1 min
Counts: {'UNSAT': 0, 'SAT': 0, 'UNKNOWN': 0, 'NOT_APPLICABLE': 1, 'ERROR': 0, 'TIMEOUT': 0}
[run_cell    6/  62 t=   41s] idx=5    budget=60s (shell timeout=120s)
[collins_rul_cnn_2022] running only idx=5; appending to /home/sasakis/v/tools/n2v/examples/FlowConformal/experiments/exp1_vnncomp_subset/outputs/exp1_collins_rul_cnn_2022_probstar.csv
[collins_rul_cnn_2022 1/1 t=0s budget=60s] idx=5 NN_rul_small_window_20.onnx+robustness_4perturbations_delta10_epsilon10_w20.vnnlib
    verdict=NOT_APPLICABLE  wall=4.14s

=== Sweep complete ===
Wrote /home/sasakis/v/tools/n2v/examples/FlowConformal/experiments/exp1_vnncomp_subset/outputs/exp1_collins_rul_cnn_2022_probstar.csv
Total wall-clock: 0.1 min
Counts: {'UNSAT': 0, 'SAT': 0, 'UNKNOWN': 0, 'NOT_APPLICABLE': 1, 'ERROR': 0, 'TIMEOUT': 0}
[run_cell    7/  62 t=   49s] idx=6    budget=120s (shell timeout=180s)
[collins_rul_cnn_2022] running only idx=6; appending to /home/sasakis/v/tools/n2v/examples/FlowConformal/experiments/exp1_vnncomp_subset/outputs/exp1_collins_rul_cnn_2022_probstar.csv
[collins_rul_cnn_2022 1/1 t=0s budget=120s] idx=6 NN_rul_small_window_20.onnx+robustness_4perturbations_delta20_epsilon10_w20.vnnlib
    verdict=NOT_APPLICABLE  wall=4.05s

=== Sweep complete ===
Wrote /home/sasakis/v/tools/n2v/examples/FlowConformal/experiments/exp1_vnncomp_subset/outputs/exp1_collins_rul_cnn_2022_probstar.csv
Total wall-clock: 0.1 min
Counts: {'UNSAT': 0, 'SAT': 0, 'UNKNOWN': 0, 'NOT_APPLICABLE': 1, 'ERROR': 0, 'TIMEOUT': 0}
[run_cell    8/  62 t=   57s] idx=7    budget=120s (shell timeout=180s)
[collins_rul_cnn_2022] running only idx=7; appending to /home/sasakis/v/tools/n2v/examples/FlowConformal/experiments/exp1_vnncomp_subset/outputs/exp1_collins_rul_cnn_2022_probstar.csv
[collins_rul_cnn_2022 1/1 t=0s budget=120s] idx=7 NN_rul_small_window_20.onnx+robustness_4perturbations_delta40_epsilon10_w20.vnnlib
    verdict=NOT_APPLICABLE  wall=4.05s

=== Sweep complete ===
Wrote /home/sasakis/v/tools/n2v/examples/FlowConformal/experiments/exp1_vnncomp_subset/outputs/exp1_collins_rul_cnn_2022_probstar.csv
Total wall-clock: 0.1 min
Counts: {'UNSAT': 0, 'SAT': 0, 'UNKNOWN': 0, 'NOT_APPLICABLE': 1, 'ERROR': 0, 'TIMEOUT': 0}
[run_cell    9/  62 t=   65s] idx=8    budget=120s (shell timeout=180s)
[collins_rul_cnn_2022] running only idx=8; appending to /home/sasakis/v/tools/n2v/examples/FlowConformal/experiments/exp1_vnncomp_subset/outputs/exp1_collins_rul_cnn_2022_probstar.csv
[collins_rul_cnn_2022 1/1 t=0s budget=120s] idx=8 NN_rul_small_window_20.onnx+robustness_8perturbations_delta5_epsilon10_w20.vnnlib
    verdict=NOT_APPLICABLE  wall=4.07s

=== Sweep complete ===
Wrote /home/sasakis/v/tools/n2v/examples/FlowConformal/experiments/exp1_vnncomp_subset/outputs/exp1_collins_rul_cnn_2022_probstar.csv
Total wall-clock: 0.1 min
Counts: {'UNSAT': 0, 'SAT': 0, 'UNKNOWN': 0, 'NOT_APPLICABLE': 1, 'ERROR': 0, 'TIMEOUT': 0}
[run_cell   10/  62 t=   73s] idx=9    budget=120s (shell timeout=180s)
[collins_rul_cnn_2022] running only idx=9; appending to /home/sasakis/v/tools/n2v/examples/FlowConformal/experiments/exp1_vnncomp_subset/outputs/exp1_collins_rul_cnn_2022_probstar.csv
[collins_rul_cnn_2022 1/1 t=0s budget=120s] idx=9 NN_rul_small_window_20.onnx+robustness_8perturbations_delta10_epsilon10_w20.vnnlib
    verdict=NOT_APPLICABLE  wall=4.08s

=== Sweep complete ===
Wrote /home/sasakis/v/tools/n2v/examples/FlowConformal/experiments/exp1_vnncomp_subset/outputs/exp1_collins_rul_cnn_2022_probstar.csv
Total wall-clock: 0.1 min
Counts: {'UNSAT': 0, 'SAT': 0, 'UNKNOWN': 0, 'NOT_APPLICABLE': 1, 'ERROR': 0, 'TIMEOUT': 0}
[run_cell   11/  62 t=   81s] idx=10   budget=300s (shell timeout=360s)
[collins_rul_cnn_2022] running only idx=10; appending to /home/sasakis/v/tools/n2v/examples/FlowConformal/experiments/exp1_vnncomp_subset/outputs/exp1_collins_rul_cnn_2022_probstar.csv
[collins_rul_cnn_2022 1/1 t=0s budget=300s] idx=10 NN_rul_small_window_20.onnx+robustness_8perturbations_delta20_epsilon10_w20.vnnlib
    verdict=NOT_APPLICABLE  wall=4.08s

=== Sweep complete ===
Wrote /home/sasakis/v/tools/n2v/examples/FlowConformal/experiments/exp1_vnncomp_subset/outputs/exp1_collins_rul_cnn_2022_probstar.csv
Total wall-clock: 0.1 min
Counts: {'UNSAT': 0, 'SAT': 0, 'UNKNOWN': 0, 'NOT_APPLICABLE': 1, 'ERROR': 0, 'TIMEOUT': 0}
[run_cell   12/  62 t=   89s] idx=11   budget=300s (shell timeout=360s)
[collins_rul_cnn_2022] running only idx=11; appending to /home/sasakis/v/tools/n2v/examples/FlowConformal/experiments/exp1_vnncomp_subset/outputs/exp1_collins_rul_cnn_2022_probstar.csv
[collins_rul_cnn_2022 1/1 t=0s budget=300s] idx=11 NN_rul_small_window_20.onnx+robustness_8perturbations_delta40_epsilon10_w20.vnnlib
    verdict=NOT_APPLICABLE  wall=4.19s

=== Sweep complete ===
Wrote /home/sasakis/v/tools/n2v/examples/FlowConformal/experiments/exp1_vnncomp_subset/outputs/exp1_collins_rul_cnn_2022_probstar.csv
Total wall-clock: 0.1 min
Counts: {'UNSAT': 0, 'SAT': 0, 'UNKNOWN': 0, 'NOT_APPLICABLE': 1, 'ERROR': 0, 'TIMEOUT': 0}
[run_cell   13/  62 t=   97s] idx=12   budget=300s (shell timeout=360s)
[collins_rul_cnn_2022] running only idx=12; appending to /home/sasakis/v/tools/n2v/examples/FlowConformal/experiments/exp1_vnncomp_subset/outputs/exp1_collins_rul_cnn_2022_probstar.csv
[collins_rul_cnn_2022 1/1 t=0s budget=300s] idx=12 NN_rul_small_window_20.onnx+robustness_16perturbations_delta5_epsilon10_w20.vnnlib
    verdict=NOT_APPLICABLE  wall=4.62s

=== Sweep complete ===
Wrote /home/sasakis/v/tools/n2v/examples/FlowConformal/experiments/exp1_vnncomp_subset/outputs/exp1_collins_rul_cnn_2022_probstar.csv
Total wall-clock: 0.1 min
Counts: {'UNSAT': 0, 'SAT': 0, 'UNKNOWN': 0, 'NOT_APPLICABLE': 1, 'ERROR': 0, 'TIMEOUT': 0}
[run_cell   14/  62 t=  105s] idx=13   budget=300s (shell timeout=360s)
[collins_rul_cnn_2022] running only idx=13; appending to /home/sasakis/v/tools/n2v/examples/FlowConformal/experiments/exp1_vnncomp_subset/outputs/exp1_collins_rul_cnn_2022_probstar.csv
[collins_rul_cnn_2022 1/1 t=0s budget=300s] idx=13 NN_rul_small_window_20.onnx+robustness_16perturbations_delta10_epsilon10_w20.vnnlib
    verdict=NOT_APPLICABLE  wall=4.08s

=== Sweep complete ===
Wrote /home/sasakis/v/tools/n2v/examples/FlowConformal/experiments/exp1_vnncomp_subset/outputs/exp1_collins_rul_cnn_2022_probstar.csv
Total wall-clock: 0.1 min
Counts: {'UNSAT': 0, 'SAT': 0, 'UNKNOWN': 0, 'NOT_APPLICABLE': 1, 'ERROR': 0, 'TIMEOUT': 0}
[run_cell   15/  62 t=  113s] idx=14   budget=300s (shell timeout=360s)
[collins_rul_cnn_2022] running only idx=14; appending to /home/sasakis/v/tools/n2v/examples/FlowConformal/experiments/exp1_vnncomp_subset/outputs/exp1_collins_rul_cnn_2022_probstar.csv
[collins_rul_cnn_2022 1/1 t=0s budget=300s] idx=14 NN_rul_small_window_20.onnx+robustness_16perturbations_delta20_epsilon10_w20.vnnlib
    verdict=NOT_APPLICABLE  wall=4.08s

=== Sweep complete ===
Wrote /home/sasakis/v/tools/n2v/examples/FlowConformal/experiments/exp1_vnncomp_subset/outputs/exp1_collins_rul_cnn_2022_probstar.csv
Total wall-clock: 0.1 min
Counts: {'UNSAT': 0, 'SAT': 0, 'UNKNOWN': 0, 'NOT_APPLICABLE': 1, 'ERROR': 0, 'TIMEOUT': 0}
[run_cell   16/  62 t=  121s] idx=15   budget=300s (shell timeout=360s)
[collins_rul_cnn_2022] running only idx=15; appending to /home/sasakis/v/tools/n2v/examples/FlowConformal/experiments/exp1_vnncomp_subset/outputs/exp1_collins_rul_cnn_2022_probstar.csv
[collins_rul_cnn_2022 1/1 t=0s budget=300s] idx=15 NN_rul_small_window_20.onnx+robustness_16perturbations_delta40_epsilon10_w20.vnnlib
    verdict=NOT_APPLICABLE  wall=4.08s

=== Sweep complete ===
Wrote /home/sasakis/v/tools/n2v/examples/FlowConformal/experiments/exp1_vnncomp_subset/outputs/exp1_collins_rul_cnn_2022_probstar.csv
Total wall-clock: 0.1 min
Counts: {'UNSAT': 0, 'SAT': 0, 'UNKNOWN': 0, 'NOT_APPLICABLE': 1, 'ERROR': 0, 'TIMEOUT': 0}
[run_cell   17/  62 t=  129s] idx=16   budget=30s (shell timeout=90s)
[collins_rul_cnn_2022] running only idx=16; appending to /home/sasakis/v/tools/n2v/examples/FlowConformal/experiments/exp1_vnncomp_subset/outputs/exp1_collins_rul_cnn_2022_probstar.csv
[collins_rul_cnn_2022 1/1 t=0s budget=30s] idx=16 NN_rul_small_window_20.onnx+monotonicity_CI_shift5_w20.vnnlib
    verdict=NOT_APPLICABLE  wall=4.08s

=== Sweep complete ===
Wrote /home/sasakis/v/tools/n2v/examples/FlowConformal/experiments/exp1_vnncomp_subset/outputs/exp1_collins_rul_cnn_2022_probstar.csv
Total wall-clock: 0.1 min
Counts: {'UNSAT': 0, 'SAT': 0, 'UNKNOWN': 0, 'NOT_APPLICABLE': 1, 'ERROR': 0, 'TIMEOUT': 0}
[run_cell   18/  62 t=  137s] idx=17   budget=120s (shell timeout=180s)
[collins_rul_cnn_2022] running only idx=17; appending to /home/sasakis/v/tools/n2v/examples/FlowConformal/experiments/exp1_vnncomp_subset/outputs/exp1_collins_rul_cnn_2022_probstar.csv
[collins_rul_cnn_2022 1/1 t=0s budget=120s] idx=17 NN_rul_small_window_20.onnx+monotonicity_CI_shift10_w20.vnnlib
    verdict=NOT_APPLICABLE  wall=4.08s

=== Sweep complete ===
Wrote /home/sasakis/v/tools/n2v/examples/FlowConformal/experiments/exp1_vnncomp_subset/outputs/exp1_collins_rul_cnn_2022_probstar.csv
Total wall-clock: 0.1 min
Counts: {'UNSAT': 0, 'SAT': 0, 'UNKNOWN': 0, 'NOT_APPLICABLE': 1, 'ERROR': 0, 'TIMEOUT': 0}
[run_cell   19/  62 t=  145s] idx=18   budget=300s (shell timeout=360s)
[collins_rul_cnn_2022] running only idx=18; appending to /home/sasakis/v/tools/n2v/examples/FlowConformal/experiments/exp1_vnncomp_subset/outputs/exp1_collins_rul_cnn_2022_probstar.csv
[collins_rul_cnn_2022 1/1 t=0s budget=300s] idx=18 NN_rul_small_window_20.onnx+monotonicity_CI_shift20_w20.vnnlib
    verdict=NOT_APPLICABLE  wall=4.09s

=== Sweep complete ===
Wrote /home/sasakis/v/tools/n2v/examples/FlowConformal/experiments/exp1_vnncomp_subset/outputs/exp1_collins_rul_cnn_2022_probstar.csv
Total wall-clock: 0.1 min
Counts: {'UNSAT': 0, 'SAT': 0, 'UNKNOWN': 0, 'NOT_APPLICABLE': 1, 'ERROR': 0, 'TIMEOUT': 0}
[run_cell   20/  62 t=  153s] idx=19   budget=1800s (shell timeout=1860s)
[collins_rul_cnn_2022] running only idx=19; appending to /home/sasakis/v/tools/n2v/examples/FlowConformal/experiments/exp1_vnncomp_subset/outputs/exp1_collins_rul_cnn_2022_probstar.csv
[collins_rul_cnn_2022 1/1 t=0s budget=1800s] idx=19 NN_rul_small_window_20.onnx+if_then_5levels_w20.vnnlib
    verdict=NOT_APPLICABLE  wall=4.09s

=== Sweep complete ===
Wrote /home/sasakis/v/tools/n2v/examples/FlowConformal/experiments/exp1_vnncomp_subset/outputs/exp1_collins_rul_cnn_2022_probstar.csv
Total wall-clock: 0.1 min
Counts: {'UNSAT': 0, 'SAT': 0, 'UNKNOWN': 0, 'NOT_APPLICABLE': 1, 'ERROR': 0, 'TIMEOUT': 0}
[run_cell   21/  62 t=  161s] idx=20   budget=1800s (shell timeout=1860s)
[collins_rul_cnn_2022] running only idx=20; appending to /home/sasakis/v/tools/n2v/examples/FlowConformal/experiments/exp1_vnncomp_subset/outputs/exp1_collins_rul_cnn_2022_probstar.csv
[collins_rul_cnn_2022 1/1 t=0s budget=1800s] idx=20 NN_rul_small_window_20.onnx+if_then_7levels_w20.vnnlib
    verdict=NOT_APPLICABLE  wall=4.19s

=== Sweep complete ===
Wrote /home/sasakis/v/tools/n2v/examples/FlowConformal/experiments/exp1_vnncomp_subset/outputs/exp1_collins_rul_cnn_2022_probstar.csv
Total wall-clock: 0.1 min
Counts: {'UNSAT': 0, 'SAT': 0, 'UNKNOWN': 0, 'NOT_APPLICABLE': 1, 'ERROR': 0, 'TIMEOUT': 0}
[run_cell   22/  62 t=  170s] idx=21   budget=1800s (shell timeout=1860s)
[collins_rul_cnn_2022] running only idx=21; appending to /home/sasakis/v/tools/n2v/examples/FlowConformal/experiments/exp1_vnncomp_subset/outputs/exp1_collins_rul_cnn_2022_probstar.csv
[collins_rul_cnn_2022 1/1 t=0s budget=1800s] idx=21 NN_rul_small_window_20.onnx+if_then_9levels_w20.vnnlib
    verdict=NOT_APPLICABLE  wall=4.16s

=== Sweep complete ===
Wrote /home/sasakis/v/tools/n2v/examples/FlowConformal/experiments/exp1_vnncomp_subset/outputs/exp1_collins_rul_cnn_2022_probstar.csv
Total wall-clock: 0.1 min
Counts: {'UNSAT': 0, 'SAT': 0, 'UNKNOWN': 0, 'NOT_APPLICABLE': 1, 'ERROR': 0, 'TIMEOUT': 0}
[run_cell   23/  62 t=  178s] idx=22   budget=30s (shell timeout=90s)
[collins_rul_cnn_2022] running only idx=22; appending to /home/sasakis/v/tools/n2v/examples/FlowConformal/experiments/exp1_vnncomp_subset/outputs/exp1_collins_rul_cnn_2022_probstar.csv
[collins_rul_cnn_2022 1/1 t=0s budget=30s] idx=22 NN_rul_full_window_20.onnx+robustness_2perturbations_delta5_epsilon10_w20.vnnlib
    verdict=NOT_APPLICABLE  wall=4.10s

=== Sweep complete ===
Wrote /home/sasakis/v/tools/n2v/examples/FlowConformal/experiments/exp1_vnncomp_subset/outputs/exp1_collins_rul_cnn_2022_probstar.csv
Total wall-clock: 0.1 min
Counts: {'UNSAT': 0, 'SAT': 0, 'UNKNOWN': 0, 'NOT_APPLICABLE': 1, 'ERROR': 0, 'TIMEOUT': 0}
[run_cell   24/  62 t=  186s] idx=23   budget=30s (shell timeout=90s)
[collins_rul_cnn_2022] running only idx=23; appending to /home/sasakis/v/tools/n2v/examples/FlowConformal/experiments/exp1_vnncomp_subset/outputs/exp1_collins_rul_cnn_2022_probstar.csv
[collins_rul_cnn_2022 1/1 t=0s budget=30s] idx=23 NN_rul_full_window_20.onnx+robustness_2perturbations_delta10_epsilon10_w20.vnnlib
    verdict=NOT_APPLICABLE  wall=4.14s

=== Sweep complete ===
Wrote /home/sasakis/v/tools/n2v/examples/FlowConformal/experiments/exp1_vnncomp_subset/outputs/exp1_collins_rul_cnn_2022_probstar.csv
Total wall-clock: 0.1 min
Counts: {'UNSAT': 0, 'SAT': 0, 'UNKNOWN': 0, 'NOT_APPLICABLE': 1, 'ERROR': 0, 'TIMEOUT': 0}
[run_cell   25/  62 t=  194s] idx=24   budget=60s (shell timeout=120s)
[collins_rul_cnn_2022] running only idx=24; appending to /home/sasakis/v/tools/n2v/examples/FlowConformal/experiments/exp1_vnncomp_subset/outputs/exp1_collins_rul_cnn_2022_probstar.csv
[collins_rul_cnn_2022 1/1 t=0s budget=60s] idx=24 NN_rul_full_window_20.onnx+robustness_2perturbations_delta20_epsilon10_w20.vnnlib
    verdict=NOT_APPLICABLE  wall=4.08s

=== Sweep complete ===
Wrote /home/sasakis/v/tools/n2v/examples/FlowConformal/experiments/exp1_vnncomp_subset/outputs/exp1_collins_rul_cnn_2022_probstar.csv
Total wall-clock: 0.1 min
Counts: {'UNSAT': 0, 'SAT': 0, 'UNKNOWN': 0, 'NOT_APPLICABLE': 1, 'ERROR': 0, 'TIMEOUT': 0}
[run_cell   26/  62 t=  202s] idx=25   budget=120s (shell timeout=180s)
[collins_rul_cnn_2022] running only idx=25; appending to /home/sasakis/v/tools/n2v/examples/FlowConformal/experiments/exp1_vnncomp_subset/outputs/exp1_collins_rul_cnn_2022_probstar.csv
[collins_rul_cnn_2022 1/1 t=0s budget=120s] idx=25 NN_rul_full_window_20.onnx+robustness_2perturbations_delta40_epsilon10_w20.vnnlib
    verdict=NOT_APPLICABLE  wall=4.19s

=== Sweep complete ===
Wrote /home/sasakis/v/tools/n2v/examples/FlowConformal/experiments/exp1_vnncomp_subset/outputs/exp1_collins_rul_cnn_2022_probstar.csv
Total wall-clock: 0.1 min
Counts: {'UNSAT': 0, 'SAT': 0, 'UNKNOWN': 0, 'NOT_APPLICABLE': 1, 'ERROR': 0, 'TIMEOUT': 0}
[run_cell   27/  62 t=  211s] idx=26   budget=60s (shell timeout=120s)
[collins_rul_cnn_2022] running only idx=26; appending to /home/sasakis/v/tools/n2v/examples/FlowConformal/experiments/exp1_vnncomp_subset/outputs/exp1_collins_rul_cnn_2022_probstar.csv
[collins_rul_cnn_2022 1/1 t=0s budget=60s] idx=26 NN_rul_full_window_20.onnx+robustness_4perturbations_delta5_epsilon10_w20.vnnlib
    verdict=NOT_APPLICABLE  wall=4.07s

=== Sweep complete ===
Wrote /home/sasakis/v/tools/n2v/examples/FlowConformal/experiments/exp1_vnncomp_subset/outputs/exp1_collins_rul_cnn_2022_probstar.csv
Total wall-clock: 0.1 min
Counts: {'UNSAT': 0, 'SAT': 0, 'UNKNOWN': 0, 'NOT_APPLICABLE': 1, 'ERROR': 0, 'TIMEOUT': 0}
[run_cell   28/  62 t=  219s] idx=27   budget=60s (shell timeout=120s)
[collins_rul_cnn_2022] running only idx=27; appending to /home/sasakis/v/tools/n2v/examples/FlowConformal/experiments/exp1_vnncomp_subset/outputs/exp1_collins_rul_cnn_2022_probstar.csv
[collins_rul_cnn_2022 1/1 t=0s budget=60s] idx=27 NN_rul_full_window_20.onnx+robustness_4perturbations_delta10_epsilon10_w20.vnnlib
    verdict=NOT_APPLICABLE  wall=4.06s

=== Sweep complete ===
Wrote /home/sasakis/v/tools/n2v/examples/FlowConformal/experiments/exp1_vnncomp_subset/outputs/exp1_collins_rul_cnn_2022_probstar.csv
Total wall-clock: 0.1 min
Counts: {'UNSAT': 0, 'SAT': 0, 'UNKNOWN': 0, 'NOT_APPLICABLE': 1, 'ERROR': 0, 'TIMEOUT': 0}
[run_cell   29/  62 t=  227s] idx=28   budget=120s (shell timeout=180s)
[collins_rul_cnn_2022] running only idx=28; appending to /home/sasakis/v/tools/n2v/examples/FlowConformal/experiments/exp1_vnncomp_subset/outputs/exp1_collins_rul_cnn_2022_probstar.csv
[collins_rul_cnn_2022 1/1 t=0s budget=120s] idx=28 NN_rul_full_window_20.onnx+robustness_4perturbations_delta20_epsilon10_w20.vnnlib
    verdict=NOT_APPLICABLE  wall=4.20s

=== Sweep complete ===
Wrote /home/sasakis/v/tools/n2v/examples/FlowConformal/experiments/exp1_vnncomp_subset/outputs/exp1_collins_rul_cnn_2022_probstar.csv
Total wall-clock: 0.1 min
Counts: {'UNSAT': 0, 'SAT': 0, 'UNKNOWN': 0, 'NOT_APPLICABLE': 1, 'ERROR': 0, 'TIMEOUT': 0}
[run_cell   30/  62 t=  235s] idx=29   budget=300s (shell timeout=360s)
[collins_rul_cnn_2022] running only idx=29; appending to /home/sasakis/v/tools/n2v/examples/FlowConformal/experiments/exp1_vnncomp_subset/outputs/exp1_collins_rul_cnn_2022_probstar.csv
[collins_rul_cnn_2022 1/1 t=0s budget=300s] idx=29 NN_rul_full_window_20.onnx+robustness_4perturbations_delta40_epsilon10_w20.vnnlib
    verdict=NOT_APPLICABLE  wall=4.07s

=== Sweep complete ===
Wrote /home/sasakis/v/tools/n2v/examples/FlowConformal/experiments/exp1_vnncomp_subset/outputs/exp1_collins_rul_cnn_2022_probstar.csv
Total wall-clock: 0.1 min
Counts: {'UNSAT': 0, 'SAT': 0, 'UNKNOWN': 0, 'NOT_APPLICABLE': 1, 'ERROR': 0, 'TIMEOUT': 0}
[run_cell   31/  62 t=  243s] idx=30   budget=120s (shell timeout=180s)
[collins_rul_cnn_2022] running only idx=30; appending to /home/sasakis/v/tools/n2v/examples/FlowConformal/experiments/exp1_vnncomp_subset/outputs/exp1_collins_rul_cnn_2022_probstar.csv
[collins_rul_cnn_2022 1/1 t=0s budget=120s] idx=30 NN_rul_full_window_20.onnx+robustness_8perturbations_delta5_epsilon10_w20.vnnlib
    verdict=NOT_APPLICABLE  wall=4.08s

=== Sweep complete ===
Wrote /home/sasakis/v/tools/n2v/examples/FlowConformal/experiments/exp1_vnncomp_subset/outputs/exp1_collins_rul_cnn_2022_probstar.csv
Total wall-clock: 0.1 min
Counts: {'UNSAT': 0, 'SAT': 0, 'UNKNOWN': 0, 'NOT_APPLICABLE': 1, 'ERROR': 0, 'TIMEOUT': 0}
[run_cell   32/  62 t=  251s] idx=31   budget=300s (shell timeout=360s)
[collins_rul_cnn_2022] running only idx=31; appending to /home/sasakis/v/tools/n2v/examples/FlowConformal/experiments/exp1_vnncomp_subset/outputs/exp1_collins_rul_cnn_2022_probstar.csv
[collins_rul_cnn_2022 1/1 t=0s budget=300s] idx=31 NN_rul_full_window_20.onnx+robustness_8perturbations_delta10_epsilon10_w20.vnnlib
    verdict=NOT_APPLICABLE  wall=4.09s

=== Sweep complete ===
Wrote /home/sasakis/v/tools/n2v/examples/FlowConformal/experiments/exp1_vnncomp_subset/outputs/exp1_collins_rul_cnn_2022_probstar.csv
Total wall-clock: 0.1 min
Counts: {'UNSAT': 0, 'SAT': 0, 'UNKNOWN': 0, 'NOT_APPLICABLE': 1, 'ERROR': 0, 'TIMEOUT': 0}
[run_cell   33/  62 t=  259s] idx=32   budget=300s (shell timeout=360s)
[collins_rul_cnn_2022] running only idx=32; appending to /home/sasakis/v/tools/n2v/examples/FlowConformal/experiments/exp1_vnncomp_subset/outputs/exp1_collins_rul_cnn_2022_probstar.csv
[collins_rul_cnn_2022 1/1 t=0s budget=300s] idx=32 NN_rul_full_window_20.onnx+robustness_8perturbations_delta20_epsilon10_w20.vnnlib
    verdict=NOT_APPLICABLE  wall=4.10s

=== Sweep complete ===
Wrote /home/sasakis/v/tools/n2v/examples/FlowConformal/experiments/exp1_vnncomp_subset/outputs/exp1_collins_rul_cnn_2022_probstar.csv
Total wall-clock: 0.1 min
Counts: {'UNSAT': 0, 'SAT': 0, 'UNKNOWN': 0, 'NOT_APPLICABLE': 1, 'ERROR': 0, 'TIMEOUT': 0}
[run_cell   34/  62 t=  267s] idx=33   budget=300s (shell timeout=360s)
[collins_rul_cnn_2022] running only idx=33; appending to /home/sasakis/v/tools/n2v/examples/FlowConformal/experiments/exp1_vnncomp_subset/outputs/exp1_collins_rul_cnn_2022_probstar.csv
[collins_rul_cnn_2022 1/1 t=0s budget=300s] idx=33 NN_rul_full_window_20.onnx+robustness_8perturbations_delta40_epsilon10_w20.vnnlib
    verdict=NOT_APPLICABLE  wall=4.08s

=== Sweep complete ===
Wrote /home/sasakis/v/tools/n2v/examples/FlowConformal/experiments/exp1_vnncomp_subset/outputs/exp1_collins_rul_cnn_2022_probstar.csv
Total wall-clock: 0.1 min
Counts: {'UNSAT': 0, 'SAT': 0, 'UNKNOWN': 0, 'NOT_APPLICABLE': 1, 'ERROR': 0, 'TIMEOUT': 0}
[run_cell   35/  62 t=  275s] idx=34   budget=300s (shell timeout=360s)
[collins_rul_cnn_2022] running only idx=34; appending to /home/sasakis/v/tools/n2v/examples/FlowConformal/experiments/exp1_vnncomp_subset/outputs/exp1_collins_rul_cnn_2022_probstar.csv
[collins_rul_cnn_2022 1/1 t=0s budget=300s] idx=34 NN_rul_full_window_20.onnx+robustness_16perturbations_delta5_epsilon10_w20.vnnlib
    verdict=NOT_APPLICABLE  wall=4.16s

=== Sweep complete ===
Wrote /home/sasakis/v/tools/n2v/examples/FlowConformal/experiments/exp1_vnncomp_subset/outputs/exp1_collins_rul_cnn_2022_probstar.csv
Total wall-clock: 0.1 min
Counts: {'UNSAT': 0, 'SAT': 0, 'UNKNOWN': 0, 'NOT_APPLICABLE': 1, 'ERROR': 0, 'TIMEOUT': 0}
[run_cell   36/  62 t=  284s] idx=35   budget=300s (shell timeout=360s)
[collins_rul_cnn_2022] running only idx=35; appending to /home/sasakis/v/tools/n2v/examples/FlowConformal/experiments/exp1_vnncomp_subset/outputs/exp1_collins_rul_cnn_2022_probstar.csv
[collins_rul_cnn_2022 1/1 t=0s budget=300s] idx=35 NN_rul_full_window_20.onnx+robustness_16perturbations_delta10_epsilon10_w20.vnnlib
    verdict=NOT_APPLICABLE  wall=4.08s

=== Sweep complete ===
Wrote /home/sasakis/v/tools/n2v/examples/FlowConformal/experiments/exp1_vnncomp_subset/outputs/exp1_collins_rul_cnn_2022_probstar.csv
Total wall-clock: 0.1 min
Counts: {'UNSAT': 0, 'SAT': 0, 'UNKNOWN': 0, 'NOT_APPLICABLE': 1, 'ERROR': 0, 'TIMEOUT': 0}
[run_cell   37/  62 t=  292s] idx=36   budget=300s (shell timeout=360s)
[collins_rul_cnn_2022] running only idx=36; appending to /home/sasakis/v/tools/n2v/examples/FlowConformal/experiments/exp1_vnncomp_subset/outputs/exp1_collins_rul_cnn_2022_probstar.csv
[collins_rul_cnn_2022 1/1 t=0s budget=300s] idx=36 NN_rul_full_window_20.onnx+robustness_16perturbations_delta20_epsilon10_w20.vnnlib
    verdict=NOT_APPLICABLE  wall=4.09s

=== Sweep complete ===
Wrote /home/sasakis/v/tools/n2v/examples/FlowConformal/experiments/exp1_vnncomp_subset/outputs/exp1_collins_rul_cnn_2022_probstar.csv
Total wall-clock: 0.1 min
Counts: {'UNSAT': 0, 'SAT': 0, 'UNKNOWN': 0, 'NOT_APPLICABLE': 1, 'ERROR': 0, 'TIMEOUT': 0}
[run_cell   38/  62 t=  300s] idx=37   budget=300s (shell timeout=360s)
[collins_rul_cnn_2022] running only idx=37; appending to /home/sasakis/v/tools/n2v/examples/FlowConformal/experiments/exp1_vnncomp_subset/outputs/exp1_collins_rul_cnn_2022_probstar.csv
[collins_rul_cnn_2022 1/1 t=0s budget=300s] idx=37 NN_rul_full_window_20.onnx+robustness_16perturbations_delta40_epsilon10_w20.vnnlib
    verdict=NOT_APPLICABLE  wall=4.08s

=== Sweep complete ===
Wrote /home/sasakis/v/tools/n2v/examples/FlowConformal/experiments/exp1_vnncomp_subset/outputs/exp1_collins_rul_cnn_2022_probstar.csv
Total wall-clock: 0.1 min
Counts: {'UNSAT': 0, 'SAT': 0, 'UNKNOWN': 0, 'NOT_APPLICABLE': 1, 'ERROR': 0, 'TIMEOUT': 0}
[run_cell   39/  62 t=  308s] idx=38   budget=60s (shell timeout=120s)
[collins_rul_cnn_2022] running only idx=38; appending to /home/sasakis/v/tools/n2v/examples/FlowConformal/experiments/exp1_vnncomp_subset/outputs/exp1_collins_rul_cnn_2022_probstar.csv
[collins_rul_cnn_2022 1/1 t=0s budget=60s] idx=38 NN_rul_full_window_20.onnx+monotonicity_CI_shift5_w20.vnnlib
    verdict=NOT_APPLICABLE  wall=4.09s

=== Sweep complete ===
Wrote /home/sasakis/v/tools/n2v/examples/FlowConformal/experiments/exp1_vnncomp_subset/outputs/exp1_collins_rul_cnn_2022_probstar.csv
Total wall-clock: 0.1 min
Counts: {'UNSAT': 0, 'SAT': 0, 'UNKNOWN': 0, 'NOT_APPLICABLE': 1, 'ERROR': 0, 'TIMEOUT': 0}
[run_cell   40/  62 t=  316s] idx=39   budget=180s (shell timeout=240s)
[collins_rul_cnn_2022] running only idx=39; appending to /home/sasakis/v/tools/n2v/examples/FlowConformal/experiments/exp1_vnncomp_subset/outputs/exp1_collins_rul_cnn_2022_probstar.csv
[collins_rul_cnn_2022 1/1 t=0s budget=180s] idx=39 NN_rul_full_window_20.onnx+monotonicity_CI_shift10_w20.vnnlib
    verdict=NOT_APPLICABLE  wall=4.08s

=== Sweep complete ===
Wrote /home/sasakis/v/tools/n2v/examples/FlowConformal/experiments/exp1_vnncomp_subset/outputs/exp1_collins_rul_cnn_2022_probstar.csv
Total wall-clock: 0.1 min
Counts: {'UNSAT': 0, 'SAT': 0, 'UNKNOWN': 0, 'NOT_APPLICABLE': 1, 'ERROR': 0, 'TIMEOUT': 0}
[run_cell   41/  62 t=  324s] idx=40   budget=360s (shell timeout=420s)
[collins_rul_cnn_2022] running only idx=40; appending to /home/sasakis/v/tools/n2v/examples/FlowConformal/experiments/exp1_vnncomp_subset/outputs/exp1_collins_rul_cnn_2022_probstar.csv
[collins_rul_cnn_2022 1/1 t=0s budget=360s] idx=40 NN_rul_full_window_20.onnx+monotonicity_CI_shift20_w20.vnnlib
    verdict=NOT_APPLICABLE  wall=4.08s

=== Sweep complete ===
Wrote /home/sasakis/v/tools/n2v/examples/FlowConformal/experiments/exp1_vnncomp_subset/outputs/exp1_collins_rul_cnn_2022_probstar.csv
Total wall-clock: 0.1 min
Counts: {'UNSAT': 0, 'SAT': 0, 'UNKNOWN': 0, 'NOT_APPLICABLE': 1, 'ERROR': 0, 'TIMEOUT': 0}
[run_cell   42/  62 t=  331s] idx=41   budget=1800s (shell timeout=1860s)
[collins_rul_cnn_2022] running only idx=41; appending to /home/sasakis/v/tools/n2v/examples/FlowConformal/experiments/exp1_vnncomp_subset/outputs/exp1_collins_rul_cnn_2022_probstar.csv
[collins_rul_cnn_2022 1/1 t=0s budget=1800s] idx=41 NN_rul_full_window_20.onnx+if_then_7levels_w20.vnnlib
    verdict=NOT_APPLICABLE  wall=4.39s

=== Sweep complete ===
Wrote /home/sasakis/v/tools/n2v/examples/FlowConformal/experiments/exp1_vnncomp_subset/outputs/exp1_collins_rul_cnn_2022_probstar.csv
Total wall-clock: 0.1 min
Counts: {'UNSAT': 0, 'SAT': 0, 'UNKNOWN': 0, 'NOT_APPLICABLE': 1, 'ERROR': 0, 'TIMEOUT': 0}
[run_cell   43/  62 t=  340s] idx=42   budget=1800s (shell timeout=1860s)
[collins_rul_cnn_2022] running only idx=42; appending to /home/sasakis/v/tools/n2v/examples/FlowConformal/experiments/exp1_vnncomp_subset/outputs/exp1_collins_rul_cnn_2022_probstar.csv
[collins_rul_cnn_2022 1/1 t=0s budget=1800s] idx=42 NN_rul_full_window_20.onnx+if_then_9levels_w20.vnnlib
    verdict=NOT_APPLICABLE  wall=4.26s

=== Sweep complete ===
Wrote /home/sasakis/v/tools/n2v/examples/FlowConformal/experiments/exp1_vnncomp_subset/outputs/exp1_collins_rul_cnn_2022_probstar.csv
Total wall-clock: 0.1 min
Counts: {'UNSAT': 0, 'SAT': 0, 'UNKNOWN': 0, 'NOT_APPLICABLE': 1, 'ERROR': 0, 'TIMEOUT': 0}
[run_cell   44/  62 t=  348s] idx=43   budget=60s (shell timeout=120s)
[collins_rul_cnn_2022] running only idx=43; appending to /home/sasakis/v/tools/n2v/examples/FlowConformal/experiments/exp1_vnncomp_subset/outputs/exp1_collins_rul_cnn_2022_probstar.csv
[collins_rul_cnn_2022 1/1 t=0s budget=60s] idx=43 NN_rul_full_window_40.onnx+robustness_2perturbations_delta5_epsilon10_w40.vnnlib
    verdict=NOT_APPLICABLE  wall=4.18s

=== Sweep complete ===
Wrote /home/sasakis/v/tools/n2v/examples/FlowConformal/experiments/exp1_vnncomp_subset/outputs/exp1_collins_rul_cnn_2022_probstar.csv
Total wall-clock: 0.1 min
Counts: {'UNSAT': 0, 'SAT': 0, 'UNKNOWN': 0, 'NOT_APPLICABLE': 1, 'ERROR': 0, 'TIMEOUT': 0}
[run_cell   45/  62 t=  356s] idx=44   budget=90s (shell timeout=150s)
[collins_rul_cnn_2022] running only idx=44; appending to /home/sasakis/v/tools/n2v/examples/FlowConformal/experiments/exp1_vnncomp_subset/outputs/exp1_collins_rul_cnn_2022_probstar.csv
[collins_rul_cnn_2022 1/1 t=0s budget=90s] idx=44 NN_rul_full_window_40.onnx+robustness_2perturbations_delta10_epsilon10_w40.vnnlib
    verdict=NOT_APPLICABLE  wall=4.05s

=== Sweep complete ===
Wrote /home/sasakis/v/tools/n2v/examples/FlowConformal/experiments/exp1_vnncomp_subset/outputs/exp1_collins_rul_cnn_2022_probstar.csv
Total wall-clock: 0.1 min
Counts: {'UNSAT': 0, 'SAT': 0, 'UNKNOWN': 0, 'NOT_APPLICABLE': 1, 'ERROR': 0, 'TIMEOUT': 0}
[run_cell   46/  62 t=  364s] idx=45   budget=120s (shell timeout=180s)
[collins_rul_cnn_2022] running only idx=45; appending to /home/sasakis/v/tools/n2v/examples/FlowConformal/experiments/exp1_vnncomp_subset/outputs/exp1_collins_rul_cnn_2022_probstar.csv
[collins_rul_cnn_2022 1/1 t=0s budget=120s] idx=45 NN_rul_full_window_40.onnx+robustness_2perturbations_delta20_epsilon10_w40.vnnlib
    verdict=NOT_APPLICABLE  wall=4.06s

=== Sweep complete ===
Wrote /home/sasakis/v/tools/n2v/examples/FlowConformal/experiments/exp1_vnncomp_subset/outputs/exp1_collins_rul_cnn_2022_probstar.csv
Total wall-clock: 0.1 min
Counts: {'UNSAT': 0, 'SAT': 0, 'UNKNOWN': 0, 'NOT_APPLICABLE': 1, 'ERROR': 0, 'TIMEOUT': 0}
[run_cell   47/  62 t=  372s] idx=46   budget=300s (shell timeout=360s)
[collins_rul_cnn_2022] running only idx=46; appending to /home/sasakis/v/tools/n2v/examples/FlowConformal/experiments/exp1_vnncomp_subset/outputs/exp1_collins_rul_cnn_2022_probstar.csv
[collins_rul_cnn_2022 1/1 t=0s budget=300s] idx=46 NN_rul_full_window_40.onnx+robustness_2perturbations_delta40_epsilon10_w40.vnnlib
    verdict=NOT_APPLICABLE  wall=4.20s

=== Sweep complete ===
Wrote /home/sasakis/v/tools/n2v/examples/FlowConformal/experiments/exp1_vnncomp_subset/outputs/exp1_collins_rul_cnn_2022_probstar.csv
Total wall-clock: 0.1 min
Counts: {'UNSAT': 0, 'SAT': 0, 'UNKNOWN': 0, 'NOT_APPLICABLE': 1, 'ERROR': 0, 'TIMEOUT': 0}
[run_cell   48/  62 t=  381s] idx=47   budget=120s (shell timeout=180s)
[collins_rul_cnn_2022] running only idx=47; appending to /home/sasakis/v/tools/n2v/examples/FlowConformal/experiments/exp1_vnncomp_subset/outputs/exp1_collins_rul_cnn_2022_probstar.csv
[collins_rul_cnn_2022 1/1 t=0s budget=120s] idx=47 NN_rul_full_window_40.onnx+robustness_4perturbations_delta5_epsilon10_w40.vnnlib
    verdict=NOT_APPLICABLE  wall=4.17s

=== Sweep complete ===
Wrote /home/sasakis/v/tools/n2v/examples/FlowConformal/experiments/exp1_vnncomp_subset/outputs/exp1_collins_rul_cnn_2022_probstar.csv
Total wall-clock: 0.1 min
Counts: {'UNSAT': 0, 'SAT': 0, 'UNKNOWN': 0, 'NOT_APPLICABLE': 1, 'ERROR': 0, 'TIMEOUT': 0}
[run_cell   49/  62 t=  389s] idx=48   budget=120s (shell timeout=180s)
[collins_rul_cnn_2022] running only idx=48; appending to /home/sasakis/v/tools/n2v/examples/FlowConformal/experiments/exp1_vnncomp_subset/outputs/exp1_collins_rul_cnn_2022_probstar.csv
[collins_rul_cnn_2022 1/1 t=0s budget=120s] idx=48 NN_rul_full_window_40.onnx+robustness_4perturbations_delta10_epsilon10_w40.vnnlib
    verdict=NOT_APPLICABLE  wall=4.12s

=== Sweep complete ===
Wrote /home/sasakis/v/tools/n2v/examples/FlowConformal/experiments/exp1_vnncomp_subset/outputs/exp1_collins_rul_cnn_2022_probstar.csv
Total wall-clock: 0.1 min
Counts: {'UNSAT': 0, 'SAT': 0, 'UNKNOWN': 0, 'NOT_APPLICABLE': 1, 'ERROR': 0, 'TIMEOUT': 0}
[run_cell   50/  62 t=  397s] idx=49   budget=120s (shell timeout=180s)
[collins_rul_cnn_2022] running only idx=49; appending to /home/sasakis/v/tools/n2v/examples/FlowConformal/experiments/exp1_vnncomp_subset/outputs/exp1_collins_rul_cnn_2022_probstar.csv
[collins_rul_cnn_2022 1/1 t=0s budget=120s] idx=49 NN_rul_full_window_40.onnx+robustness_4perturbations_delta20_epsilon10_w40.vnnlib
    verdict=NOT_APPLICABLE  wall=4.12s

=== Sweep complete ===
Wrote /home/sasakis/v/tools/n2v/examples/FlowConformal/experiments/exp1_vnncomp_subset/outputs/exp1_collins_rul_cnn_2022_probstar.csv
Total wall-clock: 0.1 min
Counts: {'UNSAT': 0, 'SAT': 0, 'UNKNOWN': 0, 'NOT_APPLICABLE': 1, 'ERROR': 0, 'TIMEOUT': 0}
[run_cell   51/  62 t=  405s] idx=50   budget=300s (shell timeout=360s)
[collins_rul_cnn_2022] running only idx=50; appending to /home/sasakis/v/tools/n2v/examples/FlowConformal/experiments/exp1_vnncomp_subset/outputs/exp1_collins_rul_cnn_2022_probstar.csv
[collins_rul_cnn_2022 1/1 t=0s budget=300s] idx=50 NN_rul_full_window_40.onnx+robustness_4perturbations_delta40_epsilon10_w40.vnnlib
    verdict=NOT_APPLICABLE  wall=4.28s

=== Sweep complete ===
Wrote /home/sasakis/v/tools/n2v/examples/FlowConformal/experiments/exp1_vnncomp_subset/outputs/exp1_collins_rul_cnn_2022_probstar.csv
Total wall-clock: 0.1 min
Counts: {'UNSAT': 0, 'SAT': 0, 'UNKNOWN': 0, 'NOT_APPLICABLE': 1, 'ERROR': 0, 'TIMEOUT': 0}
[run_cell   52/  62 t=  414s] idx=51   budget=120s (shell timeout=180s)
[collins_rul_cnn_2022] running only idx=51; appending to /home/sasakis/v/tools/n2v/examples/FlowConformal/experiments/exp1_vnncomp_subset/outputs/exp1_collins_rul_cnn_2022_probstar.csv
[collins_rul_cnn_2022 1/1 t=0s budget=120s] idx=51 NN_rul_full_window_40.onnx+robustness_8perturbations_delta5_epsilon10_w40.vnnlib
    verdict=NOT_APPLICABLE  wall=4.06s

=== Sweep complete ===
Wrote /home/sasakis/v/tools/n2v/examples/FlowConformal/experiments/exp1_vnncomp_subset/outputs/exp1_collins_rul_cnn_2022_probstar.csv
Total wall-clock: 0.1 min
Counts: {'UNSAT': 0, 'SAT': 0, 'UNKNOWN': 0, 'NOT_APPLICABLE': 1, 'ERROR': 0, 'TIMEOUT': 0}
[run_cell   53/  62 t=  422s] idx=52   budget=300s (shell timeout=360s)
[collins_rul_cnn_2022] running only idx=52; appending to /home/sasakis/v/tools/n2v/examples/FlowConformal/experiments/exp1_vnncomp_subset/outputs/exp1_collins_rul_cnn_2022_probstar.csv
[collins_rul_cnn_2022 1/1 t=0s budget=300s] idx=52 NN_rul_full_window_40.onnx+robustness_8perturbations_delta10_epsilon10_w40.vnnlib
    verdict=NOT_APPLICABLE  wall=4.19s

=== Sweep complete ===
Wrote /home/sasakis/v/tools/n2v/examples/FlowConformal/experiments/exp1_vnncomp_subset/outputs/exp1_collins_rul_cnn_2022_probstar.csv
Total wall-clock: 0.1 min
Counts: {'UNSAT': 0, 'SAT': 0, 'UNKNOWN': 0, 'NOT_APPLICABLE': 1, 'ERROR': 0, 'TIMEOUT': 0}
[run_cell   54/  62 t=  430s] idx=53   budget=300s (shell timeout=360s)
[collins_rul_cnn_2022] running only idx=53; appending to /home/sasakis/v/tools/n2v/examples/FlowConformal/experiments/exp1_vnncomp_subset/outputs/exp1_collins_rul_cnn_2022_probstar.csv
[collins_rul_cnn_2022 1/1 t=0s budget=300s] idx=53 NN_rul_full_window_40.onnx+robustness_8perturbations_delta20_epsilon10_w40.vnnlib
    verdict=NOT_APPLICABLE  wall=4.12s

=== Sweep complete ===
Wrote /home/sasakis/v/tools/n2v/examples/FlowConformal/experiments/exp1_vnncomp_subset/outputs/exp1_collins_rul_cnn_2022_probstar.csv
Total wall-clock: 0.1 min
Counts: {'UNSAT': 0, 'SAT': 0, 'UNKNOWN': 0, 'NOT_APPLICABLE': 1, 'ERROR': 0, 'TIMEOUT': 0}
[run_cell   55/  62 t=  438s] idx=54   budget=600s (shell timeout=660s)
[collins_rul_cnn_2022] running only idx=54; appending to /home/sasakis/v/tools/n2v/examples/FlowConformal/experiments/exp1_vnncomp_subset/outputs/exp1_collins_rul_cnn_2022_probstar.csv
[collins_rul_cnn_2022 1/1 t=0s budget=600s] idx=54 NN_rul_full_window_40.onnx+robustness_8perturbations_delta40_epsilon10_w40.vnnlib
    verdict=NOT_APPLICABLE  wall=4.09s

=== Sweep complete ===
Wrote /home/sasakis/v/tools/n2v/examples/FlowConformal/experiments/exp1_vnncomp_subset/outputs/exp1_collins_rul_cnn_2022_probstar.csv
Total wall-clock: 0.1 min
Counts: {'UNSAT': 0, 'SAT': 0, 'UNKNOWN': 0, 'NOT_APPLICABLE': 1, 'ERROR': 0, 'TIMEOUT': 0}
[run_cell   56/  62 t=  446s] idx=55   budget=300s (shell timeout=360s)
[collins_rul_cnn_2022] running only idx=55; appending to /home/sasakis/v/tools/n2v/examples/FlowConformal/experiments/exp1_vnncomp_subset/outputs/exp1_collins_rul_cnn_2022_probstar.csv
[collins_rul_cnn_2022 1/1 t=0s budget=300s] idx=55 NN_rul_full_window_40.onnx+robustness_16perturbations_delta5_epsilon10_w40.vnnlib
    verdict=NOT_APPLICABLE  wall=4.06s

=== Sweep complete ===
Wrote /home/sasakis/v/tools/n2v/examples/FlowConformal/experiments/exp1_vnncomp_subset/outputs/exp1_collins_rul_cnn_2022_probstar.csv
Total wall-clock: 0.1 min
Counts: {'UNSAT': 0, 'SAT': 0, 'UNKNOWN': 0, 'NOT_APPLICABLE': 1, 'ERROR': 0, 'TIMEOUT': 0}
[run_cell   57/  62 t=  454s] idx=56   budget=300s (shell timeout=360s)
[collins_rul_cnn_2022] running only idx=56; appending to /home/sasakis/v/tools/n2v/examples/FlowConformal/experiments/exp1_vnncomp_subset/outputs/exp1_collins_rul_cnn_2022_probstar.csv
[collins_rul_cnn_2022 1/1 t=0s budget=300s] idx=56 NN_rul_full_window_40.onnx+robustness_16perturbations_delta10_epsilon10_w40.vnnlib
    verdict=NOT_APPLICABLE  wall=4.09s

=== Sweep complete ===
Wrote /home/sasakis/v/tools/n2v/examples/FlowConformal/experiments/exp1_vnncomp_subset/outputs/exp1_collins_rul_cnn_2022_probstar.csv
Total wall-clock: 0.1 min
Counts: {'UNSAT': 0, 'SAT': 0, 'UNKNOWN': 0, 'NOT_APPLICABLE': 1, 'ERROR': 0, 'TIMEOUT': 0}
[run_cell   58/  62 t=  462s] idx=57   budget=600s (shell timeout=660s)
[collins_rul_cnn_2022] running only idx=57; appending to /home/sasakis/v/tools/n2v/examples/FlowConformal/experiments/exp1_vnncomp_subset/outputs/exp1_collins_rul_cnn_2022_probstar.csv
[collins_rul_cnn_2022 1/1 t=0s budget=600s] idx=57 NN_rul_full_window_40.onnx+robustness_16perturbations_delta20_epsilon10_w40.vnnlib
    verdict=NOT_APPLICABLE  wall=4.28s

=== Sweep complete ===
Wrote /home/sasakis/v/tools/n2v/examples/FlowConformal/experiments/exp1_vnncomp_subset/outputs/exp1_collins_rul_cnn_2022_probstar.csv
Total wall-clock: 0.1 min
Counts: {'UNSAT': 0, 'SAT': 0, 'UNKNOWN': 0, 'NOT_APPLICABLE': 1, 'ERROR': 0, 'TIMEOUT': 0}
[run_cell   59/  62 t=  470s] idx=58   budget=1200s (shell timeout=1260s)
[collins_rul_cnn_2022] running only idx=58; appending to /home/sasakis/v/tools/n2v/examples/FlowConformal/experiments/exp1_vnncomp_subset/outputs/exp1_collins_rul_cnn_2022_probstar.csv
[collins_rul_cnn_2022 1/1 t=0s budget=1200s] idx=58 NN_rul_full_window_40.onnx+robustness_16perturbations_delta40_epsilon10_w40.vnnlib
    verdict=NOT_APPLICABLE  wall=4.32s

=== Sweep complete ===
Wrote /home/sasakis/v/tools/n2v/examples/FlowConformal/experiments/exp1_vnncomp_subset/outputs/exp1_collins_rul_cnn_2022_probstar.csv
Total wall-clock: 0.1 min
Counts: {'UNSAT': 0, 'SAT': 0, 'UNKNOWN': 0, 'NOT_APPLICABLE': 1, 'ERROR': 0, 'TIMEOUT': 0}
[run_cell   60/  62 t=  479s] idx=59   budget=120s (shell timeout=180s)
[collins_rul_cnn_2022] running only idx=59; appending to /home/sasakis/v/tools/n2v/examples/FlowConformal/experiments/exp1_vnncomp_subset/outputs/exp1_collins_rul_cnn_2022_probstar.csv
[collins_rul_cnn_2022 1/1 t=0s budget=120s] idx=59 NN_rul_full_window_40.onnx+monotonicity_CI_shift5_w40.vnnlib
    verdict=NOT_APPLICABLE  wall=4.10s

=== Sweep complete ===
Wrote /home/sasakis/v/tools/n2v/examples/FlowConformal/experiments/exp1_vnncomp_subset/outputs/exp1_collins_rul_cnn_2022_probstar.csv
Total wall-clock: 0.1 min
Counts: {'UNSAT': 0, 'SAT': 0, 'UNKNOWN': 0, 'NOT_APPLICABLE': 1, 'ERROR': 0, 'TIMEOUT': 0}
[run_cell   61/  62 t=  487s] idx=60   budget=300s (shell timeout=360s)
[collins_rul_cnn_2022] running only idx=60; appending to /home/sasakis/v/tools/n2v/examples/FlowConformal/experiments/exp1_vnncomp_subset/outputs/exp1_collins_rul_cnn_2022_probstar.csv
[collins_rul_cnn_2022 1/1 t=0s budget=300s] idx=60 NN_rul_full_window_40.onnx+monotonicity_CI_shift10_w40.vnnlib
    verdict=NOT_APPLICABLE  wall=4.07s

=== Sweep complete ===
Wrote /home/sasakis/v/tools/n2v/examples/FlowConformal/experiments/exp1_vnncomp_subset/outputs/exp1_collins_rul_cnn_2022_probstar.csv
Total wall-clock: 0.1 min
Counts: {'UNSAT': 0, 'SAT': 0, 'UNKNOWN': 0, 'NOT_APPLICABLE': 1, 'ERROR': 0, 'TIMEOUT': 0}
[run_cell   62/  62 t=  495s] idx=61   budget=600s (shell timeout=660s)
[collins_rul_cnn_2022] running only idx=61; appending to /home/sasakis/v/tools/n2v/examples/FlowConformal/experiments/exp1_vnncomp_subset/outputs/exp1_collins_rul_cnn_2022_probstar.csv
[collins_rul_cnn_2022 1/1 t=0s budget=600s] idx=61 NN_rul_full_window_40.onnx+monotonicity_CI_shift20_w40.vnnlib
    verdict=NOT_APPLICABLE  wall=4.26s

=== Sweep complete ===
Wrote /home/sasakis/v/tools/n2v/examples/FlowConformal/experiments/exp1_vnncomp_subset/outputs/exp1_collins_rul_cnn_2022_probstar.csv
Total wall-clock: 0.1 min
Counts: {'UNSAT': 0, 'SAT': 0, 'UNKNOWN': 0, 'NOT_APPLICABLE': 1, 'ERROR': 0, 'TIMEOUT': 0}
[run_cell] complete. shell-killed timeouts and exits noted above; CSV row counts in the output file.

[2026-05-05T18:41:50-05:00] === END:   exp1_collins_rul_cnn_2022_probstar (rc=0) ===
