[2026-05-04T17:29:37-05:00] === START: exp1_lsnc_relu_ours ===
[run_cell] exp1_vnncomp_subset.exp1_run_ours --benchmark lsnc_relu: 80 instances
[run_cell    1/  80 t=    0s] idx=0    budget=25s (shell timeout=85s)
[lsnc_relu] running only instance idx=0; appending to /home/sasakis/v/tools/n2v/examples/FlowConformal/experiments/exp1_vnncomp_subset/outputs/exp1_lsnc_relu_ours.csv
[lsnc_relu 1/1 t=0s budget=25s] onnx/relu_quadrotor2d_state.onnx + vnnlib/quadrotor2d_state_0.vnnlib
/home/sasakis/v/tools/n2v/third_party/onnx2torch/onnx2torch/node_converters/slice.py:67: UserWarning: Using a non-tuple sequence for multidimensional indexing is deprecated and will be changed in pytorch 2.9; use x[tuple(seq)] instead of x[seq]. In pytorch 2.9 this will be interpreted as tensor index, x[torch.tensor(seq)], which will result either in an error or a different result (Triggered internally at /pytorch/torch/csrc/autograd/python_variable_indexing.cpp:306.)
  x = x[pos_axes_slices]
    verdict=UNKNOWN  wall=38.1s
[run_cell    2/  80 t=   42s] idx=1    budget=25s (shell timeout=85s)
[lsnc_relu] running only instance idx=1; appending to /home/sasakis/v/tools/n2v/examples/FlowConformal/experiments/exp1_vnncomp_subset/outputs/exp1_lsnc_relu_ours.csv
[lsnc_relu 1/1 t=0s budget=25s] onnx/relu_quadrotor2d_state.onnx + vnnlib/quadrotor2d_state_1.vnnlib
/home/sasakis/v/tools/n2v/third_party/onnx2torch/onnx2torch/node_converters/slice.py:67: UserWarning: Using a non-tuple sequence for multidimensional indexing is deprecated and will be changed in pytorch 2.9; use x[tuple(seq)] instead of x[seq]. In pytorch 2.9 this will be interpreted as tensor index, x[torch.tensor(seq)], which will result either in an error or a different result (Triggered internally at /pytorch/torch/csrc/autograd/python_variable_indexing.cpp:306.)
  x = x[pos_axes_slices]
    verdict=UNKNOWN  wall=31.1s
[run_cell    3/  80 t=   78s] idx=2    budget=25s (shell timeout=85s)
[lsnc_relu] running only instance idx=2; appending to /home/sasakis/v/tools/n2v/examples/FlowConformal/experiments/exp1_vnncomp_subset/outputs/exp1_lsnc_relu_ours.csv
[lsnc_relu 1/1 t=0s budget=25s] onnx/relu_quadrotor2d_state.onnx + vnnlib/quadrotor2d_state_2.vnnlib
/home/sasakis/v/tools/n2v/third_party/onnx2torch/onnx2torch/node_converters/slice.py:67: UserWarning: Using a non-tuple sequence for multidimensional indexing is deprecated and will be changed in pytorch 2.9; use x[tuple(seq)] instead of x[seq]. In pytorch 2.9 this will be interpreted as tensor index, x[torch.tensor(seq)], which will result either in an error or a different result (Triggered internally at /pytorch/torch/csrc/autograd/python_variable_indexing.cpp:306.)
  x = x[pos_axes_slices]
    verdict=UNKNOWN  wall=31.9s
[run_cell    4/  80 t=  116s] idx=3    budget=25s (shell timeout=85s)
[lsnc_relu] running only instance idx=3; appending to /home/sasakis/v/tools/n2v/examples/FlowConformal/experiments/exp1_vnncomp_subset/outputs/exp1_lsnc_relu_ours.csv
[lsnc_relu 1/1 t=0s budget=25s] onnx/relu_quadrotor2d_state.onnx + vnnlib/quadrotor2d_state_3.vnnlib
/home/sasakis/v/tools/n2v/third_party/onnx2torch/onnx2torch/node_converters/slice.py:67: UserWarning: Using a non-tuple sequence for multidimensional indexing is deprecated and will be changed in pytorch 2.9; use x[tuple(seq)] instead of x[seq]. In pytorch 2.9 this will be interpreted as tensor index, x[torch.tensor(seq)], which will result either in an error or a different result (Triggered internally at /pytorch/torch/csrc/autograd/python_variable_indexing.cpp:306.)
  x = x[pos_axes_slices]
    verdict=UNKNOWN  wall=40.6s
[run_cell    5/  80 t=  161s] idx=4    budget=25s (shell timeout=85s)
[lsnc_relu] running only instance idx=4; appending to /home/sasakis/v/tools/n2v/examples/FlowConformal/experiments/exp1_vnncomp_subset/outputs/exp1_lsnc_relu_ours.csv
[lsnc_relu 1/1 t=0s budget=25s] onnx/relu_quadrotor2d_state.onnx + vnnlib/quadrotor2d_state_4.vnnlib
/home/sasakis/v/tools/n2v/third_party/onnx2torch/onnx2torch/node_converters/slice.py:67: UserWarning: Using a non-tuple sequence for multidimensional indexing is deprecated and will be changed in pytorch 2.9; use x[tuple(seq)] instead of x[seq]. In pytorch 2.9 this will be interpreted as tensor index, x[torch.tensor(seq)], which will result either in an error or a different result (Triggered internally at /pytorch/torch/csrc/autograd/python_variable_indexing.cpp:306.)
  x = x[pos_axes_slices]
    verdict=UNKNOWN  wall=38.6s
[run_cell    6/  80 t=  205s] idx=5    budget=25s (shell timeout=85s)
[lsnc_relu] running only instance idx=5; appending to /home/sasakis/v/tools/n2v/examples/FlowConformal/experiments/exp1_vnncomp_subset/outputs/exp1_lsnc_relu_ours.csv
[lsnc_relu 1/1 t=0s budget=25s] onnx/relu_quadrotor2d_state.onnx + vnnlib/quadrotor2d_state_5.vnnlib
/home/sasakis/v/tools/n2v/third_party/onnx2torch/onnx2torch/node_converters/slice.py:67: UserWarning: Using a non-tuple sequence for multidimensional indexing is deprecated and will be changed in pytorch 2.9; use x[tuple(seq)] instead of x[seq]. In pytorch 2.9 this will be interpreted as tensor index, x[torch.tensor(seq)], which will result either in an error or a different result (Triggered internally at /pytorch/torch/csrc/autograd/python_variable_indexing.cpp:306.)
  x = x[pos_axes_slices]
    verdict=UNKNOWN  wall=39.6s
[run_cell    7/  80 t=  249s] idx=6    budget=25s (shell timeout=85s)
[lsnc_relu] running only instance idx=6; appending to /home/sasakis/v/tools/n2v/examples/FlowConformal/experiments/exp1_vnncomp_subset/outputs/exp1_lsnc_relu_ours.csv
[lsnc_relu 1/1 t=0s budget=25s] onnx/relu_quadrotor2d_state.onnx + vnnlib/quadrotor2d_state_6.vnnlib
/home/sasakis/v/tools/n2v/third_party/onnx2torch/onnx2torch/node_converters/slice.py:67: UserWarning: Using a non-tuple sequence for multidimensional indexing is deprecated and will be changed in pytorch 2.9; use x[tuple(seq)] instead of x[seq]. In pytorch 2.9 this will be interpreted as tensor index, x[torch.tensor(seq)], which will result either in an error or a different result (Triggered internally at /pytorch/torch/csrc/autograd/python_variable_indexing.cpp:306.)
  x = x[pos_axes_slices]
    verdict=UNKNOWN  wall=31.2s
[run_cell    8/  80 t=  286s] idx=7    budget=25s (shell timeout=85s)
[lsnc_relu] running only instance idx=7; appending to /home/sasakis/v/tools/n2v/examples/FlowConformal/experiments/exp1_vnncomp_subset/outputs/exp1_lsnc_relu_ours.csv
[lsnc_relu 1/1 t=0s budget=25s] onnx/relu_quadrotor2d_state.onnx + vnnlib/quadrotor2d_state_7.vnnlib
/home/sasakis/v/tools/n2v/third_party/onnx2torch/onnx2torch/node_converters/slice.py:67: UserWarning: Using a non-tuple sequence for multidimensional indexing is deprecated and will be changed in pytorch 2.9; use x[tuple(seq)] instead of x[seq]. In pytorch 2.9 this will be interpreted as tensor index, x[torch.tensor(seq)], which will result either in an error or a different result (Triggered internally at /pytorch/torch/csrc/autograd/python_variable_indexing.cpp:306.)
  x = x[pos_axes_slices]
    verdict=UNKNOWN  wall=33.9s
[run_cell    9/  80 t=  325s] idx=8    budget=25s (shell timeout=85s)
[lsnc_relu] running only instance idx=8; appending to /home/sasakis/v/tools/n2v/examples/FlowConformal/experiments/exp1_vnncomp_subset/outputs/exp1_lsnc_relu_ours.csv
[lsnc_relu 1/1 t=0s budget=25s] onnx/relu_quadrotor2d_state.onnx + vnnlib/quadrotor2d_state_8.vnnlib
/home/sasakis/v/tools/n2v/third_party/onnx2torch/onnx2torch/node_converters/slice.py:67: UserWarning: Using a non-tuple sequence for multidimensional indexing is deprecated and will be changed in pytorch 2.9; use x[tuple(seq)] instead of x[seq]. In pytorch 2.9 this will be interpreted as tensor index, x[torch.tensor(seq)], which will result either in an error or a different result (Triggered internally at /pytorch/torch/csrc/autograd/python_variable_indexing.cpp:306.)
  x = x[pos_axes_slices]
    verdict=UNKNOWN  wall=39.3s
[run_cell   10/  80 t=  369s] idx=9    budget=25s (shell timeout=85s)
[lsnc_relu] running only instance idx=9; appending to /home/sasakis/v/tools/n2v/examples/FlowConformal/experiments/exp1_vnncomp_subset/outputs/exp1_lsnc_relu_ours.csv
[lsnc_relu 1/1 t=0s budget=25s] onnx/relu_quadrotor2d_state.onnx + vnnlib/quadrotor2d_state_9.vnnlib
/home/sasakis/v/tools/n2v/third_party/onnx2torch/onnx2torch/node_converters/slice.py:67: UserWarning: Using a non-tuple sequence for multidimensional indexing is deprecated and will be changed in pytorch 2.9; use x[tuple(seq)] instead of x[seq]. In pytorch 2.9 this will be interpreted as tensor index, x[torch.tensor(seq)], which will result either in an error or a different result (Triggered internally at /pytorch/torch/csrc/autograd/python_variable_indexing.cpp:306.)
  x = x[pos_axes_slices]
    verdict=UNKNOWN  wall=39.1s
[run_cell   11/  80 t=  413s] idx=10   budget=25s (shell timeout=85s)
[lsnc_relu] running only instance idx=10; appending to /home/sasakis/v/tools/n2v/examples/FlowConformal/experiments/exp1_vnncomp_subset/outputs/exp1_lsnc_relu_ours.csv
[lsnc_relu 1/1 t=0s budget=25s] onnx/relu_quadrotor2d_state.onnx + vnnlib/quadrotor2d_state_10.vnnlib
/home/sasakis/v/tools/n2v/third_party/onnx2torch/onnx2torch/node_converters/slice.py:67: UserWarning: Using a non-tuple sequence for multidimensional indexing is deprecated and will be changed in pytorch 2.9; use x[tuple(seq)] instead of x[seq]. In pytorch 2.9 this will be interpreted as tensor index, x[torch.tensor(seq)], which will result either in an error or a different result (Triggered internally at /pytorch/torch/csrc/autograd/python_variable_indexing.cpp:306.)
  x = x[pos_axes_slices]
    verdict=UNKNOWN  wall=38.9s
[run_cell   12/  80 t=  457s] idx=11   budget=25s (shell timeout=85s)
[lsnc_relu] running only instance idx=11; appending to /home/sasakis/v/tools/n2v/examples/FlowConformal/experiments/exp1_vnncomp_subset/outputs/exp1_lsnc_relu_ours.csv
[lsnc_relu 1/1 t=0s budget=25s] onnx/relu_quadrotor2d_state.onnx + vnnlib/quadrotor2d_state_11.vnnlib
/home/sasakis/v/tools/n2v/third_party/onnx2torch/onnx2torch/node_converters/slice.py:67: UserWarning: Using a non-tuple sequence for multidimensional indexing is deprecated and will be changed in pytorch 2.9; use x[tuple(seq)] instead of x[seq]. In pytorch 2.9 this will be interpreted as tensor index, x[torch.tensor(seq)], which will result either in an error or a different result (Triggered internally at /pytorch/torch/csrc/autograd/python_variable_indexing.cpp:306.)
  x = x[pos_axes_slices]
    verdict=UNKNOWN  wall=31.2s
[run_cell   13/  80 t=  493s] idx=12   budget=25s (shell timeout=85s)
[lsnc_relu] running only instance idx=12; appending to /home/sasakis/v/tools/n2v/examples/FlowConformal/experiments/exp1_vnncomp_subset/outputs/exp1_lsnc_relu_ours.csv
[lsnc_relu 1/1 t=0s budget=25s] onnx/relu_quadrotor2d_state.onnx + vnnlib/quadrotor2d_state_12.vnnlib
/home/sasakis/v/tools/n2v/third_party/onnx2torch/onnx2torch/node_converters/slice.py:67: UserWarning: Using a non-tuple sequence for multidimensional indexing is deprecated and will be changed in pytorch 2.9; use x[tuple(seq)] instead of x[seq]. In pytorch 2.9 this will be interpreted as tensor index, x[torch.tensor(seq)], which will result either in an error or a different result (Triggered internally at /pytorch/torch/csrc/autograd/python_variable_indexing.cpp:306.)
  x = x[pos_axes_slices]
    verdict=UNKNOWN  wall=39.1s
[run_cell   14/  80 t=  537s] idx=13   budget=25s (shell timeout=85s)
[lsnc_relu] running only instance idx=13; appending to /home/sasakis/v/tools/n2v/examples/FlowConformal/experiments/exp1_vnncomp_subset/outputs/exp1_lsnc_relu_ours.csv
[lsnc_relu 1/1 t=0s budget=25s] onnx/relu_quadrotor2d_state.onnx + vnnlib/quadrotor2d_state_13.vnnlib
/home/sasakis/v/tools/n2v/third_party/onnx2torch/onnx2torch/node_converters/slice.py:67: UserWarning: Using a non-tuple sequence for multidimensional indexing is deprecated and will be changed in pytorch 2.9; use x[tuple(seq)] instead of x[seq]. In pytorch 2.9 this will be interpreted as tensor index, x[torch.tensor(seq)], which will result either in an error or a different result (Triggered internally at /pytorch/torch/csrc/autograd/python_variable_indexing.cpp:306.)
  x = x[pos_axes_slices]
    verdict=UNKNOWN  wall=32.6s
[run_cell   15/  80 t=  574s] idx=14   budget=25s (shell timeout=85s)
[lsnc_relu] running only instance idx=14; appending to /home/sasakis/v/tools/n2v/examples/FlowConformal/experiments/exp1_vnncomp_subset/outputs/exp1_lsnc_relu_ours.csv
[lsnc_relu 1/1 t=0s budget=25s] onnx/relu_quadrotor2d_state.onnx + vnnlib/quadrotor2d_state_14.vnnlib
/home/sasakis/v/tools/n2v/third_party/onnx2torch/onnx2torch/node_converters/slice.py:67: UserWarning: Using a non-tuple sequence for multidimensional indexing is deprecated and will be changed in pytorch 2.9; use x[tuple(seq)] instead of x[seq]. In pytorch 2.9 this will be interpreted as tensor index, x[torch.tensor(seq)], which will result either in an error or a different result (Triggered internally at /pytorch/torch/csrc/autograd/python_variable_indexing.cpp:306.)
  x = x[pos_axes_slices]
    verdict=UNKNOWN  wall=31.3s
[run_cell   16/  80 t=  611s] idx=15   budget=25s (shell timeout=85s)
[lsnc_relu] running only instance idx=15; appending to /home/sasakis/v/tools/n2v/examples/FlowConformal/experiments/exp1_vnncomp_subset/outputs/exp1_lsnc_relu_ours.csv
[lsnc_relu 1/1 t=0s budget=25s] onnx/relu_quadrotor2d_state.onnx + vnnlib/quadrotor2d_state_15.vnnlib
/home/sasakis/v/tools/n2v/third_party/onnx2torch/onnx2torch/node_converters/slice.py:67: UserWarning: Using a non-tuple sequence for multidimensional indexing is deprecated and will be changed in pytorch 2.9; use x[tuple(seq)] instead of x[seq]. In pytorch 2.9 this will be interpreted as tensor index, x[torch.tensor(seq)], which will result either in an error or a different result (Triggered internally at /pytorch/torch/csrc/autograd/python_variable_indexing.cpp:306.)
  x = x[pos_axes_slices]
    verdict=UNKNOWN  wall=34.0s
[run_cell   17/  80 t=  650s] idx=16   budget=25s (shell timeout=85s)
[lsnc_relu] running only instance idx=16; appending to /home/sasakis/v/tools/n2v/examples/FlowConformal/experiments/exp1_vnncomp_subset/outputs/exp1_lsnc_relu_ours.csv
[lsnc_relu 1/1 t=0s budget=25s] onnx/relu_quadrotor2d_state.onnx + vnnlib/quadrotor2d_state_16.vnnlib
/home/sasakis/v/tools/n2v/third_party/onnx2torch/onnx2torch/node_converters/slice.py:67: UserWarning: Using a non-tuple sequence for multidimensional indexing is deprecated and will be changed in pytorch 2.9; use x[tuple(seq)] instead of x[seq]. In pytorch 2.9 this will be interpreted as tensor index, x[torch.tensor(seq)], which will result either in an error or a different result (Triggered internally at /pytorch/torch/csrc/autograd/python_variable_indexing.cpp:306.)
  x = x[pos_axes_slices]
    verdict=UNKNOWN  wall=34.2s
[run_cell   18/  80 t=  689s] idx=17   budget=25s (shell timeout=85s)
[lsnc_relu] running only instance idx=17; appending to /home/sasakis/v/tools/n2v/examples/FlowConformal/experiments/exp1_vnncomp_subset/outputs/exp1_lsnc_relu_ours.csv
[lsnc_relu 1/1 t=0s budget=25s] onnx/relu_quadrotor2d_state.onnx + vnnlib/quadrotor2d_state_17.vnnlib
/home/sasakis/v/tools/n2v/third_party/onnx2torch/onnx2torch/node_converters/slice.py:67: UserWarning: Using a non-tuple sequence for multidimensional indexing is deprecated and will be changed in pytorch 2.9; use x[tuple(seq)] instead of x[seq]. In pytorch 2.9 this will be interpreted as tensor index, x[torch.tensor(seq)], which will result either in an error or a different result (Triggered internally at /pytorch/torch/csrc/autograd/python_variable_indexing.cpp:306.)
  x = x[pos_axes_slices]
    verdict=UNKNOWN  wall=38.0s
[run_cell   19/  80 t=  732s] idx=18   budget=25s (shell timeout=85s)
[lsnc_relu] running only instance idx=18; appending to /home/sasakis/v/tools/n2v/examples/FlowConformal/experiments/exp1_vnncomp_subset/outputs/exp1_lsnc_relu_ours.csv
[lsnc_relu 1/1 t=0s budget=25s] onnx/relu_quadrotor2d_state.onnx + vnnlib/quadrotor2d_state_18.vnnlib
/home/sasakis/v/tools/n2v/third_party/onnx2torch/onnx2torch/node_converters/slice.py:67: UserWarning: Using a non-tuple sequence for multidimensional indexing is deprecated and will be changed in pytorch 2.9; use x[tuple(seq)] instead of x[seq]. In pytorch 2.9 this will be interpreted as tensor index, x[torch.tensor(seq)], which will result either in an error or a different result (Triggered internally at /pytorch/torch/csrc/autograd/python_variable_indexing.cpp:306.)
  x = x[pos_axes_slices]
    verdict=UNKNOWN  wall=30.3s
[run_cell   20/  80 t=  767s] idx=19   budget=25s (shell timeout=85s)
[lsnc_relu] running only instance idx=19; appending to /home/sasakis/v/tools/n2v/examples/FlowConformal/experiments/exp1_vnncomp_subset/outputs/exp1_lsnc_relu_ours.csv
[lsnc_relu 1/1 t=0s budget=25s] onnx/relu_quadrotor2d_state.onnx + vnnlib/quadrotor2d_state_19.vnnlib
/home/sasakis/v/tools/n2v/third_party/onnx2torch/onnx2torch/node_converters/slice.py:67: UserWarning: Using a non-tuple sequence for multidimensional indexing is deprecated and will be changed in pytorch 2.9; use x[tuple(seq)] instead of x[seq]. In pytorch 2.9 this will be interpreted as tensor index, x[torch.tensor(seq)], which will result either in an error or a different result (Triggered internally at /pytorch/torch/csrc/autograd/python_variable_indexing.cpp:306.)
  x = x[pos_axes_slices]
    verdict=UNKNOWN  wall=30.4s
[run_cell   21/  80 t=  802s] idx=20   budget=25s (shell timeout=85s)
[lsnc_relu] running only instance idx=20; appending to /home/sasakis/v/tools/n2v/examples/FlowConformal/experiments/exp1_vnncomp_subset/outputs/exp1_lsnc_relu_ours.csv
[lsnc_relu 1/1 t=0s budget=25s] onnx/relu_quadrotor2d_state.onnx + vnnlib/quadrotor2d_state_20.vnnlib
/home/sasakis/v/tools/n2v/third_party/onnx2torch/onnx2torch/node_converters/slice.py:67: UserWarning: Using a non-tuple sequence for multidimensional indexing is deprecated and will be changed in pytorch 2.9; use x[tuple(seq)] instead of x[seq]. In pytorch 2.9 this will be interpreted as tensor index, x[torch.tensor(seq)], which will result either in an error or a different result (Triggered internally at /pytorch/torch/csrc/autograd/python_variable_indexing.cpp:306.)
  x = x[pos_axes_slices]
    verdict=UNKNOWN  wall=31.1s
[run_cell   22/  80 t=  838s] idx=21   budget=25s (shell timeout=85s)
[lsnc_relu] running only instance idx=21; appending to /home/sasakis/v/tools/n2v/examples/FlowConformal/experiments/exp1_vnncomp_subset/outputs/exp1_lsnc_relu_ours.csv
[lsnc_relu 1/1 t=0s budget=25s] onnx/relu_quadrotor2d_state.onnx + vnnlib/quadrotor2d_state_21.vnnlib
/home/sasakis/v/tools/n2v/third_party/onnx2torch/onnx2torch/node_converters/slice.py:67: UserWarning: Using a non-tuple sequence for multidimensional indexing is deprecated and will be changed in pytorch 2.9; use x[tuple(seq)] instead of x[seq]. In pytorch 2.9 this will be interpreted as tensor index, x[torch.tensor(seq)], which will result either in an error or a different result (Triggered internally at /pytorch/torch/csrc/autograd/python_variable_indexing.cpp:306.)
  x = x[pos_axes_slices]
    verdict=UNKNOWN  wall=36.8s
