[2026-05-02T05:55:21-05:00] === START: exp1_linearizenn_2024_ours ===
[run_cell] exp1_vnncomp_subset.exp1_run_ours --benchmark linearizenn_2024: 60 instances
[run_cell    1/  60 t=    0s] idx=0    budget=900s (shell timeout=960s)
[linearizenn_2024] running only instance idx=0; appending to /home/sasakis/v/tools/n2v/examples/FlowConformal/experiments/exp1_vnncomp_subset/outputs/exp1_linearizenn_2024_ours.csv
[linearizenn_2024 1/1 t=0s budget=900s] onnx/AllInOne_10_10.onnx + vnnlib/prop_10_10.vnnlib
/home/sasakis/v/tools/n2v/third_party/onnx2torch/onnx2torch/node_converters/slice.py:67: UserWarning: Using a non-tuple sequence for multidimensional indexing is deprecated and will be changed in pytorch 2.9; use x[tuple(seq)] instead of x[seq]. In pytorch 2.9 this will be interpreted as tensor index, x[torch.tensor(seq)], which will result either in an error or a different result (Triggered internally at /pytorch/torch/csrc/autograd/python_variable_indexing.cpp:306.)
  x = x[pos_axes_slices]
    verdict=SAT  wall=3.3s
[run_cell    2/  60 t=    8s] idx=1    budget=900s (shell timeout=960s)
[linearizenn_2024] running only instance idx=1; appending to /home/sasakis/v/tools/n2v/examples/FlowConformal/experiments/exp1_vnncomp_subset/outputs/exp1_linearizenn_2024_ours.csv
[linearizenn_2024 1/1 t=0s budget=900s] onnx/AllInOne_10_10.onnx + vnnlib/prop_10_10_0.vnnlib
/home/sasakis/v/tools/n2v/third_party/onnx2torch/onnx2torch/node_converters/slice.py:67: UserWarning: Using a non-tuple sequence for multidimensional indexing is deprecated and will be changed in pytorch 2.9; use x[tuple(seq)] instead of x[seq]. In pytorch 2.9 this will be interpreted as tensor index, x[torch.tensor(seq)], which will result either in an error or a different result (Triggered internally at /pytorch/torch/csrc/autograd/python_variable_indexing.cpp:306.)
  x = x[pos_axes_slices]
    verdict=UNSAT  wall=79.3s
[run_cell    3/  60 t=   93s] idx=2    budget=900s (shell timeout=960s)
[linearizenn_2024] running only instance idx=2; appending to /home/sasakis/v/tools/n2v/examples/FlowConformal/experiments/exp1_vnncomp_subset/outputs/exp1_linearizenn_2024_ours.csv
[linearizenn_2024 1/1 t=0s budget=900s] onnx/AllInOne_10_10.onnx + vnnlib/prop_10_10_1.vnnlib
/home/sasakis/v/tools/n2v/third_party/onnx2torch/onnx2torch/node_converters/slice.py:67: UserWarning: Using a non-tuple sequence for multidimensional indexing is deprecated and will be changed in pytorch 2.9; use x[tuple(seq)] instead of x[seq]. In pytorch 2.9 this will be interpreted as tensor index, x[torch.tensor(seq)], which will result either in an error or a different result (Triggered internally at /pytorch/torch/csrc/autograd/python_variable_indexing.cpp:306.)
  x = x[pos_axes_slices]
    verdict=UNSAT  wall=77.8s
[run_cell    4/  60 t=  175s] idx=3    budget=900s (shell timeout=960s)
[linearizenn_2024] running only instance idx=3; appending to /home/sasakis/v/tools/n2v/examples/FlowConformal/experiments/exp1_vnncomp_subset/outputs/exp1_linearizenn_2024_ours.csv
[linearizenn_2024 1/1 t=0s budget=900s] onnx/AllInOne_10_10.onnx + vnnlib/prop_10_10_2.vnnlib
/home/sasakis/v/tools/n2v/third_party/onnx2torch/onnx2torch/node_converters/slice.py:67: UserWarning: Using a non-tuple sequence for multidimensional indexing is deprecated and will be changed in pytorch 2.9; use x[tuple(seq)] instead of x[seq]. In pytorch 2.9 this will be interpreted as tensor index, x[torch.tensor(seq)], which will result either in an error or a different result (Triggered internally at /pytorch/torch/csrc/autograd/python_variable_indexing.cpp:306.)
  x = x[pos_axes_slices]
    verdict=UNSAT  wall=77.1s
[run_cell    5/  60 t=  258s] idx=4    budget=900s (shell timeout=960s)
[linearizenn_2024] running only instance idx=4; appending to /home/sasakis/v/tools/n2v/examples/FlowConformal/experiments/exp1_vnncomp_subset/outputs/exp1_linearizenn_2024_ours.csv
[linearizenn_2024 1/1 t=0s budget=900s] onnx/AllInOne_10_10.onnx + vnnlib/prop_10_10_3.vnnlib
/home/sasakis/v/tools/n2v/third_party/onnx2torch/onnx2torch/node_converters/slice.py:67: UserWarning: Using a non-tuple sequence for multidimensional indexing is deprecated and will be changed in pytorch 2.9; use x[tuple(seq)] instead of x[seq]. In pytorch 2.9 this will be interpreted as tensor index, x[torch.tensor(seq)], which will result either in an error or a different result (Triggered internally at /pytorch/torch/csrc/autograd/python_variable_indexing.cpp:306.)
  x = x[pos_axes_slices]
    verdict=UNSAT  wall=82.3s
[run_cell    6/  60 t=  345s] idx=5    budget=900s (shell timeout=960s)
[linearizenn_2024] running only instance idx=5; appending to /home/sasakis/v/tools/n2v/examples/FlowConformal/experiments/exp1_vnncomp_subset/outputs/exp1_linearizenn_2024_ours.csv
[linearizenn_2024 1/1 t=0s budget=900s] onnx/AllInOne_10_10.onnx + vnnlib/prop_10_10_4.vnnlib
/home/sasakis/v/tools/n2v/third_party/onnx2torch/onnx2torch/node_converters/slice.py:67: UserWarning: Using a non-tuple sequence for multidimensional indexing is deprecated and will be changed in pytorch 2.9; use x[tuple(seq)] instead of x[seq]. In pytorch 2.9 this will be interpreted as tensor index, x[torch.tensor(seq)], which will result either in an error or a different result (Triggered internally at /pytorch/torch/csrc/autograd/python_variable_indexing.cpp:306.)
  x = x[pos_axes_slices]
    verdict=UNSAT  wall=77.7s
[run_cell    7/  60 t=  427s] idx=6    budget=900s (shell timeout=960s)
[linearizenn_2024] running only instance idx=6; appending to /home/sasakis/v/tools/n2v/examples/FlowConformal/experiments/exp1_vnncomp_subset/outputs/exp1_linearizenn_2024_ours.csv
[linearizenn_2024 1/1 t=0s budget=900s] onnx/AllInOne_30_30.onnx + vnnlib/prop_30_30.vnnlib
/home/sasakis/v/tools/n2v/third_party/onnx2torch/onnx2torch/node_converters/slice.py:67: UserWarning: Using a non-tuple sequence for multidimensional indexing is deprecated and will be changed in pytorch 2.9; use x[tuple(seq)] instead of x[seq]. In pytorch 2.9 this will be interpreted as tensor index, x[torch.tensor(seq)], which will result either in an error or a different result (Triggered internally at /pytorch/torch/csrc/autograd/python_variable_indexing.cpp:306.)
  x = x[pos_axes_slices]
    verdict=UNSAT  wall=85.2s
[run_cell    8/  60 t=  518s] idx=7    budget=900s (shell timeout=960s)
[linearizenn_2024] running only instance idx=7; appending to /home/sasakis/v/tools/n2v/examples/FlowConformal/experiments/exp1_vnncomp_subset/outputs/exp1_linearizenn_2024_ours.csv
[linearizenn_2024 1/1 t=0s budget=900s] onnx/AllInOne_30_30.onnx + vnnlib/prop_30_30_0.vnnlib
/home/sasakis/v/tools/n2v/third_party/onnx2torch/onnx2torch/node_converters/slice.py:67: UserWarning: Using a non-tuple sequence for multidimensional indexing is deprecated and will be changed in pytorch 2.9; use x[tuple(seq)] instead of x[seq]. In pytorch 2.9 this will be interpreted as tensor index, x[torch.tensor(seq)], which will result either in an error or a different result (Triggered internally at /pytorch/torch/csrc/autograd/python_variable_indexing.cpp:306.)
  x = x[pos_axes_slices]
    verdict=UNSAT  wall=76.8s
[run_cell    9/  60 t=  600s] idx=8    budget=900s (shell timeout=960s)
[linearizenn_2024] running only instance idx=8; appending to /home/sasakis/v/tools/n2v/examples/FlowConformal/experiments/exp1_vnncomp_subset/outputs/exp1_linearizenn_2024_ours.csv
[linearizenn_2024 1/1 t=0s budget=900s] onnx/AllInOne_30_30.onnx + vnnlib/prop_30_30_1.vnnlib
/home/sasakis/v/tools/n2v/third_party/onnx2torch/onnx2torch/node_converters/slice.py:67: UserWarning: Using a non-tuple sequence for multidimensional indexing is deprecated and will be changed in pytorch 2.9; use x[tuple(seq)] instead of x[seq]. In pytorch 2.9 this will be interpreted as tensor index, x[torch.tensor(seq)], which will result either in an error or a different result (Triggered internally at /pytorch/torch/csrc/autograd/python_variable_indexing.cpp:306.)
  x = x[pos_axes_slices]
    verdict=UNSAT  wall=78.2s
[run_cell   10/  60 t=  683s] idx=9    budget=900s (shell timeout=960s)
[linearizenn_2024] running only instance idx=9; appending to /home/sasakis/v/tools/n2v/examples/FlowConformal/experiments/exp1_vnncomp_subset/outputs/exp1_linearizenn_2024_ours.csv
[linearizenn_2024 1/1 t=0s budget=900s] onnx/AllInOne_30_30.onnx + vnnlib/prop_30_30_2.vnnlib
/home/sasakis/v/tools/n2v/third_party/onnx2torch/onnx2torch/node_converters/slice.py:67: UserWarning: Using a non-tuple sequence for multidimensional indexing is deprecated and will be changed in pytorch 2.9; use x[tuple(seq)] instead of x[seq]. In pytorch 2.9 this will be interpreted as tensor index, x[torch.tensor(seq)], which will result either in an error or a different result (Triggered internally at /pytorch/torch/csrc/autograd/python_variable_indexing.cpp:306.)
  x = x[pos_axes_slices]
    verdict=UNSAT  wall=85.4s
[run_cell   11/  60 t=  773s] idx=10   budget=900s (shell timeout=960s)
[linearizenn_2024] running only instance idx=10; appending to /home/sasakis/v/tools/n2v/examples/FlowConformal/experiments/exp1_vnncomp_subset/outputs/exp1_linearizenn_2024_ours.csv
[linearizenn_2024 1/1 t=0s budget=900s] onnx/AllInOne_30_30.onnx + vnnlib/prop_30_30_3.vnnlib
/home/sasakis/v/tools/n2v/third_party/onnx2torch/onnx2torch/node_converters/slice.py:67: UserWarning: Using a non-tuple sequence for multidimensional indexing is deprecated and will be changed in pytorch 2.9; use x[tuple(seq)] instead of x[seq]. In pytorch 2.9 this will be interpreted as tensor index, x[torch.tensor(seq)], which will result either in an error or a different result (Triggered internally at /pytorch/torch/csrc/autograd/python_variable_indexing.cpp:306.)
  x = x[pos_axes_slices]
    verdict=UNSAT  wall=82.2s
[run_cell   12/  60 t=  860s] idx=11   budget=900s (shell timeout=960s)
[linearizenn_2024] running only instance idx=11; appending to /home/sasakis/v/tools/n2v/examples/FlowConformal/experiments/exp1_vnncomp_subset/outputs/exp1_linearizenn_2024_ours.csv
[linearizenn_2024 1/1 t=0s budget=900s] onnx/AllInOne_30_30.onnx + vnnlib/prop_30_30_4.vnnlib
/home/sasakis/v/tools/n2v/third_party/onnx2torch/onnx2torch/node_converters/slice.py:67: UserWarning: Using a non-tuple sequence for multidimensional indexing is deprecated and will be changed in pytorch 2.9; use x[tuple(seq)] instead of x[seq]. In pytorch 2.9 this will be interpreted as tensor index, x[torch.tensor(seq)], which will result either in an error or a different result (Triggered internally at /pytorch/torch/csrc/autograd/python_variable_indexing.cpp:306.)
  x = x[pos_axes_slices]
    verdict=UNSAT  wall=83.1s
[run_cell   13/  60 t=  948s] idx=12   budget=900s (shell timeout=960s)
[linearizenn_2024] running only instance idx=12; appending to /home/sasakis/v/tools/n2v/examples/FlowConformal/experiments/exp1_vnncomp_subset/outputs/exp1_linearizenn_2024_ours.csv
[linearizenn_2024 1/1 t=0s budget=900s] onnx/AllInOne_30_80.onnx + vnnlib/prop_30_80.vnnlib
/home/sasakis/v/tools/n2v/third_party/onnx2torch/onnx2torch/node_converters/slice.py:67: UserWarning: Using a non-tuple sequence for multidimensional indexing is deprecated and will be changed in pytorch 2.9; use x[tuple(seq)] instead of x[seq]. In pytorch 2.9 this will be interpreted as tensor index, x[torch.tensor(seq)], which will result either in an error or a different result (Triggered internally at /pytorch/torch/csrc/autograd/python_variable_indexing.cpp:306.)
  x = x[pos_axes_slices]
    verdict=UNSAT  wall=84.5s
[run_cell   14/  60 t= 1038s] idx=13   budget=900s (shell timeout=960s)
[linearizenn_2024] running only instance idx=13; appending to /home/sasakis/v/tools/n2v/examples/FlowConformal/experiments/exp1_vnncomp_subset/outputs/exp1_linearizenn_2024_ours.csv
[linearizenn_2024 1/1 t=0s budget=900s] onnx/AllInOne_30_80.onnx + vnnlib/prop_30_80_0.vnnlib
/home/sasakis/v/tools/n2v/third_party/onnx2torch/onnx2torch/node_converters/slice.py:67: UserWarning: Using a non-tuple sequence for multidimensional indexing is deprecated and will be changed in pytorch 2.9; use x[tuple(seq)] instead of x[seq]. In pytorch 2.9 this will be interpreted as tensor index, x[torch.tensor(seq)], which will result either in an error or a different result (Triggered internally at /pytorch/torch/csrc/autograd/python_variable_indexing.cpp:306.)
  x = x[pos_axes_slices]
    verdict=UNSAT  wall=78.2s
[run_cell   15/  60 t= 1121s] idx=14   budget=900s (shell timeout=960s)
[linearizenn_2024] running only instance idx=14; appending to /home/sasakis/v/tools/n2v/examples/FlowConformal/experiments/exp1_vnncomp_subset/outputs/exp1_linearizenn_2024_ours.csv
[linearizenn_2024 1/1 t=0s budget=900s] onnx/AllInOne_30_80.onnx + vnnlib/prop_30_80_1.vnnlib
/home/sasakis/v/tools/n2v/third_party/onnx2torch/onnx2torch/node_converters/slice.py:67: UserWarning: Using a non-tuple sequence for multidimensional indexing is deprecated and will be changed in pytorch 2.9; use x[tuple(seq)] instead of x[seq]. In pytorch 2.9 this will be interpreted as tensor index, x[torch.tensor(seq)], which will result either in an error or a different result (Triggered internally at /pytorch/torch/csrc/autograd/python_variable_indexing.cpp:306.)
  x = x[pos_axes_slices]
    verdict=UNSAT  wall=78.5s
[run_cell   16/  60 t= 1204s] idx=15   budget=900s (shell timeout=960s)
[linearizenn_2024] running only instance idx=15; appending to /home/sasakis/v/tools/n2v/examples/FlowConformal/experiments/exp1_vnncomp_subset/outputs/exp1_linearizenn_2024_ours.csv
[linearizenn_2024 1/1 t=0s budget=900s] onnx/AllInOne_30_80.onnx + vnnlib/prop_30_80_2.vnnlib
/home/sasakis/v/tools/n2v/third_party/onnx2torch/onnx2torch/node_converters/slice.py:67: UserWarning: Using a non-tuple sequence for multidimensional indexing is deprecated and will be changed in pytorch 2.9; use x[tuple(seq)] instead of x[seq]. In pytorch 2.9 this will be interpreted as tensor index, x[torch.tensor(seq)], which will result either in an error or a different result (Triggered internally at /pytorch/torch/csrc/autograd/python_variable_indexing.cpp:306.)
  x = x[pos_axes_slices]
    verdict=UNSAT  wall=77.1s
[run_cell   17/  60 t= 1286s] idx=16   budget=900s (shell timeout=960s)
[linearizenn_2024] running only instance idx=16; appending to /home/sasakis/v/tools/n2v/examples/FlowConformal/experiments/exp1_vnncomp_subset/outputs/exp1_linearizenn_2024_ours.csv
[linearizenn_2024 1/1 t=0s budget=900s] onnx/AllInOne_30_80.onnx + vnnlib/prop_30_80_3.vnnlib
/home/sasakis/v/tools/n2v/third_party/onnx2torch/onnx2torch/node_converters/slice.py:67: UserWarning: Using a non-tuple sequence for multidimensional indexing is deprecated and will be changed in pytorch 2.9; use x[tuple(seq)] instead of x[seq]. In pytorch 2.9 this will be interpreted as tensor index, x[torch.tensor(seq)], which will result either in an error or a different result (Triggered internally at /pytorch/torch/csrc/autograd/python_variable_indexing.cpp:306.)
  x = x[pos_axes_slices]
    verdict=UNSAT  wall=82.0s
[run_cell   18/  60 t= 1373s] idx=17   budget=900s (shell timeout=960s)
[linearizenn_2024] running only instance idx=17; appending to /home/sasakis/v/tools/n2v/examples/FlowConformal/experiments/exp1_vnncomp_subset/outputs/exp1_linearizenn_2024_ours.csv
[linearizenn_2024 1/1 t=0s budget=900s] onnx/AllInOne_30_80.onnx + vnnlib/prop_30_80_4.vnnlib
/home/sasakis/v/tools/n2v/third_party/onnx2torch/onnx2torch/node_converters/slice.py:67: UserWarning: Using a non-tuple sequence for multidimensional indexing is deprecated and will be changed in pytorch 2.9; use x[tuple(seq)] instead of x[seq]. In pytorch 2.9 this will be interpreted as tensor index, x[torch.tensor(seq)], which will result either in an error or a different result (Triggered internally at /pytorch/torch/csrc/autograd/python_variable_indexing.cpp:306.)
  x = x[pos_axes_slices]
    verdict=UNSAT  wall=81.4s
[run_cell   19/  60 t= 1460s] idx=18   budget=900s (shell timeout=960s)
[linearizenn_2024] running only instance idx=18; appending to /home/sasakis/v/tools/n2v/examples/FlowConformal/experiments/exp1_vnncomp_subset/outputs/exp1_linearizenn_2024_ours.csv
[linearizenn_2024 1/1 t=0s budget=900s] onnx/AllInOne_50_50.onnx + vnnlib/prop_50_50.vnnlib
/home/sasakis/v/tools/n2v/third_party/onnx2torch/onnx2torch/node_converters/slice.py:67: UserWarning: Using a non-tuple sequence for multidimensional indexing is deprecated and will be changed in pytorch 2.9; use x[tuple(seq)] instead of x[seq]. In pytorch 2.9 this will be interpreted as tensor index, x[torch.tensor(seq)], which will result either in an error or a different result (Triggered internally at /pytorch/torch/csrc/autograd/python_variable_indexing.cpp:306.)
  x = x[pos_axes_slices]
    verdict=UNSAT  wall=90.7s
[run_cell   20/  60 t= 1555s] idx=19   budget=900s (shell timeout=960s)
[linearizenn_2024] running only instance idx=19; appending to /home/sasakis/v/tools/n2v/examples/FlowConformal/experiments/exp1_vnncomp_subset/outputs/exp1_linearizenn_2024_ours.csv
[linearizenn_2024 1/1 t=0s budget=900s] onnx/AllInOne_50_50.onnx + vnnlib/prop_50_50_0.vnnlib
/home/sasakis/v/tools/n2v/third_party/onnx2torch/onnx2torch/node_converters/slice.py:67: UserWarning: Using a non-tuple sequence for multidimensional indexing is deprecated and will be changed in pytorch 2.9; use x[tuple(seq)] instead of x[seq]. In pytorch 2.9 this will be interpreted as tensor index, x[torch.tensor(seq)], which will result either in an error or a different result (Triggered internally at /pytorch/torch/csrc/autograd/python_variable_indexing.cpp:306.)
  x = x[pos_axes_slices]
    verdict=UNSAT  wall=76.8s
[run_cell   21/  60 t= 1637s] idx=20   budget=900s (shell timeout=960s)
[linearizenn_2024] running only instance idx=20; appending to /home/sasakis/v/tools/n2v/examples/FlowConformal/experiments/exp1_vnncomp_subset/outputs/exp1_linearizenn_2024_ours.csv
[linearizenn_2024 1/1 t=0s budget=900s] onnx/AllInOne_50_50.onnx + vnnlib/prop_50_50_1.vnnlib
/home/sasakis/v/tools/n2v/third_party/onnx2torch/onnx2torch/node_converters/slice.py:67: UserWarning: Using a non-tuple sequence for multidimensional indexing is deprecated and will be changed in pytorch 2.9; use x[tuple(seq)] instead of x[seq]. In pytorch 2.9 this will be interpreted as tensor index, x[torch.tensor(seq)], which will result either in an error or a different result (Triggered internally at /pytorch/torch/csrc/autograd/python_variable_indexing.cpp:306.)
  x = x[pos_axes_slices]
    verdict=UNSAT  wall=82.8s
[run_cell   22/  60 t= 1725s] idx=21   budget=900s (shell timeout=960s)
[linearizenn_2024] running only instance idx=21; appending to /home/sasakis/v/tools/n2v/examples/FlowConformal/experiments/exp1_vnncomp_subset/outputs/exp1_linearizenn_2024_ours.csv
[linearizenn_2024 1/1 t=0s budget=900s] onnx/AllInOne_50_50.onnx + vnnlib/prop_50_50_2.vnnlib
/home/sasakis/v/tools/n2v/third_party/onnx2torch/onnx2torch/node_converters/slice.py:67: UserWarning: Using a non-tuple sequence for multidimensional indexing is deprecated and will be changed in pytorch 2.9; use x[tuple(seq)] instead of x[seq]. In pytorch 2.9 this will be interpreted as tensor index, x[torch.tensor(seq)], which will result either in an error or a different result (Triggered internally at /pytorch/torch/csrc/autograd/python_variable_indexing.cpp:306.)
  x = x[pos_axes_slices]
    verdict=UNSAT  wall=76.6s
[run_cell   23/  60 t= 1806s] idx=22   budget=900s (shell timeout=960s)
[linearizenn_2024] running only instance idx=22; appending to /home/sasakis/v/tools/n2v/examples/FlowConformal/experiments/exp1_vnncomp_subset/outputs/exp1_linearizenn_2024_ours.csv
[linearizenn_2024 1/1 t=0s budget=900s] onnx/AllInOne_50_50.onnx + vnnlib/prop_50_50_3.vnnlib
/home/sasakis/v/tools/n2v/third_party/onnx2torch/onnx2torch/node_converters/slice.py:67: UserWarning: Using a non-tuple sequence for multidimensional indexing is deprecated and will be changed in pytorch 2.9; use x[tuple(seq)] instead of x[seq]. In pytorch 2.9 this will be interpreted as tensor index, x[torch.tensor(seq)], which will result either in an error or a different result (Triggered internally at /pytorch/torch/csrc/autograd/python_variable_indexing.cpp:306.)
  x = x[pos_axes_slices]
    verdict=UNSAT  wall=76.6s
[run_cell   24/  60 t= 1888s] idx=23   budget=900s (shell timeout=960s)
[linearizenn_2024] running only instance idx=23; appending to /home/sasakis/v/tools/n2v/examples/FlowConformal/experiments/exp1_vnncomp_subset/outputs/exp1_linearizenn_2024_ours.csv
[linearizenn_2024 1/1 t=0s budget=900s] onnx/AllInOne_50_50.onnx + vnnlib/prop_50_50_4.vnnlib
/home/sasakis/v/tools/n2v/third_party/onnx2torch/onnx2torch/node_converters/slice.py:67: UserWarning: Using a non-tuple sequence for multidimensional indexing is deprecated and will be changed in pytorch 2.9; use x[tuple(seq)] instead of x[seq]. In pytorch 2.9 this will be interpreted as tensor index, x[torch.tensor(seq)], which will result either in an error or a different result (Triggered internally at /pytorch/torch/csrc/autograd/python_variable_indexing.cpp:306.)
  x = x[pos_axes_slices]
    verdict=UNSAT  wall=83.0s
[run_cell   25/  60 t= 1976s] idx=24   budget=900s (shell timeout=960s)
[linearizenn_2024] running only instance idx=24; appending to /home/sasakis/v/tools/n2v/examples/FlowConformal/experiments/exp1_vnncomp_subset/outputs/exp1_linearizenn_2024_ours.csv
[linearizenn_2024 1/1 t=0s budget=900s] onnx/AllInOne_50_120.onnx + vnnlib/prop_50_120.vnnlib
/home/sasakis/v/tools/n2v/third_party/onnx2torch/onnx2torch/node_converters/slice.py:67: UserWarning: Using a non-tuple sequence for multidimensional indexing is deprecated and will be changed in pytorch 2.9; use x[tuple(seq)] instead of x[seq]. In pytorch 2.9 this will be interpreted as tensor index, x[torch.tensor(seq)], which will result either in an error or a different result (Triggered internally at /pytorch/torch/csrc/autograd/python_variable_indexing.cpp:306.)
  x = x[pos_axes_slices]
    verdict=UNSAT  wall=76.6s
[run_cell   26/  60 t= 2057s] idx=25   budget=900s (shell timeout=960s)
[linearizenn_2024] running only instance idx=25; appending to /home/sasakis/v/tools/n2v/examples/FlowConformal/experiments/exp1_vnncomp_subset/outputs/exp1_linearizenn_2024_ours.csv
[linearizenn_2024 1/1 t=0s budget=900s] onnx/AllInOne_50_120.onnx + vnnlib/prop_50_120_0.vnnlib
/home/sasakis/v/tools/n2v/third_party/onnx2torch/onnx2torch/node_converters/slice.py:67: UserWarning: Using a non-tuple sequence for multidimensional indexing is deprecated and will be changed in pytorch 2.9; use x[tuple(seq)] instead of x[seq]. In pytorch 2.9 this will be interpreted as tensor index, x[torch.tensor(seq)], which will result either in an error or a different result (Triggered internally at /pytorch/torch/csrc/autograd/python_variable_indexing.cpp:306.)
  x = x[pos_axes_slices]
    verdict=UNSAT  wall=76.5s
[run_cell   27/  60 t= 2139s] idx=26   budget=900s (shell timeout=960s)
[linearizenn_2024] running only instance idx=26; appending to /home/sasakis/v/tools/n2v/examples/FlowConformal/experiments/exp1_vnncomp_subset/outputs/exp1_linearizenn_2024_ours.csv
[linearizenn_2024 1/1 t=0s budget=900s] onnx/AllInOne_50_120.onnx + vnnlib/prop_50_120_1.vnnlib
/home/sasakis/v/tools/n2v/third_party/onnx2torch/onnx2torch/node_converters/slice.py:67: UserWarning: Using a non-tuple sequence for multidimensional indexing is deprecated and will be changed in pytorch 2.9; use x[tuple(seq)] instead of x[seq]. In pytorch 2.9 this will be interpreted as tensor index, x[torch.tensor(seq)], which will result either in an error or a different result (Triggered internally at /pytorch/torch/csrc/autograd/python_variable_indexing.cpp:306.)
  x = x[pos_axes_slices]
    verdict=UNSAT  wall=78.9s
[run_cell   28/  60 t= 2222s] idx=27   budget=900s (shell timeout=960s)
[linearizenn_2024] running only instance idx=27; appending to /home/sasakis/v/tools/n2v/examples/FlowConformal/experiments/exp1_vnncomp_subset/outputs/exp1_linearizenn_2024_ours.csv
[linearizenn_2024 1/1 t=0s budget=900s] onnx/AllInOne_50_120.onnx + vnnlib/prop_50_120_2.vnnlib
/home/sasakis/v/tools/n2v/third_party/onnx2torch/onnx2torch/node_converters/slice.py:67: UserWarning: Using a non-tuple sequence for multidimensional indexing is deprecated and will be changed in pytorch 2.9; use x[tuple(seq)] instead of x[seq]. In pytorch 2.9 this will be interpreted as tensor index, x[torch.tensor(seq)], which will result either in an error or a different result (Triggered internally at /pytorch/torch/csrc/autograd/python_variable_indexing.cpp:306.)
  x = x[pos_axes_slices]
    verdict=UNSAT  wall=78.0s
[run_cell   29/  60 t= 2305s] idx=28   budget=900s (shell timeout=960s)
[linearizenn_2024] running only instance idx=28; appending to /home/sasakis/v/tools/n2v/examples/FlowConformal/experiments/exp1_vnncomp_subset/outputs/exp1_linearizenn_2024_ours.csv
[linearizenn_2024 1/1 t=0s budget=900s] onnx/AllInOne_50_120.onnx + vnnlib/prop_50_120_3.vnnlib
/home/sasakis/v/tools/n2v/third_party/onnx2torch/onnx2torch/node_converters/slice.py:67: UserWarning: Using a non-tuple sequence for multidimensional indexing is deprecated and will be changed in pytorch 2.9; use x[tuple(seq)] instead of x[seq]. In pytorch 2.9 this will be interpreted as tensor index, x[torch.tensor(seq)], which will result either in an error or a different result (Triggered internally at /pytorch/torch/csrc/autograd/python_variable_indexing.cpp:306.)
  x = x[pos_axes_slices]
    verdict=UNSAT  wall=76.7s
[run_cell   30/  60 t= 2387s] idx=29   budget=900s (shell timeout=960s)
[linearizenn_2024] running only instance idx=29; appending to /home/sasakis/v/tools/n2v/examples/FlowConformal/experiments/exp1_vnncomp_subset/outputs/exp1_linearizenn_2024_ours.csv
[linearizenn_2024 1/1 t=0s budget=900s] onnx/AllInOne_50_120.onnx + vnnlib/prop_50_120_4.vnnlib
/home/sasakis/v/tools/n2v/third_party/onnx2torch/onnx2torch/node_converters/slice.py:67: UserWarning: Using a non-tuple sequence for multidimensional indexing is deprecated and will be changed in pytorch 2.9; use x[tuple(seq)] instead of x[seq]. In pytorch 2.9 this will be interpreted as tensor index, x[torch.tensor(seq)], which will result either in an error or a different result (Triggered internally at /pytorch/torch/csrc/autograd/python_variable_indexing.cpp:306.)
  x = x[pos_axes_slices]
    verdict=UNSAT  wall=79.4s
[run_cell   31/  60 t= 2471s] idx=30   budget=900s (shell timeout=960s)
[linearizenn_2024] running only instance idx=30; appending to /home/sasakis/v/tools/n2v/examples/FlowConformal/experiments/exp1_vnncomp_subset/outputs/exp1_linearizenn_2024_ours.csv
[linearizenn_2024 1/1 t=0s budget=900s] onnx/AllInOne_80_30.onnx + vnnlib/prop_80_30.vnnlib
/home/sasakis/v/tools/n2v/third_party/onnx2torch/onnx2torch/node_converters/slice.py:67: UserWarning: Using a non-tuple sequence for multidimensional indexing is deprecated and will be changed in pytorch 2.9; use x[tuple(seq)] instead of x[seq]. In pytorch 2.9 this will be interpreted as tensor index, x[torch.tensor(seq)], which will result either in an error or a different result (Triggered internally at /pytorch/torch/csrc/autograd/python_variable_indexing.cpp:306.)
  x = x[pos_axes_slices]
    verdict=UNSAT  wall=76.3s
[run_cell   32/  60 t= 2553s] idx=31   budget=900s (shell timeout=960s)
[linearizenn_2024] running only instance idx=31; appending to /home/sasakis/v/tools/n2v/examples/FlowConformal/experiments/exp1_vnncomp_subset/outputs/exp1_linearizenn_2024_ours.csv
[linearizenn_2024 1/1 t=0s budget=900s] onnx/AllInOne_80_30.onnx + vnnlib/prop_80_30_0.vnnlib
/home/sasakis/v/tools/n2v/third_party/onnx2torch/onnx2torch/node_converters/slice.py:67: UserWarning: Using a non-tuple sequence for multidimensional indexing is deprecated and will be changed in pytorch 2.9; use x[tuple(seq)] instead of x[seq]. In pytorch 2.9 this will be interpreted as tensor index, x[torch.tensor(seq)], which will result either in an error or a different result (Triggered internally at /pytorch/torch/csrc/autograd/python_variable_indexing.cpp:306.)
  x = x[pos_axes_slices]
    verdict=UNKNOWN  wall=79.1s
[run_cell   33/  60 t= 2637s] idx=32   budget=900s (shell timeout=960s)
[linearizenn_2024] running only instance idx=32; appending to /home/sasakis/v/tools/n2v/examples/FlowConformal/experiments/exp1_vnncomp_subset/outputs/exp1_linearizenn_2024_ours.csv
[linearizenn_2024 1/1 t=0s budget=900s] onnx/AllInOne_80_30.onnx + vnnlib/prop_80_30_1.vnnlib
/home/sasakis/v/tools/n2v/third_party/onnx2torch/onnx2torch/node_converters/slice.py:67: UserWarning: Using a non-tuple sequence for multidimensional indexing is deprecated and will be changed in pytorch 2.9; use x[tuple(seq)] instead of x[seq]. In pytorch 2.9 this will be interpreted as tensor index, x[torch.tensor(seq)], which will result either in an error or a different result (Triggered internally at /pytorch/torch/csrc/autograd/python_variable_indexing.cpp:306.)
  x = x[pos_axes_slices]
    verdict=UNSAT  wall=81.6s
[run_cell   34/  60 t= 2723s] idx=33   budget=900s (shell timeout=960s)
[linearizenn_2024] running only instance idx=33; appending to /home/sasakis/v/tools/n2v/examples/FlowConformal/experiments/exp1_vnncomp_subset/outputs/exp1_linearizenn_2024_ours.csv
[linearizenn_2024 1/1 t=0s budget=900s] onnx/AllInOne_80_30.onnx + vnnlib/prop_80_30_2.vnnlib
/home/sasakis/v/tools/n2v/third_party/onnx2torch/onnx2torch/node_converters/slice.py:67: UserWarning: Using a non-tuple sequence for multidimensional indexing is deprecated and will be changed in pytorch 2.9; use x[tuple(seq)] instead of x[seq]. In pytorch 2.9 this will be interpreted as tensor index, x[torch.tensor(seq)], which will result either in an error or a different result (Triggered internally at /pytorch/torch/csrc/autograd/python_variable_indexing.cpp:306.)
  x = x[pos_axes_slices]
    verdict=UNSAT  wall=77.5s
[run_cell   35/  60 t= 2806s] idx=34   budget=900s (shell timeout=960s)
[linearizenn_2024] running only instance idx=34; appending to /home/sasakis/v/tools/n2v/examples/FlowConformal/experiments/exp1_vnncomp_subset/outputs/exp1_linearizenn_2024_ours.csv
[linearizenn_2024 1/1 t=0s budget=900s] onnx/AllInOne_80_30.onnx + vnnlib/prop_80_30_3.vnnlib
/home/sasakis/v/tools/n2v/third_party/onnx2torch/onnx2torch/node_converters/slice.py:67: UserWarning: Using a non-tuple sequence for multidimensional indexing is deprecated and will be changed in pytorch 2.9; use x[tuple(seq)] instead of x[seq]. In pytorch 2.9 this will be interpreted as tensor index, x[torch.tensor(seq)], which will result either in an error or a different result (Triggered internally at /pytorch/torch/csrc/autograd/python_variable_indexing.cpp:306.)
  x = x[pos_axes_slices]
    verdict=UNSAT  wall=76.7s
[run_cell   36/  60 t= 2887s] idx=35   budget=900s (shell timeout=960s)
[linearizenn_2024] running only instance idx=35; appending to /home/sasakis/v/tools/n2v/examples/FlowConformal/experiments/exp1_vnncomp_subset/outputs/exp1_linearizenn_2024_ours.csv
[linearizenn_2024 1/1 t=0s budget=900s] onnx/AllInOne_80_30.onnx + vnnlib/prop_80_30_4.vnnlib
/home/sasakis/v/tools/n2v/third_party/onnx2torch/onnx2torch/node_converters/slice.py:67: UserWarning: Using a non-tuple sequence for multidimensional indexing is deprecated and will be changed in pytorch 2.9; use x[tuple(seq)] instead of x[seq]. In pytorch 2.9 this will be interpreted as tensor index, x[torch.tensor(seq)], which will result either in an error or a different result (Triggered internally at /pytorch/torch/csrc/autograd/python_variable_indexing.cpp:306.)
  x = x[pos_axes_slices]
    verdict=UNKNOWN  wall=71.3s
[run_cell   37/  60 t= 2964s] idx=36   budget=900s (shell timeout=960s)
[linearizenn_2024] running only instance idx=36; appending to /home/sasakis/v/tools/n2v/examples/FlowConformal/experiments/exp1_vnncomp_subset/outputs/exp1_linearizenn_2024_ours.csv
[linearizenn_2024 1/1 t=0s budget=900s] onnx/AllInOne_80_80.onnx + vnnlib/prop_80_80.vnnlib
/home/sasakis/v/tools/n2v/third_party/onnx2torch/onnx2torch/node_converters/slice.py:67: UserWarning: Using a non-tuple sequence for multidimensional indexing is deprecated and will be changed in pytorch 2.9; use x[tuple(seq)] instead of x[seq]. In pytorch 2.9 this will be interpreted as tensor index, x[torch.tensor(seq)], which will result either in an error or a different result (Triggered internally at /pytorch/torch/csrc/autograd/python_variable_indexing.cpp:306.)
  x = x[pos_axes_slices]
    verdict=UNSAT  wall=76.5s
[run_cell   38/  60 t= 3045s] idx=37   budget=900s (shell timeout=960s)
[linearizenn_2024] running only instance idx=37; appending to /home/sasakis/v/tools/n2v/examples/FlowConformal/experiments/exp1_vnncomp_subset/outputs/exp1_linearizenn_2024_ours.csv
[linearizenn_2024 1/1 t=0s budget=900s] onnx/AllInOne_80_80.onnx + vnnlib/prop_80_80_0.vnnlib
/home/sasakis/v/tools/n2v/third_party/onnx2torch/onnx2torch/node_converters/slice.py:67: UserWarning: Using a non-tuple sequence for multidimensional indexing is deprecated and will be changed in pytorch 2.9; use x[tuple(seq)] instead of x[seq]. In pytorch 2.9 this will be interpreted as tensor index, x[torch.tensor(seq)], which will result either in an error or a different result (Triggered internally at /pytorch/torch/csrc/autograd/python_variable_indexing.cpp:306.)
  x = x[pos_axes_slices]
    verdict=UNSAT  wall=78.6s
[run_cell   39/  60 t= 3129s] idx=38   budget=900s (shell timeout=960s)
[linearizenn_2024] running only instance idx=38; appending to /home/sasakis/v/tools/n2v/examples/FlowConformal/experiments/exp1_vnncomp_subset/outputs/exp1_linearizenn_2024_ours.csv
[linearizenn_2024 1/1 t=0s budget=900s] onnx/AllInOne_80_80.onnx + vnnlib/prop_80_80_1.vnnlib
/home/sasakis/v/tools/n2v/third_party/onnx2torch/onnx2torch/node_converters/slice.py:67: UserWarning: Using a non-tuple sequence for multidimensional indexing is deprecated and will be changed in pytorch 2.9; use x[tuple(seq)] instead of x[seq]. In pytorch 2.9 this will be interpreted as tensor index, x[torch.tensor(seq)], which will result either in an error or a different result (Triggered internally at /pytorch/torch/csrc/autograd/python_variable_indexing.cpp:306.)
  x = x[pos_axes_slices]
    verdict=UNSAT  wall=83.8s
[run_cell   40/  60 t= 3217s] idx=39   budget=900s (shell timeout=960s)
[linearizenn_2024] running only instance idx=39; appending to /home/sasakis/v/tools/n2v/examples/FlowConformal/experiments/exp1_vnncomp_subset/outputs/exp1_linearizenn_2024_ours.csv
[linearizenn_2024 1/1 t=0s budget=900s] onnx/AllInOne_80_80.onnx + vnnlib/prop_80_80_2.vnnlib
/home/sasakis/v/tools/n2v/third_party/onnx2torch/onnx2torch/node_converters/slice.py:67: UserWarning: Using a non-tuple sequence for multidimensional indexing is deprecated and will be changed in pytorch 2.9; use x[tuple(seq)] instead of x[seq]. In pytorch 2.9 this will be interpreted as tensor index, x[torch.tensor(seq)], which will result either in an error or a different result (Triggered internally at /pytorch/torch/csrc/autograd/python_variable_indexing.cpp:306.)
  x = x[pos_axes_slices]
    verdict=UNSAT  wall=77.7s
[run_cell   41/  60 t= 3300s] idx=40   budget=900s (shell timeout=960s)
[linearizenn_2024] running only instance idx=40; appending to /home/sasakis/v/tools/n2v/examples/FlowConformal/experiments/exp1_vnncomp_subset/outputs/exp1_linearizenn_2024_ours.csv
[linearizenn_2024 1/1 t=0s budget=900s] onnx/AllInOne_80_80.onnx + vnnlib/prop_80_80_3.vnnlib
/home/sasakis/v/tools/n2v/third_party/onnx2torch/onnx2torch/node_converters/slice.py:67: UserWarning: Using a non-tuple sequence for multidimensional indexing is deprecated and will be changed in pytorch 2.9; use x[tuple(seq)] instead of x[seq]. In pytorch 2.9 this will be interpreted as tensor index, x[torch.tensor(seq)], which will result either in an error or a different result (Triggered internally at /pytorch/torch/csrc/autograd/python_variable_indexing.cpp:306.)
  x = x[pos_axes_slices]
    verdict=UNKNOWN  wall=76.7s
[run_cell   42/  60 t= 3381s] idx=41   budget=900s (shell timeout=960s)
[linearizenn_2024] running only instance idx=41; appending to /home/sasakis/v/tools/n2v/examples/FlowConformal/experiments/exp1_vnncomp_subset/outputs/exp1_linearizenn_2024_ours.csv
[linearizenn_2024 1/1 t=0s budget=900s] onnx/AllInOne_80_80.onnx + vnnlib/prop_80_80_4.vnnlib
/home/sasakis/v/tools/n2v/third_party/onnx2torch/onnx2torch/node_converters/slice.py:67: UserWarning: Using a non-tuple sequence for multidimensional indexing is deprecated and will be changed in pytorch 2.9; use x[tuple(seq)] instead of x[seq]. In pytorch 2.9 this will be interpreted as tensor index, x[torch.tensor(seq)], which will result either in an error or a different result (Triggered internally at /pytorch/torch/csrc/autograd/python_variable_indexing.cpp:306.)
  x = x[pos_axes_slices]
    verdict=UNSAT  wall=80.7s
[run_cell   43/  60 t= 3467s] idx=42   budget=900s (shell timeout=960s)
[linearizenn_2024] running only instance idx=42; appending to /home/sasakis/v/tools/n2v/examples/FlowConformal/experiments/exp1_vnncomp_subset/outputs/exp1_linearizenn_2024_ours.csv
[linearizenn_2024 1/1 t=0s budget=900s] onnx/AllInOne_120_30.onnx + vnnlib/prop_120_30.vnnlib
/home/sasakis/v/tools/n2v/third_party/onnx2torch/onnx2torch/node_converters/slice.py:67: UserWarning: Using a non-tuple sequence for multidimensional indexing is deprecated and will be changed in pytorch 2.9; use x[tuple(seq)] instead of x[seq]. In pytorch 2.9 this will be interpreted as tensor index, x[torch.tensor(seq)], which will result either in an error or a different result (Triggered internally at /pytorch/torch/csrc/autograd/python_variable_indexing.cpp:306.)
  x = x[pos_axes_slices]
    verdict=UNSAT  wall=85.2s
[run_cell   44/  60 t= 3557s] idx=43   budget=900s (shell timeout=960s)
[linearizenn_2024] running only instance idx=43; appending to /home/sasakis/v/tools/n2v/examples/FlowConformal/experiments/exp1_vnncomp_subset/outputs/exp1_linearizenn_2024_ours.csv
[linearizenn_2024 1/1 t=0s budget=900s] onnx/AllInOne_120_30.onnx + vnnlib/prop_120_30_0.vnnlib
/home/sasakis/v/tools/n2v/third_party/onnx2torch/onnx2torch/node_converters/slice.py:67: UserWarning: Using a non-tuple sequence for multidimensional indexing is deprecated and will be changed in pytorch 2.9; use x[tuple(seq)] instead of x[seq]. In pytorch 2.9 this will be interpreted as tensor index, x[torch.tensor(seq)], which will result either in an error or a different result (Triggered internally at /pytorch/torch/csrc/autograd/python_variable_indexing.cpp:306.)
  x = x[pos_axes_slices]
    verdict=UNSAT  wall=87.0s
[run_cell   45/  60 t= 3649s] idx=44   budget=900s (shell timeout=960s)
[linearizenn_2024] running only instance idx=44; appending to /home/sasakis/v/tools/n2v/examples/FlowConformal/experiments/exp1_vnncomp_subset/outputs/exp1_linearizenn_2024_ours.csv
[linearizenn_2024 1/1 t=0s budget=900s] onnx/AllInOne_120_30.onnx + vnnlib/prop_120_30_1.vnnlib
/home/sasakis/v/tools/n2v/third_party/onnx2torch/onnx2torch/node_converters/slice.py:67: UserWarning: Using a non-tuple sequence for multidimensional indexing is deprecated and will be changed in pytorch 2.9; use x[tuple(seq)] instead of x[seq]. In pytorch 2.9 this will be interpreted as tensor index, x[torch.tensor(seq)], which will result either in an error or a different result (Triggered internally at /pytorch/torch/csrc/autograd/python_variable_indexing.cpp:306.)
  x = x[pos_axes_slices]
    verdict=UNSAT  wall=79.0s
[run_cell   46/  60 t= 3733s] idx=45   budget=900s (shell timeout=960s)
[linearizenn_2024] running only instance idx=45; appending to /home/sasakis/v/tools/n2v/examples/FlowConformal/experiments/exp1_vnncomp_subset/outputs/exp1_linearizenn_2024_ours.csv
[linearizenn_2024 1/1 t=0s budget=900s] onnx/AllInOne_120_30.onnx + vnnlib/prop_120_30_2.vnnlib
/home/sasakis/v/tools/n2v/third_party/onnx2torch/onnx2torch/node_converters/slice.py:67: UserWarning: Using a non-tuple sequence for multidimensional indexing is deprecated and will be changed in pytorch 2.9; use x[tuple(seq)] instead of x[seq]. In pytorch 2.9 this will be interpreted as tensor index, x[torch.tensor(seq)], which will result either in an error or a different result (Triggered internally at /pytorch/torch/csrc/autograd/python_variable_indexing.cpp:306.)
  x = x[pos_axes_slices]
    verdict=UNSAT  wall=80.7s
[run_cell   47/  60 t= 3819s] idx=46   budget=900s (shell timeout=960s)
[linearizenn_2024] running only instance idx=46; appending to /home/sasakis/v/tools/n2v/examples/FlowConformal/experiments/exp1_vnncomp_subset/outputs/exp1_linearizenn_2024_ours.csv
[linearizenn_2024 1/1 t=0s budget=900s] onnx/AllInOne_120_30.onnx + vnnlib/prop_120_30_3.vnnlib
/home/sasakis/v/tools/n2v/third_party/onnx2torch/onnx2torch/node_converters/slice.py:67: UserWarning: Using a non-tuple sequence for multidimensional indexing is deprecated and will be changed in pytorch 2.9; use x[tuple(seq)] instead of x[seq]. In pytorch 2.9 this will be interpreted as tensor index, x[torch.tensor(seq)], which will result either in an error or a different result (Triggered internally at /pytorch/torch/csrc/autograd/python_variable_indexing.cpp:306.)
  x = x[pos_axes_slices]
    verdict=UNSAT  wall=76.4s
[run_cell   48/  60 t= 3900s] idx=47   budget=900s (shell timeout=960s)
[linearizenn_2024] running only instance idx=47; appending to /home/sasakis/v/tools/n2v/examples/FlowConformal/experiments/exp1_vnncomp_subset/outputs/exp1_linearizenn_2024_ours.csv
[linearizenn_2024 1/1 t=0s budget=900s] onnx/AllInOne_120_30.onnx + vnnlib/prop_120_30_4.vnnlib
/home/sasakis/v/tools/n2v/third_party/onnx2torch/onnx2torch/node_converters/slice.py:67: UserWarning: Using a non-tuple sequence for multidimensional indexing is deprecated and will be changed in pytorch 2.9; use x[tuple(seq)] instead of x[seq]. In pytorch 2.9 this will be interpreted as tensor index, x[torch.tensor(seq)], which will result either in an error or a different result (Triggered internally at /pytorch/torch/csrc/autograd/python_variable_indexing.cpp:306.)
  x = x[pos_axes_slices]
    verdict=UNSAT  wall=85.2s
[run_cell   49/  60 t= 3990s] idx=48   budget=900s (shell timeout=960s)
[linearizenn_2024] running only instance idx=48; appending to /home/sasakis/v/tools/n2v/examples/FlowConformal/experiments/exp1_vnncomp_subset/outputs/exp1_linearizenn_2024_ours.csv
[linearizenn_2024 1/1 t=0s budget=900s] onnx/AllInOne_120_50.onnx + vnnlib/prop_120_50.vnnlib
/home/sasakis/v/tools/n2v/third_party/onnx2torch/onnx2torch/node_converters/slice.py:67: UserWarning: Using a non-tuple sequence for multidimensional indexing is deprecated and will be changed in pytorch 2.9; use x[tuple(seq)] instead of x[seq]. In pytorch 2.9 this will be interpreted as tensor index, x[torch.tensor(seq)], which will result either in an error or a different result (Triggered internally at /pytorch/torch/csrc/autograd/python_variable_indexing.cpp:306.)
  x = x[pos_axes_slices]
    verdict=UNSAT  wall=83.8s
[run_cell   50/  60 t= 4079s] idx=49   budget=900s (shell timeout=960s)
[linearizenn_2024] running only instance idx=49; appending to /home/sasakis/v/tools/n2v/examples/FlowConformal/experiments/exp1_vnncomp_subset/outputs/exp1_linearizenn_2024_ours.csv
[linearizenn_2024 1/1 t=0s budget=900s] onnx/AllInOne_120_50.onnx + vnnlib/prop_120_50_0.vnnlib
/home/sasakis/v/tools/n2v/third_party/onnx2torch/onnx2torch/node_converters/slice.py:67: UserWarning: Using a non-tuple sequence for multidimensional indexing is deprecated and will be changed in pytorch 2.9; use x[tuple(seq)] instead of x[seq]. In pytorch 2.9 this will be interpreted as tensor index, x[torch.tensor(seq)], which will result either in an error or a different result (Triggered internally at /pytorch/torch/csrc/autograd/python_variable_indexing.cpp:306.)
  x = x[pos_axes_slices]
    verdict=UNSAT  wall=81.9s
[run_cell   51/  60 t= 4166s] idx=50   budget=900s (shell timeout=960s)
[linearizenn_2024] running only instance idx=50; appending to /home/sasakis/v/tools/n2v/examples/FlowConformal/experiments/exp1_vnncomp_subset/outputs/exp1_linearizenn_2024_ours.csv
[linearizenn_2024 1/1 t=0s budget=900s] onnx/AllInOne_120_50.onnx + vnnlib/prop_120_50_1.vnnlib
/home/sasakis/v/tools/n2v/third_party/onnx2torch/onnx2torch/node_converters/slice.py:67: UserWarning: Using a non-tuple sequence for multidimensional indexing is deprecated and will be changed in pytorch 2.9; use x[tuple(seq)] instead of x[seq]. In pytorch 2.9 this will be interpreted as tensor index, x[torch.tensor(seq)], which will result either in an error or a different result (Triggered internally at /pytorch/torch/csrc/autograd/python_variable_indexing.cpp:306.)
  x = x[pos_axes_slices]
    verdict=UNSAT  wall=80.5s
[run_cell   52/  60 t= 4251s] idx=51   budget=900s (shell timeout=960s)
[linearizenn_2024] running only instance idx=51; appending to /home/sasakis/v/tools/n2v/examples/FlowConformal/experiments/exp1_vnncomp_subset/outputs/exp1_linearizenn_2024_ours.csv
[linearizenn_2024 1/1 t=0s budget=900s] onnx/AllInOne_120_50.onnx + vnnlib/prop_120_50_2.vnnlib
/home/sasakis/v/tools/n2v/third_party/onnx2torch/onnx2torch/node_converters/slice.py:67: UserWarning: Using a non-tuple sequence for multidimensional indexing is deprecated and will be changed in pytorch 2.9; use x[tuple(seq)] instead of x[seq]. In pytorch 2.9 this will be interpreted as tensor index, x[torch.tensor(seq)], which will result either in an error or a different result (Triggered internally at /pytorch/torch/csrc/autograd/python_variable_indexing.cpp:306.)
  x = x[pos_axes_slices]
    verdict=UNSAT  wall=79.7s
[run_cell   53/  60 t= 4336s] idx=52   budget=900s (shell timeout=960s)
[linearizenn_2024] running only instance idx=52; appending to /home/sasakis/v/tools/n2v/examples/FlowConformal/experiments/exp1_vnncomp_subset/outputs/exp1_linearizenn_2024_ours.csv
[linearizenn_2024 1/1 t=0s budget=900s] onnx/AllInOne_120_50.onnx + vnnlib/prop_120_50_3.vnnlib
/home/sasakis/v/tools/n2v/third_party/onnx2torch/onnx2torch/node_converters/slice.py:67: UserWarning: Using a non-tuple sequence for multidimensional indexing is deprecated and will be changed in pytorch 2.9; use x[tuple(seq)] instead of x[seq]. In pytorch 2.9 this will be interpreted as tensor index, x[torch.tensor(seq)], which will result either in an error or a different result (Triggered internally at /pytorch/torch/csrc/autograd/python_variable_indexing.cpp:306.)
  x = x[pos_axes_slices]
    verdict=UNSAT  wall=81.7s
[run_cell   54/  60 t= 4422s] idx=53   budget=900s (shell timeout=960s)
[linearizenn_2024] running only instance idx=53; appending to /home/sasakis/v/tools/n2v/examples/FlowConformal/experiments/exp1_vnncomp_subset/outputs/exp1_linearizenn_2024_ours.csv
[linearizenn_2024 1/1 t=0s budget=900s] onnx/AllInOne_120_50.onnx + vnnlib/prop_120_50_4.vnnlib
/home/sasakis/v/tools/n2v/third_party/onnx2torch/onnx2torch/node_converters/slice.py:67: UserWarning: Using a non-tuple sequence for multidimensional indexing is deprecated and will be changed in pytorch 2.9; use x[tuple(seq)] instead of x[seq]. In pytorch 2.9 this will be interpreted as tensor index, x[torch.tensor(seq)], which will result either in an error or a different result (Triggered internally at /pytorch/torch/csrc/autograd/python_variable_indexing.cpp:306.)
  x = x[pos_axes_slices]
    verdict=UNSAT  wall=76.3s
[run_cell   55/  60 t= 4504s] idx=54   budget=900s (shell timeout=960s)
[linearizenn_2024] running only instance idx=54; appending to /home/sasakis/v/tools/n2v/examples/FlowConformal/experiments/exp1_vnncomp_subset/outputs/exp1_linearizenn_2024_ours.csv
[linearizenn_2024 1/1 t=0s budget=900s] onnx/AllInOne_120_120.onnx + vnnlib/prop_120_120.vnnlib
/home/sasakis/v/tools/n2v/third_party/onnx2torch/onnx2torch/node_converters/slice.py:67: UserWarning: Using a non-tuple sequence for multidimensional indexing is deprecated and will be changed in pytorch 2.9; use x[tuple(seq)] instead of x[seq]. In pytorch 2.9 this will be interpreted as tensor index, x[torch.tensor(seq)], which will result either in an error or a different result (Triggered internally at /pytorch/torch/csrc/autograd/python_variable_indexing.cpp:306.)
  x = x[pos_axes_slices]
    verdict=UNKNOWN  wall=77.1s
[run_cell   56/  60 t= 4586s] idx=55   budget=900s (shell timeout=960s)
[linearizenn_2024] running only instance idx=55; appending to /home/sasakis/v/tools/n2v/examples/FlowConformal/experiments/exp1_vnncomp_subset/outputs/exp1_linearizenn_2024_ours.csv
[linearizenn_2024 1/1 t=0s budget=900s] onnx/AllInOne_120_120.onnx + vnnlib/prop_120_120_0.vnnlib
/home/sasakis/v/tools/n2v/third_party/onnx2torch/onnx2torch/node_converters/slice.py:67: UserWarning: Using a non-tuple sequence for multidimensional indexing is deprecated and will be changed in pytorch 2.9; use x[tuple(seq)] instead of x[seq]. In pytorch 2.9 this will be interpreted as tensor index, x[torch.tensor(seq)], which will result either in an error or a different result (Triggered internally at /pytorch/torch/csrc/autograd/python_variable_indexing.cpp:306.)
  x = x[pos_axes_slices]
    verdict=UNSAT  wall=81.1s
[run_cell   57/  60 t= 4672s] idx=56   budget=900s (shell timeout=960s)
[linearizenn_2024] running only instance idx=56; appending to /home/sasakis/v/tools/n2v/examples/FlowConformal/experiments/exp1_vnncomp_subset/outputs/exp1_linearizenn_2024_ours.csv
[linearizenn_2024 1/1 t=0s budget=900s] onnx/AllInOne_120_120.onnx + vnnlib/prop_120_120_1.vnnlib
/home/sasakis/v/tools/n2v/third_party/onnx2torch/onnx2torch/node_converters/slice.py:67: UserWarning: Using a non-tuple sequence for multidimensional indexing is deprecated and will be changed in pytorch 2.9; use x[tuple(seq)] instead of x[seq]. In pytorch 2.9 this will be interpreted as tensor index, x[torch.tensor(seq)], which will result either in an error or a different result (Triggered internally at /pytorch/torch/csrc/autograd/python_variable_indexing.cpp:306.)
  x = x[pos_axes_slices]
    verdict=UNSAT  wall=83.5s
[run_cell   58/  60 t= 4760s] idx=57   budget=900s (shell timeout=960s)
[linearizenn_2024] running only instance idx=57; appending to /home/sasakis/v/tools/n2v/examples/FlowConformal/experiments/exp1_vnncomp_subset/outputs/exp1_linearizenn_2024_ours.csv
[linearizenn_2024 1/1 t=0s budget=900s] onnx/AllInOne_120_120.onnx + vnnlib/prop_120_120_2.vnnlib
/home/sasakis/v/tools/n2v/third_party/onnx2torch/onnx2torch/node_converters/slice.py:67: UserWarning: Using a non-tuple sequence for multidimensional indexing is deprecated and will be changed in pytorch 2.9; use x[tuple(seq)] instead of x[seq]. In pytorch 2.9 this will be interpreted as tensor index, x[torch.tensor(seq)], which will result either in an error or a different result (Triggered internally at /pytorch/torch/csrc/autograd/python_variable_indexing.cpp:306.)
  x = x[pos_axes_slices]
    verdict=UNSAT  wall=79.1s
[run_cell   59/  60 t= 4844s] idx=58   budget=900s (shell timeout=960s)
[linearizenn_2024] running only instance idx=58; appending to /home/sasakis/v/tools/n2v/examples/FlowConformal/experiments/exp1_vnncomp_subset/outputs/exp1_linearizenn_2024_ours.csv
[linearizenn_2024 1/1 t=0s budget=900s] onnx/AllInOne_120_120.onnx + vnnlib/prop_120_120_3.vnnlib
/home/sasakis/v/tools/n2v/third_party/onnx2torch/onnx2torch/node_converters/slice.py:67: UserWarning: Using a non-tuple sequence for multidimensional indexing is deprecated and will be changed in pytorch 2.9; use x[tuple(seq)] instead of x[seq]. In pytorch 2.9 this will be interpreted as tensor index, x[torch.tensor(seq)], which will result either in an error or a different result (Triggered internally at /pytorch/torch/csrc/autograd/python_variable_indexing.cpp:306.)
  x = x[pos_axes_slices]
    verdict=UNSAT  wall=77.3s
[run_cell   60/  60 t= 4927s] idx=59   budget=900s (shell timeout=960s)
[linearizenn_2024] running only instance idx=59; appending to /home/sasakis/v/tools/n2v/examples/FlowConformal/experiments/exp1_vnncomp_subset/outputs/exp1_linearizenn_2024_ours.csv
[linearizenn_2024 1/1 t=0s budget=900s] onnx/AllInOne_120_120.onnx + vnnlib/prop_120_120_4.vnnlib
/home/sasakis/v/tools/n2v/third_party/onnx2torch/onnx2torch/node_converters/slice.py:67: UserWarning: Using a non-tuple sequence for multidimensional indexing is deprecated and will be changed in pytorch 2.9; use x[tuple(seq)] instead of x[seq]. In pytorch 2.9 this will be interpreted as tensor index, x[torch.tensor(seq)], which will result either in an error or a different result (Triggered internally at /pytorch/torch/csrc/autograd/python_variable_indexing.cpp:306.)
  x = x[pos_axes_slices]
    verdict=UNKNOWN  wall=77.0s
[run_cell] complete. shell-killed timeouts and exits noted above; CSV row counts in the output file.

[2026-05-02T07:18:54-05:00] === END:   exp1_linearizenn_2024_ours (rc=0) ===
