[2026-05-02T02:10:28-05:00] === START: exp1_dist_shift_2023_ours ===
[run_cell] exp1_vnncomp_subset.exp1_run_ours --benchmark dist_shift_2023: 72 instances
[run_cell    1/  72 t=    0s] idx=0    budget=300s (shell timeout=360s)
[dist_shift_2023] running only instance idx=0; appending to /home/sasakis/v/tools/n2v/examples/FlowConformal/experiments/exp1_vnncomp_subset/outputs/exp1_dist_shift_2023_ours.csv
[dist_shift_2023 1/1 t=0s budget=300s] ./onnx/mnist_concat.onnx + ./vnnlib/index7901_delta0.13.vnnlib
    verdict=UNSAT  wall=66.5s
[run_cell    2/  72 t=   71s] idx=1    budget=300s (shell timeout=360s)
[dist_shift_2023] running only instance idx=1; appending to /home/sasakis/v/tools/n2v/examples/FlowConformal/experiments/exp1_vnncomp_subset/outputs/exp1_dist_shift_2023_ours.csv
[dist_shift_2023 1/1 t=0s budget=300s] ./onnx/mnist_concat.onnx + ./vnnlib/index6323_delta0.13.vnnlib
    verdict=UNSAT  wall=65.2s
[run_cell    3/  72 t=  142s] idx=2    budget=300s (shell timeout=360s)
[dist_shift_2023] running only instance idx=2; appending to /home/sasakis/v/tools/n2v/examples/FlowConformal/experiments/exp1_vnncomp_subset/outputs/exp1_dist_shift_2023_ours.csv
[dist_shift_2023 1/1 t=0s budget=300s] ./onnx/mnist_concat.onnx + ./vnnlib/index7027_delta0.13.vnnlib
    verdict=UNSAT  wall=71.1s
[run_cell    4/  72 t=  218s] idx=3    budget=300s (shell timeout=360s)
[dist_shift_2023] running only instance idx=3; appending to /home/sasakis/v/tools/n2v/examples/FlowConformal/experiments/exp1_vnncomp_subset/outputs/exp1_dist_shift_2023_ours.csv
[dist_shift_2023 1/1 t=0s budget=300s] ./onnx/mnist_concat.onnx + ./vnnlib/index7116_delta0.13.vnnlib
    verdict=UNSAT  wall=65.9s
[run_cell    5/  72 t=  289s] idx=4    budget=300s (shell timeout=360s)
[dist_shift_2023] running only instance idx=4; appending to /home/sasakis/v/tools/n2v/examples/FlowConformal/experiments/exp1_vnncomp_subset/outputs/exp1_dist_shift_2023_ours.csv
[dist_shift_2023 1/1 t=0s budget=300s] ./onnx/mnist_concat.onnx + ./vnnlib/index1373_delta0.13.vnnlib
    verdict=UNSAT  wall=66.1s
[run_cell    6/  72 t=  361s] idx=5    budget=300s (shell timeout=360s)
[dist_shift_2023] running only instance idx=5; appending to /home/sasakis/v/tools/n2v/examples/FlowConformal/experiments/exp1_vnncomp_subset/outputs/exp1_dist_shift_2023_ours.csv
[dist_shift_2023 1/1 t=0s budget=300s] ./onnx/mnist_concat.onnx + ./vnnlib/index6957_delta0.13.vnnlib
    verdict=UNSAT  wall=71.1s
[run_cell    7/  72 t=  437s] idx=6    budget=300s (shell timeout=360s)
[dist_shift_2023] running only instance idx=6; appending to /home/sasakis/v/tools/n2v/examples/FlowConformal/experiments/exp1_vnncomp_subset/outputs/exp1_dist_shift_2023_ours.csv
[dist_shift_2023 1/1 t=0s budget=300s] ./onnx/mnist_concat.onnx + ./vnnlib/index365_delta0.13.vnnlib
    verdict=UNSAT  wall=70.7s
[run_cell    8/  72 t=  513s] idx=7    budget=300s (shell timeout=360s)
[dist_shift_2023] running only instance idx=7; appending to /home/sasakis/v/tools/n2v/examples/FlowConformal/experiments/exp1_vnncomp_subset/outputs/exp1_dist_shift_2023_ours.csv
[dist_shift_2023 1/1 t=0s budget=300s] ./onnx/mnist_concat.onnx + ./vnnlib/index8900_delta0.13.vnnlib
    verdict=UNSAT  wall=66.0s
[run_cell    9/  72 t=  585s] idx=8    budget=300s (shell timeout=360s)
[dist_shift_2023] running only instance idx=8; appending to /home/sasakis/v/tools/n2v/examples/FlowConformal/experiments/exp1_vnncomp_subset/outputs/exp1_dist_shift_2023_ours.csv
[dist_shift_2023 1/1 t=0s budget=300s] ./onnx/mnist_concat.onnx + ./vnnlib/index9733_delta0.13.vnnlib
    verdict=UNSAT  wall=70.7s
[run_cell   10/  72 t=  661s] idx=9    budget=300s (shell timeout=360s)
[dist_shift_2023] running only instance idx=9; appending to /home/sasakis/v/tools/n2v/examples/FlowConformal/experiments/exp1_vnncomp_subset/outputs/exp1_dist_shift_2023_ours.csv
[dist_shift_2023 1/1 t=0s budget=300s] ./onnx/mnist_concat.onnx + ./vnnlib/index9154_delta0.13.vnnlib
    verdict=UNSAT  wall=70.0s
[run_cell   11/  72 t=  736s] idx=10   budget=300s (shell timeout=360s)
[dist_shift_2023] running only instance idx=10; appending to /home/sasakis/v/tools/n2v/examples/FlowConformal/experiments/exp1_vnncomp_subset/outputs/exp1_dist_shift_2023_ours.csv
[dist_shift_2023 1/1 t=0s budget=300s] ./onnx/mnist_concat.onnx + ./vnnlib/index5938_delta0.13.vnnlib
    verdict=UNSAT  wall=66.3s
[run_cell   12/  72 t=  808s] idx=11   budget=300s (shell timeout=360s)
[dist_shift_2023] running only instance idx=11; appending to /home/sasakis/v/tools/n2v/examples/FlowConformal/experiments/exp1_vnncomp_subset/outputs/exp1_dist_shift_2023_ours.csv
[dist_shift_2023 1/1 t=0s budget=300s] ./onnx/mnist_concat.onnx + ./vnnlib/index8964_delta0.13.vnnlib
    verdict=UNSAT  wall=65.6s
[run_cell   13/  72 t=  879s] idx=12   budget=300s (shell timeout=360s)
[dist_shift_2023] running only instance idx=12; appending to /home/sasakis/v/tools/n2v/examples/FlowConformal/experiments/exp1_vnncomp_subset/outputs/exp1_dist_shift_2023_ours.csv
[dist_shift_2023 1/1 t=0s budget=300s] ./onnx/mnist_concat.onnx + ./vnnlib/index4665_delta0.13.vnnlib
    verdict=UNSAT  wall=70.4s
[run_cell   14/  72 t=  955s] idx=13   budget=300s (shell timeout=360s)
[dist_shift_2023] running only instance idx=13; appending to /home/sasakis/v/tools/n2v/examples/FlowConformal/experiments/exp1_vnncomp_subset/outputs/exp1_dist_shift_2023_ours.csv
[dist_shift_2023 1/1 t=0s budget=300s] ./onnx/mnist_concat.onnx + ./vnnlib/index2204_delta0.13.vnnlib
    verdict=UNSAT  wall=66.3s
[run_cell   15/  72 t= 1026s] idx=14   budget=300s (shell timeout=360s)
[dist_shift_2023] running only instance idx=14; appending to /home/sasakis/v/tools/n2v/examples/FlowConformal/experiments/exp1_vnncomp_subset/outputs/exp1_dist_shift_2023_ours.csv
[dist_shift_2023 1/1 t=0s budget=300s] ./onnx/mnist_concat.onnx + ./vnnlib/index6405_delta0.13.vnnlib
    verdict=UNSAT  wall=66.1s
[run_cell   16/  72 t= 1097s] idx=15   budget=300s (shell timeout=360s)
[dist_shift_2023] running only instance idx=15; appending to /home/sasakis/v/tools/n2v/examples/FlowConformal/experiments/exp1_vnncomp_subset/outputs/exp1_dist_shift_2023_ours.csv
[dist_shift_2023 1/1 t=0s budget=300s] ./onnx/mnist_concat.onnx + ./vnnlib/index4739_delta0.13.vnnlib
    verdict=SAT  wall=3.0s
[run_cell   17/  72 t= 1105s] idx=16   budget=300s (shell timeout=360s)
[dist_shift_2023] running only instance idx=16; appending to /home/sasakis/v/tools/n2v/examples/FlowConformal/experiments/exp1_vnncomp_subset/outputs/exp1_dist_shift_2023_ours.csv
[dist_shift_2023 1/1 t=0s budget=300s] ./onnx/mnist_concat.onnx + ./vnnlib/index5291_delta0.13.vnnlib
    verdict=UNKNOWN  wall=66.8s
[run_cell   18/  72 t= 1177s] idx=17   budget=300s (shell timeout=360s)
[dist_shift_2023] running only instance idx=17; appending to /home/sasakis/v/tools/n2v/examples/FlowConformal/experiments/exp1_vnncomp_subset/outputs/exp1_dist_shift_2023_ours.csv
[dist_shift_2023 1/1 t=0s budget=300s] ./onnx/mnist_concat.onnx + ./vnnlib/index5206_delta0.13.vnnlib
    verdict=UNSAT  wall=68.4s
[run_cell   19/  72 t= 1251s] idx=18   budget=300s (shell timeout=360s)
[dist_shift_2023] running only instance idx=18; appending to /home/sasakis/v/tools/n2v/examples/FlowConformal/experiments/exp1_vnncomp_subset/outputs/exp1_dist_shift_2023_ours.csv
[dist_shift_2023 1/1 t=0s budget=300s] ./onnx/mnist_concat.onnx + ./vnnlib/index7329_delta0.13.vnnlib
    verdict=UNSAT  wall=69.8s
[run_cell   20/  72 t= 1326s] idx=19   budget=300s (shell timeout=360s)
[dist_shift_2023] running only instance idx=19; appending to /home/sasakis/v/tools/n2v/examples/FlowConformal/experiments/exp1_vnncomp_subset/outputs/exp1_dist_shift_2023_ours.csv
[dist_shift_2023 1/1 t=0s budget=300s] ./onnx/mnist_concat.onnx + ./vnnlib/index292_delta0.13.vnnlib
    verdict=UNSAT  wall=73.4s
[run_cell   21/  72 t= 1404s] idx=20   budget=300s (shell timeout=360s)
[dist_shift_2023] running only instance idx=20; appending to /home/sasakis/v/tools/n2v/examples/FlowConformal/experiments/exp1_vnncomp_subset/outputs/exp1_dist_shift_2023_ours.csv
[dist_shift_2023 1/1 t=0s budget=300s] ./onnx/mnist_concat.onnx + ./vnnlib/index1282_delta0.13.vnnlib
    verdict=SAT  wall=3.0s
[run_cell   22/  72 t= 1412s] idx=21   budget=300s (shell timeout=360s)
[dist_shift_2023] running only instance idx=21; appending to /home/sasakis/v/tools/n2v/examples/FlowConformal/experiments/exp1_vnncomp_subset/outputs/exp1_dist_shift_2023_ours.csv
[dist_shift_2023 1/1 t=0s budget=300s] ./onnx/mnist_concat.onnx + ./vnnlib/index2251_delta0.13.vnnlib
    verdict=UNSAT  wall=70.4s
[run_cell   23/  72 t= 1488s] idx=22   budget=300s (shell timeout=360s)
[dist_shift_2023] running only instance idx=22; appending to /home/sasakis/v/tools/n2v/examples/FlowConformal/experiments/exp1_vnncomp_subset/outputs/exp1_dist_shift_2023_ours.csv
[dist_shift_2023 1/1 t=0s budget=300s] ./onnx/mnist_concat.onnx + ./vnnlib/index1921_delta0.13.vnnlib
    verdict=UNSAT  wall=67.7s
[run_cell   24/  72 t= 1561s] idx=23   budget=300s (shell timeout=360s)
[dist_shift_2023] running only instance idx=23; appending to /home/sasakis/v/tools/n2v/examples/FlowConformal/experiments/exp1_vnncomp_subset/outputs/exp1_dist_shift_2023_ours.csv
[dist_shift_2023 1/1 t=0s budget=300s] ./onnx/mnist_concat.onnx + ./vnnlib/index1285_delta0.13.vnnlib
    verdict=SAT  wall=3.8s
[run_cell   25/  72 t= 1569s] idx=24   budget=300s (shell timeout=360s)
[dist_shift_2023] running only instance idx=24; appending to /home/sasakis/v/tools/n2v/examples/FlowConformal/experiments/exp1_vnncomp_subset/outputs/exp1_dist_shift_2023_ours.csv
[dist_shift_2023 1/1 t=0s budget=300s] ./onnx/mnist_concat.onnx + ./vnnlib/index9211_delta0.13.vnnlib
    verdict=SAT  wall=2.9s
[run_cell   26/  72 t= 1577s] idx=25   budget=300s (shell timeout=360s)
[dist_shift_2023] running only instance idx=25; appending to /home/sasakis/v/tools/n2v/examples/FlowConformal/experiments/exp1_vnncomp_subset/outputs/exp1_dist_shift_2023_ours.csv
[dist_shift_2023 1/1 t=0s budget=300s] ./onnx/mnist_concat.onnx + ./vnnlib/index1159_delta0.13.vnnlib
    verdict=UNSAT  wall=68.1s
[run_cell   27/  72 t= 1650s] idx=26   budget=300s (shell timeout=360s)
[dist_shift_2023] running only instance idx=26; appending to /home/sasakis/v/tools/n2v/examples/FlowConformal/experiments/exp1_vnncomp_subset/outputs/exp1_dist_shift_2023_ours.csv
[dist_shift_2023 1/1 t=0s budget=300s] ./onnx/mnist_concat.onnx + ./vnnlib/index4901_delta0.13.vnnlib
    verdict=UNSAT  wall=66.2s
[run_cell   28/  72 t= 1721s] idx=27   budget=300s (shell timeout=360s)
[dist_shift_2023] running only instance idx=27; appending to /home/sasakis/v/tools/n2v/examples/FlowConformal/experiments/exp1_vnncomp_subset/outputs/exp1_dist_shift_2023_ours.csv
[dist_shift_2023 1/1 t=0s budget=300s] ./onnx/mnist_concat.onnx + ./vnnlib/index1662_delta0.13.vnnlib
    verdict=UNSAT  wall=66.2s
[run_cell   29/  72 t= 1793s] idx=28   budget=300s (shell timeout=360s)
[dist_shift_2023] running only instance idx=28; appending to /home/sasakis/v/tools/n2v/examples/FlowConformal/experiments/exp1_vnncomp_subset/outputs/exp1_dist_shift_2023_ours.csv
[dist_shift_2023 1/1 t=0s budget=300s] ./onnx/mnist_concat.onnx + ./vnnlib/index7606_delta0.13.vnnlib
    verdict=UNSAT  wall=67.8s
[run_cell   30/  72 t= 1866s] idx=29   budget=300s (shell timeout=360s)
[dist_shift_2023] running only instance idx=29; appending to /home/sasakis/v/tools/n2v/examples/FlowConformal/experiments/exp1_vnncomp_subset/outputs/exp1_dist_shift_2023_ours.csv
[dist_shift_2023 1/1 t=0s budget=300s] ./onnx/mnist_concat.onnx + ./vnnlib/index1537_delta0.13.vnnlib
    verdict=UNSAT  wall=70.4s
[run_cell   31/  72 t= 1942s] idx=30   budget=300s (shell timeout=360s)
[dist_shift_2023] running only instance idx=30; appending to /home/sasakis/v/tools/n2v/examples/FlowConformal/experiments/exp1_vnncomp_subset/outputs/exp1_dist_shift_2023_ours.csv
[dist_shift_2023 1/1 t=0s budget=300s] ./onnx/mnist_concat.onnx + ./vnnlib/index3863_delta0.13.vnnlib
    verdict=UNSAT  wall=71.2s
[run_cell   32/  72 t= 2018s] idx=31   budget=300s (shell timeout=360s)
[dist_shift_2023] running only instance idx=31; appending to /home/sasakis/v/tools/n2v/examples/FlowConformal/experiments/exp1_vnncomp_subset/outputs/exp1_dist_shift_2023_ours.csv
[dist_shift_2023 1/1 t=0s budget=300s] ./onnx/mnist_concat.onnx + ./vnnlib/index6792_delta0.13.vnnlib
    verdict=UNSAT  wall=66.7s
[run_cell   33/  72 t= 2090s] idx=32   budget=300s (shell timeout=360s)
[dist_shift_2023] running only instance idx=32; appending to /home/sasakis/v/tools/n2v/examples/FlowConformal/experiments/exp1_vnncomp_subset/outputs/exp1_dist_shift_2023_ours.csv
[dist_shift_2023 1/1 t=0s budget=300s] ./onnx/mnist_concat.onnx + ./vnnlib/index2481_delta0.13.vnnlib
    verdict=UNSAT  wall=66.1s
[run_cell   34/  72 t= 2162s] idx=33   budget=300s (shell timeout=360s)
[dist_shift_2023] running only instance idx=33; appending to /home/sasakis/v/tools/n2v/examples/FlowConformal/experiments/exp1_vnncomp_subset/outputs/exp1_dist_shift_2023_ours.csv
[dist_shift_2023 1/1 t=0s budget=300s] ./onnx/mnist_concat.onnx + ./vnnlib/index9027_delta0.13.vnnlib
    verdict=UNSAT  wall=65.8s
[run_cell   35/  72 t= 2233s] idx=34   budget=300s (shell timeout=360s)
[dist_shift_2023] running only instance idx=34; appending to /home/sasakis/v/tools/n2v/examples/FlowConformal/experiments/exp1_vnncomp_subset/outputs/exp1_dist_shift_2023_ours.csv
[dist_shift_2023 1/1 t=0s budget=300s] ./onnx/mnist_concat.onnx + ./vnnlib/index6136_delta0.13.vnnlib
    verdict=UNSAT  wall=70.5s
[run_cell   36/  72 t= 2309s] idx=35   budget=300s (shell timeout=360s)
[dist_shift_2023] running only instance idx=35; appending to /home/sasakis/v/tools/n2v/examples/FlowConformal/experiments/exp1_vnncomp_subset/outputs/exp1_dist_shift_2023_ours.csv
[dist_shift_2023 1/1 t=0s budget=300s] ./onnx/mnist_concat.onnx + ./vnnlib/index4799_delta0.13.vnnlib
    verdict=UNSAT  wall=64.8s
[run_cell   37/  72 t= 2379s] idx=36   budget=300s (shell timeout=360s)
[dist_shift_2023] running only instance idx=36; appending to /home/sasakis/v/tools/n2v/examples/FlowConformal/experiments/exp1_vnncomp_subset/outputs/exp1_dist_shift_2023_ours.csv
[dist_shift_2023 1/1 t=0s budget=300s] ./onnx/mnist_concat.onnx + ./vnnlib/index3444_delta0.13.vnnlib
    verdict=UNSAT  wall=66.9s
[run_cell   38/  72 t= 2451s] idx=37   budget=300s (shell timeout=360s)
[dist_shift_2023] running only instance idx=37; appending to /home/sasakis/v/tools/n2v/examples/FlowConformal/experiments/exp1_vnncomp_subset/outputs/exp1_dist_shift_2023_ours.csv
[dist_shift_2023 1/1 t=0s budget=300s] ./onnx/mnist_concat.onnx + ./vnnlib/index5328_delta0.13.vnnlib
    verdict=UNSAT  wall=67.9s
[run_cell   39/  72 t= 2524s] idx=38   budget=300s (shell timeout=360s)
[dist_shift_2023] running only instance idx=38; appending to /home/sasakis/v/tools/n2v/examples/FlowConformal/experiments/exp1_vnncomp_subset/outputs/exp1_dist_shift_2023_ours.csv
[dist_shift_2023 1/1 t=0s budget=300s] ./onnx/mnist_concat.onnx + ./vnnlib/index1031_delta0.13.vnnlib
    verdict=UNSAT  wall=70.9s
[run_cell   40/  72 t= 2600s] idx=39   budget=300s (shell timeout=360s)
[dist_shift_2023] running only instance idx=39; appending to /home/sasakis/v/tools/n2v/examples/FlowConformal/experiments/exp1_vnncomp_subset/outputs/exp1_dist_shift_2023_ours.csv
[dist_shift_2023 1/1 t=0s budget=300s] ./onnx/mnist_concat.onnx + ./vnnlib/index3401_delta0.13.vnnlib
    verdict=UNSAT  wall=70.1s
[run_cell   41/  72 t= 2676s] idx=40   budget=300s (shell timeout=360s)
[dist_shift_2023] running only instance idx=40; appending to /home/sasakis/v/tools/n2v/examples/FlowConformal/experiments/exp1_vnncomp_subset/outputs/exp1_dist_shift_2023_ours.csv
[dist_shift_2023 1/1 t=0s budget=300s] ./onnx/mnist_concat.onnx + ./vnnlib/index9101_delta0.13.vnnlib
    verdict=UNSAT  wall=72.6s
[run_cell   42/  72 t= 2754s] idx=41   budget=300s (shell timeout=360s)
[dist_shift_2023] running only instance idx=41; appending to /home/sasakis/v/tools/n2v/examples/FlowConformal/experiments/exp1_vnncomp_subset/outputs/exp1_dist_shift_2023_ours.csv
[dist_shift_2023 1/1 t=0s budget=300s] ./onnx/mnist_concat.onnx + ./vnnlib/index7109_delta0.13.vnnlib
    verdict=UNSAT  wall=67.0s
[run_cell   43/  72 t= 2826s] idx=42   budget=300s (shell timeout=360s)
[dist_shift_2023] running only instance idx=42; appending to /home/sasakis/v/tools/n2v/examples/FlowConformal/experiments/exp1_vnncomp_subset/outputs/exp1_dist_shift_2023_ours.csv
[dist_shift_2023 1/1 t=0s budget=300s] ./onnx/mnist_concat.onnx + ./vnnlib/index4312_delta0.13.vnnlib
    verdict=SAT  wall=2.9s
[run_cell   44/  72 t= 2834s] idx=43   budget=300s (shell timeout=360s)
[dist_shift_2023] running only instance idx=43; appending to /home/sasakis/v/tools/n2v/examples/FlowConformal/experiments/exp1_vnncomp_subset/outputs/exp1_dist_shift_2023_ours.csv
[dist_shift_2023 1/1 t=0s budget=300s] ./onnx/mnist_concat.onnx + ./vnnlib/index9203_delta0.13.vnnlib
    verdict=UNSAT  wall=65.8s
[run_cell   45/  72 t= 2905s] idx=44   budget=300s (shell timeout=360s)
[dist_shift_2023] running only instance idx=44; appending to /home/sasakis/v/tools/n2v/examples/FlowConformal/experiments/exp1_vnncomp_subset/outputs/exp1_dist_shift_2023_ours.csv
[dist_shift_2023 1/1 t=0s budget=300s] ./onnx/mnist_concat.onnx + ./vnnlib/index1929_delta0.13.vnnlib
    verdict=UNSAT  wall=67.6s
[run_cell   46/  72 t= 2978s] idx=45   budget=300s (shell timeout=360s)
[dist_shift_2023] running only instance idx=45; appending to /home/sasakis/v/tools/n2v/examples/FlowConformal/experiments/exp1_vnncomp_subset/outputs/exp1_dist_shift_2023_ours.csv
[dist_shift_2023 1/1 t=0s budget=300s] ./onnx/mnist_concat.onnx + ./vnnlib/index6217_delta0.13.vnnlib
    verdict=UNSAT  wall=66.4s
[run_cell   47/  72 t= 3050s] idx=46   budget=300s (shell timeout=360s)
[dist_shift_2023] running only instance idx=46; appending to /home/sasakis/v/tools/n2v/examples/FlowConformal/experiments/exp1_vnncomp_subset/outputs/exp1_dist_shift_2023_ours.csv
[dist_shift_2023 1/1 t=0s budget=300s] ./onnx/mnist_concat.onnx + ./vnnlib/index4272_delta0.13.vnnlib
    verdict=SAT  wall=2.9s
[run_cell   48/  72 t= 3057s] idx=47   budget=300s (shell timeout=360s)
[dist_shift_2023] running only instance idx=47; appending to /home/sasakis/v/tools/n2v/examples/FlowConformal/experiments/exp1_vnncomp_subset/outputs/exp1_dist_shift_2023_ours.csv
[dist_shift_2023 1/1 t=0s budget=300s] ./onnx/mnist_concat.onnx + ./vnnlib/index316_delta0.13.vnnlib
    verdict=UNSAT  wall=65.2s
[run_cell   49/  72 t= 3128s] idx=48   budget=300s (shell timeout=360s)
[dist_shift_2023] running only instance idx=48; appending to /home/sasakis/v/tools/n2v/examples/FlowConformal/experiments/exp1_vnncomp_subset/outputs/exp1_dist_shift_2023_ours.csv
[dist_shift_2023 1/1 t=0s budget=300s] ./onnx/mnist_concat.onnx + ./vnnlib/index2750_delta0.13.vnnlib
    verdict=UNKNOWN  wall=60.4s
[run_cell   50/  72 t= 3193s] idx=49   budget=300s (shell timeout=360s)
[dist_shift_2023] running only instance idx=49; appending to /home/sasakis/v/tools/n2v/examples/FlowConformal/experiments/exp1_vnncomp_subset/outputs/exp1_dist_shift_2023_ours.csv
[dist_shift_2023 1/1 t=0s budget=300s] ./onnx/mnist_concat.onnx + ./vnnlib/index7336_delta0.13.vnnlib
    verdict=UNSAT  wall=68.5s
[run_cell   51/  72 t= 3267s] idx=50   budget=300s (shell timeout=360s)
[dist_shift_2023] running only instance idx=50; appending to /home/sasakis/v/tools/n2v/examples/FlowConformal/experiments/exp1_vnncomp_subset/outputs/exp1_dist_shift_2023_ours.csv
[dist_shift_2023 1/1 t=0s budget=300s] ./onnx/mnist_concat.onnx + ./vnnlib/index1453_delta0.13.vnnlib
    verdict=UNSAT  wall=67.2s
[run_cell   52/  72 t= 3340s] idx=51   budget=300s (shell timeout=360s)
[dist_shift_2023] running only instance idx=51; appending to /home/sasakis/v/tools/n2v/examples/FlowConformal/experiments/exp1_vnncomp_subset/outputs/exp1_dist_shift_2023_ours.csv
[dist_shift_2023 1/1 t=0s budget=300s] ./onnx/mnist_concat.onnx + ./vnnlib/index112_delta0.13.vnnlib
    verdict=UNSAT  wall=70.9s
[run_cell   53/  72 t= 3416s] idx=52   budget=300s (shell timeout=360s)
[dist_shift_2023] running only instance idx=52; appending to /home/sasakis/v/tools/n2v/examples/FlowConformal/experiments/exp1_vnncomp_subset/outputs/exp1_dist_shift_2023_ours.csv
[dist_shift_2023 1/1 t=0s budget=300s] ./onnx/mnist_concat.onnx + ./vnnlib/index6936_delta0.13.vnnlib
    verdict=UNSAT  wall=66.7s
[run_cell   54/  72 t= 3488s] idx=53   budget=300s (shell timeout=360s)
[dist_shift_2023] running only instance idx=53; appending to /home/sasakis/v/tools/n2v/examples/FlowConformal/experiments/exp1_vnncomp_subset/outputs/exp1_dist_shift_2023_ours.csv
[dist_shift_2023 1/1 t=0s budget=300s] ./onnx/mnist_concat.onnx + ./vnnlib/index6574_delta0.13.vnnlib
    verdict=UNSAT  wall=69.9s
[run_cell   55/  72 t= 3563s] idx=54   budget=300s (shell timeout=360s)
[dist_shift_2023] running only instance idx=54; appending to /home/sasakis/v/tools/n2v/examples/FlowConformal/experiments/exp1_vnncomp_subset/outputs/exp1_dist_shift_2023_ours.csv
[dist_shift_2023 1/1 t=0s budget=300s] ./onnx/mnist_concat.onnx + ./vnnlib/index7281_delta0.13.vnnlib
    verdict=UNSAT  wall=71.9s
[run_cell   56/  72 t= 3640s] idx=55   budget=300s (shell timeout=360s)
[dist_shift_2023] running only instance idx=55; appending to /home/sasakis/v/tools/n2v/examples/FlowConformal/experiments/exp1_vnncomp_subset/outputs/exp1_dist_shift_2023_ours.csv
[dist_shift_2023 1/1 t=0s budget=300s] ./onnx/mnist_concat.onnx + ./vnnlib/index6551_delta0.13.vnnlib
    verdict=UNSAT  wall=70.8s
[run_cell   57/  72 t= 3716s] idx=56   budget=300s (shell timeout=360s)
[dist_shift_2023] running only instance idx=56; appending to /home/sasakis/v/tools/n2v/examples/FlowConformal/experiments/exp1_vnncomp_subset/outputs/exp1_dist_shift_2023_ours.csv
[dist_shift_2023 1/1 t=0s budget=300s] ./onnx/mnist_concat.onnx + ./vnnlib/index6412_delta0.13.vnnlib
    verdict=UNSAT  wall=66.5s
[run_cell   58/  72 t= 3788s] idx=57   budget=300s (shell timeout=360s)
[dist_shift_2023] running only instance idx=57; appending to /home/sasakis/v/tools/n2v/examples/FlowConformal/experiments/exp1_vnncomp_subset/outputs/exp1_dist_shift_2023_ours.csv
[dist_shift_2023 1/1 t=0s budget=300s] ./onnx/mnist_concat.onnx + ./vnnlib/index3552_delta0.13.vnnlib
    verdict=UNSAT  wall=66.1s
[run_cell   59/  72 t= 3859s] idx=58   budget=300s (shell timeout=360s)
[dist_shift_2023] running only instance idx=58; appending to /home/sasakis/v/tools/n2v/examples/FlowConformal/experiments/exp1_vnncomp_subset/outputs/exp1_dist_shift_2023_ours.csv
[dist_shift_2023 1/1 t=0s budget=300s] ./onnx/mnist_concat.onnx + ./vnnlib/index3805_delta0.13.vnnlib
    verdict=UNSAT  wall=67.0s
[run_cell   60/  72 t= 3932s] idx=59   budget=300s (shell timeout=360s)
[dist_shift_2023] running only instance idx=59; appending to /home/sasakis/v/tools/n2v/examples/FlowConformal/experiments/exp1_vnncomp_subset/outputs/exp1_dist_shift_2023_ours.csv
[dist_shift_2023 1/1 t=0s budget=300s] ./onnx/mnist_concat.onnx + ./vnnlib/index668_delta0.13.vnnlib
    verdict=UNSAT  wall=65.6s
[run_cell   61/  72 t= 4002s] idx=60   budget=300s (shell timeout=360s)
[dist_shift_2023] running only instance idx=60; appending to /home/sasakis/v/tools/n2v/examples/FlowConformal/experiments/exp1_vnncomp_subset/outputs/exp1_dist_shift_2023_ours.csv
[dist_shift_2023 1/1 t=0s budget=300s] ./onnx/mnist_concat.onnx + ./vnnlib/index7175_delta0.13.vnnlib
    verdict=UNSAT  wall=66.5s
[run_cell   62/  72 t= 4074s] idx=61   budget=300s (shell timeout=360s)
[dist_shift_2023] running only instance idx=61; appending to /home/sasakis/v/tools/n2v/examples/FlowConformal/experiments/exp1_vnncomp_subset/outputs/exp1_dist_shift_2023_ours.csv
[dist_shift_2023 1/1 t=0s budget=300s] ./onnx/mnist_concat.onnx + ./vnnlib/index4286_delta0.13.vnnlib
    verdict=UNSAT  wall=70.4s
[run_cell   63/  72 t= 4150s] idx=62   budget=300s (shell timeout=360s)
[dist_shift_2023] running only instance idx=62; appending to /home/sasakis/v/tools/n2v/examples/FlowConformal/experiments/exp1_vnncomp_subset/outputs/exp1_dist_shift_2023_ours.csv
[dist_shift_2023 1/1 t=0s budget=300s] ./onnx/mnist_concat.onnx + ./vnnlib/index5385_delta0.13.vnnlib
    verdict=UNSAT  wall=71.3s
[run_cell   64/  72 t= 4226s] idx=63   budget=300s (shell timeout=360s)
[dist_shift_2023] running only instance idx=63; appending to /home/sasakis/v/tools/n2v/examples/FlowConformal/experiments/exp1_vnncomp_subset/outputs/exp1_dist_shift_2023_ours.csv
[dist_shift_2023 1/1 t=0s budget=300s] ./onnx/mnist_concat.onnx + ./vnnlib/index5391_delta0.13.vnnlib
    verdict=UNSAT  wall=63.9s
[run_cell   65/  72 t= 4295s] idx=64   budget=300s (shell timeout=360s)
[dist_shift_2023] running only instance idx=64; appending to /home/sasakis/v/tools/n2v/examples/FlowConformal/experiments/exp1_vnncomp_subset/outputs/exp1_dist_shift_2023_ours.csv
[dist_shift_2023 1/1 t=0s budget=300s] ./onnx/mnist_concat.onnx + ./vnnlib/index6354_delta0.13.vnnlib
    verdict=UNSAT  wall=67.3s
[run_cell   66/  72 t= 4368s] idx=65   budget=300s (shell timeout=360s)
[dist_shift_2023] running only instance idx=65; appending to /home/sasakis/v/tools/n2v/examples/FlowConformal/experiments/exp1_vnncomp_subset/outputs/exp1_dist_shift_2023_ours.csv
[dist_shift_2023 1/1 t=0s budget=300s] ./onnx/mnist_concat.onnx + ./vnnlib/index5020_delta0.13.vnnlib
    verdict=UNSAT  wall=66.4s
[run_cell   67/  72 t= 4440s] idx=66   budget=300s (shell timeout=360s)
[dist_shift_2023] running only instance idx=66; appending to /home/sasakis/v/tools/n2v/examples/FlowConformal/experiments/exp1_vnncomp_subset/outputs/exp1_dist_shift_2023_ours.csv
[dist_shift_2023 1/1 t=0s budget=300s] ./onnx/mnist_concat.onnx + ./vnnlib/index7106_delta0.13.vnnlib
    verdict=UNSAT  wall=66.1s
[run_cell   68/  72 t= 4511s] idx=67   budget=300s (shell timeout=360s)
[dist_shift_2023] running only instance idx=67; appending to /home/sasakis/v/tools/n2v/examples/FlowConformal/experiments/exp1_vnncomp_subset/outputs/exp1_dist_shift_2023_ours.csv
[dist_shift_2023 1/1 t=0s budget=300s] ./onnx/mnist_concat.onnx + ./vnnlib/index4148_delta0.13.vnnlib
    verdict=UNSAT  wall=65.8s
[run_cell   69/  72 t= 4582s] idx=68   budget=300s (shell timeout=360s)
[dist_shift_2023] running only instance idx=68; appending to /home/sasakis/v/tools/n2v/examples/FlowConformal/experiments/exp1_vnncomp_subset/outputs/exp1_dist_shift_2023_ours.csv
[dist_shift_2023 1/1 t=0s budget=300s] ./onnx/mnist_concat.onnx + ./vnnlib/index6199_delta0.13.vnnlib
    verdict=UNSAT  wall=65.7s
[run_cell   70/  72 t= 4653s] idx=69   budget=300s (shell timeout=360s)
[dist_shift_2023] running only instance idx=69; appending to /home/sasakis/v/tools/n2v/examples/FlowConformal/experiments/exp1_vnncomp_subset/outputs/exp1_dist_shift_2023_ours.csv
[dist_shift_2023 1/1 t=0s budget=300s] ./onnx/mnist_concat.onnx + ./vnnlib/index7534_delta0.13.vnnlib
    verdict=SAT  wall=2.9s
[run_cell   71/  72 t= 4661s] idx=70   budget=300s (shell timeout=360s)
[dist_shift_2023] running only instance idx=70; appending to /home/sasakis/v/tools/n2v/examples/FlowConformal/experiments/exp1_vnncomp_subset/outputs/exp1_dist_shift_2023_ours.csv
[dist_shift_2023 1/1 t=0s budget=300s] ./onnx/mnist_concat.onnx + ./vnnlib/index9021_delta0.13.vnnlib
    verdict=UNSAT  wall=65.3s
[run_cell   72/  72 t= 4731s] idx=71   budget=300s (shell timeout=360s)
[dist_shift_2023] running only instance idx=71; appending to /home/sasakis/v/tools/n2v/examples/FlowConformal/experiments/exp1_vnncomp_subset/outputs/exp1_dist_shift_2023_ours.csv
[dist_shift_2023 1/1 t=0s budget=300s] ./onnx/mnist_concat.onnx + ./vnnlib/index6107_delta0.13.vnnlib
    verdict=UNSAT  wall=69.5s
[run_cell] complete. shell-killed timeouts and exits noted above; CSV row counts in the output file.

[2026-05-02T03:30:38-05:00] === END:   exp1_dist_shift_2023_ours (rc=0) ===
