[2026-05-05T18:59:49-05:00] === START: exp1_metaroom_2023_probstar ===
[run_cell] exp1_vnncomp_subset.exp1_run_probstar --benchmark metaroom_2023: 100 instances (START_IDX=0)
[run_cell    1/ 100 t=    0s] idx=0    budget=210s (shell timeout=270s)
[metaroom_2023] running only idx=0; appending to /home/sasakis/v/tools/n2v/examples/FlowConformal/experiments/exp1_vnncomp_subset/outputs/exp1_metaroom_2023_probstar.csv
[metaroom_2023 1/1 t=0s budget=210s] idx=0 6cnn_tz_35_5_no_custom_OP.onnx+spec_idx_176_eps_0.00001000.vnnlib
    verdict=NOT_APPLICABLE  wall=4.18s

=== Sweep complete ===
Wrote /home/sasakis/v/tools/n2v/examples/FlowConformal/experiments/exp1_vnncomp_subset/outputs/exp1_metaroom_2023_probstar.csv
Total wall-clock: 0.1 min
Counts: {'UNSAT': 0, 'SAT': 0, 'UNKNOWN': 0, 'NOT_APPLICABLE': 1, 'ERROR': 0, 'TIMEOUT': 0}
[run_cell    2/ 100 t=    8s] idx=1    budget=210s (shell timeout=270s)
[metaroom_2023] running only idx=1; appending to /home/sasakis/v/tools/n2v/examples/FlowConformal/experiments/exp1_vnncomp_subset/outputs/exp1_metaroom_2023_probstar.csv
[metaroom_2023 1/1 t=0s budget=210s] idx=1 4cnn_tz_65_10_no_custom_OP.onnx+spec_idx_79_eps_0.00001000.vnnlib
    verdict=NOT_APPLICABLE  wall=4.12s

=== Sweep complete ===
Wrote /home/sasakis/v/tools/n2v/examples/FlowConformal/experiments/exp1_vnncomp_subset/outputs/exp1_metaroom_2023_probstar.csv
Total wall-clock: 0.1 min
Counts: {'UNSAT': 0, 'SAT': 0, 'UNKNOWN': 0, 'NOT_APPLICABLE': 1, 'ERROR': 0, 'TIMEOUT': 0}
[run_cell    3/ 100 t=   17s] idx=2    budget=210s (shell timeout=270s)
[metaroom_2023] running only idx=2; appending to /home/sasakis/v/tools/n2v/examples/FlowConformal/experiments/exp1_vnncomp_subset/outputs/exp1_metaroom_2023_probstar.csv
[metaroom_2023 1/1 t=0s budget=210s] idx=2 6cnn_tz_65_10_no_custom_OP.onnx+spec_idx_196_eps_0.00001000.vnnlib
    verdict=NOT_APPLICABLE  wall=4.28s

=== Sweep complete ===
Wrote /home/sasakis/v/tools/n2v/examples/FlowConformal/experiments/exp1_vnncomp_subset/outputs/exp1_metaroom_2023_probstar.csv
Total wall-clock: 0.1 min
Counts: {'UNSAT': 0, 'SAT': 0, 'UNKNOWN': 0, 'NOT_APPLICABLE': 1, 'ERROR': 0, 'TIMEOUT': 0}
[run_cell    4/ 100 t=   25s] idx=3    budget=210s (shell timeout=270s)
[metaroom_2023] running only idx=3; appending to /home/sasakis/v/tools/n2v/examples/FlowConformal/experiments/exp1_vnncomp_subset/outputs/exp1_metaroom_2023_probstar.csv
[metaroom_2023 1/1 t=0s budget=210s] idx=3 6cnn_ry_30_5_no_custom_OP.onnx+spec_idx_114_eps_0.00000436.vnnlib
    verdict=NOT_APPLICABLE  wall=4.14s

=== Sweep complete ===
Wrote /home/sasakis/v/tools/n2v/examples/FlowConformal/experiments/exp1_vnncomp_subset/outputs/exp1_metaroom_2023_probstar.csv
Total wall-clock: 0.1 min
Counts: {'UNSAT': 0, 'SAT': 0, 'UNKNOWN': 0, 'NOT_APPLICABLE': 1, 'ERROR': 0, 'TIMEOUT': 0}
[run_cell    5/ 100 t=   33s] idx=4    budget=210s (shell timeout=270s)
[metaroom_2023] running only idx=4; appending to /home/sasakis/v/tools/n2v/examples/FlowConformal/experiments/exp1_vnncomp_subset/outputs/exp1_metaroom_2023_probstar.csv
[metaroom_2023 1/1 t=0s budget=210s] idx=4 4cnn_ry_47_7_no_custom_OP.onnx+spec_idx_23_eps_0.00000436.vnnlib
    verdict=NOT_APPLICABLE  wall=4.08s

=== Sweep complete ===
Wrote /home/sasakis/v/tools/n2v/examples/FlowConformal/experiments/exp1_vnncomp_subset/outputs/exp1_metaroom_2023_probstar.csv
Total wall-clock: 0.1 min
Counts: {'UNSAT': 0, 'SAT': 0, 'UNKNOWN': 0, 'NOT_APPLICABLE': 1, 'ERROR': 0, 'TIMEOUT': 0}
[run_cell    6/ 100 t=   41s] idx=5    budget=210s (shell timeout=270s)
[metaroom_2023] running only idx=5; appending to /home/sasakis/v/tools/n2v/examples/FlowConformal/experiments/exp1_vnncomp_subset/outputs/exp1_metaroom_2023_probstar.csv
[metaroom_2023 1/1 t=0s budget=210s] idx=5 6cnn_ry_5_0_no_custom_OP.onnx+spec_idx_130_eps_0.00000436.vnnlib
    verdict=NOT_APPLICABLE  wall=4.30s

=== Sweep complete ===
Wrote /home/sasakis/v/tools/n2v/examples/FlowConformal/experiments/exp1_vnncomp_subset/outputs/exp1_metaroom_2023_probstar.csv
Total wall-clock: 0.1 min
Counts: {'UNSAT': 0, 'SAT': 0, 'UNKNOWN': 0, 'NOT_APPLICABLE': 1, 'ERROR': 0, 'TIMEOUT': 0}
[run_cell    7/ 100 t=   49s] idx=6    budget=210s (shell timeout=270s)
[metaroom_2023] running only idx=6; appending to /home/sasakis/v/tools/n2v/examples/FlowConformal/experiments/exp1_vnncomp_subset/outputs/exp1_metaroom_2023_probstar.csv
[metaroom_2023 1/1 t=0s budget=210s] idx=6 4cnn_ry_65_10_no_custom_OP.onnx+spec_idx_33_eps_0.00000436.vnnlib
    verdict=NOT_APPLICABLE  wall=4.09s

=== Sweep complete ===
Wrote /home/sasakis/v/tools/n2v/examples/FlowConformal/experiments/exp1_vnncomp_subset/outputs/exp1_metaroom_2023_probstar.csv
Total wall-clock: 0.1 min
Counts: {'UNSAT': 0, 'SAT': 0, 'UNKNOWN': 0, 'NOT_APPLICABLE': 1, 'ERROR': 0, 'TIMEOUT': 0}
[run_cell    8/ 100 t=   57s] idx=7    budget=210s (shell timeout=270s)
[metaroom_2023] running only idx=7; appending to /home/sasakis/v/tools/n2v/examples/FlowConformal/experiments/exp1_vnncomp_subset/outputs/exp1_metaroom_2023_probstar.csv
[metaroom_2023 1/1 t=0s budget=210s] idx=7 4cnn_tz_8_1_no_custom_OP.onnx+spec_idx_88_eps_0.00001000.vnnlib
    verdict=NOT_APPLICABLE  wall=4.09s

=== Sweep complete ===
Wrote /home/sasakis/v/tools/n2v/examples/FlowConformal/experiments/exp1_vnncomp_subset/outputs/exp1_metaroom_2023_probstar.csv
Total wall-clock: 0.1 min
Counts: {'UNSAT': 0, 'SAT': 0, 'UNKNOWN': 0, 'NOT_APPLICABLE': 1, 'ERROR': 0, 'TIMEOUT': 0}
[run_cell    9/ 100 t=   65s] idx=8    budget=210s (shell timeout=270s)
[metaroom_2023] running only idx=8; appending to /home/sasakis/v/tools/n2v/examples/FlowConformal/experiments/exp1_vnncomp_subset/outputs/exp1_metaroom_2023_probstar.csv
[metaroom_2023 1/1 t=0s budget=210s] idx=8 6cnn_ry_38_6_no_custom_OP.onnx+spec_idx_118_eps_0.00000436.vnnlib
    verdict=NOT_APPLICABLE  wall=4.88s

=== Sweep complete ===
Wrote /home/sasakis/v/tools/n2v/examples/FlowConformal/experiments/exp1_vnncomp_subset/outputs/exp1_metaroom_2023_probstar.csv
Total wall-clock: 0.1 min
Counts: {'UNSAT': 0, 'SAT': 0, 'UNKNOWN': 0, 'NOT_APPLICABLE': 1, 'ERROR': 0, 'TIMEOUT': 0}
[run_cell   10/ 100 t=   74s] idx=9    budget=210s (shell timeout=270s)
[metaroom_2023] running only idx=9; appending to /home/sasakis/v/tools/n2v/examples/FlowConformal/experiments/exp1_vnncomp_subset/outputs/exp1_metaroom_2023_probstar.csv
[metaroom_2023 1/1 t=0s budget=210s] idx=9 6cnn_ry_49_8_no_custom_OP.onnx+spec_idx_124_eps_0.00000436.vnnlib
    verdict=NOT_APPLICABLE  wall=4.21s

=== Sweep complete ===
Wrote /home/sasakis/v/tools/n2v/examples/FlowConformal/experiments/exp1_vnncomp_subset/outputs/exp1_metaroom_2023_probstar.csv
Total wall-clock: 0.1 min
Counts: {'UNSAT': 0, 'SAT': 0, 'UNKNOWN': 0, 'NOT_APPLICABLE': 1, 'ERROR': 0, 'TIMEOUT': 0}
[run_cell   11/ 100 t=   82s] idx=10   budget=210s (shell timeout=270s)
[metaroom_2023] running only idx=10; appending to /home/sasakis/v/tools/n2v/examples/FlowConformal/experiments/exp1_vnncomp_subset/outputs/exp1_metaroom_2023_probstar.csv
[metaroom_2023 1/1 t=0s budget=210s] idx=10 4cnn_ry_34_5_no_custom_OP.onnx+spec_idx_12_eps_0.00000436.vnnlib
    verdict=NOT_APPLICABLE  wall=4.09s

=== Sweep complete ===
Wrote /home/sasakis/v/tools/n2v/examples/FlowConformal/experiments/exp1_vnncomp_subset/outputs/exp1_metaroom_2023_probstar.csv
Total wall-clock: 0.1 min
Counts: {'UNSAT': 0, 'SAT': 0, 'UNKNOWN': 0, 'NOT_APPLICABLE': 1, 'ERROR': 0, 'TIMEOUT': 0}
[run_cell   12/ 100 t=   90s] idx=11   budget=210s (shell timeout=270s)
[metaroom_2023] running only idx=11; appending to /home/sasakis/v/tools/n2v/examples/FlowConformal/experiments/exp1_vnncomp_subset/outputs/exp1_metaroom_2023_probstar.csv
[metaroom_2023 1/1 t=0s budget=210s] idx=11 4cnn_tz_37_6_no_custom_OP.onnx+spec_idx_61_eps_0.00001000.vnnlib
    verdict=NOT_APPLICABLE  wall=4.04s

=== Sweep complete ===
Wrote /home/sasakis/v/tools/n2v/examples/FlowConformal/experiments/exp1_vnncomp_subset/outputs/exp1_metaroom_2023_probstar.csv
Total wall-clock: 0.1 min
Counts: {'UNSAT': 0, 'SAT': 0, 'UNKNOWN': 0, 'NOT_APPLICABLE': 1, 'ERROR': 0, 'TIMEOUT': 0}
[run_cell   13/ 100 t=   98s] idx=12   budget=210s (shell timeout=270s)
[metaroom_2023] running only idx=12; appending to /home/sasakis/v/tools/n2v/examples/FlowConformal/experiments/exp1_vnncomp_subset/outputs/exp1_metaroom_2023_probstar.csv
[metaroom_2023 1/1 t=0s budget=210s] idx=12 6cnn_tz_114_19_no_custom_OP.onnx+spec_idx_160_eps_0.00001000.vnnlib
    verdict=NOT_APPLICABLE  wall=4.19s

=== Sweep complete ===
Wrote /home/sasakis/v/tools/n2v/examples/FlowConformal/experiments/exp1_vnncomp_subset/outputs/exp1_metaroom_2023_probstar.csv
Total wall-clock: 0.1 min
Counts: {'UNSAT': 0, 'SAT': 0, 'UNKNOWN': 0, 'NOT_APPLICABLE': 1, 'ERROR': 0, 'TIMEOUT': 0}
[run_cell   14/ 100 t=  106s] idx=13   budget=210s (shell timeout=270s)
[metaroom_2023] running only idx=13; appending to /home/sasakis/v/tools/n2v/examples/FlowConformal/experiments/exp1_vnncomp_subset/outputs/exp1_metaroom_2023_probstar.csv
[metaroom_2023 1/1 t=0s budget=210s] idx=13 4cnn_tz_31_5_no_custom_OP.onnx+spec_idx_57_eps_0.00001000.vnnlib
    verdict=NOT_APPLICABLE  wall=4.26s

=== Sweep complete ===
Wrote /home/sasakis/v/tools/n2v/examples/FlowConformal/experiments/exp1_vnncomp_subset/outputs/exp1_metaroom_2023_probstar.csv
Total wall-clock: 0.1 min
Counts: {'UNSAT': 0, 'SAT': 0, 'UNKNOWN': 0, 'NOT_APPLICABLE': 1, 'ERROR': 0, 'TIMEOUT': 0}
[run_cell   15/ 100 t=  115s] idx=14   budget=210s (shell timeout=270s)
[metaroom_2023] running only idx=14; appending to /home/sasakis/v/tools/n2v/examples/FlowConformal/experiments/exp1_vnncomp_subset/outputs/exp1_metaroom_2023_probstar.csv
[metaroom_2023 1/1 t=0s budget=210s] idx=14 6cnn_ry_93_15_no_custom_OP.onnx+spec_idx_148_eps_0.00000436.vnnlib
    verdict=NOT_APPLICABLE  wall=4.19s

=== Sweep complete ===
Wrote /home/sasakis/v/tools/n2v/examples/FlowConformal/experiments/exp1_vnncomp_subset/outputs/exp1_metaroom_2023_probstar.csv
Total wall-clock: 0.1 min
Counts: {'UNSAT': 0, 'SAT': 0, 'UNKNOWN': 0, 'NOT_APPLICABLE': 1, 'ERROR': 0, 'TIMEOUT': 0}
[run_cell   16/ 100 t=  123s] idx=15   budget=210s (shell timeout=270s)
[metaroom_2023] running only idx=15; appending to /home/sasakis/v/tools/n2v/examples/FlowConformal/experiments/exp1_vnncomp_subset/outputs/exp1_metaroom_2023_probstar.csv
[metaroom_2023 1/1 t=0s budget=210s] idx=15 4cnn_ry_56_9_no_custom_OP.onnx+spec_idx_27_eps_0.00000436.vnnlib
    verdict=NOT_APPLICABLE  wall=4.32s

=== Sweep complete ===
Wrote /home/sasakis/v/tools/n2v/examples/FlowConformal/experiments/exp1_vnncomp_subset/outputs/exp1_metaroom_2023_probstar.csv
Total wall-clock: 0.1 min
Counts: {'UNSAT': 0, 'SAT': 0, 'UNKNOWN': 0, 'NOT_APPLICABLE': 1, 'ERROR': 0, 'TIMEOUT': 0}
[run_cell   17/ 100 t=  131s] idx=16   budget=210s (shell timeout=270s)
[metaroom_2023] running only idx=16; appending to /home/sasakis/v/tools/n2v/examples/FlowConformal/experiments/exp1_vnncomp_subset/outputs/exp1_metaroom_2023_probstar.csv
[metaroom_2023 1/1 t=0s budget=210s] idx=16 6cnn_tz_91_15_no_custom_OP.onnx+spec_idx_207_eps_0.00001000.vnnlib
    verdict=NOT_APPLICABLE  wall=4.38s

=== Sweep complete ===
Wrote /home/sasakis/v/tools/n2v/examples/FlowConformal/experiments/exp1_vnncomp_subset/outputs/exp1_metaroom_2023_probstar.csv
Total wall-clock: 0.1 min
Counts: {'UNSAT': 0, 'SAT': 0, 'UNKNOWN': 0, 'NOT_APPLICABLE': 1, 'ERROR': 0, 'TIMEOUT': 0}
[run_cell   18/ 100 t=  139s] idx=17   budget=210s (shell timeout=270s)
[metaroom_2023] running only idx=17; appending to /home/sasakis/v/tools/n2v/examples/FlowConformal/experiments/exp1_vnncomp_subset/outputs/exp1_metaroom_2023_probstar.csv
[metaroom_2023 1/1 t=0s budget=210s] idx=17 6cnn_ry_48_8_no_custom_OP.onnx+spec_idx_123_eps_0.00000436.vnnlib
    verdict=NOT_APPLICABLE  wall=4.40s

=== Sweep complete ===
Wrote /home/sasakis/v/tools/n2v/examples/FlowConformal/experiments/exp1_vnncomp_subset/outputs/exp1_metaroom_2023_probstar.csv
Total wall-clock: 0.1 min
Counts: {'UNSAT': 0, 'SAT': 0, 'UNKNOWN': 0, 'NOT_APPLICABLE': 1, 'ERROR': 0, 'TIMEOUT': 0}
[run_cell   19/ 100 t=  148s] idx=18   budget=210s (shell timeout=270s)
[metaroom_2023] running only idx=18; appending to /home/sasakis/v/tools/n2v/examples/FlowConformal/experiments/exp1_vnncomp_subset/outputs/exp1_metaroom_2023_probstar.csv
[metaroom_2023 1/1 t=0s budget=210s] idx=18 6cnn_tz_62_10_no_custom_OP.onnx+spec_idx_193_eps_0.00001000.vnnlib
    verdict=NOT_APPLICABLE  wall=4.19s

=== Sweep complete ===
Wrote /home/sasakis/v/tools/n2v/examples/FlowConformal/experiments/exp1_vnncomp_subset/outputs/exp1_metaroom_2023_probstar.csv
Total wall-clock: 0.1 min
Counts: {'UNSAT': 0, 'SAT': 0, 'UNKNOWN': 0, 'NOT_APPLICABLE': 1, 'ERROR': 0, 'TIMEOUT': 0}
[run_cell   20/ 100 t=  156s] idx=19   budget=210s (shell timeout=270s)
[metaroom_2023] running only idx=19; appending to /home/sasakis/v/tools/n2v/examples/FlowConformal/experiments/exp1_vnncomp_subset/outputs/exp1_metaroom_2023_probstar.csv
[metaroom_2023 1/1 t=0s budget=210s] idx=19 6cnn_tz_75_12_no_custom_OP.onnx+spec_idx_203_eps_0.00001000.vnnlib
    verdict=NOT_APPLICABLE  wall=4.23s

=== Sweep complete ===
Wrote /home/sasakis/v/tools/n2v/examples/FlowConformal/experiments/exp1_vnncomp_subset/outputs/exp1_metaroom_2023_probstar.csv
Total wall-clock: 0.1 min
Counts: {'UNSAT': 0, 'SAT': 0, 'UNKNOWN': 0, 'NOT_APPLICABLE': 1, 'ERROR': 0, 'TIMEOUT': 0}
[run_cell   21/ 100 t=  164s] idx=20   budget=210s (shell timeout=270s)
[metaroom_2023] running only idx=20; appending to /home/sasakis/v/tools/n2v/examples/FlowConformal/experiments/exp1_vnncomp_subset/outputs/exp1_metaroom_2023_probstar.csv
[metaroom_2023 1/1 t=0s budget=210s] idx=20 4cnn_ry_6_1_no_custom_OP.onnx+spec_idx_35_eps_0.00000436.vnnlib
    verdict=NOT_APPLICABLE  wall=4.05s

=== Sweep complete ===
Wrote /home/sasakis/v/tools/n2v/examples/FlowConformal/experiments/exp1_vnncomp_subset/outputs/exp1_metaroom_2023_probstar.csv
Total wall-clock: 0.1 min
Counts: {'UNSAT': 0, 'SAT': 0, 'UNKNOWN': 0, 'NOT_APPLICABLE': 1, 'ERROR': 0, 'TIMEOUT': 0}
[run_cell   22/ 100 t=  172s] idx=21   budget=210s (shell timeout=270s)
[metaroom_2023] running only idx=21; appending to /home/sasakis/v/tools/n2v/examples/FlowConformal/experiments/exp1_vnncomp_subset/outputs/exp1_metaroom_2023_probstar.csv
[metaroom_2023 1/1 t=0s budget=210s] idx=21 4cnn_tz_70_11_no_custom_OP.onnx+spec_idx_82_eps_0.00001000.vnnlib
    verdict=NOT_APPLICABLE  wall=4.08s

=== Sweep complete ===
Wrote /home/sasakis/v/tools/n2v/examples/FlowConformal/experiments/exp1_vnncomp_subset/outputs/exp1_metaroom_2023_probstar.csv
Total wall-clock: 0.1 min
Counts: {'UNSAT': 0, 'SAT': 0, 'UNKNOWN': 0, 'NOT_APPLICABLE': 1, 'ERROR': 0, 'TIMEOUT': 0}
[run_cell   23/ 100 t=  180s] idx=22   budget=210s (shell timeout=270s)
[metaroom_2023] running only idx=22; appending to /home/sasakis/v/tools/n2v/examples/FlowConformal/experiments/exp1_vnncomp_subset/outputs/exp1_metaroom_2023_probstar.csv
[metaroom_2023 1/1 t=0s budget=210s] idx=22 4cnn_ry_117_19_no_custom_OP.onnx+spec_idx_3_eps_0.00000436.vnnlib
    verdict=NOT_APPLICABLE  wall=4.28s

=== Sweep complete ===
Wrote /home/sasakis/v/tools/n2v/examples/FlowConformal/experiments/exp1_vnncomp_subset/outputs/exp1_metaroom_2023_probstar.csv
Total wall-clock: 0.1 min
Counts: {'UNSAT': 0, 'SAT': 0, 'UNKNOWN': 0, 'NOT_APPLICABLE': 1, 'ERROR': 0, 'TIMEOUT': 0}
[run_cell   24/ 100 t=  189s] idx=23   budget=210s (shell timeout=270s)
[metaroom_2023] running only idx=23; appending to /home/sasakis/v/tools/n2v/examples/FlowConformal/experiments/exp1_vnncomp_subset/outputs/exp1_metaroom_2023_probstar.csv
[metaroom_2023 1/1 t=0s budget=210s] idx=23 4cnn_tz_117_19_no_custom_OP.onnx+spec_idx_49_eps_0.00001000.vnnlib
    verdict=NOT_APPLICABLE  wall=4.16s

=== Sweep complete ===
Wrote /home/sasakis/v/tools/n2v/examples/FlowConformal/experiments/exp1_vnncomp_subset/outputs/exp1_metaroom_2023_probstar.csv
Total wall-clock: 0.1 min
Counts: {'UNSAT': 0, 'SAT': 0, 'UNKNOWN': 0, 'NOT_APPLICABLE': 1, 'ERROR': 0, 'TIMEOUT': 0}
[run_cell   25/ 100 t=  197s] idx=24   budget=210s (shell timeout=270s)
[metaroom_2023] running only idx=24; appending to /home/sasakis/v/tools/n2v/examples/FlowConformal/experiments/exp1_vnncomp_subset/outputs/exp1_metaroom_2023_probstar.csv
[metaroom_2023 1/1 t=0s budget=210s] idx=24 4cnn_ry_68_11_no_custom_OP.onnx+spec_idx_34_eps_0.00000436.vnnlib
    verdict=NOT_APPLICABLE  wall=4.20s

=== Sweep complete ===
Wrote /home/sasakis/v/tools/n2v/examples/FlowConformal/experiments/exp1_vnncomp_subset/outputs/exp1_metaroom_2023_probstar.csv
Total wall-clock: 0.1 min
Counts: {'UNSAT': 0, 'SAT': 0, 'UNKNOWN': 0, 'NOT_APPLICABLE': 1, 'ERROR': 0, 'TIMEOUT': 0}
[run_cell   26/ 100 t=  206s] idx=25   budget=210s (shell timeout=270s)
[metaroom_2023] running only idx=25; appending to /home/sasakis/v/tools/n2v/examples/FlowConformal/experiments/exp1_vnncomp_subset/outputs/exp1_metaroom_2023_probstar.csv
[metaroom_2023 1/1 t=0s budget=210s] idx=25 4cnn_tz_33_5_no_custom_OP.onnx+spec_idx_58_eps_0.00001000.vnnlib
    verdict=NOT_APPLICABLE  wall=4.11s

=== Sweep complete ===
Wrote /home/sasakis/v/tools/n2v/examples/FlowConformal/experiments/exp1_vnncomp_subset/outputs/exp1_metaroom_2023_probstar.csv
Total wall-clock: 0.1 min
Counts: {'UNSAT': 0, 'SAT': 0, 'UNKNOWN': 0, 'NOT_APPLICABLE': 1, 'ERROR': 0, 'TIMEOUT': 0}
[run_cell   27/ 100 t=  214s] idx=26   budget=210s (shell timeout=270s)
[metaroom_2023] running only idx=26; appending to /home/sasakis/v/tools/n2v/examples/FlowConformal/experiments/exp1_vnncomp_subset/outputs/exp1_metaroom_2023_probstar.csv
[metaroom_2023 1/1 t=0s budget=210s] idx=26 6cnn_ry_57_9_no_custom_OP.onnx+spec_idx_129_eps_0.00000436.vnnlib
    verdict=NOT_APPLICABLE  wall=4.42s

=== Sweep complete ===
Wrote /home/sasakis/v/tools/n2v/examples/FlowConformal/experiments/exp1_vnncomp_subset/outputs/exp1_metaroom_2023_probstar.csv
Total wall-clock: 0.1 min
Counts: {'UNSAT': 0, 'SAT': 0, 'UNKNOWN': 0, 'NOT_APPLICABLE': 1, 'ERROR': 0, 'TIMEOUT': 0}
[run_cell   28/ 100 t=  222s] idx=27   budget=210s (shell timeout=270s)
[metaroom_2023] running only idx=27; appending to /home/sasakis/v/tools/n2v/examples/FlowConformal/experiments/exp1_vnncomp_subset/outputs/exp1_metaroom_2023_probstar.csv
[metaroom_2023 1/1 t=0s budget=210s] idx=27 6cnn_ry_1_0_no_custom_OP.onnx+spec_idx_108_eps_0.00000436.vnnlib
    verdict=NOT_APPLICABLE  wall=4.19s

=== Sweep complete ===
Wrote /home/sasakis/v/tools/n2v/examples/FlowConformal/experiments/exp1_vnncomp_subset/outputs/exp1_metaroom_2023_probstar.csv
Total wall-clock: 0.1 min
Counts: {'UNSAT': 0, 'SAT': 0, 'UNKNOWN': 0, 'NOT_APPLICABLE': 1, 'ERROR': 0, 'TIMEOUT': 0}
[run_cell   29/ 100 t=  230s] idx=28   budget=210s (shell timeout=270s)
[metaroom_2023] running only idx=28; appending to /home/sasakis/v/tools/n2v/examples/FlowConformal/experiments/exp1_vnncomp_subset/outputs/exp1_metaroom_2023_probstar.csv
[metaroom_2023 1/1 t=0s budget=210s] idx=28 6cnn_tz_52_8_no_custom_OP.onnx+spec_idx_187_eps_0.00001000.vnnlib
    verdict=NOT_APPLICABLE  wall=4.28s

=== Sweep complete ===
Wrote /home/sasakis/v/tools/n2v/examples/FlowConformal/experiments/exp1_vnncomp_subset/outputs/exp1_metaroom_2023_probstar.csv
Total wall-clock: 0.1 min
Counts: {'UNSAT': 0, 'SAT': 0, 'UNKNOWN': 0, 'NOT_APPLICABLE': 1, 'ERROR': 0, 'TIMEOUT': 0}
[run_cell   30/ 100 t=  239s] idx=29   budget=210s (shell timeout=270s)
[metaroom_2023] running only idx=29; appending to /home/sasakis/v/tools/n2v/examples/FlowConformal/experiments/exp1_vnncomp_subset/outputs/exp1_metaroom_2023_probstar.csv
[metaroom_2023 1/1 t=0s budget=210s] idx=29 6cnn_ry_64_10_no_custom_OP.onnx+spec_idx_132_eps_0.00000436.vnnlib
    verdict=NOT_APPLICABLE  wall=4.20s

=== Sweep complete ===
Wrote /home/sasakis/v/tools/n2v/examples/FlowConformal/experiments/exp1_vnncomp_subset/outputs/exp1_metaroom_2023_probstar.csv
Total wall-clock: 0.1 min
Counts: {'UNSAT': 0, 'SAT': 0, 'UNKNOWN': 0, 'NOT_APPLICABLE': 1, 'ERROR': 0, 'TIMEOUT': 0}
[run_cell   31/ 100 t=  247s] idx=30   budget=210s (shell timeout=270s)
[metaroom_2023] running only idx=30; appending to /home/sasakis/v/tools/n2v/examples/FlowConformal/experiments/exp1_vnncomp_subset/outputs/exp1_metaroom_2023_probstar.csv
[metaroom_2023 1/1 t=0s budget=210s] idx=30 6cnn_tz_49_8_no_custom_OP.onnx+spec_idx_185_eps_0.00001000.vnnlib
    verdict=NOT_APPLICABLE  wall=4.21s

=== Sweep complete ===
Wrote /home/sasakis/v/tools/n2v/examples/FlowConformal/experiments/exp1_vnncomp_subset/outputs/exp1_metaroom_2023_probstar.csv
Total wall-clock: 0.1 min
Counts: {'UNSAT': 0, 'SAT': 0, 'UNKNOWN': 0, 'NOT_APPLICABLE': 1, 'ERROR': 0, 'TIMEOUT': 0}
[run_cell   32/ 100 t=  255s] idx=31   budget=210s (shell timeout=270s)
[metaroom_2023] running only idx=31; appending to /home/sasakis/v/tools/n2v/examples/FlowConformal/experiments/exp1_vnncomp_subset/outputs/exp1_metaroom_2023_probstar.csv
[metaroom_2023 1/1 t=0s budget=210s] idx=31 6cnn_ry_66_11_no_custom_OP.onnx+spec_idx_134_eps_0.00000436.vnnlib
    verdict=NOT_APPLICABLE  wall=4.30s

=== Sweep complete ===
Wrote /home/sasakis/v/tools/n2v/examples/FlowConformal/experiments/exp1_vnncomp_subset/outputs/exp1_metaroom_2023_probstar.csv
Total wall-clock: 0.1 min
Counts: {'UNSAT': 0, 'SAT': 0, 'UNKNOWN': 0, 'NOT_APPLICABLE': 1, 'ERROR': 0, 'TIMEOUT': 0}
[run_cell   33/ 100 t=  264s] idx=32   budget=210s (shell timeout=270s)
[metaroom_2023] running only idx=32; appending to /home/sasakis/v/tools/n2v/examples/FlowConformal/experiments/exp1_vnncomp_subset/outputs/exp1_metaroom_2023_probstar.csv
[metaroom_2023 1/1 t=0s budget=210s] idx=32 4cnn_ry_20_3_no_custom_OP.onnx+spec_idx_7_eps_0.00000436.vnnlib
    verdict=NOT_APPLICABLE  wall=4.09s

=== Sweep complete ===
Wrote /home/sasakis/v/tools/n2v/examples/FlowConformal/experiments/exp1_vnncomp_subset/outputs/exp1_metaroom_2023_probstar.csv
Total wall-clock: 0.1 min
Counts: {'UNSAT': 0, 'SAT': 0, 'UNKNOWN': 0, 'NOT_APPLICABLE': 1, 'ERROR': 0, 'TIMEOUT': 0}
[run_cell   34/ 100 t=  272s] idx=33   budget=210s (shell timeout=270s)
[metaroom_2023] running only idx=33; appending to /home/sasakis/v/tools/n2v/examples/FlowConformal/experiments/exp1_vnncomp_subset/outputs/exp1_metaroom_2023_probstar.csv
[metaroom_2023 1/1 t=0s budget=210s] idx=33 6cnn_tz_103_17_no_custom_OP.onnx+spec_idx_154_eps_0.00001000.vnnlib
    verdict=NOT_APPLICABLE  wall=4.47s

=== Sweep complete ===
Wrote /home/sasakis/v/tools/n2v/examples/FlowConformal/experiments/exp1_vnncomp_subset/outputs/exp1_metaroom_2023_probstar.csv
Total wall-clock: 0.1 min
Counts: {'UNSAT': 0, 'SAT': 0, 'UNKNOWN': 0, 'NOT_APPLICABLE': 1, 'ERROR': 0, 'TIMEOUT': 0}
[run_cell   35/ 100 t=  280s] idx=34   budget=210s (shell timeout=270s)
[metaroom_2023] running only idx=34; appending to /home/sasakis/v/tools/n2v/examples/FlowConformal/experiments/exp1_vnncomp_subset/outputs/exp1_metaroom_2023_probstar.csv
[metaroom_2023 1/1 t=0s budget=210s] idx=34 4cnn_ry_44_7_no_custom_OP.onnx+spec_idx_21_eps_0.00000436.vnnlib
    verdict=NOT_APPLICABLE  wall=4.10s

=== Sweep complete ===
Wrote /home/sasakis/v/tools/n2v/examples/FlowConformal/experiments/exp1_vnncomp_subset/outputs/exp1_metaroom_2023_probstar.csv
Total wall-clock: 0.1 min
Counts: {'UNSAT': 0, 'SAT': 0, 'UNKNOWN': 0, 'NOT_APPLICABLE': 1, 'ERROR': 0, 'TIMEOUT': 0}
[run_cell   36/ 100 t=  288s] idx=35   budget=210s (shell timeout=270s)
[metaroom_2023] running only idx=35; appending to /home/sasakis/v/tools/n2v/examples/FlowConformal/experiments/exp1_vnncomp_subset/outputs/exp1_metaroom_2023_probstar.csv
[metaroom_2023 1/1 t=0s budget=210s] idx=35 4cnn_ry_99_16_no_custom_OP.onnx+spec_idx_43_eps_0.00000436.vnnlib
    verdict=NOT_APPLICABLE  wall=4.19s

=== Sweep complete ===
Wrote /home/sasakis/v/tools/n2v/examples/FlowConformal/experiments/exp1_vnncomp_subset/outputs/exp1_metaroom_2023_probstar.csv
Total wall-clock: 0.1 min
Counts: {'UNSAT': 0, 'SAT': 0, 'UNKNOWN': 0, 'NOT_APPLICABLE': 1, 'ERROR': 0, 'TIMEOUT': 0}
[run_cell   37/ 100 t=  297s] idx=36   budget=210s (shell timeout=270s)
[metaroom_2023] running only idx=36; appending to /home/sasakis/v/tools/n2v/examples/FlowConformal/experiments/exp1_vnncomp_subset/outputs/exp1_metaroom_2023_probstar.csv
[metaroom_2023 1/1 t=0s budget=210s] idx=36 4cnn_tz_19_3_no_custom_OP.onnx+spec_idx_51_eps_0.00001000.vnnlib
    verdict=NOT_APPLICABLE  wall=4.09s

=== Sweep complete ===
Wrote /home/sasakis/v/tools/n2v/examples/FlowConformal/experiments/exp1_vnncomp_subset/outputs/exp1_metaroom_2023_probstar.csv
Total wall-clock: 0.1 min
Counts: {'UNSAT': 0, 'SAT': 0, 'UNKNOWN': 0, 'NOT_APPLICABLE': 1, 'ERROR': 0, 'TIMEOUT': 0}
[run_cell   38/ 100 t=  305s] idx=37   budget=210s (shell timeout=270s)
[metaroom_2023] running only idx=37; appending to /home/sasakis/v/tools/n2v/examples/FlowConformal/experiments/exp1_vnncomp_subset/outputs/exp1_metaroom_2023_probstar.csv
[metaroom_2023 1/1 t=0s budget=210s] idx=37 6cnn_tz_66_11_no_custom_OP.onnx+spec_idx_197_eps_0.00001000.vnnlib
    verdict=NOT_APPLICABLE  wall=4.49s

=== Sweep complete ===
Wrote /home/sasakis/v/tools/n2v/examples/FlowConformal/experiments/exp1_vnncomp_subset/outputs/exp1_metaroom_2023_probstar.csv
Total wall-clock: 0.1 min
Counts: {'UNSAT': 0, 'SAT': 0, 'UNKNOWN': 0, 'NOT_APPLICABLE': 1, 'ERROR': 0, 'TIMEOUT': 0}
[run_cell   39/ 100 t=  313s] idx=38   budget=210s (shell timeout=270s)
[metaroom_2023] running only idx=38; appending to /home/sasakis/v/tools/n2v/examples/FlowConformal/experiments/exp1_vnncomp_subset/outputs/exp1_metaroom_2023_probstar.csv
[metaroom_2023 1/1 t=0s budget=210s] idx=38 6cnn_tz_0_0_no_custom_OP.onnx+spec_idx_152_eps_0.00001000.vnnlib
    verdict=NOT_APPLICABLE  wall=4.36s

=== Sweep complete ===
Wrote /home/sasakis/v/tools/n2v/examples/FlowConformal/experiments/exp1_vnncomp_subset/outputs/exp1_metaroom_2023_probstar.csv
Total wall-clock: 0.1 min
Counts: {'UNSAT': 0, 'SAT': 0, 'UNKNOWN': 0, 'NOT_APPLICABLE': 1, 'ERROR': 0, 'TIMEOUT': 0}
[run_cell   40/ 100 t=  322s] idx=39   budget=210s (shell timeout=270s)
[metaroom_2023] running only idx=39; appending to /home/sasakis/v/tools/n2v/examples/FlowConformal/experiments/exp1_vnncomp_subset/outputs/exp1_metaroom_2023_probstar.csv
[metaroom_2023 1/1 t=0s budget=210s] idx=39 6cnn_tz_118_19_no_custom_OP.onnx+spec_idx_162_eps_0.00001000.vnnlib
    verdict=NOT_APPLICABLE  wall=4.16s

=== Sweep complete ===
Wrote /home/sasakis/v/tools/n2v/examples/FlowConformal/experiments/exp1_vnncomp_subset/outputs/exp1_metaroom_2023_probstar.csv
Total wall-clock: 0.1 min
Counts: {'UNSAT': 0, 'SAT': 0, 'UNKNOWN': 0, 'NOT_APPLICABLE': 1, 'ERROR': 0, 'TIMEOUT': 0}
[run_cell   41/ 100 t=  330s] idx=40   budget=210s (shell timeout=270s)
[metaroom_2023] running only idx=40; appending to /home/sasakis/v/tools/n2v/examples/FlowConformal/experiments/exp1_vnncomp_subset/outputs/exp1_metaroom_2023_probstar.csv
[metaroom_2023 1/1 t=0s budget=210s] idx=40 6cnn_tz_67_11_no_custom_OP.onnx+spec_idx_198_eps_0.00001000.vnnlib
    verdict=NOT_APPLICABLE  wall=4.19s

=== Sweep complete ===
Wrote /home/sasakis/v/tools/n2v/examples/FlowConformal/experiments/exp1_vnncomp_subset/outputs/exp1_metaroom_2023_probstar.csv
Total wall-clock: 0.1 min
Counts: {'UNSAT': 0, 'SAT': 0, 'UNKNOWN': 0, 'NOT_APPLICABLE': 1, 'ERROR': 0, 'TIMEOUT': 0}
[run_cell   42/ 100 t=  338s] idx=41   budget=210s (shell timeout=270s)
[metaroom_2023] running only idx=41; appending to /home/sasakis/v/tools/n2v/examples/FlowConformal/experiments/exp1_vnncomp_subset/outputs/exp1_metaroom_2023_probstar.csv
[metaroom_2023 1/1 t=0s budget=210s] idx=41 6cnn_tz_21_3_no_custom_OP.onnx+spec_idx_170_eps_0.00001000.vnnlib
    verdict=NOT_APPLICABLE  wall=4.20s

=== Sweep complete ===
Wrote /home/sasakis/v/tools/n2v/examples/FlowConformal/experiments/exp1_vnncomp_subset/outputs/exp1_metaroom_2023_probstar.csv
Total wall-clock: 0.1 min
Counts: {'UNSAT': 0, 'SAT': 0, 'UNKNOWN': 0, 'NOT_APPLICABLE': 1, 'ERROR': 0, 'TIMEOUT': 0}
[run_cell   43/ 100 t=  346s] idx=42   budget=210s (shell timeout=270s)
[metaroom_2023] running only idx=42; appending to /home/sasakis/v/tools/n2v/examples/FlowConformal/experiments/exp1_vnncomp_subset/outputs/exp1_metaroom_2023_probstar.csv
[metaroom_2023 1/1 t=0s budget=210s] idx=42 4cnn_tz_1_0_no_custom_OP.onnx+spec_idx_52_eps_0.00001000.vnnlib
    verdict=NOT_APPLICABLE  wall=4.06s

=== Sweep complete ===
Wrote /home/sasakis/v/tools/n2v/examples/FlowConformal/experiments/exp1_vnncomp_subset/outputs/exp1_metaroom_2023_probstar.csv
Total wall-clock: 0.1 min
Counts: {'UNSAT': 0, 'SAT': 0, 'UNKNOWN': 0, 'NOT_APPLICABLE': 1, 'ERROR': 0, 'TIMEOUT': 0}
[run_cell   44/ 100 t=  354s] idx=43   budget=210s (shell timeout=270s)
[metaroom_2023] running only idx=43; appending to /home/sasakis/v/tools/n2v/examples/FlowConformal/experiments/exp1_vnncomp_subset/outputs/exp1_metaroom_2023_probstar.csv
[metaroom_2023 1/1 t=0s budget=210s] idx=43 4cnn_ry_48_8_no_custom_OP.onnx+spec_idx_24_eps_0.00000436.vnnlib
    verdict=NOT_APPLICABLE  wall=4.09s

=== Sweep complete ===
Wrote /home/sasakis/v/tools/n2v/examples/FlowConformal/experiments/exp1_vnncomp_subset/outputs/exp1_metaroom_2023_probstar.csv
Total wall-clock: 0.1 min
Counts: {'UNSAT': 0, 'SAT': 0, 'UNKNOWN': 0, 'NOT_APPLICABLE': 1, 'ERROR': 0, 'TIMEOUT': 0}
[run_cell   45/ 100 t=  362s] idx=44   budget=210s (shell timeout=270s)
[metaroom_2023] running only idx=44; appending to /home/sasakis/v/tools/n2v/examples/FlowConformal/experiments/exp1_vnncomp_subset/outputs/exp1_metaroom_2023_probstar.csv
[metaroom_2023 1/1 t=0s budget=210s] idx=44 4cnn_ry_61_10_no_custom_OP.onnx+spec_idx_31_eps_0.00000436.vnnlib
    verdict=NOT_APPLICABLE  wall=4.11s

=== Sweep complete ===
Wrote /home/sasakis/v/tools/n2v/examples/FlowConformal/experiments/exp1_vnncomp_subset/outputs/exp1_metaroom_2023_probstar.csv
Total wall-clock: 0.1 min
Counts: {'UNSAT': 0, 'SAT': 0, 'UNKNOWN': 0, 'NOT_APPLICABLE': 1, 'ERROR': 0, 'TIMEOUT': 0}
[run_cell   46/ 100 t=  370s] idx=45   budget=210s (shell timeout=270s)
[metaroom_2023] running only idx=45; appending to /home/sasakis/v/tools/n2v/examples/FlowConformal/experiments/exp1_vnncomp_subset/outputs/exp1_metaroom_2023_probstar.csv
[metaroom_2023 1/1 t=0s budget=210s] idx=45 6cnn_ry_81_13_no_custom_OP.onnx+spec_idx_144_eps_0.00000436.vnnlib
    verdict=NOT_APPLICABLE  wall=4.82s

=== Sweep complete ===
Wrote /home/sasakis/v/tools/n2v/examples/FlowConformal/experiments/exp1_vnncomp_subset/outputs/exp1_metaroom_2023_probstar.csv
Total wall-clock: 0.1 min
Counts: {'UNSAT': 0, 'SAT': 0, 'UNKNOWN': 0, 'NOT_APPLICABLE': 1, 'ERROR': 0, 'TIMEOUT': 0}
[run_cell   47/ 100 t=  379s] idx=46   budget=210s (shell timeout=270s)
[metaroom_2023] running only idx=46; appending to /home/sasakis/v/tools/n2v/examples/FlowConformal/experiments/exp1_vnncomp_subset/outputs/exp1_metaroom_2023_probstar.csv
[metaroom_2023 1/1 t=0s budget=210s] idx=46 6cnn_tz_38_6_no_custom_OP.onnx+spec_idx_179_eps_0.00001000.vnnlib
    verdict=NOT_APPLICABLE  wall=4.17s

=== Sweep complete ===
Wrote /home/sasakis/v/tools/n2v/examples/FlowConformal/experiments/exp1_vnncomp_subset/outputs/exp1_metaroom_2023_probstar.csv
Total wall-clock: 0.1 min
Counts: {'UNSAT': 0, 'SAT': 0, 'UNKNOWN': 0, 'NOT_APPLICABLE': 1, 'ERROR': 0, 'TIMEOUT': 0}
[run_cell   48/ 100 t=  388s] idx=47   budget=210s (shell timeout=270s)
[metaroom_2023] running only idx=47; appending to /home/sasakis/v/tools/n2v/examples/FlowConformal/experiments/exp1_vnncomp_subset/outputs/exp1_metaroom_2023_probstar.csv
[metaroom_2023 1/1 t=0s budget=210s] idx=47 6cnn_ry_53_8_no_custom_OP.onnx+spec_idx_127_eps_0.00000436.vnnlib
    verdict=NOT_APPLICABLE  wall=4.15s

=== Sweep complete ===
Wrote /home/sasakis/v/tools/n2v/examples/FlowConformal/experiments/exp1_vnncomp_subset/outputs/exp1_metaroom_2023_probstar.csv
Total wall-clock: 0.1 min
Counts: {'UNSAT': 0, 'SAT': 0, 'UNKNOWN': 0, 'NOT_APPLICABLE': 1, 'ERROR': 0, 'TIMEOUT': 0}
[run_cell   49/ 100 t=  396s] idx=48   budget=210s (shell timeout=270s)
[metaroom_2023] running only idx=48; appending to /home/sasakis/v/tools/n2v/examples/FlowConformal/experiments/exp1_vnncomp_subset/outputs/exp1_metaroom_2023_probstar.csv
[metaroom_2023 1/1 t=0s budget=210s] idx=48 6cnn_tz_94_15_no_custom_OP.onnx+spec_idx_209_eps_0.00001000.vnnlib
    verdict=NOT_APPLICABLE  wall=4.16s

=== Sweep complete ===
Wrote /home/sasakis/v/tools/n2v/examples/FlowConformal/experiments/exp1_vnncomp_subset/outputs/exp1_metaroom_2023_probstar.csv
Total wall-clock: 0.1 min
Counts: {'UNSAT': 0, 'SAT': 0, 'UNKNOWN': 0, 'NOT_APPLICABLE': 1, 'ERROR': 0, 'TIMEOUT': 0}
[run_cell   50/ 100 t=  404s] idx=49   budget=210s (shell timeout=270s)
[metaroom_2023] running only idx=49; appending to /home/sasakis/v/tools/n2v/examples/FlowConformal/experiments/exp1_vnncomp_subset/outputs/exp1_metaroom_2023_probstar.csv
[metaroom_2023 1/1 t=0s budget=210s] idx=49 6cnn_ry_68_11_no_custom_OP.onnx+spec_idx_136_eps_0.00000436.vnnlib
    verdict=NOT_APPLICABLE  wall=4.30s

=== Sweep complete ===
Wrote /home/sasakis/v/tools/n2v/examples/FlowConformal/experiments/exp1_vnncomp_subset/outputs/exp1_metaroom_2023_probstar.csv
Total wall-clock: 0.1 min
Counts: {'UNSAT': 0, 'SAT': 0, 'UNKNOWN': 0, 'NOT_APPLICABLE': 1, 'ERROR': 0, 'TIMEOUT': 0}
[run_cell   51/ 100 t=  412s] idx=50   budget=210s (shell timeout=270s)
[metaroom_2023] running only idx=50; appending to /home/sasakis/v/tools/n2v/examples/FlowConformal/experiments/exp1_vnncomp_subset/outputs/exp1_metaroom_2023_probstar.csv
[metaroom_2023 1/1 t=0s budget=210s] idx=50 6cnn_ry_54_9_no_custom_OP.onnx+spec_idx_128_eps_0.00000436.vnnlib
    verdict=NOT_APPLICABLE  wall=4.49s

=== Sweep complete ===
Wrote /home/sasakis/v/tools/n2v/examples/FlowConformal/experiments/exp1_vnncomp_subset/outputs/exp1_metaroom_2023_probstar.csv
Total wall-clock: 0.1 min
Counts: {'UNSAT': 0, 'SAT': 0, 'UNKNOWN': 0, 'NOT_APPLICABLE': 1, 'ERROR': 0, 'TIMEOUT': 0}
[run_cell   52/ 100 t=  421s] idx=51   budget=210s (shell timeout=270s)
[metaroom_2023] running only idx=51; appending to /home/sasakis/v/tools/n2v/examples/FlowConformal/experiments/exp1_vnncomp_subset/outputs/exp1_metaroom_2023_probstar.csv
[metaroom_2023 1/1 t=0s budget=210s] idx=51 4cnn_ry_30_5_no_custom_OP.onnx+spec_idx_9_eps_0.00000436.vnnlib
    verdict=NOT_APPLICABLE  wall=4.11s

=== Sweep complete ===
Wrote /home/sasakis/v/tools/n2v/examples/FlowConformal/experiments/exp1_vnncomp_subset/outputs/exp1_metaroom_2023_probstar.csv
Total wall-clock: 0.1 min
Counts: {'UNSAT': 0, 'SAT': 0, 'UNKNOWN': 0, 'NOT_APPLICABLE': 1, 'ERROR': 0, 'TIMEOUT': 0}
[run_cell   53/ 100 t=  429s] idx=52   budget=210s (shell timeout=270s)
[metaroom_2023] running only idx=52; appending to /home/sasakis/v/tools/n2v/examples/FlowConformal/experiments/exp1_vnncomp_subset/outputs/exp1_metaroom_2023_probstar.csv
[metaroom_2023 1/1 t=0s budget=210s] idx=52 6cnn_ry_18_3_no_custom_OP.onnx+spec_idx_107_eps_0.00000436.vnnlib
    verdict=NOT_APPLICABLE  wall=4.19s

=== Sweep complete ===
Wrote /home/sasakis/v/tools/n2v/examples/FlowConformal/experiments/exp1_vnncomp_subset/outputs/exp1_metaroom_2023_probstar.csv
Total wall-clock: 0.1 min
Counts: {'UNSAT': 0, 'SAT': 0, 'UNKNOWN': 0, 'NOT_APPLICABLE': 1, 'ERROR': 0, 'TIMEOUT': 0}
[run_cell   54/ 100 t=  437s] idx=53   budget=210s (shell timeout=270s)
[metaroom_2023] running only idx=53; appending to /home/sasakis/v/tools/n2v/examples/FlowConformal/experiments/exp1_vnncomp_subset/outputs/exp1_metaroom_2023_probstar.csv
[metaroom_2023 1/1 t=0s budget=210s] idx=53 6cnn_tz_54_9_no_custom_OP.onnx+spec_idx_189_eps_0.00001000.vnnlib
    verdict=NOT_APPLICABLE  wall=4.16s

=== Sweep complete ===
Wrote /home/sasakis/v/tools/n2v/examples/FlowConformal/experiments/exp1_vnncomp_subset/outputs/exp1_metaroom_2023_probstar.csv
Total wall-clock: 0.1 min
Counts: {'UNSAT': 0, 'SAT': 0, 'UNKNOWN': 0, 'NOT_APPLICABLE': 1, 'ERROR': 0, 'TIMEOUT': 0}
[run_cell   55/ 100 t=  445s] idx=54   budget=210s (shell timeout=270s)
[metaroom_2023] running only idx=54; appending to /home/sasakis/v/tools/n2v/examples/FlowConformal/experiments/exp1_vnncomp_subset/outputs/exp1_metaroom_2023_probstar.csv
[metaroom_2023 1/1 t=0s budget=210s] idx=54 6cnn_tz_113_18_no_custom_OP.onnx+spec_idx_159_eps_0.00001000.vnnlib
    verdict=NOT_APPLICABLE  wall=4.17s

=== Sweep complete ===
Wrote /home/sasakis/v/tools/n2v/examples/FlowConformal/experiments/exp1_vnncomp_subset/outputs/exp1_metaroom_2023_probstar.csv
Total wall-clock: 0.1 min
Counts: {'UNSAT': 0, 'SAT': 0, 'UNKNOWN': 0, 'NOT_APPLICABLE': 1, 'ERROR': 0, 'TIMEOUT': 0}
[run_cell   56/ 100 t=  453s] idx=55   budget=210s (shell timeout=270s)
[metaroom_2023] running only idx=55; appending to /home/sasakis/v/tools/n2v/examples/FlowConformal/experiments/exp1_vnncomp_subset/outputs/exp1_metaroom_2023_probstar.csv
[metaroom_2023 1/1 t=0s budget=210s] idx=55 4cnn_ry_79_13_no_custom_OP.onnx+spec_idx_38_eps_0.00000436.vnnlib
    verdict=NOT_APPLICABLE  wall=4.10s

=== Sweep complete ===
Wrote /home/sasakis/v/tools/n2v/examples/FlowConformal/experiments/exp1_vnncomp_subset/outputs/exp1_metaroom_2023_probstar.csv
Total wall-clock: 0.1 min
Counts: {'UNSAT': 0, 'SAT': 0, 'UNKNOWN': 0, 'NOT_APPLICABLE': 1, 'ERROR': 0, 'TIMEOUT': 0}
[run_cell   57/ 100 t=  461s] idx=56   budget=210s (shell timeout=270s)
[metaroom_2023] running only idx=56; appending to /home/sasakis/v/tools/n2v/examples/FlowConformal/experiments/exp1_vnncomp_subset/outputs/exp1_metaroom_2023_probstar.csv
[metaroom_2023 1/1 t=0s budget=210s] idx=56 6cnn_tz_22_3_no_custom_OP.onnx+spec_idx_171_eps_0.00001000.vnnlib
    verdict=NOT_APPLICABLE  wall=4.28s

=== Sweep complete ===
Wrote /home/sasakis/v/tools/n2v/examples/FlowConformal/experiments/exp1_vnncomp_subset/outputs/exp1_metaroom_2023_probstar.csv
Total wall-clock: 0.1 min
Counts: {'UNSAT': 0, 'SAT': 0, 'UNKNOWN': 0, 'NOT_APPLICABLE': 1, 'ERROR': 0, 'TIMEOUT': 0}
[run_cell   58/ 100 t=  470s] idx=57   budget=210s (shell timeout=270s)
[metaroom_2023] running only idx=57; appending to /home/sasakis/v/tools/n2v/examples/FlowConformal/experiments/exp1_vnncomp_subset/outputs/exp1_metaroom_2023_probstar.csv
[metaroom_2023 1/1 t=0s budget=210s] idx=57 4cnn_ry_19_3_no_custom_OP.onnx+spec_idx_5_eps_0.00000436.vnnlib
    verdict=NOT_APPLICABLE  wall=4.11s

=== Sweep complete ===
Wrote /home/sasakis/v/tools/n2v/examples/FlowConformal/experiments/exp1_vnncomp_subset/outputs/exp1_metaroom_2023_probstar.csv
Total wall-clock: 0.1 min
Counts: {'UNSAT': 0, 'SAT': 0, 'UNKNOWN': 0, 'NOT_APPLICABLE': 1, 'ERROR': 0, 'TIMEOUT': 0}
[run_cell   59/ 100 t=  478s] idx=58   budget=210s (shell timeout=270s)
[metaroom_2023] running only idx=58; appending to /home/sasakis/v/tools/n2v/examples/FlowConformal/experiments/exp1_vnncomp_subset/outputs/exp1_metaroom_2023_probstar.csv
[metaroom_2023 1/1 t=0s budget=210s] idx=58 4cnn_tz_94_15_no_custom_OP.onnx+spec_idx_90_eps_0.00001000.vnnlib
    verdict=NOT_APPLICABLE  wall=4.08s

=== Sweep complete ===
Wrote /home/sasakis/v/tools/n2v/examples/FlowConformal/experiments/exp1_vnncomp_subset/outputs/exp1_metaroom_2023_probstar.csv
Total wall-clock: 0.1 min
Counts: {'UNSAT': 0, 'SAT': 0, 'UNKNOWN': 0, 'NOT_APPLICABLE': 1, 'ERROR': 0, 'TIMEOUT': 0}
[run_cell   60/ 100 t=  486s] idx=59   budget=210s (shell timeout=270s)
[metaroom_2023] running only idx=59; appending to /home/sasakis/v/tools/n2v/examples/FlowConformal/experiments/exp1_vnncomp_subset/outputs/exp1_metaroom_2023_probstar.csv
[metaroom_2023 1/1 t=0s budget=210s] idx=59 6cnn_tz_10_1_no_custom_OP.onnx+spec_idx_158_eps_0.00001000.vnnlib
    verdict=NOT_APPLICABLE  wall=4.24s

=== Sweep complete ===
Wrote /home/sasakis/v/tools/n2v/examples/FlowConformal/experiments/exp1_vnncomp_subset/outputs/exp1_metaroom_2023_probstar.csv
Total wall-clock: 0.1 min
Counts: {'UNSAT': 0, 'SAT': 0, 'UNKNOWN': 0, 'NOT_APPLICABLE': 1, 'ERROR': 0, 'TIMEOUT': 0}
[run_cell   61/ 100 t=  494s] idx=60   budget=210s (shell timeout=270s)
[metaroom_2023] running only idx=60; appending to /home/sasakis/v/tools/n2v/examples/FlowConformal/experiments/exp1_vnncomp_subset/outputs/exp1_metaroom_2023_probstar.csv
[metaroom_2023 1/1 t=0s budget=210s] idx=60 6cnn_ry_35_5_no_custom_OP.onnx+spec_idx_115_eps_0.00000436.vnnlib
    verdict=NOT_APPLICABLE  wall=4.18s

=== Sweep complete ===
Wrote /home/sasakis/v/tools/n2v/examples/FlowConformal/experiments/exp1_vnncomp_subset/outputs/exp1_metaroom_2023_probstar.csv
Total wall-clock: 0.1 min
Counts: {'UNSAT': 0, 'SAT': 0, 'UNKNOWN': 0, 'NOT_APPLICABLE': 1, 'ERROR': 0, 'TIMEOUT': 0}
[run_cell   62/ 100 t=  503s] idx=61   budget=210s (shell timeout=270s)
[metaroom_2023] running only idx=61; appending to /home/sasakis/v/tools/n2v/examples/FlowConformal/experiments/exp1_vnncomp_subset/outputs/exp1_metaroom_2023_probstar.csv
[metaroom_2023 1/1 t=0s budget=210s] idx=61 4cnn_ry_58_9_no_custom_OP.onnx+spec_idx_29_eps_0.00000436.vnnlib
    verdict=NOT_APPLICABLE  wall=4.08s

=== Sweep complete ===
Wrote /home/sasakis/v/tools/n2v/examples/FlowConformal/experiments/exp1_vnncomp_subset/outputs/exp1_metaroom_2023_probstar.csv
Total wall-clock: 0.1 min
Counts: {'UNSAT': 0, 'SAT': 0, 'UNKNOWN': 0, 'NOT_APPLICABLE': 1, 'ERROR': 0, 'TIMEOUT': 0}
[run_cell   63/ 100 t=  511s] idx=62   budget=210s (shell timeout=270s)
[metaroom_2023] running only idx=62; appending to /home/sasakis/v/tools/n2v/examples/FlowConformal/experiments/exp1_vnncomp_subset/outputs/exp1_metaroom_2023_probstar.csv
[metaroom_2023 1/1 t=0s budget=210s] idx=62 4cnn_tz_103_17_no_custom_OP.onnx+spec_idx_47_eps_0.00001000.vnnlib
    verdict=NOT_APPLICABLE  wall=4.10s

=== Sweep complete ===
Wrote /home/sasakis/v/tools/n2v/examples/FlowConformal/experiments/exp1_vnncomp_subset/outputs/exp1_metaroom_2023_probstar.csv
Total wall-clock: 0.1 min
Counts: {'UNSAT': 0, 'SAT': 0, 'UNKNOWN': 0, 'NOT_APPLICABLE': 1, 'ERROR': 0, 'TIMEOUT': 0}
[run_cell   64/ 100 t=  519s] idx=63   budget=210s (shell timeout=270s)
[metaroom_2023] running only idx=63; appending to /home/sasakis/v/tools/n2v/examples/FlowConformal/experiments/exp1_vnncomp_subset/outputs/exp1_metaroom_2023_probstar.csv
[metaroom_2023 1/1 t=0s budget=210s] idx=63 6cnn_tz_78_13_no_custom_OP.onnx+spec_idx_204_eps_0.00001000.vnnlib
    verdict=NOT_APPLICABLE  wall=4.21s

=== Sweep complete ===
Wrote /home/sasakis/v/tools/n2v/examples/FlowConformal/experiments/exp1_vnncomp_subset/outputs/exp1_metaroom_2023_probstar.csv
Total wall-clock: 0.1 min
Counts: {'UNSAT': 0, 'SAT': 0, 'UNKNOWN': 0, 'NOT_APPLICABLE': 1, 'ERROR': 0, 'TIMEOUT': 0}
[run_cell   65/ 100 t=  527s] idx=64   budget=210s (shell timeout=270s)
[metaroom_2023] running only idx=64; appending to /home/sasakis/v/tools/n2v/examples/FlowConformal/experiments/exp1_vnncomp_subset/outputs/exp1_metaroom_2023_probstar.csv
[metaroom_2023 1/1 t=0s budget=210s] idx=64 6cnn_tz_6_1_no_custom_OP.onnx+spec_idx_200_eps_0.00001000.vnnlib
    verdict=NOT_APPLICABLE  wall=4.43s

=== Sweep complete ===
Wrote /home/sasakis/v/tools/n2v/examples/FlowConformal/experiments/exp1_vnncomp_subset/outputs/exp1_metaroom_2023_probstar.csv
Total wall-clock: 0.1 min
Counts: {'UNSAT': 0, 'SAT': 0, 'UNKNOWN': 0, 'NOT_APPLICABLE': 1, 'ERROR': 0, 'TIMEOUT': 0}
[run_cell   66/ 100 t=  535s] idx=65   budget=210s (shell timeout=270s)
[metaroom_2023] running only idx=65; appending to /home/sasakis/v/tools/n2v/examples/FlowConformal/experiments/exp1_vnncomp_subset/outputs/exp1_metaroom_2023_probstar.csv
[metaroom_2023 1/1 t=0s budget=210s] idx=65 6cnn_tz_3_0_no_custom_OP.onnx+spec_idx_181_eps_0.00001000.vnnlib
    verdict=NOT_APPLICABLE  wall=4.20s

=== Sweep complete ===
Wrote /home/sasakis/v/tools/n2v/examples/FlowConformal/experiments/exp1_vnncomp_subset/outputs/exp1_metaroom_2023_probstar.csv
Total wall-clock: 0.1 min
Counts: {'UNSAT': 0, 'SAT': 0, 'UNKNOWN': 0, 'NOT_APPLICABLE': 1, 'ERROR': 0, 'TIMEOUT': 0}
[run_cell   67/ 100 t=  544s] idx=66   budget=210s (shell timeout=270s)
[metaroom_2023] running only idx=66; appending to /home/sasakis/v/tools/n2v/examples/FlowConformal/experiments/exp1_vnncomp_subset/outputs/exp1_metaroom_2023_probstar.csv
[metaroom_2023 1/1 t=0s budget=210s] idx=66 6cnn_ry_4_0_no_custom_OP.onnx+spec_idx_125_eps_0.00000436.vnnlib
    verdict=NOT_APPLICABLE  wall=4.22s

=== Sweep complete ===
Wrote /home/sasakis/v/tools/n2v/examples/FlowConformal/experiments/exp1_vnncomp_subset/outputs/exp1_metaroom_2023_probstar.csv
Total wall-clock: 0.1 min
Counts: {'UNSAT': 0, 'SAT': 0, 'UNKNOWN': 0, 'NOT_APPLICABLE': 1, 'ERROR': 0, 'TIMEOUT': 0}
[run_cell   68/ 100 t=  552s] idx=67   budget=210s (shell timeout=270s)
[metaroom_2023] running only idx=67; appending to /home/sasakis/v/tools/n2v/examples/FlowConformal/experiments/exp1_vnncomp_subset/outputs/exp1_metaroom_2023_probstar.csv
[metaroom_2023 1/1 t=0s budget=210s] idx=67 6cnn_ry_95_15_no_custom_OP.onnx+spec_idx_150_eps_0.00000436.vnnlib
    verdict=NOT_APPLICABLE  wall=4.21s

=== Sweep complete ===
Wrote /home/sasakis/v/tools/n2v/examples/FlowConformal/experiments/exp1_vnncomp_subset/outputs/exp1_metaroom_2023_probstar.csv
Total wall-clock: 0.1 min
Counts: {'UNSAT': 0, 'SAT': 0, 'UNKNOWN': 0, 'NOT_APPLICABLE': 1, 'ERROR': 0, 'TIMEOUT': 0}
[run_cell   69/ 100 t=  560s] idx=68   budget=210s (shell timeout=270s)
[metaroom_2023] running only idx=68; appending to /home/sasakis/v/tools/n2v/examples/FlowConformal/experiments/exp1_vnncomp_subset/outputs/exp1_metaroom_2023_probstar.csv
[metaroom_2023 1/1 t=0s budget=210s] idx=68 6cnn_tz_37_6_no_custom_OP.onnx+spec_idx_178_eps_0.00001000.vnnlib
    verdict=NOT_APPLICABLE  wall=4.30s

=== Sweep complete ===
Wrote /home/sasakis/v/tools/n2v/examples/FlowConformal/experiments/exp1_vnncomp_subset/outputs/exp1_metaroom_2023_probstar.csv
Total wall-clock: 0.1 min
Counts: {'UNSAT': 0, 'SAT': 0, 'UNKNOWN': 0, 'NOT_APPLICABLE': 1, 'ERROR': 0, 'TIMEOUT': 0}
[run_cell   70/ 100 t=  569s] idx=69   budget=210s (shell timeout=270s)
[metaroom_2023] running only idx=69; appending to /home/sasakis/v/tools/n2v/examples/FlowConformal/experiments/exp1_vnncomp_subset/outputs/exp1_metaroom_2023_probstar.csv
[metaroom_2023 1/1 t=0s budget=210s] idx=69 4cnn_ry_71_11_no_custom_OP.onnx+spec_idx_37_eps_0.00000436.vnnlib
    verdict=NOT_APPLICABLE  wall=4.06s

=== Sweep complete ===
Wrote /home/sasakis/v/tools/n2v/examples/FlowConformal/experiments/exp1_vnncomp_subset/outputs/exp1_metaroom_2023_probstar.csv
Total wall-clock: 0.1 min
Counts: {'UNSAT': 0, 'SAT': 0, 'UNKNOWN': 0, 'NOT_APPLICABLE': 1, 'ERROR': 0, 'TIMEOUT': 0}
[run_cell   71/ 100 t=  577s] idx=70   budget=210s (shell timeout=270s)
[metaroom_2023] running only idx=70; appending to /home/sasakis/v/tools/n2v/examples/FlowConformal/experiments/exp1_vnncomp_subset/outputs/exp1_metaroom_2023_probstar.csv
[metaroom_2023 1/1 t=0s budget=210s] idx=70 6cnn_ry_114_19_no_custom_OP.onnx+spec_idx_100_eps_0.00000436.vnnlib
    verdict=NOT_APPLICABLE  wall=4.29s

=== Sweep complete ===
Wrote /home/sasakis/v/tools/n2v/examples/FlowConformal/experiments/exp1_vnncomp_subset/outputs/exp1_metaroom_2023_probstar.csv
Total wall-clock: 0.1 min
Counts: {'UNSAT': 0, 'SAT': 0, 'UNKNOWN': 0, 'NOT_APPLICABLE': 1, 'ERROR': 0, 'TIMEOUT': 0}
[run_cell   72/ 100 t=  585s] idx=71   budget=210s (shell timeout=270s)
[metaroom_2023] running only idx=71; appending to /home/sasakis/v/tools/n2v/examples/FlowConformal/experiments/exp1_vnncomp_subset/outputs/exp1_metaroom_2023_probstar.csv
[metaroom_2023 1/1 t=0s budget=210s] idx=71 4cnn_ry_70_11_no_custom_OP.onnx+spec_idx_36_eps_0.00000436.vnnlib
    verdict=NOT_APPLICABLE  wall=4.10s

=== Sweep complete ===
Wrote /home/sasakis/v/tools/n2v/examples/FlowConformal/experiments/exp1_vnncomp_subset/outputs/exp1_metaroom_2023_probstar.csv
Total wall-clock: 0.1 min
Counts: {'UNSAT': 0, 'SAT': 0, 'UNKNOWN': 0, 'NOT_APPLICABLE': 1, 'ERROR': 0, 'TIMEOUT': 0}
[run_cell   73/ 100 t=  593s] idx=72   budget=210s (shell timeout=270s)
[metaroom_2023] running only idx=72; appending to /home/sasakis/v/tools/n2v/examples/FlowConformal/experiments/exp1_vnncomp_subset/outputs/exp1_metaroom_2023_probstar.csv
[metaroom_2023 1/1 t=0s budget=210s] idx=72 4cnn_tz_20_3_no_custom_OP.onnx+spec_idx_53_eps_0.00001000.vnnlib
    verdict=NOT_APPLICABLE  wall=4.09s

=== Sweep complete ===
Wrote /home/sasakis/v/tools/n2v/examples/FlowConformal/experiments/exp1_vnncomp_subset/outputs/exp1_metaroom_2023_probstar.csv
Total wall-clock: 0.1 min
Counts: {'UNSAT': 0, 'SAT': 0, 'UNKNOWN': 0, 'NOT_APPLICABLE': 1, 'ERROR': 0, 'TIMEOUT': 0}
[run_cell   74/ 100 t=  601s] idx=73   budget=210s (shell timeout=270s)
[metaroom_2023] running only idx=73; appending to /home/sasakis/v/tools/n2v/examples/FlowConformal/experiments/exp1_vnncomp_subset/outputs/exp1_metaroom_2023_probstar.csv
[metaroom_2023 1/1 t=0s budget=210s] idx=73 4cnn_ry_52_8_no_custom_OP.onnx+spec_idx_25_eps_0.00000436.vnnlib
    verdict=NOT_APPLICABLE  wall=4.18s

=== Sweep complete ===
Wrote /home/sasakis/v/tools/n2v/examples/FlowConformal/experiments/exp1_vnncomp_subset/outputs/exp1_metaroom_2023_probstar.csv
Total wall-clock: 0.1 min
Counts: {'UNSAT': 0, 'SAT': 0, 'UNKNOWN': 0, 'NOT_APPLICABLE': 1, 'ERROR': 0, 'TIMEOUT': 0}
[run_cell   75/ 100 t=  609s] idx=74   budget=210s (shell timeout=270s)
[metaroom_2023] running only idx=74; appending to /home/sasakis/v/tools/n2v/examples/FlowConformal/experiments/exp1_vnncomp_subset/outputs/exp1_metaroom_2023_probstar.csv
[metaroom_2023 1/1 t=0s budget=210s] idx=74 6cnn_tz_4_0_no_custom_OP.onnx+spec_idx_186_eps_0.00001000.vnnlib
    verdict=NOT_APPLICABLE  wall=4.35s

=== Sweep complete ===
Wrote /home/sasakis/v/tools/n2v/examples/FlowConformal/experiments/exp1_vnncomp_subset/outputs/exp1_metaroom_2023_probstar.csv
Total wall-clock: 0.1 min
Counts: {'UNSAT': 0, 'SAT': 0, 'UNKNOWN': 0, 'NOT_APPLICABLE': 1, 'ERROR': 0, 'TIMEOUT': 0}
[run_cell   76/ 100 t=  618s] idx=75   budget=210s (shell timeout=270s)
[metaroom_2023] running only idx=75; appending to /home/sasakis/v/tools/n2v/examples/FlowConformal/experiments/exp1_vnncomp_subset/outputs/exp1_metaroom_2023_probstar.csv
[metaroom_2023 1/1 t=0s budget=210s] idx=75 6cnn_ry_91_15_no_custom_OP.onnx+spec_idx_146_eps_0.00000436.vnnlib
    verdict=NOT_APPLICABLE  wall=4.16s

=== Sweep complete ===
Wrote /home/sasakis/v/tools/n2v/examples/FlowConformal/experiments/exp1_vnncomp_subset/outputs/exp1_metaroom_2023_probstar.csv
Total wall-clock: 0.1 min
Counts: {'UNSAT': 0, 'SAT': 0, 'UNKNOWN': 0, 'NOT_APPLICABLE': 1, 'ERROR': 0, 'TIMEOUT': 0}
[run_cell   77/ 100 t=  626s] idx=76   budget=210s (shell timeout=270s)
[metaroom_2023] running only idx=76; appending to /home/sasakis/v/tools/n2v/examples/FlowConformal/experiments/exp1_vnncomp_subset/outputs/exp1_metaroom_2023_probstar.csv
[metaroom_2023 1/1 t=0s budget=210s] idx=76 4cnn_tz_4_0_no_custom_OP.onnx+spec_idx_71_eps_0.00001000.vnnlib
    verdict=NOT_APPLICABLE  wall=4.09s

=== Sweep complete ===
Wrote /home/sasakis/v/tools/n2v/examples/FlowConformal/experiments/exp1_vnncomp_subset/outputs/exp1_metaroom_2023_probstar.csv
Total wall-clock: 0.1 min
Counts: {'UNSAT': 0, 'SAT': 0, 'UNKNOWN': 0, 'NOT_APPLICABLE': 1, 'ERROR': 0, 'TIMEOUT': 0}
[run_cell   78/ 100 t=  634s] idx=77   budget=210s (shell timeout=270s)
[metaroom_2023] running only idx=77; appending to /home/sasakis/v/tools/n2v/examples/FlowConformal/experiments/exp1_vnncomp_subset/outputs/exp1_metaroom_2023_probstar.csv
[metaroom_2023 1/1 t=0s budget=210s] idx=77 4cnn_tz_47_7_no_custom_OP.onnx+spec_idx_69_eps_0.00001000.vnnlib
    verdict=NOT_APPLICABLE  wall=4.09s

=== Sweep complete ===
Wrote /home/sasakis/v/tools/n2v/examples/FlowConformal/experiments/exp1_vnncomp_subset/outputs/exp1_metaroom_2023_probstar.csv
Total wall-clock: 0.1 min
Counts: {'UNSAT': 0, 'SAT': 0, 'UNKNOWN': 0, 'NOT_APPLICABLE': 1, 'ERROR': 0, 'TIMEOUT': 0}
[run_cell   79/ 100 t=  642s] idx=78   budget=210s (shell timeout=270s)
[metaroom_2023] running only idx=78; appending to /home/sasakis/v/tools/n2v/examples/FlowConformal/experiments/exp1_vnncomp_subset/outputs/exp1_metaroom_2023_probstar.csv
[metaroom_2023 1/1 t=0s budget=210s] idx=78 4cnn_ry_57_9_no_custom_OP.onnx+spec_idx_28_eps_0.00000436.vnnlib
    verdict=NOT_APPLICABLE  wall=4.30s

=== Sweep complete ===
Wrote /home/sasakis/v/tools/n2v/examples/FlowConformal/experiments/exp1_vnncomp_subset/outputs/exp1_metaroom_2023_probstar.csv
Total wall-clock: 0.1 min
Counts: {'UNSAT': 0, 'SAT': 0, 'UNKNOWN': 0, 'NOT_APPLICABLE': 1, 'ERROR': 0, 'TIMEOUT': 0}
[run_cell   80/ 100 t=  650s] idx=79   budget=210s (shell timeout=270s)
[metaroom_2023] running only idx=79; appending to /home/sasakis/v/tools/n2v/examples/FlowConformal/experiments/exp1_vnncomp_subset/outputs/exp1_metaroom_2023_probstar.csv
[metaroom_2023 1/1 t=0s budget=210s] idx=79 6cnn_ry_67_11_no_custom_OP.onnx+spec_idx_135_eps_0.00000436.vnnlib
    verdict=NOT_APPLICABLE  wall=4.39s

=== Sweep complete ===
Wrote /home/sasakis/v/tools/n2v/examples/FlowConformal/experiments/exp1_vnncomp_subset/outputs/exp1_metaroom_2023_probstar.csv
Total wall-clock: 0.1 min
Counts: {'UNSAT': 0, 'SAT': 0, 'UNKNOWN': 0, 'NOT_APPLICABLE': 1, 'ERROR': 0, 'TIMEOUT': 0}
[run_cell   81/ 100 t=  659s] idx=80   budget=210s (shell timeout=270s)
[metaroom_2023] running only idx=80; appending to /home/sasakis/v/tools/n2v/examples/FlowConformal/experiments/exp1_vnncomp_subset/outputs/exp1_metaroom_2023_probstar.csv
[metaroom_2023 1/1 t=0s budget=210s] idx=80 4cnn_tz_34_5_no_custom_OP.onnx+spec_idx_59_eps_0.00001000.vnnlib
    verdict=NOT_APPLICABLE  wall=4.09s

=== Sweep complete ===
Wrote /home/sasakis/v/tools/n2v/examples/FlowConformal/experiments/exp1_vnncomp_subset/outputs/exp1_metaroom_2023_probstar.csv
Total wall-clock: 0.1 min
Counts: {'UNSAT': 0, 'SAT': 0, 'UNKNOWN': 0, 'NOT_APPLICABLE': 1, 'ERROR': 0, 'TIMEOUT': 0}
[run_cell   82/ 100 t=  667s] idx=81   budget=210s (shell timeout=270s)
[metaroom_2023] running only idx=81; appending to /home/sasakis/v/tools/n2v/examples/FlowConformal/experiments/exp1_vnncomp_subset/outputs/exp1_metaroom_2023_probstar.csv
[metaroom_2023 1/1 t=0s budget=210s] idx=81 4cnn_tz_41_6_no_custom_OP.onnx+spec_idx_66_eps_0.00001000.vnnlib
    verdict=NOT_APPLICABLE  wall=4.14s

=== Sweep complete ===
Wrote /home/sasakis/v/tools/n2v/examples/FlowConformal/experiments/exp1_vnncomp_subset/outputs/exp1_metaroom_2023_probstar.csv
Total wall-clock: 0.1 min
Counts: {'UNSAT': 0, 'SAT': 0, 'UNKNOWN': 0, 'NOT_APPLICABLE': 1, 'ERROR': 0, 'TIMEOUT': 0}
[run_cell   83/ 100 t=  675s] idx=82   budget=210s (shell timeout=270s)
[metaroom_2023] running only idx=82; appending to /home/sasakis/v/tools/n2v/examples/FlowConformal/experiments/exp1_vnncomp_subset/outputs/exp1_metaroom_2023_probstar.csv
[metaroom_2023 1/1 t=0s budget=210s] idx=82 4cnn_tz_99_16_no_custom_OP.onnx+spec_idx_91_eps_0.00001000.vnnlib
    verdict=NOT_APPLICABLE  wall=4.14s

=== Sweep complete ===
Wrote /home/sasakis/v/tools/n2v/examples/FlowConformal/experiments/exp1_vnncomp_subset/outputs/exp1_metaroom_2023_probstar.csv
Total wall-clock: 0.1 min
Counts: {'UNSAT': 0, 'SAT': 0, 'UNKNOWN': 0, 'NOT_APPLICABLE': 1, 'ERROR': 0, 'TIMEOUT': 0}
[run_cell   84/ 100 t=  683s] idx=83   budget=210s (shell timeout=270s)
[metaroom_2023] running only idx=83; appending to /home/sasakis/v/tools/n2v/examples/FlowConformal/experiments/exp1_vnncomp_subset/outputs/exp1_metaroom_2023_probstar.csv
[metaroom_2023 1/1 t=0s budget=210s] idx=83 6cnn_ry_12_2_no_custom_OP.onnx+spec_idx_105_eps_0.00000436.vnnlib
    verdict=NOT_APPLICABLE  wall=4.21s

=== Sweep complete ===
Wrote /home/sasakis/v/tools/n2v/examples/FlowConformal/experiments/exp1_vnncomp_subset/outputs/exp1_metaroom_2023_probstar.csv
Total wall-clock: 0.1 min
Counts: {'UNSAT': 0, 'SAT': 0, 'UNKNOWN': 0, 'NOT_APPLICABLE': 1, 'ERROR': 0, 'TIMEOUT': 0}
[run_cell   85/ 100 t=  692s] idx=84   budget=210s (shell timeout=270s)
[metaroom_2023] running only idx=84; appending to /home/sasakis/v/tools/n2v/examples/FlowConformal/experiments/exp1_vnncomp_subset/outputs/exp1_metaroom_2023_probstar.csv
[metaroom_2023 1/1 t=0s budget=210s] idx=84 6cnn_tz_93_15_no_custom_OP.onnx+spec_idx_208_eps_0.00001000.vnnlib
    verdict=NOT_APPLICABLE  wall=4.16s

=== Sweep complete ===
Wrote /home/sasakis/v/tools/n2v/examples/FlowConformal/experiments/exp1_vnncomp_subset/outputs/exp1_metaroom_2023_probstar.csv
Total wall-clock: 0.1 min
Counts: {'UNSAT': 0, 'SAT': 0, 'UNKNOWN': 0, 'NOT_APPLICABLE': 1, 'ERROR': 0, 'TIMEOUT': 0}
[run_cell   86/ 100 t=  700s] idx=85   budget=210s (shell timeout=270s)
[metaroom_2023] running only idx=85; appending to /home/sasakis/v/tools/n2v/examples/FlowConformal/experiments/exp1_vnncomp_subset/outputs/exp1_metaroom_2023_probstar.csv
[metaroom_2023 1/1 t=0s budget=210s] idx=85 4cnn_tz_44_7_no_custom_OP.onnx+spec_idx_68_eps_0.00001000.vnnlib
    verdict=NOT_APPLICABLE  wall=4.06s

=== Sweep complete ===
Wrote /home/sasakis/v/tools/n2v/examples/FlowConformal/experiments/exp1_vnncomp_subset/outputs/exp1_metaroom_2023_probstar.csv
Total wall-clock: 0.1 min
Counts: {'UNSAT': 0, 'SAT': 0, 'UNKNOWN': 0, 'NOT_APPLICABLE': 1, 'ERROR': 0, 'TIMEOUT': 0}
[run_cell   87/ 100 t=  708s] idx=86   budget=210s (shell timeout=270s)
[metaroom_2023] running only idx=86; appending to /home/sasakis/v/tools/n2v/examples/FlowConformal/experiments/exp1_vnncomp_subset/outputs/exp1_metaroom_2023_probstar.csv
[metaroom_2023 1/1 t=0s budget=210s] idx=86 6cnn_tz_79_13_no_custom_OP.onnx+spec_idx_205_eps_0.00001000.vnnlib
    verdict=NOT_APPLICABLE  wall=4.16s

=== Sweep complete ===
Wrote /home/sasakis/v/tools/n2v/examples/FlowConformal/experiments/exp1_vnncomp_subset/outputs/exp1_metaroom_2023_probstar.csv
Total wall-clock: 0.1 min
Counts: {'UNSAT': 0, 'SAT': 0, 'UNKNOWN': 0, 'NOT_APPLICABLE': 1, 'ERROR': 0, 'TIMEOUT': 0}
[run_cell   88/ 100 t=  716s] idx=87   budget=210s (shell timeout=270s)
[metaroom_2023] running only idx=87; appending to /home/sasakis/v/tools/n2v/examples/FlowConformal/experiments/exp1_vnncomp_subset/outputs/exp1_metaroom_2023_probstar.csv
[metaroom_2023 1/1 t=0s budget=210s] idx=87 6cnn_ry_6_1_no_custom_OP.onnx+spec_idx_137_eps_0.00000436.vnnlib
    verdict=NOT_APPLICABLE  wall=4.21s

=== Sweep complete ===
Wrote /home/sasakis/v/tools/n2v/examples/FlowConformal/experiments/exp1_vnncomp_subset/outputs/exp1_metaroom_2023_probstar.csv
Total wall-clock: 0.1 min
Counts: {'UNSAT': 0, 'SAT': 0, 'UNKNOWN': 0, 'NOT_APPLICABLE': 1, 'ERROR': 0, 'TIMEOUT': 0}
[run_cell   89/ 100 t=  724s] idx=88   budget=210s (shell timeout=270s)
[metaroom_2023] running only idx=88; appending to /home/sasakis/v/tools/n2v/examples/FlowConformal/experiments/exp1_vnncomp_subset/outputs/exp1_metaroom_2023_probstar.csv
[metaroom_2023 1/1 t=0s budget=210s] idx=88 6cnn_ry_52_8_no_custom_OP.onnx+spec_idx_126_eps_0.00000436.vnnlib
    verdict=NOT_APPLICABLE  wall=4.31s

=== Sweep complete ===
Wrote /home/sasakis/v/tools/n2v/examples/FlowConformal/experiments/exp1_vnncomp_subset/outputs/exp1_metaroom_2023_probstar.csv
Total wall-clock: 0.1 min
Counts: {'UNSAT': 0, 'SAT': 0, 'UNKNOWN': 0, 'NOT_APPLICABLE': 1, 'ERROR': 0, 'TIMEOUT': 0}
[run_cell   90/ 100 t=  733s] idx=89   budget=210s (shell timeout=270s)
[metaroom_2023] running only idx=89; appending to /home/sasakis/v/tools/n2v/examples/FlowConformal/experiments/exp1_vnncomp_subset/outputs/exp1_metaroom_2023_probstar.csv
[metaroom_2023 1/1 t=0s budget=210s] idx=89 4cnn_tz_82_13_no_custom_OP.onnx+spec_idx_87_eps_0.00001000.vnnlib
    verdict=NOT_APPLICABLE  wall=4.18s

=== Sweep complete ===
Wrote /home/sasakis/v/tools/n2v/examples/FlowConformal/experiments/exp1_vnncomp_subset/outputs/exp1_metaroom_2023_probstar.csv
Total wall-clock: 0.1 min
Counts: {'UNSAT': 0, 'SAT': 0, 'UNKNOWN': 0, 'NOT_APPLICABLE': 1, 'ERROR': 0, 'TIMEOUT': 0}
[run_cell   91/ 100 t=  741s] idx=90   budget=210s (shell timeout=270s)
[metaroom_2023] running only idx=90; appending to /home/sasakis/v/tools/n2v/examples/FlowConformal/experiments/exp1_vnncomp_subset/outputs/exp1_metaroom_2023_probstar.csv
[metaroom_2023 1/1 t=0s budget=210s] idx=90 6cnn_ry_28_4_no_custom_OP.onnx+spec_idx_113_eps_0.00000436.vnnlib
    verdict=NOT_APPLICABLE  wall=4.21s

=== Sweep complete ===
Wrote /home/sasakis/v/tools/n2v/examples/FlowConformal/experiments/exp1_vnncomp_subset/outputs/exp1_metaroom_2023_probstar.csv
Total wall-clock: 0.1 min
Counts: {'UNSAT': 0, 'SAT': 0, 'UNKNOWN': 0, 'NOT_APPLICABLE': 1, 'ERROR': 0, 'TIMEOUT': 0}
[run_cell   92/ 100 t=  749s] idx=91   budget=210s (shell timeout=270s)
[metaroom_2023] running only idx=91; appending to /home/sasakis/v/tools/n2v/examples/FlowConformal/experiments/exp1_vnncomp_subset/outputs/exp1_metaroom_2023_probstar.csv
[metaroom_2023 1/1 t=0s budget=210s] idx=91 6cnn_tz_28_4_no_custom_OP.onnx+spec_idx_173_eps_0.00001000.vnnlib
    verdict=NOT_APPLICABLE  wall=4.30s

=== Sweep complete ===
Wrote /home/sasakis/v/tools/n2v/examples/FlowConformal/experiments/exp1_vnncomp_subset/outputs/exp1_metaroom_2023_probstar.csv
Total wall-clock: 0.1 min
Counts: {'UNSAT': 0, 'SAT': 0, 'UNKNOWN': 0, 'NOT_APPLICABLE': 1, 'ERROR': 0, 'TIMEOUT': 0}
[run_cell   93/ 100 t=  757s] idx=92   budget=210s (shell timeout=270s)
[metaroom_2023] running only idx=92; appending to /home/sasakis/v/tools/n2v/examples/FlowConformal/experiments/exp1_vnncomp_subset/outputs/exp1_metaroom_2023_probstar.csv
[metaroom_2023 1/1 t=0s budget=210s] idx=92 6cnn_tz_104_17_no_custom_OP.onnx+spec_idx_155_eps_0.00001000.vnnlib
    verdict=NOT_APPLICABLE  wall=4.15s

=== Sweep complete ===
Wrote /home/sasakis/v/tools/n2v/examples/FlowConformal/experiments/exp1_vnncomp_subset/outputs/exp1_metaroom_2023_probstar.csv
Total wall-clock: 0.1 min
Counts: {'UNSAT': 0, 'SAT': 0, 'UNKNOWN': 0, 'NOT_APPLICABLE': 1, 'ERROR': 0, 'TIMEOUT': 0}
[run_cell   94/ 100 t=  766s] idx=93   budget=210s (shell timeout=270s)
[metaroom_2023] running only idx=93; appending to /home/sasakis/v/tools/n2v/examples/FlowConformal/experiments/exp1_vnncomp_subset/outputs/exp1_metaroom_2023_probstar.csv
[metaroom_2023 1/1 t=0s budget=210s] idx=93 6cnn_tz_18_3_no_custom_OP.onnx+spec_idx_166_eps_0.00001000.vnnlib
    verdict=NOT_APPLICABLE  wall=4.30s

=== Sweep complete ===
Wrote /home/sasakis/v/tools/n2v/examples/FlowConformal/experiments/exp1_vnncomp_subset/outputs/exp1_metaroom_2023_probstar.csv
Total wall-clock: 0.1 min
Counts: {'UNSAT': 0, 'SAT': 0, 'UNKNOWN': 0, 'NOT_APPLICABLE': 1, 'ERROR': 0, 'TIMEOUT': 0}
[run_cell   95/ 100 t=  774s] idx=94   budget=210s (shell timeout=270s)
[metaroom_2023] running only idx=94; appending to /home/sasakis/v/tools/n2v/examples/FlowConformal/experiments/exp1_vnncomp_subset/outputs/exp1_metaroom_2023_probstar.csv
[metaroom_2023 1/1 t=0s budget=210s] idx=94 6cnn_ry_36_6_no_custom_OP.onnx+spec_idx_116_eps_0.00000436.vnnlib
    verdict=NOT_APPLICABLE  wall=4.22s

=== Sweep complete ===
Wrote /home/sasakis/v/tools/n2v/examples/FlowConformal/experiments/exp1_vnncomp_subset/outputs/exp1_metaroom_2023_probstar.csv
Total wall-clock: 0.1 min
Counts: {'UNSAT': 0, 'SAT': 0, 'UNKNOWN': 0, 'NOT_APPLICABLE': 1, 'ERROR': 0, 'TIMEOUT': 0}
[run_cell   96/ 100 t=  782s] idx=95   budget=210s (shell timeout=270s)
[metaroom_2023] running only idx=95; appending to /home/sasakis/v/tools/n2v/examples/FlowConformal/experiments/exp1_vnncomp_subset/outputs/exp1_metaroom_2023_probstar.csv
[metaroom_2023 1/1 t=0s budget=210s] idx=95 6cnn_ry_117_19_no_custom_OP.onnx+spec_idx_101_eps_0.00000436.vnnlib
    verdict=NOT_APPLICABLE  wall=4.23s

=== Sweep complete ===
Wrote /home/sasakis/v/tools/n2v/examples/FlowConformal/experiments/exp1_vnncomp_subset/outputs/exp1_metaroom_2023_probstar.csv
Total wall-clock: 0.1 min
Counts: {'UNSAT': 0, 'SAT': 0, 'UNKNOWN': 0, 'NOT_APPLICABLE': 1, 'ERROR': 0, 'TIMEOUT': 0}
[run_cell   97/ 100 t=  790s] idx=96   budget=210s (shell timeout=270s)
[metaroom_2023] running only idx=96; appending to /home/sasakis/v/tools/n2v/examples/FlowConformal/experiments/exp1_vnncomp_subset/outputs/exp1_metaroom_2023_probstar.csv
[metaroom_2023 1/1 t=0s budget=210s] idx=96 6cnn_ry_92_15_no_custom_OP.onnx+spec_idx_147_eps_0.00000436.vnnlib
    verdict=NOT_APPLICABLE  wall=4.23s

=== Sweep complete ===
Wrote /home/sasakis/v/tools/n2v/examples/FlowConformal/experiments/exp1_vnncomp_subset/outputs/exp1_metaroom_2023_probstar.csv
Total wall-clock: 0.1 min
Counts: {'UNSAT': 0, 'SAT': 0, 'UNKNOWN': 0, 'NOT_APPLICABLE': 1, 'ERROR': 0, 'TIMEOUT': 0}
[run_cell   98/ 100 t=  799s] idx=97   budget=210s (shell timeout=270s)
[metaroom_2023] running only idx=97; appending to /home/sasakis/v/tools/n2v/examples/FlowConformal/experiments/exp1_vnncomp_subset/outputs/exp1_metaroom_2023_probstar.csv
[metaroom_2023 1/1 t=0s budget=210s] idx=97 6cnn_ry_39_6_no_custom_OP.onnx+spec_idx_119_eps_0.00000436.vnnlib
    verdict=NOT_APPLICABLE  wall=4.19s

=== Sweep complete ===
Wrote /home/sasakis/v/tools/n2v/examples/FlowConformal/experiments/exp1_vnncomp_subset/outputs/exp1_metaroom_2023_probstar.csv
Total wall-clock: 0.1 min
Counts: {'UNSAT': 0, 'SAT': 0, 'UNKNOWN': 0, 'NOT_APPLICABLE': 1, 'ERROR': 0, 'TIMEOUT': 0}
[run_cell   99/ 100 t=  807s] idx=98   budget=210s (shell timeout=270s)
[metaroom_2023] running only idx=98; appending to /home/sasakis/v/tools/n2v/examples/FlowConformal/experiments/exp1_vnncomp_subset/outputs/exp1_metaroom_2023_probstar.csv
[metaroom_2023 1/1 t=0s budget=210s] idx=98 4cnn_tz_39_6_no_custom_OP.onnx+spec_idx_63_eps_0.00001000.vnnlib
    verdict=NOT_APPLICABLE  wall=4.19s

=== Sweep complete ===
Wrote /home/sasakis/v/tools/n2v/examples/FlowConformal/experiments/exp1_vnncomp_subset/outputs/exp1_metaroom_2023_probstar.csv
Total wall-clock: 0.1 min
Counts: {'UNSAT': 0, 'SAT': 0, 'UNKNOWN': 0, 'NOT_APPLICABLE': 1, 'ERROR': 0, 'TIMEOUT': 0}
[run_cell  100/ 100 t=  815s] idx=99   budget=210s (shell timeout=270s)
[metaroom_2023] running only idx=99; appending to /home/sasakis/v/tools/n2v/examples/FlowConformal/experiments/exp1_vnncomp_subset/outputs/exp1_metaroom_2023_probstar.csv
[metaroom_2023 1/1 t=0s budget=210s] idx=99 6cnn_tz_23_3_no_custom_OP.onnx+spec_idx_172_eps_0.00001000.vnnlib
    verdict=NOT_APPLICABLE  wall=4.21s

=== Sweep complete ===
Wrote /home/sasakis/v/tools/n2v/examples/FlowConformal/experiments/exp1_vnncomp_subset/outputs/exp1_metaroom_2023_probstar.csv
Total wall-clock: 0.1 min
Counts: {'UNSAT': 0, 'SAT': 0, 'UNKNOWN': 0, 'NOT_APPLICABLE': 1, 'ERROR': 0, 'TIMEOUT': 0}
[run_cell] complete. shell-killed timeouts and exits noted above; CSV row counts in the output file.

[2026-05-05T19:13:37-05:00] === END:   exp1_metaroom_2023_probstar (rc=0) ===
