[2026-05-02T07:18:54-05:00] === START: exp1_linearizenn_2024_hashemi_clipping ===
[run_cell] exp1_vnncomp_subset.exp1_run_hashemi_clipping --benchmark linearizenn_2024: 60 instances
[run_cell    1/  60 t=    0s] idx=0    budget=900s (shell timeout=960s)
[linearizenn_2024] running only idx=0; appending to /home/sasakis/v/tools/n2v/examples/FlowConformal/experiments/exp1_vnncomp_subset/outputs/exp1_linearizenn_2024_hashemi_clipping.csv
[linearizenn_2024] Loaded 1 instances; writing to /home/sasakis/v/tools/n2v/examples/FlowConformal/experiments/exp1_vnncomp_subset/outputs/exp1_linearizenn_2024_hashemi_clipping.csv
[linearizenn_2024] Hashemi-clipping config: m=8000 ell=7999 epsilon=0.001 SEED=47
[linearizenn_2024 1/1 t=0s budget=900s] onnx/AllInOne_10_10.onnx + vnnlib/prop_10_10.vnnlib
/home/sasakis/v/tools/n2v/third_party/onnx2torch/onnx2torch/node_converters/slice.py:67: UserWarning: Using a non-tuple sequence for multidimensional indexing is deprecated and will be changed in pytorch 2.9; use x[tuple(seq)] instead of x[seq]. In pytorch 2.9 this will be interpreted as tensor index, x[torch.tensor(seq)], which will result either in an error or a different result (Triggered internally at /pytorch/torch/csrc/autograd/python_variable_indexing.cpp:306.)
  x = x[pos_axes_slices]
    verdict=SAT  wall=2.6s

=== Sweep complete ===
Wrote /home/sasakis/v/tools/n2v/examples/FlowConformal/experiments/exp1_vnncomp_subset/outputs/exp1_linearizenn_2024_hashemi_clipping.csv
Total wall-clock: 0.0 min
Counts: {'UNSAT': 0, 'SAT': 1, 'UNKNOWN': 0, 'SKIPPED': 0, 'ERROR': 0, 'TIMEOUT': 0}
[run_cell    2/  60 t=    7s] idx=1    budget=900s (shell timeout=960s)
[linearizenn_2024] running only idx=1; appending to /home/sasakis/v/tools/n2v/examples/FlowConformal/experiments/exp1_vnncomp_subset/outputs/exp1_linearizenn_2024_hashemi_clipping.csv
[linearizenn_2024] Loaded 1 instances; writing to /home/sasakis/v/tools/n2v/examples/FlowConformal/experiments/exp1_vnncomp_subset/outputs/exp1_linearizenn_2024_hashemi_clipping.csv
[linearizenn_2024] Hashemi-clipping config: m=8000 ell=7999 epsilon=0.001 SEED=47
[linearizenn_2024 1/1 t=0s budget=900s] onnx/AllInOne_10_10.onnx + vnnlib/prop_10_10_0.vnnlib
/home/sasakis/v/tools/n2v/third_party/onnx2torch/onnx2torch/node_converters/slice.py:67: UserWarning: Using a non-tuple sequence for multidimensional indexing is deprecated and will be changed in pytorch 2.9; use x[tuple(seq)] instead of x[seq]. In pytorch 2.9 this will be interpreted as tensor index, x[torch.tensor(seq)], which will result either in an error or a different result (Triggered internally at /pytorch/torch/csrc/autograd/python_variable_indexing.cpp:306.)
  x = x[pos_axes_slices]
    verdict=UNSAT  wall=72.7s

=== Sweep complete ===
Wrote /home/sasakis/v/tools/n2v/examples/FlowConformal/experiments/exp1_vnncomp_subset/outputs/exp1_linearizenn_2024_hashemi_clipping.csv
Total wall-clock: 1.2 min
Counts: {'UNSAT': 1, 'SAT': 0, 'UNKNOWN': 0, 'SKIPPED': 0, 'ERROR': 0, 'TIMEOUT': 0}
[run_cell    3/  60 t=   84s] idx=2    budget=900s (shell timeout=960s)
[linearizenn_2024] running only idx=2; appending to /home/sasakis/v/tools/n2v/examples/FlowConformal/experiments/exp1_vnncomp_subset/outputs/exp1_linearizenn_2024_hashemi_clipping.csv
[linearizenn_2024] Loaded 1 instances; writing to /home/sasakis/v/tools/n2v/examples/FlowConformal/experiments/exp1_vnncomp_subset/outputs/exp1_linearizenn_2024_hashemi_clipping.csv
[linearizenn_2024] Hashemi-clipping config: m=8000 ell=7999 epsilon=0.001 SEED=47
[linearizenn_2024 1/1 t=0s budget=900s] onnx/AllInOne_10_10.onnx + vnnlib/prop_10_10_1.vnnlib
/home/sasakis/v/tools/n2v/third_party/onnx2torch/onnx2torch/node_converters/slice.py:67: UserWarning: Using a non-tuple sequence for multidimensional indexing is deprecated and will be changed in pytorch 2.9; use x[tuple(seq)] instead of x[seq]. In pytorch 2.9 this will be interpreted as tensor index, x[torch.tensor(seq)], which will result either in an error or a different result (Triggered internally at /pytorch/torch/csrc/autograd/python_variable_indexing.cpp:306.)
  x = x[pos_axes_slices]
    verdict=UNSAT  wall=71.2s

=== Sweep complete ===
Wrote /home/sasakis/v/tools/n2v/examples/FlowConformal/experiments/exp1_vnncomp_subset/outputs/exp1_linearizenn_2024_hashemi_clipping.csv
Total wall-clock: 1.2 min
Counts: {'UNSAT': 1, 'SAT': 0, 'UNKNOWN': 0, 'SKIPPED': 0, 'ERROR': 0, 'TIMEOUT': 0}
[run_cell    4/  60 t=  161s] idx=3    budget=900s (shell timeout=960s)
[linearizenn_2024] running only idx=3; appending to /home/sasakis/v/tools/n2v/examples/FlowConformal/experiments/exp1_vnncomp_subset/outputs/exp1_linearizenn_2024_hashemi_clipping.csv
[linearizenn_2024] Loaded 1 instances; writing to /home/sasakis/v/tools/n2v/examples/FlowConformal/experiments/exp1_vnncomp_subset/outputs/exp1_linearizenn_2024_hashemi_clipping.csv
[linearizenn_2024] Hashemi-clipping config: m=8000 ell=7999 epsilon=0.001 SEED=47
[linearizenn_2024 1/1 t=0s budget=900s] onnx/AllInOne_10_10.onnx + vnnlib/prop_10_10_2.vnnlib
/home/sasakis/v/tools/n2v/third_party/onnx2torch/onnx2torch/node_converters/slice.py:67: UserWarning: Using a non-tuple sequence for multidimensional indexing is deprecated and will be changed in pytorch 2.9; use x[tuple(seq)] instead of x[seq]. In pytorch 2.9 this will be interpreted as tensor index, x[torch.tensor(seq)], which will result either in an error or a different result (Triggered internally at /pytorch/torch/csrc/autograd/python_variable_indexing.cpp:306.)
  x = x[pos_axes_slices]
    verdict=UNSAT  wall=71.1s

=== Sweep complete ===
Wrote /home/sasakis/v/tools/n2v/examples/FlowConformal/experiments/exp1_vnncomp_subset/outputs/exp1_linearizenn_2024_hashemi_clipping.csv
Total wall-clock: 1.2 min
Counts: {'UNSAT': 1, 'SAT': 0, 'UNKNOWN': 0, 'SKIPPED': 0, 'ERROR': 0, 'TIMEOUT': 0}
[run_cell    5/  60 t=  237s] idx=4    budget=900s (shell timeout=960s)
[linearizenn_2024] running only idx=4; appending to /home/sasakis/v/tools/n2v/examples/FlowConformal/experiments/exp1_vnncomp_subset/outputs/exp1_linearizenn_2024_hashemi_clipping.csv
[linearizenn_2024] Loaded 1 instances; writing to /home/sasakis/v/tools/n2v/examples/FlowConformal/experiments/exp1_vnncomp_subset/outputs/exp1_linearizenn_2024_hashemi_clipping.csv
[linearizenn_2024] Hashemi-clipping config: m=8000 ell=7999 epsilon=0.001 SEED=47
[linearizenn_2024 1/1 t=0s budget=900s] onnx/AllInOne_10_10.onnx + vnnlib/prop_10_10_3.vnnlib
/home/sasakis/v/tools/n2v/third_party/onnx2torch/onnx2torch/node_converters/slice.py:67: UserWarning: Using a non-tuple sequence for multidimensional indexing is deprecated and will be changed in pytorch 2.9; use x[tuple(seq)] instead of x[seq]. In pytorch 2.9 this will be interpreted as tensor index, x[torch.tensor(seq)], which will result either in an error or a different result (Triggered internally at /pytorch/torch/csrc/autograd/python_variable_indexing.cpp:306.)
  x = x[pos_axes_slices]
    verdict=UNSAT  wall=72.9s

=== Sweep complete ===
Wrote /home/sasakis/v/tools/n2v/examples/FlowConformal/experiments/exp1_vnncomp_subset/outputs/exp1_linearizenn_2024_hashemi_clipping.csv
Total wall-clock: 1.2 min
Counts: {'UNSAT': 1, 'SAT': 0, 'UNKNOWN': 0, 'SKIPPED': 0, 'ERROR': 0, 'TIMEOUT': 0}
[run_cell    6/  60 t=  314s] idx=5    budget=900s (shell timeout=960s)
[linearizenn_2024] running only idx=5; appending to /home/sasakis/v/tools/n2v/examples/FlowConformal/experiments/exp1_vnncomp_subset/outputs/exp1_linearizenn_2024_hashemi_clipping.csv
[linearizenn_2024] Loaded 1 instances; writing to /home/sasakis/v/tools/n2v/examples/FlowConformal/experiments/exp1_vnncomp_subset/outputs/exp1_linearizenn_2024_hashemi_clipping.csv
[linearizenn_2024] Hashemi-clipping config: m=8000 ell=7999 epsilon=0.001 SEED=47
[linearizenn_2024 1/1 t=0s budget=900s] onnx/AllInOne_10_10.onnx + vnnlib/prop_10_10_4.vnnlib
/home/sasakis/v/tools/n2v/third_party/onnx2torch/onnx2torch/node_converters/slice.py:67: UserWarning: Using a non-tuple sequence for multidimensional indexing is deprecated and will be changed in pytorch 2.9; use x[tuple(seq)] instead of x[seq]. In pytorch 2.9 this will be interpreted as tensor index, x[torch.tensor(seq)], which will result either in an error or a different result (Triggered internally at /pytorch/torch/csrc/autograd/python_variable_indexing.cpp:306.)
  x = x[pos_axes_slices]
    verdict=UNSAT  wall=72.7s

=== Sweep complete ===
Wrote /home/sasakis/v/tools/n2v/examples/FlowConformal/experiments/exp1_vnncomp_subset/outputs/exp1_linearizenn_2024_hashemi_clipping.csv
Total wall-clock: 1.2 min
Counts: {'UNSAT': 1, 'SAT': 0, 'UNKNOWN': 0, 'SKIPPED': 0, 'ERROR': 0, 'TIMEOUT': 0}
[run_cell    7/  60 t=  392s] idx=6    budget=900s (shell timeout=960s)
[linearizenn_2024] running only idx=6; appending to /home/sasakis/v/tools/n2v/examples/FlowConformal/experiments/exp1_vnncomp_subset/outputs/exp1_linearizenn_2024_hashemi_clipping.csv
[linearizenn_2024] Loaded 1 instances; writing to /home/sasakis/v/tools/n2v/examples/FlowConformal/experiments/exp1_vnncomp_subset/outputs/exp1_linearizenn_2024_hashemi_clipping.csv
[linearizenn_2024] Hashemi-clipping config: m=8000 ell=7999 epsilon=0.001 SEED=47
[linearizenn_2024 1/1 t=0s budget=900s] onnx/AllInOne_30_30.onnx + vnnlib/prop_30_30.vnnlib
/home/sasakis/v/tools/n2v/third_party/onnx2torch/onnx2torch/node_converters/slice.py:67: UserWarning: Using a non-tuple sequence for multidimensional indexing is deprecated and will be changed in pytorch 2.9; use x[tuple(seq)] instead of x[seq]. In pytorch 2.9 this will be interpreted as tensor index, x[torch.tensor(seq)], which will result either in an error or a different result (Triggered internally at /pytorch/torch/csrc/autograd/python_variable_indexing.cpp:306.)
  x = x[pos_axes_slices]
    verdict=UNSAT  wall=59.4s

=== Sweep complete ===
Wrote /home/sasakis/v/tools/n2v/examples/FlowConformal/experiments/exp1_vnncomp_subset/outputs/exp1_linearizenn_2024_hashemi_clipping.csv
Total wall-clock: 1.0 min
Counts: {'UNSAT': 1, 'SAT': 0, 'UNKNOWN': 0, 'SKIPPED': 0, 'ERROR': 0, 'TIMEOUT': 0}
[run_cell    8/  60 t=  456s] idx=7    budget=900s (shell timeout=960s)
[linearizenn_2024] running only idx=7; appending to /home/sasakis/v/tools/n2v/examples/FlowConformal/experiments/exp1_vnncomp_subset/outputs/exp1_linearizenn_2024_hashemi_clipping.csv
[linearizenn_2024] Loaded 1 instances; writing to /home/sasakis/v/tools/n2v/examples/FlowConformal/experiments/exp1_vnncomp_subset/outputs/exp1_linearizenn_2024_hashemi_clipping.csv
[linearizenn_2024] Hashemi-clipping config: m=8000 ell=7999 epsilon=0.001 SEED=47
[linearizenn_2024 1/1 t=0s budget=900s] onnx/AllInOne_30_30.onnx + vnnlib/prop_30_30_0.vnnlib
/home/sasakis/v/tools/n2v/third_party/onnx2torch/onnx2torch/node_converters/slice.py:67: UserWarning: Using a non-tuple sequence for multidimensional indexing is deprecated and will be changed in pytorch 2.9; use x[tuple(seq)] instead of x[seq]. In pytorch 2.9 this will be interpreted as tensor index, x[torch.tensor(seq)], which will result either in an error or a different result (Triggered internally at /pytorch/torch/csrc/autograd/python_variable_indexing.cpp:306.)
  x = x[pos_axes_slices]
    verdict=UNSAT  wall=59.2s

=== Sweep complete ===
Wrote /home/sasakis/v/tools/n2v/examples/FlowConformal/experiments/exp1_vnncomp_subset/outputs/exp1_linearizenn_2024_hashemi_clipping.csv
Total wall-clock: 1.0 min
Counts: {'UNSAT': 1, 'SAT': 0, 'UNKNOWN': 0, 'SKIPPED': 0, 'ERROR': 0, 'TIMEOUT': 0}
[run_cell    9/  60 t=  520s] idx=8    budget=900s (shell timeout=960s)
[linearizenn_2024] running only idx=8; appending to /home/sasakis/v/tools/n2v/examples/FlowConformal/experiments/exp1_vnncomp_subset/outputs/exp1_linearizenn_2024_hashemi_clipping.csv
[linearizenn_2024] Loaded 1 instances; writing to /home/sasakis/v/tools/n2v/examples/FlowConformal/experiments/exp1_vnncomp_subset/outputs/exp1_linearizenn_2024_hashemi_clipping.csv
[linearizenn_2024] Hashemi-clipping config: m=8000 ell=7999 epsilon=0.001 SEED=47
[linearizenn_2024 1/1 t=0s budget=900s] onnx/AllInOne_30_30.onnx + vnnlib/prop_30_30_1.vnnlib
/home/sasakis/v/tools/n2v/third_party/onnx2torch/onnx2torch/node_converters/slice.py:67: UserWarning: Using a non-tuple sequence for multidimensional indexing is deprecated and will be changed in pytorch 2.9; use x[tuple(seq)] instead of x[seq]. In pytorch 2.9 this will be interpreted as tensor index, x[torch.tensor(seq)], which will result either in an error or a different result (Triggered internally at /pytorch/torch/csrc/autograd/python_variable_indexing.cpp:306.)
  x = x[pos_axes_slices]
    verdict=UNSAT  wall=60.2s

=== Sweep complete ===
Wrote /home/sasakis/v/tools/n2v/examples/FlowConformal/experiments/exp1_vnncomp_subset/outputs/exp1_linearizenn_2024_hashemi_clipping.csv
Total wall-clock: 1.0 min
Counts: {'UNSAT': 1, 'SAT': 0, 'UNKNOWN': 0, 'SKIPPED': 0, 'ERROR': 0, 'TIMEOUT': 0}
[run_cell   10/  60 t=  586s] idx=9    budget=900s (shell timeout=960s)
[linearizenn_2024] running only idx=9; appending to /home/sasakis/v/tools/n2v/examples/FlowConformal/experiments/exp1_vnncomp_subset/outputs/exp1_linearizenn_2024_hashemi_clipping.csv
[linearizenn_2024] Loaded 1 instances; writing to /home/sasakis/v/tools/n2v/examples/FlowConformal/experiments/exp1_vnncomp_subset/outputs/exp1_linearizenn_2024_hashemi_clipping.csv
[linearizenn_2024] Hashemi-clipping config: m=8000 ell=7999 epsilon=0.001 SEED=47
[linearizenn_2024 1/1 t=0s budget=900s] onnx/AllInOne_30_30.onnx + vnnlib/prop_30_30_2.vnnlib
/home/sasakis/v/tools/n2v/third_party/onnx2torch/onnx2torch/node_converters/slice.py:67: UserWarning: Using a non-tuple sequence for multidimensional indexing is deprecated and will be changed in pytorch 2.9; use x[tuple(seq)] instead of x[seq]. In pytorch 2.9 this will be interpreted as tensor index, x[torch.tensor(seq)], which will result either in an error or a different result (Triggered internally at /pytorch/torch/csrc/autograd/python_variable_indexing.cpp:306.)
  x = x[pos_axes_slices]
    verdict=UNSAT  wall=59.3s

=== Sweep complete ===
Wrote /home/sasakis/v/tools/n2v/examples/FlowConformal/experiments/exp1_vnncomp_subset/outputs/exp1_linearizenn_2024_hashemi_clipping.csv
Total wall-clock: 1.0 min
Counts: {'UNSAT': 1, 'SAT': 0, 'UNKNOWN': 0, 'SKIPPED': 0, 'ERROR': 0, 'TIMEOUT': 0}
[run_cell   11/  60 t=  650s] idx=10   budget=900s (shell timeout=960s)
[linearizenn_2024] running only idx=10; appending to /home/sasakis/v/tools/n2v/examples/FlowConformal/experiments/exp1_vnncomp_subset/outputs/exp1_linearizenn_2024_hashemi_clipping.csv
[linearizenn_2024] Loaded 1 instances; writing to /home/sasakis/v/tools/n2v/examples/FlowConformal/experiments/exp1_vnncomp_subset/outputs/exp1_linearizenn_2024_hashemi_clipping.csv
[linearizenn_2024] Hashemi-clipping config: m=8000 ell=7999 epsilon=0.001 SEED=47
[linearizenn_2024 1/1 t=0s budget=900s] onnx/AllInOne_30_30.onnx + vnnlib/prop_30_30_3.vnnlib
/home/sasakis/v/tools/n2v/third_party/onnx2torch/onnx2torch/node_converters/slice.py:67: UserWarning: Using a non-tuple sequence for multidimensional indexing is deprecated and will be changed in pytorch 2.9; use x[tuple(seq)] instead of x[seq]. In pytorch 2.9 this will be interpreted as tensor index, x[torch.tensor(seq)], which will result either in an error or a different result (Triggered internally at /pytorch/torch/csrc/autograd/python_variable_indexing.cpp:306.)
  x = x[pos_axes_slices]
    verdict=UNSAT  wall=59.8s

=== Sweep complete ===
Wrote /home/sasakis/v/tools/n2v/examples/FlowConformal/experiments/exp1_vnncomp_subset/outputs/exp1_linearizenn_2024_hashemi_clipping.csv
Total wall-clock: 1.0 min
Counts: {'UNSAT': 1, 'SAT': 0, 'UNKNOWN': 0, 'SKIPPED': 0, 'ERROR': 0, 'TIMEOUT': 0}
[run_cell   12/  60 t=  715s] idx=11   budget=900s (shell timeout=960s)
[linearizenn_2024] running only idx=11; appending to /home/sasakis/v/tools/n2v/examples/FlowConformal/experiments/exp1_vnncomp_subset/outputs/exp1_linearizenn_2024_hashemi_clipping.csv
[linearizenn_2024] Loaded 1 instances; writing to /home/sasakis/v/tools/n2v/examples/FlowConformal/experiments/exp1_vnncomp_subset/outputs/exp1_linearizenn_2024_hashemi_clipping.csv
[linearizenn_2024] Hashemi-clipping config: m=8000 ell=7999 epsilon=0.001 SEED=47
[linearizenn_2024 1/1 t=0s budget=900s] onnx/AllInOne_30_30.onnx + vnnlib/prop_30_30_4.vnnlib
/home/sasakis/v/tools/n2v/third_party/onnx2torch/onnx2torch/node_converters/slice.py:67: UserWarning: Using a non-tuple sequence for multidimensional indexing is deprecated and will be changed in pytorch 2.9; use x[tuple(seq)] instead of x[seq]. In pytorch 2.9 this will be interpreted as tensor index, x[torch.tensor(seq)], which will result either in an error or a different result (Triggered internally at /pytorch/torch/csrc/autograd/python_variable_indexing.cpp:306.)
  x = x[pos_axes_slices]
    verdict=UNSAT  wall=60.1s

=== Sweep complete ===
Wrote /home/sasakis/v/tools/n2v/examples/FlowConformal/experiments/exp1_vnncomp_subset/outputs/exp1_linearizenn_2024_hashemi_clipping.csv
Total wall-clock: 1.0 min
Counts: {'UNSAT': 1, 'SAT': 0, 'UNKNOWN': 0, 'SKIPPED': 0, 'ERROR': 0, 'TIMEOUT': 0}
[run_cell   13/  60 t=  780s] idx=12   budget=900s (shell timeout=960s)
[linearizenn_2024] running only idx=12; appending to /home/sasakis/v/tools/n2v/examples/FlowConformal/experiments/exp1_vnncomp_subset/outputs/exp1_linearizenn_2024_hashemi_clipping.csv
[linearizenn_2024] Loaded 1 instances; writing to /home/sasakis/v/tools/n2v/examples/FlowConformal/experiments/exp1_vnncomp_subset/outputs/exp1_linearizenn_2024_hashemi_clipping.csv
[linearizenn_2024] Hashemi-clipping config: m=8000 ell=7999 epsilon=0.001 SEED=47
[linearizenn_2024 1/1 t=0s budget=900s] onnx/AllInOne_30_80.onnx + vnnlib/prop_30_80.vnnlib
/home/sasakis/v/tools/n2v/third_party/onnx2torch/onnx2torch/node_converters/slice.py:67: UserWarning: Using a non-tuple sequence for multidimensional indexing is deprecated and will be changed in pytorch 2.9; use x[tuple(seq)] instead of x[seq]. In pytorch 2.9 this will be interpreted as tensor index, x[torch.tensor(seq)], which will result either in an error or a different result (Triggered internally at /pytorch/torch/csrc/autograd/python_variable_indexing.cpp:306.)
  x = x[pos_axes_slices]
    verdict=UNSAT  wall=60.8s

=== Sweep complete ===
Wrote /home/sasakis/v/tools/n2v/examples/FlowConformal/experiments/exp1_vnncomp_subset/outputs/exp1_linearizenn_2024_hashemi_clipping.csv
Total wall-clock: 1.0 min
Counts: {'UNSAT': 1, 'SAT': 0, 'UNKNOWN': 0, 'SKIPPED': 0, 'ERROR': 0, 'TIMEOUT': 0}
[run_cell   14/  60 t=  845s] idx=13   budget=900s (shell timeout=960s)
[linearizenn_2024] running only idx=13; appending to /home/sasakis/v/tools/n2v/examples/FlowConformal/experiments/exp1_vnncomp_subset/outputs/exp1_linearizenn_2024_hashemi_clipping.csv
[linearizenn_2024] Loaded 1 instances; writing to /home/sasakis/v/tools/n2v/examples/FlowConformal/experiments/exp1_vnncomp_subset/outputs/exp1_linearizenn_2024_hashemi_clipping.csv
[linearizenn_2024] Hashemi-clipping config: m=8000 ell=7999 epsilon=0.001 SEED=47
[linearizenn_2024 1/1 t=0s budget=900s] onnx/AllInOne_30_80.onnx + vnnlib/prop_30_80_0.vnnlib
/home/sasakis/v/tools/n2v/third_party/onnx2torch/onnx2torch/node_converters/slice.py:67: UserWarning: Using a non-tuple sequence for multidimensional indexing is deprecated and will be changed in pytorch 2.9; use x[tuple(seq)] instead of x[seq]. In pytorch 2.9 this will be interpreted as tensor index, x[torch.tensor(seq)], which will result either in an error or a different result (Triggered internally at /pytorch/torch/csrc/autograd/python_variable_indexing.cpp:306.)
  x = x[pos_axes_slices]
    verdict=UNSAT  wall=60.3s

=== Sweep complete ===
Wrote /home/sasakis/v/tools/n2v/examples/FlowConformal/experiments/exp1_vnncomp_subset/outputs/exp1_linearizenn_2024_hashemi_clipping.csv
Total wall-clock: 1.0 min
Counts: {'UNSAT': 1, 'SAT': 0, 'UNKNOWN': 0, 'SKIPPED': 0, 'ERROR': 0, 'TIMEOUT': 0}
[run_cell   15/  60 t=  911s] idx=14   budget=900s (shell timeout=960s)
[linearizenn_2024] running only idx=14; appending to /home/sasakis/v/tools/n2v/examples/FlowConformal/experiments/exp1_vnncomp_subset/outputs/exp1_linearizenn_2024_hashemi_clipping.csv
[linearizenn_2024] Loaded 1 instances; writing to /home/sasakis/v/tools/n2v/examples/FlowConformal/experiments/exp1_vnncomp_subset/outputs/exp1_linearizenn_2024_hashemi_clipping.csv
[linearizenn_2024] Hashemi-clipping config: m=8000 ell=7999 epsilon=0.001 SEED=47
[linearizenn_2024 1/1 t=0s budget=900s] onnx/AllInOne_30_80.onnx + vnnlib/prop_30_80_1.vnnlib
/home/sasakis/v/tools/n2v/third_party/onnx2torch/onnx2torch/node_converters/slice.py:67: UserWarning: Using a non-tuple sequence for multidimensional indexing is deprecated and will be changed in pytorch 2.9; use x[tuple(seq)] instead of x[seq]. In pytorch 2.9 this will be interpreted as tensor index, x[torch.tensor(seq)], which will result either in an error or a different result (Triggered internally at /pytorch/torch/csrc/autograd/python_variable_indexing.cpp:306.)
  x = x[pos_axes_slices]
    verdict=UNSAT  wall=60.9s

=== Sweep complete ===
Wrote /home/sasakis/v/tools/n2v/examples/FlowConformal/experiments/exp1_vnncomp_subset/outputs/exp1_linearizenn_2024_hashemi_clipping.csv
Total wall-clock: 1.0 min
Counts: {'UNSAT': 1, 'SAT': 0, 'UNKNOWN': 0, 'SKIPPED': 0, 'ERROR': 0, 'TIMEOUT': 0}
[run_cell   16/  60 t=  976s] idx=15   budget=900s (shell timeout=960s)
[linearizenn_2024] running only idx=15; appending to /home/sasakis/v/tools/n2v/examples/FlowConformal/experiments/exp1_vnncomp_subset/outputs/exp1_linearizenn_2024_hashemi_clipping.csv
[linearizenn_2024] Loaded 1 instances; writing to /home/sasakis/v/tools/n2v/examples/FlowConformal/experiments/exp1_vnncomp_subset/outputs/exp1_linearizenn_2024_hashemi_clipping.csv
[linearizenn_2024] Hashemi-clipping config: m=8000 ell=7999 epsilon=0.001 SEED=47
[linearizenn_2024 1/1 t=0s budget=900s] onnx/AllInOne_30_80.onnx + vnnlib/prop_30_80_2.vnnlib
/home/sasakis/v/tools/n2v/third_party/onnx2torch/onnx2torch/node_converters/slice.py:67: UserWarning: Using a non-tuple sequence for multidimensional indexing is deprecated and will be changed in pytorch 2.9; use x[tuple(seq)] instead of x[seq]. In pytorch 2.9 this will be interpreted as tensor index, x[torch.tensor(seq)], which will result either in an error or a different result (Triggered internally at /pytorch/torch/csrc/autograd/python_variable_indexing.cpp:306.)
  x = x[pos_axes_slices]
    verdict=UNSAT  wall=61.0s

=== Sweep complete ===
Wrote /home/sasakis/v/tools/n2v/examples/FlowConformal/experiments/exp1_vnncomp_subset/outputs/exp1_linearizenn_2024_hashemi_clipping.csv
Total wall-clock: 1.0 min
Counts: {'UNSAT': 1, 'SAT': 0, 'UNKNOWN': 0, 'SKIPPED': 0, 'ERROR': 0, 'TIMEOUT': 0}
[run_cell   17/  60 t= 1042s] idx=16   budget=900s (shell timeout=960s)
[linearizenn_2024] running only idx=16; appending to /home/sasakis/v/tools/n2v/examples/FlowConformal/experiments/exp1_vnncomp_subset/outputs/exp1_linearizenn_2024_hashemi_clipping.csv
[linearizenn_2024] Loaded 1 instances; writing to /home/sasakis/v/tools/n2v/examples/FlowConformal/experiments/exp1_vnncomp_subset/outputs/exp1_linearizenn_2024_hashemi_clipping.csv
[linearizenn_2024] Hashemi-clipping config: m=8000 ell=7999 epsilon=0.001 SEED=47
[linearizenn_2024 1/1 t=0s budget=900s] onnx/AllInOne_30_80.onnx + vnnlib/prop_30_80_3.vnnlib
/home/sasakis/v/tools/n2v/third_party/onnx2torch/onnx2torch/node_converters/slice.py:67: UserWarning: Using a non-tuple sequence for multidimensional indexing is deprecated and will be changed in pytorch 2.9; use x[tuple(seq)] instead of x[seq]. In pytorch 2.9 this will be interpreted as tensor index, x[torch.tensor(seq)], which will result either in an error or a different result (Triggered internally at /pytorch/torch/csrc/autograd/python_variable_indexing.cpp:306.)
  x = x[pos_axes_slices]
    verdict=UNSAT  wall=60.5s

=== Sweep complete ===
Wrote /home/sasakis/v/tools/n2v/examples/FlowConformal/experiments/exp1_vnncomp_subset/outputs/exp1_linearizenn_2024_hashemi_clipping.csv
Total wall-clock: 1.0 min
Counts: {'UNSAT': 1, 'SAT': 0, 'UNKNOWN': 0, 'SKIPPED': 0, 'ERROR': 0, 'TIMEOUT': 0}
[run_cell   18/  60 t= 1108s] idx=17   budget=900s (shell timeout=960s)
[linearizenn_2024] running only idx=17; appending to /home/sasakis/v/tools/n2v/examples/FlowConformal/experiments/exp1_vnncomp_subset/outputs/exp1_linearizenn_2024_hashemi_clipping.csv
[linearizenn_2024] Loaded 1 instances; writing to /home/sasakis/v/tools/n2v/examples/FlowConformal/experiments/exp1_vnncomp_subset/outputs/exp1_linearizenn_2024_hashemi_clipping.csv
[linearizenn_2024] Hashemi-clipping config: m=8000 ell=7999 epsilon=0.001 SEED=47
[linearizenn_2024 1/1 t=0s budget=900s] onnx/AllInOne_30_80.onnx + vnnlib/prop_30_80_4.vnnlib
/home/sasakis/v/tools/n2v/third_party/onnx2torch/onnx2torch/node_converters/slice.py:67: UserWarning: Using a non-tuple sequence for multidimensional indexing is deprecated and will be changed in pytorch 2.9; use x[tuple(seq)] instead of x[seq]. In pytorch 2.9 this will be interpreted as tensor index, x[torch.tensor(seq)], which will result either in an error or a different result (Triggered internally at /pytorch/torch/csrc/autograd/python_variable_indexing.cpp:306.)
  x = x[pos_axes_slices]
    verdict=UNSAT  wall=61.3s

=== Sweep complete ===
Wrote /home/sasakis/v/tools/n2v/examples/FlowConformal/experiments/exp1_vnncomp_subset/outputs/exp1_linearizenn_2024_hashemi_clipping.csv
Total wall-clock: 1.0 min
Counts: {'UNSAT': 1, 'SAT': 0, 'UNKNOWN': 0, 'SKIPPED': 0, 'ERROR': 0, 'TIMEOUT': 0}
[run_cell   19/  60 t= 1174s] idx=18   budget=900s (shell timeout=960s)
[linearizenn_2024] running only idx=18; appending to /home/sasakis/v/tools/n2v/examples/FlowConformal/experiments/exp1_vnncomp_subset/outputs/exp1_linearizenn_2024_hashemi_clipping.csv
[linearizenn_2024] Loaded 1 instances; writing to /home/sasakis/v/tools/n2v/examples/FlowConformal/experiments/exp1_vnncomp_subset/outputs/exp1_linearizenn_2024_hashemi_clipping.csv
[linearizenn_2024] Hashemi-clipping config: m=8000 ell=7999 epsilon=0.001 SEED=47
[linearizenn_2024 1/1 t=0s budget=900s] onnx/AllInOne_50_50.onnx + vnnlib/prop_50_50.vnnlib
/home/sasakis/v/tools/n2v/third_party/onnx2torch/onnx2torch/node_converters/slice.py:67: UserWarning: Using a non-tuple sequence for multidimensional indexing is deprecated and will be changed in pytorch 2.9; use x[tuple(seq)] instead of x[seq]. In pytorch 2.9 this will be interpreted as tensor index, x[torch.tensor(seq)], which will result either in an error or a different result (Triggered internally at /pytorch/torch/csrc/autograd/python_variable_indexing.cpp:306.)
  x = x[pos_axes_slices]
    verdict=UNSAT  wall=57.9s

=== Sweep complete ===
Wrote /home/sasakis/v/tools/n2v/examples/FlowConformal/experiments/exp1_vnncomp_subset/outputs/exp1_linearizenn_2024_hashemi_clipping.csv
Total wall-clock: 1.0 min
Counts: {'UNSAT': 1, 'SAT': 0, 'UNKNOWN': 0, 'SKIPPED': 0, 'ERROR': 0, 'TIMEOUT': 0}
[run_cell   20/  60 t= 1237s] idx=19   budget=900s (shell timeout=960s)
[linearizenn_2024] running only idx=19; appending to /home/sasakis/v/tools/n2v/examples/FlowConformal/experiments/exp1_vnncomp_subset/outputs/exp1_linearizenn_2024_hashemi_clipping.csv
[linearizenn_2024] Loaded 1 instances; writing to /home/sasakis/v/tools/n2v/examples/FlowConformal/experiments/exp1_vnncomp_subset/outputs/exp1_linearizenn_2024_hashemi_clipping.csv
[linearizenn_2024] Hashemi-clipping config: m=8000 ell=7999 epsilon=0.001 SEED=47
[linearizenn_2024 1/1 t=0s budget=900s] onnx/AllInOne_50_50.onnx + vnnlib/prop_50_50_0.vnnlib
/home/sasakis/v/tools/n2v/third_party/onnx2torch/onnx2torch/node_converters/slice.py:67: UserWarning: Using a non-tuple sequence for multidimensional indexing is deprecated and will be changed in pytorch 2.9; use x[tuple(seq)] instead of x[seq]. In pytorch 2.9 this will be interpreted as tensor index, x[torch.tensor(seq)], which will result either in an error or a different result (Triggered internally at /pytorch/torch/csrc/autograd/python_variable_indexing.cpp:306.)
  x = x[pos_axes_slices]
    verdict=UNSAT  wall=58.1s

=== Sweep complete ===
Wrote /home/sasakis/v/tools/n2v/examples/FlowConformal/experiments/exp1_vnncomp_subset/outputs/exp1_linearizenn_2024_hashemi_clipping.csv
Total wall-clock: 1.0 min
Counts: {'UNSAT': 1, 'SAT': 0, 'UNKNOWN': 0, 'SKIPPED': 0, 'ERROR': 0, 'TIMEOUT': 0}
[run_cell   21/  60 t= 1300s] idx=20   budget=900s (shell timeout=960s)
[linearizenn_2024] running only idx=20; appending to /home/sasakis/v/tools/n2v/examples/FlowConformal/experiments/exp1_vnncomp_subset/outputs/exp1_linearizenn_2024_hashemi_clipping.csv
[linearizenn_2024] Loaded 1 instances; writing to /home/sasakis/v/tools/n2v/examples/FlowConformal/experiments/exp1_vnncomp_subset/outputs/exp1_linearizenn_2024_hashemi_clipping.csv
[linearizenn_2024] Hashemi-clipping config: m=8000 ell=7999 epsilon=0.001 SEED=47
[linearizenn_2024 1/1 t=0s budget=900s] onnx/AllInOne_50_50.onnx + vnnlib/prop_50_50_1.vnnlib
/home/sasakis/v/tools/n2v/third_party/onnx2torch/onnx2torch/node_converters/slice.py:67: UserWarning: Using a non-tuple sequence for multidimensional indexing is deprecated and will be changed in pytorch 2.9; use x[tuple(seq)] instead of x[seq]. In pytorch 2.9 this will be interpreted as tensor index, x[torch.tensor(seq)], which will result either in an error or a different result (Triggered internally at /pytorch/torch/csrc/autograd/python_variable_indexing.cpp:306.)
  x = x[pos_axes_slices]
    verdict=UNSAT  wall=58.5s

=== Sweep complete ===
Wrote /home/sasakis/v/tools/n2v/examples/FlowConformal/experiments/exp1_vnncomp_subset/outputs/exp1_linearizenn_2024_hashemi_clipping.csv
Total wall-clock: 1.0 min
Counts: {'UNSAT': 1, 'SAT': 0, 'UNKNOWN': 0, 'SKIPPED': 0, 'ERROR': 0, 'TIMEOUT': 0}
[run_cell   22/  60 t= 1363s] idx=21   budget=900s (shell timeout=960s)
[linearizenn_2024] running only idx=21; appending to /home/sasakis/v/tools/n2v/examples/FlowConformal/experiments/exp1_vnncomp_subset/outputs/exp1_linearizenn_2024_hashemi_clipping.csv
[linearizenn_2024] Loaded 1 instances; writing to /home/sasakis/v/tools/n2v/examples/FlowConformal/experiments/exp1_vnncomp_subset/outputs/exp1_linearizenn_2024_hashemi_clipping.csv
[linearizenn_2024] Hashemi-clipping config: m=8000 ell=7999 epsilon=0.001 SEED=47
[linearizenn_2024 1/1 t=0s budget=900s] onnx/AllInOne_50_50.onnx + vnnlib/prop_50_50_2.vnnlib
/home/sasakis/v/tools/n2v/third_party/onnx2torch/onnx2torch/node_converters/slice.py:67: UserWarning: Using a non-tuple sequence for multidimensional indexing is deprecated and will be changed in pytorch 2.9; use x[tuple(seq)] instead of x[seq]. In pytorch 2.9 this will be interpreted as tensor index, x[torch.tensor(seq)], which will result either in an error or a different result (Triggered internally at /pytorch/torch/csrc/autograd/python_variable_indexing.cpp:306.)
  x = x[pos_axes_slices]
    verdict=UNSAT  wall=58.6s

=== Sweep complete ===
Wrote /home/sasakis/v/tools/n2v/examples/FlowConformal/experiments/exp1_vnncomp_subset/outputs/exp1_linearizenn_2024_hashemi_clipping.csv
Total wall-clock: 1.0 min
Counts: {'UNSAT': 1, 'SAT': 0, 'UNKNOWN': 0, 'SKIPPED': 0, 'ERROR': 0, 'TIMEOUT': 0}
[run_cell   23/  60 t= 1427s] idx=22   budget=900s (shell timeout=960s)
[linearizenn_2024] running only idx=22; appending to /home/sasakis/v/tools/n2v/examples/FlowConformal/experiments/exp1_vnncomp_subset/outputs/exp1_linearizenn_2024_hashemi_clipping.csv
[linearizenn_2024] Loaded 1 instances; writing to /home/sasakis/v/tools/n2v/examples/FlowConformal/experiments/exp1_vnncomp_subset/outputs/exp1_linearizenn_2024_hashemi_clipping.csv
[linearizenn_2024] Hashemi-clipping config: m=8000 ell=7999 epsilon=0.001 SEED=47
[linearizenn_2024 1/1 t=0s budget=900s] onnx/AllInOne_50_50.onnx + vnnlib/prop_50_50_3.vnnlib
/home/sasakis/v/tools/n2v/third_party/onnx2torch/onnx2torch/node_converters/slice.py:67: UserWarning: Using a non-tuple sequence for multidimensional indexing is deprecated and will be changed in pytorch 2.9; use x[tuple(seq)] instead of x[seq]. In pytorch 2.9 this will be interpreted as tensor index, x[torch.tensor(seq)], which will result either in an error or a different result (Triggered internally at /pytorch/torch/csrc/autograd/python_variable_indexing.cpp:306.)
  x = x[pos_axes_slices]
    verdict=UNSAT  wall=57.7s

=== Sweep complete ===
Wrote /home/sasakis/v/tools/n2v/examples/FlowConformal/experiments/exp1_vnncomp_subset/outputs/exp1_linearizenn_2024_hashemi_clipping.csv
Total wall-clock: 1.0 min
Counts: {'UNSAT': 1, 'SAT': 0, 'UNKNOWN': 0, 'SKIPPED': 0, 'ERROR': 0, 'TIMEOUT': 0}
[run_cell   24/  60 t= 1489s] idx=23   budget=900s (shell timeout=960s)
[linearizenn_2024] running only idx=23; appending to /home/sasakis/v/tools/n2v/examples/FlowConformal/experiments/exp1_vnncomp_subset/outputs/exp1_linearizenn_2024_hashemi_clipping.csv
[linearizenn_2024] Loaded 1 instances; writing to /home/sasakis/v/tools/n2v/examples/FlowConformal/experiments/exp1_vnncomp_subset/outputs/exp1_linearizenn_2024_hashemi_clipping.csv
[linearizenn_2024] Hashemi-clipping config: m=8000 ell=7999 epsilon=0.001 SEED=47
[linearizenn_2024 1/1 t=0s budget=900s] onnx/AllInOne_50_50.onnx + vnnlib/prop_50_50_4.vnnlib
/home/sasakis/v/tools/n2v/third_party/onnx2torch/onnx2torch/node_converters/slice.py:67: UserWarning: Using a non-tuple sequence for multidimensional indexing is deprecated and will be changed in pytorch 2.9; use x[tuple(seq)] instead of x[seq]. In pytorch 2.9 this will be interpreted as tensor index, x[torch.tensor(seq)], which will result either in an error or a different result (Triggered internally at /pytorch/torch/csrc/autograd/python_variable_indexing.cpp:306.)
  x = x[pos_axes_slices]
    verdict=UNSAT  wall=58.2s

=== Sweep complete ===
Wrote /home/sasakis/v/tools/n2v/examples/FlowConformal/experiments/exp1_vnncomp_subset/outputs/exp1_linearizenn_2024_hashemi_clipping.csv
Total wall-clock: 1.0 min
Counts: {'UNSAT': 1, 'SAT': 0, 'UNKNOWN': 0, 'SKIPPED': 0, 'ERROR': 0, 'TIMEOUT': 0}
[run_cell   25/  60 t= 1553s] idx=24   budget=900s (shell timeout=960s)
[linearizenn_2024] running only idx=24; appending to /home/sasakis/v/tools/n2v/examples/FlowConformal/experiments/exp1_vnncomp_subset/outputs/exp1_linearizenn_2024_hashemi_clipping.csv
[linearizenn_2024] Loaded 1 instances; writing to /home/sasakis/v/tools/n2v/examples/FlowConformal/experiments/exp1_vnncomp_subset/outputs/exp1_linearizenn_2024_hashemi_clipping.csv
[linearizenn_2024] Hashemi-clipping config: m=8000 ell=7999 epsilon=0.001 SEED=47
[linearizenn_2024 1/1 t=0s budget=900s] onnx/AllInOne_50_120.onnx + vnnlib/prop_50_120.vnnlib
/home/sasakis/v/tools/n2v/third_party/onnx2torch/onnx2torch/node_converters/slice.py:67: UserWarning: Using a non-tuple sequence for multidimensional indexing is deprecated and will be changed in pytorch 2.9; use x[tuple(seq)] instead of x[seq]. In pytorch 2.9 this will be interpreted as tensor index, x[torch.tensor(seq)], which will result either in an error or a different result (Triggered internally at /pytorch/torch/csrc/autograd/python_variable_indexing.cpp:306.)
  x = x[pos_axes_slices]
    verdict=UNSAT  wall=61.1s

=== Sweep complete ===
Wrote /home/sasakis/v/tools/n2v/examples/FlowConformal/experiments/exp1_vnncomp_subset/outputs/exp1_linearizenn_2024_hashemi_clipping.csv
Total wall-clock: 1.0 min
Counts: {'UNSAT': 1, 'SAT': 0, 'UNKNOWN': 0, 'SKIPPED': 0, 'ERROR': 0, 'TIMEOUT': 0}
[run_cell   26/  60 t= 1619s] idx=25   budget=900s (shell timeout=960s)
[linearizenn_2024] running only idx=25; appending to /home/sasakis/v/tools/n2v/examples/FlowConformal/experiments/exp1_vnncomp_subset/outputs/exp1_linearizenn_2024_hashemi_clipping.csv
[linearizenn_2024] Loaded 1 instances; writing to /home/sasakis/v/tools/n2v/examples/FlowConformal/experiments/exp1_vnncomp_subset/outputs/exp1_linearizenn_2024_hashemi_clipping.csv
[linearizenn_2024] Hashemi-clipping config: m=8000 ell=7999 epsilon=0.001 SEED=47
[linearizenn_2024 1/1 t=0s budget=900s] onnx/AllInOne_50_120.onnx + vnnlib/prop_50_120_0.vnnlib
/home/sasakis/v/tools/n2v/third_party/onnx2torch/onnx2torch/node_converters/slice.py:67: UserWarning: Using a non-tuple sequence for multidimensional indexing is deprecated and will be changed in pytorch 2.9; use x[tuple(seq)] instead of x[seq]. In pytorch 2.9 this will be interpreted as tensor index, x[torch.tensor(seq)], which will result either in an error or a different result (Triggered internally at /pytorch/torch/csrc/autograd/python_variable_indexing.cpp:306.)
  x = x[pos_axes_slices]
    verdict=UNSAT  wall=60.9s

=== Sweep complete ===
Wrote /home/sasakis/v/tools/n2v/examples/FlowConformal/experiments/exp1_vnncomp_subset/outputs/exp1_linearizenn_2024_hashemi_clipping.csv
Total wall-clock: 1.0 min
Counts: {'UNSAT': 1, 'SAT': 0, 'UNKNOWN': 0, 'SKIPPED': 0, 'ERROR': 0, 'TIMEOUT': 0}
[run_cell   27/  60 t= 1685s] idx=26   budget=900s (shell timeout=960s)
[linearizenn_2024] running only idx=26; appending to /home/sasakis/v/tools/n2v/examples/FlowConformal/experiments/exp1_vnncomp_subset/outputs/exp1_linearizenn_2024_hashemi_clipping.csv
[linearizenn_2024] Loaded 1 instances; writing to /home/sasakis/v/tools/n2v/examples/FlowConformal/experiments/exp1_vnncomp_subset/outputs/exp1_linearizenn_2024_hashemi_clipping.csv
[linearizenn_2024] Hashemi-clipping config: m=8000 ell=7999 epsilon=0.001 SEED=47
[linearizenn_2024 1/1 t=0s budget=900s] onnx/AllInOne_50_120.onnx + vnnlib/prop_50_120_1.vnnlib
/home/sasakis/v/tools/n2v/third_party/onnx2torch/onnx2torch/node_converters/slice.py:67: UserWarning: Using a non-tuple sequence for multidimensional indexing is deprecated and will be changed in pytorch 2.9; use x[tuple(seq)] instead of x[seq]. In pytorch 2.9 this will be interpreted as tensor index, x[torch.tensor(seq)], which will result either in an error or a different result (Triggered internally at /pytorch/torch/csrc/autograd/python_variable_indexing.cpp:306.)
  x = x[pos_axes_slices]
    verdict=UNSAT  wall=58.2s

=== Sweep complete ===
Wrote /home/sasakis/v/tools/n2v/examples/FlowConformal/experiments/exp1_vnncomp_subset/outputs/exp1_linearizenn_2024_hashemi_clipping.csv
Total wall-clock: 1.0 min
Counts: {'UNSAT': 1, 'SAT': 0, 'UNKNOWN': 0, 'SKIPPED': 0, 'ERROR': 0, 'TIMEOUT': 0}
[run_cell   28/  60 t= 1748s] idx=27   budget=900s (shell timeout=960s)
[linearizenn_2024] running only idx=27; appending to /home/sasakis/v/tools/n2v/examples/FlowConformal/experiments/exp1_vnncomp_subset/outputs/exp1_linearizenn_2024_hashemi_clipping.csv
[linearizenn_2024] Loaded 1 instances; writing to /home/sasakis/v/tools/n2v/examples/FlowConformal/experiments/exp1_vnncomp_subset/outputs/exp1_linearizenn_2024_hashemi_clipping.csv
[linearizenn_2024] Hashemi-clipping config: m=8000 ell=7999 epsilon=0.001 SEED=47
[linearizenn_2024 1/1 t=0s budget=900s] onnx/AllInOne_50_120.onnx + vnnlib/prop_50_120_2.vnnlib
/home/sasakis/v/tools/n2v/third_party/onnx2torch/onnx2torch/node_converters/slice.py:67: UserWarning: Using a non-tuple sequence for multidimensional indexing is deprecated and will be changed in pytorch 2.9; use x[tuple(seq)] instead of x[seq]. In pytorch 2.9 this will be interpreted as tensor index, x[torch.tensor(seq)], which will result either in an error or a different result (Triggered internally at /pytorch/torch/csrc/autograd/python_variable_indexing.cpp:306.)
  x = x[pos_axes_slices]
    verdict=UNSAT  wall=58.1s

=== Sweep complete ===
Wrote /home/sasakis/v/tools/n2v/examples/FlowConformal/experiments/exp1_vnncomp_subset/outputs/exp1_linearizenn_2024_hashemi_clipping.csv
Total wall-clock: 1.0 min
Counts: {'UNSAT': 1, 'SAT': 0, 'UNKNOWN': 0, 'SKIPPED': 0, 'ERROR': 0, 'TIMEOUT': 0}
[run_cell   29/  60 t= 1811s] idx=28   budget=900s (shell timeout=960s)
[linearizenn_2024] running only idx=28; appending to /home/sasakis/v/tools/n2v/examples/FlowConformal/experiments/exp1_vnncomp_subset/outputs/exp1_linearizenn_2024_hashemi_clipping.csv
[linearizenn_2024] Loaded 1 instances; writing to /home/sasakis/v/tools/n2v/examples/FlowConformal/experiments/exp1_vnncomp_subset/outputs/exp1_linearizenn_2024_hashemi_clipping.csv
[linearizenn_2024] Hashemi-clipping config: m=8000 ell=7999 epsilon=0.001 SEED=47
[linearizenn_2024 1/1 t=0s budget=900s] onnx/AllInOne_50_120.onnx + vnnlib/prop_50_120_3.vnnlib
/home/sasakis/v/tools/n2v/third_party/onnx2torch/onnx2torch/node_converters/slice.py:67: UserWarning: Using a non-tuple sequence for multidimensional indexing is deprecated and will be changed in pytorch 2.9; use x[tuple(seq)] instead of x[seq]. In pytorch 2.9 this will be interpreted as tensor index, x[torch.tensor(seq)], which will result either in an error or a different result (Triggered internally at /pytorch/torch/csrc/autograd/python_variable_indexing.cpp:306.)
  x = x[pos_axes_slices]
    verdict=UNSAT  wall=60.9s

=== Sweep complete ===
Wrote /home/sasakis/v/tools/n2v/examples/FlowConformal/experiments/exp1_vnncomp_subset/outputs/exp1_linearizenn_2024_hashemi_clipping.csv
Total wall-clock: 1.0 min
Counts: {'UNSAT': 1, 'SAT': 0, 'UNKNOWN': 0, 'SKIPPED': 0, 'ERROR': 0, 'TIMEOUT': 0}
[run_cell   30/  60 t= 1877s] idx=29   budget=900s (shell timeout=960s)
[linearizenn_2024] running only idx=29; appending to /home/sasakis/v/tools/n2v/examples/FlowConformal/experiments/exp1_vnncomp_subset/outputs/exp1_linearizenn_2024_hashemi_clipping.csv
[linearizenn_2024] Loaded 1 instances; writing to /home/sasakis/v/tools/n2v/examples/FlowConformal/experiments/exp1_vnncomp_subset/outputs/exp1_linearizenn_2024_hashemi_clipping.csv
[linearizenn_2024] Hashemi-clipping config: m=8000 ell=7999 epsilon=0.001 SEED=47
[linearizenn_2024 1/1 t=0s budget=900s] onnx/AllInOne_50_120.onnx + vnnlib/prop_50_120_4.vnnlib
/home/sasakis/v/tools/n2v/third_party/onnx2torch/onnx2torch/node_converters/slice.py:67: UserWarning: Using a non-tuple sequence for multidimensional indexing is deprecated and will be changed in pytorch 2.9; use x[tuple(seq)] instead of x[seq]. In pytorch 2.9 this will be interpreted as tensor index, x[torch.tensor(seq)], which will result either in an error or a different result (Triggered internally at /pytorch/torch/csrc/autograd/python_variable_indexing.cpp:306.)
  x = x[pos_axes_slices]
    verdict=UNSAT  wall=60.9s

=== Sweep complete ===
Wrote /home/sasakis/v/tools/n2v/examples/FlowConformal/experiments/exp1_vnncomp_subset/outputs/exp1_linearizenn_2024_hashemi_clipping.csv
Total wall-clock: 1.0 min
Counts: {'UNSAT': 1, 'SAT': 0, 'UNKNOWN': 0, 'SKIPPED': 0, 'ERROR': 0, 'TIMEOUT': 0}
[run_cell   31/  60 t= 1942s] idx=30   budget=900s (shell timeout=960s)
[linearizenn_2024] running only idx=30; appending to /home/sasakis/v/tools/n2v/examples/FlowConformal/experiments/exp1_vnncomp_subset/outputs/exp1_linearizenn_2024_hashemi_clipping.csv
[linearizenn_2024] Loaded 1 instances; writing to /home/sasakis/v/tools/n2v/examples/FlowConformal/experiments/exp1_vnncomp_subset/outputs/exp1_linearizenn_2024_hashemi_clipping.csv
[linearizenn_2024] Hashemi-clipping config: m=8000 ell=7999 epsilon=0.001 SEED=47
[linearizenn_2024 1/1 t=0s budget=900s] onnx/AllInOne_80_30.onnx + vnnlib/prop_80_30.vnnlib
/home/sasakis/v/tools/n2v/third_party/onnx2torch/onnx2torch/node_converters/slice.py:67: UserWarning: Using a non-tuple sequence for multidimensional indexing is deprecated and will be changed in pytorch 2.9; use x[tuple(seq)] instead of x[seq]. In pytorch 2.9 this will be interpreted as tensor index, x[torch.tensor(seq)], which will result either in an error or a different result (Triggered internally at /pytorch/torch/csrc/autograd/python_variable_indexing.cpp:306.)
  x = x[pos_axes_slices]
    verdict=UNSAT  wall=60.6s

=== Sweep complete ===
Wrote /home/sasakis/v/tools/n2v/examples/FlowConformal/experiments/exp1_vnncomp_subset/outputs/exp1_linearizenn_2024_hashemi_clipping.csv
Total wall-clock: 1.0 min
Counts: {'UNSAT': 1, 'SAT': 0, 'UNKNOWN': 0, 'SKIPPED': 0, 'ERROR': 0, 'TIMEOUT': 0}
[run_cell   32/  60 t= 2008s] idx=31   budget=900s (shell timeout=960s)
[linearizenn_2024] running only idx=31; appending to /home/sasakis/v/tools/n2v/examples/FlowConformal/experiments/exp1_vnncomp_subset/outputs/exp1_linearizenn_2024_hashemi_clipping.csv
[linearizenn_2024] Loaded 1 instances; writing to /home/sasakis/v/tools/n2v/examples/FlowConformal/experiments/exp1_vnncomp_subset/outputs/exp1_linearizenn_2024_hashemi_clipping.csv
[linearizenn_2024] Hashemi-clipping config: m=8000 ell=7999 epsilon=0.001 SEED=47
[linearizenn_2024 1/1 t=0s budget=900s] onnx/AllInOne_80_30.onnx + vnnlib/prop_80_30_0.vnnlib
/home/sasakis/v/tools/n2v/third_party/onnx2torch/onnx2torch/node_converters/slice.py:67: UserWarning: Using a non-tuple sequence for multidimensional indexing is deprecated and will be changed in pytorch 2.9; use x[tuple(seq)] instead of x[seq]. In pytorch 2.9 this will be interpreted as tensor index, x[torch.tensor(seq)], which will result either in an error or a different result (Triggered internally at /pytorch/torch/csrc/autograd/python_variable_indexing.cpp:306.)
  x = x[pos_axes_slices]
    verdict=UNSAT  wall=61.1s

=== Sweep complete ===
Wrote /home/sasakis/v/tools/n2v/examples/FlowConformal/experiments/exp1_vnncomp_subset/outputs/exp1_linearizenn_2024_hashemi_clipping.csv
Total wall-clock: 1.0 min
Counts: {'UNSAT': 1, 'SAT': 0, 'UNKNOWN': 0, 'SKIPPED': 0, 'ERROR': 0, 'TIMEOUT': 0}
[run_cell   33/  60 t= 2074s] idx=32   budget=900s (shell timeout=960s)
[linearizenn_2024] running only idx=32; appending to /home/sasakis/v/tools/n2v/examples/FlowConformal/experiments/exp1_vnncomp_subset/outputs/exp1_linearizenn_2024_hashemi_clipping.csv
[linearizenn_2024] Loaded 1 instances; writing to /home/sasakis/v/tools/n2v/examples/FlowConformal/experiments/exp1_vnncomp_subset/outputs/exp1_linearizenn_2024_hashemi_clipping.csv
[linearizenn_2024] Hashemi-clipping config: m=8000 ell=7999 epsilon=0.001 SEED=47
[linearizenn_2024 1/1 t=0s budget=900s] onnx/AllInOne_80_30.onnx + vnnlib/prop_80_30_1.vnnlib
/home/sasakis/v/tools/n2v/third_party/onnx2torch/onnx2torch/node_converters/slice.py:67: UserWarning: Using a non-tuple sequence for multidimensional indexing is deprecated and will be changed in pytorch 2.9; use x[tuple(seq)] instead of x[seq]. In pytorch 2.9 this will be interpreted as tensor index, x[torch.tensor(seq)], which will result either in an error or a different result (Triggered internally at /pytorch/torch/csrc/autograd/python_variable_indexing.cpp:306.)
  x = x[pos_axes_slices]
    verdict=UNSAT  wall=61.3s

=== Sweep complete ===
Wrote /home/sasakis/v/tools/n2v/examples/FlowConformal/experiments/exp1_vnncomp_subset/outputs/exp1_linearizenn_2024_hashemi_clipping.csv
Total wall-clock: 1.0 min
Counts: {'UNSAT': 1, 'SAT': 0, 'UNKNOWN': 0, 'SKIPPED': 0, 'ERROR': 0, 'TIMEOUT': 0}
[run_cell   34/  60 t= 2140s] idx=33   budget=900s (shell timeout=960s)
[linearizenn_2024] running only idx=33; appending to /home/sasakis/v/tools/n2v/examples/FlowConformal/experiments/exp1_vnncomp_subset/outputs/exp1_linearizenn_2024_hashemi_clipping.csv
[linearizenn_2024] Loaded 1 instances; writing to /home/sasakis/v/tools/n2v/examples/FlowConformal/experiments/exp1_vnncomp_subset/outputs/exp1_linearizenn_2024_hashemi_clipping.csv
[linearizenn_2024] Hashemi-clipping config: m=8000 ell=7999 epsilon=0.001 SEED=47
[linearizenn_2024 1/1 t=0s budget=900s] onnx/AllInOne_80_30.onnx + vnnlib/prop_80_30_2.vnnlib
/home/sasakis/v/tools/n2v/third_party/onnx2torch/onnx2torch/node_converters/slice.py:67: UserWarning: Using a non-tuple sequence for multidimensional indexing is deprecated and will be changed in pytorch 2.9; use x[tuple(seq)] instead of x[seq]. In pytorch 2.9 this will be interpreted as tensor index, x[torch.tensor(seq)], which will result either in an error or a different result (Triggered internally at /pytorch/torch/csrc/autograd/python_variable_indexing.cpp:306.)
  x = x[pos_axes_slices]
    verdict=UNSAT  wall=61.0s

=== Sweep complete ===
Wrote /home/sasakis/v/tools/n2v/examples/FlowConformal/experiments/exp1_vnncomp_subset/outputs/exp1_linearizenn_2024_hashemi_clipping.csv
Total wall-clock: 1.0 min
Counts: {'UNSAT': 1, 'SAT': 0, 'UNKNOWN': 0, 'SKIPPED': 0, 'ERROR': 0, 'TIMEOUT': 0}
[run_cell   35/  60 t= 2206s] idx=34   budget=900s (shell timeout=960s)
[linearizenn_2024] running only idx=34; appending to /home/sasakis/v/tools/n2v/examples/FlowConformal/experiments/exp1_vnncomp_subset/outputs/exp1_linearizenn_2024_hashemi_clipping.csv
[linearizenn_2024] Loaded 1 instances; writing to /home/sasakis/v/tools/n2v/examples/FlowConformal/experiments/exp1_vnncomp_subset/outputs/exp1_linearizenn_2024_hashemi_clipping.csv
[linearizenn_2024] Hashemi-clipping config: m=8000 ell=7999 epsilon=0.001 SEED=47
[linearizenn_2024 1/1 t=0s budget=900s] onnx/AllInOne_80_30.onnx + vnnlib/prop_80_30_3.vnnlib
/home/sasakis/v/tools/n2v/third_party/onnx2torch/onnx2torch/node_converters/slice.py:67: UserWarning: Using a non-tuple sequence for multidimensional indexing is deprecated and will be changed in pytorch 2.9; use x[tuple(seq)] instead of x[seq]. In pytorch 2.9 this will be interpreted as tensor index, x[torch.tensor(seq)], which will result either in an error or a different result (Triggered internally at /pytorch/torch/csrc/autograd/python_variable_indexing.cpp:306.)
  x = x[pos_axes_slices]
    verdict=UNSAT  wall=61.2s

=== Sweep complete ===
Wrote /home/sasakis/v/tools/n2v/examples/FlowConformal/experiments/exp1_vnncomp_subset/outputs/exp1_linearizenn_2024_hashemi_clipping.csv
Total wall-clock: 1.0 min
Counts: {'UNSAT': 1, 'SAT': 0, 'UNKNOWN': 0, 'SKIPPED': 0, 'ERROR': 0, 'TIMEOUT': 0}
[run_cell   36/  60 t= 2272s] idx=35   budget=900s (shell timeout=960s)
[linearizenn_2024] running only idx=35; appending to /home/sasakis/v/tools/n2v/examples/FlowConformal/experiments/exp1_vnncomp_subset/outputs/exp1_linearizenn_2024_hashemi_clipping.csv
[linearizenn_2024] Loaded 1 instances; writing to /home/sasakis/v/tools/n2v/examples/FlowConformal/experiments/exp1_vnncomp_subset/outputs/exp1_linearizenn_2024_hashemi_clipping.csv
[linearizenn_2024] Hashemi-clipping config: m=8000 ell=7999 epsilon=0.001 SEED=47
[linearizenn_2024 1/1 t=0s budget=900s] onnx/AllInOne_80_30.onnx + vnnlib/prop_80_30_4.vnnlib
/home/sasakis/v/tools/n2v/third_party/onnx2torch/onnx2torch/node_converters/slice.py:67: UserWarning: Using a non-tuple sequence for multidimensional indexing is deprecated and will be changed in pytorch 2.9; use x[tuple(seq)] instead of x[seq]. In pytorch 2.9 this will be interpreted as tensor index, x[torch.tensor(seq)], which will result either in an error or a different result (Triggered internally at /pytorch/torch/csrc/autograd/python_variable_indexing.cpp:306.)
  x = x[pos_axes_slices]
    verdict=UNSAT  wall=60.8s

=== Sweep complete ===
Wrote /home/sasakis/v/tools/n2v/examples/FlowConformal/experiments/exp1_vnncomp_subset/outputs/exp1_linearizenn_2024_hashemi_clipping.csv
Total wall-clock: 1.0 min
Counts: {'UNSAT': 1, 'SAT': 0, 'UNKNOWN': 0, 'SKIPPED': 0, 'ERROR': 0, 'TIMEOUT': 0}
[run_cell   37/  60 t= 2338s] idx=36   budget=900s (shell timeout=960s)
[linearizenn_2024] running only idx=36; appending to /home/sasakis/v/tools/n2v/examples/FlowConformal/experiments/exp1_vnncomp_subset/outputs/exp1_linearizenn_2024_hashemi_clipping.csv
[linearizenn_2024] Loaded 1 instances; writing to /home/sasakis/v/tools/n2v/examples/FlowConformal/experiments/exp1_vnncomp_subset/outputs/exp1_linearizenn_2024_hashemi_clipping.csv
[linearizenn_2024] Hashemi-clipping config: m=8000 ell=7999 epsilon=0.001 SEED=47
[linearizenn_2024 1/1 t=0s budget=900s] onnx/AllInOne_80_80.onnx + vnnlib/prop_80_80.vnnlib
/home/sasakis/v/tools/n2v/third_party/onnx2torch/onnx2torch/node_converters/slice.py:67: UserWarning: Using a non-tuple sequence for multidimensional indexing is deprecated and will be changed in pytorch 2.9; use x[tuple(seq)] instead of x[seq]. In pytorch 2.9 this will be interpreted as tensor index, x[torch.tensor(seq)], which will result either in an error or a different result (Triggered internally at /pytorch/torch/csrc/autograd/python_variable_indexing.cpp:306.)
  x = x[pos_axes_slices]
    verdict=UNSAT  wall=58.2s

=== Sweep complete ===
Wrote /home/sasakis/v/tools/n2v/examples/FlowConformal/experiments/exp1_vnncomp_subset/outputs/exp1_linearizenn_2024_hashemi_clipping.csv
Total wall-clock: 1.0 min
Counts: {'UNSAT': 1, 'SAT': 0, 'UNKNOWN': 0, 'SKIPPED': 0, 'ERROR': 0, 'TIMEOUT': 0}
[run_cell   38/  60 t= 2401s] idx=37   budget=900s (shell timeout=960s)
[linearizenn_2024] running only idx=37; appending to /home/sasakis/v/tools/n2v/examples/FlowConformal/experiments/exp1_vnncomp_subset/outputs/exp1_linearizenn_2024_hashemi_clipping.csv
[linearizenn_2024] Loaded 1 instances; writing to /home/sasakis/v/tools/n2v/examples/FlowConformal/experiments/exp1_vnncomp_subset/outputs/exp1_linearizenn_2024_hashemi_clipping.csv
[linearizenn_2024] Hashemi-clipping config: m=8000 ell=7999 epsilon=0.001 SEED=47
[linearizenn_2024 1/1 t=0s budget=900s] onnx/AllInOne_80_80.onnx + vnnlib/prop_80_80_0.vnnlib
/home/sasakis/v/tools/n2v/third_party/onnx2torch/onnx2torch/node_converters/slice.py:67: UserWarning: Using a non-tuple sequence for multidimensional indexing is deprecated and will be changed in pytorch 2.9; use x[tuple(seq)] instead of x[seq]. In pytorch 2.9 this will be interpreted as tensor index, x[torch.tensor(seq)], which will result either in an error or a different result (Triggered internally at /pytorch/torch/csrc/autograd/python_variable_indexing.cpp:306.)
  x = x[pos_axes_slices]
    verdict=UNSAT  wall=58.9s

=== Sweep complete ===
Wrote /home/sasakis/v/tools/n2v/examples/FlowConformal/experiments/exp1_vnncomp_subset/outputs/exp1_linearizenn_2024_hashemi_clipping.csv
Total wall-clock: 1.0 min
Counts: {'UNSAT': 1, 'SAT': 0, 'UNKNOWN': 0, 'SKIPPED': 0, 'ERROR': 0, 'TIMEOUT': 0}
[run_cell   39/  60 t= 2465s] idx=38   budget=900s (shell timeout=960s)
[linearizenn_2024] running only idx=38; appending to /home/sasakis/v/tools/n2v/examples/FlowConformal/experiments/exp1_vnncomp_subset/outputs/exp1_linearizenn_2024_hashemi_clipping.csv
[linearizenn_2024] Loaded 1 instances; writing to /home/sasakis/v/tools/n2v/examples/FlowConformal/experiments/exp1_vnncomp_subset/outputs/exp1_linearizenn_2024_hashemi_clipping.csv
[linearizenn_2024] Hashemi-clipping config: m=8000 ell=7999 epsilon=0.001 SEED=47
[linearizenn_2024 1/1 t=0s budget=900s] onnx/AllInOne_80_80.onnx + vnnlib/prop_80_80_1.vnnlib
/home/sasakis/v/tools/n2v/third_party/onnx2torch/onnx2torch/node_converters/slice.py:67: UserWarning: Using a non-tuple sequence for multidimensional indexing is deprecated and will be changed in pytorch 2.9; use x[tuple(seq)] instead of x[seq]. In pytorch 2.9 this will be interpreted as tensor index, x[torch.tensor(seq)], which will result either in an error or a different result (Triggered internally at /pytorch/torch/csrc/autograd/python_variable_indexing.cpp:306.)
  x = x[pos_axes_slices]
    verdict=UNSAT  wall=57.8s

=== Sweep complete ===
Wrote /home/sasakis/v/tools/n2v/examples/FlowConformal/experiments/exp1_vnncomp_subset/outputs/exp1_linearizenn_2024_hashemi_clipping.csv
Total wall-clock: 1.0 min
Counts: {'UNSAT': 1, 'SAT': 0, 'UNKNOWN': 0, 'SKIPPED': 0, 'ERROR': 0, 'TIMEOUT': 0}
[run_cell   40/  60 t= 2528s] idx=39   budget=900s (shell timeout=960s)
[linearizenn_2024] running only idx=39; appending to /home/sasakis/v/tools/n2v/examples/FlowConformal/experiments/exp1_vnncomp_subset/outputs/exp1_linearizenn_2024_hashemi_clipping.csv
[linearizenn_2024] Loaded 1 instances; writing to /home/sasakis/v/tools/n2v/examples/FlowConformal/experiments/exp1_vnncomp_subset/outputs/exp1_linearizenn_2024_hashemi_clipping.csv
[linearizenn_2024] Hashemi-clipping config: m=8000 ell=7999 epsilon=0.001 SEED=47
[linearizenn_2024 1/1 t=0s budget=900s] onnx/AllInOne_80_80.onnx + vnnlib/prop_80_80_2.vnnlib
/home/sasakis/v/tools/n2v/third_party/onnx2torch/onnx2torch/node_converters/slice.py:67: UserWarning: Using a non-tuple sequence for multidimensional indexing is deprecated and will be changed in pytorch 2.9; use x[tuple(seq)] instead of x[seq]. In pytorch 2.9 this will be interpreted as tensor index, x[torch.tensor(seq)], which will result either in an error or a different result (Triggered internally at /pytorch/torch/csrc/autograd/python_variable_indexing.cpp:306.)
  x = x[pos_axes_slices]
    verdict=UNSAT  wall=58.5s

=== Sweep complete ===
Wrote /home/sasakis/v/tools/n2v/examples/FlowConformal/experiments/exp1_vnncomp_subset/outputs/exp1_linearizenn_2024_hashemi_clipping.csv
Total wall-clock: 1.0 min
Counts: {'UNSAT': 1, 'SAT': 0, 'UNKNOWN': 0, 'SKIPPED': 0, 'ERROR': 0, 'TIMEOUT': 0}
[run_cell   41/  60 t= 2591s] idx=40   budget=900s (shell timeout=960s)
[linearizenn_2024] running only idx=40; appending to /home/sasakis/v/tools/n2v/examples/FlowConformal/experiments/exp1_vnncomp_subset/outputs/exp1_linearizenn_2024_hashemi_clipping.csv
[linearizenn_2024] Loaded 1 instances; writing to /home/sasakis/v/tools/n2v/examples/FlowConformal/experiments/exp1_vnncomp_subset/outputs/exp1_linearizenn_2024_hashemi_clipping.csv
[linearizenn_2024] Hashemi-clipping config: m=8000 ell=7999 epsilon=0.001 SEED=47
[linearizenn_2024 1/1 t=0s budget=900s] onnx/AllInOne_80_80.onnx + vnnlib/prop_80_80_3.vnnlib
/home/sasakis/v/tools/n2v/third_party/onnx2torch/onnx2torch/node_converters/slice.py:67: UserWarning: Using a non-tuple sequence for multidimensional indexing is deprecated and will be changed in pytorch 2.9; use x[tuple(seq)] instead of x[seq]. In pytorch 2.9 this will be interpreted as tensor index, x[torch.tensor(seq)], which will result either in an error or a different result (Triggered internally at /pytorch/torch/csrc/autograd/python_variable_indexing.cpp:306.)
  x = x[pos_axes_slices]
    verdict=UNSAT  wall=59.0s

=== Sweep complete ===
Wrote /home/sasakis/v/tools/n2v/examples/FlowConformal/experiments/exp1_vnncomp_subset/outputs/exp1_linearizenn_2024_hashemi_clipping.csv
Total wall-clock: 1.0 min
Counts: {'UNSAT': 1, 'SAT': 0, 'UNKNOWN': 0, 'SKIPPED': 0, 'ERROR': 0, 'TIMEOUT': 0}
[run_cell   42/  60 t= 2655s] idx=41   budget=900s (shell timeout=960s)
[linearizenn_2024] running only idx=41; appending to /home/sasakis/v/tools/n2v/examples/FlowConformal/experiments/exp1_vnncomp_subset/outputs/exp1_linearizenn_2024_hashemi_clipping.csv
[linearizenn_2024] Loaded 1 instances; writing to /home/sasakis/v/tools/n2v/examples/FlowConformal/experiments/exp1_vnncomp_subset/outputs/exp1_linearizenn_2024_hashemi_clipping.csv
[linearizenn_2024] Hashemi-clipping config: m=8000 ell=7999 epsilon=0.001 SEED=47
[linearizenn_2024 1/1 t=0s budget=900s] onnx/AllInOne_80_80.onnx + vnnlib/prop_80_80_4.vnnlib
/home/sasakis/v/tools/n2v/third_party/onnx2torch/onnx2torch/node_converters/slice.py:67: UserWarning: Using a non-tuple sequence for multidimensional indexing is deprecated and will be changed in pytorch 2.9; use x[tuple(seq)] instead of x[seq]. In pytorch 2.9 this will be interpreted as tensor index, x[torch.tensor(seq)], which will result either in an error or a different result (Triggered internally at /pytorch/torch/csrc/autograd/python_variable_indexing.cpp:306.)
  x = x[pos_axes_slices]
    verdict=UNSAT  wall=57.6s

=== Sweep complete ===
Wrote /home/sasakis/v/tools/n2v/examples/FlowConformal/experiments/exp1_vnncomp_subset/outputs/exp1_linearizenn_2024_hashemi_clipping.csv
Total wall-clock: 1.0 min
Counts: {'UNSAT': 1, 'SAT': 0, 'UNKNOWN': 0, 'SKIPPED': 0, 'ERROR': 0, 'TIMEOUT': 0}
[run_cell   43/  60 t= 2717s] idx=42   budget=900s (shell timeout=960s)
[linearizenn_2024] running only idx=42; appending to /home/sasakis/v/tools/n2v/examples/FlowConformal/experiments/exp1_vnncomp_subset/outputs/exp1_linearizenn_2024_hashemi_clipping.csv
[linearizenn_2024] Loaded 1 instances; writing to /home/sasakis/v/tools/n2v/examples/FlowConformal/experiments/exp1_vnncomp_subset/outputs/exp1_linearizenn_2024_hashemi_clipping.csv
[linearizenn_2024] Hashemi-clipping config: m=8000 ell=7999 epsilon=0.001 SEED=47
[linearizenn_2024 1/1 t=0s budget=900s] onnx/AllInOne_120_30.onnx + vnnlib/prop_120_30.vnnlib
/home/sasakis/v/tools/n2v/third_party/onnx2torch/onnx2torch/node_converters/slice.py:67: UserWarning: Using a non-tuple sequence for multidimensional indexing is deprecated and will be changed in pytorch 2.9; use x[tuple(seq)] instead of x[seq]. In pytorch 2.9 this will be interpreted as tensor index, x[torch.tensor(seq)], which will result either in an error or a different result (Triggered internally at /pytorch/torch/csrc/autograd/python_variable_indexing.cpp:306.)
  x = x[pos_axes_slices]
    verdict=UNSAT  wall=60.9s

=== Sweep complete ===
Wrote /home/sasakis/v/tools/n2v/examples/FlowConformal/experiments/exp1_vnncomp_subset/outputs/exp1_linearizenn_2024_hashemi_clipping.csv
Total wall-clock: 1.0 min
Counts: {'UNSAT': 1, 'SAT': 0, 'UNKNOWN': 0, 'SKIPPED': 0, 'ERROR': 0, 'TIMEOUT': 0}
[run_cell   44/  60 t= 2783s] idx=43   budget=900s (shell timeout=960s)
[linearizenn_2024] running only idx=43; appending to /home/sasakis/v/tools/n2v/examples/FlowConformal/experiments/exp1_vnncomp_subset/outputs/exp1_linearizenn_2024_hashemi_clipping.csv
[linearizenn_2024] Loaded 1 instances; writing to /home/sasakis/v/tools/n2v/examples/FlowConformal/experiments/exp1_vnncomp_subset/outputs/exp1_linearizenn_2024_hashemi_clipping.csv
[linearizenn_2024] Hashemi-clipping config: m=8000 ell=7999 epsilon=0.001 SEED=47
[linearizenn_2024 1/1 t=0s budget=900s] onnx/AllInOne_120_30.onnx + vnnlib/prop_120_30_0.vnnlib
/home/sasakis/v/tools/n2v/third_party/onnx2torch/onnx2torch/node_converters/slice.py:67: UserWarning: Using a non-tuple sequence for multidimensional indexing is deprecated and will be changed in pytorch 2.9; use x[tuple(seq)] instead of x[seq]. In pytorch 2.9 this will be interpreted as tensor index, x[torch.tensor(seq)], which will result either in an error or a different result (Triggered internally at /pytorch/torch/csrc/autograd/python_variable_indexing.cpp:306.)
  x = x[pos_axes_slices]
    verdict=UNSAT  wall=61.1s

=== Sweep complete ===
Wrote /home/sasakis/v/tools/n2v/examples/FlowConformal/experiments/exp1_vnncomp_subset/outputs/exp1_linearizenn_2024_hashemi_clipping.csv
Total wall-clock: 1.0 min
Counts: {'UNSAT': 1, 'SAT': 0, 'UNKNOWN': 0, 'SKIPPED': 0, 'ERROR': 0, 'TIMEOUT': 0}
[run_cell   45/  60 t= 2849s] idx=44   budget=900s (shell timeout=960s)
[linearizenn_2024] running only idx=44; appending to /home/sasakis/v/tools/n2v/examples/FlowConformal/experiments/exp1_vnncomp_subset/outputs/exp1_linearizenn_2024_hashemi_clipping.csv
[linearizenn_2024] Loaded 1 instances; writing to /home/sasakis/v/tools/n2v/examples/FlowConformal/experiments/exp1_vnncomp_subset/outputs/exp1_linearizenn_2024_hashemi_clipping.csv
[linearizenn_2024] Hashemi-clipping config: m=8000 ell=7999 epsilon=0.001 SEED=47
[linearizenn_2024 1/1 t=0s budget=900s] onnx/AllInOne_120_30.onnx + vnnlib/prop_120_30_1.vnnlib
/home/sasakis/v/tools/n2v/third_party/onnx2torch/onnx2torch/node_converters/slice.py:67: UserWarning: Using a non-tuple sequence for multidimensional indexing is deprecated and will be changed in pytorch 2.9; use x[tuple(seq)] instead of x[seq]. In pytorch 2.9 this will be interpreted as tensor index, x[torch.tensor(seq)], which will result either in an error or a different result (Triggered internally at /pytorch/torch/csrc/autograd/python_variable_indexing.cpp:306.)
  x = x[pos_axes_slices]
    verdict=UNSAT  wall=61.4s

=== Sweep complete ===
Wrote /home/sasakis/v/tools/n2v/examples/FlowConformal/experiments/exp1_vnncomp_subset/outputs/exp1_linearizenn_2024_hashemi_clipping.csv
Total wall-clock: 1.0 min
Counts: {'UNSAT': 1, 'SAT': 0, 'UNKNOWN': 0, 'SKIPPED': 0, 'ERROR': 0, 'TIMEOUT': 0}
[run_cell   46/  60 t= 2916s] idx=45   budget=900s (shell timeout=960s)
[linearizenn_2024] running only idx=45; appending to /home/sasakis/v/tools/n2v/examples/FlowConformal/experiments/exp1_vnncomp_subset/outputs/exp1_linearizenn_2024_hashemi_clipping.csv
[linearizenn_2024] Loaded 1 instances; writing to /home/sasakis/v/tools/n2v/examples/FlowConformal/experiments/exp1_vnncomp_subset/outputs/exp1_linearizenn_2024_hashemi_clipping.csv
[linearizenn_2024] Hashemi-clipping config: m=8000 ell=7999 epsilon=0.001 SEED=47
[linearizenn_2024 1/1 t=0s budget=900s] onnx/AllInOne_120_30.onnx + vnnlib/prop_120_30_2.vnnlib
/home/sasakis/v/tools/n2v/third_party/onnx2torch/onnx2torch/node_converters/slice.py:67: UserWarning: Using a non-tuple sequence for multidimensional indexing is deprecated and will be changed in pytorch 2.9; use x[tuple(seq)] instead of x[seq]. In pytorch 2.9 this will be interpreted as tensor index, x[torch.tensor(seq)], which will result either in an error or a different result (Triggered internally at /pytorch/torch/csrc/autograd/python_variable_indexing.cpp:306.)
  x = x[pos_axes_slices]
    verdict=UNSAT  wall=61.2s

=== Sweep complete ===
Wrote /home/sasakis/v/tools/n2v/examples/FlowConformal/experiments/exp1_vnncomp_subset/outputs/exp1_linearizenn_2024_hashemi_clipping.csv
Total wall-clock: 1.0 min
Counts: {'UNSAT': 1, 'SAT': 0, 'UNKNOWN': 0, 'SKIPPED': 0, 'ERROR': 0, 'TIMEOUT': 0}
[run_cell   47/  60 t= 2982s] idx=46   budget=900s (shell timeout=960s)
[linearizenn_2024] running only idx=46; appending to /home/sasakis/v/tools/n2v/examples/FlowConformal/experiments/exp1_vnncomp_subset/outputs/exp1_linearizenn_2024_hashemi_clipping.csv
[linearizenn_2024] Loaded 1 instances; writing to /home/sasakis/v/tools/n2v/examples/FlowConformal/experiments/exp1_vnncomp_subset/outputs/exp1_linearizenn_2024_hashemi_clipping.csv
[linearizenn_2024] Hashemi-clipping config: m=8000 ell=7999 epsilon=0.001 SEED=47
[linearizenn_2024 1/1 t=0s budget=900s] onnx/AllInOne_120_30.onnx + vnnlib/prop_120_30_3.vnnlib
/home/sasakis/v/tools/n2v/third_party/onnx2torch/onnx2torch/node_converters/slice.py:67: UserWarning: Using a non-tuple sequence for multidimensional indexing is deprecated and will be changed in pytorch 2.9; use x[tuple(seq)] instead of x[seq]. In pytorch 2.9 this will be interpreted as tensor index, x[torch.tensor(seq)], which will result either in an error or a different result (Triggered internally at /pytorch/torch/csrc/autograd/python_variable_indexing.cpp:306.)
  x = x[pos_axes_slices]
    verdict=UNSAT  wall=61.1s

=== Sweep complete ===
Wrote /home/sasakis/v/tools/n2v/examples/FlowConformal/experiments/exp1_vnncomp_subset/outputs/exp1_linearizenn_2024_hashemi_clipping.csv
Total wall-clock: 1.0 min
Counts: {'UNSAT': 1, 'SAT': 0, 'UNKNOWN': 0, 'SKIPPED': 0, 'ERROR': 0, 'TIMEOUT': 0}
[run_cell   48/  60 t= 3048s] idx=47   budget=900s (shell timeout=960s)
[linearizenn_2024] running only idx=47; appending to /home/sasakis/v/tools/n2v/examples/FlowConformal/experiments/exp1_vnncomp_subset/outputs/exp1_linearizenn_2024_hashemi_clipping.csv
[linearizenn_2024] Loaded 1 instances; writing to /home/sasakis/v/tools/n2v/examples/FlowConformal/experiments/exp1_vnncomp_subset/outputs/exp1_linearizenn_2024_hashemi_clipping.csv
[linearizenn_2024] Hashemi-clipping config: m=8000 ell=7999 epsilon=0.001 SEED=47
[linearizenn_2024 1/1 t=0s budget=900s] onnx/AllInOne_120_30.onnx + vnnlib/prop_120_30_4.vnnlib
/home/sasakis/v/tools/n2v/third_party/onnx2torch/onnx2torch/node_converters/slice.py:67: UserWarning: Using a non-tuple sequence for multidimensional indexing is deprecated and will be changed in pytorch 2.9; use x[tuple(seq)] instead of x[seq]. In pytorch 2.9 this will be interpreted as tensor index, x[torch.tensor(seq)], which will result either in an error or a different result (Triggered internally at /pytorch/torch/csrc/autograd/python_variable_indexing.cpp:306.)
  x = x[pos_axes_slices]
    verdict=UNSAT  wall=60.7s

=== Sweep complete ===
Wrote /home/sasakis/v/tools/n2v/examples/FlowConformal/experiments/exp1_vnncomp_subset/outputs/exp1_linearizenn_2024_hashemi_clipping.csv
Total wall-clock: 1.0 min
Counts: {'UNSAT': 1, 'SAT': 0, 'UNKNOWN': 0, 'SKIPPED': 0, 'ERROR': 0, 'TIMEOUT': 0}
[run_cell   49/  60 t= 3114s] idx=48   budget=900s (shell timeout=960s)
[linearizenn_2024] running only idx=48; appending to /home/sasakis/v/tools/n2v/examples/FlowConformal/experiments/exp1_vnncomp_subset/outputs/exp1_linearizenn_2024_hashemi_clipping.csv
[linearizenn_2024] Loaded 1 instances; writing to /home/sasakis/v/tools/n2v/examples/FlowConformal/experiments/exp1_vnncomp_subset/outputs/exp1_linearizenn_2024_hashemi_clipping.csv
[linearizenn_2024] Hashemi-clipping config: m=8000 ell=7999 epsilon=0.001 SEED=47
[linearizenn_2024 1/1 t=0s budget=900s] onnx/AllInOne_120_50.onnx + vnnlib/prop_120_50.vnnlib
/home/sasakis/v/tools/n2v/third_party/onnx2torch/onnx2torch/node_converters/slice.py:67: UserWarning: Using a non-tuple sequence for multidimensional indexing is deprecated and will be changed in pytorch 2.9; use x[tuple(seq)] instead of x[seq]. In pytorch 2.9 this will be interpreted as tensor index, x[torch.tensor(seq)], which will result either in an error or a different result (Triggered internally at /pytorch/torch/csrc/autograd/python_variable_indexing.cpp:306.)
  x = x[pos_axes_slices]
    verdict=UNSAT  wall=57.5s

=== Sweep complete ===
Wrote /home/sasakis/v/tools/n2v/examples/FlowConformal/experiments/exp1_vnncomp_subset/outputs/exp1_linearizenn_2024_hashemi_clipping.csv
Total wall-clock: 1.0 min
Counts: {'UNSAT': 1, 'SAT': 0, 'UNKNOWN': 0, 'SKIPPED': 0, 'ERROR': 0, 'TIMEOUT': 0}
[run_cell   50/  60 t= 3176s] idx=49   budget=900s (shell timeout=960s)
[linearizenn_2024] running only idx=49; appending to /home/sasakis/v/tools/n2v/examples/FlowConformal/experiments/exp1_vnncomp_subset/outputs/exp1_linearizenn_2024_hashemi_clipping.csv
[linearizenn_2024] Loaded 1 instances; writing to /home/sasakis/v/tools/n2v/examples/FlowConformal/experiments/exp1_vnncomp_subset/outputs/exp1_linearizenn_2024_hashemi_clipping.csv
[linearizenn_2024] Hashemi-clipping config: m=8000 ell=7999 epsilon=0.001 SEED=47
[linearizenn_2024 1/1 t=0s budget=900s] onnx/AllInOne_120_50.onnx + vnnlib/prop_120_50_0.vnnlib
/home/sasakis/v/tools/n2v/third_party/onnx2torch/onnx2torch/node_converters/slice.py:67: UserWarning: Using a non-tuple sequence for multidimensional indexing is deprecated and will be changed in pytorch 2.9; use x[tuple(seq)] instead of x[seq]. In pytorch 2.9 this will be interpreted as tensor index, x[torch.tensor(seq)], which will result either in an error or a different result (Triggered internally at /pytorch/torch/csrc/autograd/python_variable_indexing.cpp:306.)
  x = x[pos_axes_slices]
    verdict=UNSAT  wall=57.6s

=== Sweep complete ===
Wrote /home/sasakis/v/tools/n2v/examples/FlowConformal/experiments/exp1_vnncomp_subset/outputs/exp1_linearizenn_2024_hashemi_clipping.csv
Total wall-clock: 1.0 min
Counts: {'UNSAT': 1, 'SAT': 0, 'UNKNOWN': 0, 'SKIPPED': 0, 'ERROR': 0, 'TIMEOUT': 0}
[run_cell   51/  60 t= 3239s] idx=50   budget=900s (shell timeout=960s)
[linearizenn_2024] running only idx=50; appending to /home/sasakis/v/tools/n2v/examples/FlowConformal/experiments/exp1_vnncomp_subset/outputs/exp1_linearizenn_2024_hashemi_clipping.csv
[linearizenn_2024] Loaded 1 instances; writing to /home/sasakis/v/tools/n2v/examples/FlowConformal/experiments/exp1_vnncomp_subset/outputs/exp1_linearizenn_2024_hashemi_clipping.csv
[linearizenn_2024] Hashemi-clipping config: m=8000 ell=7999 epsilon=0.001 SEED=47
[linearizenn_2024 1/1 t=0s budget=900s] onnx/AllInOne_120_50.onnx + vnnlib/prop_120_50_1.vnnlib
/home/sasakis/v/tools/n2v/third_party/onnx2torch/onnx2torch/node_converters/slice.py:67: UserWarning: Using a non-tuple sequence for multidimensional indexing is deprecated and will be changed in pytorch 2.9; use x[tuple(seq)] instead of x[seq]. In pytorch 2.9 this will be interpreted as tensor index, x[torch.tensor(seq)], which will result either in an error or a different result (Triggered internally at /pytorch/torch/csrc/autograd/python_variable_indexing.cpp:306.)
  x = x[pos_axes_slices]
    verdict=UNSAT  wall=58.1s

=== Sweep complete ===
Wrote /home/sasakis/v/tools/n2v/examples/FlowConformal/experiments/exp1_vnncomp_subset/outputs/exp1_linearizenn_2024_hashemi_clipping.csv
Total wall-clock: 1.0 min
Counts: {'UNSAT': 1, 'SAT': 0, 'UNKNOWN': 0, 'SKIPPED': 0, 'ERROR': 0, 'TIMEOUT': 0}
[run_cell   52/  60 t= 3302s] idx=51   budget=900s (shell timeout=960s)
[linearizenn_2024] running only idx=51; appending to /home/sasakis/v/tools/n2v/examples/FlowConformal/experiments/exp1_vnncomp_subset/outputs/exp1_linearizenn_2024_hashemi_clipping.csv
[linearizenn_2024] Loaded 1 instances; writing to /home/sasakis/v/tools/n2v/examples/FlowConformal/experiments/exp1_vnncomp_subset/outputs/exp1_linearizenn_2024_hashemi_clipping.csv
[linearizenn_2024] Hashemi-clipping config: m=8000 ell=7999 epsilon=0.001 SEED=47
[linearizenn_2024 1/1 t=0s budget=900s] onnx/AllInOne_120_50.onnx + vnnlib/prop_120_50_2.vnnlib
/home/sasakis/v/tools/n2v/third_party/onnx2torch/onnx2torch/node_converters/slice.py:67: UserWarning: Using a non-tuple sequence for multidimensional indexing is deprecated and will be changed in pytorch 2.9; use x[tuple(seq)] instead of x[seq]. In pytorch 2.9 this will be interpreted as tensor index, x[torch.tensor(seq)], which will result either in an error or a different result (Triggered internally at /pytorch/torch/csrc/autograd/python_variable_indexing.cpp:306.)
  x = x[pos_axes_slices]
    verdict=UNSAT  wall=57.6s

=== Sweep complete ===
Wrote /home/sasakis/v/tools/n2v/examples/FlowConformal/experiments/exp1_vnncomp_subset/outputs/exp1_linearizenn_2024_hashemi_clipping.csv
Total wall-clock: 1.0 min
Counts: {'UNSAT': 1, 'SAT': 0, 'UNKNOWN': 0, 'SKIPPED': 0, 'ERROR': 0, 'TIMEOUT': 0}
[run_cell   53/  60 t= 3364s] idx=52   budget=900s (shell timeout=960s)
[linearizenn_2024] running only idx=52; appending to /home/sasakis/v/tools/n2v/examples/FlowConformal/experiments/exp1_vnncomp_subset/outputs/exp1_linearizenn_2024_hashemi_clipping.csv
[linearizenn_2024] Loaded 1 instances; writing to /home/sasakis/v/tools/n2v/examples/FlowConformal/experiments/exp1_vnncomp_subset/outputs/exp1_linearizenn_2024_hashemi_clipping.csv
[linearizenn_2024] Hashemi-clipping config: m=8000 ell=7999 epsilon=0.001 SEED=47
[linearizenn_2024 1/1 t=0s budget=900s] onnx/AllInOne_120_50.onnx + vnnlib/prop_120_50_3.vnnlib
/home/sasakis/v/tools/n2v/third_party/onnx2torch/onnx2torch/node_converters/slice.py:67: UserWarning: Using a non-tuple sequence for multidimensional indexing is deprecated and will be changed in pytorch 2.9; use x[tuple(seq)] instead of x[seq]. In pytorch 2.9 this will be interpreted as tensor index, x[torch.tensor(seq)], which will result either in an error or a different result (Triggered internally at /pytorch/torch/csrc/autograd/python_variable_indexing.cpp:306.)
  x = x[pos_axes_slices]
    verdict=UNSAT  wall=57.8s

=== Sweep complete ===
Wrote /home/sasakis/v/tools/n2v/examples/FlowConformal/experiments/exp1_vnncomp_subset/outputs/exp1_linearizenn_2024_hashemi_clipping.csv
Total wall-clock: 1.0 min
Counts: {'UNSAT': 1, 'SAT': 0, 'UNKNOWN': 0, 'SKIPPED': 0, 'ERROR': 0, 'TIMEOUT': 0}
[run_cell   54/  60 t= 3427s] idx=53   budget=900s (shell timeout=960s)
[linearizenn_2024] running only idx=53; appending to /home/sasakis/v/tools/n2v/examples/FlowConformal/experiments/exp1_vnncomp_subset/outputs/exp1_linearizenn_2024_hashemi_clipping.csv
[linearizenn_2024] Loaded 1 instances; writing to /home/sasakis/v/tools/n2v/examples/FlowConformal/experiments/exp1_vnncomp_subset/outputs/exp1_linearizenn_2024_hashemi_clipping.csv
[linearizenn_2024] Hashemi-clipping config: m=8000 ell=7999 epsilon=0.001 SEED=47
[linearizenn_2024 1/1 t=0s budget=900s] onnx/AllInOne_120_50.onnx + vnnlib/prop_120_50_4.vnnlib
/home/sasakis/v/tools/n2v/third_party/onnx2torch/onnx2torch/node_converters/slice.py:67: UserWarning: Using a non-tuple sequence for multidimensional indexing is deprecated and will be changed in pytorch 2.9; use x[tuple(seq)] instead of x[seq]. In pytorch 2.9 this will be interpreted as tensor index, x[torch.tensor(seq)], which will result either in an error or a different result (Triggered internally at /pytorch/torch/csrc/autograd/python_variable_indexing.cpp:306.)
  x = x[pos_axes_slices]
    verdict=UNSAT  wall=57.9s

=== Sweep complete ===
Wrote /home/sasakis/v/tools/n2v/examples/FlowConformal/experiments/exp1_vnncomp_subset/outputs/exp1_linearizenn_2024_hashemi_clipping.csv
Total wall-clock: 1.0 min
Counts: {'UNSAT': 1, 'SAT': 0, 'UNKNOWN': 0, 'SKIPPED': 0, 'ERROR': 0, 'TIMEOUT': 0}
[run_cell   55/  60 t= 3490s] idx=54   budget=900s (shell timeout=960s)
[linearizenn_2024] running only idx=54; appending to /home/sasakis/v/tools/n2v/examples/FlowConformal/experiments/exp1_vnncomp_subset/outputs/exp1_linearizenn_2024_hashemi_clipping.csv
[linearizenn_2024] Loaded 1 instances; writing to /home/sasakis/v/tools/n2v/examples/FlowConformal/experiments/exp1_vnncomp_subset/outputs/exp1_linearizenn_2024_hashemi_clipping.csv
[linearizenn_2024] Hashemi-clipping config: m=8000 ell=7999 epsilon=0.001 SEED=47
[linearizenn_2024 1/1 t=0s budget=900s] onnx/AllInOne_120_120.onnx + vnnlib/prop_120_120.vnnlib
/home/sasakis/v/tools/n2v/third_party/onnx2torch/onnx2torch/node_converters/slice.py:67: UserWarning: Using a non-tuple sequence for multidimensional indexing is deprecated and will be changed in pytorch 2.9; use x[tuple(seq)] instead of x[seq]. In pytorch 2.9 this will be interpreted as tensor index, x[torch.tensor(seq)], which will result either in an error or a different result (Triggered internally at /pytorch/torch/csrc/autograd/python_variable_indexing.cpp:306.)
  x = x[pos_axes_slices]
    verdict=UNSAT  wall=63.0s

=== Sweep complete ===
Wrote /home/sasakis/v/tools/n2v/examples/FlowConformal/experiments/exp1_vnncomp_subset/outputs/exp1_linearizenn_2024_hashemi_clipping.csv
Total wall-clock: 1.0 min
Counts: {'UNSAT': 1, 'SAT': 0, 'UNKNOWN': 0, 'SKIPPED': 0, 'ERROR': 0, 'TIMEOUT': 0}
[run_cell   56/  60 t= 3558s] idx=55   budget=900s (shell timeout=960s)
[linearizenn_2024] running only idx=55; appending to /home/sasakis/v/tools/n2v/examples/FlowConformal/experiments/exp1_vnncomp_subset/outputs/exp1_linearizenn_2024_hashemi_clipping.csv
[linearizenn_2024] Loaded 1 instances; writing to /home/sasakis/v/tools/n2v/examples/FlowConformal/experiments/exp1_vnncomp_subset/outputs/exp1_linearizenn_2024_hashemi_clipping.csv
[linearizenn_2024] Hashemi-clipping config: m=8000 ell=7999 epsilon=0.001 SEED=47
[linearizenn_2024 1/1 t=0s budget=900s] onnx/AllInOne_120_120.onnx + vnnlib/prop_120_120_0.vnnlib
/home/sasakis/v/tools/n2v/third_party/onnx2torch/onnx2torch/node_converters/slice.py:67: UserWarning: Using a non-tuple sequence for multidimensional indexing is deprecated and will be changed in pytorch 2.9; use x[tuple(seq)] instead of x[seq]. In pytorch 2.9 this will be interpreted as tensor index, x[torch.tensor(seq)], which will result either in an error or a different result (Triggered internally at /pytorch/torch/csrc/autograd/python_variable_indexing.cpp:306.)
  x = x[pos_axes_slices]
    verdict=UNSAT  wall=63.9s

=== Sweep complete ===
Wrote /home/sasakis/v/tools/n2v/examples/FlowConformal/experiments/exp1_vnncomp_subset/outputs/exp1_linearizenn_2024_hashemi_clipping.csv
Total wall-clock: 1.1 min
Counts: {'UNSAT': 1, 'SAT': 0, 'UNKNOWN': 0, 'SKIPPED': 0, 'ERROR': 0, 'TIMEOUT': 0}
[run_cell   57/  60 t= 3626s] idx=56   budget=900s (shell timeout=960s)
[linearizenn_2024] running only idx=56; appending to /home/sasakis/v/tools/n2v/examples/FlowConformal/experiments/exp1_vnncomp_subset/outputs/exp1_linearizenn_2024_hashemi_clipping.csv
[linearizenn_2024] Loaded 1 instances; writing to /home/sasakis/v/tools/n2v/examples/FlowConformal/experiments/exp1_vnncomp_subset/outputs/exp1_linearizenn_2024_hashemi_clipping.csv
[linearizenn_2024] Hashemi-clipping config: m=8000 ell=7999 epsilon=0.001 SEED=47
[linearizenn_2024 1/1 t=0s budget=900s] onnx/AllInOne_120_120.onnx + vnnlib/prop_120_120_1.vnnlib
/home/sasakis/v/tools/n2v/third_party/onnx2torch/onnx2torch/node_converters/slice.py:67: UserWarning: Using a non-tuple sequence for multidimensional indexing is deprecated and will be changed in pytorch 2.9; use x[tuple(seq)] instead of x[seq]. In pytorch 2.9 this will be interpreted as tensor index, x[torch.tensor(seq)], which will result either in an error or a different result (Triggered internally at /pytorch/torch/csrc/autograd/python_variable_indexing.cpp:306.)
  x = x[pos_axes_slices]
    verdict=UNSAT  wall=64.3s

=== Sweep complete ===
Wrote /home/sasakis/v/tools/n2v/examples/FlowConformal/experiments/exp1_vnncomp_subset/outputs/exp1_linearizenn_2024_hashemi_clipping.csv
Total wall-clock: 1.1 min
Counts: {'UNSAT': 1, 'SAT': 0, 'UNKNOWN': 0, 'SKIPPED': 0, 'ERROR': 0, 'TIMEOUT': 0}
[run_cell   58/  60 t= 3696s] idx=57   budget=900s (shell timeout=960s)
[linearizenn_2024] running only idx=57; appending to /home/sasakis/v/tools/n2v/examples/FlowConformal/experiments/exp1_vnncomp_subset/outputs/exp1_linearizenn_2024_hashemi_clipping.csv
[linearizenn_2024] Loaded 1 instances; writing to /home/sasakis/v/tools/n2v/examples/FlowConformal/experiments/exp1_vnncomp_subset/outputs/exp1_linearizenn_2024_hashemi_clipping.csv
[linearizenn_2024] Hashemi-clipping config: m=8000 ell=7999 epsilon=0.001 SEED=47
[linearizenn_2024 1/1 t=0s budget=900s] onnx/AllInOne_120_120.onnx + vnnlib/prop_120_120_2.vnnlib
/home/sasakis/v/tools/n2v/third_party/onnx2torch/onnx2torch/node_converters/slice.py:67: UserWarning: Using a non-tuple sequence for multidimensional indexing is deprecated and will be changed in pytorch 2.9; use x[tuple(seq)] instead of x[seq]. In pytorch 2.9 this will be interpreted as tensor index, x[torch.tensor(seq)], which will result either in an error or a different result (Triggered internally at /pytorch/torch/csrc/autograd/python_variable_indexing.cpp:306.)
  x = x[pos_axes_slices]
    verdict=UNSAT  wall=64.3s

=== Sweep complete ===
Wrote /home/sasakis/v/tools/n2v/examples/FlowConformal/experiments/exp1_vnncomp_subset/outputs/exp1_linearizenn_2024_hashemi_clipping.csv
Total wall-clock: 1.1 min
Counts: {'UNSAT': 1, 'SAT': 0, 'UNKNOWN': 0, 'SKIPPED': 0, 'ERROR': 0, 'TIMEOUT': 0}
[run_cell   59/  60 t= 3765s] idx=58   budget=900s (shell timeout=960s)
[linearizenn_2024] running only idx=58; appending to /home/sasakis/v/tools/n2v/examples/FlowConformal/experiments/exp1_vnncomp_subset/outputs/exp1_linearizenn_2024_hashemi_clipping.csv
[linearizenn_2024] Loaded 1 instances; writing to /home/sasakis/v/tools/n2v/examples/FlowConformal/experiments/exp1_vnncomp_subset/outputs/exp1_linearizenn_2024_hashemi_clipping.csv
[linearizenn_2024] Hashemi-clipping config: m=8000 ell=7999 epsilon=0.001 SEED=47
[linearizenn_2024 1/1 t=0s budget=900s] onnx/AllInOne_120_120.onnx + vnnlib/prop_120_120_3.vnnlib
/home/sasakis/v/tools/n2v/third_party/onnx2torch/onnx2torch/node_converters/slice.py:67: UserWarning: Using a non-tuple sequence for multidimensional indexing is deprecated and will be changed in pytorch 2.9; use x[tuple(seq)] instead of x[seq]. In pytorch 2.9 this will be interpreted as tensor index, x[torch.tensor(seq)], which will result either in an error or a different result (Triggered internally at /pytorch/torch/csrc/autograd/python_variable_indexing.cpp:306.)
  x = x[pos_axes_slices]
    verdict=UNSAT  wall=63.5s

=== Sweep complete ===
Wrote /home/sasakis/v/tools/n2v/examples/FlowConformal/experiments/exp1_vnncomp_subset/outputs/exp1_linearizenn_2024_hashemi_clipping.csv
Total wall-clock: 1.1 min
Counts: {'UNSAT': 1, 'SAT': 0, 'UNKNOWN': 0, 'SKIPPED': 0, 'ERROR': 0, 'TIMEOUT': 0}
[run_cell   60/  60 t= 3833s] idx=59   budget=900s (shell timeout=960s)
[linearizenn_2024] running only idx=59; appending to /home/sasakis/v/tools/n2v/examples/FlowConformal/experiments/exp1_vnncomp_subset/outputs/exp1_linearizenn_2024_hashemi_clipping.csv
[linearizenn_2024] Loaded 1 instances; writing to /home/sasakis/v/tools/n2v/examples/FlowConformal/experiments/exp1_vnncomp_subset/outputs/exp1_linearizenn_2024_hashemi_clipping.csv
[linearizenn_2024] Hashemi-clipping config: m=8000 ell=7999 epsilon=0.001 SEED=47
[linearizenn_2024 1/1 t=0s budget=900s] onnx/AllInOne_120_120.onnx + vnnlib/prop_120_120_4.vnnlib
/home/sasakis/v/tools/n2v/third_party/onnx2torch/onnx2torch/node_converters/slice.py:67: UserWarning: Using a non-tuple sequence for multidimensional indexing is deprecated and will be changed in pytorch 2.9; use x[tuple(seq)] instead of x[seq]. In pytorch 2.9 this will be interpreted as tensor index, x[torch.tensor(seq)], which will result either in an error or a different result (Triggered internally at /pytorch/torch/csrc/autograd/python_variable_indexing.cpp:306.)
  x = x[pos_axes_slices]
    verdict=UNSAT  wall=63.3s

=== Sweep complete ===
Wrote /home/sasakis/v/tools/n2v/examples/FlowConformal/experiments/exp1_vnncomp_subset/outputs/exp1_linearizenn_2024_hashemi_clipping.csv
Total wall-clock: 1.1 min
Counts: {'UNSAT': 1, 'SAT': 0, 'UNKNOWN': 0, 'SKIPPED': 0, 'ERROR': 0, 'TIMEOUT': 0}
[run_cell] complete. shell-killed timeouts and exits noted above; CSV row counts in the output file.

[2026-05-02T08:24:00-05:00] === END:   exp1_linearizenn_2024_hashemi_clipping (rc=0) ===
