[2026-05-04T15:19:25-05:00] === START: exp1_tllverify_2023_saver ===
[run_cell] exp1_vnncomp_subset.exp1_run_saver --benchmark tllverify_2023: 32 instances
[run_cell    1/  32 t=    0s] idx=0    budget=600s (shell timeout=660s)
[tllverify_2023 1/1 t=0s budget=600s] idx=0 tllBench_n=2_N=M=8_m=1_instance_0_0.onnx+property_N=8_0.vnnlib
-----------------------------------------------------------------
Error between true and empirical CDF (i.e. \sup_x(|cdfTrue(x) - cdfEmpirical(x)|) < \epsilon): epsilon = 0.01
Confidence level (i.e. P(\sup_x(|cdfTrue(x) - cdfEmpirical(x)|) < \epsilon) >= 1-\beta): 1-beta = 0.999
Number of samples needed from simulator/sampler for DKW: 38005
Please add the specification by calling "usingDKW.addSpecification()" function.
Then, add samples by calling "usingDKW.addSamples()" function.
-----------------------------------------------------------------
-----------------------------------------------------------------
Error between true and empirical CDF (i.e. \sup_x(|cdfTrue(x) - cdfEmpirical(x)|) < \epsilon): epsilon = 0.01
Confidence level (i.e. P(\sup_x(|cdfTrue(x) - cdfEmpirical(x)|) < \epsilon) >= 1-\beta): 1-beta = 0.999
Number of samples needed from simulator/sampler for DKW: 38005
Please add the specification by calling "usingDKW.addSpecification()" function.
Then, add samples by calling "usingDKW.addSamples()" function.
-----------------------------------------------------------------
-----------------------------------------------------------------
Specification updated in DKW approach. Please add samples by calling 'usingDKW.addSamples()' function.
----------------------------------------------------------------
    verdict=UNSAT  wall=0.22s

=== Sweep complete ===
Wrote /home/sasakis/v/tools/n2v/examples/FlowConformal/experiments/exp1_vnncomp_subset/outputs/exp1_tllverify_2023_saver.csv
Total wall-clock: 0.0 min
Counts: {'UNSAT': 1, 'SAT': 0, 'UNKNOWN': 0, 'NOT_APPLICABLE': 0, 'ERROR': 0, 'TIMEOUT': 0}
[run_cell    2/  32 t=    5s] idx=1    budget=600s (shell timeout=660s)
[tllverify_2023 1/1 t=0s budget=600s] idx=1 tllBench_n=2_N=M=8_m=1_instance_0_1.onnx+property_N=8_1.vnnlib
-----------------------------------------------------------------
Error between true and empirical CDF (i.e. \sup_x(|cdfTrue(x) - cdfEmpirical(x)|) < \epsilon): epsilon = 0.01
Confidence level (i.e. P(\sup_x(|cdfTrue(x) - cdfEmpirical(x)|) < \epsilon) >= 1-\beta): 1-beta = 0.999
Number of samples needed from simulator/sampler for DKW: 38005
Please add the specification by calling "usingDKW.addSpecification()" function.
Then, add samples by calling "usingDKW.addSamples()" function.
-----------------------------------------------------------------
-----------------------------------------------------------------
Error between true and empirical CDF (i.e. \sup_x(|cdfTrue(x) - cdfEmpirical(x)|) < \epsilon): epsilon = 0.01
Confidence level (i.e. P(\sup_x(|cdfTrue(x) - cdfEmpirical(x)|) < \epsilon) >= 1-\beta): 1-beta = 0.999
Number of samples needed from simulator/sampler for DKW: 38005
Please add the specification by calling "usingDKW.addSpecification()" function.
Then, add samples by calling "usingDKW.addSamples()" function.
-----------------------------------------------------------------
-----------------------------------------------------------------
Specification updated in DKW approach. Please add samples by calling 'usingDKW.addSamples()' function.
----------------------------------------------------------------
    verdict=UNSAT  wall=0.22s

=== Sweep complete ===
Wrote /home/sasakis/v/tools/n2v/examples/FlowConformal/experiments/exp1_vnncomp_subset/outputs/exp1_tllverify_2023_saver.csv
Total wall-clock: 0.0 min
Counts: {'UNSAT': 1, 'SAT': 0, 'UNKNOWN': 0, 'NOT_APPLICABLE': 0, 'ERROR': 0, 'TIMEOUT': 0}
[run_cell    3/  32 t=    9s] idx=2    budget=600s (shell timeout=660s)
[tllverify_2023 1/1 t=0s budget=600s] idx=2 tllBench_n=2_N=M=8_m=1_instance_0_2.onnx+property_N=8_2.vnnlib
-----------------------------------------------------------------
Error between true and empirical CDF (i.e. \sup_x(|cdfTrue(x) - cdfEmpirical(x)|) < \epsilon): epsilon = 0.01
Confidence level (i.e. P(\sup_x(|cdfTrue(x) - cdfEmpirical(x)|) < \epsilon) >= 1-\beta): 1-beta = 0.999
Number of samples needed from simulator/sampler for DKW: 38005
Please add the specification by calling "usingDKW.addSpecification()" function.
Then, add samples by calling "usingDKW.addSamples()" function.
-----------------------------------------------------------------
-----------------------------------------------------------------
Error between true and empirical CDF (i.e. \sup_x(|cdfTrue(x) - cdfEmpirical(x)|) < \epsilon): epsilon = 0.01
Confidence level (i.e. P(\sup_x(|cdfTrue(x) - cdfEmpirical(x)|) < \epsilon) >= 1-\beta): 1-beta = 0.999
Number of samples needed from simulator/sampler for DKW: 38005
Please add the specification by calling "usingDKW.addSpecification()" function.
Then, add samples by calling "usingDKW.addSamples()" function.
-----------------------------------------------------------------
-----------------------------------------------------------------
Specification updated in DKW approach. Please add samples by calling 'usingDKW.addSamples()' function.
----------------------------------------------------------------
    verdict=UNSAT  wall=0.23s

=== Sweep complete ===
Wrote /home/sasakis/v/tools/n2v/examples/FlowConformal/experiments/exp1_vnncomp_subset/outputs/exp1_tllverify_2023_saver.csv
Total wall-clock: 0.0 min
Counts: {'UNSAT': 1, 'SAT': 0, 'UNKNOWN': 0, 'NOT_APPLICABLE': 0, 'ERROR': 0, 'TIMEOUT': 0}
[run_cell    4/  32 t=   13s] idx=3    budget=600s (shell timeout=660s)
[tllverify_2023 1/1 t=0s budget=600s] idx=3 tllBench_n=2_N=M=8_m=1_instance_0_3.onnx+property_N=8_3.vnnlib
-----------------------------------------------------------------
Error between true and empirical CDF (i.e. \sup_x(|cdfTrue(x) - cdfEmpirical(x)|) < \epsilon): epsilon = 0.01
Confidence level (i.e. P(\sup_x(|cdfTrue(x) - cdfEmpirical(x)|) < \epsilon) >= 1-\beta): 1-beta = 0.999
Number of samples needed from simulator/sampler for DKW: 38005
Please add the specification by calling "usingDKW.addSpecification()" function.
Then, add samples by calling "usingDKW.addSamples()" function.
-----------------------------------------------------------------
-----------------------------------------------------------------
Error between true and empirical CDF (i.e. \sup_x(|cdfTrue(x) - cdfEmpirical(x)|) < \epsilon): epsilon = 0.01
Confidence level (i.e. P(\sup_x(|cdfTrue(x) - cdfEmpirical(x)|) < \epsilon) >= 1-\beta): 1-beta = 0.999
Number of samples needed from simulator/sampler for DKW: 38005
Please add the specification by calling "usingDKW.addSpecification()" function.
Then, add samples by calling "usingDKW.addSamples()" function.
-----------------------------------------------------------------
-----------------------------------------------------------------
Specification updated in DKW approach. Please add samples by calling 'usingDKW.addSamples()' function.
----------------------------------------------------------------
    verdict=SAT  wall=0.27s

=== Sweep complete ===
Wrote /home/sasakis/v/tools/n2v/examples/FlowConformal/experiments/exp1_vnncomp_subset/outputs/exp1_tllverify_2023_saver.csv
Total wall-clock: 0.0 min
Counts: {'UNSAT': 0, 'SAT': 1, 'UNKNOWN': 0, 'NOT_APPLICABLE': 0, 'ERROR': 0, 'TIMEOUT': 0}
[run_cell    5/  32 t=   17s] idx=4    budget=600s (shell timeout=660s)
[tllverify_2023 1/1 t=0s budget=600s] idx=4 tllBench_n=2_N=M=16_m=1_instance_1_0.onnx+property_N=16_0.vnnlib
-----------------------------------------------------------------
Error between true and empirical CDF (i.e. \sup_x(|cdfTrue(x) - cdfEmpirical(x)|) < \epsilon): epsilon = 0.01
Confidence level (i.e. P(\sup_x(|cdfTrue(x) - cdfEmpirical(x)|) < \epsilon) >= 1-\beta): 1-beta = 0.999
Number of samples needed from simulator/sampler for DKW: 38005
Please add the specification by calling "usingDKW.addSpecification()" function.
Then, add samples by calling "usingDKW.addSamples()" function.
-----------------------------------------------------------------
-----------------------------------------------------------------
Error between true and empirical CDF (i.e. \sup_x(|cdfTrue(x) - cdfEmpirical(x)|) < \epsilon): epsilon = 0.01
Confidence level (i.e. P(\sup_x(|cdfTrue(x) - cdfEmpirical(x)|) < \epsilon) >= 1-\beta): 1-beta = 0.999
Number of samples needed from simulator/sampler for DKW: 38005
Please add the specification by calling "usingDKW.addSpecification()" function.
Then, add samples by calling "usingDKW.addSamples()" function.
-----------------------------------------------------------------
-----------------------------------------------------------------
Specification updated in DKW approach. Please add samples by calling 'usingDKW.addSamples()' function.
----------------------------------------------------------------
    verdict=UNSAT  wall=1.57s

=== Sweep complete ===
Wrote /home/sasakis/v/tools/n2v/examples/FlowConformal/experiments/exp1_vnncomp_subset/outputs/exp1_tllverify_2023_saver.csv
Total wall-clock: 0.0 min
Counts: {'UNSAT': 1, 'SAT': 0, 'UNKNOWN': 0, 'NOT_APPLICABLE': 0, 'ERROR': 0, 'TIMEOUT': 0}
[run_cell    6/  32 t=   22s] idx=5    budget=600s (shell timeout=660s)
[tllverify_2023 1/1 t=0s budget=600s] idx=5 tllBench_n=2_N=M=16_m=1_instance_1_1.onnx+property_N=16_1.vnnlib
-----------------------------------------------------------------
Error between true and empirical CDF (i.e. \sup_x(|cdfTrue(x) - cdfEmpirical(x)|) < \epsilon): epsilon = 0.01
Confidence level (i.e. P(\sup_x(|cdfTrue(x) - cdfEmpirical(x)|) < \epsilon) >= 1-\beta): 1-beta = 0.999
Number of samples needed from simulator/sampler for DKW: 38005
Please add the specification by calling "usingDKW.addSpecification()" function.
Then, add samples by calling "usingDKW.addSamples()" function.
-----------------------------------------------------------------
-----------------------------------------------------------------
Error between true and empirical CDF (i.e. \sup_x(|cdfTrue(x) - cdfEmpirical(x)|) < \epsilon): epsilon = 0.01
Confidence level (i.e. P(\sup_x(|cdfTrue(x) - cdfEmpirical(x)|) < \epsilon) >= 1-\beta): 1-beta = 0.999
Number of samples needed from simulator/sampler for DKW: 38005
Please add the specification by calling "usingDKW.addSpecification()" function.
Then, add samples by calling "usingDKW.addSamples()" function.
-----------------------------------------------------------------
-----------------------------------------------------------------
Specification updated in DKW approach. Please add samples by calling 'usingDKW.addSamples()' function.
----------------------------------------------------------------
    verdict=SAT  wall=1.53s

=== Sweep complete ===
Wrote /home/sasakis/v/tools/n2v/examples/FlowConformal/experiments/exp1_vnncomp_subset/outputs/exp1_tllverify_2023_saver.csv
Total wall-clock: 0.0 min
Counts: {'UNSAT': 0, 'SAT': 1, 'UNKNOWN': 0, 'NOT_APPLICABLE': 0, 'ERROR': 0, 'TIMEOUT': 0}
[run_cell    7/  32 t=   28s] idx=6    budget=600s (shell timeout=660s)
[tllverify_2023 1/1 t=0s budget=600s] idx=6 tllBench_n=2_N=M=16_m=1_instance_1_2.onnx+property_N=16_2.vnnlib
-----------------------------------------------------------------
Error between true and empirical CDF (i.e. \sup_x(|cdfTrue(x) - cdfEmpirical(x)|) < \epsilon): epsilon = 0.01
Confidence level (i.e. P(\sup_x(|cdfTrue(x) - cdfEmpirical(x)|) < \epsilon) >= 1-\beta): 1-beta = 0.999
Number of samples needed from simulator/sampler for DKW: 38005
Please add the specification by calling "usingDKW.addSpecification()" function.
Then, add samples by calling "usingDKW.addSamples()" function.
-----------------------------------------------------------------
-----------------------------------------------------------------
Error between true and empirical CDF (i.e. \sup_x(|cdfTrue(x) - cdfEmpirical(x)|) < \epsilon): epsilon = 0.01
Confidence level (i.e. P(\sup_x(|cdfTrue(x) - cdfEmpirical(x)|) < \epsilon) >= 1-\beta): 1-beta = 0.999
Number of samples needed from simulator/sampler for DKW: 38005
Please add the specification by calling "usingDKW.addSpecification()" function.
Then, add samples by calling "usingDKW.addSamples()" function.
-----------------------------------------------------------------
-----------------------------------------------------------------
Specification updated in DKW approach. Please add samples by calling 'usingDKW.addSamples()' function.
----------------------------------------------------------------
    verdict=UNSAT  wall=1.74s

=== Sweep complete ===
Wrote /home/sasakis/v/tools/n2v/examples/FlowConformal/experiments/exp1_vnncomp_subset/outputs/exp1_tllverify_2023_saver.csv
Total wall-clock: 0.0 min
Counts: {'UNSAT': 1, 'SAT': 0, 'UNKNOWN': 0, 'NOT_APPLICABLE': 0, 'ERROR': 0, 'TIMEOUT': 0}
[run_cell    8/  32 t=   34s] idx=7    budget=600s (shell timeout=660s)
[tllverify_2023 1/1 t=0s budget=600s] idx=7 tllBench_n=2_N=M=16_m=1_instance_1_3.onnx+property_N=16_3.vnnlib
-----------------------------------------------------------------
Error between true and empirical CDF (i.e. \sup_x(|cdfTrue(x) - cdfEmpirical(x)|) < \epsilon): epsilon = 0.01
Confidence level (i.e. P(\sup_x(|cdfTrue(x) - cdfEmpirical(x)|) < \epsilon) >= 1-\beta): 1-beta = 0.999
Number of samples needed from simulator/sampler for DKW: 38005
Please add the specification by calling "usingDKW.addSpecification()" function.
Then, add samples by calling "usingDKW.addSamples()" function.
-----------------------------------------------------------------
-----------------------------------------------------------------
Error between true and empirical CDF (i.e. \sup_x(|cdfTrue(x) - cdfEmpirical(x)|) < \epsilon): epsilon = 0.01
Confidence level (i.e. P(\sup_x(|cdfTrue(x) - cdfEmpirical(x)|) < \epsilon) >= 1-\beta): 1-beta = 0.999
Number of samples needed from simulator/sampler for DKW: 38005
Please add the specification by calling "usingDKW.addSpecification()" function.
Then, add samples by calling "usingDKW.addSamples()" function.
-----------------------------------------------------------------
-----------------------------------------------------------------
Specification updated in DKW approach. Please add samples by calling 'usingDKW.addSamples()' function.
----------------------------------------------------------------
    verdict=UNSAT  wall=1.78s

=== Sweep complete ===
Wrote /home/sasakis/v/tools/n2v/examples/FlowConformal/experiments/exp1_vnncomp_subset/outputs/exp1_tllverify_2023_saver.csv
Total wall-clock: 0.0 min
Counts: {'UNSAT': 1, 'SAT': 0, 'UNKNOWN': 0, 'NOT_APPLICABLE': 0, 'ERROR': 0, 'TIMEOUT': 0}
[run_cell    9/  32 t=   39s] idx=8    budget=600s (shell timeout=660s)
[tllverify_2023 1/1 t=0s budget=600s] idx=8 tllBench_n=2_N=M=24_m=1_instance_2_0.onnx+property_N=24_0.vnnlib
-----------------------------------------------------------------
Error between true and empirical CDF (i.e. \sup_x(|cdfTrue(x) - cdfEmpirical(x)|) < \epsilon): epsilon = 0.01
Confidence level (i.e. P(\sup_x(|cdfTrue(x) - cdfEmpirical(x)|) < \epsilon) >= 1-\beta): 1-beta = 0.999
Number of samples needed from simulator/sampler for DKW: 38005
Please add the specification by calling "usingDKW.addSpecification()" function.
Then, add samples by calling "usingDKW.addSamples()" function.
-----------------------------------------------------------------
-----------------------------------------------------------------
Error between true and empirical CDF (i.e. \sup_x(|cdfTrue(x) - cdfEmpirical(x)|) < \epsilon): epsilon = 0.01
Confidence level (i.e. P(\sup_x(|cdfTrue(x) - cdfEmpirical(x)|) < \epsilon) >= 1-\beta): 1-beta = 0.999
Number of samples needed from simulator/sampler for DKW: 38005
Please add the specification by calling "usingDKW.addSpecification()" function.
Then, add samples by calling "usingDKW.addSamples()" function.
-----------------------------------------------------------------
-----------------------------------------------------------------
Specification updated in DKW approach. Please add samples by calling 'usingDKW.addSamples()' function.
----------------------------------------------------------------
    verdict=UNSAT  wall=0.72s

=== Sweep complete ===
Wrote /home/sasakis/v/tools/n2v/examples/FlowConformal/experiments/exp1_vnncomp_subset/outputs/exp1_tllverify_2023_saver.csv
Total wall-clock: 0.0 min
Counts: {'UNSAT': 1, 'SAT': 0, 'UNKNOWN': 0, 'NOT_APPLICABLE': 0, 'ERROR': 0, 'TIMEOUT': 0}
[run_cell   10/  32 t=   44s] idx=9    budget=600s (shell timeout=660s)
[tllverify_2023 1/1 t=0s budget=600s] idx=9 tllBench_n=2_N=M=24_m=1_instance_2_1.onnx+property_N=24_1.vnnlib
-----------------------------------------------------------------
Error between true and empirical CDF (i.e. \sup_x(|cdfTrue(x) - cdfEmpirical(x)|) < \epsilon): epsilon = 0.01
Confidence level (i.e. P(\sup_x(|cdfTrue(x) - cdfEmpirical(x)|) < \epsilon) >= 1-\beta): 1-beta = 0.999
Number of samples needed from simulator/sampler for DKW: 38005
Please add the specification by calling "usingDKW.addSpecification()" function.
Then, add samples by calling "usingDKW.addSamples()" function.
-----------------------------------------------------------------
-----------------------------------------------------------------
Error between true and empirical CDF (i.e. \sup_x(|cdfTrue(x) - cdfEmpirical(x)|) < \epsilon): epsilon = 0.01
Confidence level (i.e. P(\sup_x(|cdfTrue(x) - cdfEmpirical(x)|) < \epsilon) >= 1-\beta): 1-beta = 0.999
Number of samples needed from simulator/sampler for DKW: 38005
Please add the specification by calling "usingDKW.addSpecification()" function.
Then, add samples by calling "usingDKW.addSamples()" function.
-----------------------------------------------------------------
-----------------------------------------------------------------
Specification updated in DKW approach. Please add samples by calling 'usingDKW.addSamples()' function.
----------------------------------------------------------------
    verdict=UNSAT  wall=0.66s

=== Sweep complete ===
Wrote /home/sasakis/v/tools/n2v/examples/FlowConformal/experiments/exp1_vnncomp_subset/outputs/exp1_tllverify_2023_saver.csv
Total wall-clock: 0.0 min
Counts: {'UNSAT': 1, 'SAT': 0, 'UNKNOWN': 0, 'NOT_APPLICABLE': 0, 'ERROR': 0, 'TIMEOUT': 0}
[run_cell   11/  32 t=   49s] idx=10   budget=600s (shell timeout=660s)
[tllverify_2023 1/1 t=0s budget=600s] idx=10 tllBench_n=2_N=M=24_m=1_instance_2_2.onnx+property_N=24_2.vnnlib
-----------------------------------------------------------------
Error between true and empirical CDF (i.e. \sup_x(|cdfTrue(x) - cdfEmpirical(x)|) < \epsilon): epsilon = 0.01
Confidence level (i.e. P(\sup_x(|cdfTrue(x) - cdfEmpirical(x)|) < \epsilon) >= 1-\beta): 1-beta = 0.999
Number of samples needed from simulator/sampler for DKW: 38005
Please add the specification by calling "usingDKW.addSpecification()" function.
Then, add samples by calling "usingDKW.addSamples()" function.
-----------------------------------------------------------------
-----------------------------------------------------------------
Error between true and empirical CDF (i.e. \sup_x(|cdfTrue(x) - cdfEmpirical(x)|) < \epsilon): epsilon = 0.01
Confidence level (i.e. P(\sup_x(|cdfTrue(x) - cdfEmpirical(x)|) < \epsilon) >= 1-\beta): 1-beta = 0.999
Number of samples needed from simulator/sampler for DKW: 38005
Please add the specification by calling "usingDKW.addSpecification()" function.
Then, add samples by calling "usingDKW.addSamples()" function.
-----------------------------------------------------------------
-----------------------------------------------------------------
Specification updated in DKW approach. Please add samples by calling 'usingDKW.addSamples()' function.
----------------------------------------------------------------
    verdict=UNSAT  wall=0.68s

=== Sweep complete ===
Wrote /home/sasakis/v/tools/n2v/examples/FlowConformal/experiments/exp1_vnncomp_subset/outputs/exp1_tllverify_2023_saver.csv
Total wall-clock: 0.0 min
Counts: {'UNSAT': 1, 'SAT': 0, 'UNKNOWN': 0, 'NOT_APPLICABLE': 0, 'ERROR': 0, 'TIMEOUT': 0}
[run_cell   12/  32 t=   53s] idx=11   budget=600s (shell timeout=660s)
[tllverify_2023 1/1 t=0s budget=600s] idx=11 tllBench_n=2_N=M=24_m=1_instance_2_3.onnx+property_N=24_3.vnnlib
-----------------------------------------------------------------
Error between true and empirical CDF (i.e. \sup_x(|cdfTrue(x) - cdfEmpirical(x)|) < \epsilon): epsilon = 0.01
Confidence level (i.e. P(\sup_x(|cdfTrue(x) - cdfEmpirical(x)|) < \epsilon) >= 1-\beta): 1-beta = 0.999
Number of samples needed from simulator/sampler for DKW: 38005
Please add the specification by calling "usingDKW.addSpecification()" function.
Then, add samples by calling "usingDKW.addSamples()" function.
-----------------------------------------------------------------
-----------------------------------------------------------------
Error between true and empirical CDF (i.e. \sup_x(|cdfTrue(x) - cdfEmpirical(x)|) < \epsilon): epsilon = 0.01
Confidence level (i.e. P(\sup_x(|cdfTrue(x) - cdfEmpirical(x)|) < \epsilon) >= 1-\beta): 1-beta = 0.999
Number of samples needed from simulator/sampler for DKW: 38005
Please add the specification by calling "usingDKW.addSpecification()" function.
Then, add samples by calling "usingDKW.addSamples()" function.
-----------------------------------------------------------------
-----------------------------------------------------------------
Specification updated in DKW approach. Please add samples by calling 'usingDKW.addSamples()' function.
----------------------------------------------------------------
    verdict=SAT  wall=0.65s

=== Sweep complete ===
Wrote /home/sasakis/v/tools/n2v/examples/FlowConformal/experiments/exp1_vnncomp_subset/outputs/exp1_tllverify_2023_saver.csv
Total wall-clock: 0.0 min
Counts: {'UNSAT': 0, 'SAT': 1, 'UNKNOWN': 0, 'NOT_APPLICABLE': 0, 'ERROR': 0, 'TIMEOUT': 0}
[run_cell   13/  32 t=   58s] idx=12   budget=600s (shell timeout=660s)
[tllverify_2023 1/1 t=0s budget=600s] idx=12 tllBench_n=2_N=M=32_m=1_instance_3_0.onnx+property_N=32_0.vnnlib
-----------------------------------------------------------------
Error between true and empirical CDF (i.e. \sup_x(|cdfTrue(x) - cdfEmpirical(x)|) < \epsilon): epsilon = 0.01
Confidence level (i.e. P(\sup_x(|cdfTrue(x) - cdfEmpirical(x)|) < \epsilon) >= 1-\beta): 1-beta = 0.999
Number of samples needed from simulator/sampler for DKW: 38005
Please add the specification by calling "usingDKW.addSpecification()" function.
Then, add samples by calling "usingDKW.addSamples()" function.
-----------------------------------------------------------------
-----------------------------------------------------------------
Error between true and empirical CDF (i.e. \sup_x(|cdfTrue(x) - cdfEmpirical(x)|) < \epsilon): epsilon = 0.01
Confidence level (i.e. P(\sup_x(|cdfTrue(x) - cdfEmpirical(x)|) < \epsilon) >= 1-\beta): 1-beta = 0.999
Number of samples needed from simulator/sampler for DKW: 38005
Please add the specification by calling "usingDKW.addSpecification()" function.
Then, add samples by calling "usingDKW.addSamples()" function.
-----------------------------------------------------------------
-----------------------------------------------------------------
Specification updated in DKW approach. Please add samples by calling 'usingDKW.addSamples()' function.
----------------------------------------------------------------
    verdict=UNSAT  wall=1.11s

=== Sweep complete ===
Wrote /home/sasakis/v/tools/n2v/examples/FlowConformal/experiments/exp1_vnncomp_subset/outputs/exp1_tllverify_2023_saver.csv
Total wall-clock: 0.0 min
Counts: {'UNSAT': 1, 'SAT': 0, 'UNKNOWN': 0, 'NOT_APPLICABLE': 0, 'ERROR': 0, 'TIMEOUT': 0}
[run_cell   14/  32 t=   63s] idx=13   budget=600s (shell timeout=660s)
[tllverify_2023 1/1 t=0s budget=600s] idx=13 tllBench_n=2_N=M=32_m=1_instance_3_1.onnx+property_N=32_1.vnnlib
-----------------------------------------------------------------
Error between true and empirical CDF (i.e. \sup_x(|cdfTrue(x) - cdfEmpirical(x)|) < \epsilon): epsilon = 0.01
Confidence level (i.e. P(\sup_x(|cdfTrue(x) - cdfEmpirical(x)|) < \epsilon) >= 1-\beta): 1-beta = 0.999
Number of samples needed from simulator/sampler for DKW: 38005
Please add the specification by calling "usingDKW.addSpecification()" function.
Then, add samples by calling "usingDKW.addSamples()" function.
-----------------------------------------------------------------
-----------------------------------------------------------------
Error between true and empirical CDF (i.e. \sup_x(|cdfTrue(x) - cdfEmpirical(x)|) < \epsilon): epsilon = 0.01
Confidence level (i.e. P(\sup_x(|cdfTrue(x) - cdfEmpirical(x)|) < \epsilon) >= 1-\beta): 1-beta = 0.999
Number of samples needed from simulator/sampler for DKW: 38005
Please add the specification by calling "usingDKW.addSpecification()" function.
Then, add samples by calling "usingDKW.addSamples()" function.
-----------------------------------------------------------------
-----------------------------------------------------------------
Specification updated in DKW approach. Please add samples by calling 'usingDKW.addSamples()' function.
----------------------------------------------------------------
    verdict=SAT  wall=1.11s

=== Sweep complete ===
Wrote /home/sasakis/v/tools/n2v/examples/FlowConformal/experiments/exp1_vnncomp_subset/outputs/exp1_tllverify_2023_saver.csv
Total wall-clock: 0.0 min
Counts: {'UNSAT': 0, 'SAT': 1, 'UNKNOWN': 0, 'NOT_APPLICABLE': 0, 'ERROR': 0, 'TIMEOUT': 0}
[run_cell   15/  32 t=   68s] idx=14   budget=600s (shell timeout=660s)
[tllverify_2023 1/1 t=0s budget=600s] idx=14 tllBench_n=2_N=M=32_m=1_instance_3_2.onnx+property_N=32_2.vnnlib
-----------------------------------------------------------------
Error between true and empirical CDF (i.e. \sup_x(|cdfTrue(x) - cdfEmpirical(x)|) < \epsilon): epsilon = 0.01
Confidence level (i.e. P(\sup_x(|cdfTrue(x) - cdfEmpirical(x)|) < \epsilon) >= 1-\beta): 1-beta = 0.999
Number of samples needed from simulator/sampler for DKW: 38005
Please add the specification by calling "usingDKW.addSpecification()" function.
Then, add samples by calling "usingDKW.addSamples()" function.
-----------------------------------------------------------------
-----------------------------------------------------------------
Error between true and empirical CDF (i.e. \sup_x(|cdfTrue(x) - cdfEmpirical(x)|) < \epsilon): epsilon = 0.01
Confidence level (i.e. P(\sup_x(|cdfTrue(x) - cdfEmpirical(x)|) < \epsilon) >= 1-\beta): 1-beta = 0.999
Number of samples needed from simulator/sampler for DKW: 38005
Please add the specification by calling "usingDKW.addSpecification()" function.
Then, add samples by calling "usingDKW.addSamples()" function.
-----------------------------------------------------------------
-----------------------------------------------------------------
Specification updated in DKW approach. Please add samples by calling 'usingDKW.addSamples()' function.
----------------------------------------------------------------
    verdict=UNSAT  wall=1.11s

=== Sweep complete ===
Wrote /home/sasakis/v/tools/n2v/examples/FlowConformal/experiments/exp1_vnncomp_subset/outputs/exp1_tllverify_2023_saver.csv
Total wall-clock: 0.0 min
Counts: {'UNSAT': 1, 'SAT': 0, 'UNKNOWN': 0, 'NOT_APPLICABLE': 0, 'ERROR': 0, 'TIMEOUT': 0}
[run_cell   16/  32 t=   73s] idx=15   budget=600s (shell timeout=660s)
[tllverify_2023 1/1 t=0s budget=600s] idx=15 tllBench_n=2_N=M=32_m=1_instance_3_3.onnx+property_N=32_3.vnnlib
-----------------------------------------------------------------
Error between true and empirical CDF (i.e. \sup_x(|cdfTrue(x) - cdfEmpirical(x)|) < \epsilon): epsilon = 0.01
Confidence level (i.e. P(\sup_x(|cdfTrue(x) - cdfEmpirical(x)|) < \epsilon) >= 1-\beta): 1-beta = 0.999
Number of samples needed from simulator/sampler for DKW: 38005
Please add the specification by calling "usingDKW.addSpecification()" function.
Then, add samples by calling "usingDKW.addSamples()" function.
-----------------------------------------------------------------
-----------------------------------------------------------------
Error between true and empirical CDF (i.e. \sup_x(|cdfTrue(x) - cdfEmpirical(x)|) < \epsilon): epsilon = 0.01
Confidence level (i.e. P(\sup_x(|cdfTrue(x) - cdfEmpirical(x)|) < \epsilon) >= 1-\beta): 1-beta = 0.999
Number of samples needed from simulator/sampler for DKW: 38005
Please add the specification by calling "usingDKW.addSpecification()" function.
Then, add samples by calling "usingDKW.addSamples()" function.
-----------------------------------------------------------------
-----------------------------------------------------------------
Specification updated in DKW approach. Please add samples by calling 'usingDKW.addSamples()' function.
----------------------------------------------------------------
    verdict=UNSAT  wall=1.11s

=== Sweep complete ===
Wrote /home/sasakis/v/tools/n2v/examples/FlowConformal/experiments/exp1_vnncomp_subset/outputs/exp1_tllverify_2023_saver.csv
Total wall-clock: 0.0 min
Counts: {'UNSAT': 1, 'SAT': 0, 'UNKNOWN': 0, 'NOT_APPLICABLE': 0, 'ERROR': 0, 'TIMEOUT': 0}
[run_cell   17/  32 t=   78s] idx=16   budget=600s (shell timeout=660s)
[tllverify_2023 1/1 t=0s budget=600s] idx=16 tllBench_n=2_N=M=40_m=1_instance_4_0.onnx+property_N=40_0.vnnlib
-----------------------------------------------------------------
Error between true and empirical CDF (i.e. \sup_x(|cdfTrue(x) - cdfEmpirical(x)|) < \epsilon): epsilon = 0.01
Confidence level (i.e. P(\sup_x(|cdfTrue(x) - cdfEmpirical(x)|) < \epsilon) >= 1-\beta): 1-beta = 0.999
Number of samples needed from simulator/sampler for DKW: 38005
Please add the specification by calling "usingDKW.addSpecification()" function.
Then, add samples by calling "usingDKW.addSamples()" function.
-----------------------------------------------------------------
-----------------------------------------------------------------
Error between true and empirical CDF (i.e. \sup_x(|cdfTrue(x) - cdfEmpirical(x)|) < \epsilon): epsilon = 0.01
Confidence level (i.e. P(\sup_x(|cdfTrue(x) - cdfEmpirical(x)|) < \epsilon) >= 1-\beta): 1-beta = 0.999
Number of samples needed from simulator/sampler for DKW: 38005
Please add the specification by calling "usingDKW.addSpecification()" function.
Then, add samples by calling "usingDKW.addSamples()" function.
-----------------------------------------------------------------
-----------------------------------------------------------------
Specification updated in DKW approach. Please add samples by calling 'usingDKW.addSamples()' function.
----------------------------------------------------------------
    verdict=UNSAT  wall=1.65s

=== Sweep complete ===
Wrote /home/sasakis/v/tools/n2v/examples/FlowConformal/experiments/exp1_vnncomp_subset/outputs/exp1_tllverify_2023_saver.csv
Total wall-clock: 0.0 min
Counts: {'UNSAT': 1, 'SAT': 0, 'UNKNOWN': 0, 'NOT_APPLICABLE': 0, 'ERROR': 0, 'TIMEOUT': 0}
[run_cell   18/  32 t=   84s] idx=17   budget=600s (shell timeout=660s)
[tllverify_2023 1/1 t=0s budget=600s] idx=17 tllBench_n=2_N=M=40_m=1_instance_4_1.onnx+property_N=40_1.vnnlib
-----------------------------------------------------------------
Error between true and empirical CDF (i.e. \sup_x(|cdfTrue(x) - cdfEmpirical(x)|) < \epsilon): epsilon = 0.01
Confidence level (i.e. P(\sup_x(|cdfTrue(x) - cdfEmpirical(x)|) < \epsilon) >= 1-\beta): 1-beta = 0.999
Number of samples needed from simulator/sampler for DKW: 38005
Please add the specification by calling "usingDKW.addSpecification()" function.
Then, add samples by calling "usingDKW.addSamples()" function.
-----------------------------------------------------------------
-----------------------------------------------------------------
Error between true and empirical CDF (i.e. \sup_x(|cdfTrue(x) - cdfEmpirical(x)|) < \epsilon): epsilon = 0.01
Confidence level (i.e. P(\sup_x(|cdfTrue(x) - cdfEmpirical(x)|) < \epsilon) >= 1-\beta): 1-beta = 0.999
Number of samples needed from simulator/sampler for DKW: 38005
Please add the specification by calling "usingDKW.addSpecification()" function.
Then, add samples by calling "usingDKW.addSamples()" function.
-----------------------------------------------------------------
-----------------------------------------------------------------
Specification updated in DKW approach. Please add samples by calling 'usingDKW.addSamples()' function.
----------------------------------------------------------------
    verdict=SAT  wall=1.68s

=== Sweep complete ===
Wrote /home/sasakis/v/tools/n2v/examples/FlowConformal/experiments/exp1_vnncomp_subset/outputs/exp1_tllverify_2023_saver.csv
Total wall-clock: 0.0 min
Counts: {'UNSAT': 0, 'SAT': 1, 'UNKNOWN': 0, 'NOT_APPLICABLE': 0, 'ERROR': 0, 'TIMEOUT': 0}
[run_cell   19/  32 t=   89s] idx=18   budget=600s (shell timeout=660s)
[tllverify_2023 1/1 t=0s budget=600s] idx=18 tllBench_n=2_N=M=40_m=1_instance_4_2.onnx+property_N=40_2.vnnlib
-----------------------------------------------------------------
Error between true and empirical CDF (i.e. \sup_x(|cdfTrue(x) - cdfEmpirical(x)|) < \epsilon): epsilon = 0.01
Confidence level (i.e. P(\sup_x(|cdfTrue(x) - cdfEmpirical(x)|) < \epsilon) >= 1-\beta): 1-beta = 0.999
Number of samples needed from simulator/sampler for DKW: 38005
Please add the specification by calling "usingDKW.addSpecification()" function.
Then, add samples by calling "usingDKW.addSamples()" function.
-----------------------------------------------------------------
-----------------------------------------------------------------
Error between true and empirical CDF (i.e. \sup_x(|cdfTrue(x) - cdfEmpirical(x)|) < \epsilon): epsilon = 0.01
Confidence level (i.e. P(\sup_x(|cdfTrue(x) - cdfEmpirical(x)|) < \epsilon) >= 1-\beta): 1-beta = 0.999
Number of samples needed from simulator/sampler for DKW: 38005
Please add the specification by calling "usingDKW.addSpecification()" function.
Then, add samples by calling "usingDKW.addSamples()" function.
-----------------------------------------------------------------
-----------------------------------------------------------------
Specification updated in DKW approach. Please add samples by calling 'usingDKW.addSamples()' function.
----------------------------------------------------------------
    verdict=UNSAT  wall=1.71s

=== Sweep complete ===
Wrote /home/sasakis/v/tools/n2v/examples/FlowConformal/experiments/exp1_vnncomp_subset/outputs/exp1_tllverify_2023_saver.csv
Total wall-clock: 0.0 min
Counts: {'UNSAT': 1, 'SAT': 0, 'UNKNOWN': 0, 'NOT_APPLICABLE': 0, 'ERROR': 0, 'TIMEOUT': 0}
[run_cell   20/  32 t=   95s] idx=19   budget=600s (shell timeout=660s)
[tllverify_2023 1/1 t=0s budget=600s] idx=19 tllBench_n=2_N=M=40_m=1_instance_4_3.onnx+property_N=40_3.vnnlib
-----------------------------------------------------------------
Error between true and empirical CDF (i.e. \sup_x(|cdfTrue(x) - cdfEmpirical(x)|) < \epsilon): epsilon = 0.01
Confidence level (i.e. P(\sup_x(|cdfTrue(x) - cdfEmpirical(x)|) < \epsilon) >= 1-\beta): 1-beta = 0.999
Number of samples needed from simulator/sampler for DKW: 38005
Please add the specification by calling "usingDKW.addSpecification()" function.
Then, add samples by calling "usingDKW.addSamples()" function.
-----------------------------------------------------------------
-----------------------------------------------------------------
Error between true and empirical CDF (i.e. \sup_x(|cdfTrue(x) - cdfEmpirical(x)|) < \epsilon): epsilon = 0.01
Confidence level (i.e. P(\sup_x(|cdfTrue(x) - cdfEmpirical(x)|) < \epsilon) >= 1-\beta): 1-beta = 0.999
Number of samples needed from simulator/sampler for DKW: 38005
Please add the specification by calling "usingDKW.addSpecification()" function.
Then, add samples by calling "usingDKW.addSamples()" function.
-----------------------------------------------------------------
-----------------------------------------------------------------
Specification updated in DKW approach. Please add samples by calling 'usingDKW.addSamples()' function.
----------------------------------------------------------------
    verdict=SAT  wall=1.81s

=== Sweep complete ===
Wrote /home/sasakis/v/tools/n2v/examples/FlowConformal/experiments/exp1_vnncomp_subset/outputs/exp1_tllverify_2023_saver.csv
Total wall-clock: 0.0 min
Counts: {'UNSAT': 0, 'SAT': 1, 'UNKNOWN': 0, 'NOT_APPLICABLE': 0, 'ERROR': 0, 'TIMEOUT': 0}
[run_cell   21/  32 t=  101s] idx=20   budget=600s (shell timeout=660s)
[tllverify_2023 1/1 t=0s budget=600s] idx=20 tllBench_n=2_N=M=48_m=1_instance_5_0.onnx+property_N=48_0.vnnlib
-----------------------------------------------------------------
Error between true and empirical CDF (i.e. \sup_x(|cdfTrue(x) - cdfEmpirical(x)|) < \epsilon): epsilon = 0.01
Confidence level (i.e. P(\sup_x(|cdfTrue(x) - cdfEmpirical(x)|) < \epsilon) >= 1-\beta): 1-beta = 0.999
Number of samples needed from simulator/sampler for DKW: 38005
Please add the specification by calling "usingDKW.addSpecification()" function.
Then, add samples by calling "usingDKW.addSamples()" function.
-----------------------------------------------------------------
-----------------------------------------------------------------
Error between true and empirical CDF (i.e. \sup_x(|cdfTrue(x) - cdfEmpirical(x)|) < \epsilon): epsilon = 0.01
Confidence level (i.e. P(\sup_x(|cdfTrue(x) - cdfEmpirical(x)|) < \epsilon) >= 1-\beta): 1-beta = 0.999
Number of samples needed from simulator/sampler for DKW: 38005
Please add the specification by calling "usingDKW.addSpecification()" function.
Then, add samples by calling "usingDKW.addSamples()" function.
-----------------------------------------------------------------
-----------------------------------------------------------------
Specification updated in DKW approach. Please add samples by calling 'usingDKW.addSamples()' function.
----------------------------------------------------------------
    verdict=SAT  wall=2.94s

=== Sweep complete ===
Wrote /home/sasakis/v/tools/n2v/examples/FlowConformal/experiments/exp1_vnncomp_subset/outputs/exp1_tllverify_2023_saver.csv
Total wall-clock: 0.0 min
Counts: {'UNSAT': 0, 'SAT': 1, 'UNKNOWN': 0, 'NOT_APPLICABLE': 0, 'ERROR': 0, 'TIMEOUT': 0}
[run_cell   22/  32 t=  107s] idx=21   budget=600s (shell timeout=660s)
[tllverify_2023 1/1 t=0s budget=600s] idx=21 tllBench_n=2_N=M=48_m=1_instance_5_1.onnx+property_N=48_1.vnnlib
-----------------------------------------------------------------
Error between true and empirical CDF (i.e. \sup_x(|cdfTrue(x) - cdfEmpirical(x)|) < \epsilon): epsilon = 0.01
Confidence level (i.e. P(\sup_x(|cdfTrue(x) - cdfEmpirical(x)|) < \epsilon) >= 1-\beta): 1-beta = 0.999
Number of samples needed from simulator/sampler for DKW: 38005
Please add the specification by calling "usingDKW.addSpecification()" function.
Then, add samples by calling "usingDKW.addSamples()" function.
-----------------------------------------------------------------
-----------------------------------------------------------------
Error between true and empirical CDF (i.e. \sup_x(|cdfTrue(x) - cdfEmpirical(x)|) < \epsilon): epsilon = 0.01
Confidence level (i.e. P(\sup_x(|cdfTrue(x) - cdfEmpirical(x)|) < \epsilon) >= 1-\beta): 1-beta = 0.999
Number of samples needed from simulator/sampler for DKW: 38005
Please add the specification by calling "usingDKW.addSpecification()" function.
Then, add samples by calling "usingDKW.addSamples()" function.
-----------------------------------------------------------------
-----------------------------------------------------------------
Specification updated in DKW approach. Please add samples by calling 'usingDKW.addSamples()' function.
----------------------------------------------------------------
    verdict=UNSAT  wall=2.89s

=== Sweep complete ===
Wrote /home/sasakis/v/tools/n2v/examples/FlowConformal/experiments/exp1_vnncomp_subset/outputs/exp1_tllverify_2023_saver.csv
Total wall-clock: 0.0 min
Counts: {'UNSAT': 1, 'SAT': 0, 'UNKNOWN': 0, 'NOT_APPLICABLE': 0, 'ERROR': 0, 'TIMEOUT': 0}
[run_cell   23/  32 t=  114s] idx=22   budget=600s (shell timeout=660s)
[tllverify_2023 1/1 t=0s budget=600s] idx=22 tllBench_n=2_N=M=48_m=1_instance_5_2.onnx+property_N=48_2.vnnlib
-----------------------------------------------------------------
Error between true and empirical CDF (i.e. \sup_x(|cdfTrue(x) - cdfEmpirical(x)|) < \epsilon): epsilon = 0.01
Confidence level (i.e. P(\sup_x(|cdfTrue(x) - cdfEmpirical(x)|) < \epsilon) >= 1-\beta): 1-beta = 0.999
Number of samples needed from simulator/sampler for DKW: 38005
Please add the specification by calling "usingDKW.addSpecification()" function.
Then, add samples by calling "usingDKW.addSamples()" function.
-----------------------------------------------------------------
-----------------------------------------------------------------
Error between true and empirical CDF (i.e. \sup_x(|cdfTrue(x) - cdfEmpirical(x)|) < \epsilon): epsilon = 0.01
Confidence level (i.e. P(\sup_x(|cdfTrue(x) - cdfEmpirical(x)|) < \epsilon) >= 1-\beta): 1-beta = 0.999
Number of samples needed from simulator/sampler for DKW: 38005
Please add the specification by calling "usingDKW.addSpecification()" function.
Then, add samples by calling "usingDKW.addSamples()" function.
-----------------------------------------------------------------
-----------------------------------------------------------------
Specification updated in DKW approach. Please add samples by calling 'usingDKW.addSamples()' function.
----------------------------------------------------------------
    verdict=UNSAT  wall=2.91s

=== Sweep complete ===
Wrote /home/sasakis/v/tools/n2v/examples/FlowConformal/experiments/exp1_vnncomp_subset/outputs/exp1_tllverify_2023_saver.csv
Total wall-clock: 0.0 min
Counts: {'UNSAT': 1, 'SAT': 0, 'UNKNOWN': 0, 'NOT_APPLICABLE': 0, 'ERROR': 0, 'TIMEOUT': 0}
[run_cell   24/  32 t=  121s] idx=23   budget=600s (shell timeout=660s)
[tllverify_2023 1/1 t=0s budget=600s] idx=23 tllBench_n=2_N=M=48_m=1_instance_5_3.onnx+property_N=48_3.vnnlib
-----------------------------------------------------------------
Error between true and empirical CDF (i.e. \sup_x(|cdfTrue(x) - cdfEmpirical(x)|) < \epsilon): epsilon = 0.01
Confidence level (i.e. P(\sup_x(|cdfTrue(x) - cdfEmpirical(x)|) < \epsilon) >= 1-\beta): 1-beta = 0.999
Number of samples needed from simulator/sampler for DKW: 38005
Please add the specification by calling "usingDKW.addSpecification()" function.
Then, add samples by calling "usingDKW.addSamples()" function.
-----------------------------------------------------------------
-----------------------------------------------------------------
Error between true and empirical CDF (i.e. \sup_x(|cdfTrue(x) - cdfEmpirical(x)|) < \epsilon): epsilon = 0.01
Confidence level (i.e. P(\sup_x(|cdfTrue(x) - cdfEmpirical(x)|) < \epsilon) >= 1-\beta): 1-beta = 0.999
Number of samples needed from simulator/sampler for DKW: 38005
Please add the specification by calling "usingDKW.addSpecification()" function.
Then, add samples by calling "usingDKW.addSamples()" function.
-----------------------------------------------------------------
-----------------------------------------------------------------
Specification updated in DKW approach. Please add samples by calling 'usingDKW.addSamples()' function.
----------------------------------------------------------------
    verdict=SAT  wall=3.12s

=== Sweep complete ===
Wrote /home/sasakis/v/tools/n2v/examples/FlowConformal/experiments/exp1_vnncomp_subset/outputs/exp1_tllverify_2023_saver.csv
Total wall-clock: 0.1 min
Counts: {'UNSAT': 0, 'SAT': 1, 'UNKNOWN': 0, 'NOT_APPLICABLE': 0, 'ERROR': 0, 'TIMEOUT': 0}
[run_cell   25/  32 t=  128s] idx=24   budget=600s (shell timeout=660s)
[tllverify_2023 1/1 t=0s budget=600s] idx=24 tllBench_n=2_N=M=56_m=1_instance_6_0.onnx+property_N=56_0.vnnlib
-----------------------------------------------------------------
Error between true and empirical CDF (i.e. \sup_x(|cdfTrue(x) - cdfEmpirical(x)|) < \epsilon): epsilon = 0.01
Confidence level (i.e. P(\sup_x(|cdfTrue(x) - cdfEmpirical(x)|) < \epsilon) >= 1-\beta): 1-beta = 0.999
Number of samples needed from simulator/sampler for DKW: 38005
Please add the specification by calling "usingDKW.addSpecification()" function.
Then, add samples by calling "usingDKW.addSamples()" function.
-----------------------------------------------------------------
-----------------------------------------------------------------
Error between true and empirical CDF (i.e. \sup_x(|cdfTrue(x) - cdfEmpirical(x)|) < \epsilon): epsilon = 0.01
Confidence level (i.e. P(\sup_x(|cdfTrue(x) - cdfEmpirical(x)|) < \epsilon) >= 1-\beta): 1-beta = 0.999
Number of samples needed from simulator/sampler for DKW: 38005
Please add the specification by calling "usingDKW.addSpecification()" function.
Then, add samples by calling "usingDKW.addSamples()" function.
-----------------------------------------------------------------
-----------------------------------------------------------------
Specification updated in DKW approach. Please add samples by calling 'usingDKW.addSamples()' function.
----------------------------------------------------------------
    verdict=UNSAT  wall=4.90s

=== Sweep complete ===
Wrote /home/sasakis/v/tools/n2v/examples/FlowConformal/experiments/exp1_vnncomp_subset/outputs/exp1_tllverify_2023_saver.csv
Total wall-clock: 0.1 min
Counts: {'UNSAT': 1, 'SAT': 0, 'UNKNOWN': 0, 'NOT_APPLICABLE': 0, 'ERROR': 0, 'TIMEOUT': 0}
[run_cell   26/  32 t=  137s] idx=25   budget=600s (shell timeout=660s)
[tllverify_2023 1/1 t=0s budget=600s] idx=25 tllBench_n=2_N=M=56_m=1_instance_6_1.onnx+property_N=56_1.vnnlib
-----------------------------------------------------------------
Error between true and empirical CDF (i.e. \sup_x(|cdfTrue(x) - cdfEmpirical(x)|) < \epsilon): epsilon = 0.01
Confidence level (i.e. P(\sup_x(|cdfTrue(x) - cdfEmpirical(x)|) < \epsilon) >= 1-\beta): 1-beta = 0.999
Number of samples needed from simulator/sampler for DKW: 38005
Please add the specification by calling "usingDKW.addSpecification()" function.
Then, add samples by calling "usingDKW.addSamples()" function.
-----------------------------------------------------------------
-----------------------------------------------------------------
Error between true and empirical CDF (i.e. \sup_x(|cdfTrue(x) - cdfEmpirical(x)|) < \epsilon): epsilon = 0.01
Confidence level (i.e. P(\sup_x(|cdfTrue(x) - cdfEmpirical(x)|) < \epsilon) >= 1-\beta): 1-beta = 0.999
Number of samples needed from simulator/sampler for DKW: 38005
Please add the specification by calling "usingDKW.addSpecification()" function.
Then, add samples by calling "usingDKW.addSamples()" function.
-----------------------------------------------------------------
-----------------------------------------------------------------
Specification updated in DKW approach. Please add samples by calling 'usingDKW.addSamples()' function.
----------------------------------------------------------------
    verdict=SAT  wall=4.94s

=== Sweep complete ===
Wrote /home/sasakis/v/tools/n2v/examples/FlowConformal/experiments/exp1_vnncomp_subset/outputs/exp1_tllverify_2023_saver.csv
Total wall-clock: 0.1 min
Counts: {'UNSAT': 0, 'SAT': 1, 'UNKNOWN': 0, 'NOT_APPLICABLE': 0, 'ERROR': 0, 'TIMEOUT': 0}
[run_cell   27/  32 t=  146s] idx=26   budget=600s (shell timeout=660s)
[tllverify_2023 1/1 t=0s budget=600s] idx=26 tllBench_n=2_N=M=56_m=1_instance_6_2.onnx+property_N=56_2.vnnlib
-----------------------------------------------------------------
Error between true and empirical CDF (i.e. \sup_x(|cdfTrue(x) - cdfEmpirical(x)|) < \epsilon): epsilon = 0.01
Confidence level (i.e. P(\sup_x(|cdfTrue(x) - cdfEmpirical(x)|) < \epsilon) >= 1-\beta): 1-beta = 0.999
Number of samples needed from simulator/sampler for DKW: 38005
Please add the specification by calling "usingDKW.addSpecification()" function.
Then, add samples by calling "usingDKW.addSamples()" function.
-----------------------------------------------------------------
-----------------------------------------------------------------
Error between true and empirical CDF (i.e. \sup_x(|cdfTrue(x) - cdfEmpirical(x)|) < \epsilon): epsilon = 0.01
Confidence level (i.e. P(\sup_x(|cdfTrue(x) - cdfEmpirical(x)|) < \epsilon) >= 1-\beta): 1-beta = 0.999
Number of samples needed from simulator/sampler for DKW: 38005
Please add the specification by calling "usingDKW.addSpecification()" function.
Then, add samples by calling "usingDKW.addSamples()" function.
-----------------------------------------------------------------
-----------------------------------------------------------------
Specification updated in DKW approach. Please add samples by calling 'usingDKW.addSamples()' function.
----------------------------------------------------------------
    verdict=SAT  wall=6.19s

=== Sweep complete ===
Wrote /home/sasakis/v/tools/n2v/examples/FlowConformal/experiments/exp1_vnncomp_subset/outputs/exp1_tllverify_2023_saver.csv
Total wall-clock: 0.1 min
Counts: {'UNSAT': 0, 'SAT': 1, 'UNKNOWN': 0, 'NOT_APPLICABLE': 0, 'ERROR': 0, 'TIMEOUT': 0}
[run_cell   28/  32 t=  156s] idx=27   budget=600s (shell timeout=660s)
[tllverify_2023 1/1 t=0s budget=600s] idx=27 tllBench_n=2_N=M=56_m=1_instance_6_3.onnx+property_N=56_3.vnnlib
-----------------------------------------------------------------
Error between true and empirical CDF (i.e. \sup_x(|cdfTrue(x) - cdfEmpirical(x)|) < \epsilon): epsilon = 0.01
Confidence level (i.e. P(\sup_x(|cdfTrue(x) - cdfEmpirical(x)|) < \epsilon) >= 1-\beta): 1-beta = 0.999
Number of samples needed from simulator/sampler for DKW: 38005
Please add the specification by calling "usingDKW.addSpecification()" function.
Then, add samples by calling "usingDKW.addSamples()" function.
-----------------------------------------------------------------
-----------------------------------------------------------------
Error between true and empirical CDF (i.e. \sup_x(|cdfTrue(x) - cdfEmpirical(x)|) < \epsilon): epsilon = 0.01
Confidence level (i.e. P(\sup_x(|cdfTrue(x) - cdfEmpirical(x)|) < \epsilon) >= 1-\beta): 1-beta = 0.999
Number of samples needed from simulator/sampler for DKW: 38005
Please add the specification by calling "usingDKW.addSpecification()" function.
Then, add samples by calling "usingDKW.addSamples()" function.
-----------------------------------------------------------------
-----------------------------------------------------------------
Specification updated in DKW approach. Please add samples by calling 'usingDKW.addSamples()' function.
----------------------------------------------------------------
    verdict=SAT  wall=4.85s

=== Sweep complete ===
Wrote /home/sasakis/v/tools/n2v/examples/FlowConformal/experiments/exp1_vnncomp_subset/outputs/exp1_tllverify_2023_saver.csv
Total wall-clock: 0.1 min
Counts: {'UNSAT': 0, 'SAT': 1, 'UNKNOWN': 0, 'NOT_APPLICABLE': 0, 'ERROR': 0, 'TIMEOUT': 0}
[run_cell   29/  32 t=  165s] idx=28   budget=600s (shell timeout=660s)
[tllverify_2023 1/1 t=0s budget=600s] idx=28 tllBench_n=2_N=M=64_m=1_instance_7_0.onnx+property_N=64_0.vnnlib
-----------------------------------------------------------------
Error between true and empirical CDF (i.e. \sup_x(|cdfTrue(x) - cdfEmpirical(x)|) < \epsilon): epsilon = 0.01
Confidence level (i.e. P(\sup_x(|cdfTrue(x) - cdfEmpirical(x)|) < \epsilon) >= 1-\beta): 1-beta = 0.999
Number of samples needed from simulator/sampler for DKW: 38005
Please add the specification by calling "usingDKW.addSpecification()" function.
Then, add samples by calling "usingDKW.addSamples()" function.
-----------------------------------------------------------------
-----------------------------------------------------------------
Error between true and empirical CDF (i.e. \sup_x(|cdfTrue(x) - cdfEmpirical(x)|) < \epsilon): epsilon = 0.01
Confidence level (i.e. P(\sup_x(|cdfTrue(x) - cdfEmpirical(x)|) < \epsilon) >= 1-\beta): 1-beta = 0.999
Number of samples needed from simulator/sampler for DKW: 38005
Please add the specification by calling "usingDKW.addSpecification()" function.
Then, add samples by calling "usingDKW.addSamples()" function.
-----------------------------------------------------------------
-----------------------------------------------------------------
Specification updated in DKW approach. Please add samples by calling 'usingDKW.addSamples()' function.
----------------------------------------------------------------
    verdict=SAT  wall=10.63s

=== Sweep complete ===
Wrote /home/sasakis/v/tools/n2v/examples/FlowConformal/experiments/exp1_vnncomp_subset/outputs/exp1_tllverify_2023_saver.csv
Total wall-clock: 0.2 min
Counts: {'UNSAT': 0, 'SAT': 1, 'UNKNOWN': 0, 'NOT_APPLICABLE': 0, 'ERROR': 0, 'TIMEOUT': 0}
[run_cell   30/  32 t=  180s] idx=29   budget=600s (shell timeout=660s)
[tllverify_2023 1/1 t=0s budget=600s] idx=29 tllBench_n=2_N=M=64_m=1_instance_7_1.onnx+property_N=64_1.vnnlib
-----------------------------------------------------------------
Error between true and empirical CDF (i.e. \sup_x(|cdfTrue(x) - cdfEmpirical(x)|) < \epsilon): epsilon = 0.01
Confidence level (i.e. P(\sup_x(|cdfTrue(x) - cdfEmpirical(x)|) < \epsilon) >= 1-\beta): 1-beta = 0.999
Number of samples needed from simulator/sampler for DKW: 38005
Please add the specification by calling "usingDKW.addSpecification()" function.
Then, add samples by calling "usingDKW.addSamples()" function.
-----------------------------------------------------------------
-----------------------------------------------------------------
Error between true and empirical CDF (i.e. \sup_x(|cdfTrue(x) - cdfEmpirical(x)|) < \epsilon): epsilon = 0.01
Confidence level (i.e. P(\sup_x(|cdfTrue(x) - cdfEmpirical(x)|) < \epsilon) >= 1-\beta): 1-beta = 0.999
Number of samples needed from simulator/sampler for DKW: 38005
Please add the specification by calling "usingDKW.addSpecification()" function.
Then, add samples by calling "usingDKW.addSamples()" function.
-----------------------------------------------------------------
-----------------------------------------------------------------
Specification updated in DKW approach. Please add samples by calling 'usingDKW.addSamples()' function.
----------------------------------------------------------------
    verdict=SAT  wall=10.80s

=== Sweep complete ===
Wrote /home/sasakis/v/tools/n2v/examples/FlowConformal/experiments/exp1_vnncomp_subset/outputs/exp1_tllverify_2023_saver.csv
Total wall-clock: 0.2 min
Counts: {'UNSAT': 0, 'SAT': 1, 'UNKNOWN': 0, 'NOT_APPLICABLE': 0, 'ERROR': 0, 'TIMEOUT': 0}
[run_cell   31/  32 t=  195s] idx=30   budget=600s (shell timeout=660s)
[tllverify_2023 1/1 t=0s budget=600s] idx=30 tllBench_n=2_N=M=64_m=1_instance_7_2.onnx+property_N=64_2.vnnlib
-----------------------------------------------------------------
Error between true and empirical CDF (i.e. \sup_x(|cdfTrue(x) - cdfEmpirical(x)|) < \epsilon): epsilon = 0.01
Confidence level (i.e. P(\sup_x(|cdfTrue(x) - cdfEmpirical(x)|) < \epsilon) >= 1-\beta): 1-beta = 0.999
Number of samples needed from simulator/sampler for DKW: 38005
Please add the specification by calling "usingDKW.addSpecification()" function.
Then, add samples by calling "usingDKW.addSamples()" function.
-----------------------------------------------------------------
-----------------------------------------------------------------
Error between true and empirical CDF (i.e. \sup_x(|cdfTrue(x) - cdfEmpirical(x)|) < \epsilon): epsilon = 0.01
Confidence level (i.e. P(\sup_x(|cdfTrue(x) - cdfEmpirical(x)|) < \epsilon) >= 1-\beta): 1-beta = 0.999
Number of samples needed from simulator/sampler for DKW: 38005
Please add the specification by calling "usingDKW.addSpecification()" function.
Then, add samples by calling "usingDKW.addSamples()" function.
-----------------------------------------------------------------
-----------------------------------------------------------------
Specification updated in DKW approach. Please add samples by calling 'usingDKW.addSamples()' function.
----------------------------------------------------------------
    verdict=SAT  wall=10.75s

=== Sweep complete ===
Wrote /home/sasakis/v/tools/n2v/examples/FlowConformal/experiments/exp1_vnncomp_subset/outputs/exp1_tllverify_2023_saver.csv
Total wall-clock: 0.2 min
Counts: {'UNSAT': 0, 'SAT': 1, 'UNKNOWN': 0, 'NOT_APPLICABLE': 0, 'ERROR': 0, 'TIMEOUT': 0}
[run_cell   32/  32 t=  209s] idx=31   budget=600s (shell timeout=660s)
[tllverify_2023 1/1 t=0s budget=600s] idx=31 tllBench_n=2_N=M=64_m=1_instance_7_3.onnx+property_N=64_3.vnnlib
-----------------------------------------------------------------
Error between true and empirical CDF (i.e. \sup_x(|cdfTrue(x) - cdfEmpirical(x)|) < \epsilon): epsilon = 0.01
Confidence level (i.e. P(\sup_x(|cdfTrue(x) - cdfEmpirical(x)|) < \epsilon) >= 1-\beta): 1-beta = 0.999
Number of samples needed from simulator/sampler for DKW: 38005
Please add the specification by calling "usingDKW.addSpecification()" function.
Then, add samples by calling "usingDKW.addSamples()" function.
-----------------------------------------------------------------
-----------------------------------------------------------------
Error between true and empirical CDF (i.e. \sup_x(|cdfTrue(x) - cdfEmpirical(x)|) < \epsilon): epsilon = 0.01
Confidence level (i.e. P(\sup_x(|cdfTrue(x) - cdfEmpirical(x)|) < \epsilon) >= 1-\beta): 1-beta = 0.999
Number of samples needed from simulator/sampler for DKW: 38005
Please add the specification by calling "usingDKW.addSpecification()" function.
Then, add samples by calling "usingDKW.addSamples()" function.
-----------------------------------------------------------------
-----------------------------------------------------------------
Specification updated in DKW approach. Please add samples by calling 'usingDKW.addSamples()' function.
----------------------------------------------------------------
    verdict=SAT  wall=10.67s

=== Sweep complete ===
Wrote /home/sasakis/v/tools/n2v/examples/FlowConformal/experiments/exp1_vnncomp_subset/outputs/exp1_tllverify_2023_saver.csv
Total wall-clock: 0.2 min
Counts: {'UNSAT': 0, 'SAT': 1, 'UNKNOWN': 0, 'NOT_APPLICABLE': 0, 'ERROR': 0, 'TIMEOUT': 0}
[run_cell] complete. shell-killed timeouts and exits noted above; CSV row counts in the output file.

[2026-05-04T15:23:13-05:00] === END:   exp1_tllverify_2023_saver (rc=0) ===
