[2026-05-04T04:37:04-05:00] === START: exp1_metaroom_2023_hashemi_clipping_pca ===
[run_cell] exp1_vnncomp_subset.exp1_run_hashemi_clipping_pca --benchmark metaroom_2023 --pca-components 10: 100 instances
[run_cell    1/ 100 t=    0s] idx=0    budget=210s (shell timeout=270s)
[metaroom_2023] running only idx=0; appending to /home/sasakis/v/tools/n2v/examples/FlowConformal/experiments/exp1_vnncomp_subset/outputs/exp1_metaroom_2023_hashemi_clipping_pca.csv
[metaroom_2023] Loaded 1 instances; writing to /home/sasakis/v/tools/n2v/examples/FlowConformal/experiments/exp1_vnncomp_subset/outputs/exp1_metaroom_2023_hashemi_clipping_pca.csv
[metaroom_2023] Hashemi-clipping+PCA config: m=8000 ell=7999 epsilon=0.001 pca_components=10 SEED=47
[metaroom_2023 1/1 t=0s budget=210s] ./onnx/6cnn_tz_35_5_no_custom_OP.onnx + ./vnnlib/spec_idx_176_eps_0.00001000.vnnlib
    verdict=UNSAT  wall=170.2s

=== Sweep complete ===
Wrote /home/sasakis/v/tools/n2v/examples/FlowConformal/experiments/exp1_vnncomp_subset/outputs/exp1_metaroom_2023_hashemi_clipping_pca.csv
Total wall-clock: 2.8 min
Counts: {'UNSAT': 1, 'SAT': 0, 'UNKNOWN': 0, 'SKIPPED': 0, 'ERROR': 0, 'TIMEOUT': 0}
[run_cell    2/ 100 t=  176s] idx=1    budget=210s (shell timeout=270s)
[metaroom_2023] running only idx=1; appending to /home/sasakis/v/tools/n2v/examples/FlowConformal/experiments/exp1_vnncomp_subset/outputs/exp1_metaroom_2023_hashemi_clipping_pca.csv
[metaroom_2023] Loaded 1 instances; writing to /home/sasakis/v/tools/n2v/examples/FlowConformal/experiments/exp1_vnncomp_subset/outputs/exp1_metaroom_2023_hashemi_clipping_pca.csv
[metaroom_2023] Hashemi-clipping+PCA config: m=8000 ell=7999 epsilon=0.001 pca_components=10 SEED=47
[metaroom_2023 1/1 t=0s budget=210s] ./onnx/4cnn_tz_65_10_no_custom_OP.onnx + ./vnnlib/spec_idx_79_eps_0.00001000.vnnlib
    verdict=UNSAT  wall=172.8s

=== Sweep complete ===
Wrote /home/sasakis/v/tools/n2v/examples/FlowConformal/experiments/exp1_vnncomp_subset/outputs/exp1_metaroom_2023_hashemi_clipping_pca.csv
Total wall-clock: 2.9 min
Counts: {'UNSAT': 1, 'SAT': 0, 'UNKNOWN': 0, 'SKIPPED': 0, 'ERROR': 0, 'TIMEOUT': 0}
[run_cell    3/ 100 t=  353s] idx=2    budget=210s (shell timeout=270s)
[metaroom_2023] running only idx=2; appending to /home/sasakis/v/tools/n2v/examples/FlowConformal/experiments/exp1_vnncomp_subset/outputs/exp1_metaroom_2023_hashemi_clipping_pca.csv
[metaroom_2023] Loaded 1 instances; writing to /home/sasakis/v/tools/n2v/examples/FlowConformal/experiments/exp1_vnncomp_subset/outputs/exp1_metaroom_2023_hashemi_clipping_pca.csv
[metaroom_2023] Hashemi-clipping+PCA config: m=8000 ell=7999 epsilon=0.001 pca_components=10 SEED=47
[metaroom_2023 1/1 t=0s budget=210s] ./onnx/6cnn_tz_65_10_no_custom_OP.onnx + ./vnnlib/spec_idx_196_eps_0.00001000.vnnlib
    verdict=UNSAT  wall=168.3s

=== Sweep complete ===
Wrote /home/sasakis/v/tools/n2v/examples/FlowConformal/experiments/exp1_vnncomp_subset/outputs/exp1_metaroom_2023_hashemi_clipping_pca.csv
Total wall-clock: 2.8 min
Counts: {'UNSAT': 1, 'SAT': 0, 'UNKNOWN': 0, 'SKIPPED': 0, 'ERROR': 0, 'TIMEOUT': 0}
[run_cell    4/ 100 t=  527s] idx=3    budget=210s (shell timeout=270s)
[metaroom_2023] running only idx=3; appending to /home/sasakis/v/tools/n2v/examples/FlowConformal/experiments/exp1_vnncomp_subset/outputs/exp1_metaroom_2023_hashemi_clipping_pca.csv
[metaroom_2023] Loaded 1 instances; writing to /home/sasakis/v/tools/n2v/examples/FlowConformal/experiments/exp1_vnncomp_subset/outputs/exp1_metaroom_2023_hashemi_clipping_pca.csv
[metaroom_2023] Hashemi-clipping+PCA config: m=8000 ell=7999 epsilon=0.001 pca_components=10 SEED=47
[metaroom_2023 1/1 t=0s budget=210s] ./onnx/6cnn_ry_30_5_no_custom_OP.onnx + ./vnnlib/spec_idx_114_eps_0.00000436.vnnlib
    verdict=UNSAT  wall=169.8s

=== Sweep complete ===
Wrote /home/sasakis/v/tools/n2v/examples/FlowConformal/experiments/exp1_vnncomp_subset/outputs/exp1_metaroom_2023_hashemi_clipping_pca.csv
Total wall-clock: 2.8 min
Counts: {'UNSAT': 1, 'SAT': 0, 'UNKNOWN': 0, 'SKIPPED': 0, 'ERROR': 0, 'TIMEOUT': 0}
[run_cell    5/ 100 t=  702s] idx=4    budget=210s (shell timeout=270s)
[metaroom_2023] running only idx=4; appending to /home/sasakis/v/tools/n2v/examples/FlowConformal/experiments/exp1_vnncomp_subset/outputs/exp1_metaroom_2023_hashemi_clipping_pca.csv
[metaroom_2023] Loaded 1 instances; writing to /home/sasakis/v/tools/n2v/examples/FlowConformal/experiments/exp1_vnncomp_subset/outputs/exp1_metaroom_2023_hashemi_clipping_pca.csv
[metaroom_2023] Hashemi-clipping+PCA config: m=8000 ell=7999 epsilon=0.001 pca_components=10 SEED=47
[metaroom_2023 1/1 t=0s budget=210s] ./onnx/4cnn_ry_47_7_no_custom_OP.onnx + ./vnnlib/spec_idx_23_eps_0.00000436.vnnlib
    verdict=UNSAT  wall=173.3s

=== Sweep complete ===
Wrote /home/sasakis/v/tools/n2v/examples/FlowConformal/experiments/exp1_vnncomp_subset/outputs/exp1_metaroom_2023_hashemi_clipping_pca.csv
Total wall-clock: 2.9 min
Counts: {'UNSAT': 1, 'SAT': 0, 'UNKNOWN': 0, 'SKIPPED': 0, 'ERROR': 0, 'TIMEOUT': 0}
[run_cell    6/ 100 t=  880s] idx=5    budget=210s (shell timeout=270s)
[metaroom_2023] running only idx=5; appending to /home/sasakis/v/tools/n2v/examples/FlowConformal/experiments/exp1_vnncomp_subset/outputs/exp1_metaroom_2023_hashemi_clipping_pca.csv
[metaroom_2023] Loaded 1 instances; writing to /home/sasakis/v/tools/n2v/examples/FlowConformal/experiments/exp1_vnncomp_subset/outputs/exp1_metaroom_2023_hashemi_clipping_pca.csv
[metaroom_2023] Hashemi-clipping+PCA config: m=8000 ell=7999 epsilon=0.001 pca_components=10 SEED=47
[metaroom_2023 1/1 t=0s budget=210s] ./onnx/6cnn_ry_5_0_no_custom_OP.onnx + ./vnnlib/spec_idx_130_eps_0.00000436.vnnlib
    verdict=UNSAT  wall=170.0s

=== Sweep complete ===
Wrote /home/sasakis/v/tools/n2v/examples/FlowConformal/experiments/exp1_vnncomp_subset/outputs/exp1_metaroom_2023_hashemi_clipping_pca.csv
Total wall-clock: 2.8 min
Counts: {'UNSAT': 1, 'SAT': 0, 'UNKNOWN': 0, 'SKIPPED': 0, 'ERROR': 0, 'TIMEOUT': 0}
[run_cell    7/ 100 t= 1055s] idx=6    budget=210s (shell timeout=270s)
[metaroom_2023] running only idx=6; appending to /home/sasakis/v/tools/n2v/examples/FlowConformal/experiments/exp1_vnncomp_subset/outputs/exp1_metaroom_2023_hashemi_clipping_pca.csv
[metaroom_2023] Loaded 1 instances; writing to /home/sasakis/v/tools/n2v/examples/FlowConformal/experiments/exp1_vnncomp_subset/outputs/exp1_metaroom_2023_hashemi_clipping_pca.csv
[metaroom_2023] Hashemi-clipping+PCA config: m=8000 ell=7999 epsilon=0.001 pca_components=10 SEED=47
[metaroom_2023 1/1 t=0s budget=210s] ./onnx/4cnn_ry_65_10_no_custom_OP.onnx + ./vnnlib/spec_idx_33_eps_0.00000436.vnnlib
    verdict=UNSAT  wall=174.1s

=== Sweep complete ===
Wrote /home/sasakis/v/tools/n2v/examples/FlowConformal/experiments/exp1_vnncomp_subset/outputs/exp1_metaroom_2023_hashemi_clipping_pca.csv
Total wall-clock: 2.9 min
Counts: {'UNSAT': 1, 'SAT': 0, 'UNKNOWN': 0, 'SKIPPED': 0, 'ERROR': 0, 'TIMEOUT': 0}
[run_cell    8/ 100 t= 1234s] idx=7    budget=210s (shell timeout=270s)
[metaroom_2023] running only idx=7; appending to /home/sasakis/v/tools/n2v/examples/FlowConformal/experiments/exp1_vnncomp_subset/outputs/exp1_metaroom_2023_hashemi_clipping_pca.csv
[metaroom_2023] Loaded 1 instances; writing to /home/sasakis/v/tools/n2v/examples/FlowConformal/experiments/exp1_vnncomp_subset/outputs/exp1_metaroom_2023_hashemi_clipping_pca.csv
[metaroom_2023] Hashemi-clipping+PCA config: m=8000 ell=7999 epsilon=0.001 pca_components=10 SEED=47
[metaroom_2023 1/1 t=0s budget=210s] ./onnx/4cnn_tz_8_1_no_custom_OP.onnx + ./vnnlib/spec_idx_88_eps_0.00001000.vnnlib
    verdict=UNSAT  wall=174.4s

=== Sweep complete ===
Wrote /home/sasakis/v/tools/n2v/examples/FlowConformal/experiments/exp1_vnncomp_subset/outputs/exp1_metaroom_2023_hashemi_clipping_pca.csv
Total wall-clock: 2.9 min
Counts: {'UNSAT': 1, 'SAT': 0, 'UNKNOWN': 0, 'SKIPPED': 0, 'ERROR': 0, 'TIMEOUT': 0}
[run_cell    9/ 100 t= 1414s] idx=8    budget=210s (shell timeout=270s)
[metaroom_2023] running only idx=8; appending to /home/sasakis/v/tools/n2v/examples/FlowConformal/experiments/exp1_vnncomp_subset/outputs/exp1_metaroom_2023_hashemi_clipping_pca.csv
[metaroom_2023] Loaded 1 instances; writing to /home/sasakis/v/tools/n2v/examples/FlowConformal/experiments/exp1_vnncomp_subset/outputs/exp1_metaroom_2023_hashemi_clipping_pca.csv
[metaroom_2023] Hashemi-clipping+PCA config: m=8000 ell=7999 epsilon=0.001 pca_components=10 SEED=47
[metaroom_2023 1/1 t=0s budget=210s] ./onnx/6cnn_ry_38_6_no_custom_OP.onnx + ./vnnlib/spec_idx_118_eps_0.00000436.vnnlib
    verdict=UNSAT  wall=169.2s

=== Sweep complete ===
Wrote /home/sasakis/v/tools/n2v/examples/FlowConformal/experiments/exp1_vnncomp_subset/outputs/exp1_metaroom_2023_hashemi_clipping_pca.csv
Total wall-clock: 2.8 min
Counts: {'UNSAT': 1, 'SAT': 0, 'UNKNOWN': 0, 'SKIPPED': 0, 'ERROR': 0, 'TIMEOUT': 0}
[run_cell   10/ 100 t= 1588s] idx=9    budget=210s (shell timeout=270s)
[metaroom_2023] running only idx=9; appending to /home/sasakis/v/tools/n2v/examples/FlowConformal/experiments/exp1_vnncomp_subset/outputs/exp1_metaroom_2023_hashemi_clipping_pca.csv
[metaroom_2023] Loaded 1 instances; writing to /home/sasakis/v/tools/n2v/examples/FlowConformal/experiments/exp1_vnncomp_subset/outputs/exp1_metaroom_2023_hashemi_clipping_pca.csv
[metaroom_2023] Hashemi-clipping+PCA config: m=8000 ell=7999 epsilon=0.001 pca_components=10 SEED=47
[metaroom_2023 1/1 t=0s budget=210s] ./onnx/6cnn_ry_49_8_no_custom_OP.onnx + ./vnnlib/spec_idx_124_eps_0.00000436.vnnlib
    verdict=UNSAT  wall=173.0s

=== Sweep complete ===
Wrote /home/sasakis/v/tools/n2v/examples/FlowConformal/experiments/exp1_vnncomp_subset/outputs/exp1_metaroom_2023_hashemi_clipping_pca.csv
Total wall-clock: 2.9 min
Counts: {'UNSAT': 1, 'SAT': 0, 'UNKNOWN': 0, 'SKIPPED': 0, 'ERROR': 0, 'TIMEOUT': 0}
[run_cell   11/ 100 t= 1766s] idx=10   budget=210s (shell timeout=270s)
[metaroom_2023] running only idx=10; appending to /home/sasakis/v/tools/n2v/examples/FlowConformal/experiments/exp1_vnncomp_subset/outputs/exp1_metaroom_2023_hashemi_clipping_pca.csv
[metaroom_2023] Loaded 1 instances; writing to /home/sasakis/v/tools/n2v/examples/FlowConformal/experiments/exp1_vnncomp_subset/outputs/exp1_metaroom_2023_hashemi_clipping_pca.csv
[metaroom_2023] Hashemi-clipping+PCA config: m=8000 ell=7999 epsilon=0.001 pca_components=10 SEED=47
[metaroom_2023 1/1 t=0s budget=210s] ./onnx/4cnn_ry_34_5_no_custom_OP.onnx + ./vnnlib/spec_idx_12_eps_0.00000436.vnnlib
    verdict=UNSAT  wall=173.5s

=== Sweep complete ===
Wrote /home/sasakis/v/tools/n2v/examples/FlowConformal/experiments/exp1_vnncomp_subset/outputs/exp1_metaroom_2023_hashemi_clipping_pca.csv
Total wall-clock: 2.9 min
Counts: {'UNSAT': 1, 'SAT': 0, 'UNKNOWN': 0, 'SKIPPED': 0, 'ERROR': 0, 'TIMEOUT': 0}
[run_cell   12/ 100 t= 1945s] idx=11   budget=210s (shell timeout=270s)
[metaroom_2023] running only idx=11; appending to /home/sasakis/v/tools/n2v/examples/FlowConformal/experiments/exp1_vnncomp_subset/outputs/exp1_metaroom_2023_hashemi_clipping_pca.csv
[metaroom_2023] Loaded 1 instances; writing to /home/sasakis/v/tools/n2v/examples/FlowConformal/experiments/exp1_vnncomp_subset/outputs/exp1_metaroom_2023_hashemi_clipping_pca.csv
[metaroom_2023] Hashemi-clipping+PCA config: m=8000 ell=7999 epsilon=0.001 pca_components=10 SEED=47
[metaroom_2023 1/1 t=0s budget=210s] ./onnx/4cnn_tz_37_6_no_custom_OP.onnx + ./vnnlib/spec_idx_61_eps_0.00001000.vnnlib
    verdict=UNSAT  wall=172.8s

=== Sweep complete ===
Wrote /home/sasakis/v/tools/n2v/examples/FlowConformal/experiments/exp1_vnncomp_subset/outputs/exp1_metaroom_2023_hashemi_clipping_pca.csv
Total wall-clock: 2.9 min
Counts: {'UNSAT': 1, 'SAT': 0, 'UNKNOWN': 0, 'SKIPPED': 0, 'ERROR': 0, 'TIMEOUT': 0}
[run_cell   13/ 100 t= 2122s] idx=12   budget=210s (shell timeout=270s)
[metaroom_2023] running only idx=12; appending to /home/sasakis/v/tools/n2v/examples/FlowConformal/experiments/exp1_vnncomp_subset/outputs/exp1_metaroom_2023_hashemi_clipping_pca.csv
[metaroom_2023] Loaded 1 instances; writing to /home/sasakis/v/tools/n2v/examples/FlowConformal/experiments/exp1_vnncomp_subset/outputs/exp1_metaroom_2023_hashemi_clipping_pca.csv
[metaroom_2023] Hashemi-clipping+PCA config: m=8000 ell=7999 epsilon=0.001 pca_components=10 SEED=47
[metaroom_2023 1/1 t=0s budget=210s] ./onnx/6cnn_tz_114_19_no_custom_OP.onnx + ./vnnlib/spec_idx_160_eps_0.00001000.vnnlib
    verdict=UNSAT  wall=171.6s

=== Sweep complete ===
Wrote /home/sasakis/v/tools/n2v/examples/FlowConformal/experiments/exp1_vnncomp_subset/outputs/exp1_metaroom_2023_hashemi_clipping_pca.csv
Total wall-clock: 2.9 min
Counts: {'UNSAT': 1, 'SAT': 0, 'UNKNOWN': 0, 'SKIPPED': 0, 'ERROR': 0, 'TIMEOUT': 0}
[run_cell   14/ 100 t= 2299s] idx=13   budget=210s (shell timeout=270s)
[metaroom_2023] running only idx=13; appending to /home/sasakis/v/tools/n2v/examples/FlowConformal/experiments/exp1_vnncomp_subset/outputs/exp1_metaroom_2023_hashemi_clipping_pca.csv
[metaroom_2023] Loaded 1 instances; writing to /home/sasakis/v/tools/n2v/examples/FlowConformal/experiments/exp1_vnncomp_subset/outputs/exp1_metaroom_2023_hashemi_clipping_pca.csv
[metaroom_2023] Hashemi-clipping+PCA config: m=8000 ell=7999 epsilon=0.001 pca_components=10 SEED=47
[metaroom_2023 1/1 t=0s budget=210s] ./onnx/4cnn_tz_31_5_no_custom_OP.onnx + ./vnnlib/spec_idx_57_eps_0.00001000.vnnlib
    verdict=UNSAT  wall=174.2s

=== Sweep complete ===
Wrote /home/sasakis/v/tools/n2v/examples/FlowConformal/experiments/exp1_vnncomp_subset/outputs/exp1_metaroom_2023_hashemi_clipping_pca.csv
Total wall-clock: 2.9 min
Counts: {'UNSAT': 1, 'SAT': 0, 'UNKNOWN': 0, 'SKIPPED': 0, 'ERROR': 0, 'TIMEOUT': 0}
[run_cell   15/ 100 t= 2478s] idx=14   budget=210s (shell timeout=270s)
[metaroom_2023] running only idx=14; appending to /home/sasakis/v/tools/n2v/examples/FlowConformal/experiments/exp1_vnncomp_subset/outputs/exp1_metaroom_2023_hashemi_clipping_pca.csv
[metaroom_2023] Loaded 1 instances; writing to /home/sasakis/v/tools/n2v/examples/FlowConformal/experiments/exp1_vnncomp_subset/outputs/exp1_metaroom_2023_hashemi_clipping_pca.csv
[metaroom_2023] Hashemi-clipping+PCA config: m=8000 ell=7999 epsilon=0.001 pca_components=10 SEED=47
[metaroom_2023 1/1 t=0s budget=210s] ./onnx/6cnn_ry_93_15_no_custom_OP.onnx + ./vnnlib/spec_idx_148_eps_0.00000436.vnnlib
    verdict=UNKNOWN  wall=170.9s

=== Sweep complete ===
Wrote /home/sasakis/v/tools/n2v/examples/FlowConformal/experiments/exp1_vnncomp_subset/outputs/exp1_metaroom_2023_hashemi_clipping_pca.csv
Total wall-clock: 2.8 min
Counts: {'UNSAT': 0, 'SAT': 0, 'UNKNOWN': 1, 'SKIPPED': 0, 'ERROR': 0, 'TIMEOUT': 0}
[run_cell   16/ 100 t= 2654s] idx=15   budget=210s (shell timeout=270s)
[metaroom_2023] running only idx=15; appending to /home/sasakis/v/tools/n2v/examples/FlowConformal/experiments/exp1_vnncomp_subset/outputs/exp1_metaroom_2023_hashemi_clipping_pca.csv
[metaroom_2023] Loaded 1 instances; writing to /home/sasakis/v/tools/n2v/examples/FlowConformal/experiments/exp1_vnncomp_subset/outputs/exp1_metaroom_2023_hashemi_clipping_pca.csv
[metaroom_2023] Hashemi-clipping+PCA config: m=8000 ell=7999 epsilon=0.001 pca_components=10 SEED=47
[metaroom_2023 1/1 t=0s budget=210s] ./onnx/4cnn_ry_56_9_no_custom_OP.onnx + ./vnnlib/spec_idx_27_eps_0.00000436.vnnlib
    verdict=UNSAT  wall=173.2s

=== Sweep complete ===
Wrote /home/sasakis/v/tools/n2v/examples/FlowConformal/experiments/exp1_vnncomp_subset/outputs/exp1_metaroom_2023_hashemi_clipping_pca.csv
Total wall-clock: 2.9 min
Counts: {'UNSAT': 1, 'SAT': 0, 'UNKNOWN': 0, 'SKIPPED': 0, 'ERROR': 0, 'TIMEOUT': 0}
[run_cell   17/ 100 t= 2832s] idx=16   budget=210s (shell timeout=270s)
[metaroom_2023] running only idx=16; appending to /home/sasakis/v/tools/n2v/examples/FlowConformal/experiments/exp1_vnncomp_subset/outputs/exp1_metaroom_2023_hashemi_clipping_pca.csv
[metaroom_2023] Loaded 1 instances; writing to /home/sasakis/v/tools/n2v/examples/FlowConformal/experiments/exp1_vnncomp_subset/outputs/exp1_metaroom_2023_hashemi_clipping_pca.csv
[metaroom_2023] Hashemi-clipping+PCA config: m=8000 ell=7999 epsilon=0.001 pca_components=10 SEED=47
[metaroom_2023 1/1 t=0s budget=210s] ./onnx/6cnn_tz_91_15_no_custom_OP.onnx + ./vnnlib/spec_idx_207_eps_0.00001000.vnnlib
    verdict=UNSAT  wall=169.2s

=== Sweep complete ===
Wrote /home/sasakis/v/tools/n2v/examples/FlowConformal/experiments/exp1_vnncomp_subset/outputs/exp1_metaroom_2023_hashemi_clipping_pca.csv
Total wall-clock: 2.8 min
Counts: {'UNSAT': 1, 'SAT': 0, 'UNKNOWN': 0, 'SKIPPED': 0, 'ERROR': 0, 'TIMEOUT': 0}
[run_cell   18/ 100 t= 3006s] idx=17   budget=210s (shell timeout=270s)
[metaroom_2023] running only idx=17; appending to /home/sasakis/v/tools/n2v/examples/FlowConformal/experiments/exp1_vnncomp_subset/outputs/exp1_metaroom_2023_hashemi_clipping_pca.csv
[metaroom_2023] Loaded 1 instances; writing to /home/sasakis/v/tools/n2v/examples/FlowConformal/experiments/exp1_vnncomp_subset/outputs/exp1_metaroom_2023_hashemi_clipping_pca.csv
[metaroom_2023] Hashemi-clipping+PCA config: m=8000 ell=7999 epsilon=0.001 pca_components=10 SEED=47
[metaroom_2023 1/1 t=0s budget=210s] ./onnx/6cnn_ry_48_8_no_custom_OP.onnx + ./vnnlib/spec_idx_123_eps_0.00000436.vnnlib
    verdict=UNSAT  wall=169.3s

=== Sweep complete ===
Wrote /home/sasakis/v/tools/n2v/examples/FlowConformal/experiments/exp1_vnncomp_subset/outputs/exp1_metaroom_2023_hashemi_clipping_pca.csv
Total wall-clock: 2.8 min
Counts: {'UNSAT': 1, 'SAT': 0, 'UNKNOWN': 0, 'SKIPPED': 0, 'ERROR': 0, 'TIMEOUT': 0}
[run_cell   19/ 100 t= 3181s] idx=18   budget=210s (shell timeout=270s)
[metaroom_2023] running only idx=18; appending to /home/sasakis/v/tools/n2v/examples/FlowConformal/experiments/exp1_vnncomp_subset/outputs/exp1_metaroom_2023_hashemi_clipping_pca.csv
[metaroom_2023] Loaded 1 instances; writing to /home/sasakis/v/tools/n2v/examples/FlowConformal/experiments/exp1_vnncomp_subset/outputs/exp1_metaroom_2023_hashemi_clipping_pca.csv
[metaroom_2023] Hashemi-clipping+PCA config: m=8000 ell=7999 epsilon=0.001 pca_components=10 SEED=47
[metaroom_2023 1/1 t=0s budget=210s] ./onnx/6cnn_tz_62_10_no_custom_OP.onnx + ./vnnlib/spec_idx_193_eps_0.00001000.vnnlib
    verdict=UNSAT  wall=168.6s

=== Sweep complete ===
Wrote /home/sasakis/v/tools/n2v/examples/FlowConformal/experiments/exp1_vnncomp_subset/outputs/exp1_metaroom_2023_hashemi_clipping_pca.csv
Total wall-clock: 2.8 min
Counts: {'UNSAT': 1, 'SAT': 0, 'UNKNOWN': 0, 'SKIPPED': 0, 'ERROR': 0, 'TIMEOUT': 0}
[run_cell   20/ 100 t= 3354s] idx=19   budget=210s (shell timeout=270s)
[metaroom_2023] running only idx=19; appending to /home/sasakis/v/tools/n2v/examples/FlowConformal/experiments/exp1_vnncomp_subset/outputs/exp1_metaroom_2023_hashemi_clipping_pca.csv
[metaroom_2023] Loaded 1 instances; writing to /home/sasakis/v/tools/n2v/examples/FlowConformal/experiments/exp1_vnncomp_subset/outputs/exp1_metaroom_2023_hashemi_clipping_pca.csv
[metaroom_2023] Hashemi-clipping+PCA config: m=8000 ell=7999 epsilon=0.001 pca_components=10 SEED=47
[metaroom_2023 1/1 t=0s budget=210s] ./onnx/6cnn_tz_75_12_no_custom_OP.onnx + ./vnnlib/spec_idx_203_eps_0.00001000.vnnlib
    verdict=UNSAT  wall=168.0s

=== Sweep complete ===
Wrote /home/sasakis/v/tools/n2v/examples/FlowConformal/experiments/exp1_vnncomp_subset/outputs/exp1_metaroom_2023_hashemi_clipping_pca.csv
Total wall-clock: 2.8 min
Counts: {'UNSAT': 1, 'SAT': 0, 'UNKNOWN': 0, 'SKIPPED': 0, 'ERROR': 0, 'TIMEOUT': 0}
[run_cell   21/ 100 t= 3527s] idx=20   budget=210s (shell timeout=270s)
[metaroom_2023] running only idx=20; appending to /home/sasakis/v/tools/n2v/examples/FlowConformal/experiments/exp1_vnncomp_subset/outputs/exp1_metaroom_2023_hashemi_clipping_pca.csv
[metaroom_2023] Loaded 1 instances; writing to /home/sasakis/v/tools/n2v/examples/FlowConformal/experiments/exp1_vnncomp_subset/outputs/exp1_metaroom_2023_hashemi_clipping_pca.csv
[metaroom_2023] Hashemi-clipping+PCA config: m=8000 ell=7999 epsilon=0.001 pca_components=10 SEED=47
[metaroom_2023 1/1 t=0s budget=210s] ./onnx/4cnn_ry_6_1_no_custom_OP.onnx + ./vnnlib/spec_idx_35_eps_0.00000436.vnnlib
    verdict=UNSAT  wall=175.1s

=== Sweep complete ===
Wrote /home/sasakis/v/tools/n2v/examples/FlowConformal/experiments/exp1_vnncomp_subset/outputs/exp1_metaroom_2023_hashemi_clipping_pca.csv
Total wall-clock: 2.9 min
Counts: {'UNSAT': 1, 'SAT': 0, 'UNKNOWN': 0, 'SKIPPED': 0, 'ERROR': 0, 'TIMEOUT': 0}
[run_cell   22/ 100 t= 3707s] idx=21   budget=210s (shell timeout=270s)
[metaroom_2023] running only idx=21; appending to /home/sasakis/v/tools/n2v/examples/FlowConformal/experiments/exp1_vnncomp_subset/outputs/exp1_metaroom_2023_hashemi_clipping_pca.csv
[metaroom_2023] Loaded 1 instances; writing to /home/sasakis/v/tools/n2v/examples/FlowConformal/experiments/exp1_vnncomp_subset/outputs/exp1_metaroom_2023_hashemi_clipping_pca.csv
[metaroom_2023] Hashemi-clipping+PCA config: m=8000 ell=7999 epsilon=0.001 pca_components=10 SEED=47
[metaroom_2023 1/1 t=0s budget=210s] ./onnx/4cnn_tz_70_11_no_custom_OP.onnx + ./vnnlib/spec_idx_82_eps_0.00001000.vnnlib
    verdict=UNSAT  wall=173.4s

=== Sweep complete ===
Wrote /home/sasakis/v/tools/n2v/examples/FlowConformal/experiments/exp1_vnncomp_subset/outputs/exp1_metaroom_2023_hashemi_clipping_pca.csv
Total wall-clock: 2.9 min
Counts: {'UNSAT': 1, 'SAT': 0, 'UNKNOWN': 0, 'SKIPPED': 0, 'ERROR': 0, 'TIMEOUT': 0}
[run_cell   23/ 100 t= 3886s] idx=22   budget=210s (shell timeout=270s)
[metaroom_2023] running only idx=22; appending to /home/sasakis/v/tools/n2v/examples/FlowConformal/experiments/exp1_vnncomp_subset/outputs/exp1_metaroom_2023_hashemi_clipping_pca.csv
[metaroom_2023] Loaded 1 instances; writing to /home/sasakis/v/tools/n2v/examples/FlowConformal/experiments/exp1_vnncomp_subset/outputs/exp1_metaroom_2023_hashemi_clipping_pca.csv
[metaroom_2023] Hashemi-clipping+PCA config: m=8000 ell=7999 epsilon=0.001 pca_components=10 SEED=47
[metaroom_2023 1/1 t=0s budget=210s] ./onnx/4cnn_ry_117_19_no_custom_OP.onnx + ./vnnlib/spec_idx_3_eps_0.00000436.vnnlib
    verdict=UNKNOWN  wall=175.2s

=== Sweep complete ===
Wrote /home/sasakis/v/tools/n2v/examples/FlowConformal/experiments/exp1_vnncomp_subset/outputs/exp1_metaroom_2023_hashemi_clipping_pca.csv
Total wall-clock: 2.9 min
Counts: {'UNSAT': 0, 'SAT': 0, 'UNKNOWN': 1, 'SKIPPED': 0, 'ERROR': 0, 'TIMEOUT': 0}
[run_cell   24/ 100 t= 4066s] idx=23   budget=210s (shell timeout=270s)
[metaroom_2023] running only idx=23; appending to /home/sasakis/v/tools/n2v/examples/FlowConformal/experiments/exp1_vnncomp_subset/outputs/exp1_metaroom_2023_hashemi_clipping_pca.csv
[metaroom_2023] Loaded 1 instances; writing to /home/sasakis/v/tools/n2v/examples/FlowConformal/experiments/exp1_vnncomp_subset/outputs/exp1_metaroom_2023_hashemi_clipping_pca.csv
[metaroom_2023] Hashemi-clipping+PCA config: m=8000 ell=7999 epsilon=0.001 pca_components=10 SEED=47
[metaroom_2023 1/1 t=0s budget=210s] ./onnx/4cnn_tz_117_19_no_custom_OP.onnx + ./vnnlib/spec_idx_49_eps_0.00001000.vnnlib
    verdict=UNSAT  wall=172.2s

=== Sweep complete ===
Wrote /home/sasakis/v/tools/n2v/examples/FlowConformal/experiments/exp1_vnncomp_subset/outputs/exp1_metaroom_2023_hashemi_clipping_pca.csv
Total wall-clock: 2.9 min
Counts: {'UNSAT': 1, 'SAT': 0, 'UNKNOWN': 0, 'SKIPPED': 0, 'ERROR': 0, 'TIMEOUT': 0}
[run_cell   25/ 100 t= 4244s] idx=24   budget=210s (shell timeout=270s)
[metaroom_2023] running only idx=24; appending to /home/sasakis/v/tools/n2v/examples/FlowConformal/experiments/exp1_vnncomp_subset/outputs/exp1_metaroom_2023_hashemi_clipping_pca.csv
[metaroom_2023] Loaded 1 instances; writing to /home/sasakis/v/tools/n2v/examples/FlowConformal/experiments/exp1_vnncomp_subset/outputs/exp1_metaroom_2023_hashemi_clipping_pca.csv
[metaroom_2023] Hashemi-clipping+PCA config: m=8000 ell=7999 epsilon=0.001 pca_components=10 SEED=47
[metaroom_2023 1/1 t=0s budget=210s] ./onnx/4cnn_ry_68_11_no_custom_OP.onnx + ./vnnlib/spec_idx_34_eps_0.00000436.vnnlib
    verdict=UNSAT  wall=172.9s

=== Sweep complete ===
Wrote /home/sasakis/v/tools/n2v/examples/FlowConformal/experiments/exp1_vnncomp_subset/outputs/exp1_metaroom_2023_hashemi_clipping_pca.csv
Total wall-clock: 2.9 min
Counts: {'UNSAT': 1, 'SAT': 0, 'UNKNOWN': 0, 'SKIPPED': 0, 'ERROR': 0, 'TIMEOUT': 0}
[run_cell   26/ 100 t= 4421s] idx=25   budget=210s (shell timeout=270s)
[metaroom_2023] running only idx=25; appending to /home/sasakis/v/tools/n2v/examples/FlowConformal/experiments/exp1_vnncomp_subset/outputs/exp1_metaroom_2023_hashemi_clipping_pca.csv
[metaroom_2023] Loaded 1 instances; writing to /home/sasakis/v/tools/n2v/examples/FlowConformal/experiments/exp1_vnncomp_subset/outputs/exp1_metaroom_2023_hashemi_clipping_pca.csv
[metaroom_2023] Hashemi-clipping+PCA config: m=8000 ell=7999 epsilon=0.001 pca_components=10 SEED=47
[metaroom_2023 1/1 t=0s budget=210s] ./onnx/4cnn_tz_33_5_no_custom_OP.onnx + ./vnnlib/spec_idx_58_eps_0.00001000.vnnlib
    verdict=UNSAT  wall=170.0s

=== Sweep complete ===
Wrote /home/sasakis/v/tools/n2v/examples/FlowConformal/experiments/exp1_vnncomp_subset/outputs/exp1_metaroom_2023_hashemi_clipping_pca.csv
Total wall-clock: 2.8 min
Counts: {'UNSAT': 1, 'SAT': 0, 'UNKNOWN': 0, 'SKIPPED': 0, 'ERROR': 0, 'TIMEOUT': 0}
[run_cell   27/ 100 t= 4597s] idx=26   budget=210s (shell timeout=270s)
[metaroom_2023] running only idx=26; appending to /home/sasakis/v/tools/n2v/examples/FlowConformal/experiments/exp1_vnncomp_subset/outputs/exp1_metaroom_2023_hashemi_clipping_pca.csv
[metaroom_2023] Loaded 1 instances; writing to /home/sasakis/v/tools/n2v/examples/FlowConformal/experiments/exp1_vnncomp_subset/outputs/exp1_metaroom_2023_hashemi_clipping_pca.csv
[metaroom_2023] Hashemi-clipping+PCA config: m=8000 ell=7999 epsilon=0.001 pca_components=10 SEED=47
[metaroom_2023 1/1 t=0s budget=210s] ./onnx/6cnn_ry_57_9_no_custom_OP.onnx + ./vnnlib/spec_idx_129_eps_0.00000436.vnnlib
    verdict=UNKNOWN  wall=171.3s

=== Sweep complete ===
Wrote /home/sasakis/v/tools/n2v/examples/FlowConformal/experiments/exp1_vnncomp_subset/outputs/exp1_metaroom_2023_hashemi_clipping_pca.csv
Total wall-clock: 2.9 min
Counts: {'UNSAT': 0, 'SAT': 0, 'UNKNOWN': 1, 'SKIPPED': 0, 'ERROR': 0, 'TIMEOUT': 0}
[run_cell   28/ 100 t= 4773s] idx=27   budget=210s (shell timeout=270s)
[metaroom_2023] running only idx=27; appending to /home/sasakis/v/tools/n2v/examples/FlowConformal/experiments/exp1_vnncomp_subset/outputs/exp1_metaroom_2023_hashemi_clipping_pca.csv
[metaroom_2023] Loaded 1 instances; writing to /home/sasakis/v/tools/n2v/examples/FlowConformal/experiments/exp1_vnncomp_subset/outputs/exp1_metaroom_2023_hashemi_clipping_pca.csv
[metaroom_2023] Hashemi-clipping+PCA config: m=8000 ell=7999 epsilon=0.001 pca_components=10 SEED=47
[metaroom_2023 1/1 t=0s budget=210s] ./onnx/6cnn_ry_1_0_no_custom_OP.onnx + ./vnnlib/spec_idx_108_eps_0.00000436.vnnlib
    verdict=UNKNOWN  wall=171.7s

=== Sweep complete ===
Wrote /home/sasakis/v/tools/n2v/examples/FlowConformal/experiments/exp1_vnncomp_subset/outputs/exp1_metaroom_2023_hashemi_clipping_pca.csv
Total wall-clock: 2.9 min
Counts: {'UNSAT': 0, 'SAT': 0, 'UNKNOWN': 1, 'SKIPPED': 0, 'ERROR': 0, 'TIMEOUT': 0}
[run_cell   29/ 100 t= 4950s] idx=28   budget=210s (shell timeout=270s)
[metaroom_2023] running only idx=28; appending to /home/sasakis/v/tools/n2v/examples/FlowConformal/experiments/exp1_vnncomp_subset/outputs/exp1_metaroom_2023_hashemi_clipping_pca.csv
[metaroom_2023] Loaded 1 instances; writing to /home/sasakis/v/tools/n2v/examples/FlowConformal/experiments/exp1_vnncomp_subset/outputs/exp1_metaroom_2023_hashemi_clipping_pca.csv
[metaroom_2023] Hashemi-clipping+PCA config: m=8000 ell=7999 epsilon=0.001 pca_components=10 SEED=47
[metaroom_2023 1/1 t=0s budget=210s] ./onnx/6cnn_tz_52_8_no_custom_OP.onnx + ./vnnlib/spec_idx_187_eps_0.00001000.vnnlib
    verdict=UNSAT  wall=169.7s

=== Sweep complete ===
Wrote /home/sasakis/v/tools/n2v/examples/FlowConformal/experiments/exp1_vnncomp_subset/outputs/exp1_metaroom_2023_hashemi_clipping_pca.csv
Total wall-clock: 2.8 min
Counts: {'UNSAT': 1, 'SAT': 0, 'UNKNOWN': 0, 'SKIPPED': 0, 'ERROR': 0, 'TIMEOUT': 0}
[run_cell   30/ 100 t= 5124s] idx=29   budget=210s (shell timeout=270s)
[metaroom_2023] running only idx=29; appending to /home/sasakis/v/tools/n2v/examples/FlowConformal/experiments/exp1_vnncomp_subset/outputs/exp1_metaroom_2023_hashemi_clipping_pca.csv
[metaroom_2023] Loaded 1 instances; writing to /home/sasakis/v/tools/n2v/examples/FlowConformal/experiments/exp1_vnncomp_subset/outputs/exp1_metaroom_2023_hashemi_clipping_pca.csv
[metaroom_2023] Hashemi-clipping+PCA config: m=8000 ell=7999 epsilon=0.001 pca_components=10 SEED=47
[metaroom_2023 1/1 t=0s budget=210s] ./onnx/6cnn_ry_64_10_no_custom_OP.onnx + ./vnnlib/spec_idx_132_eps_0.00000436.vnnlib
    verdict=UNSAT  wall=167.2s

=== Sweep complete ===
Wrote /home/sasakis/v/tools/n2v/examples/FlowConformal/experiments/exp1_vnncomp_subset/outputs/exp1_metaroom_2023_hashemi_clipping_pca.csv
Total wall-clock: 2.8 min
Counts: {'UNSAT': 1, 'SAT': 0, 'UNKNOWN': 0, 'SKIPPED': 0, 'ERROR': 0, 'TIMEOUT': 0}
[run_cell   31/ 100 t= 5297s] idx=30   budget=210s (shell timeout=270s)
[metaroom_2023] running only idx=30; appending to /home/sasakis/v/tools/n2v/examples/FlowConformal/experiments/exp1_vnncomp_subset/outputs/exp1_metaroom_2023_hashemi_clipping_pca.csv
[metaroom_2023] Loaded 1 instances; writing to /home/sasakis/v/tools/n2v/examples/FlowConformal/experiments/exp1_vnncomp_subset/outputs/exp1_metaroom_2023_hashemi_clipping_pca.csv
[metaroom_2023] Hashemi-clipping+PCA config: m=8000 ell=7999 epsilon=0.001 pca_components=10 SEED=47
[metaroom_2023 1/1 t=0s budget=210s] ./onnx/6cnn_tz_49_8_no_custom_OP.onnx + ./vnnlib/spec_idx_185_eps_0.00001000.vnnlib
    verdict=UNSAT  wall=169.0s

=== Sweep complete ===
Wrote /home/sasakis/v/tools/n2v/examples/FlowConformal/experiments/exp1_vnncomp_subset/outputs/exp1_metaroom_2023_hashemi_clipping_pca.csv
Total wall-clock: 2.8 min
Counts: {'UNSAT': 1, 'SAT': 0, 'UNKNOWN': 0, 'SKIPPED': 0, 'ERROR': 0, 'TIMEOUT': 0}
[run_cell   32/ 100 t= 5471s] idx=31   budget=210s (shell timeout=270s)
[metaroom_2023] running only idx=31; appending to /home/sasakis/v/tools/n2v/examples/FlowConformal/experiments/exp1_vnncomp_subset/outputs/exp1_metaroom_2023_hashemi_clipping_pca.csv
[metaroom_2023] Loaded 1 instances; writing to /home/sasakis/v/tools/n2v/examples/FlowConformal/experiments/exp1_vnncomp_subset/outputs/exp1_metaroom_2023_hashemi_clipping_pca.csv
[metaroom_2023] Hashemi-clipping+PCA config: m=8000 ell=7999 epsilon=0.001 pca_components=10 SEED=47
[metaroom_2023 1/1 t=0s budget=210s] ./onnx/6cnn_ry_66_11_no_custom_OP.onnx + ./vnnlib/spec_idx_134_eps_0.00000436.vnnlib
    verdict=UNSAT  wall=167.4s

=== Sweep complete ===
Wrote /home/sasakis/v/tools/n2v/examples/FlowConformal/experiments/exp1_vnncomp_subset/outputs/exp1_metaroom_2023_hashemi_clipping_pca.csv
Total wall-clock: 2.8 min
Counts: {'UNSAT': 1, 'SAT': 0, 'UNKNOWN': 0, 'SKIPPED': 0, 'ERROR': 0, 'TIMEOUT': 0}
[run_cell   33/ 100 t= 5643s] idx=32   budget=210s (shell timeout=270s)
[metaroom_2023] running only idx=32; appending to /home/sasakis/v/tools/n2v/examples/FlowConformal/experiments/exp1_vnncomp_subset/outputs/exp1_metaroom_2023_hashemi_clipping_pca.csv
[metaroom_2023] Loaded 1 instances; writing to /home/sasakis/v/tools/n2v/examples/FlowConformal/experiments/exp1_vnncomp_subset/outputs/exp1_metaroom_2023_hashemi_clipping_pca.csv
[metaroom_2023] Hashemi-clipping+PCA config: m=8000 ell=7999 epsilon=0.001 pca_components=10 SEED=47
[metaroom_2023 1/1 t=0s budget=210s] ./onnx/4cnn_ry_20_3_no_custom_OP.onnx + ./vnnlib/spec_idx_7_eps_0.00000436.vnnlib
    verdict=UNSAT  wall=172.5s

=== Sweep complete ===
Wrote /home/sasakis/v/tools/n2v/examples/FlowConformal/experiments/exp1_vnncomp_subset/outputs/exp1_metaroom_2023_hashemi_clipping_pca.csv
Total wall-clock: 2.9 min
Counts: {'UNSAT': 1, 'SAT': 0, 'UNKNOWN': 0, 'SKIPPED': 0, 'ERROR': 0, 'TIMEOUT': 0}
[run_cell   34/ 100 t= 5821s] idx=33   budget=210s (shell timeout=270s)
[metaroom_2023] running only idx=33; appending to /home/sasakis/v/tools/n2v/examples/FlowConformal/experiments/exp1_vnncomp_subset/outputs/exp1_metaroom_2023_hashemi_clipping_pca.csv
[metaroom_2023] Loaded 1 instances; writing to /home/sasakis/v/tools/n2v/examples/FlowConformal/experiments/exp1_vnncomp_subset/outputs/exp1_metaroom_2023_hashemi_clipping_pca.csv
[metaroom_2023] Hashemi-clipping+PCA config: m=8000 ell=7999 epsilon=0.001 pca_components=10 SEED=47
[metaroom_2023 1/1 t=0s budget=210s] ./onnx/6cnn_tz_103_17_no_custom_OP.onnx + ./vnnlib/spec_idx_154_eps_0.00001000.vnnlib
    verdict=UNSAT  wall=169.7s

=== Sweep complete ===
Wrote /home/sasakis/v/tools/n2v/examples/FlowConformal/experiments/exp1_vnncomp_subset/outputs/exp1_metaroom_2023_hashemi_clipping_pca.csv
Total wall-clock: 2.8 min
Counts: {'UNSAT': 1, 'SAT': 0, 'UNKNOWN': 0, 'SKIPPED': 0, 'ERROR': 0, 'TIMEOUT': 0}
[run_cell   35/ 100 t= 5995s] idx=34   budget=210s (shell timeout=270s)
[metaroom_2023] running only idx=34; appending to /home/sasakis/v/tools/n2v/examples/FlowConformal/experiments/exp1_vnncomp_subset/outputs/exp1_metaroom_2023_hashemi_clipping_pca.csv
[metaroom_2023] Loaded 1 instances; writing to /home/sasakis/v/tools/n2v/examples/FlowConformal/experiments/exp1_vnncomp_subset/outputs/exp1_metaroom_2023_hashemi_clipping_pca.csv
[metaroom_2023] Hashemi-clipping+PCA config: m=8000 ell=7999 epsilon=0.001 pca_components=10 SEED=47
[metaroom_2023 1/1 t=0s budget=210s] ./onnx/4cnn_ry_44_7_no_custom_OP.onnx + ./vnnlib/spec_idx_21_eps_0.00000436.vnnlib
    verdict=UNSAT  wall=172.5s

=== Sweep complete ===
Wrote /home/sasakis/v/tools/n2v/examples/FlowConformal/experiments/exp1_vnncomp_subset/outputs/exp1_metaroom_2023_hashemi_clipping_pca.csv
Total wall-clock: 2.9 min
Counts: {'UNSAT': 1, 'SAT': 0, 'UNKNOWN': 0, 'SKIPPED': 0, 'ERROR': 0, 'TIMEOUT': 0}
[run_cell   36/ 100 t= 6173s] idx=35   budget=210s (shell timeout=270s)
[metaroom_2023] running only idx=35; appending to /home/sasakis/v/tools/n2v/examples/FlowConformal/experiments/exp1_vnncomp_subset/outputs/exp1_metaroom_2023_hashemi_clipping_pca.csv
[metaroom_2023] Loaded 1 instances; writing to /home/sasakis/v/tools/n2v/examples/FlowConformal/experiments/exp1_vnncomp_subset/outputs/exp1_metaroom_2023_hashemi_clipping_pca.csv
[metaroom_2023] Hashemi-clipping+PCA config: m=8000 ell=7999 epsilon=0.001 pca_components=10 SEED=47
[metaroom_2023 1/1 t=0s budget=210s] ./onnx/4cnn_ry_99_16_no_custom_OP.onnx + ./vnnlib/spec_idx_43_eps_0.00000436.vnnlib
    verdict=SAT  wall=3.2s

=== Sweep complete ===
Wrote /home/sasakis/v/tools/n2v/examples/FlowConformal/experiments/exp1_vnncomp_subset/outputs/exp1_metaroom_2023_hashemi_clipping_pca.csv
Total wall-clock: 0.1 min
Counts: {'UNSAT': 0, 'SAT': 1, 'UNKNOWN': 0, 'SKIPPED': 0, 'ERROR': 0, 'TIMEOUT': 0}
[run_cell   37/ 100 t= 6181s] idx=36   budget=210s (shell timeout=270s)
[metaroom_2023] running only idx=36; appending to /home/sasakis/v/tools/n2v/examples/FlowConformal/experiments/exp1_vnncomp_subset/outputs/exp1_metaroom_2023_hashemi_clipping_pca.csv
[metaroom_2023] Loaded 1 instances; writing to /home/sasakis/v/tools/n2v/examples/FlowConformal/experiments/exp1_vnncomp_subset/outputs/exp1_metaroom_2023_hashemi_clipping_pca.csv
[metaroom_2023] Hashemi-clipping+PCA config: m=8000 ell=7999 epsilon=0.001 pca_components=10 SEED=47
[metaroom_2023 1/1 t=0s budget=210s] ./onnx/4cnn_tz_19_3_no_custom_OP.onnx + ./vnnlib/spec_idx_51_eps_0.00001000.vnnlib
    verdict=UNSAT  wall=175.0s

=== Sweep complete ===
Wrote /home/sasakis/v/tools/n2v/examples/FlowConformal/experiments/exp1_vnncomp_subset/outputs/exp1_metaroom_2023_hashemi_clipping_pca.csv
Total wall-clock: 2.9 min
Counts: {'UNSAT': 1, 'SAT': 0, 'UNKNOWN': 0, 'SKIPPED': 0, 'ERROR': 0, 'TIMEOUT': 0}
[run_cell   38/ 100 t= 6361s] idx=37   budget=210s (shell timeout=270s)
[metaroom_2023] running only idx=37; appending to /home/sasakis/v/tools/n2v/examples/FlowConformal/experiments/exp1_vnncomp_subset/outputs/exp1_metaroom_2023_hashemi_clipping_pca.csv
[metaroom_2023] Loaded 1 instances; writing to /home/sasakis/v/tools/n2v/examples/FlowConformal/experiments/exp1_vnncomp_subset/outputs/exp1_metaroom_2023_hashemi_clipping_pca.csv
[metaroom_2023] Hashemi-clipping+PCA config: m=8000 ell=7999 epsilon=0.001 pca_components=10 SEED=47
[metaroom_2023 1/1 t=0s budget=210s] ./onnx/6cnn_tz_66_11_no_custom_OP.onnx + ./vnnlib/spec_idx_197_eps_0.00001000.vnnlib
    verdict=UNSAT  wall=172.6s

=== Sweep complete ===
Wrote /home/sasakis/v/tools/n2v/examples/FlowConformal/experiments/exp1_vnncomp_subset/outputs/exp1_metaroom_2023_hashemi_clipping_pca.csv
Total wall-clock: 2.9 min
Counts: {'UNSAT': 1, 'SAT': 0, 'UNKNOWN': 0, 'SKIPPED': 0, 'ERROR': 0, 'TIMEOUT': 0}
[run_cell   39/ 100 t= 6539s] idx=38   budget=210s (shell timeout=270s)
[metaroom_2023] running only idx=38; appending to /home/sasakis/v/tools/n2v/examples/FlowConformal/experiments/exp1_vnncomp_subset/outputs/exp1_metaroom_2023_hashemi_clipping_pca.csv
[metaroom_2023] Loaded 1 instances; writing to /home/sasakis/v/tools/n2v/examples/FlowConformal/experiments/exp1_vnncomp_subset/outputs/exp1_metaroom_2023_hashemi_clipping_pca.csv
[metaroom_2023] Hashemi-clipping+PCA config: m=8000 ell=7999 epsilon=0.001 pca_components=10 SEED=47
[metaroom_2023 1/1 t=0s budget=210s] ./onnx/6cnn_tz_0_0_no_custom_OP.onnx + ./vnnlib/spec_idx_152_eps_0.00001000.vnnlib
    verdict=UNSAT  wall=180.7s

=== Sweep complete ===
Wrote /home/sasakis/v/tools/n2v/examples/FlowConformal/experiments/exp1_vnncomp_subset/outputs/exp1_metaroom_2023_hashemi_clipping_pca.csv
Total wall-clock: 3.0 min
Counts: {'UNSAT': 1, 'SAT': 0, 'UNKNOWN': 0, 'SKIPPED': 0, 'ERROR': 0, 'TIMEOUT': 0}
[run_cell   40/ 100 t= 6724s] idx=39   budget=210s (shell timeout=270s)
[metaroom_2023] running only idx=39; appending to /home/sasakis/v/tools/n2v/examples/FlowConformal/experiments/exp1_vnncomp_subset/outputs/exp1_metaroom_2023_hashemi_clipping_pca.csv
[metaroom_2023] Loaded 1 instances; writing to /home/sasakis/v/tools/n2v/examples/FlowConformal/experiments/exp1_vnncomp_subset/outputs/exp1_metaroom_2023_hashemi_clipping_pca.csv
[metaroom_2023] Hashemi-clipping+PCA config: m=8000 ell=7999 epsilon=0.001 pca_components=10 SEED=47
[metaroom_2023 1/1 t=0s budget=210s] ./onnx/6cnn_tz_118_19_no_custom_OP.onnx + ./vnnlib/spec_idx_162_eps_0.00001000.vnnlib
    verdict=UNSAT  wall=170.0s

=== Sweep complete ===
Wrote /home/sasakis/v/tools/n2v/examples/FlowConformal/experiments/exp1_vnncomp_subset/outputs/exp1_metaroom_2023_hashemi_clipping_pca.csv
Total wall-clock: 2.8 min
Counts: {'UNSAT': 1, 'SAT': 0, 'UNKNOWN': 0, 'SKIPPED': 0, 'ERROR': 0, 'TIMEOUT': 0}
[run_cell   41/ 100 t= 6899s] idx=40   budget=210s (shell timeout=270s)
[metaroom_2023] running only idx=40; appending to /home/sasakis/v/tools/n2v/examples/FlowConformal/experiments/exp1_vnncomp_subset/outputs/exp1_metaroom_2023_hashemi_clipping_pca.csv
[metaroom_2023] Loaded 1 instances; writing to /home/sasakis/v/tools/n2v/examples/FlowConformal/experiments/exp1_vnncomp_subset/outputs/exp1_metaroom_2023_hashemi_clipping_pca.csv
[metaroom_2023] Hashemi-clipping+PCA config: m=8000 ell=7999 epsilon=0.001 pca_components=10 SEED=47
[metaroom_2023 1/1 t=0s budget=210s] ./onnx/6cnn_tz_67_11_no_custom_OP.onnx + ./vnnlib/spec_idx_198_eps_0.00001000.vnnlib
    verdict=UNSAT  wall=170.7s

=== Sweep complete ===
Wrote /home/sasakis/v/tools/n2v/examples/FlowConformal/experiments/exp1_vnncomp_subset/outputs/exp1_metaroom_2023_hashemi_clipping_pca.csv
Total wall-clock: 2.8 min
Counts: {'UNSAT': 1, 'SAT': 0, 'UNKNOWN': 0, 'SKIPPED': 0, 'ERROR': 0, 'TIMEOUT': 0}
[run_cell   42/ 100 t= 7075s] idx=41   budget=210s (shell timeout=270s)
[metaroom_2023] running only idx=41; appending to /home/sasakis/v/tools/n2v/examples/FlowConformal/experiments/exp1_vnncomp_subset/outputs/exp1_metaroom_2023_hashemi_clipping_pca.csv
[metaroom_2023] Loaded 1 instances; writing to /home/sasakis/v/tools/n2v/examples/FlowConformal/experiments/exp1_vnncomp_subset/outputs/exp1_metaroom_2023_hashemi_clipping_pca.csv
[metaroom_2023] Hashemi-clipping+PCA config: m=8000 ell=7999 epsilon=0.001 pca_components=10 SEED=47
[metaroom_2023 1/1 t=0s budget=210s] ./onnx/6cnn_tz_21_3_no_custom_OP.onnx + ./vnnlib/spec_idx_170_eps_0.00001000.vnnlib
    verdict=UNSAT  wall=167.4s

=== Sweep complete ===
Wrote /home/sasakis/v/tools/n2v/examples/FlowConformal/experiments/exp1_vnncomp_subset/outputs/exp1_metaroom_2023_hashemi_clipping_pca.csv
Total wall-clock: 2.8 min
Counts: {'UNSAT': 1, 'SAT': 0, 'UNKNOWN': 0, 'SKIPPED': 0, 'ERROR': 0, 'TIMEOUT': 0}
[run_cell   43/ 100 t= 7248s] idx=42   budget=210s (shell timeout=270s)
[metaroom_2023] running only idx=42; appending to /home/sasakis/v/tools/n2v/examples/FlowConformal/experiments/exp1_vnncomp_subset/outputs/exp1_metaroom_2023_hashemi_clipping_pca.csv
[metaroom_2023] Loaded 1 instances; writing to /home/sasakis/v/tools/n2v/examples/FlowConformal/experiments/exp1_vnncomp_subset/outputs/exp1_metaroom_2023_hashemi_clipping_pca.csv
[metaroom_2023] Hashemi-clipping+PCA config: m=8000 ell=7999 epsilon=0.001 pca_components=10 SEED=47
[metaroom_2023 1/1 t=0s budget=210s] ./onnx/4cnn_tz_1_0_no_custom_OP.onnx + ./vnnlib/spec_idx_52_eps_0.00001000.vnnlib
    verdict=UNSAT  wall=175.0s

=== Sweep complete ===
Wrote /home/sasakis/v/tools/n2v/examples/FlowConformal/experiments/exp1_vnncomp_subset/outputs/exp1_metaroom_2023_hashemi_clipping_pca.csv
Total wall-clock: 2.9 min
Counts: {'UNSAT': 1, 'SAT': 0, 'UNKNOWN': 0, 'SKIPPED': 0, 'ERROR': 0, 'TIMEOUT': 0}
[run_cell   44/ 100 t= 7428s] idx=43   budget=210s (shell timeout=270s)
[metaroom_2023] running only idx=43; appending to /home/sasakis/v/tools/n2v/examples/FlowConformal/experiments/exp1_vnncomp_subset/outputs/exp1_metaroom_2023_hashemi_clipping_pca.csv
[metaroom_2023] Loaded 1 instances; writing to /home/sasakis/v/tools/n2v/examples/FlowConformal/experiments/exp1_vnncomp_subset/outputs/exp1_metaroom_2023_hashemi_clipping_pca.csv
[metaroom_2023] Hashemi-clipping+PCA config: m=8000 ell=7999 epsilon=0.001 pca_components=10 SEED=47
[metaroom_2023 1/1 t=0s budget=210s] ./onnx/4cnn_ry_48_8_no_custom_OP.onnx + ./vnnlib/spec_idx_24_eps_0.00000436.vnnlib
    verdict=UNSAT  wall=172.8s

=== Sweep complete ===
Wrote /home/sasakis/v/tools/n2v/examples/FlowConformal/experiments/exp1_vnncomp_subset/outputs/exp1_metaroom_2023_hashemi_clipping_pca.csv
Total wall-clock: 2.9 min
Counts: {'UNSAT': 1, 'SAT': 0, 'UNKNOWN': 0, 'SKIPPED': 0, 'ERROR': 0, 'TIMEOUT': 0}
[run_cell   45/ 100 t= 7605s] idx=44   budget=210s (shell timeout=270s)
[metaroom_2023] running only idx=44; appending to /home/sasakis/v/tools/n2v/examples/FlowConformal/experiments/exp1_vnncomp_subset/outputs/exp1_metaroom_2023_hashemi_clipping_pca.csv
[metaroom_2023] Loaded 1 instances; writing to /home/sasakis/v/tools/n2v/examples/FlowConformal/experiments/exp1_vnncomp_subset/outputs/exp1_metaroom_2023_hashemi_clipping_pca.csv
[metaroom_2023] Hashemi-clipping+PCA config: m=8000 ell=7999 epsilon=0.001 pca_components=10 SEED=47
[metaroom_2023 1/1 t=0s budget=210s] ./onnx/4cnn_ry_61_10_no_custom_OP.onnx + ./vnnlib/spec_idx_31_eps_0.00000436.vnnlib
    verdict=UNKNOWN  wall=173.0s

=== Sweep complete ===
Wrote /home/sasakis/v/tools/n2v/examples/FlowConformal/experiments/exp1_vnncomp_subset/outputs/exp1_metaroom_2023_hashemi_clipping_pca.csv
Total wall-clock: 2.9 min
Counts: {'UNSAT': 0, 'SAT': 0, 'UNKNOWN': 1, 'SKIPPED': 0, 'ERROR': 0, 'TIMEOUT': 0}
[run_cell   46/ 100 t= 7783s] idx=45   budget=210s (shell timeout=270s)
[metaroom_2023] running only idx=45; appending to /home/sasakis/v/tools/n2v/examples/FlowConformal/experiments/exp1_vnncomp_subset/outputs/exp1_metaroom_2023_hashemi_clipping_pca.csv
[metaroom_2023] Loaded 1 instances; writing to /home/sasakis/v/tools/n2v/examples/FlowConformal/experiments/exp1_vnncomp_subset/outputs/exp1_metaroom_2023_hashemi_clipping_pca.csv
[metaroom_2023] Hashemi-clipping+PCA config: m=8000 ell=7999 epsilon=0.001 pca_components=10 SEED=47
[metaroom_2023 1/1 t=0s budget=210s] ./onnx/6cnn_ry_81_13_no_custom_OP.onnx + ./vnnlib/spec_idx_144_eps_0.00000436.vnnlib
    verdict=SAT  wall=3.4s

=== Sweep complete ===
Wrote /home/sasakis/v/tools/n2v/examples/FlowConformal/experiments/exp1_vnncomp_subset/outputs/exp1_metaroom_2023_hashemi_clipping_pca.csv
Total wall-clock: 0.1 min
Counts: {'UNSAT': 0, 'SAT': 1, 'UNKNOWN': 0, 'SKIPPED': 0, 'ERROR': 0, 'TIMEOUT': 0}
[run_cell   47/ 100 t= 7792s] idx=46   budget=210s (shell timeout=270s)
[metaroom_2023] running only idx=46; appending to /home/sasakis/v/tools/n2v/examples/FlowConformal/experiments/exp1_vnncomp_subset/outputs/exp1_metaroom_2023_hashemi_clipping_pca.csv
[metaroom_2023] Loaded 1 instances; writing to /home/sasakis/v/tools/n2v/examples/FlowConformal/experiments/exp1_vnncomp_subset/outputs/exp1_metaroom_2023_hashemi_clipping_pca.csv
[metaroom_2023] Hashemi-clipping+PCA config: m=8000 ell=7999 epsilon=0.001 pca_components=10 SEED=47
[metaroom_2023 1/1 t=0s budget=210s] ./onnx/6cnn_tz_38_6_no_custom_OP.onnx + ./vnnlib/spec_idx_179_eps_0.00001000.vnnlib
    verdict=UNSAT  wall=170.2s

=== Sweep complete ===
Wrote /home/sasakis/v/tools/n2v/examples/FlowConformal/experiments/exp1_vnncomp_subset/outputs/exp1_metaroom_2023_hashemi_clipping_pca.csv
Total wall-clock: 2.8 min
Counts: {'UNSAT': 1, 'SAT': 0, 'UNKNOWN': 0, 'SKIPPED': 0, 'ERROR': 0, 'TIMEOUT': 0}
[run_cell   48/ 100 t= 7967s] idx=47   budget=210s (shell timeout=270s)
[metaroom_2023] running only idx=47; appending to /home/sasakis/v/tools/n2v/examples/FlowConformal/experiments/exp1_vnncomp_subset/outputs/exp1_metaroom_2023_hashemi_clipping_pca.csv
[metaroom_2023] Loaded 1 instances; writing to /home/sasakis/v/tools/n2v/examples/FlowConformal/experiments/exp1_vnncomp_subset/outputs/exp1_metaroom_2023_hashemi_clipping_pca.csv
[metaroom_2023] Hashemi-clipping+PCA config: m=8000 ell=7999 epsilon=0.001 pca_components=10 SEED=47
[metaroom_2023 1/1 t=0s budget=210s] ./onnx/6cnn_ry_53_8_no_custom_OP.onnx + ./vnnlib/spec_idx_127_eps_0.00000436.vnnlib
    verdict=UNSAT  wall=170.3s

=== Sweep complete ===
Wrote /home/sasakis/v/tools/n2v/examples/FlowConformal/experiments/exp1_vnncomp_subset/outputs/exp1_metaroom_2023_hashemi_clipping_pca.csv
Total wall-clock: 2.8 min
Counts: {'UNSAT': 1, 'SAT': 0, 'UNKNOWN': 0, 'SKIPPED': 0, 'ERROR': 0, 'TIMEOUT': 0}
[run_cell   49/ 100 t= 8142s] idx=48   budget=210s (shell timeout=270s)
[metaroom_2023] running only idx=48; appending to /home/sasakis/v/tools/n2v/examples/FlowConformal/experiments/exp1_vnncomp_subset/outputs/exp1_metaroom_2023_hashemi_clipping_pca.csv
[metaroom_2023] Loaded 1 instances; writing to /home/sasakis/v/tools/n2v/examples/FlowConformal/experiments/exp1_vnncomp_subset/outputs/exp1_metaroom_2023_hashemi_clipping_pca.csv
[metaroom_2023] Hashemi-clipping+PCA config: m=8000 ell=7999 epsilon=0.001 pca_components=10 SEED=47
[metaroom_2023 1/1 t=0s budget=210s] ./onnx/6cnn_tz_94_15_no_custom_OP.onnx + ./vnnlib/spec_idx_209_eps_0.00001000.vnnlib
    verdict=UNSAT  wall=169.4s

=== Sweep complete ===
Wrote /home/sasakis/v/tools/n2v/examples/FlowConformal/experiments/exp1_vnncomp_subset/outputs/exp1_metaroom_2023_hashemi_clipping_pca.csv
Total wall-clock: 2.8 min
Counts: {'UNSAT': 1, 'SAT': 0, 'UNKNOWN': 0, 'SKIPPED': 0, 'ERROR': 0, 'TIMEOUT': 0}
[run_cell   50/ 100 t= 8317s] idx=49   budget=210s (shell timeout=270s)
[metaroom_2023] running only idx=49; appending to /home/sasakis/v/tools/n2v/examples/FlowConformal/experiments/exp1_vnncomp_subset/outputs/exp1_metaroom_2023_hashemi_clipping_pca.csv
[metaroom_2023] Loaded 1 instances; writing to /home/sasakis/v/tools/n2v/examples/FlowConformal/experiments/exp1_vnncomp_subset/outputs/exp1_metaroom_2023_hashemi_clipping_pca.csv
[metaroom_2023] Hashemi-clipping+PCA config: m=8000 ell=7999 epsilon=0.001 pca_components=10 SEED=47
[metaroom_2023 1/1 t=0s budget=210s] ./onnx/6cnn_ry_68_11_no_custom_OP.onnx + ./vnnlib/spec_idx_136_eps_0.00000436.vnnlib
    verdict=UNSAT  wall=180.5s

=== Sweep complete ===
Wrote /home/sasakis/v/tools/n2v/examples/FlowConformal/experiments/exp1_vnncomp_subset/outputs/exp1_metaroom_2023_hashemi_clipping_pca.csv
Total wall-clock: 3.0 min
Counts: {'UNSAT': 1, 'SAT': 0, 'UNKNOWN': 0, 'SKIPPED': 0, 'ERROR': 0, 'TIMEOUT': 0}
[run_cell   51/ 100 t= 8502s] idx=50   budget=210s (shell timeout=270s)
[metaroom_2023] running only idx=50; appending to /home/sasakis/v/tools/n2v/examples/FlowConformal/experiments/exp1_vnncomp_subset/outputs/exp1_metaroom_2023_hashemi_clipping_pca.csv
[metaroom_2023] Loaded 1 instances; writing to /home/sasakis/v/tools/n2v/examples/FlowConformal/experiments/exp1_vnncomp_subset/outputs/exp1_metaroom_2023_hashemi_clipping_pca.csv
[metaroom_2023] Hashemi-clipping+PCA config: m=8000 ell=7999 epsilon=0.001 pca_components=10 SEED=47
[metaroom_2023 1/1 t=0s budget=210s] ./onnx/6cnn_ry_54_9_no_custom_OP.onnx + ./vnnlib/spec_idx_128_eps_0.00000436.vnnlib
    verdict=UNSAT  wall=165.6s

=== Sweep complete ===
Wrote /home/sasakis/v/tools/n2v/examples/FlowConformal/experiments/exp1_vnncomp_subset/outputs/exp1_metaroom_2023_hashemi_clipping_pca.csv
Total wall-clock: 2.8 min
Counts: {'UNSAT': 1, 'SAT': 0, 'UNKNOWN': 0, 'SKIPPED': 0, 'ERROR': 0, 'TIMEOUT': 0}
[run_cell   52/ 100 t= 8673s] idx=51   budget=210s (shell timeout=270s)
[metaroom_2023] running only idx=51; appending to /home/sasakis/v/tools/n2v/examples/FlowConformal/experiments/exp1_vnncomp_subset/outputs/exp1_metaroom_2023_hashemi_clipping_pca.csv
[metaroom_2023] Loaded 1 instances; writing to /home/sasakis/v/tools/n2v/examples/FlowConformal/experiments/exp1_vnncomp_subset/outputs/exp1_metaroom_2023_hashemi_clipping_pca.csv
[metaroom_2023] Hashemi-clipping+PCA config: m=8000 ell=7999 epsilon=0.001 pca_components=10 SEED=47
[metaroom_2023 1/1 t=0s budget=210s] ./onnx/4cnn_ry_30_5_no_custom_OP.onnx + ./vnnlib/spec_idx_9_eps_0.00000436.vnnlib
    verdict=UNSAT  wall=173.2s

=== Sweep complete ===
Wrote /home/sasakis/v/tools/n2v/examples/FlowConformal/experiments/exp1_vnncomp_subset/outputs/exp1_metaroom_2023_hashemi_clipping_pca.csv
Total wall-clock: 2.9 min
Counts: {'UNSAT': 1, 'SAT': 0, 'UNKNOWN': 0, 'SKIPPED': 0, 'ERROR': 0, 'TIMEOUT': 0}
[run_cell   53/ 100 t= 8851s] idx=52   budget=210s (shell timeout=270s)
[metaroom_2023] running only idx=52; appending to /home/sasakis/v/tools/n2v/examples/FlowConformal/experiments/exp1_vnncomp_subset/outputs/exp1_metaroom_2023_hashemi_clipping_pca.csv
[metaroom_2023] Loaded 1 instances; writing to /home/sasakis/v/tools/n2v/examples/FlowConformal/experiments/exp1_vnncomp_subset/outputs/exp1_metaroom_2023_hashemi_clipping_pca.csv
[metaroom_2023] Hashemi-clipping+PCA config: m=8000 ell=7999 epsilon=0.001 pca_components=10 SEED=47
[metaroom_2023 1/1 t=0s budget=210s] ./onnx/6cnn_ry_18_3_no_custom_OP.onnx + ./vnnlib/spec_idx_107_eps_0.00000436.vnnlib
    verdict=UNSAT  wall=166.5s

=== Sweep complete ===
Wrote /home/sasakis/v/tools/n2v/examples/FlowConformal/experiments/exp1_vnncomp_subset/outputs/exp1_metaroom_2023_hashemi_clipping_pca.csv
Total wall-clock: 2.8 min
Counts: {'UNSAT': 1, 'SAT': 0, 'UNKNOWN': 0, 'SKIPPED': 0, 'ERROR': 0, 'TIMEOUT': 0}
[run_cell   54/ 100 t= 9023s] idx=53   budget=210s (shell timeout=270s)
[metaroom_2023] running only idx=53; appending to /home/sasakis/v/tools/n2v/examples/FlowConformal/experiments/exp1_vnncomp_subset/outputs/exp1_metaroom_2023_hashemi_clipping_pca.csv
[metaroom_2023] Loaded 1 instances; writing to /home/sasakis/v/tools/n2v/examples/FlowConformal/experiments/exp1_vnncomp_subset/outputs/exp1_metaroom_2023_hashemi_clipping_pca.csv
[metaroom_2023] Hashemi-clipping+PCA config: m=8000 ell=7999 epsilon=0.001 pca_components=10 SEED=47
[metaroom_2023 1/1 t=0s budget=210s] ./onnx/6cnn_tz_54_9_no_custom_OP.onnx + ./vnnlib/spec_idx_189_eps_0.00001000.vnnlib
    verdict=UNSAT  wall=172.2s

=== Sweep complete ===
Wrote /home/sasakis/v/tools/n2v/examples/FlowConformal/experiments/exp1_vnncomp_subset/outputs/exp1_metaroom_2023_hashemi_clipping_pca.csv
Total wall-clock: 2.9 min
Counts: {'UNSAT': 1, 'SAT': 0, 'UNKNOWN': 0, 'SKIPPED': 0, 'ERROR': 0, 'TIMEOUT': 0}
[run_cell   55/ 100 t= 9200s] idx=54   budget=210s (shell timeout=270s)
[metaroom_2023] running only idx=54; appending to /home/sasakis/v/tools/n2v/examples/FlowConformal/experiments/exp1_vnncomp_subset/outputs/exp1_metaroom_2023_hashemi_clipping_pca.csv
[metaroom_2023] Loaded 1 instances; writing to /home/sasakis/v/tools/n2v/examples/FlowConformal/experiments/exp1_vnncomp_subset/outputs/exp1_metaroom_2023_hashemi_clipping_pca.csv
[metaroom_2023] Hashemi-clipping+PCA config: m=8000 ell=7999 epsilon=0.001 pca_components=10 SEED=47
[metaroom_2023 1/1 t=0s budget=210s] ./onnx/6cnn_tz_113_18_no_custom_OP.onnx + ./vnnlib/spec_idx_159_eps_0.00001000.vnnlib
    verdict=UNSAT  wall=169.2s

=== Sweep complete ===
Wrote /home/sasakis/v/tools/n2v/examples/FlowConformal/experiments/exp1_vnncomp_subset/outputs/exp1_metaroom_2023_hashemi_clipping_pca.csv
Total wall-clock: 2.8 min
Counts: {'UNSAT': 1, 'SAT': 0, 'UNKNOWN': 0, 'SKIPPED': 0, 'ERROR': 0, 'TIMEOUT': 0}
[run_cell   56/ 100 t= 9374s] idx=55   budget=210s (shell timeout=270s)
[metaroom_2023] running only idx=55; appending to /home/sasakis/v/tools/n2v/examples/FlowConformal/experiments/exp1_vnncomp_subset/outputs/exp1_metaroom_2023_hashemi_clipping_pca.csv
[metaroom_2023] Loaded 1 instances; writing to /home/sasakis/v/tools/n2v/examples/FlowConformal/experiments/exp1_vnncomp_subset/outputs/exp1_metaroom_2023_hashemi_clipping_pca.csv
[metaroom_2023] Hashemi-clipping+PCA config: m=8000 ell=7999 epsilon=0.001 pca_components=10 SEED=47
[metaroom_2023 1/1 t=0s budget=210s] ./onnx/4cnn_ry_79_13_no_custom_OP.onnx + ./vnnlib/spec_idx_38_eps_0.00000436.vnnlib
    verdict=UNSAT  wall=173.5s

=== Sweep complete ===
Wrote /home/sasakis/v/tools/n2v/examples/FlowConformal/experiments/exp1_vnncomp_subset/outputs/exp1_metaroom_2023_hashemi_clipping_pca.csv
Total wall-clock: 2.9 min
Counts: {'UNSAT': 1, 'SAT': 0, 'UNKNOWN': 0, 'SKIPPED': 0, 'ERROR': 0, 'TIMEOUT': 0}
[run_cell   57/ 100 t= 9552s] idx=56   budget=210s (shell timeout=270s)
[metaroom_2023] running only idx=56; appending to /home/sasakis/v/tools/n2v/examples/FlowConformal/experiments/exp1_vnncomp_subset/outputs/exp1_metaroom_2023_hashemi_clipping_pca.csv
[metaroom_2023] Loaded 1 instances; writing to /home/sasakis/v/tools/n2v/examples/FlowConformal/experiments/exp1_vnncomp_subset/outputs/exp1_metaroom_2023_hashemi_clipping_pca.csv
[metaroom_2023] Hashemi-clipping+PCA config: m=8000 ell=7999 epsilon=0.001 pca_components=10 SEED=47
[metaroom_2023 1/1 t=0s budget=210s] ./onnx/6cnn_tz_22_3_no_custom_OP.onnx + ./vnnlib/spec_idx_171_eps_0.00001000.vnnlib
    verdict=UNSAT  wall=169.3s

=== Sweep complete ===
Wrote /home/sasakis/v/tools/n2v/examples/FlowConformal/experiments/exp1_vnncomp_subset/outputs/exp1_metaroom_2023_hashemi_clipping_pca.csv
Total wall-clock: 2.8 min
Counts: {'UNSAT': 1, 'SAT': 0, 'UNKNOWN': 0, 'SKIPPED': 0, 'ERROR': 0, 'TIMEOUT': 0}
[run_cell   58/ 100 t= 9727s] idx=57   budget=210s (shell timeout=270s)
[metaroom_2023] running only idx=57; appending to /home/sasakis/v/tools/n2v/examples/FlowConformal/experiments/exp1_vnncomp_subset/outputs/exp1_metaroom_2023_hashemi_clipping_pca.csv
[metaroom_2023] Loaded 1 instances; writing to /home/sasakis/v/tools/n2v/examples/FlowConformal/experiments/exp1_vnncomp_subset/outputs/exp1_metaroom_2023_hashemi_clipping_pca.csv
[metaroom_2023] Hashemi-clipping+PCA config: m=8000 ell=7999 epsilon=0.001 pca_components=10 SEED=47
[metaroom_2023 1/1 t=0s budget=210s] ./onnx/4cnn_ry_19_3_no_custom_OP.onnx + ./vnnlib/spec_idx_5_eps_0.00000436.vnnlib
    verdict=UNSAT  wall=172.8s

=== Sweep complete ===
Wrote /home/sasakis/v/tools/n2v/examples/FlowConformal/experiments/exp1_vnncomp_subset/outputs/exp1_metaroom_2023_hashemi_clipping_pca.csv
Total wall-clock: 2.9 min
Counts: {'UNSAT': 1, 'SAT': 0, 'UNKNOWN': 0, 'SKIPPED': 0, 'ERROR': 0, 'TIMEOUT': 0}
[run_cell   59/ 100 t= 9905s] idx=58   budget=210s (shell timeout=270s)
[metaroom_2023] running only idx=58; appending to /home/sasakis/v/tools/n2v/examples/FlowConformal/experiments/exp1_vnncomp_subset/outputs/exp1_metaroom_2023_hashemi_clipping_pca.csv
[metaroom_2023] Loaded 1 instances; writing to /home/sasakis/v/tools/n2v/examples/FlowConformal/experiments/exp1_vnncomp_subset/outputs/exp1_metaroom_2023_hashemi_clipping_pca.csv
[metaroom_2023] Hashemi-clipping+PCA config: m=8000 ell=7999 epsilon=0.001 pca_components=10 SEED=47
[metaroom_2023 1/1 t=0s budget=210s] ./onnx/4cnn_tz_94_15_no_custom_OP.onnx + ./vnnlib/spec_idx_90_eps_0.00001000.vnnlib
    verdict=UNSAT  wall=172.3s

=== Sweep complete ===
Wrote /home/sasakis/v/tools/n2v/examples/FlowConformal/experiments/exp1_vnncomp_subset/outputs/exp1_metaroom_2023_hashemi_clipping_pca.csv
Total wall-clock: 2.9 min
Counts: {'UNSAT': 1, 'SAT': 0, 'UNKNOWN': 0, 'SKIPPED': 0, 'ERROR': 0, 'TIMEOUT': 0}
[run_cell   60/ 100 t=10082s] idx=59   budget=210s (shell timeout=270s)
[metaroom_2023] running only idx=59; appending to /home/sasakis/v/tools/n2v/examples/FlowConformal/experiments/exp1_vnncomp_subset/outputs/exp1_metaroom_2023_hashemi_clipping_pca.csv
[metaroom_2023] Loaded 1 instances; writing to /home/sasakis/v/tools/n2v/examples/FlowConformal/experiments/exp1_vnncomp_subset/outputs/exp1_metaroom_2023_hashemi_clipping_pca.csv
[metaroom_2023] Hashemi-clipping+PCA config: m=8000 ell=7999 epsilon=0.001 pca_components=10 SEED=47
[metaroom_2023 1/1 t=0s budget=210s] ./onnx/6cnn_tz_10_1_no_custom_OP.onnx + ./vnnlib/spec_idx_158_eps_0.00001000.vnnlib
    verdict=UNSAT  wall=169.3s

=== Sweep complete ===
Wrote /home/sasakis/v/tools/n2v/examples/FlowConformal/experiments/exp1_vnncomp_subset/outputs/exp1_metaroom_2023_hashemi_clipping_pca.csv
Total wall-clock: 2.8 min
Counts: {'UNSAT': 1, 'SAT': 0, 'UNKNOWN': 0, 'SKIPPED': 0, 'ERROR': 0, 'TIMEOUT': 0}
[run_cell   61/ 100 t=10256s] idx=60   budget=210s (shell timeout=270s)
[metaroom_2023] running only idx=60; appending to /home/sasakis/v/tools/n2v/examples/FlowConformal/experiments/exp1_vnncomp_subset/outputs/exp1_metaroom_2023_hashemi_clipping_pca.csv
[metaroom_2023] Loaded 1 instances; writing to /home/sasakis/v/tools/n2v/examples/FlowConformal/experiments/exp1_vnncomp_subset/outputs/exp1_metaroom_2023_hashemi_clipping_pca.csv
[metaroom_2023] Hashemi-clipping+PCA config: m=8000 ell=7999 epsilon=0.001 pca_components=10 SEED=47
[metaroom_2023 1/1 t=0s budget=210s] ./onnx/6cnn_ry_35_5_no_custom_OP.onnx + ./vnnlib/spec_idx_115_eps_0.00000436.vnnlib
    verdict=UNSAT  wall=169.2s

=== Sweep complete ===
Wrote /home/sasakis/v/tools/n2v/examples/FlowConformal/experiments/exp1_vnncomp_subset/outputs/exp1_metaroom_2023_hashemi_clipping_pca.csv
Total wall-clock: 2.8 min
Counts: {'UNSAT': 1, 'SAT': 0, 'UNKNOWN': 0, 'SKIPPED': 0, 'ERROR': 0, 'TIMEOUT': 0}
[run_cell   62/ 100 t=10431s] idx=61   budget=210s (shell timeout=270s)
[metaroom_2023] running only idx=61; appending to /home/sasakis/v/tools/n2v/examples/FlowConformal/experiments/exp1_vnncomp_subset/outputs/exp1_metaroom_2023_hashemi_clipping_pca.csv
[metaroom_2023] Loaded 1 instances; writing to /home/sasakis/v/tools/n2v/examples/FlowConformal/experiments/exp1_vnncomp_subset/outputs/exp1_metaroom_2023_hashemi_clipping_pca.csv
[metaroom_2023] Hashemi-clipping+PCA config: m=8000 ell=7999 epsilon=0.001 pca_components=10 SEED=47
[metaroom_2023 1/1 t=0s budget=210s] ./onnx/4cnn_ry_58_9_no_custom_OP.onnx + ./vnnlib/spec_idx_29_eps_0.00000436.vnnlib
    verdict=UNKNOWN  wall=171.6s

=== Sweep complete ===
Wrote /home/sasakis/v/tools/n2v/examples/FlowConformal/experiments/exp1_vnncomp_subset/outputs/exp1_metaroom_2023_hashemi_clipping_pca.csv
Total wall-clock: 2.9 min
Counts: {'UNSAT': 0, 'SAT': 0, 'UNKNOWN': 1, 'SKIPPED': 0, 'ERROR': 0, 'TIMEOUT': 0}
[run_cell   63/ 100 t=10607s] idx=62   budget=210s (shell timeout=270s)
[metaroom_2023] running only idx=62; appending to /home/sasakis/v/tools/n2v/examples/FlowConformal/experiments/exp1_vnncomp_subset/outputs/exp1_metaroom_2023_hashemi_clipping_pca.csv
[metaroom_2023] Loaded 1 instances; writing to /home/sasakis/v/tools/n2v/examples/FlowConformal/experiments/exp1_vnncomp_subset/outputs/exp1_metaroom_2023_hashemi_clipping_pca.csv
[metaroom_2023] Hashemi-clipping+PCA config: m=8000 ell=7999 epsilon=0.001 pca_components=10 SEED=47
[metaroom_2023 1/1 t=0s budget=210s] ./onnx/4cnn_tz_103_17_no_custom_OP.onnx + ./vnnlib/spec_idx_47_eps_0.00001000.vnnlib
    verdict=UNSAT  wall=173.7s

=== Sweep complete ===
Wrote /home/sasakis/v/tools/n2v/examples/FlowConformal/experiments/exp1_vnncomp_subset/outputs/exp1_metaroom_2023_hashemi_clipping_pca.csv
Total wall-clock: 2.9 min
Counts: {'UNSAT': 1, 'SAT': 0, 'UNKNOWN': 0, 'SKIPPED': 0, 'ERROR': 0, 'TIMEOUT': 0}
[run_cell   64/ 100 t=10786s] idx=63   budget=210s (shell timeout=270s)
[metaroom_2023] running only idx=63; appending to /home/sasakis/v/tools/n2v/examples/FlowConformal/experiments/exp1_vnncomp_subset/outputs/exp1_metaroom_2023_hashemi_clipping_pca.csv
[metaroom_2023] Loaded 1 instances; writing to /home/sasakis/v/tools/n2v/examples/FlowConformal/experiments/exp1_vnncomp_subset/outputs/exp1_metaroom_2023_hashemi_clipping_pca.csv
[metaroom_2023] Hashemi-clipping+PCA config: m=8000 ell=7999 epsilon=0.001 pca_components=10 SEED=47
[metaroom_2023 1/1 t=0s budget=210s] ./onnx/6cnn_tz_78_13_no_custom_OP.onnx + ./vnnlib/spec_idx_204_eps_0.00001000.vnnlib
    verdict=UNSAT  wall=171.7s

=== Sweep complete ===
Wrote /home/sasakis/v/tools/n2v/examples/FlowConformal/experiments/exp1_vnncomp_subset/outputs/exp1_metaroom_2023_hashemi_clipping_pca.csv
Total wall-clock: 2.9 min
Counts: {'UNSAT': 1, 'SAT': 0, 'UNKNOWN': 0, 'SKIPPED': 0, 'ERROR': 0, 'TIMEOUT': 0}
[run_cell   65/ 100 t=10963s] idx=64   budget=210s (shell timeout=270s)
[metaroom_2023] running only idx=64; appending to /home/sasakis/v/tools/n2v/examples/FlowConformal/experiments/exp1_vnncomp_subset/outputs/exp1_metaroom_2023_hashemi_clipping_pca.csv
[metaroom_2023] Loaded 1 instances; writing to /home/sasakis/v/tools/n2v/examples/FlowConformal/experiments/exp1_vnncomp_subset/outputs/exp1_metaroom_2023_hashemi_clipping_pca.csv
[metaroom_2023] Hashemi-clipping+PCA config: m=8000 ell=7999 epsilon=0.001 pca_components=10 SEED=47
[metaroom_2023 1/1 t=0s budget=210s] ./onnx/6cnn_tz_6_1_no_custom_OP.onnx + ./vnnlib/spec_idx_200_eps_0.00001000.vnnlib
    verdict=UNSAT  wall=171.6s

=== Sweep complete ===
Wrote /home/sasakis/v/tools/n2v/examples/FlowConformal/experiments/exp1_vnncomp_subset/outputs/exp1_metaroom_2023_hashemi_clipping_pca.csv
Total wall-clock: 2.9 min
Counts: {'UNSAT': 1, 'SAT': 0, 'UNKNOWN': 0, 'SKIPPED': 0, 'ERROR': 0, 'TIMEOUT': 0}
[run_cell   66/ 100 t=11139s] idx=65   budget=210s (shell timeout=270s)
[metaroom_2023] running only idx=65; appending to /home/sasakis/v/tools/n2v/examples/FlowConformal/experiments/exp1_vnncomp_subset/outputs/exp1_metaroom_2023_hashemi_clipping_pca.csv
[metaroom_2023] Loaded 1 instances; writing to /home/sasakis/v/tools/n2v/examples/FlowConformal/experiments/exp1_vnncomp_subset/outputs/exp1_metaroom_2023_hashemi_clipping_pca.csv
[metaroom_2023] Hashemi-clipping+PCA config: m=8000 ell=7999 epsilon=0.001 pca_components=10 SEED=47
[metaroom_2023 1/1 t=0s budget=210s] ./onnx/6cnn_tz_3_0_no_custom_OP.onnx + ./vnnlib/spec_idx_181_eps_0.00001000.vnnlib
    verdict=UNSAT  wall=185.9s

=== Sweep complete ===
Wrote /home/sasakis/v/tools/n2v/examples/FlowConformal/experiments/exp1_vnncomp_subset/outputs/exp1_metaroom_2023_hashemi_clipping_pca.csv
Total wall-clock: 3.1 min
Counts: {'UNSAT': 1, 'SAT': 0, 'UNKNOWN': 0, 'SKIPPED': 0, 'ERROR': 0, 'TIMEOUT': 0}
[run_cell   67/ 100 t=11330s] idx=66   budget=210s (shell timeout=270s)
[metaroom_2023] running only idx=66; appending to /home/sasakis/v/tools/n2v/examples/FlowConformal/experiments/exp1_vnncomp_subset/outputs/exp1_metaroom_2023_hashemi_clipping_pca.csv
[metaroom_2023] Loaded 1 instances; writing to /home/sasakis/v/tools/n2v/examples/FlowConformal/experiments/exp1_vnncomp_subset/outputs/exp1_metaroom_2023_hashemi_clipping_pca.csv
[metaroom_2023] Hashemi-clipping+PCA config: m=8000 ell=7999 epsilon=0.001 pca_components=10 SEED=47
[metaroom_2023 1/1 t=0s budget=210s] ./onnx/6cnn_ry_4_0_no_custom_OP.onnx + ./vnnlib/spec_idx_125_eps_0.00000436.vnnlib
    verdict=UNSAT  wall=163.7s

=== Sweep complete ===
Wrote /home/sasakis/v/tools/n2v/examples/FlowConformal/experiments/exp1_vnncomp_subset/outputs/exp1_metaroom_2023_hashemi_clipping_pca.csv
Total wall-clock: 2.7 min
Counts: {'UNSAT': 1, 'SAT': 0, 'UNKNOWN': 0, 'SKIPPED': 0, 'ERROR': 0, 'TIMEOUT': 0}
[run_cell   68/ 100 t=11499s] idx=67   budget=210s (shell timeout=270s)
[metaroom_2023] running only idx=67; appending to /home/sasakis/v/tools/n2v/examples/FlowConformal/experiments/exp1_vnncomp_subset/outputs/exp1_metaroom_2023_hashemi_clipping_pca.csv
[metaroom_2023] Loaded 1 instances; writing to /home/sasakis/v/tools/n2v/examples/FlowConformal/experiments/exp1_vnncomp_subset/outputs/exp1_metaroom_2023_hashemi_clipping_pca.csv
[metaroom_2023] Hashemi-clipping+PCA config: m=8000 ell=7999 epsilon=0.001 pca_components=10 SEED=47
[metaroom_2023 1/1 t=0s budget=210s] ./onnx/6cnn_ry_95_15_no_custom_OP.onnx + ./vnnlib/spec_idx_150_eps_0.00000436.vnnlib
    verdict=UNSAT  wall=169.2s

=== Sweep complete ===
Wrote /home/sasakis/v/tools/n2v/examples/FlowConformal/experiments/exp1_vnncomp_subset/outputs/exp1_metaroom_2023_hashemi_clipping_pca.csv
Total wall-clock: 2.8 min
Counts: {'UNSAT': 1, 'SAT': 0, 'UNKNOWN': 0, 'SKIPPED': 0, 'ERROR': 0, 'TIMEOUT': 0}
[run_cell   69/ 100 t=11673s] idx=68   budget=210s (shell timeout=270s)
[metaroom_2023] running only idx=68; appending to /home/sasakis/v/tools/n2v/examples/FlowConformal/experiments/exp1_vnncomp_subset/outputs/exp1_metaroom_2023_hashemi_clipping_pca.csv
[metaroom_2023] Loaded 1 instances; writing to /home/sasakis/v/tools/n2v/examples/FlowConformal/experiments/exp1_vnncomp_subset/outputs/exp1_metaroom_2023_hashemi_clipping_pca.csv
[metaroom_2023] Hashemi-clipping+PCA config: m=8000 ell=7999 epsilon=0.001 pca_components=10 SEED=47
[metaroom_2023 1/1 t=0s budget=210s] ./onnx/6cnn_tz_37_6_no_custom_OP.onnx + ./vnnlib/spec_idx_178_eps_0.00001000.vnnlib
    verdict=UNSAT  wall=169.1s

=== Sweep complete ===
Wrote /home/sasakis/v/tools/n2v/examples/FlowConformal/experiments/exp1_vnncomp_subset/outputs/exp1_metaroom_2023_hashemi_clipping_pca.csv
Total wall-clock: 2.8 min
Counts: {'UNSAT': 1, 'SAT': 0, 'UNKNOWN': 0, 'SKIPPED': 0, 'ERROR': 0, 'TIMEOUT': 0}
[run_cell   70/ 100 t=11847s] idx=69   budget=210s (shell timeout=270s)
[metaroom_2023] running only idx=69; appending to /home/sasakis/v/tools/n2v/examples/FlowConformal/experiments/exp1_vnncomp_subset/outputs/exp1_metaroom_2023_hashemi_clipping_pca.csv
[metaroom_2023] Loaded 1 instances; writing to /home/sasakis/v/tools/n2v/examples/FlowConformal/experiments/exp1_vnncomp_subset/outputs/exp1_metaroom_2023_hashemi_clipping_pca.csv
[metaroom_2023] Hashemi-clipping+PCA config: m=8000 ell=7999 epsilon=0.001 pca_components=10 SEED=47
[metaroom_2023 1/1 t=0s budget=210s] ./onnx/4cnn_ry_71_11_no_custom_OP.onnx + ./vnnlib/spec_idx_37_eps_0.00000436.vnnlib
    verdict=UNSAT  wall=174.5s

=== Sweep complete ===
Wrote /home/sasakis/v/tools/n2v/examples/FlowConformal/experiments/exp1_vnncomp_subset/outputs/exp1_metaroom_2023_hashemi_clipping_pca.csv
Total wall-clock: 2.9 min
Counts: {'UNSAT': 1, 'SAT': 0, 'UNKNOWN': 0, 'SKIPPED': 0, 'ERROR': 0, 'TIMEOUT': 0}
[run_cell   71/ 100 t=12027s] idx=70   budget=210s (shell timeout=270s)
[metaroom_2023] running only idx=70; appending to /home/sasakis/v/tools/n2v/examples/FlowConformal/experiments/exp1_vnncomp_subset/outputs/exp1_metaroom_2023_hashemi_clipping_pca.csv
[metaroom_2023] Loaded 1 instances; writing to /home/sasakis/v/tools/n2v/examples/FlowConformal/experiments/exp1_vnncomp_subset/outputs/exp1_metaroom_2023_hashemi_clipping_pca.csv
[metaroom_2023] Hashemi-clipping+PCA config: m=8000 ell=7999 epsilon=0.001 pca_components=10 SEED=47
[metaroom_2023 1/1 t=0s budget=210s] ./onnx/6cnn_ry_114_19_no_custom_OP.onnx + ./vnnlib/spec_idx_100_eps_0.00000436.vnnlib
    verdict=UNSAT  wall=170.9s

=== Sweep complete ===
Wrote /home/sasakis/v/tools/n2v/examples/FlowConformal/experiments/exp1_vnncomp_subset/outputs/exp1_metaroom_2023_hashemi_clipping_pca.csv
Total wall-clock: 2.8 min
Counts: {'UNSAT': 1, 'SAT': 0, 'UNKNOWN': 0, 'SKIPPED': 0, 'ERROR': 0, 'TIMEOUT': 0}
[run_cell   72/ 100 t=12203s] idx=71   budget=210s (shell timeout=270s)
[metaroom_2023] running only idx=71; appending to /home/sasakis/v/tools/n2v/examples/FlowConformal/experiments/exp1_vnncomp_subset/outputs/exp1_metaroom_2023_hashemi_clipping_pca.csv
[metaroom_2023] Loaded 1 instances; writing to /home/sasakis/v/tools/n2v/examples/FlowConformal/experiments/exp1_vnncomp_subset/outputs/exp1_metaroom_2023_hashemi_clipping_pca.csv
[metaroom_2023] Hashemi-clipping+PCA config: m=8000 ell=7999 epsilon=0.001 pca_components=10 SEED=47
[metaroom_2023 1/1 t=0s budget=210s] ./onnx/4cnn_ry_70_11_no_custom_OP.onnx + ./vnnlib/spec_idx_36_eps_0.00000436.vnnlib
    verdict=UNSAT  wall=173.6s

=== Sweep complete ===
Wrote /home/sasakis/v/tools/n2v/examples/FlowConformal/experiments/exp1_vnncomp_subset/outputs/exp1_metaroom_2023_hashemi_clipping_pca.csv
Total wall-clock: 2.9 min
Counts: {'UNSAT': 1, 'SAT': 0, 'UNKNOWN': 0, 'SKIPPED': 0, 'ERROR': 0, 'TIMEOUT': 0}
[run_cell   73/ 100 t=12382s] idx=72   budget=210s (shell timeout=270s)
[metaroom_2023] running only idx=72; appending to /home/sasakis/v/tools/n2v/examples/FlowConformal/experiments/exp1_vnncomp_subset/outputs/exp1_metaroom_2023_hashemi_clipping_pca.csv
[metaroom_2023] Loaded 1 instances; writing to /home/sasakis/v/tools/n2v/examples/FlowConformal/experiments/exp1_vnncomp_subset/outputs/exp1_metaroom_2023_hashemi_clipping_pca.csv
[metaroom_2023] Hashemi-clipping+PCA config: m=8000 ell=7999 epsilon=0.001 pca_components=10 SEED=47
[metaroom_2023 1/1 t=0s budget=210s] ./onnx/4cnn_tz_20_3_no_custom_OP.onnx + ./vnnlib/spec_idx_53_eps_0.00001000.vnnlib
    verdict=UNSAT  wall=174.7s

=== Sweep complete ===
Wrote /home/sasakis/v/tools/n2v/examples/FlowConformal/experiments/exp1_vnncomp_subset/outputs/exp1_metaroom_2023_hashemi_clipping_pca.csv
Total wall-clock: 2.9 min
Counts: {'UNSAT': 1, 'SAT': 0, 'UNKNOWN': 0, 'SKIPPED': 0, 'ERROR': 0, 'TIMEOUT': 0}
[run_cell   74/ 100 t=12561s] idx=73   budget=210s (shell timeout=270s)
[metaroom_2023] running only idx=73; appending to /home/sasakis/v/tools/n2v/examples/FlowConformal/experiments/exp1_vnncomp_subset/outputs/exp1_metaroom_2023_hashemi_clipping_pca.csv
[metaroom_2023] Loaded 1 instances; writing to /home/sasakis/v/tools/n2v/examples/FlowConformal/experiments/exp1_vnncomp_subset/outputs/exp1_metaroom_2023_hashemi_clipping_pca.csv
[metaroom_2023] Hashemi-clipping+PCA config: m=8000 ell=7999 epsilon=0.001 pca_components=10 SEED=47
[metaroom_2023 1/1 t=0s budget=210s] ./onnx/4cnn_ry_52_8_no_custom_OP.onnx + ./vnnlib/spec_idx_25_eps_0.00000436.vnnlib
    verdict=UNSAT  wall=169.5s

=== Sweep complete ===
Wrote /home/sasakis/v/tools/n2v/examples/FlowConformal/experiments/exp1_vnncomp_subset/outputs/exp1_metaroom_2023_hashemi_clipping_pca.csv
Total wall-clock: 2.8 min
Counts: {'UNSAT': 1, 'SAT': 0, 'UNKNOWN': 0, 'SKIPPED': 0, 'ERROR': 0, 'TIMEOUT': 0}
[run_cell   75/ 100 t=12736s] idx=74   budget=210s (shell timeout=270s)
[metaroom_2023] running only idx=74; appending to /home/sasakis/v/tools/n2v/examples/FlowConformal/experiments/exp1_vnncomp_subset/outputs/exp1_metaroom_2023_hashemi_clipping_pca.csv
[metaroom_2023] Loaded 1 instances; writing to /home/sasakis/v/tools/n2v/examples/FlowConformal/experiments/exp1_vnncomp_subset/outputs/exp1_metaroom_2023_hashemi_clipping_pca.csv
[metaroom_2023] Hashemi-clipping+PCA config: m=8000 ell=7999 epsilon=0.001 pca_components=10 SEED=47
[metaroom_2023 1/1 t=0s budget=210s] ./onnx/6cnn_tz_4_0_no_custom_OP.onnx + ./vnnlib/spec_idx_186_eps_0.00001000.vnnlib
    verdict=UNSAT  wall=169.1s

=== Sweep complete ===
Wrote /home/sasakis/v/tools/n2v/examples/FlowConformal/experiments/exp1_vnncomp_subset/outputs/exp1_metaroom_2023_hashemi_clipping_pca.csv
Total wall-clock: 2.8 min
Counts: {'UNSAT': 1, 'SAT': 0, 'UNKNOWN': 0, 'SKIPPED': 0, 'ERROR': 0, 'TIMEOUT': 0}
[run_cell   76/ 100 t=12910s] idx=75   budget=210s (shell timeout=270s)
[metaroom_2023] running only idx=75; appending to /home/sasakis/v/tools/n2v/examples/FlowConformal/experiments/exp1_vnncomp_subset/outputs/exp1_metaroom_2023_hashemi_clipping_pca.csv
[metaroom_2023] Loaded 1 instances; writing to /home/sasakis/v/tools/n2v/examples/FlowConformal/experiments/exp1_vnncomp_subset/outputs/exp1_metaroom_2023_hashemi_clipping_pca.csv
[metaroom_2023] Hashemi-clipping+PCA config: m=8000 ell=7999 epsilon=0.001 pca_components=10 SEED=47
[metaroom_2023 1/1 t=0s budget=210s] ./onnx/6cnn_ry_91_15_no_custom_OP.onnx + ./vnnlib/spec_idx_146_eps_0.00000436.vnnlib
    verdict=UNSAT  wall=172.8s

=== Sweep complete ===
Wrote /home/sasakis/v/tools/n2v/examples/FlowConformal/experiments/exp1_vnncomp_subset/outputs/exp1_metaroom_2023_hashemi_clipping_pca.csv
Total wall-clock: 2.9 min
Counts: {'UNSAT': 1, 'SAT': 0, 'UNKNOWN': 0, 'SKIPPED': 0, 'ERROR': 0, 'TIMEOUT': 0}
[run_cell   77/ 100 t=13088s] idx=76   budget=210s (shell timeout=270s)
[metaroom_2023] running only idx=76; appending to /home/sasakis/v/tools/n2v/examples/FlowConformal/experiments/exp1_vnncomp_subset/outputs/exp1_metaroom_2023_hashemi_clipping_pca.csv
[metaroom_2023] Loaded 1 instances; writing to /home/sasakis/v/tools/n2v/examples/FlowConformal/experiments/exp1_vnncomp_subset/outputs/exp1_metaroom_2023_hashemi_clipping_pca.csv
[metaroom_2023] Hashemi-clipping+PCA config: m=8000 ell=7999 epsilon=0.001 pca_components=10 SEED=47
[metaroom_2023 1/1 t=0s budget=210s] ./onnx/4cnn_tz_4_0_no_custom_OP.onnx + ./vnnlib/spec_idx_71_eps_0.00001000.vnnlib
    verdict=UNSAT  wall=174.3s

=== Sweep complete ===
Wrote /home/sasakis/v/tools/n2v/examples/FlowConformal/experiments/exp1_vnncomp_subset/outputs/exp1_metaroom_2023_hashemi_clipping_pca.csv
Total wall-clock: 2.9 min
Counts: {'UNSAT': 1, 'SAT': 0, 'UNKNOWN': 0, 'SKIPPED': 0, 'ERROR': 0, 'TIMEOUT': 0}
[run_cell   78/ 100 t=13267s] idx=77   budget=210s (shell timeout=270s)
[metaroom_2023] running only idx=77; appending to /home/sasakis/v/tools/n2v/examples/FlowConformal/experiments/exp1_vnncomp_subset/outputs/exp1_metaroom_2023_hashemi_clipping_pca.csv
[metaroom_2023] Loaded 1 instances; writing to /home/sasakis/v/tools/n2v/examples/FlowConformal/experiments/exp1_vnncomp_subset/outputs/exp1_metaroom_2023_hashemi_clipping_pca.csv
[metaroom_2023] Hashemi-clipping+PCA config: m=8000 ell=7999 epsilon=0.001 pca_components=10 SEED=47
[metaroom_2023 1/1 t=0s budget=210s] ./onnx/4cnn_tz_47_7_no_custom_OP.onnx + ./vnnlib/spec_idx_69_eps_0.00001000.vnnlib
    verdict=UNSAT  wall=174.5s

=== Sweep complete ===
Wrote /home/sasakis/v/tools/n2v/examples/FlowConformal/experiments/exp1_vnncomp_subset/outputs/exp1_metaroom_2023_hashemi_clipping_pca.csv
Total wall-clock: 2.9 min
Counts: {'UNSAT': 1, 'SAT': 0, 'UNKNOWN': 0, 'SKIPPED': 0, 'ERROR': 0, 'TIMEOUT': 0}
[run_cell   79/ 100 t=13447s] idx=78   budget=210s (shell timeout=270s)
[metaroom_2023] running only idx=78; appending to /home/sasakis/v/tools/n2v/examples/FlowConformal/experiments/exp1_vnncomp_subset/outputs/exp1_metaroom_2023_hashemi_clipping_pca.csv
[metaroom_2023] Loaded 1 instances; writing to /home/sasakis/v/tools/n2v/examples/FlowConformal/experiments/exp1_vnncomp_subset/outputs/exp1_metaroom_2023_hashemi_clipping_pca.csv
[metaroom_2023] Hashemi-clipping+PCA config: m=8000 ell=7999 epsilon=0.001 pca_components=10 SEED=47
[metaroom_2023 1/1 t=0s budget=210s] ./onnx/4cnn_ry_57_9_no_custom_OP.onnx + ./vnnlib/spec_idx_28_eps_0.00000436.vnnlib
    verdict=UNKNOWN  wall=173.2s

=== Sweep complete ===
Wrote /home/sasakis/v/tools/n2v/examples/FlowConformal/experiments/exp1_vnncomp_subset/outputs/exp1_metaroom_2023_hashemi_clipping_pca.csv
Total wall-clock: 2.9 min
Counts: {'UNSAT': 0, 'SAT': 0, 'UNKNOWN': 1, 'SKIPPED': 0, 'ERROR': 0, 'TIMEOUT': 0}
[run_cell   80/ 100 t=13625s] idx=79   budget=210s (shell timeout=270s)
[metaroom_2023] running only idx=79; appending to /home/sasakis/v/tools/n2v/examples/FlowConformal/experiments/exp1_vnncomp_subset/outputs/exp1_metaroom_2023_hashemi_clipping_pca.csv
[metaroom_2023] Loaded 1 instances; writing to /home/sasakis/v/tools/n2v/examples/FlowConformal/experiments/exp1_vnncomp_subset/outputs/exp1_metaroom_2023_hashemi_clipping_pca.csv
[metaroom_2023] Hashemi-clipping+PCA config: m=8000 ell=7999 epsilon=0.001 pca_components=10 SEED=47
[metaroom_2023 1/1 t=0s budget=210s] ./onnx/6cnn_ry_67_11_no_custom_OP.onnx + ./vnnlib/spec_idx_135_eps_0.00000436.vnnlib
    verdict=UNSAT  wall=171.3s

=== Sweep complete ===
Wrote /home/sasakis/v/tools/n2v/examples/FlowConformal/experiments/exp1_vnncomp_subset/outputs/exp1_metaroom_2023_hashemi_clipping_pca.csv
Total wall-clock: 2.9 min
Counts: {'UNSAT': 1, 'SAT': 0, 'UNKNOWN': 0, 'SKIPPED': 0, 'ERROR': 0, 'TIMEOUT': 0}
[run_cell   81/ 100 t=13802s] idx=80   budget=210s (shell timeout=270s)
[metaroom_2023] running only idx=80; appending to /home/sasakis/v/tools/n2v/examples/FlowConformal/experiments/exp1_vnncomp_subset/outputs/exp1_metaroom_2023_hashemi_clipping_pca.csv
[metaroom_2023] Loaded 1 instances; writing to /home/sasakis/v/tools/n2v/examples/FlowConformal/experiments/exp1_vnncomp_subset/outputs/exp1_metaroom_2023_hashemi_clipping_pca.csv
[metaroom_2023] Hashemi-clipping+PCA config: m=8000 ell=7999 epsilon=0.001 pca_components=10 SEED=47
[metaroom_2023 1/1 t=0s budget=210s] ./onnx/4cnn_tz_34_5_no_custom_OP.onnx + ./vnnlib/spec_idx_59_eps_0.00001000.vnnlib
    verdict=UNSAT  wall=172.9s

=== Sweep complete ===
Wrote /home/sasakis/v/tools/n2v/examples/FlowConformal/experiments/exp1_vnncomp_subset/outputs/exp1_metaroom_2023_hashemi_clipping_pca.csv
Total wall-clock: 2.9 min
Counts: {'UNSAT': 1, 'SAT': 0, 'UNKNOWN': 0, 'SKIPPED': 0, 'ERROR': 0, 'TIMEOUT': 0}
[run_cell   82/ 100 t=13980s] idx=81   budget=210s (shell timeout=270s)
[metaroom_2023] running only idx=81; appending to /home/sasakis/v/tools/n2v/examples/FlowConformal/experiments/exp1_vnncomp_subset/outputs/exp1_metaroom_2023_hashemi_clipping_pca.csv
[metaroom_2023] Loaded 1 instances; writing to /home/sasakis/v/tools/n2v/examples/FlowConformal/experiments/exp1_vnncomp_subset/outputs/exp1_metaroom_2023_hashemi_clipping_pca.csv
[metaroom_2023] Hashemi-clipping+PCA config: m=8000 ell=7999 epsilon=0.001 pca_components=10 SEED=47
[metaroom_2023 1/1 t=0s budget=210s] ./onnx/4cnn_tz_41_6_no_custom_OP.onnx + ./vnnlib/spec_idx_66_eps_0.00001000.vnnlib
    verdict=UNSAT  wall=174.6s

=== Sweep complete ===
Wrote /home/sasakis/v/tools/n2v/examples/FlowConformal/experiments/exp1_vnncomp_subset/outputs/exp1_metaroom_2023_hashemi_clipping_pca.csv
Total wall-clock: 2.9 min
Counts: {'UNSAT': 1, 'SAT': 0, 'UNKNOWN': 0, 'SKIPPED': 0, 'ERROR': 0, 'TIMEOUT': 0}
[run_cell   83/ 100 t=14159s] idx=82   budget=210s (shell timeout=270s)
[metaroom_2023] running only idx=82; appending to /home/sasakis/v/tools/n2v/examples/FlowConformal/experiments/exp1_vnncomp_subset/outputs/exp1_metaroom_2023_hashemi_clipping_pca.csv
[metaroom_2023] Loaded 1 instances; writing to /home/sasakis/v/tools/n2v/examples/FlowConformal/experiments/exp1_vnncomp_subset/outputs/exp1_metaroom_2023_hashemi_clipping_pca.csv
[metaroom_2023] Hashemi-clipping+PCA config: m=8000 ell=7999 epsilon=0.001 pca_components=10 SEED=47
[metaroom_2023 1/1 t=0s budget=210s] ./onnx/4cnn_tz_99_16_no_custom_OP.onnx + ./vnnlib/spec_idx_91_eps_0.00001000.vnnlib
    verdict=UNSAT  wall=173.3s

=== Sweep complete ===
Wrote /home/sasakis/v/tools/n2v/examples/FlowConformal/experiments/exp1_vnncomp_subset/outputs/exp1_metaroom_2023_hashemi_clipping_pca.csv
Total wall-clock: 2.9 min
Counts: {'UNSAT': 1, 'SAT': 0, 'UNKNOWN': 0, 'SKIPPED': 0, 'ERROR': 0, 'TIMEOUT': 0}
[run_cell   84/ 100 t=14337s] idx=83   budget=210s (shell timeout=270s)
[metaroom_2023] running only idx=83; appending to /home/sasakis/v/tools/n2v/examples/FlowConformal/experiments/exp1_vnncomp_subset/outputs/exp1_metaroom_2023_hashemi_clipping_pca.csv
[metaroom_2023] Loaded 1 instances; writing to /home/sasakis/v/tools/n2v/examples/FlowConformal/experiments/exp1_vnncomp_subset/outputs/exp1_metaroom_2023_hashemi_clipping_pca.csv
[metaroom_2023] Hashemi-clipping+PCA config: m=8000 ell=7999 epsilon=0.001 pca_components=10 SEED=47
[metaroom_2023 1/1 t=0s budget=210s] ./onnx/6cnn_ry_12_2_no_custom_OP.onnx + ./vnnlib/spec_idx_105_eps_0.00000436.vnnlib
    verdict=UNSAT  wall=166.6s

=== Sweep complete ===
Wrote /home/sasakis/v/tools/n2v/examples/FlowConformal/experiments/exp1_vnncomp_subset/outputs/exp1_metaroom_2023_hashemi_clipping_pca.csv
Total wall-clock: 2.8 min
Counts: {'UNSAT': 1, 'SAT': 0, 'UNKNOWN': 0, 'SKIPPED': 0, 'ERROR': 0, 'TIMEOUT': 0}
[run_cell   85/ 100 t=14509s] idx=84   budget=210s (shell timeout=270s)
[metaroom_2023] running only idx=84; appending to /home/sasakis/v/tools/n2v/examples/FlowConformal/experiments/exp1_vnncomp_subset/outputs/exp1_metaroom_2023_hashemi_clipping_pca.csv
[metaroom_2023] Loaded 1 instances; writing to /home/sasakis/v/tools/n2v/examples/FlowConformal/experiments/exp1_vnncomp_subset/outputs/exp1_metaroom_2023_hashemi_clipping_pca.csv
[metaroom_2023] Hashemi-clipping+PCA config: m=8000 ell=7999 epsilon=0.001 pca_components=10 SEED=47
[metaroom_2023 1/1 t=0s budget=210s] ./onnx/6cnn_tz_93_15_no_custom_OP.onnx + ./vnnlib/spec_idx_208_eps_0.00001000.vnnlib
    verdict=UNSAT  wall=186.5s

=== Sweep complete ===
Wrote /home/sasakis/v/tools/n2v/examples/FlowConformal/experiments/exp1_vnncomp_subset/outputs/exp1_metaroom_2023_hashemi_clipping_pca.csv
Total wall-clock: 3.1 min
Counts: {'UNSAT': 1, 'SAT': 0, 'UNKNOWN': 0, 'SKIPPED': 0, 'ERROR': 0, 'TIMEOUT': 0}
[run_cell   86/ 100 t=14701s] idx=85   budget=210s (shell timeout=270s)
[metaroom_2023] running only idx=85; appending to /home/sasakis/v/tools/n2v/examples/FlowConformal/experiments/exp1_vnncomp_subset/outputs/exp1_metaroom_2023_hashemi_clipping_pca.csv
[metaroom_2023] Loaded 1 instances; writing to /home/sasakis/v/tools/n2v/examples/FlowConformal/experiments/exp1_vnncomp_subset/outputs/exp1_metaroom_2023_hashemi_clipping_pca.csv
[metaroom_2023] Hashemi-clipping+PCA config: m=8000 ell=7999 epsilon=0.001 pca_components=10 SEED=47
[metaroom_2023 1/1 t=0s budget=210s] ./onnx/4cnn_tz_44_7_no_custom_OP.onnx + ./vnnlib/spec_idx_68_eps_0.00001000.vnnlib
    verdict=UNSAT  wall=173.7s

=== Sweep complete ===
Wrote /home/sasakis/v/tools/n2v/examples/FlowConformal/experiments/exp1_vnncomp_subset/outputs/exp1_metaroom_2023_hashemi_clipping_pca.csv
Total wall-clock: 2.9 min
Counts: {'UNSAT': 1, 'SAT': 0, 'UNKNOWN': 0, 'SKIPPED': 0, 'ERROR': 0, 'TIMEOUT': 0}
[run_cell   87/ 100 t=14879s] idx=86   budget=210s (shell timeout=270s)
[metaroom_2023] running only idx=86; appending to /home/sasakis/v/tools/n2v/examples/FlowConformal/experiments/exp1_vnncomp_subset/outputs/exp1_metaroom_2023_hashemi_clipping_pca.csv
[metaroom_2023] Loaded 1 instances; writing to /home/sasakis/v/tools/n2v/examples/FlowConformal/experiments/exp1_vnncomp_subset/outputs/exp1_metaroom_2023_hashemi_clipping_pca.csv
[metaroom_2023] Hashemi-clipping+PCA config: m=8000 ell=7999 epsilon=0.001 pca_components=10 SEED=47
[metaroom_2023 1/1 t=0s budget=210s] ./onnx/6cnn_tz_79_13_no_custom_OP.onnx + ./vnnlib/spec_idx_205_eps_0.00001000.vnnlib
    verdict=UNSAT  wall=169.0s

=== Sweep complete ===
Wrote /home/sasakis/v/tools/n2v/examples/FlowConformal/experiments/exp1_vnncomp_subset/outputs/exp1_metaroom_2023_hashemi_clipping_pca.csv
Total wall-clock: 2.8 min
Counts: {'UNSAT': 1, 'SAT': 0, 'UNKNOWN': 0, 'SKIPPED': 0, 'ERROR': 0, 'TIMEOUT': 0}
[run_cell   88/ 100 t=15053s] idx=87   budget=210s (shell timeout=270s)
[metaroom_2023] running only idx=87; appending to /home/sasakis/v/tools/n2v/examples/FlowConformal/experiments/exp1_vnncomp_subset/outputs/exp1_metaroom_2023_hashemi_clipping_pca.csv
[metaroom_2023] Loaded 1 instances; writing to /home/sasakis/v/tools/n2v/examples/FlowConformal/experiments/exp1_vnncomp_subset/outputs/exp1_metaroom_2023_hashemi_clipping_pca.csv
[metaroom_2023] Hashemi-clipping+PCA config: m=8000 ell=7999 epsilon=0.001 pca_components=10 SEED=47
[metaroom_2023 1/1 t=0s budget=210s] ./onnx/6cnn_ry_6_1_no_custom_OP.onnx + ./vnnlib/spec_idx_137_eps_0.00000436.vnnlib
    verdict=UNSAT  wall=169.3s

=== Sweep complete ===
Wrote /home/sasakis/v/tools/n2v/examples/FlowConformal/experiments/exp1_vnncomp_subset/outputs/exp1_metaroom_2023_hashemi_clipping_pca.csv
Total wall-clock: 2.8 min
Counts: {'UNSAT': 1, 'SAT': 0, 'UNKNOWN': 0, 'SKIPPED': 0, 'ERROR': 0, 'TIMEOUT': 0}
[run_cell   89/ 100 t=15228s] idx=88   budget=210s (shell timeout=270s)
[metaroom_2023] running only idx=88; appending to /home/sasakis/v/tools/n2v/examples/FlowConformal/experiments/exp1_vnncomp_subset/outputs/exp1_metaroom_2023_hashemi_clipping_pca.csv
[metaroom_2023] Loaded 1 instances; writing to /home/sasakis/v/tools/n2v/examples/FlowConformal/experiments/exp1_vnncomp_subset/outputs/exp1_metaroom_2023_hashemi_clipping_pca.csv
[metaroom_2023] Hashemi-clipping+PCA config: m=8000 ell=7999 epsilon=0.001 pca_components=10 SEED=47
[metaroom_2023 1/1 t=0s budget=210s] ./onnx/6cnn_ry_52_8_no_custom_OP.onnx + ./vnnlib/spec_idx_126_eps_0.00000436.vnnlib
    verdict=UNSAT  wall=166.9s

=== Sweep complete ===
Wrote /home/sasakis/v/tools/n2v/examples/FlowConformal/experiments/exp1_vnncomp_subset/outputs/exp1_metaroom_2023_hashemi_clipping_pca.csv
Total wall-clock: 2.8 min
Counts: {'UNSAT': 1, 'SAT': 0, 'UNKNOWN': 0, 'SKIPPED': 0, 'ERROR': 0, 'TIMEOUT': 0}
[run_cell   90/ 100 t=15400s] idx=89   budget=210s (shell timeout=270s)
[metaroom_2023] running only idx=89; appending to /home/sasakis/v/tools/n2v/examples/FlowConformal/experiments/exp1_vnncomp_subset/outputs/exp1_metaroom_2023_hashemi_clipping_pca.csv
[metaroom_2023] Loaded 1 instances; writing to /home/sasakis/v/tools/n2v/examples/FlowConformal/experiments/exp1_vnncomp_subset/outputs/exp1_metaroom_2023_hashemi_clipping_pca.csv
[metaroom_2023] Hashemi-clipping+PCA config: m=8000 ell=7999 epsilon=0.001 pca_components=10 SEED=47
[metaroom_2023 1/1 t=0s budget=210s] ./onnx/4cnn_tz_82_13_no_custom_OP.onnx + ./vnnlib/spec_idx_87_eps_0.00001000.vnnlib
    verdict=UNSAT  wall=174.6s

=== Sweep complete ===
Wrote /home/sasakis/v/tools/n2v/examples/FlowConformal/experiments/exp1_vnncomp_subset/outputs/exp1_metaroom_2023_hashemi_clipping_pca.csv
Total wall-clock: 2.9 min
Counts: {'UNSAT': 1, 'SAT': 0, 'UNKNOWN': 0, 'SKIPPED': 0, 'ERROR': 0, 'TIMEOUT': 0}
[run_cell   91/ 100 t=15579s] idx=90   budget=210s (shell timeout=270s)
[metaroom_2023] running only idx=90; appending to /home/sasakis/v/tools/n2v/examples/FlowConformal/experiments/exp1_vnncomp_subset/outputs/exp1_metaroom_2023_hashemi_clipping_pca.csv
[metaroom_2023] Loaded 1 instances; writing to /home/sasakis/v/tools/n2v/examples/FlowConformal/experiments/exp1_vnncomp_subset/outputs/exp1_metaroom_2023_hashemi_clipping_pca.csv
[metaroom_2023] Hashemi-clipping+PCA config: m=8000 ell=7999 epsilon=0.001 pca_components=10 SEED=47
[metaroom_2023 1/1 t=0s budget=210s] ./onnx/6cnn_ry_28_4_no_custom_OP.onnx + ./vnnlib/spec_idx_113_eps_0.00000436.vnnlib
    verdict=UNSAT  wall=167.4s

=== Sweep complete ===
Wrote /home/sasakis/v/tools/n2v/examples/FlowConformal/experiments/exp1_vnncomp_subset/outputs/exp1_metaroom_2023_hashemi_clipping_pca.csv
Total wall-clock: 2.8 min
Counts: {'UNSAT': 1, 'SAT': 0, 'UNKNOWN': 0, 'SKIPPED': 0, 'ERROR': 0, 'TIMEOUT': 0}
[run_cell   92/ 100 t=15752s] idx=91   budget=210s (shell timeout=270s)
[metaroom_2023] running only idx=91; appending to /home/sasakis/v/tools/n2v/examples/FlowConformal/experiments/exp1_vnncomp_subset/outputs/exp1_metaroom_2023_hashemi_clipping_pca.csv
[metaroom_2023] Loaded 1 instances; writing to /home/sasakis/v/tools/n2v/examples/FlowConformal/experiments/exp1_vnncomp_subset/outputs/exp1_metaroom_2023_hashemi_clipping_pca.csv
[metaroom_2023] Hashemi-clipping+PCA config: m=8000 ell=7999 epsilon=0.001 pca_components=10 SEED=47
[metaroom_2023 1/1 t=0s budget=210s] ./onnx/6cnn_tz_28_4_no_custom_OP.onnx + ./vnnlib/spec_idx_173_eps_0.00001000.vnnlib
    verdict=UNSAT  wall=169.5s

=== Sweep complete ===
Wrote /home/sasakis/v/tools/n2v/examples/FlowConformal/experiments/exp1_vnncomp_subset/outputs/exp1_metaroom_2023_hashemi_clipping_pca.csv
Total wall-clock: 2.8 min
Counts: {'UNSAT': 1, 'SAT': 0, 'UNKNOWN': 0, 'SKIPPED': 0, 'ERROR': 0, 'TIMEOUT': 0}
[run_cell   93/ 100 t=15926s] idx=92   budget=210s (shell timeout=270s)
[metaroom_2023] running only idx=92; appending to /home/sasakis/v/tools/n2v/examples/FlowConformal/experiments/exp1_vnncomp_subset/outputs/exp1_metaroom_2023_hashemi_clipping_pca.csv
[metaroom_2023] Loaded 1 instances; writing to /home/sasakis/v/tools/n2v/examples/FlowConformal/experiments/exp1_vnncomp_subset/outputs/exp1_metaroom_2023_hashemi_clipping_pca.csv
[metaroom_2023] Hashemi-clipping+PCA config: m=8000 ell=7999 epsilon=0.001 pca_components=10 SEED=47
[metaroom_2023 1/1 t=0s budget=210s] ./onnx/6cnn_tz_104_17_no_custom_OP.onnx + ./vnnlib/spec_idx_155_eps_0.00001000.vnnlib
    verdict=UNSAT  wall=170.2s

=== Sweep complete ===
Wrote /home/sasakis/v/tools/n2v/examples/FlowConformal/experiments/exp1_vnncomp_subset/outputs/exp1_metaroom_2023_hashemi_clipping_pca.csv
Total wall-clock: 2.8 min
Counts: {'UNSAT': 1, 'SAT': 0, 'UNKNOWN': 0, 'SKIPPED': 0, 'ERROR': 0, 'TIMEOUT': 0}
[run_cell   94/ 100 t=16101s] idx=93   budget=210s (shell timeout=270s)
[metaroom_2023] running only idx=93; appending to /home/sasakis/v/tools/n2v/examples/FlowConformal/experiments/exp1_vnncomp_subset/outputs/exp1_metaroom_2023_hashemi_clipping_pca.csv
[metaroom_2023] Loaded 1 instances; writing to /home/sasakis/v/tools/n2v/examples/FlowConformal/experiments/exp1_vnncomp_subset/outputs/exp1_metaroom_2023_hashemi_clipping_pca.csv
[metaroom_2023] Hashemi-clipping+PCA config: m=8000 ell=7999 epsilon=0.001 pca_components=10 SEED=47
[metaroom_2023 1/1 t=0s budget=210s] ./onnx/6cnn_tz_18_3_no_custom_OP.onnx + ./vnnlib/spec_idx_166_eps_0.00001000.vnnlib
    verdict=UNSAT  wall=171.6s

=== Sweep complete ===
Wrote /home/sasakis/v/tools/n2v/examples/FlowConformal/experiments/exp1_vnncomp_subset/outputs/exp1_metaroom_2023_hashemi_clipping_pca.csv
Total wall-clock: 2.9 min
Counts: {'UNSAT': 1, 'SAT': 0, 'UNKNOWN': 0, 'SKIPPED': 0, 'ERROR': 0, 'TIMEOUT': 0}
[run_cell   95/ 100 t=16278s] idx=94   budget=210s (shell timeout=270s)
[metaroom_2023] running only idx=94; appending to /home/sasakis/v/tools/n2v/examples/FlowConformal/experiments/exp1_vnncomp_subset/outputs/exp1_metaroom_2023_hashemi_clipping_pca.csv
[metaroom_2023] Loaded 1 instances; writing to /home/sasakis/v/tools/n2v/examples/FlowConformal/experiments/exp1_vnncomp_subset/outputs/exp1_metaroom_2023_hashemi_clipping_pca.csv
[metaroom_2023] Hashemi-clipping+PCA config: m=8000 ell=7999 epsilon=0.001 pca_components=10 SEED=47
[metaroom_2023 1/1 t=0s budget=210s] ./onnx/6cnn_ry_36_6_no_custom_OP.onnx + ./vnnlib/spec_idx_116_eps_0.00000436.vnnlib
    verdict=UNSAT  wall=166.7s

=== Sweep complete ===
Wrote /home/sasakis/v/tools/n2v/examples/FlowConformal/experiments/exp1_vnncomp_subset/outputs/exp1_metaroom_2023_hashemi_clipping_pca.csv
Total wall-clock: 2.8 min
Counts: {'UNSAT': 1, 'SAT': 0, 'UNKNOWN': 0, 'SKIPPED': 0, 'ERROR': 0, 'TIMEOUT': 0}
[run_cell   96/ 100 t=16450s] idx=95   budget=210s (shell timeout=270s)
[metaroom_2023] running only idx=95; appending to /home/sasakis/v/tools/n2v/examples/FlowConformal/experiments/exp1_vnncomp_subset/outputs/exp1_metaroom_2023_hashemi_clipping_pca.csv
[metaroom_2023] Loaded 1 instances; writing to /home/sasakis/v/tools/n2v/examples/FlowConformal/experiments/exp1_vnncomp_subset/outputs/exp1_metaroom_2023_hashemi_clipping_pca.csv
[metaroom_2023] Hashemi-clipping+PCA config: m=8000 ell=7999 epsilon=0.001 pca_components=10 SEED=47
[metaroom_2023 1/1 t=0s budget=210s] ./onnx/6cnn_ry_117_19_no_custom_OP.onnx + ./vnnlib/spec_idx_101_eps_0.00000436.vnnlib
    verdict=SAT  wall=3.5s

=== Sweep complete ===
Wrote /home/sasakis/v/tools/n2v/examples/FlowConformal/experiments/exp1_vnncomp_subset/outputs/exp1_metaroom_2023_hashemi_clipping_pca.csv
Total wall-clock: 0.1 min
Counts: {'UNSAT': 0, 'SAT': 1, 'UNKNOWN': 0, 'SKIPPED': 0, 'ERROR': 0, 'TIMEOUT': 0}
[run_cell   97/ 100 t=16458s] idx=96   budget=210s (shell timeout=270s)
[metaroom_2023] running only idx=96; appending to /home/sasakis/v/tools/n2v/examples/FlowConformal/experiments/exp1_vnncomp_subset/outputs/exp1_metaroom_2023_hashemi_clipping_pca.csv
[metaroom_2023] Loaded 1 instances; writing to /home/sasakis/v/tools/n2v/examples/FlowConformal/experiments/exp1_vnncomp_subset/outputs/exp1_metaroom_2023_hashemi_clipping_pca.csv
[metaroom_2023] Hashemi-clipping+PCA config: m=8000 ell=7999 epsilon=0.001 pca_components=10 SEED=47
[metaroom_2023 1/1 t=0s budget=210s] ./onnx/6cnn_ry_92_15_no_custom_OP.onnx + ./vnnlib/spec_idx_147_eps_0.00000436.vnnlib
    verdict=UNSAT  wall=169.9s

=== Sweep complete ===
Wrote /home/sasakis/v/tools/n2v/examples/FlowConformal/experiments/exp1_vnncomp_subset/outputs/exp1_metaroom_2023_hashemi_clipping_pca.csv
Total wall-clock: 2.8 min
Counts: {'UNSAT': 1, 'SAT': 0, 'UNKNOWN': 0, 'SKIPPED': 0, 'ERROR': 0, 'TIMEOUT': 0}
[run_cell   98/ 100 t=16633s] idx=97   budget=210s (shell timeout=270s)
[metaroom_2023] running only idx=97; appending to /home/sasakis/v/tools/n2v/examples/FlowConformal/experiments/exp1_vnncomp_subset/outputs/exp1_metaroom_2023_hashemi_clipping_pca.csv
[metaroom_2023] Loaded 1 instances; writing to /home/sasakis/v/tools/n2v/examples/FlowConformal/experiments/exp1_vnncomp_subset/outputs/exp1_metaroom_2023_hashemi_clipping_pca.csv
[metaroom_2023] Hashemi-clipping+PCA config: m=8000 ell=7999 epsilon=0.001 pca_components=10 SEED=47
[metaroom_2023 1/1 t=0s budget=210s] ./onnx/6cnn_ry_39_6_no_custom_OP.onnx + ./vnnlib/spec_idx_119_eps_0.00000436.vnnlib
    verdict=UNKNOWN  wall=173.3s

=== Sweep complete ===
Wrote /home/sasakis/v/tools/n2v/examples/FlowConformal/experiments/exp1_vnncomp_subset/outputs/exp1_metaroom_2023_hashemi_clipping_pca.csv
Total wall-clock: 2.9 min
Counts: {'UNSAT': 0, 'SAT': 0, 'UNKNOWN': 1, 'SKIPPED': 0, 'ERROR': 0, 'TIMEOUT': 0}
[run_cell   99/ 100 t=16811s] idx=98   budget=210s (shell timeout=270s)
[metaroom_2023] running only idx=98; appending to /home/sasakis/v/tools/n2v/examples/FlowConformal/experiments/exp1_vnncomp_subset/outputs/exp1_metaroom_2023_hashemi_clipping_pca.csv
[metaroom_2023] Loaded 1 instances; writing to /home/sasakis/v/tools/n2v/examples/FlowConformal/experiments/exp1_vnncomp_subset/outputs/exp1_metaroom_2023_hashemi_clipping_pca.csv
[metaroom_2023] Hashemi-clipping+PCA config: m=8000 ell=7999 epsilon=0.001 pca_components=10 SEED=47
[metaroom_2023 1/1 t=0s budget=210s] ./onnx/4cnn_tz_39_6_no_custom_OP.onnx + ./vnnlib/spec_idx_63_eps_0.00001000.vnnlib
    verdict=UNSAT  wall=173.8s

=== Sweep complete ===
Wrote /home/sasakis/v/tools/n2v/examples/FlowConformal/experiments/exp1_vnncomp_subset/outputs/exp1_metaroom_2023_hashemi_clipping_pca.csv
Total wall-clock: 2.9 min
Counts: {'UNSAT': 1, 'SAT': 0, 'UNKNOWN': 0, 'SKIPPED': 0, 'ERROR': 0, 'TIMEOUT': 0}
[run_cell  100/ 100 t=16990s] idx=99   budget=210s (shell timeout=270s)
[metaroom_2023] running only idx=99; appending to /home/sasakis/v/tools/n2v/examples/FlowConformal/experiments/exp1_vnncomp_subset/outputs/exp1_metaroom_2023_hashemi_clipping_pca.csv
[metaroom_2023] Loaded 1 instances; writing to /home/sasakis/v/tools/n2v/examples/FlowConformal/experiments/exp1_vnncomp_subset/outputs/exp1_metaroom_2023_hashemi_clipping_pca.csv
[metaroom_2023] Hashemi-clipping+PCA config: m=8000 ell=7999 epsilon=0.001 pca_components=10 SEED=47
[metaroom_2023 1/1 t=0s budget=210s] ./onnx/6cnn_tz_23_3_no_custom_OP.onnx + ./vnnlib/spec_idx_172_eps_0.00001000.vnnlib
    verdict=UNSAT  wall=169.4s

=== Sweep complete ===
Wrote /home/sasakis/v/tools/n2v/examples/FlowConformal/experiments/exp1_vnncomp_subset/outputs/exp1_metaroom_2023_hashemi_clipping_pca.csv
Total wall-clock: 2.8 min
Counts: {'UNSAT': 1, 'SAT': 0, 'UNKNOWN': 0, 'SKIPPED': 0, 'ERROR': 0, 'TIMEOUT': 0}
[run_cell] complete. shell-killed timeouts and exits noted above; CSV row counts in the output file.

[2026-05-04T09:23:12-05:00] === END:   exp1_metaroom_2023_hashemi_clipping_pca (rc=0) ===
