[2026-05-05T18:51:38-05:00] === START: exp1_linearizenn_2024_probstar ===
[run_cell] exp1_vnncomp_subset.exp1_run_probstar --benchmark linearizenn_2024: 60 instances (START_IDX=0)
[run_cell    1/  60 t=    0s] idx=0    budget=900s (shell timeout=960s)
[linearizenn_2024] running only idx=0; appending to /home/sasakis/v/tools/n2v/examples/FlowConformal/experiments/exp1_vnncomp_subset/outputs/exp1_linearizenn_2024_probstar.csv
[linearizenn_2024 1/1 t=0s budget=900s] idx=0 AllInOne_10_10.onnx+prop_10_10.vnnlib
    verdict=NOT_APPLICABLE  wall=4.19s

=== Sweep complete ===
Wrote /home/sasakis/v/tools/n2v/examples/FlowConformal/experiments/exp1_vnncomp_subset/outputs/exp1_linearizenn_2024_probstar.csv
Total wall-clock: 0.1 min
Counts: {'UNSAT': 0, 'SAT': 0, 'UNKNOWN': 0, 'NOT_APPLICABLE': 1, 'ERROR': 0, 'TIMEOUT': 0}
[run_cell    2/  60 t=    8s] idx=1    budget=900s (shell timeout=960s)
[linearizenn_2024] running only idx=1; appending to /home/sasakis/v/tools/n2v/examples/FlowConformal/experiments/exp1_vnncomp_subset/outputs/exp1_linearizenn_2024_probstar.csv
[linearizenn_2024 1/1 t=0s budget=900s] idx=1 AllInOne_10_10.onnx+prop_10_10_0.vnnlib
    verdict=NOT_APPLICABLE  wall=4.09s

=== Sweep complete ===
Wrote /home/sasakis/v/tools/n2v/examples/FlowConformal/experiments/exp1_vnncomp_subset/outputs/exp1_linearizenn_2024_probstar.csv
Total wall-clock: 0.1 min
Counts: {'UNSAT': 0, 'SAT': 0, 'UNKNOWN': 0, 'NOT_APPLICABLE': 1, 'ERROR': 0, 'TIMEOUT': 0}
[run_cell    3/  60 t=   16s] idx=2    budget=900s (shell timeout=960s)
[linearizenn_2024] running only idx=2; appending to /home/sasakis/v/tools/n2v/examples/FlowConformal/experiments/exp1_vnncomp_subset/outputs/exp1_linearizenn_2024_probstar.csv
[linearizenn_2024 1/1 t=0s budget=900s] idx=2 AllInOne_10_10.onnx+prop_10_10_1.vnnlib
    verdict=NOT_APPLICABLE  wall=4.07s

=== Sweep complete ===
Wrote /home/sasakis/v/tools/n2v/examples/FlowConformal/experiments/exp1_vnncomp_subset/outputs/exp1_linearizenn_2024_probstar.csv
Total wall-clock: 0.1 min
Counts: {'UNSAT': 0, 'SAT': 0, 'UNKNOWN': 0, 'NOT_APPLICABLE': 1, 'ERROR': 0, 'TIMEOUT': 0}
[run_cell    4/  60 t=   24s] idx=3    budget=900s (shell timeout=960s)
[linearizenn_2024] running only idx=3; appending to /home/sasakis/v/tools/n2v/examples/FlowConformal/experiments/exp1_vnncomp_subset/outputs/exp1_linearizenn_2024_probstar.csv
[linearizenn_2024 1/1 t=0s budget=900s] idx=3 AllInOne_10_10.onnx+prop_10_10_2.vnnlib
    verdict=NOT_APPLICABLE  wall=4.43s

=== Sweep complete ===
Wrote /home/sasakis/v/tools/n2v/examples/FlowConformal/experiments/exp1_vnncomp_subset/outputs/exp1_linearizenn_2024_probstar.csv
Total wall-clock: 0.1 min
Counts: {'UNSAT': 0, 'SAT': 0, 'UNKNOWN': 0, 'NOT_APPLICABLE': 1, 'ERROR': 0, 'TIMEOUT': 0}
[run_cell    5/  60 t=   33s] idx=4    budget=900s (shell timeout=960s)
[linearizenn_2024] running only idx=4; appending to /home/sasakis/v/tools/n2v/examples/FlowConformal/experiments/exp1_vnncomp_subset/outputs/exp1_linearizenn_2024_probstar.csv
[linearizenn_2024 1/1 t=0s budget=900s] idx=4 AllInOne_10_10.onnx+prop_10_10_3.vnnlib
    verdict=NOT_APPLICABLE  wall=4.08s

=== Sweep complete ===
Wrote /home/sasakis/v/tools/n2v/examples/FlowConformal/experiments/exp1_vnncomp_subset/outputs/exp1_linearizenn_2024_probstar.csv
Total wall-clock: 0.1 min
Counts: {'UNSAT': 0, 'SAT': 0, 'UNKNOWN': 0, 'NOT_APPLICABLE': 1, 'ERROR': 0, 'TIMEOUT': 0}
[run_cell    6/  60 t=   41s] idx=5    budget=900s (shell timeout=960s)
[linearizenn_2024] running only idx=5; appending to /home/sasakis/v/tools/n2v/examples/FlowConformal/experiments/exp1_vnncomp_subset/outputs/exp1_linearizenn_2024_probstar.csv
[linearizenn_2024 1/1 t=0s budget=900s] idx=5 AllInOne_10_10.onnx+prop_10_10_4.vnnlib
    verdict=NOT_APPLICABLE  wall=4.07s

=== Sweep complete ===
Wrote /home/sasakis/v/tools/n2v/examples/FlowConformal/experiments/exp1_vnncomp_subset/outputs/exp1_linearizenn_2024_probstar.csv
Total wall-clock: 0.1 min
Counts: {'UNSAT': 0, 'SAT': 0, 'UNKNOWN': 0, 'NOT_APPLICABLE': 1, 'ERROR': 0, 'TIMEOUT': 0}
[run_cell    7/  60 t=   49s] idx=6    budget=900s (shell timeout=960s)
[linearizenn_2024] running only idx=6; appending to /home/sasakis/v/tools/n2v/examples/FlowConformal/experiments/exp1_vnncomp_subset/outputs/exp1_linearizenn_2024_probstar.csv
[linearizenn_2024 1/1 t=0s budget=900s] idx=6 AllInOne_30_30.onnx+prop_30_30.vnnlib
    verdict=NOT_APPLICABLE  wall=4.08s

=== Sweep complete ===
Wrote /home/sasakis/v/tools/n2v/examples/FlowConformal/experiments/exp1_vnncomp_subset/outputs/exp1_linearizenn_2024_probstar.csv
Total wall-clock: 0.1 min
Counts: {'UNSAT': 0, 'SAT': 0, 'UNKNOWN': 0, 'NOT_APPLICABLE': 1, 'ERROR': 0, 'TIMEOUT': 0}
[run_cell    8/  60 t=   57s] idx=7    budget=900s (shell timeout=960s)
[linearizenn_2024] running only idx=7; appending to /home/sasakis/v/tools/n2v/examples/FlowConformal/experiments/exp1_vnncomp_subset/outputs/exp1_linearizenn_2024_probstar.csv
[linearizenn_2024 1/1 t=0s budget=900s] idx=7 AllInOne_30_30.onnx+prop_30_30_0.vnnlib
    verdict=NOT_APPLICABLE  wall=4.08s

=== Sweep complete ===
Wrote /home/sasakis/v/tools/n2v/examples/FlowConformal/experiments/exp1_vnncomp_subset/outputs/exp1_linearizenn_2024_probstar.csv
Total wall-clock: 0.1 min
Counts: {'UNSAT': 0, 'SAT': 0, 'UNKNOWN': 0, 'NOT_APPLICABLE': 1, 'ERROR': 0, 'TIMEOUT': 0}
[run_cell    9/  60 t=   65s] idx=8    budget=900s (shell timeout=960s)
[linearizenn_2024] running only idx=8; appending to /home/sasakis/v/tools/n2v/examples/FlowConformal/experiments/exp1_vnncomp_subset/outputs/exp1_linearizenn_2024_probstar.csv
[linearizenn_2024 1/1 t=0s budget=900s] idx=8 AllInOne_30_30.onnx+prop_30_30_1.vnnlib
    verdict=NOT_APPLICABLE  wall=4.08s

=== Sweep complete ===
Wrote /home/sasakis/v/tools/n2v/examples/FlowConformal/experiments/exp1_vnncomp_subset/outputs/exp1_linearizenn_2024_probstar.csv
Total wall-clock: 0.1 min
Counts: {'UNSAT': 0, 'SAT': 0, 'UNKNOWN': 0, 'NOT_APPLICABLE': 1, 'ERROR': 0, 'TIMEOUT': 0}
[run_cell   10/  60 t=   73s] idx=9    budget=900s (shell timeout=960s)
[linearizenn_2024] running only idx=9; appending to /home/sasakis/v/tools/n2v/examples/FlowConformal/experiments/exp1_vnncomp_subset/outputs/exp1_linearizenn_2024_probstar.csv
[linearizenn_2024 1/1 t=0s budget=900s] idx=9 AllInOne_30_30.onnx+prop_30_30_2.vnnlib
    verdict=NOT_APPLICABLE  wall=4.09s

=== Sweep complete ===
Wrote /home/sasakis/v/tools/n2v/examples/FlowConformal/experiments/exp1_vnncomp_subset/outputs/exp1_linearizenn_2024_probstar.csv
Total wall-clock: 0.1 min
Counts: {'UNSAT': 0, 'SAT': 0, 'UNKNOWN': 0, 'NOT_APPLICABLE': 1, 'ERROR': 0, 'TIMEOUT': 0}
[run_cell   11/  60 t=   81s] idx=10   budget=900s (shell timeout=960s)
[linearizenn_2024] running only idx=10; appending to /home/sasakis/v/tools/n2v/examples/FlowConformal/experiments/exp1_vnncomp_subset/outputs/exp1_linearizenn_2024_probstar.csv
[linearizenn_2024 1/1 t=0s budget=900s] idx=10 AllInOne_30_30.onnx+prop_30_30_3.vnnlib
    verdict=NOT_APPLICABLE  wall=4.08s

=== Sweep complete ===
Wrote /home/sasakis/v/tools/n2v/examples/FlowConformal/experiments/exp1_vnncomp_subset/outputs/exp1_linearizenn_2024_probstar.csv
Total wall-clock: 0.1 min
Counts: {'UNSAT': 0, 'SAT': 0, 'UNKNOWN': 0, 'NOT_APPLICABLE': 1, 'ERROR': 0, 'TIMEOUT': 0}
[run_cell   12/  60 t=   89s] idx=11   budget=900s (shell timeout=960s)
[linearizenn_2024] running only idx=11; appending to /home/sasakis/v/tools/n2v/examples/FlowConformal/experiments/exp1_vnncomp_subset/outputs/exp1_linearizenn_2024_probstar.csv
[linearizenn_2024 1/1 t=0s budget=900s] idx=11 AllInOne_30_30.onnx+prop_30_30_4.vnnlib
    verdict=NOT_APPLICABLE  wall=4.07s

=== Sweep complete ===
Wrote /home/sasakis/v/tools/n2v/examples/FlowConformal/experiments/exp1_vnncomp_subset/outputs/exp1_linearizenn_2024_probstar.csv
Total wall-clock: 0.1 min
Counts: {'UNSAT': 0, 'SAT': 0, 'UNKNOWN': 0, 'NOT_APPLICABLE': 1, 'ERROR': 0, 'TIMEOUT': 0}
[run_cell   13/  60 t=   97s] idx=12   budget=900s (shell timeout=960s)
[linearizenn_2024] running only idx=12; appending to /home/sasakis/v/tools/n2v/examples/FlowConformal/experiments/exp1_vnncomp_subset/outputs/exp1_linearizenn_2024_probstar.csv
[linearizenn_2024 1/1 t=0s budget=900s] idx=12 AllInOne_30_80.onnx+prop_30_80.vnnlib
    verdict=NOT_APPLICABLE  wall=4.05s

=== Sweep complete ===
Wrote /home/sasakis/v/tools/n2v/examples/FlowConformal/experiments/exp1_vnncomp_subset/outputs/exp1_linearizenn_2024_probstar.csv
Total wall-clock: 0.1 min
Counts: {'UNSAT': 0, 'SAT': 0, 'UNKNOWN': 0, 'NOT_APPLICABLE': 1, 'ERROR': 0, 'TIMEOUT': 0}
[run_cell   14/  60 t=  105s] idx=13   budget=900s (shell timeout=960s)
[linearizenn_2024] running only idx=13; appending to /home/sasakis/v/tools/n2v/examples/FlowConformal/experiments/exp1_vnncomp_subset/outputs/exp1_linearizenn_2024_probstar.csv
[linearizenn_2024 1/1 t=0s budget=900s] idx=13 AllInOne_30_80.onnx+prop_30_80_0.vnnlib
    verdict=NOT_APPLICABLE  wall=4.04s

=== Sweep complete ===
Wrote /home/sasakis/v/tools/n2v/examples/FlowConformal/experiments/exp1_vnncomp_subset/outputs/exp1_linearizenn_2024_probstar.csv
Total wall-clock: 0.1 min
Counts: {'UNSAT': 0, 'SAT': 0, 'UNKNOWN': 0, 'NOT_APPLICABLE': 1, 'ERROR': 0, 'TIMEOUT': 0}
[run_cell   15/  60 t=  113s] idx=14   budget=900s (shell timeout=960s)
[linearizenn_2024] running only idx=14; appending to /home/sasakis/v/tools/n2v/examples/FlowConformal/experiments/exp1_vnncomp_subset/outputs/exp1_linearizenn_2024_probstar.csv
[linearizenn_2024 1/1 t=0s budget=900s] idx=14 AllInOne_30_80.onnx+prop_30_80_1.vnnlib
    verdict=NOT_APPLICABLE  wall=4.30s

=== Sweep complete ===
Wrote /home/sasakis/v/tools/n2v/examples/FlowConformal/experiments/exp1_vnncomp_subset/outputs/exp1_linearizenn_2024_probstar.csv
Total wall-clock: 0.1 min
Counts: {'UNSAT': 0, 'SAT': 0, 'UNKNOWN': 0, 'NOT_APPLICABLE': 1, 'ERROR': 0, 'TIMEOUT': 0}
[run_cell   16/  60 t=  121s] idx=15   budget=900s (shell timeout=960s)
[linearizenn_2024] running only idx=15; appending to /home/sasakis/v/tools/n2v/examples/FlowConformal/experiments/exp1_vnncomp_subset/outputs/exp1_linearizenn_2024_probstar.csv
[linearizenn_2024 1/1 t=0s budget=900s] idx=15 AllInOne_30_80.onnx+prop_30_80_2.vnnlib
    verdict=NOT_APPLICABLE  wall=4.04s

=== Sweep complete ===
Wrote /home/sasakis/v/tools/n2v/examples/FlowConformal/experiments/exp1_vnncomp_subset/outputs/exp1_linearizenn_2024_probstar.csv
Total wall-clock: 0.1 min
Counts: {'UNSAT': 0, 'SAT': 0, 'UNKNOWN': 0, 'NOT_APPLICABLE': 1, 'ERROR': 0, 'TIMEOUT': 0}
[run_cell   17/  60 t=  129s] idx=16   budget=900s (shell timeout=960s)
[linearizenn_2024] running only idx=16; appending to /home/sasakis/v/tools/n2v/examples/FlowConformal/experiments/exp1_vnncomp_subset/outputs/exp1_linearizenn_2024_probstar.csv
[linearizenn_2024 1/1 t=0s budget=900s] idx=16 AllInOne_30_80.onnx+prop_30_80_3.vnnlib
    verdict=NOT_APPLICABLE  wall=4.10s

=== Sweep complete ===
Wrote /home/sasakis/v/tools/n2v/examples/FlowConformal/experiments/exp1_vnncomp_subset/outputs/exp1_linearizenn_2024_probstar.csv
Total wall-clock: 0.1 min
Counts: {'UNSAT': 0, 'SAT': 0, 'UNKNOWN': 0, 'NOT_APPLICABLE': 1, 'ERROR': 0, 'TIMEOUT': 0}
[run_cell   18/  60 t=  137s] idx=17   budget=900s (shell timeout=960s)
[linearizenn_2024] running only idx=17; appending to /home/sasakis/v/tools/n2v/examples/FlowConformal/experiments/exp1_vnncomp_subset/outputs/exp1_linearizenn_2024_probstar.csv
[linearizenn_2024 1/1 t=0s budget=900s] idx=17 AllInOne_30_80.onnx+prop_30_80_4.vnnlib
    verdict=NOT_APPLICABLE  wall=4.05s

=== Sweep complete ===
Wrote /home/sasakis/v/tools/n2v/examples/FlowConformal/experiments/exp1_vnncomp_subset/outputs/exp1_linearizenn_2024_probstar.csv
Total wall-clock: 0.1 min
Counts: {'UNSAT': 0, 'SAT': 0, 'UNKNOWN': 0, 'NOT_APPLICABLE': 1, 'ERROR': 0, 'TIMEOUT': 0}
[run_cell   19/  60 t=  145s] idx=18   budget=900s (shell timeout=960s)
[linearizenn_2024] running only idx=18; appending to /home/sasakis/v/tools/n2v/examples/FlowConformal/experiments/exp1_vnncomp_subset/outputs/exp1_linearizenn_2024_probstar.csv
[linearizenn_2024 1/1 t=0s budget=900s] idx=18 AllInOne_50_50.onnx+prop_50_50.vnnlib
    verdict=NOT_APPLICABLE  wall=4.05s

=== Sweep complete ===
Wrote /home/sasakis/v/tools/n2v/examples/FlowConformal/experiments/exp1_vnncomp_subset/outputs/exp1_linearizenn_2024_probstar.csv
Total wall-clock: 0.1 min
Counts: {'UNSAT': 0, 'SAT': 0, 'UNKNOWN': 0, 'NOT_APPLICABLE': 1, 'ERROR': 0, 'TIMEOUT': 0}
[run_cell   20/  60 t=  153s] idx=19   budget=900s (shell timeout=960s)
[linearizenn_2024] running only idx=19; appending to /home/sasakis/v/tools/n2v/examples/FlowConformal/experiments/exp1_vnncomp_subset/outputs/exp1_linearizenn_2024_probstar.csv
[linearizenn_2024 1/1 t=0s budget=900s] idx=19 AllInOne_50_50.onnx+prop_50_50_0.vnnlib
    verdict=NOT_APPLICABLE  wall=4.05s

=== Sweep complete ===
Wrote /home/sasakis/v/tools/n2v/examples/FlowConformal/experiments/exp1_vnncomp_subset/outputs/exp1_linearizenn_2024_probstar.csv
Total wall-clock: 0.1 min
Counts: {'UNSAT': 0, 'SAT': 0, 'UNKNOWN': 0, 'NOT_APPLICABLE': 1, 'ERROR': 0, 'TIMEOUT': 0}
[run_cell   21/  60 t=  161s] idx=20   budget=900s (shell timeout=960s)
[linearizenn_2024] running only idx=20; appending to /home/sasakis/v/tools/n2v/examples/FlowConformal/experiments/exp1_vnncomp_subset/outputs/exp1_linearizenn_2024_probstar.csv
[linearizenn_2024 1/1 t=0s budget=900s] idx=20 AllInOne_50_50.onnx+prop_50_50_1.vnnlib
    verdict=NOT_APPLICABLE  wall=4.08s

=== Sweep complete ===
Wrote /home/sasakis/v/tools/n2v/examples/FlowConformal/experiments/exp1_vnncomp_subset/outputs/exp1_linearizenn_2024_probstar.csv
Total wall-clock: 0.1 min
Counts: {'UNSAT': 0, 'SAT': 0, 'UNKNOWN': 0, 'NOT_APPLICABLE': 1, 'ERROR': 0, 'TIMEOUT': 0}
[run_cell   22/  60 t=  169s] idx=21   budget=900s (shell timeout=960s)
[linearizenn_2024] running only idx=21; appending to /home/sasakis/v/tools/n2v/examples/FlowConformal/experiments/exp1_vnncomp_subset/outputs/exp1_linearizenn_2024_probstar.csv
[linearizenn_2024 1/1 t=0s budget=900s] idx=21 AllInOne_50_50.onnx+prop_50_50_2.vnnlib
    verdict=NOT_APPLICABLE  wall=4.08s

=== Sweep complete ===
Wrote /home/sasakis/v/tools/n2v/examples/FlowConformal/experiments/exp1_vnncomp_subset/outputs/exp1_linearizenn_2024_probstar.csv
Total wall-clock: 0.1 min
Counts: {'UNSAT': 0, 'SAT': 0, 'UNKNOWN': 0, 'NOT_APPLICABLE': 1, 'ERROR': 0, 'TIMEOUT': 0}
[run_cell   23/  60 t=  177s] idx=22   budget=900s (shell timeout=960s)
[linearizenn_2024] running only idx=22; appending to /home/sasakis/v/tools/n2v/examples/FlowConformal/experiments/exp1_vnncomp_subset/outputs/exp1_linearizenn_2024_probstar.csv
[linearizenn_2024 1/1 t=0s budget=900s] idx=22 AllInOne_50_50.onnx+prop_50_50_3.vnnlib
    verdict=NOT_APPLICABLE  wall=4.32s

=== Sweep complete ===
Wrote /home/sasakis/v/tools/n2v/examples/FlowConformal/experiments/exp1_vnncomp_subset/outputs/exp1_linearizenn_2024_probstar.csv
Total wall-clock: 0.1 min
Counts: {'UNSAT': 0, 'SAT': 0, 'UNKNOWN': 0, 'NOT_APPLICABLE': 1, 'ERROR': 0, 'TIMEOUT': 0}
[run_cell   24/  60 t=  185s] idx=23   budget=900s (shell timeout=960s)
[linearizenn_2024] running only idx=23; appending to /home/sasakis/v/tools/n2v/examples/FlowConformal/experiments/exp1_vnncomp_subset/outputs/exp1_linearizenn_2024_probstar.csv
[linearizenn_2024 1/1 t=0s budget=900s] idx=23 AllInOne_50_50.onnx+prop_50_50_4.vnnlib
    verdict=NOT_APPLICABLE  wall=4.19s

=== Sweep complete ===
Wrote /home/sasakis/v/tools/n2v/examples/FlowConformal/experiments/exp1_vnncomp_subset/outputs/exp1_linearizenn_2024_probstar.csv
Total wall-clock: 0.1 min
Counts: {'UNSAT': 0, 'SAT': 0, 'UNKNOWN': 0, 'NOT_APPLICABLE': 1, 'ERROR': 0, 'TIMEOUT': 0}
[run_cell   25/  60 t=  193s] idx=24   budget=900s (shell timeout=960s)
[linearizenn_2024] running only idx=24; appending to /home/sasakis/v/tools/n2v/examples/FlowConformal/experiments/exp1_vnncomp_subset/outputs/exp1_linearizenn_2024_probstar.csv
[linearizenn_2024 1/1 t=0s budget=900s] idx=24 AllInOne_50_120.onnx+prop_50_120.vnnlib
    verdict=NOT_APPLICABLE  wall=4.26s

=== Sweep complete ===
Wrote /home/sasakis/v/tools/n2v/examples/FlowConformal/experiments/exp1_vnncomp_subset/outputs/exp1_linearizenn_2024_probstar.csv
Total wall-clock: 0.1 min
Counts: {'UNSAT': 0, 'SAT': 0, 'UNKNOWN': 0, 'NOT_APPLICABLE': 1, 'ERROR': 0, 'TIMEOUT': 0}
[run_cell   26/  60 t=  202s] idx=25   budget=900s (shell timeout=960s)
[linearizenn_2024] running only idx=25; appending to /home/sasakis/v/tools/n2v/examples/FlowConformal/experiments/exp1_vnncomp_subset/outputs/exp1_linearizenn_2024_probstar.csv
[linearizenn_2024 1/1 t=0s budget=900s] idx=25 AllInOne_50_120.onnx+prop_50_120_0.vnnlib
    verdict=NOT_APPLICABLE  wall=4.51s

=== Sweep complete ===
Wrote /home/sasakis/v/tools/n2v/examples/FlowConformal/experiments/exp1_vnncomp_subset/outputs/exp1_linearizenn_2024_probstar.csv
Total wall-clock: 0.1 min
Counts: {'UNSAT': 0, 'SAT': 0, 'UNKNOWN': 0, 'NOT_APPLICABLE': 1, 'ERROR': 0, 'TIMEOUT': 0}
[run_cell   27/  60 t=  210s] idx=26   budget=900s (shell timeout=960s)
[linearizenn_2024] running only idx=26; appending to /home/sasakis/v/tools/n2v/examples/FlowConformal/experiments/exp1_vnncomp_subset/outputs/exp1_linearizenn_2024_probstar.csv
[linearizenn_2024 1/1 t=0s budget=900s] idx=26 AllInOne_50_120.onnx+prop_50_120_1.vnnlib
    verdict=NOT_APPLICABLE  wall=4.31s

=== Sweep complete ===
Wrote /home/sasakis/v/tools/n2v/examples/FlowConformal/experiments/exp1_vnncomp_subset/outputs/exp1_linearizenn_2024_probstar.csv
Total wall-clock: 0.1 min
Counts: {'UNSAT': 0, 'SAT': 0, 'UNKNOWN': 0, 'NOT_APPLICABLE': 1, 'ERROR': 0, 'TIMEOUT': 0}
[run_cell   28/  60 t=  219s] idx=27   budget=900s (shell timeout=960s)
[linearizenn_2024] running only idx=27; appending to /home/sasakis/v/tools/n2v/examples/FlowConformal/experiments/exp1_vnncomp_subset/outputs/exp1_linearizenn_2024_probstar.csv
[linearizenn_2024 1/1 t=0s budget=900s] idx=27 AllInOne_50_120.onnx+prop_50_120_2.vnnlib
    verdict=NOT_APPLICABLE  wall=4.26s

=== Sweep complete ===
Wrote /home/sasakis/v/tools/n2v/examples/FlowConformal/experiments/exp1_vnncomp_subset/outputs/exp1_linearizenn_2024_probstar.csv
Total wall-clock: 0.1 min
Counts: {'UNSAT': 0, 'SAT': 0, 'UNKNOWN': 0, 'NOT_APPLICABLE': 1, 'ERROR': 0, 'TIMEOUT': 0}
[run_cell   29/  60 t=  227s] idx=28   budget=900s (shell timeout=960s)
[linearizenn_2024] running only idx=28; appending to /home/sasakis/v/tools/n2v/examples/FlowConformal/experiments/exp1_vnncomp_subset/outputs/exp1_linearizenn_2024_probstar.csv
[linearizenn_2024 1/1 t=0s budget=900s] idx=28 AllInOne_50_120.onnx+prop_50_120_3.vnnlib
    verdict=NOT_APPLICABLE  wall=4.09s

=== Sweep complete ===
Wrote /home/sasakis/v/tools/n2v/examples/FlowConformal/experiments/exp1_vnncomp_subset/outputs/exp1_linearizenn_2024_probstar.csv
Total wall-clock: 0.1 min
Counts: {'UNSAT': 0, 'SAT': 0, 'UNKNOWN': 0, 'NOT_APPLICABLE': 1, 'ERROR': 0, 'TIMEOUT': 0}
[run_cell   30/  60 t=  235s] idx=29   budget=900s (shell timeout=960s)
[linearizenn_2024] running only idx=29; appending to /home/sasakis/v/tools/n2v/examples/FlowConformal/experiments/exp1_vnncomp_subset/outputs/exp1_linearizenn_2024_probstar.csv
[linearizenn_2024 1/1 t=0s budget=900s] idx=29 AllInOne_50_120.onnx+prop_50_120_4.vnnlib
    verdict=NOT_APPLICABLE  wall=4.08s

=== Sweep complete ===
Wrote /home/sasakis/v/tools/n2v/examples/FlowConformal/experiments/exp1_vnncomp_subset/outputs/exp1_linearizenn_2024_probstar.csv
Total wall-clock: 0.1 min
Counts: {'UNSAT': 0, 'SAT': 0, 'UNKNOWN': 0, 'NOT_APPLICABLE': 1, 'ERROR': 0, 'TIMEOUT': 0}
[run_cell   31/  60 t=  243s] idx=30   budget=900s (shell timeout=960s)
[linearizenn_2024] running only idx=30; appending to /home/sasakis/v/tools/n2v/examples/FlowConformal/experiments/exp1_vnncomp_subset/outputs/exp1_linearizenn_2024_probstar.csv
[linearizenn_2024 1/1 t=0s budget=900s] idx=30 AllInOne_80_30.onnx+prop_80_30.vnnlib
    verdict=NOT_APPLICABLE  wall=4.08s

=== Sweep complete ===
Wrote /home/sasakis/v/tools/n2v/examples/FlowConformal/experiments/exp1_vnncomp_subset/outputs/exp1_linearizenn_2024_probstar.csv
Total wall-clock: 0.1 min
Counts: {'UNSAT': 0, 'SAT': 0, 'UNKNOWN': 0, 'NOT_APPLICABLE': 1, 'ERROR': 0, 'TIMEOUT': 0}
[run_cell   32/  60 t=  251s] idx=31   budget=900s (shell timeout=960s)
[linearizenn_2024] running only idx=31; appending to /home/sasakis/v/tools/n2v/examples/FlowConformal/experiments/exp1_vnncomp_subset/outputs/exp1_linearizenn_2024_probstar.csv
[linearizenn_2024 1/1 t=0s budget=900s] idx=31 AllInOne_80_30.onnx+prop_80_30_0.vnnlib
    verdict=NOT_APPLICABLE  wall=4.08s

=== Sweep complete ===
Wrote /home/sasakis/v/tools/n2v/examples/FlowConformal/experiments/exp1_vnncomp_subset/outputs/exp1_linearizenn_2024_probstar.csv
Total wall-clock: 0.1 min
Counts: {'UNSAT': 0, 'SAT': 0, 'UNKNOWN': 0, 'NOT_APPLICABLE': 1, 'ERROR': 0, 'TIMEOUT': 0}
[run_cell   33/  60 t=  259s] idx=32   budget=900s (shell timeout=960s)
[linearizenn_2024] running only idx=32; appending to /home/sasakis/v/tools/n2v/examples/FlowConformal/experiments/exp1_vnncomp_subset/outputs/exp1_linearizenn_2024_probstar.csv
[linearizenn_2024 1/1 t=0s budget=900s] idx=32 AllInOne_80_30.onnx+prop_80_30_1.vnnlib
    verdict=NOT_APPLICABLE  wall=4.33s

=== Sweep complete ===
Wrote /home/sasakis/v/tools/n2v/examples/FlowConformal/experiments/exp1_vnncomp_subset/outputs/exp1_linearizenn_2024_probstar.csv
Total wall-clock: 0.1 min
Counts: {'UNSAT': 0, 'SAT': 0, 'UNKNOWN': 0, 'NOT_APPLICABLE': 1, 'ERROR': 0, 'TIMEOUT': 0}
[run_cell   34/  60 t=  267s] idx=33   budget=900s (shell timeout=960s)
[linearizenn_2024] running only idx=33; appending to /home/sasakis/v/tools/n2v/examples/FlowConformal/experiments/exp1_vnncomp_subset/outputs/exp1_linearizenn_2024_probstar.csv
[linearizenn_2024 1/1 t=0s budget=900s] idx=33 AllInOne_80_30.onnx+prop_80_30_2.vnnlib
    verdict=NOT_APPLICABLE  wall=4.08s

=== Sweep complete ===
Wrote /home/sasakis/v/tools/n2v/examples/FlowConformal/experiments/exp1_vnncomp_subset/outputs/exp1_linearizenn_2024_probstar.csv
Total wall-clock: 0.1 min
Counts: {'UNSAT': 0, 'SAT': 0, 'UNKNOWN': 0, 'NOT_APPLICABLE': 1, 'ERROR': 0, 'TIMEOUT': 0}
[run_cell   35/  60 t=  275s] idx=34   budget=900s (shell timeout=960s)
[linearizenn_2024] running only idx=34; appending to /home/sasakis/v/tools/n2v/examples/FlowConformal/experiments/exp1_vnncomp_subset/outputs/exp1_linearizenn_2024_probstar.csv
[linearizenn_2024 1/1 t=0s budget=900s] idx=34 AllInOne_80_30.onnx+prop_80_30_3.vnnlib
    verdict=NOT_APPLICABLE  wall=4.07s

=== Sweep complete ===
Wrote /home/sasakis/v/tools/n2v/examples/FlowConformal/experiments/exp1_vnncomp_subset/outputs/exp1_linearizenn_2024_probstar.csv
Total wall-clock: 0.1 min
Counts: {'UNSAT': 0, 'SAT': 0, 'UNKNOWN': 0, 'NOT_APPLICABLE': 1, 'ERROR': 0, 'TIMEOUT': 0}
[run_cell   36/  60 t=  283s] idx=35   budget=900s (shell timeout=960s)
[linearizenn_2024] running only idx=35; appending to /home/sasakis/v/tools/n2v/examples/FlowConformal/experiments/exp1_vnncomp_subset/outputs/exp1_linearizenn_2024_probstar.csv
[linearizenn_2024 1/1 t=0s budget=900s] idx=35 AllInOne_80_30.onnx+prop_80_30_4.vnnlib
    verdict=NOT_APPLICABLE  wall=4.09s

=== Sweep complete ===
Wrote /home/sasakis/v/tools/n2v/examples/FlowConformal/experiments/exp1_vnncomp_subset/outputs/exp1_linearizenn_2024_probstar.csv
Total wall-clock: 0.1 min
Counts: {'UNSAT': 0, 'SAT': 0, 'UNKNOWN': 0, 'NOT_APPLICABLE': 1, 'ERROR': 0, 'TIMEOUT': 0}
[run_cell   37/  60 t=  291s] idx=36   budget=900s (shell timeout=960s)
[linearizenn_2024] running only idx=36; appending to /home/sasakis/v/tools/n2v/examples/FlowConformal/experiments/exp1_vnncomp_subset/outputs/exp1_linearizenn_2024_probstar.csv
[linearizenn_2024 1/1 t=0s budget=900s] idx=36 AllInOne_80_80.onnx+prop_80_80.vnnlib
    verdict=NOT_APPLICABLE  wall=4.06s

=== Sweep complete ===
Wrote /home/sasakis/v/tools/n2v/examples/FlowConformal/experiments/exp1_vnncomp_subset/outputs/exp1_linearizenn_2024_probstar.csv
Total wall-clock: 0.1 min
Counts: {'UNSAT': 0, 'SAT': 0, 'UNKNOWN': 0, 'NOT_APPLICABLE': 1, 'ERROR': 0, 'TIMEOUT': 0}
[run_cell   38/  60 t=  299s] idx=37   budget=900s (shell timeout=960s)
[linearizenn_2024] running only idx=37; appending to /home/sasakis/v/tools/n2v/examples/FlowConformal/experiments/exp1_vnncomp_subset/outputs/exp1_linearizenn_2024_probstar.csv
[linearizenn_2024 1/1 t=0s budget=900s] idx=37 AllInOne_80_80.onnx+prop_80_80_0.vnnlib
    verdict=NOT_APPLICABLE  wall=4.10s

=== Sweep complete ===
Wrote /home/sasakis/v/tools/n2v/examples/FlowConformal/experiments/exp1_vnncomp_subset/outputs/exp1_linearizenn_2024_probstar.csv
Total wall-clock: 0.1 min
Counts: {'UNSAT': 0, 'SAT': 0, 'UNKNOWN': 0, 'NOT_APPLICABLE': 1, 'ERROR': 0, 'TIMEOUT': 0}
[run_cell   39/  60 t=  307s] idx=38   budget=900s (shell timeout=960s)
[linearizenn_2024] running only idx=38; appending to /home/sasakis/v/tools/n2v/examples/FlowConformal/experiments/exp1_vnncomp_subset/outputs/exp1_linearizenn_2024_probstar.csv
[linearizenn_2024 1/1 t=0s budget=900s] idx=38 AllInOne_80_80.onnx+prop_80_80_1.vnnlib
    verdict=NOT_APPLICABLE  wall=4.08s

=== Sweep complete ===
Wrote /home/sasakis/v/tools/n2v/examples/FlowConformal/experiments/exp1_vnncomp_subset/outputs/exp1_linearizenn_2024_probstar.csv
Total wall-clock: 0.1 min
Counts: {'UNSAT': 0, 'SAT': 0, 'UNKNOWN': 0, 'NOT_APPLICABLE': 1, 'ERROR': 0, 'TIMEOUT': 0}
[run_cell   40/  60 t=  315s] idx=39   budget=900s (shell timeout=960s)
[linearizenn_2024] running only idx=39; appending to /home/sasakis/v/tools/n2v/examples/FlowConformal/experiments/exp1_vnncomp_subset/outputs/exp1_linearizenn_2024_probstar.csv
[linearizenn_2024 1/1 t=0s budget=900s] idx=39 AllInOne_80_80.onnx+prop_80_80_2.vnnlib
    verdict=NOT_APPLICABLE  wall=4.04s

=== Sweep complete ===
Wrote /home/sasakis/v/tools/n2v/examples/FlowConformal/experiments/exp1_vnncomp_subset/outputs/exp1_linearizenn_2024_probstar.csv
Total wall-clock: 0.1 min
Counts: {'UNSAT': 0, 'SAT': 0, 'UNKNOWN': 0, 'NOT_APPLICABLE': 1, 'ERROR': 0, 'TIMEOUT': 0}
[run_cell   41/  60 t=  323s] idx=40   budget=900s (shell timeout=960s)
[linearizenn_2024] running only idx=40; appending to /home/sasakis/v/tools/n2v/examples/FlowConformal/experiments/exp1_vnncomp_subset/outputs/exp1_linearizenn_2024_probstar.csv
[linearizenn_2024 1/1 t=0s budget=900s] idx=40 AllInOne_80_80.onnx+prop_80_80_3.vnnlib
    verdict=NOT_APPLICABLE  wall=4.13s

=== Sweep complete ===
Wrote /home/sasakis/v/tools/n2v/examples/FlowConformal/experiments/exp1_vnncomp_subset/outputs/exp1_linearizenn_2024_probstar.csv
Total wall-clock: 0.1 min
Counts: {'UNSAT': 0, 'SAT': 0, 'UNKNOWN': 0, 'NOT_APPLICABLE': 1, 'ERROR': 0, 'TIMEOUT': 0}
[run_cell   42/  60 t=  332s] idx=41   budget=900s (shell timeout=960s)
[linearizenn_2024] running only idx=41; appending to /home/sasakis/v/tools/n2v/examples/FlowConformal/experiments/exp1_vnncomp_subset/outputs/exp1_linearizenn_2024_probstar.csv
[linearizenn_2024 1/1 t=0s budget=900s] idx=41 AllInOne_80_80.onnx+prop_80_80_4.vnnlib
    verdict=NOT_APPLICABLE  wall=4.09s

=== Sweep complete ===
Wrote /home/sasakis/v/tools/n2v/examples/FlowConformal/experiments/exp1_vnncomp_subset/outputs/exp1_linearizenn_2024_probstar.csv
Total wall-clock: 0.1 min
Counts: {'UNSAT': 0, 'SAT': 0, 'UNKNOWN': 0, 'NOT_APPLICABLE': 1, 'ERROR': 0, 'TIMEOUT': 0}
[run_cell   43/  60 t=  340s] idx=42   budget=900s (shell timeout=960s)
[linearizenn_2024] running only idx=42; appending to /home/sasakis/v/tools/n2v/examples/FlowConformal/experiments/exp1_vnncomp_subset/outputs/exp1_linearizenn_2024_probstar.csv
[linearizenn_2024 1/1 t=0s budget=900s] idx=42 AllInOne_120_30.onnx+prop_120_30.vnnlib
    verdict=NOT_APPLICABLE  wall=4.15s

=== Sweep complete ===
Wrote /home/sasakis/v/tools/n2v/examples/FlowConformal/experiments/exp1_vnncomp_subset/outputs/exp1_linearizenn_2024_probstar.csv
Total wall-clock: 0.1 min
Counts: {'UNSAT': 0, 'SAT': 0, 'UNKNOWN': 0, 'NOT_APPLICABLE': 1, 'ERROR': 0, 'TIMEOUT': 0}
[run_cell   44/  60 t=  348s] idx=43   budget=900s (shell timeout=960s)
[linearizenn_2024] running only idx=43; appending to /home/sasakis/v/tools/n2v/examples/FlowConformal/experiments/exp1_vnncomp_subset/outputs/exp1_linearizenn_2024_probstar.csv
[linearizenn_2024 1/1 t=0s budget=900s] idx=43 AllInOne_120_30.onnx+prop_120_30_0.vnnlib
    verdict=NOT_APPLICABLE  wall=4.08s

=== Sweep complete ===
Wrote /home/sasakis/v/tools/n2v/examples/FlowConformal/experiments/exp1_vnncomp_subset/outputs/exp1_linearizenn_2024_probstar.csv
Total wall-clock: 0.1 min
Counts: {'UNSAT': 0, 'SAT': 0, 'UNKNOWN': 0, 'NOT_APPLICABLE': 1, 'ERROR': 0, 'TIMEOUT': 0}
[run_cell   45/  60 t=  356s] idx=44   budget=900s (shell timeout=960s)
[linearizenn_2024] running only idx=44; appending to /home/sasakis/v/tools/n2v/examples/FlowConformal/experiments/exp1_vnncomp_subset/outputs/exp1_linearizenn_2024_probstar.csv
[linearizenn_2024 1/1 t=0s budget=900s] idx=44 AllInOne_120_30.onnx+prop_120_30_1.vnnlib
    verdict=NOT_APPLICABLE  wall=4.05s

=== Sweep complete ===
Wrote /home/sasakis/v/tools/n2v/examples/FlowConformal/experiments/exp1_vnncomp_subset/outputs/exp1_linearizenn_2024_probstar.csv
Total wall-clock: 0.1 min
Counts: {'UNSAT': 0, 'SAT': 0, 'UNKNOWN': 0, 'NOT_APPLICABLE': 1, 'ERROR': 0, 'TIMEOUT': 0}
[run_cell   46/  60 t=  364s] idx=45   budget=900s (shell timeout=960s)
[linearizenn_2024] running only idx=45; appending to /home/sasakis/v/tools/n2v/examples/FlowConformal/experiments/exp1_vnncomp_subset/outputs/exp1_linearizenn_2024_probstar.csv
[linearizenn_2024 1/1 t=0s budget=900s] idx=45 AllInOne_120_30.onnx+prop_120_30_2.vnnlib
    verdict=NOT_APPLICABLE  wall=4.10s

=== Sweep complete ===
Wrote /home/sasakis/v/tools/n2v/examples/FlowConformal/experiments/exp1_vnncomp_subset/outputs/exp1_linearizenn_2024_probstar.csv
Total wall-clock: 0.1 min
Counts: {'UNSAT': 0, 'SAT': 0, 'UNKNOWN': 0, 'NOT_APPLICABLE': 1, 'ERROR': 0, 'TIMEOUT': 0}
[run_cell   47/  60 t=  372s] idx=46   budget=900s (shell timeout=960s)
[linearizenn_2024] running only idx=46; appending to /home/sasakis/v/tools/n2v/examples/FlowConformal/experiments/exp1_vnncomp_subset/outputs/exp1_linearizenn_2024_probstar.csv
[linearizenn_2024 1/1 t=0s budget=900s] idx=46 AllInOne_120_30.onnx+prop_120_30_3.vnnlib
    verdict=NOT_APPLICABLE  wall=4.40s

=== Sweep complete ===
Wrote /home/sasakis/v/tools/n2v/examples/FlowConformal/experiments/exp1_vnncomp_subset/outputs/exp1_linearizenn_2024_probstar.csv
Total wall-clock: 0.1 min
Counts: {'UNSAT': 0, 'SAT': 0, 'UNKNOWN': 0, 'NOT_APPLICABLE': 1, 'ERROR': 0, 'TIMEOUT': 0}
[run_cell   48/  60 t=  380s] idx=47   budget=900s (shell timeout=960s)
[linearizenn_2024] running only idx=47; appending to /home/sasakis/v/tools/n2v/examples/FlowConformal/experiments/exp1_vnncomp_subset/outputs/exp1_linearizenn_2024_probstar.csv
[linearizenn_2024 1/1 t=0s budget=900s] idx=47 AllInOne_120_30.onnx+prop_120_30_4.vnnlib
    verdict=NOT_APPLICABLE  wall=4.19s

=== Sweep complete ===
Wrote /home/sasakis/v/tools/n2v/examples/FlowConformal/experiments/exp1_vnncomp_subset/outputs/exp1_linearizenn_2024_probstar.csv
Total wall-clock: 0.1 min
Counts: {'UNSAT': 0, 'SAT': 0, 'UNKNOWN': 0, 'NOT_APPLICABLE': 1, 'ERROR': 0, 'TIMEOUT': 0}
[run_cell   49/  60 t=  389s] idx=48   budget=900s (shell timeout=960s)
[linearizenn_2024] running only idx=48; appending to /home/sasakis/v/tools/n2v/examples/FlowConformal/experiments/exp1_vnncomp_subset/outputs/exp1_linearizenn_2024_probstar.csv
[linearizenn_2024 1/1 t=0s budget=900s] idx=48 AllInOne_120_50.onnx+prop_120_50.vnnlib
    verdict=NOT_APPLICABLE  wall=4.10s

=== Sweep complete ===
Wrote /home/sasakis/v/tools/n2v/examples/FlowConformal/experiments/exp1_vnncomp_subset/outputs/exp1_linearizenn_2024_probstar.csv
Total wall-clock: 0.1 min
Counts: {'UNSAT': 0, 'SAT': 0, 'UNKNOWN': 0, 'NOT_APPLICABLE': 1, 'ERROR': 0, 'TIMEOUT': 0}
[run_cell   50/  60 t=  397s] idx=49   budget=900s (shell timeout=960s)
[linearizenn_2024] running only idx=49; appending to /home/sasakis/v/tools/n2v/examples/FlowConformal/experiments/exp1_vnncomp_subset/outputs/exp1_linearizenn_2024_probstar.csv
[linearizenn_2024 1/1 t=0s budget=900s] idx=49 AllInOne_120_50.onnx+prop_120_50_0.vnnlib
    verdict=NOT_APPLICABLE  wall=4.08s

=== Sweep complete ===
Wrote /home/sasakis/v/tools/n2v/examples/FlowConformal/experiments/exp1_vnncomp_subset/outputs/exp1_linearizenn_2024_probstar.csv
Total wall-clock: 0.1 min
Counts: {'UNSAT': 0, 'SAT': 0, 'UNKNOWN': 0, 'NOT_APPLICABLE': 1, 'ERROR': 0, 'TIMEOUT': 0}
[run_cell   51/  60 t=  405s] idx=50   budget=900s (shell timeout=960s)
[linearizenn_2024] running only idx=50; appending to /home/sasakis/v/tools/n2v/examples/FlowConformal/experiments/exp1_vnncomp_subset/outputs/exp1_linearizenn_2024_probstar.csv
[linearizenn_2024 1/1 t=0s budget=900s] idx=50 AllInOne_120_50.onnx+prop_120_50_1.vnnlib
    verdict=NOT_APPLICABLE  wall=4.06s

=== Sweep complete ===
Wrote /home/sasakis/v/tools/n2v/examples/FlowConformal/experiments/exp1_vnncomp_subset/outputs/exp1_linearizenn_2024_probstar.csv
Total wall-clock: 0.1 min
Counts: {'UNSAT': 0, 'SAT': 0, 'UNKNOWN': 0, 'NOT_APPLICABLE': 1, 'ERROR': 0, 'TIMEOUT': 0}
[run_cell   52/  60 t=  413s] idx=51   budget=900s (shell timeout=960s)
[linearizenn_2024] running only idx=51; appending to /home/sasakis/v/tools/n2v/examples/FlowConformal/experiments/exp1_vnncomp_subset/outputs/exp1_linearizenn_2024_probstar.csv
[linearizenn_2024 1/1 t=0s budget=900s] idx=51 AllInOne_120_50.onnx+prop_120_50_2.vnnlib
    verdict=NOT_APPLICABLE  wall=4.09s

=== Sweep complete ===
Wrote /home/sasakis/v/tools/n2v/examples/FlowConformal/experiments/exp1_vnncomp_subset/outputs/exp1_linearizenn_2024_probstar.csv
Total wall-clock: 0.1 min
Counts: {'UNSAT': 0, 'SAT': 0, 'UNKNOWN': 0, 'NOT_APPLICABLE': 1, 'ERROR': 0, 'TIMEOUT': 0}
[run_cell   53/  60 t=  421s] idx=52   budget=900s (shell timeout=960s)
[linearizenn_2024] running only idx=52; appending to /home/sasakis/v/tools/n2v/examples/FlowConformal/experiments/exp1_vnncomp_subset/outputs/exp1_linearizenn_2024_probstar.csv
[linearizenn_2024 1/1 t=0s budget=900s] idx=52 AllInOne_120_50.onnx+prop_120_50_3.vnnlib
    verdict=NOT_APPLICABLE  wall=4.30s

=== Sweep complete ===
Wrote /home/sasakis/v/tools/n2v/examples/FlowConformal/experiments/exp1_vnncomp_subset/outputs/exp1_linearizenn_2024_probstar.csv
Total wall-clock: 0.1 min
Counts: {'UNSAT': 0, 'SAT': 0, 'UNKNOWN': 0, 'NOT_APPLICABLE': 1, 'ERROR': 0, 'TIMEOUT': 0}
[run_cell   54/  60 t=  430s] idx=53   budget=900s (shell timeout=960s)
[linearizenn_2024] running only idx=53; appending to /home/sasakis/v/tools/n2v/examples/FlowConformal/experiments/exp1_vnncomp_subset/outputs/exp1_linearizenn_2024_probstar.csv
[linearizenn_2024 1/1 t=0s budget=900s] idx=53 AllInOne_120_50.onnx+prop_120_50_4.vnnlib
    verdict=NOT_APPLICABLE  wall=4.10s

=== Sweep complete ===
Wrote /home/sasakis/v/tools/n2v/examples/FlowConformal/experiments/exp1_vnncomp_subset/outputs/exp1_linearizenn_2024_probstar.csv
Total wall-clock: 0.1 min
Counts: {'UNSAT': 0, 'SAT': 0, 'UNKNOWN': 0, 'NOT_APPLICABLE': 1, 'ERROR': 0, 'TIMEOUT': 0}
[run_cell   55/  60 t=  438s] idx=54   budget=900s (shell timeout=960s)
[linearizenn_2024] running only idx=54; appending to /home/sasakis/v/tools/n2v/examples/FlowConformal/experiments/exp1_vnncomp_subset/outputs/exp1_linearizenn_2024_probstar.csv
[linearizenn_2024 1/1 t=0s budget=900s] idx=54 AllInOne_120_120.onnx+prop_120_120.vnnlib
    verdict=NOT_APPLICABLE  wall=4.19s

=== Sweep complete ===
Wrote /home/sasakis/v/tools/n2v/examples/FlowConformal/experiments/exp1_vnncomp_subset/outputs/exp1_linearizenn_2024_probstar.csv
Total wall-clock: 0.1 min
Counts: {'UNSAT': 0, 'SAT': 0, 'UNKNOWN': 0, 'NOT_APPLICABLE': 1, 'ERROR': 0, 'TIMEOUT': 0}
[run_cell   56/  60 t=  446s] idx=55   budget=900s (shell timeout=960s)
[linearizenn_2024] running only idx=55; appending to /home/sasakis/v/tools/n2v/examples/FlowConformal/experiments/exp1_vnncomp_subset/outputs/exp1_linearizenn_2024_probstar.csv
[linearizenn_2024 1/1 t=0s budget=900s] idx=55 AllInOne_120_120.onnx+prop_120_120_0.vnnlib
    verdict=NOT_APPLICABLE  wall=4.18s

=== Sweep complete ===
Wrote /home/sasakis/v/tools/n2v/examples/FlowConformal/experiments/exp1_vnncomp_subset/outputs/exp1_linearizenn_2024_probstar.csv
Total wall-clock: 0.1 min
Counts: {'UNSAT': 0, 'SAT': 0, 'UNKNOWN': 0, 'NOT_APPLICABLE': 1, 'ERROR': 0, 'TIMEOUT': 0}
[run_cell   57/  60 t=  454s] idx=56   budget=900s (shell timeout=960s)
[linearizenn_2024] running only idx=56; appending to /home/sasakis/v/tools/n2v/examples/FlowConformal/experiments/exp1_vnncomp_subset/outputs/exp1_linearizenn_2024_probstar.csv
[linearizenn_2024 1/1 t=0s budget=900s] idx=56 AllInOne_120_120.onnx+prop_120_120_1.vnnlib
    verdict=NOT_APPLICABLE  wall=4.35s

=== Sweep complete ===
Wrote /home/sasakis/v/tools/n2v/examples/FlowConformal/experiments/exp1_vnncomp_subset/outputs/exp1_linearizenn_2024_probstar.csv
Total wall-clock: 0.1 min
Counts: {'UNSAT': 0, 'SAT': 0, 'UNKNOWN': 0, 'NOT_APPLICABLE': 1, 'ERROR': 0, 'TIMEOUT': 0}
[run_cell   58/  60 t=  463s] idx=57   budget=900s (shell timeout=960s)
[linearizenn_2024] running only idx=57; appending to /home/sasakis/v/tools/n2v/examples/FlowConformal/experiments/exp1_vnncomp_subset/outputs/exp1_linearizenn_2024_probstar.csv
[linearizenn_2024 1/1 t=0s budget=900s] idx=57 AllInOne_120_120.onnx+prop_120_120_2.vnnlib
    verdict=NOT_APPLICABLE  wall=4.18s

=== Sweep complete ===
Wrote /home/sasakis/v/tools/n2v/examples/FlowConformal/experiments/exp1_vnncomp_subset/outputs/exp1_linearizenn_2024_probstar.csv
Total wall-clock: 0.1 min
Counts: {'UNSAT': 0, 'SAT': 0, 'UNKNOWN': 0, 'NOT_APPLICABLE': 1, 'ERROR': 0, 'TIMEOUT': 0}
[run_cell   59/  60 t=  471s] idx=58   budget=900s (shell timeout=960s)
[linearizenn_2024] running only idx=58; appending to /home/sasakis/v/tools/n2v/examples/FlowConformal/experiments/exp1_vnncomp_subset/outputs/exp1_linearizenn_2024_probstar.csv
[linearizenn_2024 1/1 t=0s budget=900s] idx=58 AllInOne_120_120.onnx+prop_120_120_3.vnnlib
    verdict=NOT_APPLICABLE  wall=4.08s

=== Sweep complete ===
Wrote /home/sasakis/v/tools/n2v/examples/FlowConformal/experiments/exp1_vnncomp_subset/outputs/exp1_linearizenn_2024_probstar.csv
Total wall-clock: 0.1 min
Counts: {'UNSAT': 0, 'SAT': 0, 'UNKNOWN': 0, 'NOT_APPLICABLE': 1, 'ERROR': 0, 'TIMEOUT': 0}
[run_cell   60/  60 t=  479s] idx=59   budget=900s (shell timeout=960s)
[linearizenn_2024] running only idx=59; appending to /home/sasakis/v/tools/n2v/examples/FlowConformal/experiments/exp1_vnncomp_subset/outputs/exp1_linearizenn_2024_probstar.csv
[linearizenn_2024 1/1 t=0s budget=900s] idx=59 AllInOne_120_120.onnx+prop_120_120_4.vnnlib
    verdict=NOT_APPLICABLE  wall=4.09s

=== Sweep complete ===
Wrote /home/sasakis/v/tools/n2v/examples/FlowConformal/experiments/exp1_vnncomp_subset/outputs/exp1_linearizenn_2024_probstar.csv
Total wall-clock: 0.1 min
Counts: {'UNSAT': 0, 'SAT': 0, 'UNKNOWN': 0, 'NOT_APPLICABLE': 1, 'ERROR': 0, 'TIMEOUT': 0}
[run_cell] complete. shell-killed timeouts and exits noted above; CSV row counts in the output file.

[2026-05-05T18:59:49-05:00] === END:   exp1_linearizenn_2024_probstar (rc=0) ===
