[2026-05-03T07:00:00-05:00] === START: exp1_collins_rul_cnn_2022_ours ===
[run_cell] exp1_vnncomp_subset.exp1_run_ours --benchmark collins_rul_cnn_2022: 62 instances
[run_cell    1/  62 t=    0s] idx=0    budget=30s (shell timeout=90s)
[collins_rul_cnn_2022] running only instance idx=0; appending to /home/sasakis/v/tools/n2v/examples/FlowConformal/experiments/exp1_vnncomp_subset/outputs/exp1_collins_rul_cnn_2022_ours.csv
[collins_rul_cnn_2022 1/1 t=0s budget=30s] onnx/NN_rul_small_window_20.onnx + vnnlib/robustness_2perturbations_delta5_epsilon10_w20.vnnlib
    verdict=SAT  wall=1.3s
[run_cell    2/  62 t=    6s] idx=1    budget=30s (shell timeout=90s)
[collins_rul_cnn_2022] running only instance idx=1; appending to /home/sasakis/v/tools/n2v/examples/FlowConformal/experiments/exp1_vnncomp_subset/outputs/exp1_collins_rul_cnn_2022_ours.csv
[collins_rul_cnn_2022 1/1 t=0s budget=30s] onnx/NN_rul_small_window_20.onnx + vnnlib/robustness_2perturbations_delta10_epsilon10_w20.vnnlib
    verdict=UNSAT  wall=32.8s
[run_cell    3/  62 t=   44s] idx=2    budget=60s (shell timeout=120s)
[collins_rul_cnn_2022] running only instance idx=2; appending to /home/sasakis/v/tools/n2v/examples/FlowConformal/experiments/exp1_vnncomp_subset/outputs/exp1_collins_rul_cnn_2022_ours.csv
[collins_rul_cnn_2022 1/1 t=0s budget=60s] onnx/NN_rul_small_window_20.onnx + vnnlib/robustness_2perturbations_delta20_epsilon10_w20.vnnlib
    verdict=UNSAT  wall=30.9s
[run_cell    4/  62 t=   80s] idx=3    budget=60s (shell timeout=120s)
[collins_rul_cnn_2022] running only instance idx=3; appending to /home/sasakis/v/tools/n2v/examples/FlowConformal/experiments/exp1_vnncomp_subset/outputs/exp1_collins_rul_cnn_2022_ours.csv
[collins_rul_cnn_2022 1/1 t=0s budget=60s] onnx/NN_rul_small_window_20.onnx + vnnlib/robustness_2perturbations_delta40_epsilon10_w20.vnnlib
    verdict=UNSAT  wall=40.6s
[run_cell    5/  62 t=  126s] idx=4    budget=60s (shell timeout=120s)
[collins_rul_cnn_2022] running only instance idx=4; appending to /home/sasakis/v/tools/n2v/examples/FlowConformal/experiments/exp1_vnncomp_subset/outputs/exp1_collins_rul_cnn_2022_ours.csv
[collins_rul_cnn_2022 1/1 t=0s budget=60s] onnx/NN_rul_small_window_20.onnx + vnnlib/robustness_4perturbations_delta5_epsilon10_w20.vnnlib
    verdict=SAT  wall=2.9s
[run_cell    6/  62 t=  134s] idx=5    budget=60s (shell timeout=120s)
[collins_rul_cnn_2022] running only instance idx=5; appending to /home/sasakis/v/tools/n2v/examples/FlowConformal/experiments/exp1_vnncomp_subset/outputs/exp1_collins_rul_cnn_2022_ours.csv
[collins_rul_cnn_2022 1/1 t=0s budget=60s] onnx/NN_rul_small_window_20.onnx + vnnlib/robustness_4perturbations_delta10_epsilon10_w20.vnnlib
    verdict=SAT  wall=2.9s
[run_cell    7/  62 t=  141s] idx=6    budget=120s (shell timeout=180s)
[collins_rul_cnn_2022] running only instance idx=6; appending to /home/sasakis/v/tools/n2v/examples/FlowConformal/experiments/exp1_vnncomp_subset/outputs/exp1_collins_rul_cnn_2022_ours.csv
[collins_rul_cnn_2022 1/1 t=0s budget=120s] onnx/NN_rul_small_window_20.onnx + vnnlib/robustness_4perturbations_delta20_epsilon10_w20.vnnlib
    verdict=SAT  wall=2.9s
[run_cell    8/  62 t=  149s] idx=7    budget=120s (shell timeout=180s)
[collins_rul_cnn_2022] running only instance idx=7; appending to /home/sasakis/v/tools/n2v/examples/FlowConformal/experiments/exp1_vnncomp_subset/outputs/exp1_collins_rul_cnn_2022_ours.csv
[collins_rul_cnn_2022 1/1 t=0s budget=120s] onnx/NN_rul_small_window_20.onnx + vnnlib/robustness_4perturbations_delta40_epsilon10_w20.vnnlib
    verdict=SAT  wall=2.9s
[run_cell    9/  62 t=  156s] idx=8    budget=120s (shell timeout=180s)
[collins_rul_cnn_2022] running only instance idx=8; appending to /home/sasakis/v/tools/n2v/examples/FlowConformal/experiments/exp1_vnncomp_subset/outputs/exp1_collins_rul_cnn_2022_ours.csv
[collins_rul_cnn_2022 1/1 t=0s budget=120s] onnx/NN_rul_small_window_20.onnx + vnnlib/robustness_8perturbations_delta5_epsilon10_w20.vnnlib
    verdict=UNSAT  wall=33.1s
[run_cell   10/  62 t=  195s] idx=9    budget=120s (shell timeout=180s)
[collins_rul_cnn_2022] running only instance idx=9; appending to /home/sasakis/v/tools/n2v/examples/FlowConformal/experiments/exp1_vnncomp_subset/outputs/exp1_collins_rul_cnn_2022_ours.csv
[collins_rul_cnn_2022 1/1 t=0s budget=120s] onnx/NN_rul_small_window_20.onnx + vnnlib/robustness_8perturbations_delta10_epsilon10_w20.vnnlib
    verdict=UNSAT  wall=30.8s
[run_cell   11/  62 t=  231s] idx=10   budget=300s (shell timeout=360s)
[collins_rul_cnn_2022] running only instance idx=10; appending to /home/sasakis/v/tools/n2v/examples/FlowConformal/experiments/exp1_vnncomp_subset/outputs/exp1_collins_rul_cnn_2022_ours.csv
[collins_rul_cnn_2022 1/1 t=0s budget=300s] onnx/NN_rul_small_window_20.onnx + vnnlib/robustness_8perturbations_delta20_epsilon10_w20.vnnlib
    verdict=UNSAT  wall=31.5s
[run_cell   12/  62 t=  268s] idx=11   budget=300s (shell timeout=360s)
[collins_rul_cnn_2022] running only instance idx=11; appending to /home/sasakis/v/tools/n2v/examples/FlowConformal/experiments/exp1_vnncomp_subset/outputs/exp1_collins_rul_cnn_2022_ours.csv
[collins_rul_cnn_2022 1/1 t=0s budget=300s] onnx/NN_rul_small_window_20.onnx + vnnlib/robustness_8perturbations_delta40_epsilon10_w20.vnnlib
    verdict=UNSAT  wall=32.3s
[run_cell   13/  62 t=  305s] idx=12   budget=300s (shell timeout=360s)
[collins_rul_cnn_2022] running only instance idx=12; appending to /home/sasakis/v/tools/n2v/examples/FlowConformal/experiments/exp1_vnncomp_subset/outputs/exp1_collins_rul_cnn_2022_ours.csv
[collins_rul_cnn_2022 1/1 t=0s budget=300s] onnx/NN_rul_small_window_20.onnx + vnnlib/robustness_16perturbations_delta5_epsilon10_w20.vnnlib
    verdict=UNSAT  wall=31.4s
[run_cell   14/  62 t=  342s] idx=13   budget=300s (shell timeout=360s)
[collins_rul_cnn_2022] running only instance idx=13; appending to /home/sasakis/v/tools/n2v/examples/FlowConformal/experiments/exp1_vnncomp_subset/outputs/exp1_collins_rul_cnn_2022_ours.csv
[collins_rul_cnn_2022 1/1 t=0s budget=300s] onnx/NN_rul_small_window_20.onnx + vnnlib/robustness_16perturbations_delta10_epsilon10_w20.vnnlib
    verdict=SAT  wall=2.9s
[run_cell   15/  62 t=  350s] idx=14   budget=300s (shell timeout=360s)
[collins_rul_cnn_2022] running only instance idx=14; appending to /home/sasakis/v/tools/n2v/examples/FlowConformal/experiments/exp1_vnncomp_subset/outputs/exp1_collins_rul_cnn_2022_ours.csv
[collins_rul_cnn_2022 1/1 t=0s budget=300s] onnx/NN_rul_small_window_20.onnx + vnnlib/robustness_16perturbations_delta20_epsilon10_w20.vnnlib
    verdict=UNSAT  wall=41.0s
[run_cell   16/  62 t=  396s] idx=15   budget=300s (shell timeout=360s)
[collins_rul_cnn_2022] running only instance idx=15; appending to /home/sasakis/v/tools/n2v/examples/FlowConformal/experiments/exp1_vnncomp_subset/outputs/exp1_collins_rul_cnn_2022_ours.csv
[collins_rul_cnn_2022 1/1 t=0s budget=300s] onnx/NN_rul_small_window_20.onnx + vnnlib/robustness_16perturbations_delta40_epsilon10_w20.vnnlib
    verdict=SAT  wall=2.9s
[run_cell   17/  62 t=  403s] idx=16   budget=30s (shell timeout=90s)
[collins_rul_cnn_2022] running only instance idx=16; appending to /home/sasakis/v/tools/n2v/examples/FlowConformal/experiments/exp1_vnncomp_subset/outputs/exp1_collins_rul_cnn_2022_ours.csv
[collins_rul_cnn_2022 1/1 t=0s budget=30s] onnx/NN_rul_small_window_20.onnx + vnnlib/monotonicity_CI_shift5_w20.vnnlib
    verdict=UNSAT  wall=41.0s
[run_cell   18/  62 t=  450s] idx=17   budget=120s (shell timeout=180s)
[collins_rul_cnn_2022] running only instance idx=17; appending to /home/sasakis/v/tools/n2v/examples/FlowConformal/experiments/exp1_vnncomp_subset/outputs/exp1_collins_rul_cnn_2022_ours.csv
[collins_rul_cnn_2022 1/1 t=0s budget=120s] onnx/NN_rul_small_window_20.onnx + vnnlib/monotonicity_CI_shift10_w20.vnnlib
    verdict=UNSAT  wall=32.1s
[run_cell   19/  62 t=  487s] idx=18   budget=300s (shell timeout=360s)
[collins_rul_cnn_2022] running only instance idx=18; appending to /home/sasakis/v/tools/n2v/examples/FlowConformal/experiments/exp1_vnncomp_subset/outputs/exp1_collins_rul_cnn_2022_ours.csv
[collins_rul_cnn_2022 1/1 t=0s budget=300s] onnx/NN_rul_small_window_20.onnx + vnnlib/monotonicity_CI_shift20_w20.vnnlib
    verdict=UNSAT  wall=32.1s
[run_cell   20/  62 t=  524s] idx=19   budget=1800s (shell timeout=1860s)
[collins_rul_cnn_2022] running only instance idx=19; appending to /home/sasakis/v/tools/n2v/examples/FlowConformal/experiments/exp1_vnncomp_subset/outputs/exp1_collins_rul_cnn_2022_ours.csv
[collins_rul_cnn_2022 1/1 t=0s budget=1800s] onnx/NN_rul_small_window_20.onnx + vnnlib/if_then_5levels_w20.vnnlib
    verdict=SAT  wall=2.9s
[run_cell   21/  62 t=  532s] idx=20   budget=1800s (shell timeout=1860s)
[collins_rul_cnn_2022] running only instance idx=20; appending to /home/sasakis/v/tools/n2v/examples/FlowConformal/experiments/exp1_vnncomp_subset/outputs/exp1_collins_rul_cnn_2022_ours.csv
[collins_rul_cnn_2022 1/1 t=0s budget=1800s] onnx/NN_rul_small_window_20.onnx + vnnlib/if_then_7levels_w20.vnnlib
    verdict=SAT  wall=2.9s
[run_cell   22/  62 t=  540s] idx=21   budget=1800s (shell timeout=1860s)
[collins_rul_cnn_2022] running only instance idx=21; appending to /home/sasakis/v/tools/n2v/examples/FlowConformal/experiments/exp1_vnncomp_subset/outputs/exp1_collins_rul_cnn_2022_ours.csv
[collins_rul_cnn_2022 1/1 t=0s budget=1800s] onnx/NN_rul_small_window_20.onnx + vnnlib/if_then_9levels_w20.vnnlib
    verdict=SAT  wall=2.9s
[run_cell   23/  62 t=  547s] idx=22   budget=30s (shell timeout=90s)
[collins_rul_cnn_2022] running only instance idx=22; appending to /home/sasakis/v/tools/n2v/examples/FlowConformal/experiments/exp1_vnncomp_subset/outputs/exp1_collins_rul_cnn_2022_ours.csv
[collins_rul_cnn_2022 1/1 t=0s budget=30s] onnx/NN_rul_full_window_20.onnx + vnnlib/robustness_2perturbations_delta5_epsilon10_w20.vnnlib
    verdict=SAT  wall=3.0s
[run_cell   24/  62 t=  555s] idx=23   budget=30s (shell timeout=90s)
[collins_rul_cnn_2022] running only instance idx=23; appending to /home/sasakis/v/tools/n2v/examples/FlowConformal/experiments/exp1_vnncomp_subset/outputs/exp1_collins_rul_cnn_2022_ours.csv
[collins_rul_cnn_2022 1/1 t=0s budget=30s] onnx/NN_rul_full_window_20.onnx + vnnlib/robustness_2perturbations_delta10_epsilon10_w20.vnnlib
    verdict=UNSAT  wall=40.7s
[run_cell   25/  62 t=  601s] idx=24   budget=60s (shell timeout=120s)
[collins_rul_cnn_2022] running only instance idx=24; appending to /home/sasakis/v/tools/n2v/examples/FlowConformal/experiments/exp1_vnncomp_subset/outputs/exp1_collins_rul_cnn_2022_ours.csv
[collins_rul_cnn_2022 1/1 t=0s budget=60s] onnx/NN_rul_full_window_20.onnx + vnnlib/robustness_2perturbations_delta20_epsilon10_w20.vnnlib
    verdict=UNSAT  wall=30.8s
[run_cell   26/  62 t=  637s] idx=25   budget=120s (shell timeout=180s)
[collins_rul_cnn_2022] running only instance idx=25; appending to /home/sasakis/v/tools/n2v/examples/FlowConformal/experiments/exp1_vnncomp_subset/outputs/exp1_collins_rul_cnn_2022_ours.csv
[collins_rul_cnn_2022 1/1 t=0s budget=120s] onnx/NN_rul_full_window_20.onnx + vnnlib/robustness_2perturbations_delta40_epsilon10_w20.vnnlib
    verdict=UNSAT  wall=32.8s
[run_cell   27/  62 t=  675s] idx=26   budget=60s (shell timeout=120s)
[collins_rul_cnn_2022] running only instance idx=26; appending to /home/sasakis/v/tools/n2v/examples/FlowConformal/experiments/exp1_vnncomp_subset/outputs/exp1_collins_rul_cnn_2022_ours.csv
[collins_rul_cnn_2022 1/1 t=0s budget=60s] onnx/NN_rul_full_window_20.onnx + vnnlib/robustness_4perturbations_delta5_epsilon10_w20.vnnlib
    verdict=SAT  wall=3.0s
[run_cell   28/  62 t=  683s] idx=27   budget=60s (shell timeout=120s)
[collins_rul_cnn_2022] running only instance idx=27; appending to /home/sasakis/v/tools/n2v/examples/FlowConformal/experiments/exp1_vnncomp_subset/outputs/exp1_collins_rul_cnn_2022_ours.csv
[collins_rul_cnn_2022 1/1 t=0s budget=60s] onnx/NN_rul_full_window_20.onnx + vnnlib/robustness_4perturbations_delta10_epsilon10_w20.vnnlib
    verdict=SAT  wall=3.0s
[run_cell   29/  62 t=  690s] idx=28   budget=120s (shell timeout=180s)
[collins_rul_cnn_2022] running only instance idx=28; appending to /home/sasakis/v/tools/n2v/examples/FlowConformal/experiments/exp1_vnncomp_subset/outputs/exp1_collins_rul_cnn_2022_ours.csv
[collins_rul_cnn_2022 1/1 t=0s budget=120s] onnx/NN_rul_full_window_20.onnx + vnnlib/robustness_4perturbations_delta20_epsilon10_w20.vnnlib
    verdict=SAT  wall=3.0s
[run_cell   30/  62 t=  698s] idx=29   budget=300s (shell timeout=360s)
[collins_rul_cnn_2022] running only instance idx=29; appending to /home/sasakis/v/tools/n2v/examples/FlowConformal/experiments/exp1_vnncomp_subset/outputs/exp1_collins_rul_cnn_2022_ours.csv
[collins_rul_cnn_2022 1/1 t=0s budget=300s] onnx/NN_rul_full_window_20.onnx + vnnlib/robustness_4perturbations_delta40_epsilon10_w20.vnnlib
    verdict=SAT  wall=3.0s
[run_cell   31/  62 t=  706s] idx=30   budget=120s (shell timeout=180s)
[collins_rul_cnn_2022] running only instance idx=30; appending to /home/sasakis/v/tools/n2v/examples/FlowConformal/experiments/exp1_vnncomp_subset/outputs/exp1_collins_rul_cnn_2022_ours.csv
[collins_rul_cnn_2022 1/1 t=0s budget=120s] onnx/NN_rul_full_window_20.onnx + vnnlib/robustness_8perturbations_delta5_epsilon10_w20.vnnlib
    verdict=UNSAT  wall=39.4s
[run_cell   32/  62 t=  751s] idx=31   budget=300s (shell timeout=360s)
[collins_rul_cnn_2022] running only instance idx=31; appending to /home/sasakis/v/tools/n2v/examples/FlowConformal/experiments/exp1_vnncomp_subset/outputs/exp1_collins_rul_cnn_2022_ours.csv
[collins_rul_cnn_2022 1/1 t=0s budget=300s] onnx/NN_rul_full_window_20.onnx + vnnlib/robustness_8perturbations_delta10_epsilon10_w20.vnnlib
    verdict=UNSAT  wall=39.6s
[run_cell   33/  62 t=  796s] idx=32   budget=300s (shell timeout=360s)
[collins_rul_cnn_2022] running only instance idx=32; appending to /home/sasakis/v/tools/n2v/examples/FlowConformal/experiments/exp1_vnncomp_subset/outputs/exp1_collins_rul_cnn_2022_ours.csv
[collins_rul_cnn_2022 1/1 t=0s budget=300s] onnx/NN_rul_full_window_20.onnx + vnnlib/robustness_8perturbations_delta20_epsilon10_w20.vnnlib
    verdict=UNSAT  wall=32.0s
[run_cell   34/  62 t=  833s] idx=33   budget=300s (shell timeout=360s)
[collins_rul_cnn_2022] running only instance idx=33; appending to /home/sasakis/v/tools/n2v/examples/FlowConformal/experiments/exp1_vnncomp_subset/outputs/exp1_collins_rul_cnn_2022_ours.csv
[collins_rul_cnn_2022 1/1 t=0s budget=300s] onnx/NN_rul_full_window_20.onnx + vnnlib/robustness_8perturbations_delta40_epsilon10_w20.vnnlib
    verdict=UNSAT  wall=32.2s
[run_cell   35/  62 t=  870s] idx=34   budget=300s (shell timeout=360s)
[collins_rul_cnn_2022] running only instance idx=34; appending to /home/sasakis/v/tools/n2v/examples/FlowConformal/experiments/exp1_vnncomp_subset/outputs/exp1_collins_rul_cnn_2022_ours.csv
[collins_rul_cnn_2022 1/1 t=0s budget=300s] onnx/NN_rul_full_window_20.onnx + vnnlib/robustness_16perturbations_delta5_epsilon10_w20.vnnlib
    verdict=UNSAT  wall=33.3s
[run_cell   36/  62 t=  909s] idx=35   budget=300s (shell timeout=360s)
[collins_rul_cnn_2022] running only instance idx=35; appending to /home/sasakis/v/tools/n2v/examples/FlowConformal/experiments/exp1_vnncomp_subset/outputs/exp1_collins_rul_cnn_2022_ours.csv
[collins_rul_cnn_2022 1/1 t=0s budget=300s] onnx/NN_rul_full_window_20.onnx + vnnlib/robustness_16perturbations_delta10_epsilon10_w20.vnnlib
    verdict=SAT  wall=3.0s
[run_cell   37/  62 t=  917s] idx=36   budget=300s (shell timeout=360s)
[collins_rul_cnn_2022] running only instance idx=36; appending to /home/sasakis/v/tools/n2v/examples/FlowConformal/experiments/exp1_vnncomp_subset/outputs/exp1_collins_rul_cnn_2022_ours.csv
[collins_rul_cnn_2022 1/1 t=0s budget=300s] onnx/NN_rul_full_window_20.onnx + vnnlib/robustness_16perturbations_delta20_epsilon10_w20.vnnlib
    verdict=UNSAT  wall=32.4s
[run_cell   38/  62 t=  954s] idx=37   budget=300s (shell timeout=360s)
[collins_rul_cnn_2022] running only instance idx=37; appending to /home/sasakis/v/tools/n2v/examples/FlowConformal/experiments/exp1_vnncomp_subset/outputs/exp1_collins_rul_cnn_2022_ours.csv
[collins_rul_cnn_2022 1/1 t=0s budget=300s] onnx/NN_rul_full_window_20.onnx + vnnlib/robustness_16perturbations_delta40_epsilon10_w20.vnnlib
    verdict=SAT  wall=1.2s
[run_cell   39/  62 t=  960s] idx=38   budget=60s (shell timeout=120s)
[collins_rul_cnn_2022] running only instance idx=38; appending to /home/sasakis/v/tools/n2v/examples/FlowConformal/experiments/exp1_vnncomp_subset/outputs/exp1_collins_rul_cnn_2022_ours.csv
[collins_rul_cnn_2022 1/1 t=0s budget=60s] onnx/NN_rul_full_window_20.onnx + vnnlib/monotonicity_CI_shift5_w20.vnnlib
    verdict=UNSAT  wall=32.1s
[run_cell   40/  62 t=  997s] idx=39   budget=180s (shell timeout=240s)
[collins_rul_cnn_2022] running only instance idx=39; appending to /home/sasakis/v/tools/n2v/examples/FlowConformal/experiments/exp1_vnncomp_subset/outputs/exp1_collins_rul_cnn_2022_ours.csv
[collins_rul_cnn_2022 1/1 t=0s budget=180s] onnx/NN_rul_full_window_20.onnx + vnnlib/monotonicity_CI_shift10_w20.vnnlib
    verdict=UNSAT  wall=40.5s
[run_cell   41/  62 t= 1043s] idx=40   budget=360s (shell timeout=420s)
[collins_rul_cnn_2022] running only instance idx=40; appending to /home/sasakis/v/tools/n2v/examples/FlowConformal/experiments/exp1_vnncomp_subset/outputs/exp1_collins_rul_cnn_2022_ours.csv
[collins_rul_cnn_2022 1/1 t=0s budget=360s] onnx/NN_rul_full_window_20.onnx + vnnlib/monotonicity_CI_shift20_w20.vnnlib
    verdict=UNSAT  wall=31.8s
[run_cell   42/  62 t= 1080s] idx=41   budget=1800s (shell timeout=1860s)
[collins_rul_cnn_2022] running only instance idx=41; appending to /home/sasakis/v/tools/n2v/examples/FlowConformal/experiments/exp1_vnncomp_subset/outputs/exp1_collins_rul_cnn_2022_ours.csv
[collins_rul_cnn_2022 1/1 t=0s budget=1800s] onnx/NN_rul_full_window_20.onnx + vnnlib/if_then_7levels_w20.vnnlib
    verdict=SAT  wall=3.0s
[run_cell   43/  62 t= 1088s] idx=42   budget=1800s (shell timeout=1860s)
[collins_rul_cnn_2022] running only instance idx=42; appending to /home/sasakis/v/tools/n2v/examples/FlowConformal/experiments/exp1_vnncomp_subset/outputs/exp1_collins_rul_cnn_2022_ours.csv
[collins_rul_cnn_2022 1/1 t=0s budget=1800s] onnx/NN_rul_full_window_20.onnx + vnnlib/if_then_9levels_w20.vnnlib
    verdict=SAT  wall=3.0s
[run_cell   44/  62 t= 1096s] idx=43   budget=60s (shell timeout=120s)
[collins_rul_cnn_2022] running only instance idx=43; appending to /home/sasakis/v/tools/n2v/examples/FlowConformal/experiments/exp1_vnncomp_subset/outputs/exp1_collins_rul_cnn_2022_ours.csv
[collins_rul_cnn_2022 1/1 t=0s budget=60s] onnx/NN_rul_full_window_40.onnx + vnnlib/robustness_2perturbations_delta5_epsilon10_w40.vnnlib
    verdict=UNSAT  wall=39.9s
[run_cell   45/  62 t= 1141s] idx=44   budget=90s (shell timeout=150s)
[collins_rul_cnn_2022] running only instance idx=44; appending to /home/sasakis/v/tools/n2v/examples/FlowConformal/experiments/exp1_vnncomp_subset/outputs/exp1_collins_rul_cnn_2022_ours.csv
[collins_rul_cnn_2022 1/1 t=0s budget=90s] onnx/NN_rul_full_window_40.onnx + vnnlib/robustness_2perturbations_delta10_epsilon10_w40.vnnlib
    verdict=UNSAT  wall=33.4s
[run_cell   46/  62 t= 1180s] idx=45   budget=120s (shell timeout=180s)
[collins_rul_cnn_2022] running only instance idx=45; appending to /home/sasakis/v/tools/n2v/examples/FlowConformal/experiments/exp1_vnncomp_subset/outputs/exp1_collins_rul_cnn_2022_ours.csv
[collins_rul_cnn_2022 1/1 t=0s budget=120s] onnx/NN_rul_full_window_40.onnx + vnnlib/robustness_2perturbations_delta20_epsilon10_w40.vnnlib
    verdict=UNSAT  wall=33.7s
[run_cell   47/  62 t= 1219s] idx=46   budget=300s (shell timeout=360s)
[collins_rul_cnn_2022] running only instance idx=46; appending to /home/sasakis/v/tools/n2v/examples/FlowConformal/experiments/exp1_vnncomp_subset/outputs/exp1_collins_rul_cnn_2022_ours.csv
[collins_rul_cnn_2022 1/1 t=0s budget=300s] onnx/NN_rul_full_window_40.onnx + vnnlib/robustness_2perturbations_delta40_epsilon10_w40.vnnlib
    verdict=UNSAT  wall=30.6s
[run_cell   48/  62 t= 1255s] idx=47   budget=120s (shell timeout=180s)
[collins_rul_cnn_2022] running only instance idx=47; appending to /home/sasakis/v/tools/n2v/examples/FlowConformal/experiments/exp1_vnncomp_subset/outputs/exp1_collins_rul_cnn_2022_ours.csv
[collins_rul_cnn_2022 1/1 t=0s budget=120s] onnx/NN_rul_full_window_40.onnx + vnnlib/robustness_4perturbations_delta5_epsilon10_w40.vnnlib
    verdict=SAT  wall=1.4s
[run_cell   49/  62 t= 1261s] idx=48   budget=120s (shell timeout=180s)
[collins_rul_cnn_2022] running only instance idx=48; appending to /home/sasakis/v/tools/n2v/examples/FlowConformal/experiments/exp1_vnncomp_subset/outputs/exp1_collins_rul_cnn_2022_ours.csv
[collins_rul_cnn_2022 1/1 t=0s budget=120s] onnx/NN_rul_full_window_40.onnx + vnnlib/robustness_4perturbations_delta10_epsilon10_w40.vnnlib
    verdict=SAT  wall=2.9s
[run_cell   50/  62 t= 1268s] idx=49   budget=120s (shell timeout=180s)
[collins_rul_cnn_2022] running only instance idx=49; appending to /home/sasakis/v/tools/n2v/examples/FlowConformal/experiments/exp1_vnncomp_subset/outputs/exp1_collins_rul_cnn_2022_ours.csv
[collins_rul_cnn_2022 1/1 t=0s budget=120s] onnx/NN_rul_full_window_40.onnx + vnnlib/robustness_4perturbations_delta20_epsilon10_w40.vnnlib
    verdict=UNSAT  wall=40.7s
[run_cell   51/  62 t= 1314s] idx=50   budget=300s (shell timeout=360s)
[collins_rul_cnn_2022] running only instance idx=50; appending to /home/sasakis/v/tools/n2v/examples/FlowConformal/experiments/exp1_vnncomp_subset/outputs/exp1_collins_rul_cnn_2022_ours.csv
[collins_rul_cnn_2022 1/1 t=0s budget=300s] onnx/NN_rul_full_window_40.onnx + vnnlib/robustness_4perturbations_delta40_epsilon10_w40.vnnlib
    verdict=SAT  wall=1.6s
[run_cell   52/  62 t= 1320s] idx=51   budget=120s (shell timeout=180s)
[collins_rul_cnn_2022] running only instance idx=51; appending to /home/sasakis/v/tools/n2v/examples/FlowConformal/experiments/exp1_vnncomp_subset/outputs/exp1_collins_rul_cnn_2022_ours.csv
[collins_rul_cnn_2022 1/1 t=0s budget=120s] onnx/NN_rul_full_window_40.onnx + vnnlib/robustness_8perturbations_delta5_epsilon10_w40.vnnlib
    verdict=UNSAT  wall=32.8s
[run_cell   53/  62 t= 1359s] idx=52   budget=300s (shell timeout=360s)
[collins_rul_cnn_2022] running only instance idx=52; appending to /home/sasakis/v/tools/n2v/examples/FlowConformal/experiments/exp1_vnncomp_subset/outputs/exp1_collins_rul_cnn_2022_ours.csv
[collins_rul_cnn_2022 1/1 t=0s budget=300s] onnx/NN_rul_full_window_40.onnx + vnnlib/robustness_8perturbations_delta10_epsilon10_w40.vnnlib
    verdict=UNSAT  wall=32.6s
[run_cell   54/  62 t= 1396s] idx=53   budget=300s (shell timeout=360s)
[collins_rul_cnn_2022] running only instance idx=53; appending to /home/sasakis/v/tools/n2v/examples/FlowConformal/experiments/exp1_vnncomp_subset/outputs/exp1_collins_rul_cnn_2022_ours.csv
[collins_rul_cnn_2022 1/1 t=0s budget=300s] onnx/NN_rul_full_window_40.onnx + vnnlib/robustness_8perturbations_delta20_epsilon10_w40.vnnlib
    verdict=UNSAT  wall=33.6s
[run_cell   55/  62 t= 1435s] idx=54   budget=600s (shell timeout=660s)
[collins_rul_cnn_2022] running only instance idx=54; appending to /home/sasakis/v/tools/n2v/examples/FlowConformal/experiments/exp1_vnncomp_subset/outputs/exp1_collins_rul_cnn_2022_ours.csv
[collins_rul_cnn_2022 1/1 t=0s budget=600s] onnx/NN_rul_full_window_40.onnx + vnnlib/robustness_8perturbations_delta40_epsilon10_w40.vnnlib
    verdict=SAT  wall=2.6s
[run_cell   56/  62 t= 1443s] idx=55   budget=300s (shell timeout=360s)
[collins_rul_cnn_2022] running only instance idx=55; appending to /home/sasakis/v/tools/n2v/examples/FlowConformal/experiments/exp1_vnncomp_subset/outputs/exp1_collins_rul_cnn_2022_ours.csv
[collins_rul_cnn_2022 1/1 t=0s budget=300s] onnx/NN_rul_full_window_40.onnx + vnnlib/robustness_16perturbations_delta5_epsilon10_w40.vnnlib
    verdict=UNSAT  wall=34.0s
[run_cell   57/  62 t= 1482s] idx=56   budget=300s (shell timeout=360s)
[collins_rul_cnn_2022] running only instance idx=56; appending to /home/sasakis/v/tools/n2v/examples/FlowConformal/experiments/exp1_vnncomp_subset/outputs/exp1_collins_rul_cnn_2022_ours.csv
[collins_rul_cnn_2022 1/1 t=0s budget=300s] onnx/NN_rul_full_window_40.onnx + vnnlib/robustness_16perturbations_delta10_epsilon10_w40.vnnlib
    verdict=UNSAT  wall=40.0s
[run_cell   58/  62 t= 1527s] idx=57   budget=600s (shell timeout=660s)
[collins_rul_cnn_2022] running only instance idx=57; appending to /home/sasakis/v/tools/n2v/examples/FlowConformal/experiments/exp1_vnncomp_subset/outputs/exp1_collins_rul_cnn_2022_ours.csv
[collins_rul_cnn_2022 1/1 t=0s budget=600s] onnx/NN_rul_full_window_40.onnx + vnnlib/robustness_16perturbations_delta20_epsilon10_w40.vnnlib
    verdict=UNSAT  wall=31.2s
[run_cell   59/  62 t= 1564s] idx=58   budget=1200s (shell timeout=1260s)
[collins_rul_cnn_2022] running only instance idx=58; appending to /home/sasakis/v/tools/n2v/examples/FlowConformal/experiments/exp1_vnncomp_subset/outputs/exp1_collins_rul_cnn_2022_ours.csv
[collins_rul_cnn_2022 1/1 t=0s budget=1200s] onnx/NN_rul_full_window_40.onnx + vnnlib/robustness_16perturbations_delta40_epsilon10_w40.vnnlib
    verdict=UNSAT  wall=31.6s
[run_cell   60/  62 t= 1601s] idx=59   budget=120s (shell timeout=180s)
[collins_rul_cnn_2022] running only instance idx=59; appending to /home/sasakis/v/tools/n2v/examples/FlowConformal/experiments/exp1_vnncomp_subset/outputs/exp1_collins_rul_cnn_2022_ours.csv
[collins_rul_cnn_2022 1/1 t=0s budget=120s] onnx/NN_rul_full_window_40.onnx + vnnlib/monotonicity_CI_shift5_w40.vnnlib
    verdict=UNSAT  wall=40.5s
[run_cell   61/  62 t= 1647s] idx=60   budget=300s (shell timeout=360s)
[collins_rul_cnn_2022] running only instance idx=60; appending to /home/sasakis/v/tools/n2v/examples/FlowConformal/experiments/exp1_vnncomp_subset/outputs/exp1_collins_rul_cnn_2022_ours.csv
[collins_rul_cnn_2022 1/1 t=0s budget=300s] onnx/NN_rul_full_window_40.onnx + vnnlib/monotonicity_CI_shift10_w40.vnnlib
    verdict=UNSAT  wall=41.5s
[run_cell   62/  62 t= 1694s] idx=61   budget=600s (shell timeout=660s)
[collins_rul_cnn_2022] running only instance idx=61; appending to /home/sasakis/v/tools/n2v/examples/FlowConformal/experiments/exp1_vnncomp_subset/outputs/exp1_collins_rul_cnn_2022_ours.csv
[collins_rul_cnn_2022 1/1 t=0s budget=600s] onnx/NN_rul_full_window_40.onnx + vnnlib/monotonicity_CI_shift20_w40.vnnlib
    verdict=UNSAT  wall=33.6s
[run_cell] complete. shell-killed timeouts and exits noted above; CSV row counts in the output file.

[2026-05-03T07:28:57-05:00] === END:   exp1_collins_rul_cnn_2022_ours (rc=0) ===
