[2026-05-04T15:23:13-05:00] === START: exp1_metaroom_2023_ours ===
[run_cell] exp1_vnncomp_subset.exp1_run_ours --benchmark metaroom_2023: 100 instances
[run_cell    1/ 100 t=    0s] idx=0    budget=210s (shell timeout=270s)
[metaroom_2023] running only instance idx=0; appending to /home/sasakis/v/tools/n2v/examples/FlowConformal/experiments/exp1_vnncomp_subset/outputs/exp1_metaroom_2023_ours.csv
[metaroom_2023 1/1 t=0s budget=210s] ./onnx/6cnn_tz_35_5_no_custom_OP.onnx + ./vnnlib/spec_idx_176_eps_0.00001000.vnnlib
    verdict=UNSAT  wall=67.7s
[run_cell    2/ 100 t=   74s] idx=1    budget=210s (shell timeout=270s)
[metaroom_2023] running only instance idx=1; appending to /home/sasakis/v/tools/n2v/examples/FlowConformal/experiments/exp1_vnncomp_subset/outputs/exp1_metaroom_2023_ours.csv
[metaroom_2023 1/1 t=0s budget=210s] ./onnx/4cnn_tz_65_10_no_custom_OP.onnx + ./vnnlib/spec_idx_79_eps_0.00001000.vnnlib
    verdict=UNSAT  wall=77.8s
[run_cell    3/ 100 t=  156s] idx=2    budget=210s (shell timeout=270s)
[metaroom_2023] running only instance idx=2; appending to /home/sasakis/v/tools/n2v/examples/FlowConformal/experiments/exp1_vnncomp_subset/outputs/exp1_metaroom_2023_ours.csv
[metaroom_2023 1/1 t=0s budget=210s] ./onnx/6cnn_tz_65_10_no_custom_OP.onnx + ./vnnlib/spec_idx_196_eps_0.00001000.vnnlib
    verdict=UNSAT  wall=67.3s
[run_cell    4/ 100 t=  229s] idx=3    budget=210s (shell timeout=270s)
[metaroom_2023] running only instance idx=3; appending to /home/sasakis/v/tools/n2v/examples/FlowConformal/experiments/exp1_vnncomp_subset/outputs/exp1_metaroom_2023_ours.csv
[metaroom_2023 1/1 t=0s budget=210s] ./onnx/6cnn_ry_30_5_no_custom_OP.onnx + ./vnnlib/spec_idx_114_eps_0.00000436.vnnlib
    verdict=UNSAT  wall=67.0s
[run_cell    5/ 100 t=  302s] idx=4    budget=210s (shell timeout=270s)
[metaroom_2023] running only instance idx=4; appending to /home/sasakis/v/tools/n2v/examples/FlowConformal/experiments/exp1_vnncomp_subset/outputs/exp1_metaroom_2023_ours.csv
[metaroom_2023 1/1 t=0s budget=210s] ./onnx/4cnn_ry_47_7_no_custom_OP.onnx + ./vnnlib/spec_idx_23_eps_0.00000436.vnnlib
    verdict=UNSAT  wall=74.0s
[run_cell    6/ 100 t=  381s] idx=5    budget=210s (shell timeout=270s)
[metaroom_2023] running only instance idx=5; appending to /home/sasakis/v/tools/n2v/examples/FlowConformal/experiments/exp1_vnncomp_subset/outputs/exp1_metaroom_2023_ours.csv
[metaroom_2023 1/1 t=0s budget=210s] ./onnx/6cnn_ry_5_0_no_custom_OP.onnx + ./vnnlib/spec_idx_130_eps_0.00000436.vnnlib
    verdict=UNSAT  wall=70.0s
[run_cell    7/ 100 t=  457s] idx=6    budget=210s (shell timeout=270s)
[metaroom_2023] running only instance idx=6; appending to /home/sasakis/v/tools/n2v/examples/FlowConformal/experiments/exp1_vnncomp_subset/outputs/exp1_metaroom_2023_ours.csv
[metaroom_2023 1/1 t=0s budget=210s] ./onnx/4cnn_ry_65_10_no_custom_OP.onnx + ./vnnlib/spec_idx_33_eps_0.00000436.vnnlib
    verdict=UNSAT  wall=73.4s
[run_cell    8/ 100 t=  535s] idx=7    budget=210s (shell timeout=270s)
[metaroom_2023] running only instance idx=7; appending to /home/sasakis/v/tools/n2v/examples/FlowConformal/experiments/exp1_vnncomp_subset/outputs/exp1_metaroom_2023_ours.csv
[metaroom_2023 1/1 t=0s budget=210s] ./onnx/4cnn_tz_8_1_no_custom_OP.onnx + ./vnnlib/spec_idx_88_eps_0.00001000.vnnlib
    verdict=UNSAT  wall=76.5s
[run_cell    9/ 100 t=  617s] idx=8    budget=210s (shell timeout=270s)
[metaroom_2023] running only instance idx=8; appending to /home/sasakis/v/tools/n2v/examples/FlowConformal/experiments/exp1_vnncomp_subset/outputs/exp1_metaroom_2023_ours.csv
[metaroom_2023 1/1 t=0s budget=210s] ./onnx/6cnn_ry_38_6_no_custom_OP.onnx + ./vnnlib/spec_idx_118_eps_0.00000436.vnnlib
    verdict=UNSAT  wall=67.5s
[run_cell   10/ 100 t=  689s] idx=9    budget=210s (shell timeout=270s)
[metaroom_2023] running only instance idx=9; appending to /home/sasakis/v/tools/n2v/examples/FlowConformal/experiments/exp1_vnncomp_subset/outputs/exp1_metaroom_2023_ours.csv
[metaroom_2023 1/1 t=0s budget=210s] ./onnx/6cnn_ry_49_8_no_custom_OP.onnx + ./vnnlib/spec_idx_124_eps_0.00000436.vnnlib
    verdict=UNSAT  wall=72.2s
[run_cell   11/ 100 t=  767s] idx=10   budget=210s (shell timeout=270s)
[metaroom_2023] running only instance idx=10; appending to /home/sasakis/v/tools/n2v/examples/FlowConformal/experiments/exp1_vnncomp_subset/outputs/exp1_metaroom_2023_ours.csv
[metaroom_2023 1/1 t=0s budget=210s] ./onnx/4cnn_ry_34_5_no_custom_OP.onnx + ./vnnlib/spec_idx_12_eps_0.00000436.vnnlib
    verdict=UNSAT  wall=73.5s
[run_cell   12/ 100 t=  846s] idx=11   budget=210s (shell timeout=270s)
[metaroom_2023] running only instance idx=11; appending to /home/sasakis/v/tools/n2v/examples/FlowConformal/experiments/exp1_vnncomp_subset/outputs/exp1_metaroom_2023_ours.csv
[metaroom_2023 1/1 t=0s budget=210s] ./onnx/4cnn_tz_37_6_no_custom_OP.onnx + ./vnnlib/spec_idx_61_eps_0.00001000.vnnlib
    verdict=UNSAT  wall=73.6s
[run_cell   13/ 100 t=  924s] idx=12   budget=210s (shell timeout=270s)
[metaroom_2023] running only instance idx=12; appending to /home/sasakis/v/tools/n2v/examples/FlowConformal/experiments/exp1_vnncomp_subset/outputs/exp1_metaroom_2023_ours.csv
[metaroom_2023 1/1 t=0s budget=210s] ./onnx/6cnn_tz_114_19_no_custom_OP.onnx + ./vnnlib/spec_idx_160_eps_0.00001000.vnnlib
    verdict=UNSAT  wall=73.9s
[run_cell   14/ 100 t= 1003s] idx=13   budget=210s (shell timeout=270s)
[metaroom_2023] running only instance idx=13; appending to /home/sasakis/v/tools/n2v/examples/FlowConformal/experiments/exp1_vnncomp_subset/outputs/exp1_metaroom_2023_ours.csv
[metaroom_2023 1/1 t=0s budget=210s] ./onnx/4cnn_tz_31_5_no_custom_OP.onnx + ./vnnlib/spec_idx_57_eps_0.00001000.vnnlib
    verdict=UNSAT  wall=78.8s
[run_cell   15/ 100 t= 1087s] idx=14   budget=210s (shell timeout=270s)
[metaroom_2023] running only instance idx=14; appending to /home/sasakis/v/tools/n2v/examples/FlowConformal/experiments/exp1_vnncomp_subset/outputs/exp1_metaroom_2023_ours.csv
[metaroom_2023 1/1 t=0s budget=210s] ./onnx/6cnn_ry_93_15_no_custom_OP.onnx + ./vnnlib/spec_idx_148_eps_0.00000436.vnnlib
    verdict=UNSAT  wall=67.2s
[run_cell   16/ 100 t= 1160s] idx=15   budget=210s (shell timeout=270s)
[metaroom_2023] running only instance idx=15; appending to /home/sasakis/v/tools/n2v/examples/FlowConformal/experiments/exp1_vnncomp_subset/outputs/exp1_metaroom_2023_ours.csv
[metaroom_2023 1/1 t=0s budget=210s] ./onnx/4cnn_ry_56_9_no_custom_OP.onnx + ./vnnlib/spec_idx_27_eps_0.00000436.vnnlib
    verdict=UNSAT  wall=73.5s
[run_cell   17/ 100 t= 1239s] idx=16   budget=210s (shell timeout=270s)
[metaroom_2023] running only instance idx=16; appending to /home/sasakis/v/tools/n2v/examples/FlowConformal/experiments/exp1_vnncomp_subset/outputs/exp1_metaroom_2023_ours.csv
[metaroom_2023 1/1 t=0s budget=210s] ./onnx/6cnn_tz_91_15_no_custom_OP.onnx + ./vnnlib/spec_idx_207_eps_0.00001000.vnnlib
    verdict=UNSAT  wall=68.3s
[run_cell   18/ 100 t= 1312s] idx=17   budget=210s (shell timeout=270s)
[metaroom_2023] running only instance idx=17; appending to /home/sasakis/v/tools/n2v/examples/FlowConformal/experiments/exp1_vnncomp_subset/outputs/exp1_metaroom_2023_ours.csv
[metaroom_2023 1/1 t=0s budget=210s] ./onnx/6cnn_ry_48_8_no_custom_OP.onnx + ./vnnlib/spec_idx_123_eps_0.00000436.vnnlib
    verdict=UNSAT  wall=67.7s
[run_cell   19/ 100 t= 1385s] idx=18   budget=210s (shell timeout=270s)
[metaroom_2023] running only instance idx=18; appending to /home/sasakis/v/tools/n2v/examples/FlowConformal/experiments/exp1_vnncomp_subset/outputs/exp1_metaroom_2023_ours.csv
[metaroom_2023 1/1 t=0s budget=210s] ./onnx/6cnn_tz_62_10_no_custom_OP.onnx + ./vnnlib/spec_idx_193_eps_0.00001000.vnnlib
    verdict=UNSAT  wall=71.3s
[run_cell   20/ 100 t= 1462s] idx=19   budget=210s (shell timeout=270s)
[metaroom_2023] running only instance idx=19; appending to /home/sasakis/v/tools/n2v/examples/FlowConformal/experiments/exp1_vnncomp_subset/outputs/exp1_metaroom_2023_ours.csv
[metaroom_2023 1/1 t=0s budget=210s] ./onnx/6cnn_tz_75_12_no_custom_OP.onnx + ./vnnlib/spec_idx_203_eps_0.00001000.vnnlib
    verdict=UNSAT  wall=67.6s
[run_cell   21/ 100 t= 1535s] idx=20   budget=210s (shell timeout=270s)
[metaroom_2023] running only instance idx=20; appending to /home/sasakis/v/tools/n2v/examples/FlowConformal/experiments/exp1_vnncomp_subset/outputs/exp1_metaroom_2023_ours.csv
[metaroom_2023 1/1 t=0s budget=210s] ./onnx/4cnn_ry_6_1_no_custom_OP.onnx + ./vnnlib/spec_idx_35_eps_0.00000436.vnnlib
    verdict=UNSAT  wall=76.1s
[run_cell   22/ 100 t= 1616s] idx=21   budget=210s (shell timeout=270s)
[metaroom_2023] running only instance idx=21; appending to /home/sasakis/v/tools/n2v/examples/FlowConformal/experiments/exp1_vnncomp_subset/outputs/exp1_metaroom_2023_ours.csv
[metaroom_2023 1/1 t=0s budget=210s] ./onnx/4cnn_tz_70_11_no_custom_OP.onnx + ./vnnlib/spec_idx_82_eps_0.00001000.vnnlib
    verdict=UNSAT  wall=75.5s
[run_cell   23/ 100 t= 1696s] idx=22   budget=210s (shell timeout=270s)
[metaroom_2023] running only instance idx=22; appending to /home/sasakis/v/tools/n2v/examples/FlowConformal/experiments/exp1_vnncomp_subset/outputs/exp1_metaroom_2023_ours.csv
[metaroom_2023 1/1 t=0s budget=210s] ./onnx/4cnn_ry_117_19_no_custom_OP.onnx + ./vnnlib/spec_idx_3_eps_0.00000436.vnnlib
    verdict=UNSAT  wall=80.6s
[run_cell   24/ 100 t= 1782s] idx=23   budget=210s (shell timeout=270s)
[metaroom_2023] running only instance idx=23; appending to /home/sasakis/v/tools/n2v/examples/FlowConformal/experiments/exp1_vnncomp_subset/outputs/exp1_metaroom_2023_ours.csv
[metaroom_2023 1/1 t=0s budget=210s] ./onnx/4cnn_tz_117_19_no_custom_OP.onnx + ./vnnlib/spec_idx_49_eps_0.00001000.vnnlib
    verdict=UNSAT  wall=71.8s
[run_cell   25/ 100 t= 1859s] idx=24   budget=210s (shell timeout=270s)
[metaroom_2023] running only instance idx=24; appending to /home/sasakis/v/tools/n2v/examples/FlowConformal/experiments/exp1_vnncomp_subset/outputs/exp1_metaroom_2023_ours.csv
[metaroom_2023 1/1 t=0s budget=210s] ./onnx/4cnn_ry_68_11_no_custom_OP.onnx + ./vnnlib/spec_idx_34_eps_0.00000436.vnnlib
    verdict=UNSAT  wall=81.4s
[run_cell   26/ 100 t= 1945s] idx=25   budget=210s (shell timeout=270s)
[metaroom_2023] running only instance idx=25; appending to /home/sasakis/v/tools/n2v/examples/FlowConformal/experiments/exp1_vnncomp_subset/outputs/exp1_metaroom_2023_ours.csv
[metaroom_2023 1/1 t=0s budget=210s] ./onnx/4cnn_tz_33_5_no_custom_OP.onnx + ./vnnlib/spec_idx_58_eps_0.00001000.vnnlib
    verdict=UNSAT  wall=80.7s
[run_cell   27/ 100 t= 2031s] idx=26   budget=210s (shell timeout=270s)
[metaroom_2023] running only instance idx=26; appending to /home/sasakis/v/tools/n2v/examples/FlowConformal/experiments/exp1_vnncomp_subset/outputs/exp1_metaroom_2023_ours.csv
[metaroom_2023 1/1 t=0s budget=210s] ./onnx/6cnn_ry_57_9_no_custom_OP.onnx + ./vnnlib/spec_idx_129_eps_0.00000436.vnnlib
    verdict=UNSAT  wall=67.3s
[run_cell   28/ 100 t= 2104s] idx=27   budget=210s (shell timeout=270s)
[metaroom_2023] running only instance idx=27; appending to /home/sasakis/v/tools/n2v/examples/FlowConformal/experiments/exp1_vnncomp_subset/outputs/exp1_metaroom_2023_ours.csv
[metaroom_2023 1/1 t=0s budget=210s] ./onnx/6cnn_ry_1_0_no_custom_OP.onnx + ./vnnlib/spec_idx_108_eps_0.00000436.vnnlib
    verdict=UNSAT  wall=69.0s
[run_cell   29/ 100 t= 2178s] idx=28   budget=210s (shell timeout=270s)
[metaroom_2023] running only instance idx=28; appending to /home/sasakis/v/tools/n2v/examples/FlowConformal/experiments/exp1_vnncomp_subset/outputs/exp1_metaroom_2023_ours.csv
[metaroom_2023 1/1 t=0s budget=210s] ./onnx/6cnn_tz_52_8_no_custom_OP.onnx + ./vnnlib/spec_idx_187_eps_0.00001000.vnnlib
    verdict=UNSAT  wall=72.8s
[run_cell   30/ 100 t= 2256s] idx=29   budget=210s (shell timeout=270s)
[metaroom_2023] running only instance idx=29; appending to /home/sasakis/v/tools/n2v/examples/FlowConformal/experiments/exp1_vnncomp_subset/outputs/exp1_metaroom_2023_ours.csv
[metaroom_2023 1/1 t=0s budget=210s] ./onnx/6cnn_ry_64_10_no_custom_OP.onnx + ./vnnlib/spec_idx_132_eps_0.00000436.vnnlib
    verdict=UNSAT  wall=68.6s
[run_cell   31/ 100 t= 2330s] idx=30   budget=210s (shell timeout=270s)
[metaroom_2023] running only instance idx=30; appending to /home/sasakis/v/tools/n2v/examples/FlowConformal/experiments/exp1_vnncomp_subset/outputs/exp1_metaroom_2023_ours.csv
[metaroom_2023 1/1 t=0s budget=210s] ./onnx/6cnn_tz_49_8_no_custom_OP.onnx + ./vnnlib/spec_idx_185_eps_0.00001000.vnnlib
    verdict=UNSAT  wall=67.4s
[run_cell   32/ 100 t= 2403s] idx=31   budget=210s (shell timeout=270s)
[metaroom_2023] running only instance idx=31; appending to /home/sasakis/v/tools/n2v/examples/FlowConformal/experiments/exp1_vnncomp_subset/outputs/exp1_metaroom_2023_ours.csv
[metaroom_2023 1/1 t=0s budget=210s] ./onnx/6cnn_ry_66_11_no_custom_OP.onnx + ./vnnlib/spec_idx_134_eps_0.00000436.vnnlib
    verdict=UNSAT  wall=72.5s
[run_cell   33/ 100 t= 2481s] idx=32   budget=210s (shell timeout=270s)
[metaroom_2023] running only instance idx=32; appending to /home/sasakis/v/tools/n2v/examples/FlowConformal/experiments/exp1_vnncomp_subset/outputs/exp1_metaroom_2023_ours.csv
[metaroom_2023 1/1 t=0s budget=210s] ./onnx/4cnn_ry_20_3_no_custom_OP.onnx + ./vnnlib/spec_idx_7_eps_0.00000436.vnnlib
    verdict=UNSAT  wall=80.7s
[run_cell   34/ 100 t= 2567s] idx=33   budget=210s (shell timeout=270s)
[metaroom_2023] running only instance idx=33; appending to /home/sasakis/v/tools/n2v/examples/FlowConformal/experiments/exp1_vnncomp_subset/outputs/exp1_metaroom_2023_ours.csv
[metaroom_2023 1/1 t=0s budget=210s] ./onnx/6cnn_tz_103_17_no_custom_OP.onnx + ./vnnlib/spec_idx_154_eps_0.00001000.vnnlib
    verdict=UNSAT  wall=69.3s
[run_cell   35/ 100 t= 2641s] idx=34   budget=210s (shell timeout=270s)
[metaroom_2023] running only instance idx=34; appending to /home/sasakis/v/tools/n2v/examples/FlowConformal/experiments/exp1_vnncomp_subset/outputs/exp1_metaroom_2023_ours.csv
[metaroom_2023 1/1 t=0s budget=210s] ./onnx/4cnn_ry_44_7_no_custom_OP.onnx + ./vnnlib/spec_idx_21_eps_0.00000436.vnnlib
    verdict=UNSAT  wall=80.5s
[run_cell   36/ 100 t= 2727s] idx=35   budget=210s (shell timeout=270s)
[metaroom_2023] running only instance idx=35; appending to /home/sasakis/v/tools/n2v/examples/FlowConformal/experiments/exp1_vnncomp_subset/outputs/exp1_metaroom_2023_ours.csv
[metaroom_2023 1/1 t=0s budget=210s] ./onnx/4cnn_ry_99_16_no_custom_OP.onnx + ./vnnlib/spec_idx_43_eps_0.00000436.vnnlib
    verdict=SAT  wall=3.1s
[run_cell   37/ 100 t= 2735s] idx=36   budget=210s (shell timeout=270s)
[metaroom_2023] running only instance idx=36; appending to /home/sasakis/v/tools/n2v/examples/FlowConformal/experiments/exp1_vnncomp_subset/outputs/exp1_metaroom_2023_ours.csv
[metaroom_2023 1/1 t=0s budget=210s] ./onnx/4cnn_tz_19_3_no_custom_OP.onnx + ./vnnlib/spec_idx_51_eps_0.00001000.vnnlib
    verdict=UNSAT  wall=76.7s
[run_cell   38/ 100 t= 2816s] idx=37   budget=210s (shell timeout=270s)
[metaroom_2023] running only instance idx=37; appending to /home/sasakis/v/tools/n2v/examples/FlowConformal/experiments/exp1_vnncomp_subset/outputs/exp1_metaroom_2023_ours.csv
[metaroom_2023 1/1 t=0s budget=210s] ./onnx/6cnn_tz_66_11_no_custom_OP.onnx + ./vnnlib/spec_idx_197_eps_0.00001000.vnnlib
    verdict=UNSAT  wall=72.5s
[run_cell   39/ 100 t= 2894s] idx=38   budget=210s (shell timeout=270s)
[metaroom_2023] running only instance idx=38; appending to /home/sasakis/v/tools/n2v/examples/FlowConformal/experiments/exp1_vnncomp_subset/outputs/exp1_metaroom_2023_ours.csv
[metaroom_2023 1/1 t=0s budget=210s] ./onnx/6cnn_tz_0_0_no_custom_OP.onnx + ./vnnlib/spec_idx_152_eps_0.00001000.vnnlib
    verdict=UNSAT  wall=69.9s
[run_cell   40/ 100 t= 2970s] idx=39   budget=210s (shell timeout=270s)
[metaroom_2023] running only instance idx=39; appending to /home/sasakis/v/tools/n2v/examples/FlowConformal/experiments/exp1_vnncomp_subset/outputs/exp1_metaroom_2023_ours.csv
[metaroom_2023 1/1 t=0s budget=210s] ./onnx/6cnn_tz_118_19_no_custom_OP.onnx + ./vnnlib/spec_idx_162_eps_0.00001000.vnnlib
    verdict=UNSAT  wall=68.7s
[run_cell   41/ 100 t= 3044s] idx=40   budget=210s (shell timeout=270s)
[metaroom_2023] running only instance idx=40; appending to /home/sasakis/v/tools/n2v/examples/FlowConformal/experiments/exp1_vnncomp_subset/outputs/exp1_metaroom_2023_ours.csv
[metaroom_2023 1/1 t=0s budget=210s] ./onnx/6cnn_tz_67_11_no_custom_OP.onnx + ./vnnlib/spec_idx_198_eps_0.00001000.vnnlib
    verdict=UNSAT  wall=71.9s
[run_cell   42/ 100 t= 3121s] idx=41   budget=210s (shell timeout=270s)
[metaroom_2023] running only instance idx=41; appending to /home/sasakis/v/tools/n2v/examples/FlowConformal/experiments/exp1_vnncomp_subset/outputs/exp1_metaroom_2023_ours.csv
[metaroom_2023 1/1 t=0s budget=210s] ./onnx/6cnn_tz_21_3_no_custom_OP.onnx + ./vnnlib/spec_idx_170_eps_0.00001000.vnnlib
    verdict=UNSAT  wall=73.1s
[run_cell   43/ 100 t= 3200s] idx=42   budget=210s (shell timeout=270s)
[metaroom_2023] running only instance idx=42; appending to /home/sasakis/v/tools/n2v/examples/FlowConformal/experiments/exp1_vnncomp_subset/outputs/exp1_metaroom_2023_ours.csv
[metaroom_2023 1/1 t=0s budget=210s] ./onnx/4cnn_tz_1_0_no_custom_OP.onnx + ./vnnlib/spec_idx_52_eps_0.00001000.vnnlib
    verdict=UNSAT  wall=73.9s
[run_cell   44/ 100 t= 3279s] idx=43   budget=210s (shell timeout=270s)
[metaroom_2023] running only instance idx=43; appending to /home/sasakis/v/tools/n2v/examples/FlowConformal/experiments/exp1_vnncomp_subset/outputs/exp1_metaroom_2023_ours.csv
[metaroom_2023 1/1 t=0s budget=210s] ./onnx/4cnn_ry_48_8_no_custom_OP.onnx + ./vnnlib/spec_idx_24_eps_0.00000436.vnnlib
    verdict=UNSAT  wall=77.7s
[run_cell   45/ 100 t= 3362s] idx=44   budget=210s (shell timeout=270s)
[metaroom_2023] running only instance idx=44; appending to /home/sasakis/v/tools/n2v/examples/FlowConformal/experiments/exp1_vnncomp_subset/outputs/exp1_metaroom_2023_ours.csv
[metaroom_2023 1/1 t=0s budget=210s] ./onnx/4cnn_ry_61_10_no_custom_OP.onnx + ./vnnlib/spec_idx_31_eps_0.00000436.vnnlib
    verdict=UNSAT  wall=81.4s
[run_cell   46/ 100 t= 3448s] idx=45   budget=210s (shell timeout=270s)
[metaroom_2023] running only instance idx=45; appending to /home/sasakis/v/tools/n2v/examples/FlowConformal/experiments/exp1_vnncomp_subset/outputs/exp1_metaroom_2023_ours.csv
[metaroom_2023 1/1 t=0s budget=210s] ./onnx/6cnn_ry_81_13_no_custom_OP.onnx + ./vnnlib/spec_idx_144_eps_0.00000436.vnnlib
    verdict=SAT  wall=3.4s
[run_cell   47/ 100 t= 3456s] idx=46   budget=210s (shell timeout=270s)
[metaroom_2023] running only instance idx=46; appending to /home/sasakis/v/tools/n2v/examples/FlowConformal/experiments/exp1_vnncomp_subset/outputs/exp1_metaroom_2023_ours.csv
[metaroom_2023 1/1 t=0s budget=210s] ./onnx/6cnn_tz_38_6_no_custom_OP.onnx + ./vnnlib/spec_idx_179_eps_0.00001000.vnnlib
    verdict=UNSAT  wall=71.5s
[run_cell   48/ 100 t= 3533s] idx=47   budget=210s (shell timeout=270s)
[metaroom_2023] running only instance idx=47; appending to /home/sasakis/v/tools/n2v/examples/FlowConformal/experiments/exp1_vnncomp_subset/outputs/exp1_metaroom_2023_ours.csv
[metaroom_2023 1/1 t=0s budget=210s] ./onnx/6cnn_ry_53_8_no_custom_OP.onnx + ./vnnlib/spec_idx_127_eps_0.00000436.vnnlib
    verdict=UNSAT  wall=72.6s
[run_cell   49/ 100 t= 3611s] idx=48   budget=210s (shell timeout=270s)
[metaroom_2023] running only instance idx=48; appending to /home/sasakis/v/tools/n2v/examples/FlowConformal/experiments/exp1_vnncomp_subset/outputs/exp1_metaroom_2023_ours.csv
[metaroom_2023 1/1 t=0s budget=210s] ./onnx/6cnn_tz_94_15_no_custom_OP.onnx + ./vnnlib/spec_idx_209_eps_0.00001000.vnnlib
    verdict=UNSAT  wall=68.1s
[run_cell   50/ 100 t= 3685s] idx=49   budget=210s (shell timeout=270s)
[metaroom_2023] running only instance idx=49; appending to /home/sasakis/v/tools/n2v/examples/FlowConformal/experiments/exp1_vnncomp_subset/outputs/exp1_metaroom_2023_ours.csv
[metaroom_2023 1/1 t=0s budget=210s] ./onnx/6cnn_ry_68_11_no_custom_OP.onnx + ./vnnlib/spec_idx_136_eps_0.00000436.vnnlib
    verdict=UNSAT  wall=67.4s
[run_cell   51/ 100 t= 3758s] idx=50   budget=210s (shell timeout=270s)
[metaroom_2023] running only instance idx=50; appending to /home/sasakis/v/tools/n2v/examples/FlowConformal/experiments/exp1_vnncomp_subset/outputs/exp1_metaroom_2023_ours.csv
[metaroom_2023 1/1 t=0s budget=210s] ./onnx/6cnn_ry_54_9_no_custom_OP.onnx + ./vnnlib/spec_idx_128_eps_0.00000436.vnnlib
    verdict=UNSAT  wall=68.5s
[run_cell   52/ 100 t= 3832s] idx=51   budget=210s (shell timeout=270s)
[metaroom_2023] running only instance idx=51; appending to /home/sasakis/v/tools/n2v/examples/FlowConformal/experiments/exp1_vnncomp_subset/outputs/exp1_metaroom_2023_ours.csv
[metaroom_2023 1/1 t=0s budget=210s] ./onnx/4cnn_ry_30_5_no_custom_OP.onnx + ./vnnlib/spec_idx_9_eps_0.00000436.vnnlib
    verdict=UNSAT  wall=76.2s
[run_cell   53/ 100 t= 3913s] idx=52   budget=210s (shell timeout=270s)
[metaroom_2023] running only instance idx=52; appending to /home/sasakis/v/tools/n2v/examples/FlowConformal/experiments/exp1_vnncomp_subset/outputs/exp1_metaroom_2023_ours.csv
[metaroom_2023 1/1 t=0s budget=210s] ./onnx/6cnn_ry_18_3_no_custom_OP.onnx + ./vnnlib/spec_idx_107_eps_0.00000436.vnnlib
    verdict=UNSAT  wall=67.1s
[run_cell   54/ 100 t= 3985s] idx=53   budget=210s (shell timeout=270s)
[metaroom_2023] running only instance idx=53; appending to /home/sasakis/v/tools/n2v/examples/FlowConformal/experiments/exp1_vnncomp_subset/outputs/exp1_metaroom_2023_ours.csv
[metaroom_2023 1/1 t=0s budget=210s] ./onnx/6cnn_tz_54_9_no_custom_OP.onnx + ./vnnlib/spec_idx_189_eps_0.00001000.vnnlib
    verdict=UNSAT  wall=72.0s
[run_cell   55/ 100 t= 4063s] idx=54   budget=210s (shell timeout=270s)
[metaroom_2023] running only instance idx=54; appending to /home/sasakis/v/tools/n2v/examples/FlowConformal/experiments/exp1_vnncomp_subset/outputs/exp1_metaroom_2023_ours.csv
[metaroom_2023 1/1 t=0s budget=210s] ./onnx/6cnn_tz_113_18_no_custom_OP.onnx + ./vnnlib/spec_idx_159_eps_0.00001000.vnnlib
    verdict=UNSAT  wall=69.0s
[run_cell   56/ 100 t= 4137s] idx=55   budget=210s (shell timeout=270s)
[metaroom_2023] running only instance idx=55; appending to /home/sasakis/v/tools/n2v/examples/FlowConformal/experiments/exp1_vnncomp_subset/outputs/exp1_metaroom_2023_ours.csv
[metaroom_2023 1/1 t=0s budget=210s] ./onnx/4cnn_ry_79_13_no_custom_OP.onnx + ./vnnlib/spec_idx_38_eps_0.00000436.vnnlib
    verdict=UNSAT  wall=74.1s
[run_cell   57/ 100 t= 4216s] idx=56   budget=210s (shell timeout=270s)
[metaroom_2023] running only instance idx=56; appending to /home/sasakis/v/tools/n2v/examples/FlowConformal/experiments/exp1_vnncomp_subset/outputs/exp1_metaroom_2023_ours.csv
[metaroom_2023 1/1 t=0s budget=210s] ./onnx/6cnn_tz_22_3_no_custom_OP.onnx + ./vnnlib/spec_idx_171_eps_0.00001000.vnnlib
    verdict=UNSAT  wall=73.4s
[run_cell   58/ 100 t= 4295s] idx=57   budget=210s (shell timeout=270s)
[metaroom_2023] running only instance idx=57; appending to /home/sasakis/v/tools/n2v/examples/FlowConformal/experiments/exp1_vnncomp_subset/outputs/exp1_metaroom_2023_ours.csv
[metaroom_2023 1/1 t=0s budget=210s] ./onnx/4cnn_ry_19_3_no_custom_OP.onnx + ./vnnlib/spec_idx_5_eps_0.00000436.vnnlib
    verdict=UNSAT  wall=73.5s
[run_cell   59/ 100 t= 4374s] idx=58   budget=210s (shell timeout=270s)
[metaroom_2023] running only instance idx=58; appending to /home/sasakis/v/tools/n2v/examples/FlowConformal/experiments/exp1_vnncomp_subset/outputs/exp1_metaroom_2023_ours.csv
[metaroom_2023 1/1 t=0s budget=210s] ./onnx/4cnn_tz_94_15_no_custom_OP.onnx + ./vnnlib/spec_idx_90_eps_0.00001000.vnnlib
    verdict=UNSAT  wall=73.5s
[run_cell   60/ 100 t= 4453s] idx=59   budget=210s (shell timeout=270s)
[metaroom_2023] running only instance idx=59; appending to /home/sasakis/v/tools/n2v/examples/FlowConformal/experiments/exp1_vnncomp_subset/outputs/exp1_metaroom_2023_ours.csv
[metaroom_2023 1/1 t=0s budget=210s] ./onnx/6cnn_tz_10_1_no_custom_OP.onnx + ./vnnlib/spec_idx_158_eps_0.00001000.vnnlib
    verdict=UNSAT  wall=72.7s
[run_cell   61/ 100 t= 4531s] idx=60   budget=210s (shell timeout=270s)
[metaroom_2023] running only instance idx=60; appending to /home/sasakis/v/tools/n2v/examples/FlowConformal/experiments/exp1_vnncomp_subset/outputs/exp1_metaroom_2023_ours.csv
[metaroom_2023 1/1 t=0s budget=210s] ./onnx/6cnn_ry_35_5_no_custom_OP.onnx + ./vnnlib/spec_idx_115_eps_0.00000436.vnnlib
    verdict=UNSAT  wall=74.4s
[run_cell   62/ 100 t= 4610s] idx=61   budget=210s (shell timeout=270s)
[metaroom_2023] running only instance idx=61; appending to /home/sasakis/v/tools/n2v/examples/FlowConformal/experiments/exp1_vnncomp_subset/outputs/exp1_metaroom_2023_ours.csv
[metaroom_2023 1/1 t=0s budget=210s] ./onnx/4cnn_ry_58_9_no_custom_OP.onnx + ./vnnlib/spec_idx_29_eps_0.00000436.vnnlib
    verdict=UNSAT  wall=80.8s
[run_cell   63/ 100 t= 4696s] idx=62   budget=210s (shell timeout=270s)
[metaroom_2023] running only instance idx=62; appending to /home/sasakis/v/tools/n2v/examples/FlowConformal/experiments/exp1_vnncomp_subset/outputs/exp1_metaroom_2023_ours.csv
[metaroom_2023 1/1 t=0s budget=210s] ./onnx/4cnn_tz_103_17_no_custom_OP.onnx + ./vnnlib/spec_idx_47_eps_0.00001000.vnnlib
    verdict=UNSAT  wall=78.1s
[run_cell   64/ 100 t= 4779s] idx=63   budget=210s (shell timeout=270s)
[metaroom_2023] running only instance idx=63; appending to /home/sasakis/v/tools/n2v/examples/FlowConformal/experiments/exp1_vnncomp_subset/outputs/exp1_metaroom_2023_ours.csv
[metaroom_2023 1/1 t=0s budget=210s] ./onnx/6cnn_tz_78_13_no_custom_OP.onnx + ./vnnlib/spec_idx_204_eps_0.00001000.vnnlib
    verdict=UNSAT  wall=67.2s
[run_cell   65/ 100 t= 4852s] idx=64   budget=210s (shell timeout=270s)
[metaroom_2023] running only instance idx=64; appending to /home/sasakis/v/tools/n2v/examples/FlowConformal/experiments/exp1_vnncomp_subset/outputs/exp1_metaroom_2023_ours.csv
[metaroom_2023 1/1 t=0s budget=210s] ./onnx/6cnn_tz_6_1_no_custom_OP.onnx + ./vnnlib/spec_idx_200_eps_0.00001000.vnnlib
    verdict=UNSAT  wall=72.4s
[run_cell   66/ 100 t= 4930s] idx=65   budget=210s (shell timeout=270s)
[metaroom_2023] running only instance idx=65; appending to /home/sasakis/v/tools/n2v/examples/FlowConformal/experiments/exp1_vnncomp_subset/outputs/exp1_metaroom_2023_ours.csv
[metaroom_2023 1/1 t=0s budget=210s] ./onnx/6cnn_tz_3_0_no_custom_OP.onnx + ./vnnlib/spec_idx_181_eps_0.00001000.vnnlib
    verdict=UNSAT  wall=67.8s
[run_cell   67/ 100 t= 5004s] idx=66   budget=210s (shell timeout=270s)
[metaroom_2023] running only instance idx=66; appending to /home/sasakis/v/tools/n2v/examples/FlowConformal/experiments/exp1_vnncomp_subset/outputs/exp1_metaroom_2023_ours.csv
[metaroom_2023 1/1 t=0s budget=210s] ./onnx/6cnn_ry_4_0_no_custom_OP.onnx + ./vnnlib/spec_idx_125_eps_0.00000436.vnnlib
    verdict=UNSAT  wall=67.8s
[run_cell   68/ 100 t= 5077s] idx=67   budget=210s (shell timeout=270s)
[metaroom_2023] running only instance idx=67; appending to /home/sasakis/v/tools/n2v/examples/FlowConformal/experiments/exp1_vnncomp_subset/outputs/exp1_metaroom_2023_ours.csv
[metaroom_2023 1/1 t=0s budget=210s] ./onnx/6cnn_ry_95_15_no_custom_OP.onnx + ./vnnlib/spec_idx_150_eps_0.00000436.vnnlib
    verdict=UNSAT  wall=68.8s
[run_cell   69/ 100 t= 5151s] idx=68   budget=210s (shell timeout=270s)
[metaroom_2023] running only instance idx=68; appending to /home/sasakis/v/tools/n2v/examples/FlowConformal/experiments/exp1_vnncomp_subset/outputs/exp1_metaroom_2023_ours.csv
[metaroom_2023 1/1 t=0s budget=210s] ./onnx/6cnn_tz_37_6_no_custom_OP.onnx + ./vnnlib/spec_idx_178_eps_0.00001000.vnnlib
    verdict=UNSAT  wall=75.8s
[run_cell   70/ 100 t= 5232s] idx=69   budget=210s (shell timeout=270s)
[metaroom_2023] running only instance idx=69; appending to /home/sasakis/v/tools/n2v/examples/FlowConformal/experiments/exp1_vnncomp_subset/outputs/exp1_metaroom_2023_ours.csv
[metaroom_2023 1/1 t=0s budget=210s] ./onnx/4cnn_ry_71_11_no_custom_OP.onnx + ./vnnlib/spec_idx_37_eps_0.00000436.vnnlib
    verdict=UNSAT  wall=80.7s
[run_cell   71/ 100 t= 5318s] idx=70   budget=210s (shell timeout=270s)
[metaroom_2023] running only instance idx=70; appending to /home/sasakis/v/tools/n2v/examples/FlowConformal/experiments/exp1_vnncomp_subset/outputs/exp1_metaroom_2023_ours.csv
[metaroom_2023 1/1 t=0s budget=210s] ./onnx/6cnn_ry_114_19_no_custom_OP.onnx + ./vnnlib/spec_idx_100_eps_0.00000436.vnnlib
    verdict=UNSAT  wall=72.4s
[run_cell   72/ 100 t= 5396s] idx=71   budget=210s (shell timeout=270s)
[metaroom_2023] running only instance idx=71; appending to /home/sasakis/v/tools/n2v/examples/FlowConformal/experiments/exp1_vnncomp_subset/outputs/exp1_metaroom_2023_ours.csv
[metaroom_2023 1/1 t=0s budget=210s] ./onnx/4cnn_ry_70_11_no_custom_OP.onnx + ./vnnlib/spec_idx_36_eps_0.00000436.vnnlib
    verdict=UNSAT  wall=76.1s
[run_cell   73/ 100 t= 5477s] idx=72   budget=210s (shell timeout=270s)
[metaroom_2023] running only instance idx=72; appending to /home/sasakis/v/tools/n2v/examples/FlowConformal/experiments/exp1_vnncomp_subset/outputs/exp1_metaroom_2023_ours.csv
[metaroom_2023 1/1 t=0s budget=210s] ./onnx/4cnn_tz_20_3_no_custom_OP.onnx + ./vnnlib/spec_idx_53_eps_0.00001000.vnnlib
    verdict=UNSAT  wall=79.7s
[run_cell   74/ 100 t= 5562s] idx=73   budget=210s (shell timeout=270s)
[metaroom_2023] running only instance idx=73; appending to /home/sasakis/v/tools/n2v/examples/FlowConformal/experiments/exp1_vnncomp_subset/outputs/exp1_metaroom_2023_ours.csv
[metaroom_2023 1/1 t=0s budget=210s] ./onnx/4cnn_ry_52_8_no_custom_OP.onnx + ./vnnlib/spec_idx_25_eps_0.00000436.vnnlib
    verdict=UNSAT  wall=84.5s
[run_cell   75/ 100 t= 5652s] idx=74   budget=210s (shell timeout=270s)
[metaroom_2023] running only instance idx=74; appending to /home/sasakis/v/tools/n2v/examples/FlowConformal/experiments/exp1_vnncomp_subset/outputs/exp1_metaroom_2023_ours.csv
[metaroom_2023 1/1 t=0s budget=210s] ./onnx/6cnn_tz_4_0_no_custom_OP.onnx + ./vnnlib/spec_idx_186_eps_0.00001000.vnnlib
    verdict=UNSAT  wall=70.9s
[run_cell   76/ 100 t= 5728s] idx=75   budget=210s (shell timeout=270s)
[metaroom_2023] running only instance idx=75; appending to /home/sasakis/v/tools/n2v/examples/FlowConformal/experiments/exp1_vnncomp_subset/outputs/exp1_metaroom_2023_ours.csv
[metaroom_2023 1/1 t=0s budget=210s] ./onnx/6cnn_ry_91_15_no_custom_OP.onnx + ./vnnlib/spec_idx_146_eps_0.00000436.vnnlib
    verdict=UNSAT  wall=67.3s
[run_cell   77/ 100 t= 5801s] idx=76   budget=210s (shell timeout=270s)
[metaroom_2023] running only instance idx=76; appending to /home/sasakis/v/tools/n2v/examples/FlowConformal/experiments/exp1_vnncomp_subset/outputs/exp1_metaroom_2023_ours.csv
[metaroom_2023 1/1 t=0s budget=210s] ./onnx/4cnn_tz_4_0_no_custom_OP.onnx + ./vnnlib/spec_idx_71_eps_0.00001000.vnnlib
    verdict=UNSAT  wall=72.7s
[run_cell   78/ 100 t= 5879s] idx=77   budget=210s (shell timeout=270s)
[metaroom_2023] running only instance idx=77; appending to /home/sasakis/v/tools/n2v/examples/FlowConformal/experiments/exp1_vnncomp_subset/outputs/exp1_metaroom_2023_ours.csv
[metaroom_2023 1/1 t=0s budget=210s] ./onnx/4cnn_tz_47_7_no_custom_OP.onnx + ./vnnlib/spec_idx_69_eps_0.00001000.vnnlib
    verdict=UNSAT  wall=76.6s
[run_cell   79/ 100 t= 5960s] idx=78   budget=210s (shell timeout=270s)
[metaroom_2023] running only instance idx=78; appending to /home/sasakis/v/tools/n2v/examples/FlowConformal/experiments/exp1_vnncomp_subset/outputs/exp1_metaroom_2023_ours.csv
[metaroom_2023 1/1 t=0s budget=210s] ./onnx/4cnn_ry_57_9_no_custom_OP.onnx + ./vnnlib/spec_idx_28_eps_0.00000436.vnnlib
    verdict=UNSAT  wall=80.5s
[run_cell   80/ 100 t= 6046s] idx=79   budget=210s (shell timeout=270s)
[metaroom_2023] running only instance idx=79; appending to /home/sasakis/v/tools/n2v/examples/FlowConformal/experiments/exp1_vnncomp_subset/outputs/exp1_metaroom_2023_ours.csv
[metaroom_2023 1/1 t=0s budget=210s] ./onnx/6cnn_ry_67_11_no_custom_OP.onnx + ./vnnlib/spec_idx_135_eps_0.00000436.vnnlib
    verdict=UNSAT  wall=71.5s
[run_cell   81/ 100 t= 6123s] idx=80   budget=210s (shell timeout=270s)
[metaroom_2023] running only instance idx=80; appending to /home/sasakis/v/tools/n2v/examples/FlowConformal/experiments/exp1_vnncomp_subset/outputs/exp1_metaroom_2023_ours.csv
[metaroom_2023 1/1 t=0s budget=210s] ./onnx/4cnn_tz_34_5_no_custom_OP.onnx + ./vnnlib/spec_idx_59_eps_0.00001000.vnnlib
    verdict=UNSAT  wall=76.5s
[run_cell   82/ 100 t= 6204s] idx=81   budget=210s (shell timeout=270s)
[metaroom_2023] running only instance idx=81; appending to /home/sasakis/v/tools/n2v/examples/FlowConformal/experiments/exp1_vnncomp_subset/outputs/exp1_metaroom_2023_ours.csv
[metaroom_2023 1/1 t=0s budget=210s] ./onnx/4cnn_tz_41_6_no_custom_OP.onnx + ./vnnlib/spec_idx_66_eps_0.00001000.vnnlib
    verdict=UNSAT  wall=77.7s
[run_cell   83/ 100 t= 6287s] idx=82   budget=210s (shell timeout=270s)
[metaroom_2023] running only instance idx=82; appending to /home/sasakis/v/tools/n2v/examples/FlowConformal/experiments/exp1_vnncomp_subset/outputs/exp1_metaroom_2023_ours.csv
[metaroom_2023 1/1 t=0s budget=210s] ./onnx/4cnn_tz_99_16_no_custom_OP.onnx + ./vnnlib/spec_idx_91_eps_0.00001000.vnnlib
    verdict=UNSAT  wall=73.6s
[run_cell   84/ 100 t= 6366s] idx=83   budget=210s (shell timeout=270s)
[metaroom_2023] running only instance idx=83; appending to /home/sasakis/v/tools/n2v/examples/FlowConformal/experiments/exp1_vnncomp_subset/outputs/exp1_metaroom_2023_ours.csv
[metaroom_2023 1/1 t=0s budget=210s] ./onnx/6cnn_ry_12_2_no_custom_OP.onnx + ./vnnlib/spec_idx_105_eps_0.00000436.vnnlib
    verdict=UNSAT  wall=66.8s
[run_cell   85/ 100 t= 6438s] idx=84   budget=210s (shell timeout=270s)
[metaroom_2023] running only instance idx=84; appending to /home/sasakis/v/tools/n2v/examples/FlowConformal/experiments/exp1_vnncomp_subset/outputs/exp1_metaroom_2023_ours.csv
[metaroom_2023 1/1 t=0s budget=210s] ./onnx/6cnn_tz_93_15_no_custom_OP.onnx + ./vnnlib/spec_idx_208_eps_0.00001000.vnnlib
    verdict=UNSAT  wall=72.2s
[run_cell   86/ 100 t= 6516s] idx=85   budget=210s (shell timeout=270s)
[metaroom_2023] running only instance idx=85; appending to /home/sasakis/v/tools/n2v/examples/FlowConformal/experiments/exp1_vnncomp_subset/outputs/exp1_metaroom_2023_ours.csv
[metaroom_2023 1/1 t=0s budget=210s] ./onnx/4cnn_tz_44_7_no_custom_OP.onnx + ./vnnlib/spec_idx_68_eps_0.00001000.vnnlib
    verdict=UNSAT  wall=75.4s
[run_cell   87/ 100 t= 6596s] idx=86   budget=210s (shell timeout=270s)
[metaroom_2023] running only instance idx=86; appending to /home/sasakis/v/tools/n2v/examples/FlowConformal/experiments/exp1_vnncomp_subset/outputs/exp1_metaroom_2023_ours.csv
[metaroom_2023 1/1 t=0s budget=210s] ./onnx/6cnn_tz_79_13_no_custom_OP.onnx + ./vnnlib/spec_idx_205_eps_0.00001000.vnnlib
    verdict=UNSAT  wall=67.1s
[run_cell   88/ 100 t= 6669s] idx=87   budget=210s (shell timeout=270s)
[metaroom_2023] running only instance idx=87; appending to /home/sasakis/v/tools/n2v/examples/FlowConformal/experiments/exp1_vnncomp_subset/outputs/exp1_metaroom_2023_ours.csv
[metaroom_2023 1/1 t=0s budget=210s] ./onnx/6cnn_ry_6_1_no_custom_OP.onnx + ./vnnlib/spec_idx_137_eps_0.00000436.vnnlib
    verdict=UNSAT  wall=66.8s
[run_cell   89/ 100 t= 6741s] idx=88   budget=210s (shell timeout=270s)
[metaroom_2023] running only instance idx=88; appending to /home/sasakis/v/tools/n2v/examples/FlowConformal/experiments/exp1_vnncomp_subset/outputs/exp1_metaroom_2023_ours.csv
[metaroom_2023 1/1 t=0s budget=210s] ./onnx/6cnn_ry_52_8_no_custom_OP.onnx + ./vnnlib/spec_idx_126_eps_0.00000436.vnnlib
    verdict=UNSAT  wall=68.4s
[run_cell   90/ 100 t= 6815s] idx=89   budget=210s (shell timeout=270s)
[metaroom_2023] running only instance idx=89; appending to /home/sasakis/v/tools/n2v/examples/FlowConformal/experiments/exp1_vnncomp_subset/outputs/exp1_metaroom_2023_ours.csv
[metaroom_2023 1/1 t=0s budget=210s] ./onnx/4cnn_tz_82_13_no_custom_OP.onnx + ./vnnlib/spec_idx_87_eps_0.00001000.vnnlib
    verdict=UNSAT  wall=80.3s
[run_cell   91/ 100 t= 6900s] idx=90   budget=210s (shell timeout=270s)
[metaroom_2023] running only instance idx=90; appending to /home/sasakis/v/tools/n2v/examples/FlowConformal/experiments/exp1_vnncomp_subset/outputs/exp1_metaroom_2023_ours.csv
[metaroom_2023 1/1 t=0s budget=210s] ./onnx/6cnn_ry_28_4_no_custom_OP.onnx + ./vnnlib/spec_idx_113_eps_0.00000436.vnnlib
    verdict=UNSAT  wall=67.5s
[run_cell   92/ 100 t= 6973s] idx=91   budget=210s (shell timeout=270s)
[metaroom_2023] running only instance idx=91; appending to /home/sasakis/v/tools/n2v/examples/FlowConformal/experiments/exp1_vnncomp_subset/outputs/exp1_metaroom_2023_ours.csv
[metaroom_2023 1/1 t=0s budget=210s] ./onnx/6cnn_tz_28_4_no_custom_OP.onnx + ./vnnlib/spec_idx_173_eps_0.00001000.vnnlib
    verdict=UNSAT  wall=72.4s
[run_cell   93/ 100 t= 7051s] idx=92   budget=210s (shell timeout=270s)
[metaroom_2023] running only instance idx=92; appending to /home/sasakis/v/tools/n2v/examples/FlowConformal/experiments/exp1_vnncomp_subset/outputs/exp1_metaroom_2023_ours.csv
[metaroom_2023 1/1 t=0s budget=210s] ./onnx/6cnn_tz_104_17_no_custom_OP.onnx + ./vnnlib/spec_idx_155_eps_0.00001000.vnnlib
    verdict=UNSAT  wall=67.6s
[run_cell   94/ 100 t= 7124s] idx=93   budget=210s (shell timeout=270s)
[metaroom_2023] running only instance idx=93; appending to /home/sasakis/v/tools/n2v/examples/FlowConformal/experiments/exp1_vnncomp_subset/outputs/exp1_metaroom_2023_ours.csv
[metaroom_2023 1/1 t=0s budget=210s] ./onnx/6cnn_tz_18_3_no_custom_OP.onnx + ./vnnlib/spec_idx_166_eps_0.00001000.vnnlib
    verdict=UNSAT  wall=67.2s
[run_cell   95/ 100 t= 7197s] idx=94   budget=210s (shell timeout=270s)
[metaroom_2023] running only instance idx=94; appending to /home/sasakis/v/tools/n2v/examples/FlowConformal/experiments/exp1_vnncomp_subset/outputs/exp1_metaroom_2023_ours.csv
[metaroom_2023 1/1 t=0s budget=210s] ./onnx/6cnn_ry_36_6_no_custom_OP.onnx + ./vnnlib/spec_idx_116_eps_0.00000436.vnnlib
    verdict=UNSAT  wall=70.5s
[run_cell   96/ 100 t= 7273s] idx=95   budget=210s (shell timeout=270s)
[metaroom_2023] running only instance idx=95; appending to /home/sasakis/v/tools/n2v/examples/FlowConformal/experiments/exp1_vnncomp_subset/outputs/exp1_metaroom_2023_ours.csv
[metaroom_2023 1/1 t=0s budget=210s] ./onnx/6cnn_ry_117_19_no_custom_OP.onnx + ./vnnlib/spec_idx_101_eps_0.00000436.vnnlib
    verdict=SAT  wall=3.4s
[run_cell   97/ 100 t= 7281s] idx=96   budget=210s (shell timeout=270s)
[metaroom_2023] running only instance idx=96; appending to /home/sasakis/v/tools/n2v/examples/FlowConformal/experiments/exp1_vnncomp_subset/outputs/exp1_metaroom_2023_ours.csv
[metaroom_2023 1/1 t=0s budget=210s] ./onnx/6cnn_ry_92_15_no_custom_OP.onnx + ./vnnlib/spec_idx_147_eps_0.00000436.vnnlib
    verdict=UNSAT  wall=67.4s
[run_cell   98/ 100 t= 7354s] idx=97   budget=210s (shell timeout=270s)
[metaroom_2023] running only instance idx=97; appending to /home/sasakis/v/tools/n2v/examples/FlowConformal/experiments/exp1_vnncomp_subset/outputs/exp1_metaroom_2023_ours.csv
[metaroom_2023 1/1 t=0s budget=210s] ./onnx/6cnn_ry_39_6_no_custom_OP.onnx + ./vnnlib/spec_idx_119_eps_0.00000436.vnnlib
    verdict=UNSAT  wall=69.0s
[run_cell   99/ 100 t= 7428s] idx=98   budget=210s (shell timeout=270s)
[metaroom_2023] running only instance idx=98; appending to /home/sasakis/v/tools/n2v/examples/FlowConformal/experiments/exp1_vnncomp_subset/outputs/exp1_metaroom_2023_ours.csv
[metaroom_2023 1/1 t=0s budget=210s] ./onnx/4cnn_tz_39_6_no_custom_OP.onnx + ./vnnlib/spec_idx_63_eps_0.00001000.vnnlib
    verdict=UNSAT  wall=73.5s
[run_cell  100/ 100 t= 7507s] idx=99   budget=210s (shell timeout=270s)
[metaroom_2023] running only instance idx=99; appending to /home/sasakis/v/tools/n2v/examples/FlowConformal/experiments/exp1_vnncomp_subset/outputs/exp1_metaroom_2023_ours.csv
[metaroom_2023 1/1 t=0s budget=210s] ./onnx/6cnn_tz_23_3_no_custom_OP.onnx + ./vnnlib/spec_idx_172_eps_0.00001000.vnnlib
    verdict=UNSAT  wall=67.6s
[run_cell] complete. shell-killed timeouts and exits noted above; CSV row counts in the output file.

[2026-05-04T17:29:37-05:00] === END:   exp1_metaroom_2023_ours (rc=0) ===
