[2026-05-02T03:30:38-05:00] === START: exp1_dist_shift_2023_hashemi_clipping ===
[run_cell] exp1_vnncomp_subset.exp1_run_hashemi_clipping --benchmark dist_shift_2023: 72 instances
[run_cell    1/  72 t=    0s] idx=0    budget=300s (shell timeout=360s)
[dist_shift_2023] running only idx=0; appending to /home/sasakis/v/tools/n2v/examples/FlowConformal/experiments/exp1_vnncomp_subset/outputs/exp1_dist_shift_2023_hashemi_clipping.csv
[dist_shift_2023] Loaded 1 instances; writing to /home/sasakis/v/tools/n2v/examples/FlowConformal/experiments/exp1_vnncomp_subset/outputs/exp1_dist_shift_2023_hashemi_clipping.csv
[dist_shift_2023] Hashemi-clipping config: m=8000 ell=7999 epsilon=0.001 SEED=47
[dist_shift_2023 1/1 t=0s budget=300s] ./onnx/mnist_concat.onnx + ./vnnlib/index7901_delta0.13.vnnlib
    verdict=UNSAT  wall=144.0s

=== Sweep complete ===
Wrote /home/sasakis/v/tools/n2v/examples/FlowConformal/experiments/exp1_vnncomp_subset/outputs/exp1_dist_shift_2023_hashemi_clipping.csv
Total wall-clock: 2.4 min
Counts: {'UNSAT': 1, 'SAT': 0, 'UNKNOWN': 0, 'SKIPPED': 0, 'ERROR': 0, 'TIMEOUT': 0}
[run_cell    2/  72 t=  149s] idx=1    budget=300s (shell timeout=360s)
[dist_shift_2023] running only idx=1; appending to /home/sasakis/v/tools/n2v/examples/FlowConformal/experiments/exp1_vnncomp_subset/outputs/exp1_dist_shift_2023_hashemi_clipping.csv
[dist_shift_2023] Loaded 1 instances; writing to /home/sasakis/v/tools/n2v/examples/FlowConformal/experiments/exp1_vnncomp_subset/outputs/exp1_dist_shift_2023_hashemi_clipping.csv
[dist_shift_2023] Hashemi-clipping config: m=8000 ell=7999 epsilon=0.001 SEED=47
[dist_shift_2023 1/1 t=0s budget=300s] ./onnx/mnist_concat.onnx + ./vnnlib/index6323_delta0.13.vnnlib
    verdict=UNSAT  wall=140.9s

=== Sweep complete ===
Wrote /home/sasakis/v/tools/n2v/examples/FlowConformal/experiments/exp1_vnncomp_subset/outputs/exp1_dist_shift_2023_hashemi_clipping.csv
Total wall-clock: 2.3 min
Counts: {'UNSAT': 1, 'SAT': 0, 'UNKNOWN': 0, 'SKIPPED': 0, 'ERROR': 0, 'TIMEOUT': 0}
[run_cell    3/  72 t=  295s] idx=2    budget=300s (shell timeout=360s)
[dist_shift_2023] running only idx=2; appending to /home/sasakis/v/tools/n2v/examples/FlowConformal/experiments/exp1_vnncomp_subset/outputs/exp1_dist_shift_2023_hashemi_clipping.csv
[dist_shift_2023] Loaded 1 instances; writing to /home/sasakis/v/tools/n2v/examples/FlowConformal/experiments/exp1_vnncomp_subset/outputs/exp1_dist_shift_2023_hashemi_clipping.csv
[dist_shift_2023] Hashemi-clipping config: m=8000 ell=7999 epsilon=0.001 SEED=47
[dist_shift_2023 1/1 t=0s budget=300s] ./onnx/mnist_concat.onnx + ./vnnlib/index7027_delta0.13.vnnlib
    verdict=UNSAT  wall=113.2s

=== Sweep complete ===
Wrote /home/sasakis/v/tools/n2v/examples/FlowConformal/experiments/exp1_vnncomp_subset/outputs/exp1_dist_shift_2023_hashemi_clipping.csv
Total wall-clock: 1.9 min
Counts: {'UNSAT': 1, 'SAT': 0, 'UNKNOWN': 0, 'SKIPPED': 0, 'ERROR': 0, 'TIMEOUT': 0}
[run_cell    4/  72 t=  413s] idx=3    budget=300s (shell timeout=360s)
[dist_shift_2023] running only idx=3; appending to /home/sasakis/v/tools/n2v/examples/FlowConformal/experiments/exp1_vnncomp_subset/outputs/exp1_dist_shift_2023_hashemi_clipping.csv
[dist_shift_2023] Loaded 1 instances; writing to /home/sasakis/v/tools/n2v/examples/FlowConformal/experiments/exp1_vnncomp_subset/outputs/exp1_dist_shift_2023_hashemi_clipping.csv
[dist_shift_2023] Hashemi-clipping config: m=8000 ell=7999 epsilon=0.001 SEED=47
[dist_shift_2023 1/1 t=0s budget=300s] ./onnx/mnist_concat.onnx + ./vnnlib/index7116_delta0.13.vnnlib
    verdict=UNSAT  wall=115.8s

=== Sweep complete ===
Wrote /home/sasakis/v/tools/n2v/examples/FlowConformal/experiments/exp1_vnncomp_subset/outputs/exp1_dist_shift_2023_hashemi_clipping.csv
Total wall-clock: 1.9 min
Counts: {'UNSAT': 1, 'SAT': 0, 'UNKNOWN': 0, 'SKIPPED': 0, 'ERROR': 0, 'TIMEOUT': 0}
[run_cell    5/  72 t=  533s] idx=4    budget=300s (shell timeout=360s)
[dist_shift_2023] running only idx=4; appending to /home/sasakis/v/tools/n2v/examples/FlowConformal/experiments/exp1_vnncomp_subset/outputs/exp1_dist_shift_2023_hashemi_clipping.csv
[dist_shift_2023] Loaded 1 instances; writing to /home/sasakis/v/tools/n2v/examples/FlowConformal/experiments/exp1_vnncomp_subset/outputs/exp1_dist_shift_2023_hashemi_clipping.csv
[dist_shift_2023] Hashemi-clipping config: m=8000 ell=7999 epsilon=0.001 SEED=47
[dist_shift_2023 1/1 t=0s budget=300s] ./onnx/mnist_concat.onnx + ./vnnlib/index1373_delta0.13.vnnlib
    verdict=UNSAT  wall=117.1s

=== Sweep complete ===
Wrote /home/sasakis/v/tools/n2v/examples/FlowConformal/experiments/exp1_vnncomp_subset/outputs/exp1_dist_shift_2023_hashemi_clipping.csv
Total wall-clock: 2.0 min
Counts: {'UNSAT': 1, 'SAT': 0, 'UNKNOWN': 0, 'SKIPPED': 0, 'ERROR': 0, 'TIMEOUT': 0}
[run_cell    6/  72 t=  655s] idx=5    budget=300s (shell timeout=360s)
[dist_shift_2023] running only idx=5; appending to /home/sasakis/v/tools/n2v/examples/FlowConformal/experiments/exp1_vnncomp_subset/outputs/exp1_dist_shift_2023_hashemi_clipping.csv
[dist_shift_2023] Loaded 1 instances; writing to /home/sasakis/v/tools/n2v/examples/FlowConformal/experiments/exp1_vnncomp_subset/outputs/exp1_dist_shift_2023_hashemi_clipping.csv
[dist_shift_2023] Hashemi-clipping config: m=8000 ell=7999 epsilon=0.001 SEED=47
[dist_shift_2023 1/1 t=0s budget=300s] ./onnx/mnist_concat.onnx + ./vnnlib/index6957_delta0.13.vnnlib
    verdict=UNSAT  wall=115.4s

=== Sweep complete ===
Wrote /home/sasakis/v/tools/n2v/examples/FlowConformal/experiments/exp1_vnncomp_subset/outputs/exp1_dist_shift_2023_hashemi_clipping.csv
Total wall-clock: 1.9 min
Counts: {'UNSAT': 1, 'SAT': 0, 'UNKNOWN': 0, 'SKIPPED': 0, 'ERROR': 0, 'TIMEOUT': 0}
[run_cell    7/  72 t=  776s] idx=6    budget=300s (shell timeout=360s)
[dist_shift_2023] running only idx=6; appending to /home/sasakis/v/tools/n2v/examples/FlowConformal/experiments/exp1_vnncomp_subset/outputs/exp1_dist_shift_2023_hashemi_clipping.csv
[dist_shift_2023] Loaded 1 instances; writing to /home/sasakis/v/tools/n2v/examples/FlowConformal/experiments/exp1_vnncomp_subset/outputs/exp1_dist_shift_2023_hashemi_clipping.csv
[dist_shift_2023] Hashemi-clipping config: m=8000 ell=7999 epsilon=0.001 SEED=47
[dist_shift_2023 1/1 t=0s budget=300s] ./onnx/mnist_concat.onnx + ./vnnlib/index365_delta0.13.vnnlib
    verdict=UNSAT  wall=147.5s

=== Sweep complete ===
Wrote /home/sasakis/v/tools/n2v/examples/FlowConformal/experiments/exp1_vnncomp_subset/outputs/exp1_dist_shift_2023_hashemi_clipping.csv
Total wall-clock: 2.5 min
Counts: {'UNSAT': 1, 'SAT': 0, 'UNKNOWN': 0, 'SKIPPED': 0, 'ERROR': 0, 'TIMEOUT': 0}
[run_cell    8/  72 t=  928s] idx=7    budget=300s (shell timeout=360s)
[dist_shift_2023] running only idx=7; appending to /home/sasakis/v/tools/n2v/examples/FlowConformal/experiments/exp1_vnncomp_subset/outputs/exp1_dist_shift_2023_hashemi_clipping.csv
[dist_shift_2023] Loaded 1 instances; writing to /home/sasakis/v/tools/n2v/examples/FlowConformal/experiments/exp1_vnncomp_subset/outputs/exp1_dist_shift_2023_hashemi_clipping.csv
[dist_shift_2023] Hashemi-clipping config: m=8000 ell=7999 epsilon=0.001 SEED=47
[dist_shift_2023 1/1 t=0s budget=300s] ./onnx/mnist_concat.onnx + ./vnnlib/index8900_delta0.13.vnnlib
    verdict=UNSAT  wall=123.3s

=== Sweep complete ===
Wrote /home/sasakis/v/tools/n2v/examples/FlowConformal/experiments/exp1_vnncomp_subset/outputs/exp1_dist_shift_2023_hashemi_clipping.csv
Total wall-clock: 2.1 min
Counts: {'UNSAT': 1, 'SAT': 0, 'UNKNOWN': 0, 'SKIPPED': 0, 'ERROR': 0, 'TIMEOUT': 0}
[run_cell    9/  72 t= 1056s] idx=8    budget=300s (shell timeout=360s)
[dist_shift_2023] running only idx=8; appending to /home/sasakis/v/tools/n2v/examples/FlowConformal/experiments/exp1_vnncomp_subset/outputs/exp1_dist_shift_2023_hashemi_clipping.csv
[dist_shift_2023] Loaded 1 instances; writing to /home/sasakis/v/tools/n2v/examples/FlowConformal/experiments/exp1_vnncomp_subset/outputs/exp1_dist_shift_2023_hashemi_clipping.csv
[dist_shift_2023] Hashemi-clipping config: m=8000 ell=7999 epsilon=0.001 SEED=47
[dist_shift_2023 1/1 t=0s budget=300s] ./onnx/mnist_concat.onnx + ./vnnlib/index9733_delta0.13.vnnlib
    verdict=UNSAT  wall=124.1s

=== Sweep complete ===
Wrote /home/sasakis/v/tools/n2v/examples/FlowConformal/experiments/exp1_vnncomp_subset/outputs/exp1_dist_shift_2023_hashemi_clipping.csv
Total wall-clock: 2.1 min
Counts: {'UNSAT': 1, 'SAT': 0, 'UNKNOWN': 0, 'SKIPPED': 0, 'ERROR': 0, 'TIMEOUT': 0}
[run_cell   10/  72 t= 1185s] idx=9    budget=300s (shell timeout=360s)
[dist_shift_2023] running only idx=9; appending to /home/sasakis/v/tools/n2v/examples/FlowConformal/experiments/exp1_vnncomp_subset/outputs/exp1_dist_shift_2023_hashemi_clipping.csv
[dist_shift_2023] Loaded 1 instances; writing to /home/sasakis/v/tools/n2v/examples/FlowConformal/experiments/exp1_vnncomp_subset/outputs/exp1_dist_shift_2023_hashemi_clipping.csv
[dist_shift_2023] Hashemi-clipping config: m=8000 ell=7999 epsilon=0.001 SEED=47
[dist_shift_2023 1/1 t=0s budget=300s] ./onnx/mnist_concat.onnx + ./vnnlib/index9154_delta0.13.vnnlib
    verdict=UNSAT  wall=117.8s

=== Sweep complete ===
Wrote /home/sasakis/v/tools/n2v/examples/FlowConformal/experiments/exp1_vnncomp_subset/outputs/exp1_dist_shift_2023_hashemi_clipping.csv
Total wall-clock: 2.0 min
Counts: {'UNSAT': 1, 'SAT': 0, 'UNKNOWN': 0, 'SKIPPED': 0, 'ERROR': 0, 'TIMEOUT': 0}
[run_cell   11/  72 t= 1308s] idx=10   budget=300s (shell timeout=360s)
[dist_shift_2023] running only idx=10; appending to /home/sasakis/v/tools/n2v/examples/FlowConformal/experiments/exp1_vnncomp_subset/outputs/exp1_dist_shift_2023_hashemi_clipping.csv
[dist_shift_2023] Loaded 1 instances; writing to /home/sasakis/v/tools/n2v/examples/FlowConformal/experiments/exp1_vnncomp_subset/outputs/exp1_dist_shift_2023_hashemi_clipping.csv
[dist_shift_2023] Hashemi-clipping config: m=8000 ell=7999 epsilon=0.001 SEED=47
[dist_shift_2023 1/1 t=0s budget=300s] ./onnx/mnist_concat.onnx + ./vnnlib/index5938_delta0.13.vnnlib
    verdict=UNSAT  wall=115.8s

=== Sweep complete ===
Wrote /home/sasakis/v/tools/n2v/examples/FlowConformal/experiments/exp1_vnncomp_subset/outputs/exp1_dist_shift_2023_hashemi_clipping.csv
Total wall-clock: 1.9 min
Counts: {'UNSAT': 1, 'SAT': 0, 'UNKNOWN': 0, 'SKIPPED': 0, 'ERROR': 0, 'TIMEOUT': 0}
[run_cell   12/  72 t= 1429s] idx=11   budget=300s (shell timeout=360s)
[dist_shift_2023] running only idx=11; appending to /home/sasakis/v/tools/n2v/examples/FlowConformal/experiments/exp1_vnncomp_subset/outputs/exp1_dist_shift_2023_hashemi_clipping.csv
[dist_shift_2023] Loaded 1 instances; writing to /home/sasakis/v/tools/n2v/examples/FlowConformal/experiments/exp1_vnncomp_subset/outputs/exp1_dist_shift_2023_hashemi_clipping.csv
[dist_shift_2023] Hashemi-clipping config: m=8000 ell=7999 epsilon=0.001 SEED=47
[dist_shift_2023 1/1 t=0s budget=300s] ./onnx/mnist_concat.onnx + ./vnnlib/index8964_delta0.13.vnnlib
    verdict=UNSAT  wall=133.7s

=== Sweep complete ===
Wrote /home/sasakis/v/tools/n2v/examples/FlowConformal/experiments/exp1_vnncomp_subset/outputs/exp1_dist_shift_2023_hashemi_clipping.csv
Total wall-clock: 2.2 min
Counts: {'UNSAT': 1, 'SAT': 0, 'UNKNOWN': 0, 'SKIPPED': 0, 'ERROR': 0, 'TIMEOUT': 0}
[run_cell   13/  72 t= 1568s] idx=12   budget=300s (shell timeout=360s)
[dist_shift_2023] running only idx=12; appending to /home/sasakis/v/tools/n2v/examples/FlowConformal/experiments/exp1_vnncomp_subset/outputs/exp1_dist_shift_2023_hashemi_clipping.csv
[dist_shift_2023] Loaded 1 instances; writing to /home/sasakis/v/tools/n2v/examples/FlowConformal/experiments/exp1_vnncomp_subset/outputs/exp1_dist_shift_2023_hashemi_clipping.csv
[dist_shift_2023] Hashemi-clipping config: m=8000 ell=7999 epsilon=0.001 SEED=47
[dist_shift_2023 1/1 t=0s budget=300s] ./onnx/mnist_concat.onnx + ./vnnlib/index4665_delta0.13.vnnlib
    verdict=UNSAT  wall=119.1s

=== Sweep complete ===
Wrote /home/sasakis/v/tools/n2v/examples/FlowConformal/experiments/exp1_vnncomp_subset/outputs/exp1_dist_shift_2023_hashemi_clipping.csv
Total wall-clock: 2.0 min
Counts: {'UNSAT': 1, 'SAT': 0, 'UNKNOWN': 0, 'SKIPPED': 0, 'ERROR': 0, 'TIMEOUT': 0}
[run_cell   14/  72 t= 1692s] idx=13   budget=300s (shell timeout=360s)
[dist_shift_2023] running only idx=13; appending to /home/sasakis/v/tools/n2v/examples/FlowConformal/experiments/exp1_vnncomp_subset/outputs/exp1_dist_shift_2023_hashemi_clipping.csv
[dist_shift_2023] Loaded 1 instances; writing to /home/sasakis/v/tools/n2v/examples/FlowConformal/experiments/exp1_vnncomp_subset/outputs/exp1_dist_shift_2023_hashemi_clipping.csv
[dist_shift_2023] Hashemi-clipping config: m=8000 ell=7999 epsilon=0.001 SEED=47
[dist_shift_2023 1/1 t=0s budget=300s] ./onnx/mnist_concat.onnx + ./vnnlib/index2204_delta0.13.vnnlib
    verdict=UNSAT  wall=131.0s

=== Sweep complete ===
Wrote /home/sasakis/v/tools/n2v/examples/FlowConformal/experiments/exp1_vnncomp_subset/outputs/exp1_dist_shift_2023_hashemi_clipping.csv
Total wall-clock: 2.2 min
Counts: {'UNSAT': 1, 'SAT': 0, 'UNKNOWN': 0, 'SKIPPED': 0, 'ERROR': 0, 'TIMEOUT': 0}
[run_cell   15/  72 t= 1827s] idx=14   budget=300s (shell timeout=360s)
[dist_shift_2023] running only idx=14; appending to /home/sasakis/v/tools/n2v/examples/FlowConformal/experiments/exp1_vnncomp_subset/outputs/exp1_dist_shift_2023_hashemi_clipping.csv
[dist_shift_2023] Loaded 1 instances; writing to /home/sasakis/v/tools/n2v/examples/FlowConformal/experiments/exp1_vnncomp_subset/outputs/exp1_dist_shift_2023_hashemi_clipping.csv
[dist_shift_2023] Hashemi-clipping config: m=8000 ell=7999 epsilon=0.001 SEED=47
[dist_shift_2023 1/1 t=0s budget=300s] ./onnx/mnist_concat.onnx + ./vnnlib/index6405_delta0.13.vnnlib
    verdict=UNSAT  wall=145.0s

=== Sweep complete ===
Wrote /home/sasakis/v/tools/n2v/examples/FlowConformal/experiments/exp1_vnncomp_subset/outputs/exp1_dist_shift_2023_hashemi_clipping.csv
Total wall-clock: 2.4 min
Counts: {'UNSAT': 1, 'SAT': 0, 'UNKNOWN': 0, 'SKIPPED': 0, 'ERROR': 0, 'TIMEOUT': 0}
[run_cell   16/  72 t= 1977s] idx=15   budget=300s (shell timeout=360s)
[dist_shift_2023] running only idx=15; appending to /home/sasakis/v/tools/n2v/examples/FlowConformal/experiments/exp1_vnncomp_subset/outputs/exp1_dist_shift_2023_hashemi_clipping.csv
[dist_shift_2023] Loaded 1 instances; writing to /home/sasakis/v/tools/n2v/examples/FlowConformal/experiments/exp1_vnncomp_subset/outputs/exp1_dist_shift_2023_hashemi_clipping.csv
[dist_shift_2023] Hashemi-clipping config: m=8000 ell=7999 epsilon=0.001 SEED=47
[dist_shift_2023 1/1 t=0s budget=300s] ./onnx/mnist_concat.onnx + ./vnnlib/index4739_delta0.13.vnnlib
    verdict=SAT  wall=2.9s

=== Sweep complete ===
Wrote /home/sasakis/v/tools/n2v/examples/FlowConformal/experiments/exp1_vnncomp_subset/outputs/exp1_dist_shift_2023_hashemi_clipping.csv
Total wall-clock: 0.0 min
Counts: {'UNSAT': 0, 'SAT': 1, 'UNKNOWN': 0, 'SKIPPED': 0, 'ERROR': 0, 'TIMEOUT': 0}
[run_cell   17/  72 t= 1985s] idx=16   budget=300s (shell timeout=360s)
[dist_shift_2023] running only idx=16; appending to /home/sasakis/v/tools/n2v/examples/FlowConformal/experiments/exp1_vnncomp_subset/outputs/exp1_dist_shift_2023_hashemi_clipping.csv
[dist_shift_2023] Loaded 1 instances; writing to /home/sasakis/v/tools/n2v/examples/FlowConformal/experiments/exp1_vnncomp_subset/outputs/exp1_dist_shift_2023_hashemi_clipping.csv
[dist_shift_2023] Hashemi-clipping config: m=8000 ell=7999 epsilon=0.001 SEED=47
[dist_shift_2023 1/1 t=0s budget=300s] ./onnx/mnist_concat.onnx + ./vnnlib/index5291_delta0.13.vnnlib
    verdict=UNKNOWN  wall=125.6s

=== Sweep complete ===
Wrote /home/sasakis/v/tools/n2v/examples/FlowConformal/experiments/exp1_vnncomp_subset/outputs/exp1_dist_shift_2023_hashemi_clipping.csv
Total wall-clock: 2.1 min
Counts: {'UNSAT': 0, 'SAT': 0, 'UNKNOWN': 1, 'SKIPPED': 0, 'ERROR': 0, 'TIMEOUT': 0}
[run_cell   18/  72 t= 2116s] idx=17   budget=300s (shell timeout=360s)
[dist_shift_2023] running only idx=17; appending to /home/sasakis/v/tools/n2v/examples/FlowConformal/experiments/exp1_vnncomp_subset/outputs/exp1_dist_shift_2023_hashemi_clipping.csv
[dist_shift_2023] Loaded 1 instances; writing to /home/sasakis/v/tools/n2v/examples/FlowConformal/experiments/exp1_vnncomp_subset/outputs/exp1_dist_shift_2023_hashemi_clipping.csv
[dist_shift_2023] Hashemi-clipping config: m=8000 ell=7999 epsilon=0.001 SEED=47
[dist_shift_2023 1/1 t=0s budget=300s] ./onnx/mnist_concat.onnx + ./vnnlib/index5206_delta0.13.vnnlib
    verdict=UNSAT  wall=147.0s

=== Sweep complete ===
Wrote /home/sasakis/v/tools/n2v/examples/FlowConformal/experiments/exp1_vnncomp_subset/outputs/exp1_dist_shift_2023_hashemi_clipping.csv
Total wall-clock: 2.4 min
Counts: {'UNSAT': 1, 'SAT': 0, 'UNKNOWN': 0, 'SKIPPED': 0, 'ERROR': 0, 'TIMEOUT': 0}
[run_cell   19/  72 t= 2268s] idx=18   budget=300s (shell timeout=360s)
[dist_shift_2023] running only idx=18; appending to /home/sasakis/v/tools/n2v/examples/FlowConformal/experiments/exp1_vnncomp_subset/outputs/exp1_dist_shift_2023_hashemi_clipping.csv
[dist_shift_2023] Loaded 1 instances; writing to /home/sasakis/v/tools/n2v/examples/FlowConformal/experiments/exp1_vnncomp_subset/outputs/exp1_dist_shift_2023_hashemi_clipping.csv
[dist_shift_2023] Hashemi-clipping config: m=8000 ell=7999 epsilon=0.001 SEED=47
[dist_shift_2023 1/1 t=0s budget=300s] ./onnx/mnist_concat.onnx + ./vnnlib/index7329_delta0.13.vnnlib
    verdict=UNSAT  wall=149.1s

=== Sweep complete ===
Wrote /home/sasakis/v/tools/n2v/examples/FlowConformal/experiments/exp1_vnncomp_subset/outputs/exp1_dist_shift_2023_hashemi_clipping.csv
Total wall-clock: 2.5 min
Counts: {'UNSAT': 1, 'SAT': 0, 'UNKNOWN': 0, 'SKIPPED': 0, 'ERROR': 0, 'TIMEOUT': 0}
[run_cell   20/  72 t= 2422s] idx=19   budget=300s (shell timeout=360s)
[dist_shift_2023] running only idx=19; appending to /home/sasakis/v/tools/n2v/examples/FlowConformal/experiments/exp1_vnncomp_subset/outputs/exp1_dist_shift_2023_hashemi_clipping.csv
[dist_shift_2023] Loaded 1 instances; writing to /home/sasakis/v/tools/n2v/examples/FlowConformal/experiments/exp1_vnncomp_subset/outputs/exp1_dist_shift_2023_hashemi_clipping.csv
[dist_shift_2023] Hashemi-clipping config: m=8000 ell=7999 epsilon=0.001 SEED=47
[dist_shift_2023 1/1 t=0s budget=300s] ./onnx/mnist_concat.onnx + ./vnnlib/index292_delta0.13.vnnlib
    verdict=UNSAT  wall=121.0s

=== Sweep complete ===
Wrote /home/sasakis/v/tools/n2v/examples/FlowConformal/experiments/exp1_vnncomp_subset/outputs/exp1_dist_shift_2023_hashemi_clipping.csv
Total wall-clock: 2.0 min
Counts: {'UNSAT': 1, 'SAT': 0, 'UNKNOWN': 0, 'SKIPPED': 0, 'ERROR': 0, 'TIMEOUT': 0}
[run_cell   21/  72 t= 2548s] idx=20   budget=300s (shell timeout=360s)
[dist_shift_2023] running only idx=20; appending to /home/sasakis/v/tools/n2v/examples/FlowConformal/experiments/exp1_vnncomp_subset/outputs/exp1_dist_shift_2023_hashemi_clipping.csv
[dist_shift_2023] Loaded 1 instances; writing to /home/sasakis/v/tools/n2v/examples/FlowConformal/experiments/exp1_vnncomp_subset/outputs/exp1_dist_shift_2023_hashemi_clipping.csv
[dist_shift_2023] Hashemi-clipping config: m=8000 ell=7999 epsilon=0.001 SEED=47
[dist_shift_2023 1/1 t=0s budget=300s] ./onnx/mnist_concat.onnx + ./vnnlib/index1282_delta0.13.vnnlib
    verdict=SAT  wall=2.9s

=== Sweep complete ===
Wrote /home/sasakis/v/tools/n2v/examples/FlowConformal/experiments/exp1_vnncomp_subset/outputs/exp1_dist_shift_2023_hashemi_clipping.csv
Total wall-clock: 0.0 min
Counts: {'UNSAT': 0, 'SAT': 1, 'UNKNOWN': 0, 'SKIPPED': 0, 'ERROR': 0, 'TIMEOUT': 0}
[run_cell   22/  72 t= 2555s] idx=21   budget=300s (shell timeout=360s)
[dist_shift_2023] running only idx=21; appending to /home/sasakis/v/tools/n2v/examples/FlowConformal/experiments/exp1_vnncomp_subset/outputs/exp1_dist_shift_2023_hashemi_clipping.csv
[dist_shift_2023] Loaded 1 instances; writing to /home/sasakis/v/tools/n2v/examples/FlowConformal/experiments/exp1_vnncomp_subset/outputs/exp1_dist_shift_2023_hashemi_clipping.csv
[dist_shift_2023] Hashemi-clipping config: m=8000 ell=7999 epsilon=0.001 SEED=47
[dist_shift_2023 1/1 t=0s budget=300s] ./onnx/mnist_concat.onnx + ./vnnlib/index2251_delta0.13.vnnlib
    verdict=UNSAT  wall=125.1s

=== Sweep complete ===
Wrote /home/sasakis/v/tools/n2v/examples/FlowConformal/experiments/exp1_vnncomp_subset/outputs/exp1_dist_shift_2023_hashemi_clipping.csv
Total wall-clock: 2.1 min
Counts: {'UNSAT': 1, 'SAT': 0, 'UNKNOWN': 0, 'SKIPPED': 0, 'ERROR': 0, 'TIMEOUT': 0}
[run_cell   23/  72 t= 2686s] idx=22   budget=300s (shell timeout=360s)
[dist_shift_2023] running only idx=22; appending to /home/sasakis/v/tools/n2v/examples/FlowConformal/experiments/exp1_vnncomp_subset/outputs/exp1_dist_shift_2023_hashemi_clipping.csv
[dist_shift_2023] Loaded 1 instances; writing to /home/sasakis/v/tools/n2v/examples/FlowConformal/experiments/exp1_vnncomp_subset/outputs/exp1_dist_shift_2023_hashemi_clipping.csv
[dist_shift_2023] Hashemi-clipping config: m=8000 ell=7999 epsilon=0.001 SEED=47
[dist_shift_2023 1/1 t=0s budget=300s] ./onnx/mnist_concat.onnx + ./vnnlib/index1921_delta0.13.vnnlib
    verdict=UNSAT  wall=114.5s

=== Sweep complete ===
Wrote /home/sasakis/v/tools/n2v/examples/FlowConformal/experiments/exp1_vnncomp_subset/outputs/exp1_dist_shift_2023_hashemi_clipping.csv
Total wall-clock: 1.9 min
Counts: {'UNSAT': 1, 'SAT': 0, 'UNKNOWN': 0, 'SKIPPED': 0, 'ERROR': 0, 'TIMEOUT': 0}
[run_cell   24/  72 t= 2805s] idx=23   budget=300s (shell timeout=360s)
[dist_shift_2023] running only idx=23; appending to /home/sasakis/v/tools/n2v/examples/FlowConformal/experiments/exp1_vnncomp_subset/outputs/exp1_dist_shift_2023_hashemi_clipping.csv
[dist_shift_2023] Loaded 1 instances; writing to /home/sasakis/v/tools/n2v/examples/FlowConformal/experiments/exp1_vnncomp_subset/outputs/exp1_dist_shift_2023_hashemi_clipping.csv
[dist_shift_2023] Hashemi-clipping config: m=8000 ell=7999 epsilon=0.001 SEED=47
[dist_shift_2023 1/1 t=0s budget=300s] ./onnx/mnist_concat.onnx + ./vnnlib/index1285_delta0.13.vnnlib
    verdict=SAT  wall=3.9s

=== Sweep complete ===
Wrote /home/sasakis/v/tools/n2v/examples/FlowConformal/experiments/exp1_vnncomp_subset/outputs/exp1_dist_shift_2023_hashemi_clipping.csv
Total wall-clock: 0.1 min
Counts: {'UNSAT': 0, 'SAT': 1, 'UNKNOWN': 0, 'SKIPPED': 0, 'ERROR': 0, 'TIMEOUT': 0}
[run_cell   25/  72 t= 2814s] idx=24   budget=300s (shell timeout=360s)
[dist_shift_2023] running only idx=24; appending to /home/sasakis/v/tools/n2v/examples/FlowConformal/experiments/exp1_vnncomp_subset/outputs/exp1_dist_shift_2023_hashemi_clipping.csv
[dist_shift_2023] Loaded 1 instances; writing to /home/sasakis/v/tools/n2v/examples/FlowConformal/experiments/exp1_vnncomp_subset/outputs/exp1_dist_shift_2023_hashemi_clipping.csv
[dist_shift_2023] Hashemi-clipping config: m=8000 ell=7999 epsilon=0.001 SEED=47
[dist_shift_2023 1/1 t=0s budget=300s] ./onnx/mnist_concat.onnx + ./vnnlib/index9211_delta0.13.vnnlib
    verdict=SAT  wall=2.9s

=== Sweep complete ===
Wrote /home/sasakis/v/tools/n2v/examples/FlowConformal/experiments/exp1_vnncomp_subset/outputs/exp1_dist_shift_2023_hashemi_clipping.csv
Total wall-clock: 0.0 min
Counts: {'UNSAT': 0, 'SAT': 1, 'UNKNOWN': 0, 'SKIPPED': 0, 'ERROR': 0, 'TIMEOUT': 0}
[run_cell   26/  72 t= 2821s] idx=25   budget=300s (shell timeout=360s)
[dist_shift_2023] running only idx=25; appending to /home/sasakis/v/tools/n2v/examples/FlowConformal/experiments/exp1_vnncomp_subset/outputs/exp1_dist_shift_2023_hashemi_clipping.csv
[dist_shift_2023] Loaded 1 instances; writing to /home/sasakis/v/tools/n2v/examples/FlowConformal/experiments/exp1_vnncomp_subset/outputs/exp1_dist_shift_2023_hashemi_clipping.csv
[dist_shift_2023] Hashemi-clipping config: m=8000 ell=7999 epsilon=0.001 SEED=47
[dist_shift_2023 1/1 t=0s budget=300s] ./onnx/mnist_concat.onnx + ./vnnlib/index1159_delta0.13.vnnlib
    verdict=UNSAT  wall=124.5s

=== Sweep complete ===
Wrote /home/sasakis/v/tools/n2v/examples/FlowConformal/experiments/exp1_vnncomp_subset/outputs/exp1_dist_shift_2023_hashemi_clipping.csv
Total wall-clock: 2.1 min
Counts: {'UNSAT': 1, 'SAT': 0, 'UNKNOWN': 0, 'SKIPPED': 0, 'ERROR': 0, 'TIMEOUT': 0}
[run_cell   27/  72 t= 2951s] idx=26   budget=300s (shell timeout=360s)
[dist_shift_2023] running only idx=26; appending to /home/sasakis/v/tools/n2v/examples/FlowConformal/experiments/exp1_vnncomp_subset/outputs/exp1_dist_shift_2023_hashemi_clipping.csv
[dist_shift_2023] Loaded 1 instances; writing to /home/sasakis/v/tools/n2v/examples/FlowConformal/experiments/exp1_vnncomp_subset/outputs/exp1_dist_shift_2023_hashemi_clipping.csv
[dist_shift_2023] Hashemi-clipping config: m=8000 ell=7999 epsilon=0.001 SEED=47
[dist_shift_2023 1/1 t=0s budget=300s] ./onnx/mnist_concat.onnx + ./vnnlib/index4901_delta0.13.vnnlib
    verdict=UNSAT  wall=117.7s

=== Sweep complete ===
Wrote /home/sasakis/v/tools/n2v/examples/FlowConformal/experiments/exp1_vnncomp_subset/outputs/exp1_dist_shift_2023_hashemi_clipping.csv
Total wall-clock: 2.0 min
Counts: {'UNSAT': 1, 'SAT': 0, 'UNKNOWN': 0, 'SKIPPED': 0, 'ERROR': 0, 'TIMEOUT': 0}
[run_cell   28/  72 t= 3074s] idx=27   budget=300s (shell timeout=360s)
[dist_shift_2023] running only idx=27; appending to /home/sasakis/v/tools/n2v/examples/FlowConformal/experiments/exp1_vnncomp_subset/outputs/exp1_dist_shift_2023_hashemi_clipping.csv
[dist_shift_2023] Loaded 1 instances; writing to /home/sasakis/v/tools/n2v/examples/FlowConformal/experiments/exp1_vnncomp_subset/outputs/exp1_dist_shift_2023_hashemi_clipping.csv
[dist_shift_2023] Hashemi-clipping config: m=8000 ell=7999 epsilon=0.001 SEED=47
[dist_shift_2023 1/1 t=0s budget=300s] ./onnx/mnist_concat.onnx + ./vnnlib/index1662_delta0.13.vnnlib
    verdict=UNSAT  wall=116.3s

=== Sweep complete ===
Wrote /home/sasakis/v/tools/n2v/examples/FlowConformal/experiments/exp1_vnncomp_subset/outputs/exp1_dist_shift_2023_hashemi_clipping.csv
Total wall-clock: 1.9 min
Counts: {'UNSAT': 1, 'SAT': 0, 'UNKNOWN': 0, 'SKIPPED': 0, 'ERROR': 0, 'TIMEOUT': 0}
[run_cell   29/  72 t= 3195s] idx=28   budget=300s (shell timeout=360s)
[dist_shift_2023] running only idx=28; appending to /home/sasakis/v/tools/n2v/examples/FlowConformal/experiments/exp1_vnncomp_subset/outputs/exp1_dist_shift_2023_hashemi_clipping.csv
[dist_shift_2023] Loaded 1 instances; writing to /home/sasakis/v/tools/n2v/examples/FlowConformal/experiments/exp1_vnncomp_subset/outputs/exp1_dist_shift_2023_hashemi_clipping.csv
[dist_shift_2023] Hashemi-clipping config: m=8000 ell=7999 epsilon=0.001 SEED=47
[dist_shift_2023 1/1 t=0s budget=300s] ./onnx/mnist_concat.onnx + ./vnnlib/index7606_delta0.13.vnnlib
    verdict=UNSAT  wall=113.1s

=== Sweep complete ===
Wrote /home/sasakis/v/tools/n2v/examples/FlowConformal/experiments/exp1_vnncomp_subset/outputs/exp1_dist_shift_2023_hashemi_clipping.csv
Total wall-clock: 1.9 min
Counts: {'UNSAT': 1, 'SAT': 0, 'UNKNOWN': 0, 'SKIPPED': 0, 'ERROR': 0, 'TIMEOUT': 0}
[run_cell   30/  72 t= 3313s] idx=29   budget=300s (shell timeout=360s)
[dist_shift_2023] running only idx=29; appending to /home/sasakis/v/tools/n2v/examples/FlowConformal/experiments/exp1_vnncomp_subset/outputs/exp1_dist_shift_2023_hashemi_clipping.csv
[dist_shift_2023] Loaded 1 instances; writing to /home/sasakis/v/tools/n2v/examples/FlowConformal/experiments/exp1_vnncomp_subset/outputs/exp1_dist_shift_2023_hashemi_clipping.csv
[dist_shift_2023] Hashemi-clipping config: m=8000 ell=7999 epsilon=0.001 SEED=47
[dist_shift_2023 1/1 t=0s budget=300s] ./onnx/mnist_concat.onnx + ./vnnlib/index1537_delta0.13.vnnlib
    verdict=UNKNOWN  wall=134.8s

=== Sweep complete ===
Wrote /home/sasakis/v/tools/n2v/examples/FlowConformal/experiments/exp1_vnncomp_subset/outputs/exp1_dist_shift_2023_hashemi_clipping.csv
Total wall-clock: 2.2 min
Counts: {'UNSAT': 0, 'SAT': 0, 'UNKNOWN': 1, 'SKIPPED': 0, 'ERROR': 0, 'TIMEOUT': 0}
[run_cell   31/  72 t= 3453s] idx=30   budget=300s (shell timeout=360s)
[dist_shift_2023] running only idx=30; appending to /home/sasakis/v/tools/n2v/examples/FlowConformal/experiments/exp1_vnncomp_subset/outputs/exp1_dist_shift_2023_hashemi_clipping.csv
[dist_shift_2023] Loaded 1 instances; writing to /home/sasakis/v/tools/n2v/examples/FlowConformal/experiments/exp1_vnncomp_subset/outputs/exp1_dist_shift_2023_hashemi_clipping.csv
[dist_shift_2023] Hashemi-clipping config: m=8000 ell=7999 epsilon=0.001 SEED=47
[dist_shift_2023 1/1 t=0s budget=300s] ./onnx/mnist_concat.onnx + ./vnnlib/index3863_delta0.13.vnnlib
    verdict=UNSAT  wall=149.6s

=== Sweep complete ===
Wrote /home/sasakis/v/tools/n2v/examples/FlowConformal/experiments/exp1_vnncomp_subset/outputs/exp1_dist_shift_2023_hashemi_clipping.csv
Total wall-clock: 2.5 min
Counts: {'UNSAT': 1, 'SAT': 0, 'UNKNOWN': 0, 'SKIPPED': 0, 'ERROR': 0, 'TIMEOUT': 0}
[run_cell   32/  72 t= 3607s] idx=31   budget=300s (shell timeout=360s)
[dist_shift_2023] running only idx=31; appending to /home/sasakis/v/tools/n2v/examples/FlowConformal/experiments/exp1_vnncomp_subset/outputs/exp1_dist_shift_2023_hashemi_clipping.csv
[dist_shift_2023] Loaded 1 instances; writing to /home/sasakis/v/tools/n2v/examples/FlowConformal/experiments/exp1_vnncomp_subset/outputs/exp1_dist_shift_2023_hashemi_clipping.csv
[dist_shift_2023] Hashemi-clipping config: m=8000 ell=7999 epsilon=0.001 SEED=47
[dist_shift_2023 1/1 t=0s budget=300s] ./onnx/mnist_concat.onnx + ./vnnlib/index6792_delta0.13.vnnlib
    verdict=UNSAT  wall=117.4s

=== Sweep complete ===
Wrote /home/sasakis/v/tools/n2v/examples/FlowConformal/experiments/exp1_vnncomp_subset/outputs/exp1_dist_shift_2023_hashemi_clipping.csv
Total wall-clock: 2.0 min
Counts: {'UNSAT': 1, 'SAT': 0, 'UNKNOWN': 0, 'SKIPPED': 0, 'ERROR': 0, 'TIMEOUT': 0}
[run_cell   33/  72 t= 3730s] idx=32   budget=300s (shell timeout=360s)
[dist_shift_2023] running only idx=32; appending to /home/sasakis/v/tools/n2v/examples/FlowConformal/experiments/exp1_vnncomp_subset/outputs/exp1_dist_shift_2023_hashemi_clipping.csv
[dist_shift_2023] Loaded 1 instances; writing to /home/sasakis/v/tools/n2v/examples/FlowConformal/experiments/exp1_vnncomp_subset/outputs/exp1_dist_shift_2023_hashemi_clipping.csv
[dist_shift_2023] Hashemi-clipping config: m=8000 ell=7999 epsilon=0.001 SEED=47
[dist_shift_2023 1/1 t=0s budget=300s] ./onnx/mnist_concat.onnx + ./vnnlib/index2481_delta0.13.vnnlib
    verdict=UNSAT  wall=109.1s

=== Sweep complete ===
Wrote /home/sasakis/v/tools/n2v/examples/FlowConformal/experiments/exp1_vnncomp_subset/outputs/exp1_dist_shift_2023_hashemi_clipping.csv
Total wall-clock: 1.8 min
Counts: {'UNSAT': 1, 'SAT': 0, 'UNKNOWN': 0, 'SKIPPED': 0, 'ERROR': 0, 'TIMEOUT': 0}
[run_cell   34/  72 t= 3844s] idx=33   budget=300s (shell timeout=360s)
[dist_shift_2023] running only idx=33; appending to /home/sasakis/v/tools/n2v/examples/FlowConformal/experiments/exp1_vnncomp_subset/outputs/exp1_dist_shift_2023_hashemi_clipping.csv
[dist_shift_2023] Loaded 1 instances; writing to /home/sasakis/v/tools/n2v/examples/FlowConformal/experiments/exp1_vnncomp_subset/outputs/exp1_dist_shift_2023_hashemi_clipping.csv
[dist_shift_2023] Hashemi-clipping config: m=8000 ell=7999 epsilon=0.001 SEED=47
[dist_shift_2023 1/1 t=0s budget=300s] ./onnx/mnist_concat.onnx + ./vnnlib/index9027_delta0.13.vnnlib
    verdict=UNSAT  wall=141.9s

=== Sweep complete ===
Wrote /home/sasakis/v/tools/n2v/examples/FlowConformal/experiments/exp1_vnncomp_subset/outputs/exp1_dist_shift_2023_hashemi_clipping.csv
Total wall-clock: 2.4 min
Counts: {'UNSAT': 1, 'SAT': 0, 'UNKNOWN': 0, 'SKIPPED': 0, 'ERROR': 0, 'TIMEOUT': 0}
[run_cell   35/  72 t= 3991s] idx=34   budget=300s (shell timeout=360s)
[dist_shift_2023] running only idx=34; appending to /home/sasakis/v/tools/n2v/examples/FlowConformal/experiments/exp1_vnncomp_subset/outputs/exp1_dist_shift_2023_hashemi_clipping.csv
[dist_shift_2023] Loaded 1 instances; writing to /home/sasakis/v/tools/n2v/examples/FlowConformal/experiments/exp1_vnncomp_subset/outputs/exp1_dist_shift_2023_hashemi_clipping.csv
[dist_shift_2023] Hashemi-clipping config: m=8000 ell=7999 epsilon=0.001 SEED=47
[dist_shift_2023 1/1 t=0s budget=300s] ./onnx/mnist_concat.onnx + ./vnnlib/index6136_delta0.13.vnnlib
    verdict=UNKNOWN  wall=121.3s

=== Sweep complete ===
Wrote /home/sasakis/v/tools/n2v/examples/FlowConformal/experiments/exp1_vnncomp_subset/outputs/exp1_dist_shift_2023_hashemi_clipping.csv
Total wall-clock: 2.0 min
Counts: {'UNSAT': 0, 'SAT': 0, 'UNKNOWN': 1, 'SKIPPED': 0, 'ERROR': 0, 'TIMEOUT': 0}
[run_cell   36/  72 t= 4117s] idx=35   budget=300s (shell timeout=360s)
[dist_shift_2023] running only idx=35; appending to /home/sasakis/v/tools/n2v/examples/FlowConformal/experiments/exp1_vnncomp_subset/outputs/exp1_dist_shift_2023_hashemi_clipping.csv
[dist_shift_2023] Loaded 1 instances; writing to /home/sasakis/v/tools/n2v/examples/FlowConformal/experiments/exp1_vnncomp_subset/outputs/exp1_dist_shift_2023_hashemi_clipping.csv
[dist_shift_2023] Hashemi-clipping config: m=8000 ell=7999 epsilon=0.001 SEED=47
[dist_shift_2023 1/1 t=0s budget=300s] ./onnx/mnist_concat.onnx + ./vnnlib/index4799_delta0.13.vnnlib
    verdict=UNSAT  wall=110.3s

=== Sweep complete ===
Wrote /home/sasakis/v/tools/n2v/examples/FlowConformal/experiments/exp1_vnncomp_subset/outputs/exp1_dist_shift_2023_hashemi_clipping.csv
Total wall-clock: 1.8 min
Counts: {'UNSAT': 1, 'SAT': 0, 'UNKNOWN': 0, 'SKIPPED': 0, 'ERROR': 0, 'TIMEOUT': 0}
[run_cell   37/  72 t= 4233s] idx=36   budget=300s (shell timeout=360s)
[dist_shift_2023] running only idx=36; appending to /home/sasakis/v/tools/n2v/examples/FlowConformal/experiments/exp1_vnncomp_subset/outputs/exp1_dist_shift_2023_hashemi_clipping.csv
[dist_shift_2023] Loaded 1 instances; writing to /home/sasakis/v/tools/n2v/examples/FlowConformal/experiments/exp1_vnncomp_subset/outputs/exp1_dist_shift_2023_hashemi_clipping.csv
[dist_shift_2023] Hashemi-clipping config: m=8000 ell=7999 epsilon=0.001 SEED=47
[dist_shift_2023 1/1 t=0s budget=300s] ./onnx/mnist_concat.onnx + ./vnnlib/index3444_delta0.13.vnnlib
    verdict=UNSAT  wall=115.8s

=== Sweep complete ===
Wrote /home/sasakis/v/tools/n2v/examples/FlowConformal/experiments/exp1_vnncomp_subset/outputs/exp1_dist_shift_2023_hashemi_clipping.csv
Total wall-clock: 1.9 min
Counts: {'UNSAT': 1, 'SAT': 0, 'UNKNOWN': 0, 'SKIPPED': 0, 'ERROR': 0, 'TIMEOUT': 0}
[run_cell   38/  72 t= 4353s] idx=37   budget=300s (shell timeout=360s)
[dist_shift_2023] running only idx=37; appending to /home/sasakis/v/tools/n2v/examples/FlowConformal/experiments/exp1_vnncomp_subset/outputs/exp1_dist_shift_2023_hashemi_clipping.csv
[dist_shift_2023] Loaded 1 instances; writing to /home/sasakis/v/tools/n2v/examples/FlowConformal/experiments/exp1_vnncomp_subset/outputs/exp1_dist_shift_2023_hashemi_clipping.csv
[dist_shift_2023] Hashemi-clipping config: m=8000 ell=7999 epsilon=0.001 SEED=47
[dist_shift_2023 1/1 t=0s budget=300s] ./onnx/mnist_concat.onnx + ./vnnlib/index5328_delta0.13.vnnlib
    verdict=UNSAT  wall=146.0s

=== Sweep complete ===
Wrote /home/sasakis/v/tools/n2v/examples/FlowConformal/experiments/exp1_vnncomp_subset/outputs/exp1_dist_shift_2023_hashemi_clipping.csv
Total wall-clock: 2.4 min
Counts: {'UNSAT': 1, 'SAT': 0, 'UNKNOWN': 0, 'SKIPPED': 0, 'ERROR': 0, 'TIMEOUT': 0}
[run_cell   39/  72 t= 4504s] idx=38   budget=300s (shell timeout=360s)
[dist_shift_2023] running only idx=38; appending to /home/sasakis/v/tools/n2v/examples/FlowConformal/experiments/exp1_vnncomp_subset/outputs/exp1_dist_shift_2023_hashemi_clipping.csv
[dist_shift_2023] Loaded 1 instances; writing to /home/sasakis/v/tools/n2v/examples/FlowConformal/experiments/exp1_vnncomp_subset/outputs/exp1_dist_shift_2023_hashemi_clipping.csv
[dist_shift_2023] Hashemi-clipping config: m=8000 ell=7999 epsilon=0.001 SEED=47
[dist_shift_2023 1/1 t=0s budget=300s] ./onnx/mnist_concat.onnx + ./vnnlib/index1031_delta0.13.vnnlib
    verdict=UNSAT  wall=145.1s

=== Sweep complete ===
Wrote /home/sasakis/v/tools/n2v/examples/FlowConformal/experiments/exp1_vnncomp_subset/outputs/exp1_dist_shift_2023_hashemi_clipping.csv
Total wall-clock: 2.4 min
Counts: {'UNSAT': 1, 'SAT': 0, 'UNKNOWN': 0, 'SKIPPED': 0, 'ERROR': 0, 'TIMEOUT': 0}
[run_cell   40/  72 t= 4655s] idx=39   budget=300s (shell timeout=360s)
[dist_shift_2023] running only idx=39; appending to /home/sasakis/v/tools/n2v/examples/FlowConformal/experiments/exp1_vnncomp_subset/outputs/exp1_dist_shift_2023_hashemi_clipping.csv
[dist_shift_2023] Loaded 1 instances; writing to /home/sasakis/v/tools/n2v/examples/FlowConformal/experiments/exp1_vnncomp_subset/outputs/exp1_dist_shift_2023_hashemi_clipping.csv
[dist_shift_2023] Hashemi-clipping config: m=8000 ell=7999 epsilon=0.001 SEED=47
[dist_shift_2023 1/1 t=0s budget=300s] ./onnx/mnist_concat.onnx + ./vnnlib/index3401_delta0.13.vnnlib
    verdict=UNSAT  wall=113.7s

=== Sweep complete ===
Wrote /home/sasakis/v/tools/n2v/examples/FlowConformal/experiments/exp1_vnncomp_subset/outputs/exp1_dist_shift_2023_hashemi_clipping.csv
Total wall-clock: 1.9 min
Counts: {'UNSAT': 1, 'SAT': 0, 'UNKNOWN': 0, 'SKIPPED': 0, 'ERROR': 0, 'TIMEOUT': 0}
[run_cell   41/  72 t= 4773s] idx=40   budget=300s (shell timeout=360s)
[dist_shift_2023] running only idx=40; appending to /home/sasakis/v/tools/n2v/examples/FlowConformal/experiments/exp1_vnncomp_subset/outputs/exp1_dist_shift_2023_hashemi_clipping.csv
[dist_shift_2023] Loaded 1 instances; writing to /home/sasakis/v/tools/n2v/examples/FlowConformal/experiments/exp1_vnncomp_subset/outputs/exp1_dist_shift_2023_hashemi_clipping.csv
[dist_shift_2023] Hashemi-clipping config: m=8000 ell=7999 epsilon=0.001 SEED=47
[dist_shift_2023 1/1 t=0s budget=300s] ./onnx/mnist_concat.onnx + ./vnnlib/index9101_delta0.13.vnnlib
    verdict=UNSAT  wall=144.7s

=== Sweep complete ===
Wrote /home/sasakis/v/tools/n2v/examples/FlowConformal/experiments/exp1_vnncomp_subset/outputs/exp1_dist_shift_2023_hashemi_clipping.csv
Total wall-clock: 2.4 min
Counts: {'UNSAT': 1, 'SAT': 0, 'UNKNOWN': 0, 'SKIPPED': 0, 'ERROR': 0, 'TIMEOUT': 0}
[run_cell   42/  72 t= 4923s] idx=41   budget=300s (shell timeout=360s)
[dist_shift_2023] running only idx=41; appending to /home/sasakis/v/tools/n2v/examples/FlowConformal/experiments/exp1_vnncomp_subset/outputs/exp1_dist_shift_2023_hashemi_clipping.csv
[dist_shift_2023] Loaded 1 instances; writing to /home/sasakis/v/tools/n2v/examples/FlowConformal/experiments/exp1_vnncomp_subset/outputs/exp1_dist_shift_2023_hashemi_clipping.csv
[dist_shift_2023] Hashemi-clipping config: m=8000 ell=7999 epsilon=0.001 SEED=47
[dist_shift_2023 1/1 t=0s budget=300s] ./onnx/mnist_concat.onnx + ./vnnlib/index7109_delta0.13.vnnlib
    verdict=UNSAT  wall=113.4s

=== Sweep complete ===
Wrote /home/sasakis/v/tools/n2v/examples/FlowConformal/experiments/exp1_vnncomp_subset/outputs/exp1_dist_shift_2023_hashemi_clipping.csv
Total wall-clock: 1.9 min
Counts: {'UNSAT': 1, 'SAT': 0, 'UNKNOWN': 0, 'SKIPPED': 0, 'ERROR': 0, 'TIMEOUT': 0}
[run_cell   43/  72 t= 5041s] idx=42   budget=300s (shell timeout=360s)
[dist_shift_2023] running only idx=42; appending to /home/sasakis/v/tools/n2v/examples/FlowConformal/experiments/exp1_vnncomp_subset/outputs/exp1_dist_shift_2023_hashemi_clipping.csv
[dist_shift_2023] Loaded 1 instances; writing to /home/sasakis/v/tools/n2v/examples/FlowConformal/experiments/exp1_vnncomp_subset/outputs/exp1_dist_shift_2023_hashemi_clipping.csv
[dist_shift_2023] Hashemi-clipping config: m=8000 ell=7999 epsilon=0.001 SEED=47
[dist_shift_2023 1/1 t=0s budget=300s] ./onnx/mnist_concat.onnx + ./vnnlib/index4312_delta0.13.vnnlib
    verdict=SAT  wall=2.9s

=== Sweep complete ===
Wrote /home/sasakis/v/tools/n2v/examples/FlowConformal/experiments/exp1_vnncomp_subset/outputs/exp1_dist_shift_2023_hashemi_clipping.csv
Total wall-clock: 0.0 min
Counts: {'UNSAT': 0, 'SAT': 1, 'UNKNOWN': 0, 'SKIPPED': 0, 'ERROR': 0, 'TIMEOUT': 0}
[run_cell   44/  72 t= 5049s] idx=43   budget=300s (shell timeout=360s)
[dist_shift_2023] running only idx=43; appending to /home/sasakis/v/tools/n2v/examples/FlowConformal/experiments/exp1_vnncomp_subset/outputs/exp1_dist_shift_2023_hashemi_clipping.csv
[dist_shift_2023] Loaded 1 instances; writing to /home/sasakis/v/tools/n2v/examples/FlowConformal/experiments/exp1_vnncomp_subset/outputs/exp1_dist_shift_2023_hashemi_clipping.csv
[dist_shift_2023] Hashemi-clipping config: m=8000 ell=7999 epsilon=0.001 SEED=47
[dist_shift_2023 1/1 t=0s budget=300s] ./onnx/mnist_concat.onnx + ./vnnlib/index9203_delta0.13.vnnlib
    verdict=UNSAT  wall=116.0s

=== Sweep complete ===
Wrote /home/sasakis/v/tools/n2v/examples/FlowConformal/experiments/exp1_vnncomp_subset/outputs/exp1_dist_shift_2023_hashemi_clipping.csv
Total wall-clock: 1.9 min
Counts: {'UNSAT': 1, 'SAT': 0, 'UNKNOWN': 0, 'SKIPPED': 0, 'ERROR': 0, 'TIMEOUT': 0}
[run_cell   45/  72 t= 5170s] idx=44   budget=300s (shell timeout=360s)
[dist_shift_2023] running only idx=44; appending to /home/sasakis/v/tools/n2v/examples/FlowConformal/experiments/exp1_vnncomp_subset/outputs/exp1_dist_shift_2023_hashemi_clipping.csv
[dist_shift_2023] Loaded 1 instances; writing to /home/sasakis/v/tools/n2v/examples/FlowConformal/experiments/exp1_vnncomp_subset/outputs/exp1_dist_shift_2023_hashemi_clipping.csv
[dist_shift_2023] Hashemi-clipping config: m=8000 ell=7999 epsilon=0.001 SEED=47
[dist_shift_2023 1/1 t=0s budget=300s] ./onnx/mnist_concat.onnx + ./vnnlib/index1929_delta0.13.vnnlib
    verdict=UNSAT  wall=140.6s

=== Sweep complete ===
Wrote /home/sasakis/v/tools/n2v/examples/FlowConformal/experiments/exp1_vnncomp_subset/outputs/exp1_dist_shift_2023_hashemi_clipping.csv
Total wall-clock: 2.3 min
Counts: {'UNSAT': 1, 'SAT': 0, 'UNKNOWN': 0, 'SKIPPED': 0, 'ERROR': 0, 'TIMEOUT': 0}
[run_cell   46/  72 t= 5316s] idx=45   budget=300s (shell timeout=360s)
[dist_shift_2023] running only idx=45; appending to /home/sasakis/v/tools/n2v/examples/FlowConformal/experiments/exp1_vnncomp_subset/outputs/exp1_dist_shift_2023_hashemi_clipping.csv
[dist_shift_2023] Loaded 1 instances; writing to /home/sasakis/v/tools/n2v/examples/FlowConformal/experiments/exp1_vnncomp_subset/outputs/exp1_dist_shift_2023_hashemi_clipping.csv
[dist_shift_2023] Hashemi-clipping config: m=8000 ell=7999 epsilon=0.001 SEED=47
[dist_shift_2023 1/1 t=0s budget=300s] ./onnx/mnist_concat.onnx + ./vnnlib/index6217_delta0.13.vnnlib
    verdict=UNSAT  wall=129.8s

=== Sweep complete ===
Wrote /home/sasakis/v/tools/n2v/examples/FlowConformal/experiments/exp1_vnncomp_subset/outputs/exp1_dist_shift_2023_hashemi_clipping.csv
Total wall-clock: 2.2 min
Counts: {'UNSAT': 1, 'SAT': 0, 'UNKNOWN': 0, 'SKIPPED': 0, 'ERROR': 0, 'TIMEOUT': 0}
[run_cell   47/  72 t= 5450s] idx=46   budget=300s (shell timeout=360s)
[dist_shift_2023] running only idx=46; appending to /home/sasakis/v/tools/n2v/examples/FlowConformal/experiments/exp1_vnncomp_subset/outputs/exp1_dist_shift_2023_hashemi_clipping.csv
[dist_shift_2023] Loaded 1 instances; writing to /home/sasakis/v/tools/n2v/examples/FlowConformal/experiments/exp1_vnncomp_subset/outputs/exp1_dist_shift_2023_hashemi_clipping.csv
[dist_shift_2023] Hashemi-clipping config: m=8000 ell=7999 epsilon=0.001 SEED=47
[dist_shift_2023 1/1 t=0s budget=300s] ./onnx/mnist_concat.onnx + ./vnnlib/index4272_delta0.13.vnnlib
    verdict=SAT  wall=2.9s

=== Sweep complete ===
Wrote /home/sasakis/v/tools/n2v/examples/FlowConformal/experiments/exp1_vnncomp_subset/outputs/exp1_dist_shift_2023_hashemi_clipping.csv
Total wall-clock: 0.0 min
Counts: {'UNSAT': 0, 'SAT': 1, 'UNKNOWN': 0, 'SKIPPED': 0, 'ERROR': 0, 'TIMEOUT': 0}
[run_cell   48/  72 t= 5458s] idx=47   budget=300s (shell timeout=360s)
[dist_shift_2023] running only idx=47; appending to /home/sasakis/v/tools/n2v/examples/FlowConformal/experiments/exp1_vnncomp_subset/outputs/exp1_dist_shift_2023_hashemi_clipping.csv
[dist_shift_2023] Loaded 1 instances; writing to /home/sasakis/v/tools/n2v/examples/FlowConformal/experiments/exp1_vnncomp_subset/outputs/exp1_dist_shift_2023_hashemi_clipping.csv
[dist_shift_2023] Hashemi-clipping config: m=8000 ell=7999 epsilon=0.001 SEED=47
[dist_shift_2023 1/1 t=0s budget=300s] ./onnx/mnist_concat.onnx + ./vnnlib/index316_delta0.13.vnnlib
    verdict=UNSAT  wall=115.7s

=== Sweep complete ===
Wrote /home/sasakis/v/tools/n2v/examples/FlowConformal/experiments/exp1_vnncomp_subset/outputs/exp1_dist_shift_2023_hashemi_clipping.csv
Total wall-clock: 1.9 min
Counts: {'UNSAT': 1, 'SAT': 0, 'UNKNOWN': 0, 'SKIPPED': 0, 'ERROR': 0, 'TIMEOUT': 0}
[run_cell   49/  72 t= 5579s] idx=48   budget=300s (shell timeout=360s)
[dist_shift_2023] running only idx=48; appending to /home/sasakis/v/tools/n2v/examples/FlowConformal/experiments/exp1_vnncomp_subset/outputs/exp1_dist_shift_2023_hashemi_clipping.csv
[dist_shift_2023] Loaded 1 instances; writing to /home/sasakis/v/tools/n2v/examples/FlowConformal/experiments/exp1_vnncomp_subset/outputs/exp1_dist_shift_2023_hashemi_clipping.csv
[dist_shift_2023] Hashemi-clipping config: m=8000 ell=7999 epsilon=0.001 SEED=47
[dist_shift_2023 1/1 t=0s budget=300s] ./onnx/mnist_concat.onnx + ./vnnlib/index2750_delta0.13.vnnlib
    verdict=UNKNOWN  wall=130.1s

=== Sweep complete ===
Wrote /home/sasakis/v/tools/n2v/examples/FlowConformal/experiments/exp1_vnncomp_subset/outputs/exp1_dist_shift_2023_hashemi_clipping.csv
Total wall-clock: 2.2 min
Counts: {'UNSAT': 0, 'SAT': 0, 'UNKNOWN': 1, 'SKIPPED': 0, 'ERROR': 0, 'TIMEOUT': 0}
[run_cell   50/  72 t= 5714s] idx=49   budget=300s (shell timeout=360s)
[dist_shift_2023] running only idx=49; appending to /home/sasakis/v/tools/n2v/examples/FlowConformal/experiments/exp1_vnncomp_subset/outputs/exp1_dist_shift_2023_hashemi_clipping.csv
[dist_shift_2023] Loaded 1 instances; writing to /home/sasakis/v/tools/n2v/examples/FlowConformal/experiments/exp1_vnncomp_subset/outputs/exp1_dist_shift_2023_hashemi_clipping.csv
[dist_shift_2023] Hashemi-clipping config: m=8000 ell=7999 epsilon=0.001 SEED=47
[dist_shift_2023 1/1 t=0s budget=300s] ./onnx/mnist_concat.onnx + ./vnnlib/index7336_delta0.13.vnnlib
    verdict=UNSAT  wall=114.9s

=== Sweep complete ===
Wrote /home/sasakis/v/tools/n2v/examples/FlowConformal/experiments/exp1_vnncomp_subset/outputs/exp1_dist_shift_2023_hashemi_clipping.csv
Total wall-clock: 1.9 min
Counts: {'UNSAT': 1, 'SAT': 0, 'UNKNOWN': 0, 'SKIPPED': 0, 'ERROR': 0, 'TIMEOUT': 0}
[run_cell   51/  72 t= 5834s] idx=50   budget=300s (shell timeout=360s)
[dist_shift_2023] running only idx=50; appending to /home/sasakis/v/tools/n2v/examples/FlowConformal/experiments/exp1_vnncomp_subset/outputs/exp1_dist_shift_2023_hashemi_clipping.csv
[dist_shift_2023] Loaded 1 instances; writing to /home/sasakis/v/tools/n2v/examples/FlowConformal/experiments/exp1_vnncomp_subset/outputs/exp1_dist_shift_2023_hashemi_clipping.csv
[dist_shift_2023] Hashemi-clipping config: m=8000 ell=7999 epsilon=0.001 SEED=47
[dist_shift_2023 1/1 t=0s budget=300s] ./onnx/mnist_concat.onnx + ./vnnlib/index1453_delta0.13.vnnlib
    verdict=UNSAT  wall=118.3s

=== Sweep complete ===
Wrote /home/sasakis/v/tools/n2v/examples/FlowConformal/experiments/exp1_vnncomp_subset/outputs/exp1_dist_shift_2023_hashemi_clipping.csv
Total wall-clock: 2.0 min
Counts: {'UNSAT': 1, 'SAT': 0, 'UNKNOWN': 0, 'SKIPPED': 0, 'ERROR': 0, 'TIMEOUT': 0}
[run_cell   52/  72 t= 5957s] idx=51   budget=300s (shell timeout=360s)
[dist_shift_2023] running only idx=51; appending to /home/sasakis/v/tools/n2v/examples/FlowConformal/experiments/exp1_vnncomp_subset/outputs/exp1_dist_shift_2023_hashemi_clipping.csv
[dist_shift_2023] Loaded 1 instances; writing to /home/sasakis/v/tools/n2v/examples/FlowConformal/experiments/exp1_vnncomp_subset/outputs/exp1_dist_shift_2023_hashemi_clipping.csv
[dist_shift_2023] Hashemi-clipping config: m=8000 ell=7999 epsilon=0.001 SEED=47
[dist_shift_2023 1/1 t=0s budget=300s] ./onnx/mnist_concat.onnx + ./vnnlib/index112_delta0.13.vnnlib
    verdict=UNKNOWN  wall=112.1s

=== Sweep complete ===
Wrote /home/sasakis/v/tools/n2v/examples/FlowConformal/experiments/exp1_vnncomp_subset/outputs/exp1_dist_shift_2023_hashemi_clipping.csv
Total wall-clock: 1.9 min
Counts: {'UNSAT': 0, 'SAT': 0, 'UNKNOWN': 1, 'SKIPPED': 0, 'ERROR': 0, 'TIMEOUT': 0}
[run_cell   53/  72 t= 6074s] idx=52   budget=300s (shell timeout=360s)
[dist_shift_2023] running only idx=52; appending to /home/sasakis/v/tools/n2v/examples/FlowConformal/experiments/exp1_vnncomp_subset/outputs/exp1_dist_shift_2023_hashemi_clipping.csv
[dist_shift_2023] Loaded 1 instances; writing to /home/sasakis/v/tools/n2v/examples/FlowConformal/experiments/exp1_vnncomp_subset/outputs/exp1_dist_shift_2023_hashemi_clipping.csv
[dist_shift_2023] Hashemi-clipping config: m=8000 ell=7999 epsilon=0.001 SEED=47
[dist_shift_2023 1/1 t=0s budget=300s] ./onnx/mnist_concat.onnx + ./vnnlib/index6936_delta0.13.vnnlib
    verdict=UNSAT  wall=118.6s

=== Sweep complete ===
Wrote /home/sasakis/v/tools/n2v/examples/FlowConformal/experiments/exp1_vnncomp_subset/outputs/exp1_dist_shift_2023_hashemi_clipping.csv
Total wall-clock: 2.0 min
Counts: {'UNSAT': 1, 'SAT': 0, 'UNKNOWN': 0, 'SKIPPED': 0, 'ERROR': 0, 'TIMEOUT': 0}
[run_cell   54/  72 t= 6198s] idx=53   budget=300s (shell timeout=360s)
[dist_shift_2023] running only idx=53; appending to /home/sasakis/v/tools/n2v/examples/FlowConformal/experiments/exp1_vnncomp_subset/outputs/exp1_dist_shift_2023_hashemi_clipping.csv
[dist_shift_2023] Loaded 1 instances; writing to /home/sasakis/v/tools/n2v/examples/FlowConformal/experiments/exp1_vnncomp_subset/outputs/exp1_dist_shift_2023_hashemi_clipping.csv
[dist_shift_2023] Hashemi-clipping config: m=8000 ell=7999 epsilon=0.001 SEED=47
[dist_shift_2023 1/1 t=0s budget=300s] ./onnx/mnist_concat.onnx + ./vnnlib/index6574_delta0.13.vnnlib
    verdict=UNSAT  wall=124.4s

=== Sweep complete ===
Wrote /home/sasakis/v/tools/n2v/examples/FlowConformal/experiments/exp1_vnncomp_subset/outputs/exp1_dist_shift_2023_hashemi_clipping.csv
Total wall-clock: 2.1 min
Counts: {'UNSAT': 1, 'SAT': 0, 'UNKNOWN': 0, 'SKIPPED': 0, 'ERROR': 0, 'TIMEOUT': 0}
[run_cell   55/  72 t= 6327s] idx=54   budget=300s (shell timeout=360s)
[dist_shift_2023] running only idx=54; appending to /home/sasakis/v/tools/n2v/examples/FlowConformal/experiments/exp1_vnncomp_subset/outputs/exp1_dist_shift_2023_hashemi_clipping.csv
[dist_shift_2023] Loaded 1 instances; writing to /home/sasakis/v/tools/n2v/examples/FlowConformal/experiments/exp1_vnncomp_subset/outputs/exp1_dist_shift_2023_hashemi_clipping.csv
[dist_shift_2023] Hashemi-clipping config: m=8000 ell=7999 epsilon=0.001 SEED=47
[dist_shift_2023 1/1 t=0s budget=300s] ./onnx/mnist_concat.onnx + ./vnnlib/index7281_delta0.13.vnnlib
    verdict=UNSAT  wall=143.9s

=== Sweep complete ===
Wrote /home/sasakis/v/tools/n2v/examples/FlowConformal/experiments/exp1_vnncomp_subset/outputs/exp1_dist_shift_2023_hashemi_clipping.csv
Total wall-clock: 2.4 min
Counts: {'UNSAT': 1, 'SAT': 0, 'UNKNOWN': 0, 'SKIPPED': 0, 'ERROR': 0, 'TIMEOUT': 0}
[run_cell   56/  72 t= 6476s] idx=55   budget=300s (shell timeout=360s)
[dist_shift_2023] running only idx=55; appending to /home/sasakis/v/tools/n2v/examples/FlowConformal/experiments/exp1_vnncomp_subset/outputs/exp1_dist_shift_2023_hashemi_clipping.csv
[dist_shift_2023] Loaded 1 instances; writing to /home/sasakis/v/tools/n2v/examples/FlowConformal/experiments/exp1_vnncomp_subset/outputs/exp1_dist_shift_2023_hashemi_clipping.csv
[dist_shift_2023] Hashemi-clipping config: m=8000 ell=7999 epsilon=0.001 SEED=47
[dist_shift_2023 1/1 t=0s budget=300s] ./onnx/mnist_concat.onnx + ./vnnlib/index6551_delta0.13.vnnlib
    verdict=UNSAT  wall=128.8s

=== Sweep complete ===
Wrote /home/sasakis/v/tools/n2v/examples/FlowConformal/experiments/exp1_vnncomp_subset/outputs/exp1_dist_shift_2023_hashemi_clipping.csv
Total wall-clock: 2.1 min
Counts: {'UNSAT': 1, 'SAT': 0, 'UNKNOWN': 0, 'SKIPPED': 0, 'ERROR': 0, 'TIMEOUT': 0}
[run_cell   57/  72 t= 6610s] idx=56   budget=300s (shell timeout=360s)
[dist_shift_2023] running only idx=56; appending to /home/sasakis/v/tools/n2v/examples/FlowConformal/experiments/exp1_vnncomp_subset/outputs/exp1_dist_shift_2023_hashemi_clipping.csv
[dist_shift_2023] Loaded 1 instances; writing to /home/sasakis/v/tools/n2v/examples/FlowConformal/experiments/exp1_vnncomp_subset/outputs/exp1_dist_shift_2023_hashemi_clipping.csv
[dist_shift_2023] Hashemi-clipping config: m=8000 ell=7999 epsilon=0.001 SEED=47
[dist_shift_2023 1/1 t=0s budget=300s] ./onnx/mnist_concat.onnx + ./vnnlib/index6412_delta0.13.vnnlib
    verdict=UNSAT  wall=144.2s

=== Sweep complete ===
Wrote /home/sasakis/v/tools/n2v/examples/FlowConformal/experiments/exp1_vnncomp_subset/outputs/exp1_dist_shift_2023_hashemi_clipping.csv
Total wall-clock: 2.4 min
Counts: {'UNSAT': 1, 'SAT': 0, 'UNKNOWN': 0, 'SKIPPED': 0, 'ERROR': 0, 'TIMEOUT': 0}
[run_cell   58/  72 t= 6759s] idx=57   budget=300s (shell timeout=360s)
[dist_shift_2023] running only idx=57; appending to /home/sasakis/v/tools/n2v/examples/FlowConformal/experiments/exp1_vnncomp_subset/outputs/exp1_dist_shift_2023_hashemi_clipping.csv
[dist_shift_2023] Loaded 1 instances; writing to /home/sasakis/v/tools/n2v/examples/FlowConformal/experiments/exp1_vnncomp_subset/outputs/exp1_dist_shift_2023_hashemi_clipping.csv
[dist_shift_2023] Hashemi-clipping config: m=8000 ell=7999 epsilon=0.001 SEED=47
[dist_shift_2023 1/1 t=0s budget=300s] ./onnx/mnist_concat.onnx + ./vnnlib/index3552_delta0.13.vnnlib
    verdict=UNKNOWN  wall=116.3s

=== Sweep complete ===
Wrote /home/sasakis/v/tools/n2v/examples/FlowConformal/experiments/exp1_vnncomp_subset/outputs/exp1_dist_shift_2023_hashemi_clipping.csv
Total wall-clock: 1.9 min
Counts: {'UNSAT': 0, 'SAT': 0, 'UNKNOWN': 1, 'SKIPPED': 0, 'ERROR': 0, 'TIMEOUT': 0}
[run_cell   59/  72 t= 6880s] idx=58   budget=300s (shell timeout=360s)
[dist_shift_2023] running only idx=58; appending to /home/sasakis/v/tools/n2v/examples/FlowConformal/experiments/exp1_vnncomp_subset/outputs/exp1_dist_shift_2023_hashemi_clipping.csv
[dist_shift_2023] Loaded 1 instances; writing to /home/sasakis/v/tools/n2v/examples/FlowConformal/experiments/exp1_vnncomp_subset/outputs/exp1_dist_shift_2023_hashemi_clipping.csv
[dist_shift_2023] Hashemi-clipping config: m=8000 ell=7999 epsilon=0.001 SEED=47
[dist_shift_2023 1/1 t=0s budget=300s] ./onnx/mnist_concat.onnx + ./vnnlib/index3805_delta0.13.vnnlib
    verdict=UNSAT  wall=149.4s

=== Sweep complete ===
Wrote /home/sasakis/v/tools/n2v/examples/FlowConformal/experiments/exp1_vnncomp_subset/outputs/exp1_dist_shift_2023_hashemi_clipping.csv
Total wall-clock: 2.5 min
Counts: {'UNSAT': 1, 'SAT': 0, 'UNKNOWN': 0, 'SKIPPED': 0, 'ERROR': 0, 'TIMEOUT': 0}
[run_cell   60/  72 t= 7035s] idx=59   budget=300s (shell timeout=360s)
[dist_shift_2023] running only idx=59; appending to /home/sasakis/v/tools/n2v/examples/FlowConformal/experiments/exp1_vnncomp_subset/outputs/exp1_dist_shift_2023_hashemi_clipping.csv
[dist_shift_2023] Loaded 1 instances; writing to /home/sasakis/v/tools/n2v/examples/FlowConformal/experiments/exp1_vnncomp_subset/outputs/exp1_dist_shift_2023_hashemi_clipping.csv
[dist_shift_2023] Hashemi-clipping config: m=8000 ell=7999 epsilon=0.001 SEED=47
[dist_shift_2023 1/1 t=0s budget=300s] ./onnx/mnist_concat.onnx + ./vnnlib/index668_delta0.13.vnnlib
    verdict=UNSAT  wall=136.2s

=== Sweep complete ===
Wrote /home/sasakis/v/tools/n2v/examples/FlowConformal/experiments/exp1_vnncomp_subset/outputs/exp1_dist_shift_2023_hashemi_clipping.csv
Total wall-clock: 2.3 min
Counts: {'UNSAT': 1, 'SAT': 0, 'UNKNOWN': 0, 'SKIPPED': 0, 'ERROR': 0, 'TIMEOUT': 0}
[run_cell   61/  72 t= 7176s] idx=60   budget=300s (shell timeout=360s)
[dist_shift_2023] running only idx=60; appending to /home/sasakis/v/tools/n2v/examples/FlowConformal/experiments/exp1_vnncomp_subset/outputs/exp1_dist_shift_2023_hashemi_clipping.csv
[dist_shift_2023] Loaded 1 instances; writing to /home/sasakis/v/tools/n2v/examples/FlowConformal/experiments/exp1_vnncomp_subset/outputs/exp1_dist_shift_2023_hashemi_clipping.csv
[dist_shift_2023] Hashemi-clipping config: m=8000 ell=7999 epsilon=0.001 SEED=47
[dist_shift_2023 1/1 t=0s budget=300s] ./onnx/mnist_concat.onnx + ./vnnlib/index7175_delta0.13.vnnlib
    verdict=UNSAT  wall=147.0s

=== Sweep complete ===
Wrote /home/sasakis/v/tools/n2v/examples/FlowConformal/experiments/exp1_vnncomp_subset/outputs/exp1_dist_shift_2023_hashemi_clipping.csv
Total wall-clock: 2.5 min
Counts: {'UNSAT': 1, 'SAT': 0, 'UNKNOWN': 0, 'SKIPPED': 0, 'ERROR': 0, 'TIMEOUT': 0}
[run_cell   62/  72 t= 7328s] idx=61   budget=300s (shell timeout=360s)
[dist_shift_2023] running only idx=61; appending to /home/sasakis/v/tools/n2v/examples/FlowConformal/experiments/exp1_vnncomp_subset/outputs/exp1_dist_shift_2023_hashemi_clipping.csv
[dist_shift_2023] Loaded 1 instances; writing to /home/sasakis/v/tools/n2v/examples/FlowConformal/experiments/exp1_vnncomp_subset/outputs/exp1_dist_shift_2023_hashemi_clipping.csv
[dist_shift_2023] Hashemi-clipping config: m=8000 ell=7999 epsilon=0.001 SEED=47
[dist_shift_2023 1/1 t=0s budget=300s] ./onnx/mnist_concat.onnx + ./vnnlib/index4286_delta0.13.vnnlib
    verdict=UNSAT  wall=145.0s

=== Sweep complete ===
Wrote /home/sasakis/v/tools/n2v/examples/FlowConformal/experiments/exp1_vnncomp_subset/outputs/exp1_dist_shift_2023_hashemi_clipping.csv
Total wall-clock: 2.4 min
Counts: {'UNSAT': 1, 'SAT': 0, 'UNKNOWN': 0, 'SKIPPED': 0, 'ERROR': 0, 'TIMEOUT': 0}
[run_cell   63/  72 t= 7478s] idx=62   budget=300s (shell timeout=360s)
[dist_shift_2023] running only idx=62; appending to /home/sasakis/v/tools/n2v/examples/FlowConformal/experiments/exp1_vnncomp_subset/outputs/exp1_dist_shift_2023_hashemi_clipping.csv
[dist_shift_2023] Loaded 1 instances; writing to /home/sasakis/v/tools/n2v/examples/FlowConformal/experiments/exp1_vnncomp_subset/outputs/exp1_dist_shift_2023_hashemi_clipping.csv
[dist_shift_2023] Hashemi-clipping config: m=8000 ell=7999 epsilon=0.001 SEED=47
[dist_shift_2023 1/1 t=0s budget=300s] ./onnx/mnist_concat.onnx + ./vnnlib/index5385_delta0.13.vnnlib
    verdict=UNSAT  wall=145.2s

=== Sweep complete ===
Wrote /home/sasakis/v/tools/n2v/examples/FlowConformal/experiments/exp1_vnncomp_subset/outputs/exp1_dist_shift_2023_hashemi_clipping.csv
Total wall-clock: 2.4 min
Counts: {'UNSAT': 1, 'SAT': 0, 'UNKNOWN': 0, 'SKIPPED': 0, 'ERROR': 0, 'TIMEOUT': 0}
[run_cell   64/  72 t= 7628s] idx=63   budget=300s (shell timeout=360s)
[dist_shift_2023] running only idx=63; appending to /home/sasakis/v/tools/n2v/examples/FlowConformal/experiments/exp1_vnncomp_subset/outputs/exp1_dist_shift_2023_hashemi_clipping.csv
[dist_shift_2023] Loaded 1 instances; writing to /home/sasakis/v/tools/n2v/examples/FlowConformal/experiments/exp1_vnncomp_subset/outputs/exp1_dist_shift_2023_hashemi_clipping.csv
[dist_shift_2023] Hashemi-clipping config: m=8000 ell=7999 epsilon=0.001 SEED=47
[dist_shift_2023 1/1 t=0s budget=300s] ./onnx/mnist_concat.onnx + ./vnnlib/index5391_delta0.13.vnnlib
    verdict=UNSAT  wall=115.1s

=== Sweep complete ===
Wrote /home/sasakis/v/tools/n2v/examples/FlowConformal/experiments/exp1_vnncomp_subset/outputs/exp1_dist_shift_2023_hashemi_clipping.csv
Total wall-clock: 1.9 min
Counts: {'UNSAT': 1, 'SAT': 0, 'UNKNOWN': 0, 'SKIPPED': 0, 'ERROR': 0, 'TIMEOUT': 0}
[run_cell   65/  72 t= 7748s] idx=64   budget=300s (shell timeout=360s)
[dist_shift_2023] running only idx=64; appending to /home/sasakis/v/tools/n2v/examples/FlowConformal/experiments/exp1_vnncomp_subset/outputs/exp1_dist_shift_2023_hashemi_clipping.csv
[dist_shift_2023] Loaded 1 instances; writing to /home/sasakis/v/tools/n2v/examples/FlowConformal/experiments/exp1_vnncomp_subset/outputs/exp1_dist_shift_2023_hashemi_clipping.csv
[dist_shift_2023] Hashemi-clipping config: m=8000 ell=7999 epsilon=0.001 SEED=47
[dist_shift_2023 1/1 t=0s budget=300s] ./onnx/mnist_concat.onnx + ./vnnlib/index6354_delta0.13.vnnlib
    verdict=UNSAT  wall=114.5s

=== Sweep complete ===
Wrote /home/sasakis/v/tools/n2v/examples/FlowConformal/experiments/exp1_vnncomp_subset/outputs/exp1_dist_shift_2023_hashemi_clipping.csv
Total wall-clock: 1.9 min
Counts: {'UNSAT': 1, 'SAT': 0, 'UNKNOWN': 0, 'SKIPPED': 0, 'ERROR': 0, 'TIMEOUT': 0}
[run_cell   66/  72 t= 7868s] idx=65   budget=300s (shell timeout=360s)
[dist_shift_2023] running only idx=65; appending to /home/sasakis/v/tools/n2v/examples/FlowConformal/experiments/exp1_vnncomp_subset/outputs/exp1_dist_shift_2023_hashemi_clipping.csv
[dist_shift_2023] Loaded 1 instances; writing to /home/sasakis/v/tools/n2v/examples/FlowConformal/experiments/exp1_vnncomp_subset/outputs/exp1_dist_shift_2023_hashemi_clipping.csv
[dist_shift_2023] Hashemi-clipping config: m=8000 ell=7999 epsilon=0.001 SEED=47
[dist_shift_2023 1/1 t=0s budget=300s] ./onnx/mnist_concat.onnx + ./vnnlib/index5020_delta0.13.vnnlib
    verdict=UNSAT  wall=133.7s

=== Sweep complete ===
Wrote /home/sasakis/v/tools/n2v/examples/FlowConformal/experiments/exp1_vnncomp_subset/outputs/exp1_dist_shift_2023_hashemi_clipping.csv
Total wall-clock: 2.2 min
Counts: {'UNSAT': 1, 'SAT': 0, 'UNKNOWN': 0, 'SKIPPED': 0, 'ERROR': 0, 'TIMEOUT': 0}
[run_cell   67/  72 t= 8006s] idx=66   budget=300s (shell timeout=360s)
[dist_shift_2023] running only idx=66; appending to /home/sasakis/v/tools/n2v/examples/FlowConformal/experiments/exp1_vnncomp_subset/outputs/exp1_dist_shift_2023_hashemi_clipping.csv
[dist_shift_2023] Loaded 1 instances; writing to /home/sasakis/v/tools/n2v/examples/FlowConformal/experiments/exp1_vnncomp_subset/outputs/exp1_dist_shift_2023_hashemi_clipping.csv
[dist_shift_2023] Hashemi-clipping config: m=8000 ell=7999 epsilon=0.001 SEED=47
[dist_shift_2023 1/1 t=0s budget=300s] ./onnx/mnist_concat.onnx + ./vnnlib/index7106_delta0.13.vnnlib
    verdict=UNSAT  wall=139.9s

=== Sweep complete ===
Wrote /home/sasakis/v/tools/n2v/examples/FlowConformal/experiments/exp1_vnncomp_subset/outputs/exp1_dist_shift_2023_hashemi_clipping.csv
Total wall-clock: 2.3 min
Counts: {'UNSAT': 1, 'SAT': 0, 'UNKNOWN': 0, 'SKIPPED': 0, 'ERROR': 0, 'TIMEOUT': 0}
[run_cell   68/  72 t= 8151s] idx=67   budget=300s (shell timeout=360s)
[dist_shift_2023] running only idx=67; appending to /home/sasakis/v/tools/n2v/examples/FlowConformal/experiments/exp1_vnncomp_subset/outputs/exp1_dist_shift_2023_hashemi_clipping.csv
[dist_shift_2023] Loaded 1 instances; writing to /home/sasakis/v/tools/n2v/examples/FlowConformal/experiments/exp1_vnncomp_subset/outputs/exp1_dist_shift_2023_hashemi_clipping.csv
[dist_shift_2023] Hashemi-clipping config: m=8000 ell=7999 epsilon=0.001 SEED=47
[dist_shift_2023 1/1 t=0s budget=300s] ./onnx/mnist_concat.onnx + ./vnnlib/index4148_delta0.13.vnnlib
    verdict=UNSAT  wall=128.4s

=== Sweep complete ===
Wrote /home/sasakis/v/tools/n2v/examples/FlowConformal/experiments/exp1_vnncomp_subset/outputs/exp1_dist_shift_2023_hashemi_clipping.csv
Total wall-clock: 2.1 min
Counts: {'UNSAT': 1, 'SAT': 0, 'UNKNOWN': 0, 'SKIPPED': 0, 'ERROR': 0, 'TIMEOUT': 0}
[run_cell   69/  72 t= 8285s] idx=68   budget=300s (shell timeout=360s)
[dist_shift_2023] running only idx=68; appending to /home/sasakis/v/tools/n2v/examples/FlowConformal/experiments/exp1_vnncomp_subset/outputs/exp1_dist_shift_2023_hashemi_clipping.csv
[dist_shift_2023] Loaded 1 instances; writing to /home/sasakis/v/tools/n2v/examples/FlowConformal/experiments/exp1_vnncomp_subset/outputs/exp1_dist_shift_2023_hashemi_clipping.csv
[dist_shift_2023] Hashemi-clipping config: m=8000 ell=7999 epsilon=0.001 SEED=47
[dist_shift_2023 1/1 t=0s budget=300s] ./onnx/mnist_concat.onnx + ./vnnlib/index6199_delta0.13.vnnlib
    verdict=UNSAT  wall=112.4s

=== Sweep complete ===
Wrote /home/sasakis/v/tools/n2v/examples/FlowConformal/experiments/exp1_vnncomp_subset/outputs/exp1_dist_shift_2023_hashemi_clipping.csv
Total wall-clock: 1.9 min
Counts: {'UNSAT': 1, 'SAT': 0, 'UNKNOWN': 0, 'SKIPPED': 0, 'ERROR': 0, 'TIMEOUT': 0}
[run_cell   70/  72 t= 8402s] idx=69   budget=300s (shell timeout=360s)
[dist_shift_2023] running only idx=69; appending to /home/sasakis/v/tools/n2v/examples/FlowConformal/experiments/exp1_vnncomp_subset/outputs/exp1_dist_shift_2023_hashemi_clipping.csv
[dist_shift_2023] Loaded 1 instances; writing to /home/sasakis/v/tools/n2v/examples/FlowConformal/experiments/exp1_vnncomp_subset/outputs/exp1_dist_shift_2023_hashemi_clipping.csv
[dist_shift_2023] Hashemi-clipping config: m=8000 ell=7999 epsilon=0.001 SEED=47
[dist_shift_2023 1/1 t=0s budget=300s] ./onnx/mnist_concat.onnx + ./vnnlib/index7534_delta0.13.vnnlib
    verdict=SAT  wall=2.9s

=== Sweep complete ===
Wrote /home/sasakis/v/tools/n2v/examples/FlowConformal/experiments/exp1_vnncomp_subset/outputs/exp1_dist_shift_2023_hashemi_clipping.csv
Total wall-clock: 0.0 min
Counts: {'UNSAT': 0, 'SAT': 1, 'UNKNOWN': 0, 'SKIPPED': 0, 'ERROR': 0, 'TIMEOUT': 0}
[run_cell   71/  72 t= 8410s] idx=70   budget=300s (shell timeout=360s)
[dist_shift_2023] running only idx=70; appending to /home/sasakis/v/tools/n2v/examples/FlowConformal/experiments/exp1_vnncomp_subset/outputs/exp1_dist_shift_2023_hashemi_clipping.csv
[dist_shift_2023] Loaded 1 instances; writing to /home/sasakis/v/tools/n2v/examples/FlowConformal/experiments/exp1_vnncomp_subset/outputs/exp1_dist_shift_2023_hashemi_clipping.csv
[dist_shift_2023] Hashemi-clipping config: m=8000 ell=7999 epsilon=0.001 SEED=47
[dist_shift_2023 1/1 t=0s budget=300s] ./onnx/mnist_concat.onnx + ./vnnlib/index9021_delta0.13.vnnlib
    verdict=UNSAT  wall=115.8s

=== Sweep complete ===
Wrote /home/sasakis/v/tools/n2v/examples/FlowConformal/experiments/exp1_vnncomp_subset/outputs/exp1_dist_shift_2023_hashemi_clipping.csv
Total wall-clock: 1.9 min
Counts: {'UNSAT': 1, 'SAT': 0, 'UNKNOWN': 0, 'SKIPPED': 0, 'ERROR': 0, 'TIMEOUT': 0}
[run_cell   72/  72 t= 8530s] idx=71   budget=300s (shell timeout=360s)
[dist_shift_2023] running only idx=71; appending to /home/sasakis/v/tools/n2v/examples/FlowConformal/experiments/exp1_vnncomp_subset/outputs/exp1_dist_shift_2023_hashemi_clipping.csv
[dist_shift_2023] Loaded 1 instances; writing to /home/sasakis/v/tools/n2v/examples/FlowConformal/experiments/exp1_vnncomp_subset/outputs/exp1_dist_shift_2023_hashemi_clipping.csv
[dist_shift_2023] Hashemi-clipping config: m=8000 ell=7999 epsilon=0.001 SEED=47
[dist_shift_2023 1/1 t=0s budget=300s] ./onnx/mnist_concat.onnx + ./vnnlib/index6107_delta0.13.vnnlib
    verdict=UNSAT  wall=144.1s

=== Sweep complete ===
Wrote /home/sasakis/v/tools/n2v/examples/FlowConformal/experiments/exp1_vnncomp_subset/outputs/exp1_dist_shift_2023_hashemi_clipping.csv
Total wall-clock: 2.4 min
Counts: {'UNSAT': 1, 'SAT': 0, 'UNKNOWN': 0, 'SKIPPED': 0, 'ERROR': 0, 'TIMEOUT': 0}
[run_cell] complete. shell-killed timeouts and exits noted above; CSV row counts in the output file.

[2026-05-02T05:55:21-05:00] === END:   exp1_dist_shift_2023_hashemi_clipping (rc=0) ===
