[2026-05-01T18:53:11-05:00] === START: exp1_acasxu_2023_ours ===
[run_cell] exp1_vnncomp_subset.exp1_run_ours --benchmark acasxu_2023: 186 instances
[run_cell    1/ 186 t=    0s] idx=0    budget=116s (shell timeout=176s)
[acasxu_2023] running only instance idx=0; appending to /home/sasakis/v/tools/n2v/examples/FlowConformal/experiments/exp1_vnncomp_subset/outputs/exp1_acasxu_2023_ours.csv
[acasxu_2023 1/1 t=0s budget=116s] onnx/ACASXU_run2a_1_1_batch_2000.onnx + vnnlib/prop_1.vnnlib
    verdict=UNSAT  wall=42.0s
[run_cell    2/ 186 t=   47s] idx=1    budget=116s (shell timeout=176s)
[acasxu_2023] running only instance idx=1; appending to /home/sasakis/v/tools/n2v/examples/FlowConformal/experiments/exp1_vnncomp_subset/outputs/exp1_acasxu_2023_ours.csv
[acasxu_2023 1/1 t=0s budget=116s] onnx/ACASXU_run2a_1_2_batch_2000.onnx + vnnlib/prop_1.vnnlib
    verdict=UNSAT  wall=41.3s
[run_cell    3/ 186 t=   93s] idx=2    budget=116s (shell timeout=176s)
[acasxu_2023] running only instance idx=2; appending to /home/sasakis/v/tools/n2v/examples/FlowConformal/experiments/exp1_vnncomp_subset/outputs/exp1_acasxu_2023_ours.csv
[acasxu_2023 1/1 t=0s budget=116s] onnx/ACASXU_run2a_1_3_batch_2000.onnx + vnnlib/prop_1.vnnlib
    verdict=UNSAT  wall=40.9s
[run_cell    4/ 186 t=  139s] idx=3    budget=116s (shell timeout=176s)
[acasxu_2023] running only instance idx=3; appending to /home/sasakis/v/tools/n2v/examples/FlowConformal/experiments/exp1_vnncomp_subset/outputs/exp1_acasxu_2023_ours.csv
[acasxu_2023 1/1 t=0s budget=116s] onnx/ACASXU_run2a_1_4_batch_2000.onnx + vnnlib/prop_1.vnnlib
    verdict=UNSAT  wall=41.5s
[run_cell    5/ 186 t=  186s] idx=4    budget=116s (shell timeout=176s)
[acasxu_2023] running only instance idx=4; appending to /home/sasakis/v/tools/n2v/examples/FlowConformal/experiments/exp1_vnncomp_subset/outputs/exp1_acasxu_2023_ours.csv
[acasxu_2023 1/1 t=0s budget=116s] onnx/ACASXU_run2a_1_5_batch_2000.onnx + vnnlib/prop_1.vnnlib
    verdict=UNSAT  wall=49.4s
[run_cell    6/ 186 t=  240s] idx=5    budget=116s (shell timeout=176s)
[acasxu_2023] running only instance idx=5; appending to /home/sasakis/v/tools/n2v/examples/FlowConformal/experiments/exp1_vnncomp_subset/outputs/exp1_acasxu_2023_ours.csv
[acasxu_2023 1/1 t=0s budget=116s] onnx/ACASXU_run2a_1_6_batch_2000.onnx + vnnlib/prop_1.vnnlib
    verdict=UNSAT  wall=48.6s
[run_cell    7/ 186 t=  294s] idx=6    budget=116s (shell timeout=176s)
[acasxu_2023] running only instance idx=6; appending to /home/sasakis/v/tools/n2v/examples/FlowConformal/experiments/exp1_vnncomp_subset/outputs/exp1_acasxu_2023_ours.csv
[acasxu_2023 1/1 t=0s budget=116s] onnx/ACASXU_run2a_1_7_batch_2000.onnx + vnnlib/prop_1.vnnlib
    verdict=UNSAT  wall=46.9s
[run_cell    8/ 186 t=  346s] idx=7    budget=116s (shell timeout=176s)
[acasxu_2023] running only instance idx=7; appending to /home/sasakis/v/tools/n2v/examples/FlowConformal/experiments/exp1_vnncomp_subset/outputs/exp1_acasxu_2023_ours.csv
[acasxu_2023 1/1 t=0s budget=116s] onnx/ACASXU_run2a_1_8_batch_2000.onnx + vnnlib/prop_1.vnnlib
    verdict=UNSAT  wall=48.3s
[run_cell    9/ 186 t=  399s] idx=8    budget=116s (shell timeout=176s)
[acasxu_2023] running only instance idx=8; appending to /home/sasakis/v/tools/n2v/examples/FlowConformal/experiments/exp1_vnncomp_subset/outputs/exp1_acasxu_2023_ours.csv
[acasxu_2023 1/1 t=0s budget=116s] onnx/ACASXU_run2a_1_9_batch_2000.onnx + vnnlib/prop_1.vnnlib
    verdict=UNSAT  wall=49.4s
[run_cell   10/ 186 t=  453s] idx=9    budget=116s (shell timeout=176s)
[acasxu_2023] running only instance idx=9; appending to /home/sasakis/v/tools/n2v/examples/FlowConformal/experiments/exp1_vnncomp_subset/outputs/exp1_acasxu_2023_ours.csv
[acasxu_2023 1/1 t=0s budget=116s] onnx/ACASXU_run2a_2_1_batch_2000.onnx + vnnlib/prop_1.vnnlib
    verdict=UNSAT  wall=41.5s
[run_cell   11/ 186 t=  500s] idx=10   budget=116s (shell timeout=176s)
[acasxu_2023] running only instance idx=10; appending to /home/sasakis/v/tools/n2v/examples/FlowConformal/experiments/exp1_vnncomp_subset/outputs/exp1_acasxu_2023_ours.csv
[acasxu_2023 1/1 t=0s budget=116s] onnx/ACASXU_run2a_2_2_batch_2000.onnx + vnnlib/prop_1.vnnlib
    verdict=UNSAT  wall=49.3s
[run_cell   12/ 186 t=  554s] idx=11   budget=116s (shell timeout=176s)
[acasxu_2023] running only instance idx=11; appending to /home/sasakis/v/tools/n2v/examples/FlowConformal/experiments/exp1_vnncomp_subset/outputs/exp1_acasxu_2023_ours.csv
[acasxu_2023 1/1 t=0s budget=116s] onnx/ACASXU_run2a_2_3_batch_2000.onnx + vnnlib/prop_1.vnnlib
    verdict=UNSAT  wall=42.4s
[run_cell   13/ 186 t=  602s] idx=12   budget=116s (shell timeout=176s)
[acasxu_2023] running only instance idx=12; appending to /home/sasakis/v/tools/n2v/examples/FlowConformal/experiments/exp1_vnncomp_subset/outputs/exp1_acasxu_2023_ours.csv
[acasxu_2023 1/1 t=0s budget=116s] onnx/ACASXU_run2a_2_4_batch_2000.onnx + vnnlib/prop_1.vnnlib
    verdict=UNSAT  wall=49.4s
[run_cell   14/ 186 t=  656s] idx=13   budget=116s (shell timeout=176s)
[acasxu_2023] running only instance idx=13; appending to /home/sasakis/v/tools/n2v/examples/FlowConformal/experiments/exp1_vnncomp_subset/outputs/exp1_acasxu_2023_ours.csv
[acasxu_2023 1/1 t=0s budget=116s] onnx/ACASXU_run2a_2_5_batch_2000.onnx + vnnlib/prop_1.vnnlib
    verdict=UNSAT  wall=46.8s
[run_cell   15/ 186 t=  708s] idx=14   budget=116s (shell timeout=176s)
[acasxu_2023] running only instance idx=14; appending to /home/sasakis/v/tools/n2v/examples/FlowConformal/experiments/exp1_vnncomp_subset/outputs/exp1_acasxu_2023_ours.csv
[acasxu_2023 1/1 t=0s budget=116s] onnx/ACASXU_run2a_2_6_batch_2000.onnx + vnnlib/prop_1.vnnlib
    verdict=UNSAT  wall=47.4s
[run_cell   16/ 186 t=  760s] idx=15   budget=116s (shell timeout=176s)
[acasxu_2023] running only instance idx=15; appending to /home/sasakis/v/tools/n2v/examples/FlowConformal/experiments/exp1_vnncomp_subset/outputs/exp1_acasxu_2023_ours.csv
[acasxu_2023 1/1 t=0s budget=116s] onnx/ACASXU_run2a_2_7_batch_2000.onnx + vnnlib/prop_1.vnnlib
    verdict=UNSAT  wall=40.9s
[run_cell   17/ 186 t=  806s] idx=16   budget=116s (shell timeout=176s)
[acasxu_2023] running only instance idx=16; appending to /home/sasakis/v/tools/n2v/examples/FlowConformal/experiments/exp1_vnncomp_subset/outputs/exp1_acasxu_2023_ours.csv
[acasxu_2023 1/1 t=0s budget=116s] onnx/ACASXU_run2a_2_8_batch_2000.onnx + vnnlib/prop_1.vnnlib
    verdict=UNSAT  wall=40.1s
[run_cell   18/ 186 t=  851s] idx=17   budget=116s (shell timeout=176s)
[acasxu_2023] running only instance idx=17; appending to /home/sasakis/v/tools/n2v/examples/FlowConformal/experiments/exp1_vnncomp_subset/outputs/exp1_acasxu_2023_ours.csv
[acasxu_2023 1/1 t=0s budget=116s] onnx/ACASXU_run2a_2_9_batch_2000.onnx + vnnlib/prop_1.vnnlib
    verdict=UNSAT  wall=40.7s
[run_cell   19/ 186 t=  897s] idx=18   budget=116s (shell timeout=176s)
[acasxu_2023] running only instance idx=18; appending to /home/sasakis/v/tools/n2v/examples/FlowConformal/experiments/exp1_vnncomp_subset/outputs/exp1_acasxu_2023_ours.csv
[acasxu_2023 1/1 t=0s budget=116s] onnx/ACASXU_run2a_3_1_batch_2000.onnx + vnnlib/prop_1.vnnlib
    verdict=UNSAT  wall=48.7s
[run_cell   20/ 186 t=  951s] idx=19   budget=116s (shell timeout=176s)
[acasxu_2023] running only instance idx=19; appending to /home/sasakis/v/tools/n2v/examples/FlowConformal/experiments/exp1_vnncomp_subset/outputs/exp1_acasxu_2023_ours.csv
[acasxu_2023 1/1 t=0s budget=116s] onnx/ACASXU_run2a_3_2_batch_2000.onnx + vnnlib/prop_1.vnnlib
    verdict=UNSAT  wall=40.6s
[run_cell   21/ 186 t=  997s] idx=20   budget=116s (shell timeout=176s)
[acasxu_2023] running only instance idx=20; appending to /home/sasakis/v/tools/n2v/examples/FlowConformal/experiments/exp1_vnncomp_subset/outputs/exp1_acasxu_2023_ours.csv
[acasxu_2023 1/1 t=0s budget=116s] onnx/ACASXU_run2a_3_3_batch_2000.onnx + vnnlib/prop_1.vnnlib
    verdict=UNSAT  wall=49.1s
[run_cell   22/ 186 t= 1051s] idx=21   budget=116s (shell timeout=176s)
[acasxu_2023] running only instance idx=21; appending to /home/sasakis/v/tools/n2v/examples/FlowConformal/experiments/exp1_vnncomp_subset/outputs/exp1_acasxu_2023_ours.csv
[acasxu_2023 1/1 t=0s budget=116s] onnx/ACASXU_run2a_3_4_batch_2000.onnx + vnnlib/prop_1.vnnlib
    verdict=UNSAT  wall=45.3s
[run_cell   23/ 186 t= 1101s] idx=22   budget=116s (shell timeout=176s)
[acasxu_2023] running only instance idx=22; appending to /home/sasakis/v/tools/n2v/examples/FlowConformal/experiments/exp1_vnncomp_subset/outputs/exp1_acasxu_2023_ours.csv
[acasxu_2023 1/1 t=0s budget=116s] onnx/ACASXU_run2a_3_5_batch_2000.onnx + vnnlib/prop_1.vnnlib
    verdict=UNSAT  wall=44.0s
[run_cell   24/ 186 t= 1150s] idx=23   budget=116s (shell timeout=176s)
[acasxu_2023] running only instance idx=23; appending to /home/sasakis/v/tools/n2v/examples/FlowConformal/experiments/exp1_vnncomp_subset/outputs/exp1_acasxu_2023_ours.csv
[acasxu_2023 1/1 t=0s budget=116s] onnx/ACASXU_run2a_3_6_batch_2000.onnx + vnnlib/prop_1.vnnlib
    verdict=UNSAT  wall=44.9s
[run_cell   25/ 186 t= 1200s] idx=24   budget=116s (shell timeout=176s)
[acasxu_2023] running only instance idx=24; appending to /home/sasakis/v/tools/n2v/examples/FlowConformal/experiments/exp1_vnncomp_subset/outputs/exp1_acasxu_2023_ours.csv
[acasxu_2023 1/1 t=0s budget=116s] onnx/ACASXU_run2a_3_7_batch_2000.onnx + vnnlib/prop_1.vnnlib
    verdict=UNSAT  wall=49.5s
[run_cell   26/ 186 t= 1255s] idx=25   budget=116s (shell timeout=176s)
[acasxu_2023] running only instance idx=25; appending to /home/sasakis/v/tools/n2v/examples/FlowConformal/experiments/exp1_vnncomp_subset/outputs/exp1_acasxu_2023_ours.csv
[acasxu_2023 1/1 t=0s budget=116s] onnx/ACASXU_run2a_3_8_batch_2000.onnx + vnnlib/prop_1.vnnlib
    verdict=UNSAT  wall=40.0s
[run_cell   27/ 186 t= 1300s] idx=26   budget=116s (shell timeout=176s)
[acasxu_2023] running only instance idx=26; appending to /home/sasakis/v/tools/n2v/examples/FlowConformal/experiments/exp1_vnncomp_subset/outputs/exp1_acasxu_2023_ours.csv
[acasxu_2023 1/1 t=0s budget=116s] onnx/ACASXU_run2a_3_9_batch_2000.onnx + vnnlib/prop_1.vnnlib
    verdict=UNSAT  wall=39.7s
[run_cell   28/ 186 t= 1345s] idx=27   budget=116s (shell timeout=176s)
[acasxu_2023] running only instance idx=27; appending to /home/sasakis/v/tools/n2v/examples/FlowConformal/experiments/exp1_vnncomp_subset/outputs/exp1_acasxu_2023_ours.csv
[acasxu_2023 1/1 t=0s budget=116s] onnx/ACASXU_run2a_4_1_batch_2000.onnx + vnnlib/prop_1.vnnlib
    verdict=UNSAT  wall=40.6s
[run_cell   29/ 186 t= 1390s] idx=28   budget=116s (shell timeout=176s)
[acasxu_2023] running only instance idx=28; appending to /home/sasakis/v/tools/n2v/examples/FlowConformal/experiments/exp1_vnncomp_subset/outputs/exp1_acasxu_2023_ours.csv
[acasxu_2023 1/1 t=0s budget=116s] onnx/ACASXU_run2a_4_2_batch_2000.onnx + vnnlib/prop_1.vnnlib
    verdict=UNSAT  wall=42.2s
[run_cell   30/ 186 t= 1438s] idx=29   budget=116s (shell timeout=176s)
[acasxu_2023] running only instance idx=29; appending to /home/sasakis/v/tools/n2v/examples/FlowConformal/experiments/exp1_vnncomp_subset/outputs/exp1_acasxu_2023_ours.csv
[acasxu_2023 1/1 t=0s budget=116s] onnx/ACASXU_run2a_4_3_batch_2000.onnx + vnnlib/prop_1.vnnlib
    verdict=UNSAT  wall=49.3s
[run_cell   31/ 186 t= 1492s] idx=30   budget=116s (shell timeout=176s)
[acasxu_2023] running only instance idx=30; appending to /home/sasakis/v/tools/n2v/examples/FlowConformal/experiments/exp1_vnncomp_subset/outputs/exp1_acasxu_2023_ours.csv
[acasxu_2023 1/1 t=0s budget=116s] onnx/ACASXU_run2a_4_4_batch_2000.onnx + vnnlib/prop_1.vnnlib
    verdict=UNSAT  wall=45.1s
[run_cell   32/ 186 t= 1542s] idx=31   budget=116s (shell timeout=176s)
[acasxu_2023] running only instance idx=31; appending to /home/sasakis/v/tools/n2v/examples/FlowConformal/experiments/exp1_vnncomp_subset/outputs/exp1_acasxu_2023_ours.csv
[acasxu_2023 1/1 t=0s budget=116s] onnx/ACASXU_run2a_4_5_batch_2000.onnx + vnnlib/prop_1.vnnlib
    verdict=UNSAT  wall=48.8s
[run_cell   33/ 186 t= 1596s] idx=32   budget=116s (shell timeout=176s)
[acasxu_2023] running only instance idx=32; appending to /home/sasakis/v/tools/n2v/examples/FlowConformal/experiments/exp1_vnncomp_subset/outputs/exp1_acasxu_2023_ours.csv
[acasxu_2023 1/1 t=0s budget=116s] onnx/ACASXU_run2a_4_6_batch_2000.onnx + vnnlib/prop_1.vnnlib
    verdict=UNSAT  wall=39.4s
[run_cell   34/ 186 t= 1640s] idx=33   budget=116s (shell timeout=176s)
[acasxu_2023] running only instance idx=33; appending to /home/sasakis/v/tools/n2v/examples/FlowConformal/experiments/exp1_vnncomp_subset/outputs/exp1_acasxu_2023_ours.csv
[acasxu_2023 1/1 t=0s budget=116s] onnx/ACASXU_run2a_4_7_batch_2000.onnx + vnnlib/prop_1.vnnlib
    verdict=UNSAT  wall=48.8s
[run_cell   35/ 186 t= 1694s] idx=34   budget=116s (shell timeout=176s)
[acasxu_2023] running only instance idx=34; appending to /home/sasakis/v/tools/n2v/examples/FlowConformal/experiments/exp1_vnncomp_subset/outputs/exp1_acasxu_2023_ours.csv
[acasxu_2023 1/1 t=0s budget=116s] onnx/ACASXU_run2a_4_8_batch_2000.onnx + vnnlib/prop_1.vnnlib
    verdict=UNSAT  wall=49.6s
[run_cell   36/ 186 t= 1749s] idx=35   budget=116s (shell timeout=176s)
[acasxu_2023] running only instance idx=35; appending to /home/sasakis/v/tools/n2v/examples/FlowConformal/experiments/exp1_vnncomp_subset/outputs/exp1_acasxu_2023_ours.csv
[acasxu_2023 1/1 t=0s budget=116s] onnx/ACASXU_run2a_4_9_batch_2000.onnx + vnnlib/prop_1.vnnlib
    verdict=UNSAT  wall=46.9s
[run_cell   37/ 186 t= 1800s] idx=36   budget=116s (shell timeout=176s)
[acasxu_2023] running only instance idx=36; appending to /home/sasakis/v/tools/n2v/examples/FlowConformal/experiments/exp1_vnncomp_subset/outputs/exp1_acasxu_2023_ours.csv
[acasxu_2023 1/1 t=0s budget=116s] onnx/ACASXU_run2a_5_1_batch_2000.onnx + vnnlib/prop_1.vnnlib
    verdict=UNSAT  wall=42.2s
[run_cell   38/ 186 t= 1848s] idx=37   budget=116s (shell timeout=176s)
[acasxu_2023] running only instance idx=37; appending to /home/sasakis/v/tools/n2v/examples/FlowConformal/experiments/exp1_vnncomp_subset/outputs/exp1_acasxu_2023_ours.csv
[acasxu_2023 1/1 t=0s budget=116s] onnx/ACASXU_run2a_5_2_batch_2000.onnx + vnnlib/prop_1.vnnlib
    verdict=UNSAT  wall=40.8s
[run_cell   39/ 186 t= 1894s] idx=38   budget=116s (shell timeout=176s)
[acasxu_2023] running only instance idx=38; appending to /home/sasakis/v/tools/n2v/examples/FlowConformal/experiments/exp1_vnncomp_subset/outputs/exp1_acasxu_2023_ours.csv
[acasxu_2023 1/1 t=0s budget=116s] onnx/ACASXU_run2a_5_3_batch_2000.onnx + vnnlib/prop_1.vnnlib
    verdict=UNSAT  wall=47.3s
[run_cell   40/ 186 t= 1946s] idx=39   budget=116s (shell timeout=176s)
[acasxu_2023] running only instance idx=39; appending to /home/sasakis/v/tools/n2v/examples/FlowConformal/experiments/exp1_vnncomp_subset/outputs/exp1_acasxu_2023_ours.csv
[acasxu_2023 1/1 t=0s budget=116s] onnx/ACASXU_run2a_5_4_batch_2000.onnx + vnnlib/prop_1.vnnlib
    verdict=UNSAT  wall=45.6s
[run_cell   41/ 186 t= 1997s] idx=40   budget=116s (shell timeout=176s)
[acasxu_2023] running only instance idx=40; appending to /home/sasakis/v/tools/n2v/examples/FlowConformal/experiments/exp1_vnncomp_subset/outputs/exp1_acasxu_2023_ours.csv
[acasxu_2023 1/1 t=0s budget=116s] onnx/ACASXU_run2a_5_5_batch_2000.onnx + vnnlib/prop_1.vnnlib
    verdict=UNSAT  wall=52.3s
[run_cell   42/ 186 t= 2054s] idx=41   budget=116s (shell timeout=176s)
[acasxu_2023] running only instance idx=41; appending to /home/sasakis/v/tools/n2v/examples/FlowConformal/experiments/exp1_vnncomp_subset/outputs/exp1_acasxu_2023_ours.csv
[acasxu_2023 1/1 t=0s budget=116s] onnx/ACASXU_run2a_5_6_batch_2000.onnx + vnnlib/prop_1.vnnlib
    verdict=UNSAT  wall=47.8s
[run_cell   43/ 186 t= 2107s] idx=42   budget=116s (shell timeout=176s)
[acasxu_2023] running only instance idx=42; appending to /home/sasakis/v/tools/n2v/examples/FlowConformal/experiments/exp1_vnncomp_subset/outputs/exp1_acasxu_2023_ours.csv
[acasxu_2023 1/1 t=0s budget=116s] onnx/ACASXU_run2a_5_7_batch_2000.onnx + vnnlib/prop_1.vnnlib
    verdict=UNSAT  wall=49.3s
[run_cell   44/ 186 t= 2161s] idx=43   budget=116s (shell timeout=176s)
[acasxu_2023] running only instance idx=43; appending to /home/sasakis/v/tools/n2v/examples/FlowConformal/experiments/exp1_vnncomp_subset/outputs/exp1_acasxu_2023_ours.csv
[acasxu_2023 1/1 t=0s budget=116s] onnx/ACASXU_run2a_5_8_batch_2000.onnx + vnnlib/prop_1.vnnlib
    verdict=UNSAT  wall=45.5s
[run_cell   45/ 186 t= 2212s] idx=44   budget=116s (shell timeout=176s)
[acasxu_2023] running only instance idx=44; appending to /home/sasakis/v/tools/n2v/examples/FlowConformal/experiments/exp1_vnncomp_subset/outputs/exp1_acasxu_2023_ours.csv
[acasxu_2023 1/1 t=0s budget=116s] onnx/ACASXU_run2a_5_9_batch_2000.onnx + vnnlib/prop_1.vnnlib
    verdict=UNSAT  wall=46.2s
[run_cell   46/ 186 t= 2263s] idx=45   budget=116s (shell timeout=176s)
[acasxu_2023] running only instance idx=45; appending to /home/sasakis/v/tools/n2v/examples/FlowConformal/experiments/exp1_vnncomp_subset/outputs/exp1_acasxu_2023_ours.csv
[acasxu_2023 1/1 t=0s budget=116s] onnx/ACASXU_run2a_1_1_batch_2000.onnx + vnnlib/prop_2.vnnlib
    verdict=UNSAT  wall=48.7s
[run_cell   47/ 186 t= 2317s] idx=46   budget=116s (shell timeout=176s)
[acasxu_2023] running only instance idx=46; appending to /home/sasakis/v/tools/n2v/examples/FlowConformal/experiments/exp1_vnncomp_subset/outputs/exp1_acasxu_2023_ours.csv
[acasxu_2023 1/1 t=0s budget=116s] onnx/ACASXU_run2a_1_2_batch_2000.onnx + vnnlib/prop_2.vnnlib
    verdict=UNKNOWN  wall=37.5s
[run_cell   48/ 186 t= 2359s] idx=47   budget=116s (shell timeout=176s)
[acasxu_2023] running only instance idx=47; appending to /home/sasakis/v/tools/n2v/examples/FlowConformal/experiments/exp1_vnncomp_subset/outputs/exp1_acasxu_2023_ours.csv
[acasxu_2023 1/1 t=0s budget=116s] onnx/ACASXU_run2a_1_3_batch_2000.onnx + vnnlib/prop_2.vnnlib
    verdict=UNSAT  wall=43.6s
[run_cell   49/ 186 t= 2408s] idx=48   budget=116s (shell timeout=176s)
[acasxu_2023] running only instance idx=48; appending to /home/sasakis/v/tools/n2v/examples/FlowConformal/experiments/exp1_vnncomp_subset/outputs/exp1_acasxu_2023_ours.csv
[acasxu_2023 1/1 t=0s budget=116s] onnx/ACASXU_run2a_1_4_batch_2000.onnx + vnnlib/prop_2.vnnlib
    verdict=UNKNOWN  wall=29.0s
[run_cell   50/ 186 t= 2442s] idx=49   budget=116s (shell timeout=176s)
[acasxu_2023] running only instance idx=49; appending to /home/sasakis/v/tools/n2v/examples/FlowConformal/experiments/exp1_vnncomp_subset/outputs/exp1_acasxu_2023_ours.csv
[acasxu_2023 1/1 t=0s budget=116s] onnx/ACASXU_run2a_1_5_batch_2000.onnx + vnnlib/prop_2.vnnlib
    verdict=UNKNOWN  wall=37.9s
[run_cell   51/ 186 t= 2485s] idx=50   budget=116s (shell timeout=176s)
[acasxu_2023] running only instance idx=50; appending to /home/sasakis/v/tools/n2v/examples/FlowConformal/experiments/exp1_vnncomp_subset/outputs/exp1_acasxu_2023_ours.csv
[acasxu_2023 1/1 t=0s budget=116s] onnx/ACASXU_run2a_1_6_batch_2000.onnx + vnnlib/prop_2.vnnlib
    verdict=UNKNOWN  wall=37.3s
[run_cell   52/ 186 t= 2527s] idx=51   budget=116s (shell timeout=176s)
[acasxu_2023] running only instance idx=51; appending to /home/sasakis/v/tools/n2v/examples/FlowConformal/experiments/exp1_vnncomp_subset/outputs/exp1_acasxu_2023_ours.csv
[acasxu_2023 1/1 t=0s budget=116s] onnx/ACASXU_run2a_1_7_batch_2000.onnx + vnnlib/prop_2.vnnlib
    verdict=UNSAT  wall=42.4s
[run_cell   53/ 186 t= 2574s] idx=52   budget=116s (shell timeout=176s)
[acasxu_2023] running only instance idx=52; appending to /home/sasakis/v/tools/n2v/examples/FlowConformal/experiments/exp1_vnncomp_subset/outputs/exp1_acasxu_2023_ours.csv
[acasxu_2023 1/1 t=0s budget=116s] onnx/ACASXU_run2a_1_8_batch_2000.onnx + vnnlib/prop_2.vnnlib
    verdict=UNSAT  wall=41.0s
[run_cell   54/ 186 t= 2620s] idx=53   budget=116s (shell timeout=176s)
[acasxu_2023] running only instance idx=53; appending to /home/sasakis/v/tools/n2v/examples/FlowConformal/experiments/exp1_vnncomp_subset/outputs/exp1_acasxu_2023_ours.csv
[acasxu_2023 1/1 t=0s budget=116s] onnx/ACASXU_run2a_1_9_batch_2000.onnx + vnnlib/prop_2.vnnlib
    verdict=UNSAT  wall=41.2s
[run_cell   55/ 186 t= 2667s] idx=54   budget=116s (shell timeout=176s)
[acasxu_2023] running only instance idx=54; appending to /home/sasakis/v/tools/n2v/examples/FlowConformal/experiments/exp1_vnncomp_subset/outputs/exp1_acasxu_2023_ours.csv
[acasxu_2023 1/1 t=0s budget=116s] onnx/ACASXU_run2a_2_1_batch_2000.onnx + vnnlib/prop_2.vnnlib
    verdict=UNKNOWN  wall=31.1s
[run_cell   56/ 186 t= 2703s] idx=55   budget=116s (shell timeout=176s)
[acasxu_2023] running only instance idx=55; appending to /home/sasakis/v/tools/n2v/examples/FlowConformal/experiments/exp1_vnncomp_subset/outputs/exp1_acasxu_2023_ours.csv
[acasxu_2023 1/1 t=0s budget=116s] onnx/ACASXU_run2a_2_2_batch_2000.onnx + vnnlib/prop_2.vnnlib
    verdict=UNKNOWN  wall=35.5s
[run_cell   57/ 186 t= 2743s] idx=56   budget=116s (shell timeout=176s)
[acasxu_2023] running only instance idx=56; appending to /home/sasakis/v/tools/n2v/examples/FlowConformal/experiments/exp1_vnncomp_subset/outputs/exp1_acasxu_2023_ours.csv
[acasxu_2023 1/1 t=0s budget=116s] onnx/ACASXU_run2a_2_3_batch_2000.onnx + vnnlib/prop_2.vnnlib
    verdict=UNKNOWN  wall=30.2s
[run_cell   58/ 186 t= 2778s] idx=57   budget=116s (shell timeout=176s)
[acasxu_2023] running only instance idx=57; appending to /home/sasakis/v/tools/n2v/examples/FlowConformal/experiments/exp1_vnncomp_subset/outputs/exp1_acasxu_2023_ours.csv
[acasxu_2023 1/1 t=0s budget=116s] onnx/ACASXU_run2a_2_4_batch_2000.onnx + vnnlib/prop_2.vnnlib
    verdict=SAT  wall=2.9s
[run_cell   59/ 186 t= 2786s] idx=58   budget=116s (shell timeout=176s)
[acasxu_2023] running only instance idx=58; appending to /home/sasakis/v/tools/n2v/examples/FlowConformal/experiments/exp1_vnncomp_subset/outputs/exp1_acasxu_2023_ours.csv
[acasxu_2023 1/1 t=0s budget=116s] onnx/ACASXU_run2a_2_5_batch_2000.onnx + vnnlib/prop_2.vnnlib
    verdict=UNKNOWN  wall=38.0s
[run_cell   60/ 186 t= 2829s] idx=59   budget=116s (shell timeout=176s)
[acasxu_2023] running only instance idx=59; appending to /home/sasakis/v/tools/n2v/examples/FlowConformal/experiments/exp1_vnncomp_subset/outputs/exp1_acasxu_2023_ours.csv
[acasxu_2023 1/1 t=0s budget=116s] onnx/ACASXU_run2a_2_6_batch_2000.onnx + vnnlib/prop_2.vnnlib
    verdict=UNKNOWN  wall=34.1s
[run_cell   61/ 186 t= 2868s] idx=60   budget=116s (shell timeout=176s)
[acasxu_2023] running only instance idx=60; appending to /home/sasakis/v/tools/n2v/examples/FlowConformal/experiments/exp1_vnncomp_subset/outputs/exp1_acasxu_2023_ours.csv
[acasxu_2023 1/1 t=0s budget=116s] onnx/ACASXU_run2a_2_7_batch_2000.onnx + vnnlib/prop_2.vnnlib
    verdict=UNKNOWN  wall=29.9s
[run_cell   62/ 186 t= 2903s] idx=61   budget=116s (shell timeout=176s)
[acasxu_2023] running only instance idx=61; appending to /home/sasakis/v/tools/n2v/examples/FlowConformal/experiments/exp1_vnncomp_subset/outputs/exp1_acasxu_2023_ours.csv
[acasxu_2023 1/1 t=0s budget=116s] onnx/ACASXU_run2a_2_8_batch_2000.onnx + vnnlib/prop_2.vnnlib
    verdict=UNKNOWN  wall=38.4s
[run_cell   63/ 186 t= 2946s] idx=62   budget=116s (shell timeout=176s)
[acasxu_2023] running only instance idx=62; appending to /home/sasakis/v/tools/n2v/examples/FlowConformal/experiments/exp1_vnncomp_subset/outputs/exp1_acasxu_2023_ours.csv
[acasxu_2023 1/1 t=0s budget=116s] onnx/ACASXU_run2a_2_9_batch_2000.onnx + vnnlib/prop_2.vnnlib
    verdict=UNKNOWN  wall=31.1s
[run_cell   64/ 186 t= 2982s] idx=63   budget=116s (shell timeout=176s)
[acasxu_2023] running only instance idx=63; appending to /home/sasakis/v/tools/n2v/examples/FlowConformal/experiments/exp1_vnncomp_subset/outputs/exp1_acasxu_2023_ours.csv
[acasxu_2023 1/1 t=0s budget=116s] onnx/ACASXU_run2a_3_1_batch_2000.onnx + vnnlib/prop_2.vnnlib
    verdict=UNKNOWN  wall=34.2s
[run_cell   65/ 186 t= 3022s] idx=64   budget=116s (shell timeout=176s)
[acasxu_2023] running only instance idx=64; appending to /home/sasakis/v/tools/n2v/examples/FlowConformal/experiments/exp1_vnncomp_subset/outputs/exp1_acasxu_2023_ours.csv
[acasxu_2023 1/1 t=0s budget=116s] onnx/ACASXU_run2a_3_2_batch_2000.onnx + vnnlib/prop_2.vnnlib
    verdict=UNKNOWN  wall=33.7s
[run_cell   66/ 186 t= 3060s] idx=65   budget=116s (shell timeout=176s)
[acasxu_2023] running only instance idx=65; appending to /home/sasakis/v/tools/n2v/examples/FlowConformal/experiments/exp1_vnncomp_subset/outputs/exp1_acasxu_2023_ours.csv
[acasxu_2023 1/1 t=0s budget=116s] onnx/ACASXU_run2a_3_3_batch_2000.onnx + vnnlib/prop_2.vnnlib
    verdict=UNKNOWN  wall=28.5s
[run_cell   67/ 186 t= 3094s] idx=66   budget=116s (shell timeout=176s)
[acasxu_2023] running only instance idx=66; appending to /home/sasakis/v/tools/n2v/examples/FlowConformal/experiments/exp1_vnncomp_subset/outputs/exp1_acasxu_2023_ours.csv
[acasxu_2023 1/1 t=0s budget=116s] onnx/ACASXU_run2a_3_4_batch_2000.onnx + vnnlib/prop_2.vnnlib
    verdict=UNKNOWN  wall=33.1s
[run_cell   68/ 186 t= 3132s] idx=67   budget=116s (shell timeout=176s)
[acasxu_2023] running only instance idx=67; appending to /home/sasakis/v/tools/n2v/examples/FlowConformal/experiments/exp1_vnncomp_subset/outputs/exp1_acasxu_2023_ours.csv
[acasxu_2023 1/1 t=0s budget=116s] onnx/ACASXU_run2a_3_5_batch_2000.onnx + vnnlib/prop_2.vnnlib
    verdict=UNKNOWN  wall=31.9s
[run_cell   69/ 186 t= 3169s] idx=68   budget=116s (shell timeout=176s)
[acasxu_2023] running only instance idx=68; appending to /home/sasakis/v/tools/n2v/examples/FlowConformal/experiments/exp1_vnncomp_subset/outputs/exp1_acasxu_2023_ours.csv
[acasxu_2023 1/1 t=0s budget=116s] onnx/ACASXU_run2a_3_6_batch_2000.onnx + vnnlib/prop_2.vnnlib
    verdict=UNKNOWN  wall=36.1s
[run_cell   70/ 186 t= 3210s] idx=69   budget=116s (shell timeout=176s)
[acasxu_2023] running only instance idx=69; appending to /home/sasakis/v/tools/n2v/examples/FlowConformal/experiments/exp1_vnncomp_subset/outputs/exp1_acasxu_2023_ours.csv
[acasxu_2023 1/1 t=0s budget=116s] onnx/ACASXU_run2a_3_7_batch_2000.onnx + vnnlib/prop_2.vnnlib
    verdict=UNKNOWN  wall=33.4s
[run_cell   71/ 186 t= 3248s] idx=70   budget=116s (shell timeout=176s)
[acasxu_2023] running only instance idx=70; appending to /home/sasakis/v/tools/n2v/examples/FlowConformal/experiments/exp1_vnncomp_subset/outputs/exp1_acasxu_2023_ours.csv
[acasxu_2023 1/1 t=0s budget=116s] onnx/ACASXU_run2a_3_8_batch_2000.onnx + vnnlib/prop_2.vnnlib
    verdict=UNKNOWN  wall=31.3s
[run_cell   72/ 186 t= 3284s] idx=71   budget=116s (shell timeout=176s)
[acasxu_2023] running only instance idx=71; appending to /home/sasakis/v/tools/n2v/examples/FlowConformal/experiments/exp1_vnncomp_subset/outputs/exp1_acasxu_2023_ours.csv
[acasxu_2023 1/1 t=0s budget=116s] onnx/ACASXU_run2a_3_9_batch_2000.onnx + vnnlib/prop_2.vnnlib
    verdict=UNKNOWN  wall=27.0s
[run_cell   73/ 186 t= 3316s] idx=72   budget=116s (shell timeout=176s)
[acasxu_2023] running only instance idx=72; appending to /home/sasakis/v/tools/n2v/examples/FlowConformal/experiments/exp1_vnncomp_subset/outputs/exp1_acasxu_2023_ours.csv
[acasxu_2023 1/1 t=0s budget=116s] onnx/ACASXU_run2a_4_1_batch_2000.onnx + vnnlib/prop_2.vnnlib
    verdict=UNKNOWN  wall=31.4s
[run_cell   74/ 186 t= 3352s] idx=73   budget=116s (shell timeout=176s)
[acasxu_2023] running only instance idx=73; appending to /home/sasakis/v/tools/n2v/examples/FlowConformal/experiments/exp1_vnncomp_subset/outputs/exp1_acasxu_2023_ours.csv
[acasxu_2023 1/1 t=0s budget=116s] onnx/ACASXU_run2a_4_2_batch_2000.onnx + vnnlib/prop_2.vnnlib
    verdict=UNKNOWN  wall=33.3s
[run_cell   75/ 186 t= 3391s] idx=74   budget=116s (shell timeout=176s)
[acasxu_2023] running only instance idx=74; appending to /home/sasakis/v/tools/n2v/examples/FlowConformal/experiments/exp1_vnncomp_subset/outputs/exp1_acasxu_2023_ours.csv
[acasxu_2023 1/1 t=0s budget=116s] onnx/ACASXU_run2a_4_3_batch_2000.onnx + vnnlib/prop_2.vnnlib
    verdict=UNKNOWN  wall=31.2s
[run_cell   76/ 186 t= 3427s] idx=75   budget=116s (shell timeout=176s)
[acasxu_2023] running only instance idx=75; appending to /home/sasakis/v/tools/n2v/examples/FlowConformal/experiments/exp1_vnncomp_subset/outputs/exp1_acasxu_2023_ours.csv
[acasxu_2023 1/1 t=0s budget=116s] onnx/ACASXU_run2a_4_4_batch_2000.onnx + vnnlib/prop_2.vnnlib
    verdict=UNKNOWN  wall=33.4s
[run_cell   77/ 186 t= 3465s] idx=76   budget=116s (shell timeout=176s)
[acasxu_2023] running only instance idx=76; appending to /home/sasakis/v/tools/n2v/examples/FlowConformal/experiments/exp1_vnncomp_subset/outputs/exp1_acasxu_2023_ours.csv
[acasxu_2023 1/1 t=0s budget=116s] onnx/ACASXU_run2a_4_5_batch_2000.onnx + vnnlib/prop_2.vnnlib
    verdict=UNKNOWN  wall=28.8s
[run_cell   78/ 186 t= 3499s] idx=77   budget=116s (shell timeout=176s)
[acasxu_2023] running only instance idx=77; appending to /home/sasakis/v/tools/n2v/examples/FlowConformal/experiments/exp1_vnncomp_subset/outputs/exp1_acasxu_2023_ours.csv
[acasxu_2023 1/1 t=0s budget=116s] onnx/ACASXU_run2a_4_6_batch_2000.onnx + vnnlib/prop_2.vnnlib
    verdict=SAT  wall=2.8s
[run_cell   79/ 186 t= 3506s] idx=78   budget=116s (shell timeout=176s)
[acasxu_2023] running only instance idx=78; appending to /home/sasakis/v/tools/n2v/examples/FlowConformal/experiments/exp1_vnncomp_subset/outputs/exp1_acasxu_2023_ours.csv
[acasxu_2023 1/1 t=0s budget=116s] onnx/ACASXU_run2a_4_7_batch_2000.onnx + vnnlib/prop_2.vnnlib
    verdict=UNKNOWN  wall=37.8s
[run_cell   80/ 186 t= 3549s] idx=79   budget=116s (shell timeout=176s)
[acasxu_2023] running only instance idx=79; appending to /home/sasakis/v/tools/n2v/examples/FlowConformal/experiments/exp1_vnncomp_subset/outputs/exp1_acasxu_2023_ours.csv
[acasxu_2023 1/1 t=0s budget=116s] onnx/ACASXU_run2a_4_8_batch_2000.onnx + vnnlib/prop_2.vnnlib
    verdict=SAT  wall=2.9s
[run_cell   81/ 186 t= 3557s] idx=80   budget=116s (shell timeout=176s)
[acasxu_2023] running only instance idx=80; appending to /home/sasakis/v/tools/n2v/examples/FlowConformal/experiments/exp1_vnncomp_subset/outputs/exp1_acasxu_2023_ours.csv
[acasxu_2023 1/1 t=0s budget=116s] onnx/ACASXU_run2a_4_9_batch_2000.onnx + vnnlib/prop_2.vnnlib
    verdict=UNKNOWN  wall=36.2s
[run_cell   82/ 186 t= 3598s] idx=81   budget=116s (shell timeout=176s)
[acasxu_2023] running only instance idx=81; appending to /home/sasakis/v/tools/n2v/examples/FlowConformal/experiments/exp1_vnncomp_subset/outputs/exp1_acasxu_2023_ours.csv
[acasxu_2023 1/1 t=0s budget=116s] onnx/ACASXU_run2a_5_1_batch_2000.onnx + vnnlib/prop_2.vnnlib
    verdict=UNKNOWN  wall=32.2s
[run_cell   83/ 186 t= 3635s] idx=82   budget=116s (shell timeout=176s)
[acasxu_2023] running only instance idx=82; appending to /home/sasakis/v/tools/n2v/examples/FlowConformal/experiments/exp1_vnncomp_subset/outputs/exp1_acasxu_2023_ours.csv
[acasxu_2023 1/1 t=0s budget=116s] onnx/ACASXU_run2a_5_2_batch_2000.onnx + vnnlib/prop_2.vnnlib
    verdict=UNKNOWN  wall=31.5s
[run_cell   84/ 186 t= 3672s] idx=83   budget=116s (shell timeout=176s)
[acasxu_2023] running only instance idx=83; appending to /home/sasakis/v/tools/n2v/examples/FlowConformal/experiments/exp1_vnncomp_subset/outputs/exp1_acasxu_2023_ours.csv
[acasxu_2023 1/1 t=0s budget=116s] onnx/ACASXU_run2a_5_3_batch_2000.onnx + vnnlib/prop_2.vnnlib
    verdict=UNKNOWN  wall=29.9s
[run_cell   85/ 186 t= 3706s] idx=84   budget=116s (shell timeout=176s)
[acasxu_2023] running only instance idx=84; appending to /home/sasakis/v/tools/n2v/examples/FlowConformal/experiments/exp1_vnncomp_subset/outputs/exp1_acasxu_2023_ours.csv
[acasxu_2023 1/1 t=0s budget=116s] onnx/ACASXU_run2a_5_4_batch_2000.onnx + vnnlib/prop_2.vnnlib
    verdict=UNKNOWN  wall=36.4s
[run_cell   86/ 186 t= 3748s] idx=85   budget=116s (shell timeout=176s)
[acasxu_2023] running only instance idx=85; appending to /home/sasakis/v/tools/n2v/examples/FlowConformal/experiments/exp1_vnncomp_subset/outputs/exp1_acasxu_2023_ours.csv
[acasxu_2023 1/1 t=0s budget=116s] onnx/ACASXU_run2a_5_5_batch_2000.onnx + vnnlib/prop_2.vnnlib
    verdict=UNKNOWN  wall=30.8s
[run_cell   87/ 186 t= 3784s] idx=86   budget=116s (shell timeout=176s)
[acasxu_2023] running only instance idx=86; appending to /home/sasakis/v/tools/n2v/examples/FlowConformal/experiments/exp1_vnncomp_subset/outputs/exp1_acasxu_2023_ours.csv
[acasxu_2023 1/1 t=0s budget=116s] onnx/ACASXU_run2a_5_6_batch_2000.onnx + vnnlib/prop_2.vnnlib
    verdict=UNKNOWN  wall=31.0s
[run_cell   88/ 186 t= 3819s] idx=87   budget=116s (shell timeout=176s)
[acasxu_2023] running only instance idx=87; appending to /home/sasakis/v/tools/n2v/examples/FlowConformal/experiments/exp1_vnncomp_subset/outputs/exp1_acasxu_2023_ours.csv
[acasxu_2023 1/1 t=0s budget=116s] onnx/ACASXU_run2a_5_7_batch_2000.onnx + vnnlib/prop_2.vnnlib
    verdict=UNKNOWN  wall=35.6s
[run_cell   89/ 186 t= 3860s] idx=88   budget=116s (shell timeout=176s)
[acasxu_2023] running only instance idx=88; appending to /home/sasakis/v/tools/n2v/examples/FlowConformal/experiments/exp1_vnncomp_subset/outputs/exp1_acasxu_2023_ours.csv
[acasxu_2023 1/1 t=0s budget=116s] onnx/ACASXU_run2a_5_8_batch_2000.onnx + vnnlib/prop_2.vnnlib
    verdict=UNKNOWN  wall=30.4s
[run_cell   90/ 186 t= 3896s] idx=89   budget=116s (shell timeout=176s)
[acasxu_2023] running only instance idx=89; appending to /home/sasakis/v/tools/n2v/examples/FlowConformal/experiments/exp1_vnncomp_subset/outputs/exp1_acasxu_2023_ours.csv
[acasxu_2023 1/1 t=0s budget=116s] onnx/ACASXU_run2a_5_9_batch_2000.onnx + vnnlib/prop_2.vnnlib
    verdict=UNKNOWN  wall=33.9s
[run_cell   91/ 186 t= 3935s] idx=90   budget=116s (shell timeout=176s)
[acasxu_2023] running only instance idx=90; appending to /home/sasakis/v/tools/n2v/examples/FlowConformal/experiments/exp1_vnncomp_subset/outputs/exp1_acasxu_2023_ours.csv
[acasxu_2023 1/1 t=0s budget=116s] onnx/ACASXU_run2a_1_1_batch_2000.onnx + vnnlib/prop_3.vnnlib
    verdict=UNSAT  wall=41.1s
[run_cell   92/ 186 t= 3981s] idx=91   budget=116s (shell timeout=176s)
[acasxu_2023] running only instance idx=91; appending to /home/sasakis/v/tools/n2v/examples/FlowConformal/experiments/exp1_vnncomp_subset/outputs/exp1_acasxu_2023_ours.csv
[acasxu_2023 1/1 t=0s budget=116s] onnx/ACASXU_run2a_1_2_batch_2000.onnx + vnnlib/prop_3.vnnlib
    verdict=UNSAT  wall=45.3s
[run_cell   93/ 186 t= 4031s] idx=92   budget=116s (shell timeout=176s)
[acasxu_2023] running only instance idx=92; appending to /home/sasakis/v/tools/n2v/examples/FlowConformal/experiments/exp1_vnncomp_subset/outputs/exp1_acasxu_2023_ours.csv
[acasxu_2023 1/1 t=0s budget=116s] onnx/ACASXU_run2a_1_3_batch_2000.onnx + vnnlib/prop_3.vnnlib
    verdict=UNSAT  wall=45.8s
[run_cell   94/ 186 t= 4082s] idx=93   budget=116s (shell timeout=176s)
[acasxu_2023] running only instance idx=93; appending to /home/sasakis/v/tools/n2v/examples/FlowConformal/experiments/exp1_vnncomp_subset/outputs/exp1_acasxu_2023_ours.csv
[acasxu_2023 1/1 t=0s budget=116s] onnx/ACASXU_run2a_1_4_batch_2000.onnx + vnnlib/prop_3.vnnlib
    verdict=UNSAT  wall=41.5s
[run_cell   95/ 186 t= 4128s] idx=94   budget=116s (shell timeout=176s)
[acasxu_2023] running only instance idx=94; appending to /home/sasakis/v/tools/n2v/examples/FlowConformal/experiments/exp1_vnncomp_subset/outputs/exp1_acasxu_2023_ours.csv
[acasxu_2023 1/1 t=0s budget=116s] onnx/ACASXU_run2a_1_5_batch_2000.onnx + vnnlib/prop_3.vnnlib
    verdict=UNSAT  wall=44.0s
[run_cell   96/ 186 t= 4177s] idx=95   budget=116s (shell timeout=176s)
[acasxu_2023] running only instance idx=95; appending to /home/sasakis/v/tools/n2v/examples/FlowConformal/experiments/exp1_vnncomp_subset/outputs/exp1_acasxu_2023_ours.csv
[acasxu_2023 1/1 t=0s budget=116s] onnx/ACASXU_run2a_1_6_batch_2000.onnx + vnnlib/prop_3.vnnlib
    verdict=UNSAT  wall=45.9s
[run_cell   97/ 186 t= 4228s] idx=96   budget=116s (shell timeout=176s)
[acasxu_2023] running only instance idx=96; appending to /home/sasakis/v/tools/n2v/examples/FlowConformal/experiments/exp1_vnncomp_subset/outputs/exp1_acasxu_2023_ours.csv
[acasxu_2023 1/1 t=0s budget=116s] onnx/ACASXU_run2a_1_7_batch_2000.onnx + vnnlib/prop_3.vnnlib
    verdict=SAT  wall=2.7s
[run_cell   98/ 186 t= 4236s] idx=97   budget=116s (shell timeout=176s)
[acasxu_2023] running only instance idx=97; appending to /home/sasakis/v/tools/n2v/examples/FlowConformal/experiments/exp1_vnncomp_subset/outputs/exp1_acasxu_2023_ours.csv
[acasxu_2023 1/1 t=0s budget=116s] onnx/ACASXU_run2a_1_8_batch_2000.onnx + vnnlib/prop_3.vnnlib
    verdict=SAT  wall=2.7s
[run_cell   99/ 186 t= 4243s] idx=98   budget=116s (shell timeout=176s)
[acasxu_2023] running only instance idx=98; appending to /home/sasakis/v/tools/n2v/examples/FlowConformal/experiments/exp1_vnncomp_subset/outputs/exp1_acasxu_2023_ours.csv
[acasxu_2023 1/1 t=0s budget=116s] onnx/ACASXU_run2a_1_9_batch_2000.onnx + vnnlib/prop_3.vnnlib
    verdict=SAT  wall=1.8s
[run_cell  100/ 186 t= 4249s] idx=99   budget=116s (shell timeout=176s)
[acasxu_2023] running only instance idx=99; appending to /home/sasakis/v/tools/n2v/examples/FlowConformal/experiments/exp1_vnncomp_subset/outputs/exp1_acasxu_2023_ours.csv
[acasxu_2023 1/1 t=0s budget=116s] onnx/ACASXU_run2a_2_1_batch_2000.onnx + vnnlib/prop_3.vnnlib
    verdict=UNSAT  wall=50.1s
[run_cell  101/ 186 t= 4304s] idx=100  budget=116s (shell timeout=176s)
[acasxu_2023] running only instance idx=100; appending to /home/sasakis/v/tools/n2v/examples/FlowConformal/experiments/exp1_vnncomp_subset/outputs/exp1_acasxu_2023_ours.csv
[acasxu_2023 1/1 t=0s budget=116s] onnx/ACASXU_run2a_2_2_batch_2000.onnx + vnnlib/prop_3.vnnlib
    verdict=UNSAT  wall=41.0s
[run_cell  102/ 186 t= 4350s] idx=101  budget=116s (shell timeout=176s)
[acasxu_2023] running only instance idx=101; appending to /home/sasakis/v/tools/n2v/examples/FlowConformal/experiments/exp1_vnncomp_subset/outputs/exp1_acasxu_2023_ours.csv
[acasxu_2023 1/1 t=0s budget=116s] onnx/ACASXU_run2a_2_3_batch_2000.onnx + vnnlib/prop_3.vnnlib
    verdict=UNSAT  wall=47.0s
[run_cell  103/ 186 t= 4402s] idx=102  budget=116s (shell timeout=176s)
[acasxu_2023] running only instance idx=102; appending to /home/sasakis/v/tools/n2v/examples/FlowConformal/experiments/exp1_vnncomp_subset/outputs/exp1_acasxu_2023_ours.csv
[acasxu_2023 1/1 t=0s budget=116s] onnx/ACASXU_run2a_2_4_batch_2000.onnx + vnnlib/prop_3.vnnlib
    verdict=UNSAT  wall=47.8s
[run_cell  104/ 186 t= 4455s] idx=103  budget=116s (shell timeout=176s)
[acasxu_2023] running only instance idx=103; appending to /home/sasakis/v/tools/n2v/examples/FlowConformal/experiments/exp1_vnncomp_subset/outputs/exp1_acasxu_2023_ours.csv
[acasxu_2023 1/1 t=0s budget=116s] onnx/ACASXU_run2a_2_5_batch_2000.onnx + vnnlib/prop_3.vnnlib
    verdict=UNSAT  wall=48.6s
[run_cell  105/ 186 t= 4509s] idx=104  budget=116s (shell timeout=176s)
[acasxu_2023] running only instance idx=104; appending to /home/sasakis/v/tools/n2v/examples/FlowConformal/experiments/exp1_vnncomp_subset/outputs/exp1_acasxu_2023_ours.csv
[acasxu_2023 1/1 t=0s budget=116s] onnx/ACASXU_run2a_2_6_batch_2000.onnx + vnnlib/prop_3.vnnlib
    verdict=UNSAT  wall=51.4s
[run_cell  106/ 186 t= 4565s] idx=105  budget=116s (shell timeout=176s)
[acasxu_2023] running only instance idx=105; appending to /home/sasakis/v/tools/n2v/examples/FlowConformal/experiments/exp1_vnncomp_subset/outputs/exp1_acasxu_2023_ours.csv
[acasxu_2023 1/1 t=0s budget=116s] onnx/ACASXU_run2a_2_7_batch_2000.onnx + vnnlib/prop_3.vnnlib
    verdict=UNSAT  wall=48.7s
[run_cell  107/ 186 t= 4619s] idx=106  budget=116s (shell timeout=176s)
[acasxu_2023] running only instance idx=106; appending to /home/sasakis/v/tools/n2v/examples/FlowConformal/experiments/exp1_vnncomp_subset/outputs/exp1_acasxu_2023_ours.csv
[acasxu_2023 1/1 t=0s budget=116s] onnx/ACASXU_run2a_2_8_batch_2000.onnx + vnnlib/prop_3.vnnlib
    verdict=UNSAT  wall=50.2s
[run_cell  108/ 186 t= 4674s] idx=107  budget=116s (shell timeout=176s)
[acasxu_2023] running only instance idx=107; appending to /home/sasakis/v/tools/n2v/examples/FlowConformal/experiments/exp1_vnncomp_subset/outputs/exp1_acasxu_2023_ours.csv
[acasxu_2023 1/1 t=0s budget=116s] onnx/ACASXU_run2a_2_9_batch_2000.onnx + vnnlib/prop_3.vnnlib
    verdict=UNSAT  wall=48.9s
[run_cell  109/ 186 t= 4728s] idx=108  budget=116s (shell timeout=176s)
[acasxu_2023] running only instance idx=108; appending to /home/sasakis/v/tools/n2v/examples/FlowConformal/experiments/exp1_vnncomp_subset/outputs/exp1_acasxu_2023_ours.csv
[acasxu_2023 1/1 t=0s budget=116s] onnx/ACASXU_run2a_3_1_batch_2000.onnx + vnnlib/prop_3.vnnlib
    verdict=UNSAT  wall=47.4s
[run_cell  110/ 186 t= 4780s] idx=109  budget=116s (shell timeout=176s)
[acasxu_2023] running only instance idx=109; appending to /home/sasakis/v/tools/n2v/examples/FlowConformal/experiments/exp1_vnncomp_subset/outputs/exp1_acasxu_2023_ours.csv
[acasxu_2023 1/1 t=0s budget=116s] onnx/ACASXU_run2a_3_2_batch_2000.onnx + vnnlib/prop_3.vnnlib
    verdict=UNSAT  wall=42.4s
[run_cell  111/ 186 t= 4828s] idx=110  budget=116s (shell timeout=176s)
[acasxu_2023] running only instance idx=110; appending to /home/sasakis/v/tools/n2v/examples/FlowConformal/experiments/exp1_vnncomp_subset/outputs/exp1_acasxu_2023_ours.csv
[acasxu_2023 1/1 t=0s budget=116s] onnx/ACASXU_run2a_3_3_batch_2000.onnx + vnnlib/prop_3.vnnlib
    verdict=UNSAT  wall=46.9s
[run_cell  112/ 186 t= 4880s] idx=111  budget=116s (shell timeout=176s)
[acasxu_2023] running only instance idx=111; appending to /home/sasakis/v/tools/n2v/examples/FlowConformal/experiments/exp1_vnncomp_subset/outputs/exp1_acasxu_2023_ours.csv
[acasxu_2023 1/1 t=0s budget=116s] onnx/ACASXU_run2a_3_4_batch_2000.onnx + vnnlib/prop_3.vnnlib
    verdict=UNSAT  wall=47.1s
[run_cell  113/ 186 t= 4932s] idx=112  budget=116s (shell timeout=176s)
[acasxu_2023] running only instance idx=112; appending to /home/sasakis/v/tools/n2v/examples/FlowConformal/experiments/exp1_vnncomp_subset/outputs/exp1_acasxu_2023_ours.csv
[acasxu_2023 1/1 t=0s budget=116s] onnx/ACASXU_run2a_3_5_batch_2000.onnx + vnnlib/prop_3.vnnlib
    verdict=UNSAT  wall=49.5s
[run_cell  114/ 186 t= 4987s] idx=113  budget=116s (shell timeout=176s)
[acasxu_2023] running only instance idx=113; appending to /home/sasakis/v/tools/n2v/examples/FlowConformal/experiments/exp1_vnncomp_subset/outputs/exp1_acasxu_2023_ours.csv
[acasxu_2023 1/1 t=0s budget=116s] onnx/ACASXU_run2a_3_6_batch_2000.onnx + vnnlib/prop_3.vnnlib
    verdict=UNSAT  wall=45.7s
[run_cell  115/ 186 t= 5037s] idx=114  budget=116s (shell timeout=176s)
[acasxu_2023] running only instance idx=114; appending to /home/sasakis/v/tools/n2v/examples/FlowConformal/experiments/exp1_vnncomp_subset/outputs/exp1_acasxu_2023_ours.csv
[acasxu_2023 1/1 t=0s budget=116s] onnx/ACASXU_run2a_3_7_batch_2000.onnx + vnnlib/prop_3.vnnlib
    verdict=UNSAT  wall=49.1s
[run_cell  116/ 186 t= 5091s] idx=115  budget=116s (shell timeout=176s)
[acasxu_2023] running only instance idx=115; appending to /home/sasakis/v/tools/n2v/examples/FlowConformal/experiments/exp1_vnncomp_subset/outputs/exp1_acasxu_2023_ours.csv
[acasxu_2023 1/1 t=0s budget=116s] onnx/ACASXU_run2a_3_8_batch_2000.onnx + vnnlib/prop_3.vnnlib
    verdict=UNSAT  wall=42.0s
[run_cell  117/ 186 t= 5138s] idx=116  budget=116s (shell timeout=176s)
[acasxu_2023] running only instance idx=116; appending to /home/sasakis/v/tools/n2v/examples/FlowConformal/experiments/exp1_vnncomp_subset/outputs/exp1_acasxu_2023_ours.csv
[acasxu_2023 1/1 t=0s budget=116s] onnx/ACASXU_run2a_3_9_batch_2000.onnx + vnnlib/prop_3.vnnlib
    verdict=UNSAT  wall=43.0s
[run_cell  118/ 186 t= 5187s] idx=117  budget=116s (shell timeout=176s)
[acasxu_2023] running only instance idx=117; appending to /home/sasakis/v/tools/n2v/examples/FlowConformal/experiments/exp1_vnncomp_subset/outputs/exp1_acasxu_2023_ours.csv
[acasxu_2023 1/1 t=0s budget=116s] onnx/ACASXU_run2a_4_1_batch_2000.onnx + vnnlib/prop_3.vnnlib
    verdict=UNSAT  wall=46.3s
[run_cell  119/ 186 t= 5238s] idx=118  budget=116s (shell timeout=176s)
[acasxu_2023] running only instance idx=118; appending to /home/sasakis/v/tools/n2v/examples/FlowConformal/experiments/exp1_vnncomp_subset/outputs/exp1_acasxu_2023_ours.csv
[acasxu_2023 1/1 t=0s budget=116s] onnx/ACASXU_run2a_4_2_batch_2000.onnx + vnnlib/prop_3.vnnlib
    verdict=UNSAT  wall=47.0s
[run_cell  120/ 186 t= 5290s] idx=119  budget=116s (shell timeout=176s)
[acasxu_2023] running only instance idx=119; appending to /home/sasakis/v/tools/n2v/examples/FlowConformal/experiments/exp1_vnncomp_subset/outputs/exp1_acasxu_2023_ours.csv
[acasxu_2023 1/1 t=0s budget=116s] onnx/ACASXU_run2a_4_3_batch_2000.onnx + vnnlib/prop_3.vnnlib
    verdict=UNSAT  wall=40.3s
[run_cell  121/ 186 t= 5335s] idx=120  budget=116s (shell timeout=176s)
[acasxu_2023] running only instance idx=120; appending to /home/sasakis/v/tools/n2v/examples/FlowConformal/experiments/exp1_vnncomp_subset/outputs/exp1_acasxu_2023_ours.csv
[acasxu_2023 1/1 t=0s budget=116s] onnx/ACASXU_run2a_4_4_batch_2000.onnx + vnnlib/prop_3.vnnlib
    verdict=UNSAT  wall=49.7s
[run_cell  122/ 186 t= 5390s] idx=121  budget=116s (shell timeout=176s)
[acasxu_2023] running only instance idx=121; appending to /home/sasakis/v/tools/n2v/examples/FlowConformal/experiments/exp1_vnncomp_subset/outputs/exp1_acasxu_2023_ours.csv
[acasxu_2023 1/1 t=0s budget=116s] onnx/ACASXU_run2a_4_5_batch_2000.onnx + vnnlib/prop_3.vnnlib
    verdict=UNSAT  wall=44.9s
[run_cell  123/ 186 t= 5440s] idx=122  budget=116s (shell timeout=176s)
[acasxu_2023] running only instance idx=122; appending to /home/sasakis/v/tools/n2v/examples/FlowConformal/experiments/exp1_vnncomp_subset/outputs/exp1_acasxu_2023_ours.csv
[acasxu_2023 1/1 t=0s budget=116s] onnx/ACASXU_run2a_4_6_batch_2000.onnx + vnnlib/prop_3.vnnlib
    verdict=UNSAT  wall=49.2s
[run_cell  124/ 186 t= 5494s] idx=123  budget=116s (shell timeout=176s)
[acasxu_2023] running only instance idx=123; appending to /home/sasakis/v/tools/n2v/examples/FlowConformal/experiments/exp1_vnncomp_subset/outputs/exp1_acasxu_2023_ours.csv
[acasxu_2023 1/1 t=0s budget=116s] onnx/ACASXU_run2a_4_7_batch_2000.onnx + vnnlib/prop_3.vnnlib
    verdict=UNSAT  wall=45.8s
[run_cell  125/ 186 t= 5545s] idx=124  budget=116s (shell timeout=176s)
[acasxu_2023] running only instance idx=124; appending to /home/sasakis/v/tools/n2v/examples/FlowConformal/experiments/exp1_vnncomp_subset/outputs/exp1_acasxu_2023_ours.csv
[acasxu_2023 1/1 t=0s budget=116s] onnx/ACASXU_run2a_4_8_batch_2000.onnx + vnnlib/prop_3.vnnlib
    verdict=UNSAT  wall=48.5s
[run_cell  126/ 186 t= 5598s] idx=125  budget=116s (shell timeout=176s)
[acasxu_2023] running only instance idx=125; appending to /home/sasakis/v/tools/n2v/examples/FlowConformal/experiments/exp1_vnncomp_subset/outputs/exp1_acasxu_2023_ours.csv
[acasxu_2023 1/1 t=0s budget=116s] onnx/ACASXU_run2a_4_9_batch_2000.onnx + vnnlib/prop_3.vnnlib
    verdict=UNSAT  wall=43.0s
[run_cell  127/ 186 t= 5646s] idx=126  budget=116s (shell timeout=176s)
[acasxu_2023] running only instance idx=126; appending to /home/sasakis/v/tools/n2v/examples/FlowConformal/experiments/exp1_vnncomp_subset/outputs/exp1_acasxu_2023_ours.csv
[acasxu_2023 1/1 t=0s budget=116s] onnx/ACASXU_run2a_5_1_batch_2000.onnx + vnnlib/prop_3.vnnlib
    verdict=UNSAT  wall=44.5s
[run_cell  128/ 186 t= 5696s] idx=127  budget=116s (shell timeout=176s)
[acasxu_2023] running only instance idx=127; appending to /home/sasakis/v/tools/n2v/examples/FlowConformal/experiments/exp1_vnncomp_subset/outputs/exp1_acasxu_2023_ours.csv
[acasxu_2023 1/1 t=0s budget=116s] onnx/ACASXU_run2a_5_2_batch_2000.onnx + vnnlib/prop_3.vnnlib
    verdict=UNSAT  wall=40.1s
[run_cell  129/ 186 t= 5741s] idx=128  budget=116s (shell timeout=176s)
[acasxu_2023] running only instance idx=128; appending to /home/sasakis/v/tools/n2v/examples/FlowConformal/experiments/exp1_vnncomp_subset/outputs/exp1_acasxu_2023_ours.csv
[acasxu_2023 1/1 t=0s budget=116s] onnx/ACASXU_run2a_5_3_batch_2000.onnx + vnnlib/prop_3.vnnlib
    verdict=UNSAT  wall=48.4s
[run_cell  130/ 186 t= 5794s] idx=129  budget=116s (shell timeout=176s)
[acasxu_2023] running only instance idx=129; appending to /home/sasakis/v/tools/n2v/examples/FlowConformal/experiments/exp1_vnncomp_subset/outputs/exp1_acasxu_2023_ours.csv
[acasxu_2023 1/1 t=0s budget=116s] onnx/ACASXU_run2a_5_4_batch_2000.onnx + vnnlib/prop_3.vnnlib
    verdict=UNSAT  wall=40.9s
[run_cell  131/ 186 t= 5840s] idx=130  budget=116s (shell timeout=176s)
[acasxu_2023] running only instance idx=130; appending to /home/sasakis/v/tools/n2v/examples/FlowConformal/experiments/exp1_vnncomp_subset/outputs/exp1_acasxu_2023_ours.csv
[acasxu_2023 1/1 t=0s budget=116s] onnx/ACASXU_run2a_5_5_batch_2000.onnx + vnnlib/prop_3.vnnlib
    verdict=UNSAT  wall=41.1s
[run_cell  132/ 186 t= 5886s] idx=131  budget=116s (shell timeout=176s)
[acasxu_2023] running only instance idx=131; appending to /home/sasakis/v/tools/n2v/examples/FlowConformal/experiments/exp1_vnncomp_subset/outputs/exp1_acasxu_2023_ours.csv
[acasxu_2023 1/1 t=0s budget=116s] onnx/ACASXU_run2a_5_6_batch_2000.onnx + vnnlib/prop_3.vnnlib
    verdict=UNSAT  wall=49.2s
[run_cell  133/ 186 t= 5940s] idx=132  budget=116s (shell timeout=176s)
[acasxu_2023] running only instance idx=132; appending to /home/sasakis/v/tools/n2v/examples/FlowConformal/experiments/exp1_vnncomp_subset/outputs/exp1_acasxu_2023_ours.csv
[acasxu_2023 1/1 t=0s budget=116s] onnx/ACASXU_run2a_5_7_batch_2000.onnx + vnnlib/prop_3.vnnlib
    verdict=UNSAT  wall=40.7s
[run_cell  134/ 186 t= 5986s] idx=133  budget=116s (shell timeout=176s)
[acasxu_2023] running only instance idx=133; appending to /home/sasakis/v/tools/n2v/examples/FlowConformal/experiments/exp1_vnncomp_subset/outputs/exp1_acasxu_2023_ours.csv
[acasxu_2023 1/1 t=0s budget=116s] onnx/ACASXU_run2a_5_8_batch_2000.onnx + vnnlib/prop_3.vnnlib
    verdict=UNSAT  wall=43.3s
[run_cell  135/ 186 t= 6034s] idx=134  budget=116s (shell timeout=176s)
[acasxu_2023] running only instance idx=134; appending to /home/sasakis/v/tools/n2v/examples/FlowConformal/experiments/exp1_vnncomp_subset/outputs/exp1_acasxu_2023_ours.csv
[acasxu_2023 1/1 t=0s budget=116s] onnx/ACASXU_run2a_5_9_batch_2000.onnx + vnnlib/prop_3.vnnlib
    verdict=UNSAT  wall=48.3s
[run_cell  136/ 186 t= 6088s] idx=135  budget=116s (shell timeout=176s)
[acasxu_2023] running only instance idx=135; appending to /home/sasakis/v/tools/n2v/examples/FlowConformal/experiments/exp1_vnncomp_subset/outputs/exp1_acasxu_2023_ours.csv
[acasxu_2023 1/1 t=0s budget=116s] onnx/ACASXU_run2a_1_1_batch_2000.onnx + vnnlib/prop_4.vnnlib
    verdict=UNSAT  wall=39.9s
[run_cell  137/ 186 t= 6132s] idx=136  budget=116s (shell timeout=176s)
[acasxu_2023] running only instance idx=136; appending to /home/sasakis/v/tools/n2v/examples/FlowConformal/experiments/exp1_vnncomp_subset/outputs/exp1_acasxu_2023_ours.csv
[acasxu_2023 1/1 t=0s budget=116s] onnx/ACASXU_run2a_1_2_batch_2000.onnx + vnnlib/prop_4.vnnlib
    verdict=UNSAT  wall=49.5s
[run_cell  138/ 186 t= 6187s] idx=137  budget=116s (shell timeout=176s)
[acasxu_2023] running only instance idx=137; appending to /home/sasakis/v/tools/n2v/examples/FlowConformal/experiments/exp1_vnncomp_subset/outputs/exp1_acasxu_2023_ours.csv
[acasxu_2023 1/1 t=0s budget=116s] onnx/ACASXU_run2a_1_3_batch_2000.onnx + vnnlib/prop_4.vnnlib
    verdict=UNSAT  wall=48.5s
[run_cell  139/ 186 t= 6240s] idx=138  budget=116s (shell timeout=176s)
[acasxu_2023] running only instance idx=138; appending to /home/sasakis/v/tools/n2v/examples/FlowConformal/experiments/exp1_vnncomp_subset/outputs/exp1_acasxu_2023_ours.csv
[acasxu_2023 1/1 t=0s budget=116s] onnx/ACASXU_run2a_1_4_batch_2000.onnx + vnnlib/prop_4.vnnlib
    verdict=UNSAT  wall=45.2s
[run_cell  140/ 186 t= 6291s] idx=139  budget=116s (shell timeout=176s)
[acasxu_2023] running only instance idx=139; appending to /home/sasakis/v/tools/n2v/examples/FlowConformal/experiments/exp1_vnncomp_subset/outputs/exp1_acasxu_2023_ours.csv
[acasxu_2023 1/1 t=0s budget=116s] onnx/ACASXU_run2a_1_5_batch_2000.onnx + vnnlib/prop_4.vnnlib
    verdict=UNSAT  wall=41.5s
[run_cell  141/ 186 t= 6337s] idx=140  budget=116s (shell timeout=176s)
[acasxu_2023] running only instance idx=140; appending to /home/sasakis/v/tools/n2v/examples/FlowConformal/experiments/exp1_vnncomp_subset/outputs/exp1_acasxu_2023_ours.csv
[acasxu_2023 1/1 t=0s budget=116s] onnx/ACASXU_run2a_1_6_batch_2000.onnx + vnnlib/prop_4.vnnlib
    verdict=UNSAT  wall=45.8s
[run_cell  142/ 186 t= 6388s] idx=141  budget=116s (shell timeout=176s)
[acasxu_2023] running only instance idx=141; appending to /home/sasakis/v/tools/n2v/examples/FlowConformal/experiments/exp1_vnncomp_subset/outputs/exp1_acasxu_2023_ours.csv
[acasxu_2023 1/1 t=0s budget=116s] onnx/ACASXU_run2a_1_7_batch_2000.onnx + vnnlib/prop_4.vnnlib
    verdict=SAT  wall=2.7s
[run_cell  143/ 186 t= 6395s] idx=142  budget=116s (shell timeout=176s)
[acasxu_2023] running only instance idx=142; appending to /home/sasakis/v/tools/n2v/examples/FlowConformal/experiments/exp1_vnncomp_subset/outputs/exp1_acasxu_2023_ours.csv
[acasxu_2023 1/1 t=0s budget=116s] onnx/ACASXU_run2a_1_8_batch_2000.onnx + vnnlib/prop_4.vnnlib
    verdict=SAT  wall=2.7s
[run_cell  144/ 186 t= 6402s] idx=143  budget=116s (shell timeout=176s)
[acasxu_2023] running only instance idx=143; appending to /home/sasakis/v/tools/n2v/examples/FlowConformal/experiments/exp1_vnncomp_subset/outputs/exp1_acasxu_2023_ours.csv
[acasxu_2023 1/1 t=0s budget=116s] onnx/ACASXU_run2a_1_9_batch_2000.onnx + vnnlib/prop_4.vnnlib
    verdict=SAT  wall=2.4s
[run_cell  145/ 186 t= 6409s] idx=144  budget=116s (shell timeout=176s)
[acasxu_2023] running only instance idx=144; appending to /home/sasakis/v/tools/n2v/examples/FlowConformal/experiments/exp1_vnncomp_subset/outputs/exp1_acasxu_2023_ours.csv
[acasxu_2023 1/1 t=0s budget=116s] onnx/ACASXU_run2a_2_1_batch_2000.onnx + vnnlib/prop_4.vnnlib
    verdict=UNSAT  wall=41.7s
[run_cell  146/ 186 t= 6456s] idx=145  budget=116s (shell timeout=176s)
[acasxu_2023] running only instance idx=145; appending to /home/sasakis/v/tools/n2v/examples/FlowConformal/experiments/exp1_vnncomp_subset/outputs/exp1_acasxu_2023_ours.csv
[acasxu_2023 1/1 t=0s budget=116s] onnx/ACASXU_run2a_2_2_batch_2000.onnx + vnnlib/prop_4.vnnlib
    verdict=UNSAT  wall=41.0s
[run_cell  147/ 186 t= 6502s] idx=146  budget=116s (shell timeout=176s)
[acasxu_2023] running only instance idx=146; appending to /home/sasakis/v/tools/n2v/examples/FlowConformal/experiments/exp1_vnncomp_subset/outputs/exp1_acasxu_2023_ours.csv
[acasxu_2023 1/1 t=0s budget=116s] onnx/ACASXU_run2a_2_3_batch_2000.onnx + vnnlib/prop_4.vnnlib
    verdict=UNSAT  wall=40.9s
[run_cell  148/ 186 t= 6548s] idx=147  budget=116s (shell timeout=176s)
[acasxu_2023] running only instance idx=147; appending to /home/sasakis/v/tools/n2v/examples/FlowConformal/experiments/exp1_vnncomp_subset/outputs/exp1_acasxu_2023_ours.csv
[acasxu_2023 1/1 t=0s budget=116s] onnx/ACASXU_run2a_2_4_batch_2000.onnx + vnnlib/prop_4.vnnlib
    verdict=UNSAT  wall=40.2s
[run_cell  149/ 186 t= 6593s] idx=148  budget=116s (shell timeout=176s)
[acasxu_2023] running only instance idx=148; appending to /home/sasakis/v/tools/n2v/examples/FlowConformal/experiments/exp1_vnncomp_subset/outputs/exp1_acasxu_2023_ours.csv
[acasxu_2023 1/1 t=0s budget=116s] onnx/ACASXU_run2a_2_5_batch_2000.onnx + vnnlib/prop_4.vnnlib
    verdict=UNSAT  wall=51.5s
[run_cell  150/ 186 t= 6650s] idx=149  budget=116s (shell timeout=176s)
[acasxu_2023] running only instance idx=149; appending to /home/sasakis/v/tools/n2v/examples/FlowConformal/experiments/exp1_vnncomp_subset/outputs/exp1_acasxu_2023_ours.csv
[acasxu_2023 1/1 t=0s budget=116s] onnx/ACASXU_run2a_2_6_batch_2000.onnx + vnnlib/prop_4.vnnlib
    verdict=UNSAT  wall=47.4s
[run_cell  151/ 186 t= 6702s] idx=150  budget=116s (shell timeout=176s)
[acasxu_2023] running only instance idx=150; appending to /home/sasakis/v/tools/n2v/examples/FlowConformal/experiments/exp1_vnncomp_subset/outputs/exp1_acasxu_2023_ours.csv
[acasxu_2023 1/1 t=0s budget=116s] onnx/ACASXU_run2a_2_7_batch_2000.onnx + vnnlib/prop_4.vnnlib
    verdict=UNSAT  wall=40.7s
[run_cell  152/ 186 t= 6748s] idx=151  budget=116s (shell timeout=176s)
[acasxu_2023] running only instance idx=151; appending to /home/sasakis/v/tools/n2v/examples/FlowConformal/experiments/exp1_vnncomp_subset/outputs/exp1_acasxu_2023_ours.csv
[acasxu_2023 1/1 t=0s budget=116s] onnx/ACASXU_run2a_2_8_batch_2000.onnx + vnnlib/prop_4.vnnlib
    verdict=UNSAT  wall=46.3s
[run_cell  153/ 186 t= 6799s] idx=152  budget=116s (shell timeout=176s)
[acasxu_2023] running only instance idx=152; appending to /home/sasakis/v/tools/n2v/examples/FlowConformal/experiments/exp1_vnncomp_subset/outputs/exp1_acasxu_2023_ours.csv
[acasxu_2023 1/1 t=0s budget=116s] onnx/ACASXU_run2a_2_9_batch_2000.onnx + vnnlib/prop_4.vnnlib
    verdict=UNSAT  wall=41.6s
[run_cell  154/ 186 t= 6846s] idx=153  budget=116s (shell timeout=176s)
[acasxu_2023] running only instance idx=153; appending to /home/sasakis/v/tools/n2v/examples/FlowConformal/experiments/exp1_vnncomp_subset/outputs/exp1_acasxu_2023_ours.csv
[acasxu_2023 1/1 t=0s budget=116s] onnx/ACASXU_run2a_3_1_batch_2000.onnx + vnnlib/prop_4.vnnlib
    verdict=UNSAT  wall=42.7s
[run_cell  155/ 186 t= 6893s] idx=154  budget=116s (shell timeout=176s)
[acasxu_2023] running only instance idx=154; appending to /home/sasakis/v/tools/n2v/examples/FlowConformal/experiments/exp1_vnncomp_subset/outputs/exp1_acasxu_2023_ours.csv
[acasxu_2023 1/1 t=0s budget=116s] onnx/ACASXU_run2a_3_2_batch_2000.onnx + vnnlib/prop_4.vnnlib
    verdict=UNSAT  wall=41.0s
[run_cell  156/ 186 t= 6939s] idx=155  budget=116s (shell timeout=176s)
[acasxu_2023] running only instance idx=155; appending to /home/sasakis/v/tools/n2v/examples/FlowConformal/experiments/exp1_vnncomp_subset/outputs/exp1_acasxu_2023_ours.csv
[acasxu_2023 1/1 t=0s budget=116s] onnx/ACASXU_run2a_3_3_batch_2000.onnx + vnnlib/prop_4.vnnlib
    verdict=UNSAT  wall=45.4s
[run_cell  157/ 186 t= 6990s] idx=156  budget=116s (shell timeout=176s)
[acasxu_2023] running only instance idx=156; appending to /home/sasakis/v/tools/n2v/examples/FlowConformal/experiments/exp1_vnncomp_subset/outputs/exp1_acasxu_2023_ours.csv
[acasxu_2023 1/1 t=0s budget=116s] onnx/ACASXU_run2a_3_4_batch_2000.onnx + vnnlib/prop_4.vnnlib
    verdict=UNSAT  wall=46.6s
[run_cell  158/ 186 t= 7041s] idx=157  budget=116s (shell timeout=176s)
[acasxu_2023] running only instance idx=157; appending to /home/sasakis/v/tools/n2v/examples/FlowConformal/experiments/exp1_vnncomp_subset/outputs/exp1_acasxu_2023_ours.csv
[acasxu_2023 1/1 t=0s budget=116s] onnx/ACASXU_run2a_3_5_batch_2000.onnx + vnnlib/prop_4.vnnlib
    verdict=UNSAT  wall=45.9s
[run_cell  159/ 186 t= 7092s] idx=158  budget=116s (shell timeout=176s)
[acasxu_2023] running only instance idx=158; appending to /home/sasakis/v/tools/n2v/examples/FlowConformal/experiments/exp1_vnncomp_subset/outputs/exp1_acasxu_2023_ours.csv
[acasxu_2023 1/1 t=0s budget=116s] onnx/ACASXU_run2a_3_6_batch_2000.onnx + vnnlib/prop_4.vnnlib
    verdict=UNSAT  wall=43.8s
[run_cell  160/ 186 t= 7141s] idx=159  budget=116s (shell timeout=176s)
[acasxu_2023] running only instance idx=159; appending to /home/sasakis/v/tools/n2v/examples/FlowConformal/experiments/exp1_vnncomp_subset/outputs/exp1_acasxu_2023_ours.csv
[acasxu_2023 1/1 t=0s budget=116s] onnx/ACASXU_run2a_3_7_batch_2000.onnx + vnnlib/prop_4.vnnlib
    verdict=UNSAT  wall=43.0s
[run_cell  161/ 186 t= 7189s] idx=160  budget=116s (shell timeout=176s)
[acasxu_2023] running only instance idx=160; appending to /home/sasakis/v/tools/n2v/examples/FlowConformal/experiments/exp1_vnncomp_subset/outputs/exp1_acasxu_2023_ours.csv
[acasxu_2023 1/1 t=0s budget=116s] onnx/ACASXU_run2a_3_8_batch_2000.onnx + vnnlib/prop_4.vnnlib
    verdict=UNSAT  wall=46.0s
[run_cell  162/ 186 t= 7240s] idx=161  budget=116s (shell timeout=176s)
[acasxu_2023] running only instance idx=161; appending to /home/sasakis/v/tools/n2v/examples/FlowConformal/experiments/exp1_vnncomp_subset/outputs/exp1_acasxu_2023_ours.csv
[acasxu_2023 1/1 t=0s budget=116s] onnx/ACASXU_run2a_3_9_batch_2000.onnx + vnnlib/prop_4.vnnlib
    verdict=UNSAT  wall=46.7s
[run_cell  163/ 186 t= 7291s] idx=162  budget=116s (shell timeout=176s)
[acasxu_2023] running only instance idx=162; appending to /home/sasakis/v/tools/n2v/examples/FlowConformal/experiments/exp1_vnncomp_subset/outputs/exp1_acasxu_2023_ours.csv
[acasxu_2023 1/1 t=0s budget=116s] onnx/ACASXU_run2a_4_1_batch_2000.onnx + vnnlib/prop_4.vnnlib
    verdict=UNSAT  wall=41.9s
[run_cell  164/ 186 t= 7338s] idx=163  budget=116s (shell timeout=176s)
[acasxu_2023] running only instance idx=163; appending to /home/sasakis/v/tools/n2v/examples/FlowConformal/experiments/exp1_vnncomp_subset/outputs/exp1_acasxu_2023_ours.csv
[acasxu_2023 1/1 t=0s budget=116s] onnx/ACASXU_run2a_4_2_batch_2000.onnx + vnnlib/prop_4.vnnlib
    verdict=UNSAT  wall=46.1s
[run_cell  165/ 186 t= 7389s] idx=164  budget=116s (shell timeout=176s)
[acasxu_2023] running only instance idx=164; appending to /home/sasakis/v/tools/n2v/examples/FlowConformal/experiments/exp1_vnncomp_subset/outputs/exp1_acasxu_2023_ours.csv
[acasxu_2023 1/1 t=0s budget=116s] onnx/ACASXU_run2a_4_3_batch_2000.onnx + vnnlib/prop_4.vnnlib
    verdict=UNSAT  wall=40.0s
[run_cell  166/ 186 t= 7434s] idx=165  budget=116s (shell timeout=176s)
[acasxu_2023] running only instance idx=165; appending to /home/sasakis/v/tools/n2v/examples/FlowConformal/experiments/exp1_vnncomp_subset/outputs/exp1_acasxu_2023_ours.csv
[acasxu_2023 1/1 t=0s budget=116s] onnx/ACASXU_run2a_4_4_batch_2000.onnx + vnnlib/prop_4.vnnlib
    verdict=UNSAT  wall=45.7s
[run_cell  167/ 186 t= 7485s] idx=166  budget=116s (shell timeout=176s)
[acasxu_2023] running only instance idx=166; appending to /home/sasakis/v/tools/n2v/examples/FlowConformal/experiments/exp1_vnncomp_subset/outputs/exp1_acasxu_2023_ours.csv
[acasxu_2023 1/1 t=0s budget=116s] onnx/ACASXU_run2a_4_5_batch_2000.onnx + vnnlib/prop_4.vnnlib
    verdict=UNSAT  wall=40.8s
[run_cell  168/ 186 t= 7531s] idx=167  budget=116s (shell timeout=176s)
[acasxu_2023] running only instance idx=167; appending to /home/sasakis/v/tools/n2v/examples/FlowConformal/experiments/exp1_vnncomp_subset/outputs/exp1_acasxu_2023_ours.csv
[acasxu_2023 1/1 t=0s budget=116s] onnx/ACASXU_run2a_4_6_batch_2000.onnx + vnnlib/prop_4.vnnlib
    verdict=UNSAT  wall=47.3s
[run_cell  169/ 186 t= 7583s] idx=168  budget=116s (shell timeout=176s)
[acasxu_2023] running only instance idx=168; appending to /home/sasakis/v/tools/n2v/examples/FlowConformal/experiments/exp1_vnncomp_subset/outputs/exp1_acasxu_2023_ours.csv
[acasxu_2023 1/1 t=0s budget=116s] onnx/ACASXU_run2a_4_7_batch_2000.onnx + vnnlib/prop_4.vnnlib
    verdict=UNSAT  wall=43.7s
[run_cell  170/ 186 t= 7632s] idx=169  budget=116s (shell timeout=176s)
[acasxu_2023] running only instance idx=169; appending to /home/sasakis/v/tools/n2v/examples/FlowConformal/experiments/exp1_vnncomp_subset/outputs/exp1_acasxu_2023_ours.csv
[acasxu_2023 1/1 t=0s budget=116s] onnx/ACASXU_run2a_4_8_batch_2000.onnx + vnnlib/prop_4.vnnlib
    verdict=UNSAT  wall=41.0s
[run_cell  171/ 186 t= 7678s] idx=170  budget=116s (shell timeout=176s)
[acasxu_2023] running only instance idx=170; appending to /home/sasakis/v/tools/n2v/examples/FlowConformal/experiments/exp1_vnncomp_subset/outputs/exp1_acasxu_2023_ours.csv
[acasxu_2023 1/1 t=0s budget=116s] onnx/ACASXU_run2a_4_9_batch_2000.onnx + vnnlib/prop_4.vnnlib
    verdict=UNSAT  wall=42.3s
[run_cell  172/ 186 t= 7725s] idx=171  budget=116s (shell timeout=176s)
[acasxu_2023] running only instance idx=171; appending to /home/sasakis/v/tools/n2v/examples/FlowConformal/experiments/exp1_vnncomp_subset/outputs/exp1_acasxu_2023_ours.csv
[acasxu_2023 1/1 t=0s budget=116s] onnx/ACASXU_run2a_5_1_batch_2000.onnx + vnnlib/prop_4.vnnlib
    verdict=UNSAT  wall=47.2s
[run_cell  173/ 186 t= 7777s] idx=172  budget=116s (shell timeout=176s)
[acasxu_2023] running only instance idx=172; appending to /home/sasakis/v/tools/n2v/examples/FlowConformal/experiments/exp1_vnncomp_subset/outputs/exp1_acasxu_2023_ours.csv
[acasxu_2023 1/1 t=0s budget=116s] onnx/ACASXU_run2a_5_2_batch_2000.onnx + vnnlib/prop_4.vnnlib
    verdict=UNSAT  wall=49.6s
[run_cell  174/ 186 t= 7832s] idx=173  budget=116s (shell timeout=176s)
[acasxu_2023] running only instance idx=173; appending to /home/sasakis/v/tools/n2v/examples/FlowConformal/experiments/exp1_vnncomp_subset/outputs/exp1_acasxu_2023_ours.csv
[acasxu_2023 1/1 t=0s budget=116s] onnx/ACASXU_run2a_5_3_batch_2000.onnx + vnnlib/prop_4.vnnlib
    verdict=UNSAT  wall=40.6s
[run_cell  175/ 186 t= 7878s] idx=174  budget=116s (shell timeout=176s)
[acasxu_2023] running only instance idx=174; appending to /home/sasakis/v/tools/n2v/examples/FlowConformal/experiments/exp1_vnncomp_subset/outputs/exp1_acasxu_2023_ours.csv
[acasxu_2023 1/1 t=0s budget=116s] onnx/ACASXU_run2a_5_4_batch_2000.onnx + vnnlib/prop_4.vnnlib
    verdict=UNSAT  wall=47.5s
[run_cell  176/ 186 t= 7930s] idx=175  budget=116s (shell timeout=176s)
[acasxu_2023] running only instance idx=175; appending to /home/sasakis/v/tools/n2v/examples/FlowConformal/experiments/exp1_vnncomp_subset/outputs/exp1_acasxu_2023_ours.csv
[acasxu_2023 1/1 t=0s budget=116s] onnx/ACASXU_run2a_5_5_batch_2000.onnx + vnnlib/prop_4.vnnlib
    verdict=UNSAT  wall=43.6s
[run_cell  177/ 186 t= 7979s] idx=176  budget=116s (shell timeout=176s)
[acasxu_2023] running only instance idx=176; appending to /home/sasakis/v/tools/n2v/examples/FlowConformal/experiments/exp1_vnncomp_subset/outputs/exp1_acasxu_2023_ours.csv
[acasxu_2023 1/1 t=0s budget=116s] onnx/ACASXU_run2a_5_6_batch_2000.onnx + vnnlib/prop_4.vnnlib
    verdict=UNSAT  wall=40.1s
[run_cell  178/ 186 t= 8024s] idx=177  budget=116s (shell timeout=176s)
[acasxu_2023] running only instance idx=177; appending to /home/sasakis/v/tools/n2v/examples/FlowConformal/experiments/exp1_vnncomp_subset/outputs/exp1_acasxu_2023_ours.csv
[acasxu_2023 1/1 t=0s budget=116s] onnx/ACASXU_run2a_5_7_batch_2000.onnx + vnnlib/prop_4.vnnlib
    verdict=UNSAT  wall=37.6s
[run_cell  179/ 186 t= 8066s] idx=178  budget=116s (shell timeout=176s)
[acasxu_2023] running only instance idx=178; appending to /home/sasakis/v/tools/n2v/examples/FlowConformal/experiments/exp1_vnncomp_subset/outputs/exp1_acasxu_2023_ours.csv
[acasxu_2023 1/1 t=0s budget=116s] onnx/ACASXU_run2a_5_8_batch_2000.onnx + vnnlib/prop_4.vnnlib
    verdict=UNSAT  wall=41.2s
[run_cell  180/ 186 t= 8112s] idx=179  budget=116s (shell timeout=176s)
[acasxu_2023] running only instance idx=179; appending to /home/sasakis/v/tools/n2v/examples/FlowConformal/experiments/exp1_vnncomp_subset/outputs/exp1_acasxu_2023_ours.csv
[acasxu_2023 1/1 t=0s budget=116s] onnx/ACASXU_run2a_5_9_batch_2000.onnx + vnnlib/prop_4.vnnlib
    verdict=UNSAT  wall=43.1s
[run_cell  181/ 186 t= 8160s] idx=180  budget=116s (shell timeout=176s)
[acasxu_2023] running only instance idx=180; appending to /home/sasakis/v/tools/n2v/examples/FlowConformal/experiments/exp1_vnncomp_subset/outputs/exp1_acasxu_2023_ours.csv
[acasxu_2023 1/1 t=0s budget=116s] onnx/ACASXU_run2a_1_1_batch_2000.onnx + vnnlib/prop_5.vnnlib
    verdict=UNKNOWN  wall=44.8s
[run_cell  182/ 186 t= 8210s] idx=181  budget=116s (shell timeout=176s)
[acasxu_2023] running only instance idx=181; appending to /home/sasakis/v/tools/n2v/examples/FlowConformal/experiments/exp1_vnncomp_subset/outputs/exp1_acasxu_2023_ours.csv
[acasxu_2023 1/1 t=0s budget=116s] onnx/ACASXU_run2a_1_1_batch_2000.onnx + vnnlib/prop_6.vnnlib
    verdict=UNSAT  wall=166.5s
[run_cell  183/ 186 t= 8382s] idx=182  budget=116s (shell timeout=176s)
[acasxu_2023] running only instance idx=182; appending to /home/sasakis/v/tools/n2v/examples/FlowConformal/experiments/exp1_vnncomp_subset/outputs/exp1_acasxu_2023_ours.csv
[acasxu_2023 1/1 t=0s budget=116s] onnx/ACASXU_run2a_1_9_batch_2000.onnx + vnnlib/prop_7.vnnlib
    verdict=UNKNOWN  wall=37.0s
[run_cell  184/ 186 t= 8424s] idx=183  budget=116s (shell timeout=176s)
[acasxu_2023] running only instance idx=183; appending to /home/sasakis/v/tools/n2v/examples/FlowConformal/experiments/exp1_vnncomp_subset/outputs/exp1_acasxu_2023_ours.csv
[acasxu_2023 1/1 t=0s budget=116s] onnx/ACASXU_run2a_2_9_batch_2000.onnx + vnnlib/prop_8.vnnlib
    verdict=UNKNOWN  wall=52.9s
[run_cell  185/ 186 t= 8482s] idx=184  budget=116s (shell timeout=176s)
[acasxu_2023] running only instance idx=184; appending to /home/sasakis/v/tools/n2v/examples/FlowConformal/experiments/exp1_vnncomp_subset/outputs/exp1_acasxu_2023_ours.csv
[acasxu_2023 1/1 t=0s budget=116s] onnx/ACASXU_run2a_3_3_batch_2000.onnx + vnnlib/prop_9.vnnlib
    verdict=UNKNOWN  wall=37.8s
[run_cell  186/ 186 t= 8525s] idx=185  budget=116s (shell timeout=176s)
[acasxu_2023] running only instance idx=185; appending to /home/sasakis/v/tools/n2v/examples/FlowConformal/experiments/exp1_vnncomp_subset/outputs/exp1_acasxu_2023_ours.csv
[acasxu_2023 1/1 t=0s budget=116s] onnx/ACASXU_run2a_4_5_batch_2000.onnx + vnnlib/prop_10.vnnlib
    verdict=UNSAT  wall=91.6s
[run_cell] complete. shell-killed timeouts and exits noted above; CSV row counts in the output file.

[2026-05-01T21:16:56-05:00] === END:   exp1_acasxu_2023_ours (rc=0) ===
