nohup: ignoring input
[probe] benchmarks: ['safenlp_2024', 'tllverify_2023', 'linearizenn_2024', 'dist_shift_2023', 'acasxu_2023']
[probe] base ours: n_train=10000 flow_epochs=2000
[probe] scenario_n_samples sweep: [2000, 4000, 8000, 16000, 32000]
[probe] N inst/cell: 3
[probe] output CSV:  examples/FlowConformal/probes/outputs/probe_amls_budget.csv

[probe] === benchmark: safenlp_2024 === (elapsed=0.0min)
[probe]   3 instances; budgets: [20, 20, 20]; gt-verifiers: ['alpha_beta_crown', 'neuralsat', 'pyrat', 'nnenum', 'nnv']
[probe] [safenlp_2024 ours amls_N=2000] inst 1/3 perturbations_0.onnx+hyperrectangle_418.vnnlib budget=20s gt=sat
[probe]    verdict=TIMEOUT wall=20.0s cov=
[probe] [safenlp_2024 ours amls_N=2000] inst 2 perturbations_0.onnx+hyperrectangle_992.vnnlib  -> SKIPPED
[probe] [safenlp_2024 ours amls_N=2000] inst 3 perturbations_0.onnx+hyperrectangle_132.vnnlib  -> SKIPPED
[probe] [safenlp_2024 ours amls_N=4000] inst 1/3 perturbations_0.onnx+hyperrectangle_418.vnnlib budget=20s gt=sat
[probe]    verdict=TIMEOUT wall=20.0s cov=
[probe] [safenlp_2024 ours amls_N=4000] inst 2 perturbations_0.onnx+hyperrectangle_992.vnnlib  -> SKIPPED
[probe] [safenlp_2024 ours amls_N=4000] inst 3 perturbations_0.onnx+hyperrectangle_132.vnnlib  -> SKIPPED
[probe] [safenlp_2024 ours amls_N=8000] inst 1/3 perturbations_0.onnx+hyperrectangle_418.vnnlib budget=20s gt=sat
[probe]    verdict=TIMEOUT wall=20.0s cov=
[probe] [safenlp_2024 ours amls_N=8000] inst 2 perturbations_0.onnx+hyperrectangle_992.vnnlib  -> SKIPPED
[probe] [safenlp_2024 ours amls_N=8000] inst 3 perturbations_0.onnx+hyperrectangle_132.vnnlib  -> SKIPPED
[probe] [safenlp_2024 ours amls_N=16000] inst 1/3 perturbations_0.onnx+hyperrectangle_418.vnnlib budget=20s gt=sat
[probe]    verdict=TIMEOUT wall=20.0s cov=
[probe] [safenlp_2024 ours amls_N=16000] inst 2 perturbations_0.onnx+hyperrectangle_992.vnnlib  -> SKIPPED
[probe] [safenlp_2024 ours amls_N=16000] inst 3 perturbations_0.onnx+hyperrectangle_132.vnnlib  -> SKIPPED
[probe] [safenlp_2024 ours amls_N=32000] inst 1/3 perturbations_0.onnx+hyperrectangle_418.vnnlib budget=20s gt=sat
[probe]    verdict=TIMEOUT wall=20.0s cov=
[probe] [safenlp_2024 ours amls_N=32000] inst 2 perturbations_0.onnx+hyperrectangle_992.vnnlib  -> SKIPPED
[probe] [safenlp_2024 ours amls_N=32000] inst 3 perturbations_0.onnx+hyperrectangle_132.vnnlib  -> SKIPPED

[probe] === benchmark: tllverify_2023 === (elapsed=1.7min)
[probe]   3 instances; budgets: [600, 600, 600]; gt-verifiers: ['alpha_beta_crown', 'neuralsat', 'pyrat', 'nnenum', 'nnv']
[probe] [tllverify_2023 ours amls_N=2000] inst 1/3 tllBench_n=2_N=M=8_m=1_instance_0_0.onnx+property_N=8_0.vnnlib budget=600s gt=unsat
[probe]    verdict=UNSAT [ok] wall=61.6s cov=1.0000
[probe] [tllverify_2023 ours amls_N=2000] inst 2/3 tllBench_n=2_N=M=8_m=1_instance_0_1.onnx+property_N=8_1.vnnlib budget=600s gt=unsat
[probe]    verdict=UNKNOWN wall=52.4s cov=1.0000
[probe] [tllverify_2023 ours amls_N=2000] inst 3/3 tllBench_n=2_N=M=8_m=1_instance_0_2.onnx+property_N=8_2.vnnlib budget=600s gt=unsat
[probe]    verdict=UNKNOWN wall=55.7s cov=0.9995
[probe] [tllverify_2023 ours amls_N=4000] inst 1/3 tllBench_n=2_N=M=8_m=1_instance_0_0.onnx+property_N=8_0.vnnlib budget=600s gt=unsat
[probe]    verdict=UNSAT [ok] wall=61.3s cov=1.0000
[probe] [tllverify_2023 ours amls_N=4000] inst 2/3 tllBench_n=2_N=M=8_m=1_instance_0_1.onnx+property_N=8_1.vnnlib budget=600s gt=unsat
[probe]    verdict=UNKNOWN wall=54.9s cov=1.0000
[probe] [tllverify_2023 ours amls_N=4000] inst 3/3 tllBench_n=2_N=M=8_m=1_instance_0_2.onnx+property_N=8_2.vnnlib budget=600s gt=unsat
[probe]    verdict=UNKNOWN wall=54.8s cov=0.9995
[probe] [tllverify_2023 ours amls_N=8000] inst 1/3 tllBench_n=2_N=M=8_m=1_instance_0_0.onnx+property_N=8_0.vnnlib budget=600s gt=unsat
[probe]    verdict=UNSAT [ok] wall=61.5s cov=1.0000
[probe] [tllverify_2023 ours amls_N=8000] inst 2/3 tllBench_n=2_N=M=8_m=1_instance_0_1.onnx+property_N=8_1.vnnlib budget=600s gt=unsat
[probe]    verdict=UNKNOWN wall=53.0s cov=1.0000
[probe] [tllverify_2023 ours amls_N=8000] inst 3/3 tllBench_n=2_N=M=8_m=1_instance_0_2.onnx+property_N=8_2.vnnlib budget=600s gt=unsat
[probe]    verdict=UNKNOWN wall=53.5s cov=0.9995
[probe] [tllverify_2023 ours amls_N=16000] inst 1/3 tllBench_n=2_N=M=8_m=1_instance_0_0.onnx+property_N=8_0.vnnlib budget=600s gt=unsat
[probe]    verdict=UNSAT [ok] wall=68.8s cov=1.0000
[probe] [tllverify_2023 ours amls_N=16000] inst 2/3 tllBench_n=2_N=M=8_m=1_instance_0_1.onnx+property_N=8_1.vnnlib budget=600s gt=unsat
[probe]    verdict=UNKNOWN wall=54.5s cov=1.0000
[probe] [tllverify_2023 ours amls_N=16000] inst 3/3 tllBench_n=2_N=M=8_m=1_instance_0_2.onnx+property_N=8_2.vnnlib budget=600s gt=unsat
[probe]    verdict=UNKNOWN wall=54.9s cov=1.0000
[probe] [tllverify_2023 ours amls_N=32000] inst 1/3 tllBench_n=2_N=M=8_m=1_instance_0_0.onnx+property_N=8_0.vnnlib budget=600s gt=unsat
[probe]    verdict=UNSAT [ok] wall=79.1s cov=1.0000
[probe] [tllverify_2023 ours amls_N=32000] inst 2/3 tllBench_n=2_N=M=8_m=1_instance_0_1.onnx+property_N=8_1.vnnlib budget=600s gt=unsat
[probe]    verdict=UNKNOWN wall=62.8s cov=0.9995
[probe] [tllverify_2023 ours amls_N=32000] inst 3/3 tllBench_n=2_N=M=8_m=1_instance_0_2.onnx+property_N=8_2.vnnlib budget=600s gt=unsat
[probe]    verdict=UNKNOWN wall=56.9s cov=1.0000

[probe] === benchmark: linearizenn_2024 === (elapsed=16.5min)
[probe]   3 instances; budgets: [900, 900, 900]; gt-verifiers: ['alpha_beta_crown', 'neuralsat', 'pyrat', 'nnenum', 'nnv']
[probe] [linearizenn_2024 ours amls_N=2000] inst 1/3 AllInOne_10_10.onnx+prop_10_10.vnnlib budget=900s gt=sat
/home/sasakis/v/tools/n2v/third_party/onnx2torch/onnx2torch/node_converters/slice.py:67: UserWarning: Using a non-tuple sequence for multidimensional indexing is deprecated and will be changed in pytorch 2.9; use x[tuple(seq)] instead of x[seq]. In pytorch 2.9 this will be interpreted as tensor index, x[torch.tensor(seq)], which will result either in an error or a different result (Triggered internally at /pytorch/torch/csrc/autograd/python_variable_indexing.cpp:306.)
  x = x[pos_axes_slices]
[probe]    verdict=UNKNOWN wall=61.6s cov=1.0000
[probe] [linearizenn_2024 ours amls_N=2000] inst 2/3 AllInOne_10_10.onnx+prop_10_10_0.vnnlib budget=900s gt=unsat
[probe]    verdict=UNSAT [ok] wall=72.3s cov=1.0000
[probe] [linearizenn_2024 ours amls_N=2000] inst 3/3 AllInOne_10_10.onnx+prop_10_10_1.vnnlib budget=900s gt=unsat
[probe]    verdict=UNSAT [ok] wall=72.3s cov=0.9995
[probe] [linearizenn_2024 ours amls_N=4000] inst 1/3 AllInOne_10_10.onnx+prop_10_10.vnnlib budget=900s gt=sat
[probe]    verdict=UNKNOWN wall=62.5s cov=0.9995
[probe] [linearizenn_2024 ours amls_N=4000] inst 2/3 AllInOne_10_10.onnx+prop_10_10_0.vnnlib budget=900s gt=unsat
[probe]    verdict=UNSAT [ok] wall=72.5s cov=1.0000
[probe] [linearizenn_2024 ours amls_N=4000] inst 3/3 AllInOne_10_10.onnx+prop_10_10_1.vnnlib budget=900s gt=unsat
[probe]    verdict=UNSAT [ok] wall=72.6s cov=1.0000
[probe] [linearizenn_2024 ours amls_N=8000] inst 1/3 AllInOne_10_10.onnx+prop_10_10.vnnlib budget=900s gt=sat
[probe]    verdict=UNKNOWN wall=62.5s cov=0.9995
[probe] [linearizenn_2024 ours amls_N=8000] inst 2/3 AllInOne_10_10.onnx+prop_10_10_0.vnnlib budget=900s gt=unsat
[probe]    verdict=UNSAT [ok] wall=72.5s cov=0.9995
[probe] [linearizenn_2024 ours amls_N=8000] inst 3/3 AllInOne_10_10.onnx+prop_10_10_1.vnnlib budget=900s gt=unsat
[probe]    verdict=UNSAT [ok] wall=72.5s cov=1.0000
[probe] [linearizenn_2024 ours amls_N=16000] inst 1/3 AllInOne_10_10.onnx+prop_10_10.vnnlib budget=900s gt=sat
[probe]    verdict=UNKNOWN wall=65.4s cov=1.0000
[probe] [linearizenn_2024 ours amls_N=16000] inst 2/3 AllInOne_10_10.onnx+prop_10_10_0.vnnlib budget=900s gt=unsat
[probe]    verdict=UNSAT [ok] wall=80.7s cov=0.9995
[probe] [linearizenn_2024 ours amls_N=16000] inst 3/3 AllInOne_10_10.onnx+prop_10_10_1.vnnlib budget=900s gt=unsat
[probe]    verdict=UNSAT [ok] wall=80.6s cov=1.0000
[probe] [linearizenn_2024 ours amls_N=32000] inst 1/3 AllInOne_10_10.onnx+prop_10_10.vnnlib budget=900s gt=sat
[probe]    verdict=UNKNOWN wall=75.0s cov=1.0000
[probe] [linearizenn_2024 ours amls_N=32000] inst 2/3 AllInOne_10_10.onnx+prop_10_10_0.vnnlib budget=900s gt=unsat
[probe]    verdict=UNSAT [ok] wall=99.8s cov=1.0000
[probe] [linearizenn_2024 ours amls_N=32000] inst 3/3 AllInOne_10_10.onnx+prop_10_10_1.vnnlib budget=900s gt=unsat
[probe]    verdict=UNSAT [ok] wall=101.0s cov=1.0000

[probe] === benchmark: dist_shift_2023 === (elapsed=35.2min)
[probe]   3 instances; budgets: [300, 300, 300]; gt-verifiers: ['alpha_beta_crown', 'neuralsat', 'pyrat', 'nnv']
[probe] [dist_shift_2023 ours amls_N=2000] inst 1/3 mnist_concat.onnx+index7901_delta0.13.vnnlib budget=300s gt=unsat
[probe]    verdict=UNSAT [ok] wall=62.5s cov=1.0000
[probe] [dist_shift_2023 ours amls_N=2000] inst 2/3 mnist_concat.onnx+index6323_delta0.13.vnnlib budget=300s gt=unsat
[probe]    verdict=UNSAT [ok] wall=66.5s cov=0.9990
[probe] [dist_shift_2023 ours amls_N=2000] inst 3/3 mnist_concat.onnx+index7027_delta0.13.vnnlib budget=300s gt=unsat
[probe]    verdict=UNSAT [ok] wall=65.6s cov=0.9995
[probe] [dist_shift_2023 ours amls_N=4000] inst 1/3 mnist_concat.onnx+index7901_delta0.13.vnnlib budget=300s gt=unsat
[probe]    verdict=UNSAT [ok] wall=61.3s cov=0.9995
[probe] [dist_shift_2023 ours amls_N=4000] inst 2/3 mnist_concat.onnx+index6323_delta0.13.vnnlib budget=300s gt=unsat
[probe]    verdict=UNSAT [ok] wall=96.6s cov=0.9995
[probe] [dist_shift_2023 ours amls_N=4000] inst 3/3 mnist_concat.onnx+index7027_delta0.13.vnnlib budget=300s gt=unsat
[probe]    verdict=UNSAT [ok] wall=132.0s cov=1.0000
[probe] [dist_shift_2023 ours amls_N=8000] inst 1/3 mnist_concat.onnx+index7901_delta0.13.vnnlib budget=300s gt=unsat
[probe]    verdict=UNSAT [ok] wall=61.3s cov=1.0000
[probe] [dist_shift_2023 ours amls_N=8000] inst 2/3 mnist_concat.onnx+index6323_delta0.13.vnnlib budget=300s gt=unsat
[probe]    verdict=UNSAT [ok] wall=122.7s cov=0.9995
[probe] [dist_shift_2023 ours amls_N=8000] inst 3/3 mnist_concat.onnx+index7027_delta0.13.vnnlib budget=300s gt=unsat
[probe]    verdict=UNSAT [ok] wall=61.2s cov=1.0000
[probe] [dist_shift_2023 ours amls_N=16000] inst 1/3 mnist_concat.onnx+index7901_delta0.13.vnnlib budget=300s gt=unsat
[probe]    verdict=UNSAT [ok] wall=65.4s cov=1.0000
[probe] [dist_shift_2023 ours amls_N=16000] inst 2/3 mnist_concat.onnx+index6323_delta0.13.vnnlib budget=300s gt=unsat
[probe]    verdict=UNSAT [ok] wall=120.9s cov=0.9990
[probe] [dist_shift_2023 ours amls_N=16000] inst 3/3 mnist_concat.onnx+index7027_delta0.13.vnnlib budget=300s gt=unsat
[probe]    verdict=UNSAT [ok] wall=131.6s cov=1.0000
[probe] [dist_shift_2023 ours amls_N=32000] inst 1/3 mnist_concat.onnx+index7901_delta0.13.vnnlib budget=300s gt=unsat
[probe]    verdict=UNSAT [ok] wall=75.6s cov=0.9995
[probe] [dist_shift_2023 ours amls_N=32000] inst 2/3 mnist_concat.onnx+index6323_delta0.13.vnnlib budget=300s gt=unsat
[probe]    verdict=UNSAT [ok] wall=75.6s cov=0.9995
[probe] [dist_shift_2023 ours amls_N=32000] inst 3/3 mnist_concat.onnx+index7027_delta0.13.vnnlib budget=300s gt=unsat
[probe]    verdict=UNSAT [ok] wall=75.6s cov=1.0000

[probe] === benchmark: acasxu_2023 === (elapsed=56.5min)
[probe]   3 instances; budgets: [116, 116, 116]; gt-verifiers: ['alpha_beta_crown', 'neuralsat', 'pyrat', 'nnenum', 'nnv']
[probe] [acasxu_2023 ours amls_N=2000] inst 1/3 ACASXU_run2a_1_1_batch_2000.onnx+prop_1.vnnlib budget=116s gt=unsat
[probe]    verdict=UNSAT [ok] wall=65.6s cov=1.0000
[probe] [acasxu_2023 ours amls_N=2000] inst 2/3 ACASXU_run2a_1_2_batch_2000.onnx+prop_1.vnnlib budget=116s gt=unsat
[probe]    verdict=UNSAT [ok] wall=65.6s cov=1.0000
[probe] [acasxu_2023 ours amls_N=2000] inst 3/3 ACASXU_run2a_1_3_batch_2000.onnx+prop_1.vnnlib budget=116s gt=unsat
[probe]    verdict=UNSAT [ok] wall=68.8s cov=0.9995
[probe] [acasxu_2023 ours amls_N=4000] inst 1/3 ACASXU_run2a_1_1_batch_2000.onnx+prop_1.vnnlib budget=116s gt=unsat
[probe]    verdict=UNSAT [ok] wall=72.8s cov=0.9990
[probe] [acasxu_2023 ours amls_N=4000] inst 2/3 ACASXU_run2a_1_2_batch_2000.onnx+prop_1.vnnlib budget=116s gt=unsat
[probe]    verdict=UNSAT [ok] wall=69.0s cov=1.0000
[probe] [acasxu_2023 ours amls_N=4000] inst 3/3 ACASXU_run2a_1_3_batch_2000.onnx+prop_1.vnnlib budget=116s gt=unsat
[probe]    verdict=UNSAT [ok] wall=65.7s cov=1.0000
[probe] [acasxu_2023 ours amls_N=8000] inst 1/3 ACASXU_run2a_1_1_batch_2000.onnx+prop_1.vnnlib budget=116s gt=unsat
[probe]    verdict=UNSAT [ok] wall=65.7s cov=0.9990
[probe] [acasxu_2023 ours amls_N=8000] inst 2/3 ACASXU_run2a_1_2_batch_2000.onnx+prop_1.vnnlib budget=116s gt=unsat
[probe]    verdict=UNSAT [ok] wall=65.8s cov=0.9990
[probe] [acasxu_2023 ours amls_N=8000] inst 3/3 ACASXU_run2a_1_3_batch_2000.onnx+prop_1.vnnlib budget=116s gt=unsat
[probe]    verdict=UNSAT [ok] wall=65.8s cov=0.9995
[probe] [acasxu_2023 ours amls_N=16000] inst 1/3 ACASXU_run2a_1_1_batch_2000.onnx+prop_1.vnnlib budget=116s gt=unsat
[probe]    verdict=UNSAT [ok] wall=69.8s cov=1.0000
[probe] [acasxu_2023 ours amls_N=16000] inst 2/3 ACASXU_run2a_1_2_batch_2000.onnx+prop_1.vnnlib budget=116s gt=unsat
[probe]    verdict=UNSAT [ok] wall=70.1s cov=0.9995
[probe] [acasxu_2023 ours amls_N=16000] inst 3/3 ACASXU_run2a_1_3_batch_2000.onnx+prop_1.vnnlib budget=116s gt=unsat
[probe]    verdict=UNSAT [ok] wall=70.1s cov=1.0000
[probe] [acasxu_2023 ours amls_N=32000] inst 1/3 ACASXU_run2a_1_1_batch_2000.onnx+prop_1.vnnlib budget=116s gt=unsat
[probe]    verdict=UNSAT [ok] wall=79.7s cov=0.9990
[probe] [acasxu_2023 ours amls_N=32000] inst 2/3 ACASXU_run2a_1_2_batch_2000.onnx+prop_1.vnnlib budget=116s gt=unsat
[probe]    verdict=UNSAT [ok] wall=79.7s cov=0.9995
[probe] [acasxu_2023 ours amls_N=32000] inst 3/3 ACASXU_run2a_1_3_batch_2000.onnx+prop_1.vnnlib budget=116s gt=unsat
[probe]    verdict=UNSAT [ok] wall=79.9s cov=1.0000

[probe] === amls-budget probe complete in 74.0 min ===
[probe] wrote examples/FlowConformal/probes/outputs/probe_amls_budget.csv
