Probing Exp 1: ['acasxu_2023', 'collins_rul_cnn_2022', 'dist_shift_2023', 'linearizenn_2024', 'tllverify_2023', 'malbeware', 'metaroom_2023']
Probing Exp 2: ['vit_2023', 'tinyimagenet_2024', 'cifar100_2024']  (cifar10_resnet110 has no consensus; inherits from cifar100_2024)
Budgets: [(3, 25), (5, 50), (10, 100), (20, 200)], K=3 SAT instances per benchmark
Output CSV: /home/sasakis/v/tools/n2v/examples/FlowConformal/probes/outputs/probe_falsifier_budget.csv


=== exp1: acasxu_2023 ===
  [idx=46] ACASXU_run2a_1_2_batch_2000.onnx + prop_2.vnnlib
    ( 3,  25): sat=False  wall=0.42s
    ( 5,  50): sat=False  wall=0.71s
    (10, 100): sat=False  wall=2.87s
    (20, 200): sat=False  wall=10.11s
  [idx=47] ACASXU_run2a_1_3_batch_2000.onnx + prop_2.vnnlib
    ( 3,  25): sat=False  wall=0.19s
    ( 5,  50): sat=False  wall=0.67s
    (10, 100): sat=False  wall=3.11s
    (20, 200): sat=False  wall=11.85s
  [idx=48] ACASXU_run2a_1_4_batch_2000.onnx + prop_2.vnnlib
    ( 3,  25): sat=False  wall=0.28s
    ( 5,  50): sat=False  wall=0.97s
    (10, 100): sat=False  wall=3.95s
    (20, 200): sat=False  wall=15.00s

=== exp1: collins_rul_cnn_2022 ===
  [idx=0] NN_rul_small_window_20.onnx + robustness_2perturbations_delta5_epsilon10_w20.vnnlib
    ( 3,  25): sat=True  wall=0.21s
  [idx=4] NN_rul_small_window_20.onnx + robustness_4perturbations_delta5_epsilon10_w20.vnnlib
    ( 3,  25): sat=True  wall=0.00s
  [idx=5] NN_rul_small_window_20.onnx + robustness_4perturbations_delta10_epsilon10_w20.vnnlib
    ( 3,  25): sat=True  wall=0.00s

=== exp1: dist_shift_2023 ===
  [idx=15] mnist_concat.onnx + index4739_delta0.13.vnnlib
    ( 3,  25): sat=True  wall=0.08s
  [idx=20] mnist_concat.onnx + index1282_delta0.13.vnnlib
    ( 3,  25): sat=True  wall=0.02s
  [idx=23] mnist_concat.onnx + index1285_delta0.13.vnnlib
    ( 3,  25): sat=False  wall=0.30s
    ( 5,  50): sat=True  wall=0.85s

=== exp1: linearizenn_2024 ===
  [idx=0] AllInOne_10_10.onnx + prop_10_10.vnnlib
/home/sasakis/v/tools/n2v/third_party/onnx2torch/onnx2torch/node_converters/slice.py:67: UserWarning: Using a non-tuple sequence for multidimensional indexing is deprecated and will be changed in pytorch 2.9; use x[tuple(seq)] instead of x[seq]. In pytorch 2.9 this will be interpreted as tensor index, x[torch.tensor(seq)], which will result either in an error or a different result (Triggered internally at /pytorch/torch/csrc/autograd/python_variable_indexing.cpp:306.)
  x = x[pos_axes_slices]
    ( 3,  25): sat=True  wall=0.39s

=== exp1: tllverify_2023 ===
  [idx=3] tllBench_n=2_N=M=8_m=1_instance_0_3.onnx + property_N=8_3.vnnlib
    ( 3,  25): sat=True  wall=0.00s
  [idx=5] tllBench_n=2_N=M=16_m=1_instance_1_1.onnx + property_N=16_1.vnnlib
    ( 3,  25): sat=True  wall=0.00s
  [idx=10] tllBench_n=2_N=M=24_m=1_instance_2_2.onnx + property_N=24_2.vnnlib
    ( 3,  25): sat=True  wall=0.05s

=== exp1: malbeware ===
  [idx=21] malware_malimg_family_scaled_linear-25.onnx + malbeware_family-Swizzor.gen!E_label-20_eps-3_idx-100.vnnlib
    ( 3,  25): sat=True  wall=0.00s
  [idx=56] malware_malimg_family_scaled_4-25.onnx + malbeware_family-Alueron.gen!J_label-4_eps-3_idx-21.vnnlib
    ( 3,  25): sat=True  wall=0.14s
  [idx=59] malware_malimg_family_scaled_4-25.onnx + malbeware_family-Swizzor.gen!E_label-20_eps-3_idx-102.vnnlib
    ( 3,  25): sat=True  wall=0.02s

=== exp1: metaroom_2023 ===
  [idx=14] 6cnn_ry_93_15_no_custom_OP.onnx + spec_idx_148_eps_0.00000436.vnnlib
    ( 3,  25): sat=False  wall=0.35s
    ( 5,  50): sat=False  wall=1.17s
    (10, 100): sat=False  wall=5.29s
    (20, 200): sat=False  wall=34.29s
  [idx=26] 6cnn_ry_57_9_no_custom_OP.onnx + spec_idx_129_eps_0.00000436.vnnlib
    ( 3,  25): sat=False  wall=0.39s
    ( 5,  50): sat=False  wall=1.97s
    (10, 100): sat=False  wall=8.54s
    (20, 200): sat=False  wall=34.26s
  [idx=35] 4cnn_ry_99_16_no_custom_OP.onnx + spec_idx_43_eps_0.00000436.vnnlib
    ( 3,  25): sat=True  wall=0.05s

=== exp2: vit_2023 ===
  no SAT-by-consensus instances; skipping

=== exp2: tinyimagenet_2024 ===
  [idx=1] TinyImageNet_resnet_medium.onnx + TinyImageNet_resnet_medium_prop_idx_6827_sidx_2613_eps_0.0039.vnnlib
    ( 3,  25): sat=True  wall=0.25s
  [idx=3] TinyImageNet_resnet_medium.onnx + TinyImageNet_resnet_medium_prop_idx_9558_sidx_6082_eps_0.0039.vnnlib
    ( 3,  25): sat=True  wall=0.20s
  [idx=6] TinyImageNet_resnet_medium.onnx + TinyImageNet_resnet_medium_prop_idx_9262_sidx_880_eps_0.0039.vnnlib
    ( 3,  25): sat=True  wall=0.03s

=== exp2: cifar100_2024 ===
  [idx=2] CIFAR100_resnet_medium.onnx + CIFAR100_resnet_medium_prop_idx_6232_sidx_3020_eps_0.0039.vnnlib
    ( 3,  25): sat=True  wall=0.37s
  [idx=11] CIFAR100_resnet_medium.onnx + CIFAR100_resnet_medium_prop_idx_4752_sidx_1800_eps_0.0039.vnnlib
    ( 3,  25): sat=False  wall=1.78s
    ( 5,  50): sat=False  wall=5.94s
    (10, 100): sat=False  wall=23.82s
    (20, 200): sat=False  wall=95.73s
  [idx=26] CIFAR100_resnet_medium.onnx + CIFAR100_resnet_medium_prop_idx_6573_sidx_5525_eps_0.0039.vnnlib
    ( 3,  25): sat=True  wall=0.09s


=== Per-benchmark budget recommendations ===

acasxu_2023                no SAT found at any budget — recommend (20, 200)
cifar100_2024              recommend (n_restarts= 3, n_steps= 25)  covers 2 SAT inst, avg wall 0.2s
collins_rul_cnn_2022       recommend (n_restarts= 3, n_steps= 25)  covers 3 SAT inst, avg wall 0.1s
dist_shift_2023            recommend (n_restarts= 5, n_steps= 50)  covers 3 SAT inst, avg wall 0.3s
linearizenn_2024           recommend (n_restarts= 3, n_steps= 25)  covers 1 SAT inst, avg wall 0.4s
malbeware                  recommend (n_restarts= 3, n_steps= 25)  covers 3 SAT inst, avg wall 0.1s
metaroom_2023              recommend (n_restarts= 3, n_steps= 25)  covers 1 SAT inst, avg wall 0.1s
tinyimagenet_2024          recommend (n_restarts= 3, n_steps= 25)  covers 3 SAT inst, avg wall 0.2s
tllverify_2023             recommend (n_restarts= 3, n_steps= 25)  covers 3 SAT inst, avg wall 0.0s
