[probe] benchmarks: ['vit_2023', 'cifar100_2024', 'malbeware', 'metaroom_2023']
[probe] N inst/cell: 5
[probe] verification (default): amls_bounded
[probe] verification overrides: {'malbeware': 'amls_bounded_union', 'metaroom_2023': 'amls_bounded_union', 'cifar100_2024': 'amls_bounded_union'}
[probe] output CSV:  examples/FlowConformal/probes/outputs/probe_amls_bounded_lock_overnight.csv

[probe] === benchmark: vit_2023 === (elapsed=0.0min)
  5 instances; budgets: [100, 100, 100, 100, 100]
  ground-truth verifiers: ['alpha_beta_crown', 'neuralsat', 'pyrat', 'nnv']

  trying config micro: n_train=200, flow_epochs=300, scenario_n_samples=100
    [micro] inst 1/5 pgd_2_3_16.onnx+pgd_2_3_16_2446.vnnlib budget=100s gt=unsat
/home/sasakis/v/tools/n2v/third_party/onnx2torch/onnx2torch/node_converters/slice.py:67: UserWarning: Using a non-tuple sequence for multidimensional indexing is deprecated and will be changed in pytorch 2.9; use x[tuple(seq)] instead of x[seq]. In pytorch 2.9 this will be interpreted as tensor index, x[torch.tensor(seq)], which will result either in an error or a different result (Triggered internally at /pytorch/torch/csrc/autograd/python_variable_indexing.cpp:306.)
  x = x[pos_axes_slices]
        verdict=UNSAT  flag=ok  wall=22.5s
    [micro] inst 2/5 pgd_2_3_16.onnx+pgd_2_3_16_4509.vnnlib budget=100s gt=unknown
        verdict=UNSAT  flag=no_gt  wall=19.1s
    [micro] inst 3/5 pgd_2_3_16.onnx+pgd_2_3_16_6246.vnnlib budget=100s gt=unsat
        verdict=UNSAT  flag=ok  wall=19.0s
    [micro] inst 4/5 pgd_2_3_16.onnx+pgd_2_3_16_2043.vnnlib budget=100s gt=unsat
        verdict=UNSAT  flag=ok  wall=19.0s
    [micro] inst 5/5 pgd_2_3_16.onnx+pgd_2_3_16_2203.vnnlib budget=100s gt=unknown
        verdict=UNSAT  flag=no_gt  wall=19.0s
  ✓ vit_2023 locked at config micro

[probe] === benchmark: cifar100_2024 === (elapsed=1.7min)
  5 instances; budgets: [100, 100, 100, 100, 100]
  ground-truth verifiers: []

  trying config mega: n_train=10000, flow_epochs=2000, scenario_n_samples=2000
    [mega] inst 1/5 CIFAR100_resnet_medium.onnx+CIFAR100_resnet_medium_prop_idx_7641_sidx_1041_eps_0.0039.vnnlib budget=100s gt=unknown
        verdict=UNSAT  flag=no_gt  wall=77.7s
    [mega] inst 2/5 CIFAR100_resnet_medium.onnx+CIFAR100_resnet_medium_prop_idx_2132_sidx_6868_eps_0.0039.vnnlib budget=100s gt=unknown
        verdict=UNSAT  flag=no_gt  wall=71.8s
    [mega] inst 3/5 CIFAR100_resnet_medium.onnx+CIFAR100_resnet_medium_prop_idx_6232_sidx_3020_eps_0.0039.vnnlib budget=100s gt=unknown
        verdict=UNSAT  flag=no_gt  wall=72.4s
    [mega] inst 4/5 CIFAR100_resnet_medium.onnx+CIFAR100_resnet_medium_prop_idx_9694_sidx_2810_eps_0.0039.vnnlib budget=100s gt=unknown
        verdict=UNSAT  flag=no_gt  wall=68.6s
    [mega] inst 5/5 CIFAR100_resnet_medium.onnx+CIFAR100_resnet_medium_prop_idx_4760_sidx_4651_eps_0.0039.vnnlib budget=100s gt=unknown
        verdict=UNSAT  flag=no_gt  wall=68.8s
  ✓ cifar100_2024 locked at config mega

[probe] === benchmark: malbeware === (elapsed=7.7min)
  5 instances; budgets: [100, 100, 100, 100, 100]
  ground-truth verifiers: ['alpha_beta_crown', 'neuralsat', 'pyrat', 'nnenum', 'nnv']

  trying config mega: n_train=10000, flow_epochs=2000, scenario_n_samples=2000
    [mega] inst 1/5 malware_malimg_family_scaled_linear-25.onnx+malbeware_family-Obfuscator.AD_label-17_eps-1_idx-89.vnnlib budget=100s gt=unsat
        verdict=UNSAT  flag=ok  wall=63.2s
    [mega] inst 2/5 malware_malimg_family_scaled_linear-25.onnx+malbeware_family-VB.AT_label-22_eps-3_idx-112.vnnlib budget=100s gt=unsat
        verdict=UNSAT  flag=ok  wall=63.7s
    [mega] inst 3/5 malware_malimg_family_scaled_linear-25.onnx+malbeware_family-Allaple.A_label-2_eps-3_idx-11.vnnlib budget=100s gt=unsat
        verdict=UNSAT  flag=ok  wall=63.2s
    [mega] inst 4/5 malware_malimg_family_scaled_linear-25.onnx+malbeware_family-Skintrim.N_label-19_eps-3_idx-96.vnnlib budget=100s gt=unsat
        verdict=UNSAT  flag=ok  wall=62.6s
    [mega] inst 5/5 malware_malimg_family_scaled_linear-25.onnx+malbeware_family-Lolyda.AA1_label-12_eps-3_idx-64.vnnlib budget=100s gt=unsat
        verdict=UNSAT  flag=ok  wall=64.0s
  ✓ malbeware locked at config mega

[probe] === benchmark: metaroom_2023 === (elapsed=13.0min)
  5 instances; budgets: [210, 210, 210, 210, 210]
  ground-truth verifiers: []

  trying config mega: n_train=10000, flow_epochs=2000, scenario_n_samples=2000
    [mega] inst 1/5 6cnn_tz_35_5_no_custom_OP.onnx+spec_idx_176_eps_0.00001000.vnnlib budget=210s gt=unknown
        verdict=UNSAT  flag=no_gt  wall=95.7s
    [mega] inst 2/5 4cnn_tz_65_10_no_custom_OP.onnx+spec_idx_79_eps_0.00001000.vnnlib budget=210s gt=unknown
        verdict=UNSAT  flag=no_gt  wall=137.7s
    [mega] inst 3/5 6cnn_tz_65_10_no_custom_OP.onnx+spec_idx_196_eps_0.00001000.vnnlib budget=210s gt=unknown
        verdict=UNKNOWN  flag=no_gt  wall=84.3s
    [mega] inst 4/5 6cnn_ry_30_5_no_custom_OP.onnx+spec_idx_114_eps_0.00000436.vnnlib budget=210s gt=unknown
        verdict=UNSAT  flag=no_gt  wall=87.9s
    [mega] inst 5/5 4cnn_ry_47_7_no_custom_OP.onnx+spec_idx_23_eps_0.00000436.vnnlib budget=210s gt=unknown
        verdict=UNSAT  flag=no_gt  wall=135.6s
  ✓ metaroom_2023 locked at config mega

[probe] === lock-in complete in 22.0 min ===
[probe] wrote examples/FlowConformal/probes/outputs/probe_amls_bounded_lock_overnight.csv

=== Per-benchmark locked configs ===
  vit_2023                  → micro
  cifar100_2024             → mega
  malbeware                 → mega
  metaroom_2023             → mega
