nohup: ignoring input
[probe] benchmarks: ['yolo_2023', 'cifar10_resnet110']
[probe] methods:    ['ours']
[probe] N inst/cell: 3
[probe] output CSV:  examples/FlowConformal/probes/outputs/probe_v2_reprobe.csv
[probe] sweep matrix:
[probe]   ours tiny  : {'n_train': 500, 'flow_epochs': 500, 'scenario_n_samples': 250}
[probe]   ours small : {'n_train': 1000, 'flow_epochs': 1000, 'scenario_n_samples': 500}
[probe]   ours medium: {'n_train': 2000, 'flow_epochs': 2000, 'scenario_n_samples': 1000}
[probe]   ours large : {'n_train': 3000, 'flow_epochs': 1500, 'scenario_n_samples': 1500}
[probe]   ours full  : {'n_train': 5000, 'flow_epochs': 2000, 'scenario_n_samples': 2000}
[probe]   ours mega  : {'n_train': 10000, 'flow_epochs': 2000, 'scenario_n_samples': 2000}
[probe] ground-truth verifiers: ['alpha_beta_crown', 'neuralsat', 'pyrat', 'nnenum', 'nnv']

[probe] === benchmark: yolo_2023 === (elapsed=0.0min)
[probe]   3 instances; budgets: [350, 350, 350]; gt-verifiers: ['alpha_beta_crown', 'pyrat']
[probe] [yolo_2023 ours tiny] inst 1/3 patch-1.onnx+spec_onnx_patch-1_idx_00559_0.vnnlib budget=350s gt=unsat
/home/sasakis/v/tools/n2v/third_party/onnx2torch/onnx2torch/node_converters/slice.py:67: UserWarning: Using a non-tuple sequence for multidimensional indexing is deprecated and will be changed in pytorch 2.9; use x[tuple(seq)] instead of x[seq]. In pytorch 2.9 this will be interpreted as tensor index, x[torch.tensor(seq)], which will result either in an error or a different result (Triggered internally at /pytorch/torch/csrc/autograd/python_variable_indexing.cpp:306.)
  x = x[pos_axes_slices]
/home/sasakis/v/tools/n2v/third_party/onnx2torch/onnx2torch/node_converters/scatter_nd.py:77: UserWarning: Using a non-tuple sequence for multidimensional indexing is deprecated and will be changed in pytorch 2.9; use x[tuple(seq)] instead of x[seq]. In pytorch 2.9 this will be interpreted as tensor index, x[torch.tensor(seq)], which will result either in an error or a different result (Triggered internally at /pytorch/torch/csrc/autograd/python_variable_indexing.cpp:306.)
  output[output_indices] = output_updates
[probe]    verdict=UNSAT [ok] wall=108.9s cov=1.0000
[probe] [yolo_2023 ours tiny] inst 2/3 patch-1.onnx+spec_onnx_patch-1_idx_16972_2.vnnlib budget=350s gt=sat
[probe]    verdict=UNSAT [FALSE_UNSAT] wall=104.4s cov=1.0000
[probe] [yolo_2023 ours tiny] inst 3/3 patch-3.onnx+spec_onnx_patch-3_idx_05840_0.vnnlib budget=350s gt=sat
[probe]    verdict=UNSAT [FALSE_UNSAT] wall=100.4s cov=1.0000
[probe] [yolo_2023 ours small] inst 1/3 patch-1.onnx+spec_onnx_patch-1_idx_00559_0.vnnlib budget=350s gt=unsat
[probe]    verdict=UNSAT [ok] wall=109.4s cov=1.0000
[probe] [yolo_2023 ours small] inst 2/3 patch-1.onnx+spec_onnx_patch-1_idx_16972_2.vnnlib budget=350s gt=sat
[probe]    verdict=UNSAT [FALSE_UNSAT] wall=109.1s cov=1.0000
[probe] [yolo_2023 ours small] inst 3/3 patch-3.onnx+spec_onnx_patch-3_idx_05840_0.vnnlib budget=350s gt=sat
[probe]    verdict=UNSAT [FALSE_UNSAT] wall=101.8s cov=1.0000
[probe] [yolo_2023 ours medium] inst 1/3 patch-1.onnx+spec_onnx_patch-1_idx_00559_0.vnnlib budget=350s gt=unsat
[probe]    verdict=UNSAT [ok] wall=124.4s cov=1.0000
[probe] [yolo_2023 ours medium] inst 2/3 patch-1.onnx+spec_onnx_patch-1_idx_16972_2.vnnlib budget=350s gt=sat
[probe]    verdict=UNSAT [FALSE_UNSAT] wall=124.8s cov=1.0000
[probe] [yolo_2023 ours medium] inst 3/3 patch-3.onnx+spec_onnx_patch-3_idx_05840_0.vnnlib budget=350s gt=sat
[probe]    verdict=UNSAT [FALSE_UNSAT] wall=119.4s cov=1.0000
[probe] [yolo_2023 ours large] inst 1/3 patch-1.onnx+spec_onnx_patch-1_idx_00559_0.vnnlib budget=350s gt=unsat
[probe]    verdict=UNSAT [ok] wall=136.2s cov=1.0000
[probe] [yolo_2023 ours large] inst 2/3 patch-1.onnx+spec_onnx_patch-1_idx_16972_2.vnnlib budget=350s gt=sat
[probe]    verdict=UNSAT [FALSE_UNSAT] wall=134.8s cov=1.0000
[probe] [yolo_2023 ours large] inst 3/3 patch-3.onnx+spec_onnx_patch-3_idx_05840_0.vnnlib budget=350s gt=sat
[probe]    verdict=UNSAT [FALSE_UNSAT] wall=130.3s cov=1.0000
[probe] [yolo_2023 ours full] inst 1/3 patch-1.onnx+spec_onnx_patch-1_idx_00559_0.vnnlib budget=350s gt=unsat
[probe]    verdict=UNSAT [ok] wall=164.8s cov=1.0000
[probe] [yolo_2023 ours full] inst 2/3 patch-1.onnx+spec_onnx_patch-1_idx_16972_2.vnnlib budget=350s gt=sat
[probe]    verdict=UNSAT [FALSE_UNSAT] wall=164.0s cov=1.0000
[probe] [yolo_2023 ours full] inst 3/3 patch-3.onnx+spec_onnx_patch-3_idx_05840_0.vnnlib budget=350s gt=sat
[probe]    verdict=UNSAT [FALSE_UNSAT] wall=160.8s cov=1.0000
[probe] [yolo_2023 ours mega] inst 1/3 patch-1.onnx+spec_onnx_patch-1_idx_00559_0.vnnlib budget=350s gt=unsat
[probe]    verdict=UNSAT [ok] wall=232.4s cov=1.0000
[probe] [yolo_2023 ours mega] inst 2/3 patch-1.onnx+spec_onnx_patch-1_idx_16972_2.vnnlib budget=350s gt=sat
[probe]    verdict=UNKNOWN wall=234.6s cov=1.0000
[probe] [yolo_2023 ours mega] inst 3/3 patch-3.onnx+spec_onnx_patch-3_idx_05840_0.vnnlib budget=350s gt=sat
[probe]    verdict=UNSAT [FALSE_UNSAT] wall=224.4s cov=1.0000

[probe] === benchmark: cifar10_resnet110 === (elapsed=43.1min)
[probe]   3 instances; budgets: [300, 300, 300]; gt-verifiers: []
[probe] [cifar10_resnet110 ours tiny] inst 1/3 cifar10_test_0000_label_3 budget=300s gt=unknown
[probe]    verdict=UNSAT [no_gt] wall=239.2s cov=0.9995
[probe] [cifar10_resnet110 ours tiny] inst 2/3 cifar10_test_0001_label_8 budget=300s gt=unknown
[probe]    verdict=UNSAT [no_gt] wall=124.0s cov=1.0000
[probe] [cifar10_resnet110 ours tiny] inst 3/3 cifar10_test_0002_label_8 budget=300s gt=unknown
