nohup: ignoring input
[probe] benchmarks: ['acasxu_2023', 'collins_rul_cnn_2022', 'cora_2024', 'dist_shift_2023', 'linearizenn_2024', 'safenlp_2024', 'tllverify_2023', 'vit_2023', 'yolo_2023', 'cifar10_resnet110', 'vit_small_cifar10']
[probe] methods:    ['hashemi_clipping', 'ours']
[probe] N inst/cell: 3
[probe] output CSV:  examples/FlowConformal/probes/outputs/probe_v2_.csv
[probe] sweep matrix:
[probe]   hashemi_clipping m: [500, 1000, 2000, 4000, 8000]
[probe]   ours tiny  : {'n_train': 500, 'flow_epochs': 500, 'scenario_n_samples': 250}
[probe]   ours small : {'n_train': 1000, 'flow_epochs': 1000, 'scenario_n_samples': 500}
[probe]   ours medium: {'n_train': 2000, 'flow_epochs': 2000, 'scenario_n_samples': 1000}
[probe]   ours large : {'n_train': 3000, 'flow_epochs': 1500, 'scenario_n_samples': 1500}
[probe]   ours full  : {'n_train': 5000, 'flow_epochs': 2000, 'scenario_n_samples': 2000}
[probe]   ours mega  : {'n_train': 10000, 'flow_epochs': 2000, 'scenario_n_samples': 2000}
[probe] ground-truth verifiers: ['alpha_beta_crown', 'neuralsat', 'pyrat', 'nnenum', 'nnv']

[probe] === benchmark: acasxu_2023 === (elapsed=0.0min)
[probe]   3 instances; budgets: [116, 116, 116]; gt-verifiers: ['alpha_beta_crown', 'neuralsat', 'pyrat', 'nnenum', 'nnv']
[probe] [acasxu_2023 hashemi m=500] inst 1/3 ACASXU_run2a_1_1_batch_2000.onnx+prop_1.vnnlib budget=116s gt=unsat
[probe]    verdict=UNSAT [ok] wall=1.0s cov=1.0000
[probe] [acasxu_2023 hashemi m=500] inst 2/3 ACASXU_run2a_1_2_batch_2000.onnx+prop_1.vnnlib budget=116s gt=unsat
[probe]    verdict=UNSAT [ok] wall=1.0s cov=0.9990
[probe] [acasxu_2023 hashemi m=500] inst 3/3 ACASXU_run2a_1_3_batch_2000.onnx+prop_1.vnnlib budget=116s gt=unsat
[probe]    verdict=UNSAT [ok] wall=0.9s cov=1.0000
[probe] [acasxu_2023 hashemi m=1000] inst 1/3 ACASXU_run2a_1_1_batch_2000.onnx+prop_1.vnnlib budget=116s gt=unsat
[probe]    verdict=UNSAT [ok] wall=2.2s cov=0.9970
[probe] [acasxu_2023 hashemi m=1000] inst 2/3 ACASXU_run2a_1_2_batch_2000.onnx+prop_1.vnnlib budget=116s gt=unsat
[probe]    verdict=UNSAT [ok] wall=2.2s cov=1.0000
[probe] [acasxu_2023 hashemi m=1000] inst 3/3 ACASXU_run2a_1_3_batch_2000.onnx+prop_1.vnnlib budget=116s gt=unsat
[probe]    verdict=UNSAT [ok] wall=2.1s cov=1.0000
[probe] [acasxu_2023 hashemi m=2000] inst 1/3 ACASXU_run2a_1_1_batch_2000.onnx+prop_1.vnnlib budget=116s gt=unsat
[probe]    verdict=UNSAT [ok] wall=6.3s cov=1.0000
[probe] [acasxu_2023 hashemi m=2000] inst 2/3 ACASXU_run2a_1_2_batch_2000.onnx+prop_1.vnnlib budget=116s gt=unsat
[probe]    verdict=UNSAT [ok] wall=6.3s cov=1.0000
[probe] [acasxu_2023 hashemi m=2000] inst 3/3 ACASXU_run2a_1_3_batch_2000.onnx+prop_1.vnnlib budget=116s gt=unsat
[probe]    verdict=UNSAT [ok] wall=6.8s cov=0.9990
[probe] [acasxu_2023 hashemi m=4000] inst 1/3 ACASXU_run2a_1_1_batch_2000.onnx+prop_1.vnnlib budget=116s gt=unsat
[probe]    verdict=UNSAT [ok] wall=19.8s cov=0.9990
[probe] [acasxu_2023 hashemi m=4000] inst 2/3 ACASXU_run2a_1_2_batch_2000.onnx+prop_1.vnnlib budget=116s gt=unsat
[probe]    verdict=UNSAT [ok] wall=21.7s cov=1.0000
[probe] [acasxu_2023 hashemi m=4000] inst 3/3 ACASXU_run2a_1_3_batch_2000.onnx+prop_1.vnnlib budget=116s gt=unsat
[probe]    verdict=UNSAT [ok] wall=23.7s cov=1.0000
[probe] [acasxu_2023 hashemi m=8000] inst 1/3 ACASXU_run2a_1_1_batch_2000.onnx+prop_1.vnnlib budget=116s gt=unsat
[probe]    verdict=UNSAT [ok] wall=72.2s cov=1.0000
[probe] [acasxu_2023 hashemi m=8000] inst 2/3 ACASXU_run2a_1_2_batch_2000.onnx+prop_1.vnnlib budget=116s gt=unsat
[probe]    verdict=UNSAT [ok] wall=76.4s cov=1.0000
[probe] [acasxu_2023 hashemi m=8000] inst 3/3 ACASXU_run2a_1_3_batch_2000.onnx+prop_1.vnnlib budget=116s gt=unsat
[probe]    verdict=UNSAT [ok] wall=90.6s cov=1.0000
[probe] [acasxu_2023 ours tiny] inst 1/3 ACASXU_run2a_1_1_batch_2000.onnx+prop_1.vnnlib budget=116s gt=unsat
[probe]    verdict=UNSAT [ok] wall=19.9s cov=1.0000
[probe] [acasxu_2023 ours tiny] inst 2/3 ACASXU_run2a_1_2_batch_2000.onnx+prop_1.vnnlib budget=116s gt=unsat
[probe]    verdict=UNSAT [ok] wall=16.2s cov=1.0000
[probe] [acasxu_2023 ours tiny] inst 3/3 ACASXU_run2a_1_3_batch_2000.onnx+prop_1.vnnlib budget=116s gt=unsat
[probe]    verdict=UNSAT [ok] wall=16.0s cov=1.0000
[probe] [acasxu_2023 ours small] inst 1/3 ACASXU_run2a_1_1_batch_2000.onnx+prop_1.vnnlib budget=116s gt=unsat
[probe]    verdict=UNSAT [ok] wall=18.2s cov=1.0000
[probe] [acasxu_2023 ours small] inst 2/3 ACASXU_run2a_1_2_batch_2000.onnx+prop_1.vnnlib budget=116s gt=unsat
[probe]    verdict=UNSAT [ok] wall=18.1s cov=0.9995
[probe] [acasxu_2023 ours small] inst 3/3 ACASXU_run2a_1_3_batch_2000.onnx+prop_1.vnnlib budget=116s gt=unsat
[probe]    verdict=UNSAT [ok] wall=17.4s cov=0.9990
[probe] [acasxu_2023 ours medium] inst 1/3 ACASXU_run2a_1_1_batch_2000.onnx+prop_1.vnnlib budget=116s gt=unsat
[probe]    verdict=UNSAT [ok] wall=24.9s cov=0.9995
[probe] [acasxu_2023 ours medium] inst 2/3 ACASXU_run2a_1_2_batch_2000.onnx+prop_1.vnnlib budget=116s gt=unsat
[probe]    verdict=UNSAT [ok] wall=24.9s cov=1.0000
[probe] [acasxu_2023 ours medium] inst 3/3 ACASXU_run2a_1_3_batch_2000.onnx+prop_1.vnnlib budget=116s gt=unsat
[probe]    verdict=UNSAT [ok] wall=24.9s cov=1.0000
[probe] [acasxu_2023 ours large] inst 1/3 ACASXU_run2a_1_1_batch_2000.onnx+prop_1.vnnlib budget=116s gt=unsat
[probe]    verdict=UNSAT [ok] wall=27.1s cov=1.0000
[probe] [acasxu_2023 ours large] inst 2/3 ACASXU_run2a_1_2_batch_2000.onnx+prop_1.vnnlib budget=116s gt=unsat
[probe]    verdict=UNSAT [ok] wall=27.0s cov=1.0000
[probe] [acasxu_2023 ours large] inst 3/3 ACASXU_run2a_1_3_batch_2000.onnx+prop_1.vnnlib budget=116s gt=unsat
[probe]    verdict=UNSAT [ok] wall=27.7s cov=1.0000
[probe] [acasxu_2023 ours full] inst 1/3 ACASXU_run2a_1_1_batch_2000.onnx+prop_1.vnnlib budget=116s gt=unsat
[probe]    verdict=UNSAT [ok] wall=40.9s cov=1.0000
[probe] [acasxu_2023 ours full] inst 2/3 ACASXU_run2a_1_2_batch_2000.onnx+prop_1.vnnlib budget=116s gt=unsat
[probe]    verdict=UNSAT [ok] wall=39.6s cov=1.0000
[probe] [acasxu_2023 ours full] inst 3/3 ACASXU_run2a_1_3_batch_2000.onnx+prop_1.vnnlib budget=116s gt=unsat
[probe]    verdict=UNSAT [ok] wall=39.8s cov=1.0000
[probe] [acasxu_2023 ours mega] inst 1/3 ACASXU_run2a_1_1_batch_2000.onnx+prop_1.vnnlib budget=116s gt=unsat
[probe]    verdict=UNSAT [ok] wall=65.8s cov=1.0000
[probe] [acasxu_2023 ours mega] inst 2/3 ACASXU_run2a_1_2_batch_2000.onnx+prop_1.vnnlib budget=116s gt=unsat
[probe]    verdict=UNSAT [ok] wall=65.8s cov=1.0000
[probe] [acasxu_2023 ours mega] inst 3/3 ACASXU_run2a_1_3_batch_2000.onnx+prop_1.vnnlib budget=116s gt=unsat
[probe]    verdict=UNSAT [ok] wall=65.7s cov=1.0000

[probe] === benchmark: collins_rul_cnn_2022 === (elapsed=15.3min)
[probe]   3 instances; budgets: [30, 30, 60]; gt-verifiers: ['alpha_beta_crown', 'neuralsat', 'pyrat', 'nnenum', 'nnv']
[probe] [collins_rul_cnn_2022 hashemi m=500] inst 1/3 NN_rul_small_window_20.onnx+robustness_2perturbations_delta5_epsilon10_w20.vnnlib budget=30s gt=sat
[probe]    verdict=UNKNOWN wall=1.1s cov=0.9940
[probe] [collins_rul_cnn_2022 hashemi m=500] inst 2/3 NN_rul_small_window_20.onnx+robustness_2perturbations_delta10_epsilon10_w20.vnnlib budget=30s gt=unsat
[probe]    verdict=UNSAT [ok] wall=1.1s cov=0.9960
[probe] [collins_rul_cnn_2022 hashemi m=500] inst 3/3 NN_rul_small_window_20.onnx+robustness_2perturbations_delta20_epsilon10_w20.vnnlib budget=60s gt=unsat
[probe]    verdict=UNSAT [ok] wall=1.2s cov=1.0000
[probe] [collins_rul_cnn_2022 hashemi m=1000] inst 1/3 NN_rul_small_window_20.onnx+robustness_2perturbations_delta5_epsilon10_w20.vnnlib budget=30s gt=sat
[probe]    verdict=UNKNOWN wall=1.9s cov=0.9990
[probe] [collins_rul_cnn_2022 hashemi m=1000] inst 2/3 NN_rul_small_window_20.onnx+robustness_2perturbations_delta10_epsilon10_w20.vnnlib budget=30s gt=unsat
[probe]    verdict=UNSAT [ok] wall=2.1s cov=0.9970
[probe] [collins_rul_cnn_2022 hashemi m=1000] inst 3/3 NN_rul_small_window_20.onnx+robustness_2perturbations_delta20_epsilon10_w20.vnnlib budget=60s gt=unsat
[probe]    verdict=UNSAT [ok] wall=1.9s cov=0.9990
[probe] [collins_rul_cnn_2022 hashemi m=2000] inst 1/3 NN_rul_small_window_20.onnx+robustness_2perturbations_delta5_epsilon10_w20.vnnlib budget=30s gt=sat
[probe]    verdict=UNKNOWN wall=6.0s cov=0.9990
[probe] [collins_rul_cnn_2022 hashemi m=2000] inst 2/3 NN_rul_small_window_20.onnx+robustness_2perturbations_delta10_epsilon10_w20.vnnlib budget=30s gt=unsat
[probe]    verdict=UNSAT [ok] wall=6.0s cov=1.0000
[probe] [collins_rul_cnn_2022 hashemi m=2000] inst 3/3 NN_rul_small_window_20.onnx+robustness_2perturbations_delta20_epsilon10_w20.vnnlib budget=60s gt=unsat
[probe]    verdict=UNSAT [ok] wall=5.7s cov=1.0000
[probe] [collins_rul_cnn_2022 hashemi m=4000] inst 1/3 NN_rul_small_window_20.onnx+robustness_2perturbations_delta5_epsilon10_w20.vnnlib budget=30s gt=sat
[probe]    verdict=UNKNOWN wall=20.6s cov=1.0000
[probe] [collins_rul_cnn_2022 hashemi m=4000] inst 2/3 NN_rul_small_window_20.onnx+robustness_2perturbations_delta10_epsilon10_w20.vnnlib budget=30s gt=unsat
[probe]    verdict=UNSAT [ok] wall=22.8s cov=1.0000
[probe] [collins_rul_cnn_2022 hashemi m=4000] inst 3/3 NN_rul_small_window_20.onnx+robustness_2perturbations_delta20_epsilon10_w20.vnnlib budget=60s gt=unsat
[probe]    verdict=UNSAT [ok] wall=19.0s cov=1.0000
[probe] [collins_rul_cnn_2022 hashemi m=8000] inst 1/3 NN_rul_small_window_20.onnx+robustness_2perturbations_delta5_epsilon10_w20.vnnlib budget=30s gt=sat
[probe]    verdict=TIMEOUT wall=31.4s cov=
[probe] [collins_rul_cnn_2022 hashemi m=8000] inst 2 NN_rul_small_window_20.onnx+robustness_2perturbations_delta10_epsilon10_w20.vnnlib  -> SKIPPED
[probe] [collins_rul_cnn_2022 hashemi m=8000] inst 3 NN_rul_small_window_20.onnx+robustness_2perturbations_delta20_epsilon10_w20.vnnlib  -> SKIPPED
[probe] [collins_rul_cnn_2022 ours tiny] inst 1/3 NN_rul_small_window_20.onnx+robustness_2perturbations_delta5_epsilon10_w20.vnnlib budget=30s gt=sat
[probe]    verdict=UNKNOWN wall=14.2s cov=1.0000
[probe] [collins_rul_cnn_2022 ours tiny] inst 2/3 NN_rul_small_window_20.onnx+robustness_2perturbations_delta10_epsilon10_w20.vnnlib budget=30s gt=unsat
[probe]    verdict=UNSAT [ok] wall=26.5s cov=0.9995
[probe] [collins_rul_cnn_2022 ours tiny] inst 3/3 NN_rul_small_window_20.onnx+robustness_2perturbations_delta20_epsilon10_w20.vnnlib budget=60s gt=unsat
[probe]    verdict=UNSAT [ok] wall=26.2s cov=1.0000
[probe] [collins_rul_cnn_2022 ours small] inst 1/3 NN_rul_small_window_20.onnx+robustness_2perturbations_delta5_epsilon10_w20.vnnlib budget=30s gt=sat
[probe]    verdict=UNKNOWN wall=15.6s cov=0.9985
[probe] [collins_rul_cnn_2022 ours small] inst 2/3 NN_rul_small_window_20.onnx+robustness_2perturbations_delta10_epsilon10_w20.vnnlib budget=30s gt=unsat
[probe]    verdict=UNSAT [ok] wall=27.2s cov=0.9995
[probe] [collins_rul_cnn_2022 ours small] inst 3/3 NN_rul_small_window_20.onnx+robustness_2perturbations_delta20_epsilon10_w20.vnnlib budget=60s gt=unsat
[probe]    verdict=UNSAT [ok] wall=34.7s cov=1.0000
[probe] [collins_rul_cnn_2022 ours medium] inst 1/3 NN_rul_small_window_20.onnx+robustness_2perturbations_delta5_epsilon10_w20.vnnlib budget=30s gt=sat
[probe]    verdict=UNKNOWN wall=27.9s cov=0.9995
[probe] [collins_rul_cnn_2022 ours medium] inst 2/3 NN_rul_small_window_20.onnx+robustness_2perturbations_delta10_epsilon10_w20.vnnlib budget=30s gt=unsat
[probe]    verdict=TIMEOUT wall=30.0s cov=
[probe] [collins_rul_cnn_2022 ours medium] inst 3/3 NN_rul_small_window_20.onnx+robustness_2perturbations_delta20_epsilon10_w20.vnnlib budget=60s gt=unsat
[probe]    verdict=UNSAT [ok] wall=34.5s cov=1.0000
[probe] [collins_rul_cnn_2022 ours large] inst 1/3 NN_rul_small_window_20.onnx+robustness_2perturbations_delta5_epsilon10_w20.vnnlib budget=30s gt=sat
[probe]    verdict=UNKNOWN wall=24.0s cov=0.9995
[probe] [collins_rul_cnn_2022 ours large] inst 2/3 NN_rul_small_window_20.onnx+robustness_2perturbations_delta10_epsilon10_w20.vnnlib budget=30s gt=unsat
[probe]    verdict=TIMEOUT wall=30.0s cov=
[probe] [collins_rul_cnn_2022 ours large] inst 3/3 NN_rul_small_window_20.onnx+robustness_2perturbations_delta20_epsilon10_w20.vnnlib budget=60s gt=unsat
[probe]    verdict=UNSAT [ok] wall=35.6s cov=0.9995
[probe] [collins_rul_cnn_2022 ours full] inst 1/3 NN_rul_small_window_20.onnx+robustness_2perturbations_delta5_epsilon10_w20.vnnlib budget=30s gt=sat
[probe]    verdict=TIMEOUT wall=30.0s cov=
[probe] [collins_rul_cnn_2022 ours full] inst 2 NN_rul_small_window_20.onnx+robustness_2perturbations_delta10_epsilon10_w20.vnnlib  -> SKIPPED
[probe] [collins_rul_cnn_2022 ours full] inst 3 NN_rul_small_window_20.onnx+robustness_2perturbations_delta20_epsilon10_w20.vnnlib  -> SKIPPED
[probe] [collins_rul_cnn_2022 ours mega] inst 1/3 NN_rul_small_window_20.onnx+robustness_2perturbations_delta5_epsilon10_w20.vnnlib budget=30s gt=sat
[probe]    verdict=TIMEOUT wall=30.0s cov=
[probe] [collins_rul_cnn_2022 ours mega] inst 2 NN_rul_small_window_20.onnx+robustness_2perturbations_delta10_epsilon10_w20.vnnlib  -> SKIPPED
[probe] [collins_rul_cnn_2022 ours mega] inst 3 NN_rul_small_window_20.onnx+robustness_2perturbations_delta20_epsilon10_w20.vnnlib  -> SKIPPED

[probe] === benchmark: cora_2024 === (elapsed=23.7min)
[probe]   3 instances; budgets: [30, 30, 30]; gt-verifiers: ['alpha_beta_crown', 'neuralsat', 'pyrat', 'nnenum', 'nnv']
[probe] [cora_2024 hashemi m=500] inst 1/3 mnist-point.onnx+mnist-img0.vnnlib budget=30s gt=sat
[probe]    verdict=UNSAT [FALSE_UNSAT] wall=1.3s cov=0.9990
[probe] [cora_2024 hashemi m=500] inst 2/3 mnist-trades.onnx+mnist-img0.vnnlib budget=30s gt=sat
[probe]    verdict=UNSAT [FALSE_UNSAT] wall=1.6s cov=1.0000
[probe] [cora_2024 hashemi m=500] inst 3/3 mnist-set.onnx+mnist-img0.vnnlib budget=30s gt=unsat
[probe]    verdict=UNSAT [ok] wall=1.3s cov=0.9950
[probe] [cora_2024 hashemi m=1000] inst 1/3 mnist-point.onnx+mnist-img0.vnnlib budget=30s gt=sat
[probe]    verdict=UNSAT [FALSE_UNSAT] wall=2.8s cov=0.9990
[probe] [cora_2024 hashemi m=1000] inst 2/3 mnist-trades.onnx+mnist-img0.vnnlib budget=30s gt=sat
[probe]    verdict=UNSAT [FALSE_UNSAT] wall=2.7s cov=0.9940
[probe] [cora_2024 hashemi m=1000] inst 3/3 mnist-set.onnx+mnist-img0.vnnlib budget=30s gt=unsat
[probe]    verdict=UNSAT [ok] wall=2.7s cov=0.9990
[probe] [cora_2024 hashemi m=2000] inst 1/3 mnist-point.onnx+mnist-img0.vnnlib budget=30s gt=sat
[probe]    verdict=UNSAT [FALSE_UNSAT] wall=8.6s cov=1.0000
[probe] [cora_2024 hashemi m=2000] inst 2/3 mnist-trades.onnx+mnist-img0.vnnlib budget=30s gt=sat
[probe]    verdict=UNSAT [FALSE_UNSAT] wall=8.6s cov=1.0000
[probe] [cora_2024 hashemi m=2000] inst 3/3 mnist-set.onnx+mnist-img0.vnnlib budget=30s gt=unsat
[probe]    verdict=UNSAT [ok] wall=8.9s cov=1.0000
[probe] [cora_2024 hashemi m=4000] inst 1/3 mnist-point.onnx+mnist-img0.vnnlib budget=30s gt=sat
[probe]    verdict=TIMEOUT wall=30.5s cov=
[probe] [cora_2024 hashemi m=4000] inst 2 mnist-trades.onnx+mnist-img0.vnnlib  -> SKIPPED
[probe] [cora_2024 hashemi m=4000] inst 3 mnist-set.onnx+mnist-img0.vnnlib  -> SKIPPED
[probe] [cora_2024 hashemi m=8000] inst 1/3 mnist-point.onnx+mnist-img0.vnnlib budget=30s gt=sat
[probe]    verdict=TIMEOUT wall=43.7s cov=
[probe] [cora_2024 hashemi m=8000] inst 2 mnist-trades.onnx+mnist-img0.vnnlib  -> SKIPPED
[probe] [cora_2024 hashemi m=8000] inst 3 mnist-set.onnx+mnist-img0.vnnlib  -> SKIPPED
[probe] [cora_2024 ours tiny] inst 1/3 mnist-point.onnx+mnist-img0.vnnlib budget=30s gt=sat
[probe]    verdict=TIMEOUT wall=30.0s cov=
[probe] [cora_2024 ours tiny] inst 2 mnist-trades.onnx+mnist-img0.vnnlib  -> SKIPPED
[probe] [cora_2024 ours tiny] inst 3 mnist-set.onnx+mnist-img0.vnnlib  -> SKIPPED
[probe] [cora_2024 ours small] inst 1/3 mnist-point.onnx+mnist-img0.vnnlib budget=30s gt=sat
[probe]    verdict=TIMEOUT wall=30.0s cov=
[probe] [cora_2024 ours small] inst 2 mnist-trades.onnx+mnist-img0.vnnlib  -> SKIPPED
[probe] [cora_2024 ours small] inst 3 mnist-set.onnx+mnist-img0.vnnlib  -> SKIPPED
[probe] [cora_2024 ours medium] inst 1/3 mnist-point.onnx+mnist-img0.vnnlib budget=30s gt=sat
[probe]    verdict=TIMEOUT wall=30.0s cov=
[probe] [cora_2024 ours medium] inst 2 mnist-trades.onnx+mnist-img0.vnnlib  -> SKIPPED
[probe] [cora_2024 ours medium] inst 3 mnist-set.onnx+mnist-img0.vnnlib  -> SKIPPED
[probe] [cora_2024 ours large] inst 1/3 mnist-point.onnx+mnist-img0.vnnlib budget=30s gt=sat
[probe]    verdict=TIMEOUT wall=30.0s cov=
[probe] [cora_2024 ours large] inst 2 mnist-trades.onnx+mnist-img0.vnnlib  -> SKIPPED
[probe] [cora_2024 ours large] inst 3 mnist-set.onnx+mnist-img0.vnnlib  -> SKIPPED
[probe] [cora_2024 ours full] inst 1/3 mnist-point.onnx+mnist-img0.vnnlib budget=30s gt=sat
[probe]    verdict=TIMEOUT wall=30.0s cov=
[probe] [cora_2024 ours full] inst 2 mnist-trades.onnx+mnist-img0.vnnlib  -> SKIPPED
[probe] [cora_2024 ours full] inst 3 mnist-set.onnx+mnist-img0.vnnlib  -> SKIPPED
[probe] [cora_2024 ours mega] inst 1/3 mnist-point.onnx+mnist-img0.vnnlib budget=30s gt=sat
[probe]    verdict=TIMEOUT wall=30.0s cov=
[probe] [cora_2024 ours mega] inst 2 mnist-trades.onnx+mnist-img0.vnnlib  -> SKIPPED
[probe] [cora_2024 ours mega] inst 3 mnist-set.onnx+mnist-img0.vnnlib  -> SKIPPED

[probe] === benchmark: dist_shift_2023 === (elapsed=28.6min)
[probe]   3 instances; budgets: [300, 300, 300]; gt-verifiers: ['alpha_beta_crown', 'neuralsat', 'pyrat', 'nnv']
[probe] [dist_shift_2023 hashemi m=500] inst 1/3 mnist_concat.onnx+index7901_delta0.13.vnnlib budget=300s gt=unsat
[probe]    verdict=UNSAT [ok] wall=1.4s cov=1.0000
[probe] [dist_shift_2023 hashemi m=500] inst 2/3 mnist_concat.onnx+index6323_delta0.13.vnnlib budget=300s gt=unsat
[probe]    verdict=UNSAT [ok] wall=1.5s cov=0.9990
[probe] [dist_shift_2023 hashemi m=500] inst 3/3 mnist_concat.onnx+index7027_delta0.13.vnnlib budget=300s gt=unsat
[probe]    verdict=UNSAT [ok] wall=1.3s cov=1.0000
[probe] [dist_shift_2023 hashemi m=1000] inst 1/3 mnist_concat.onnx+index7901_delta0.13.vnnlib budget=300s gt=unsat
[probe]    verdict=UNSAT [ok] wall=2.7s cov=1.0000
[probe] [dist_shift_2023 hashemi m=1000] inst 2/3 mnist_concat.onnx+index6323_delta0.13.vnnlib budget=300s gt=unsat
[probe]    verdict=UNSAT [ok] wall=2.9s cov=0.9970
[probe] [dist_shift_2023 hashemi m=1000] inst 3/3 mnist_concat.onnx+index7027_delta0.13.vnnlib budget=300s gt=unsat
[probe]    verdict=UNSAT [ok] wall=2.8s cov=1.0000
[probe] [dist_shift_2023 hashemi m=2000] inst 1/3 mnist_concat.onnx+index7901_delta0.13.vnnlib budget=300s gt=unsat
[probe]    verdict=UNSAT [ok] wall=8.5s cov=1.0000
[probe] [dist_shift_2023 hashemi m=2000] inst 2/3 mnist_concat.onnx+index6323_delta0.13.vnnlib budget=300s gt=unsat
[probe]    verdict=UNSAT [ok] wall=8.6s cov=1.0000
[probe] [dist_shift_2023 hashemi m=2000] inst 3/3 mnist_concat.onnx+index7027_delta0.13.vnnlib budget=300s gt=unsat
[probe]    verdict=UNSAT [ok] wall=8.6s cov=1.0000
[probe] [dist_shift_2023 hashemi m=4000] inst 1/3 mnist_concat.onnx+index7901_delta0.13.vnnlib budget=300s gt=unsat
[probe]    verdict=UNSAT [ok] wall=37.0s cov=1.0000
[probe] [dist_shift_2023 hashemi m=4000] inst 2/3 mnist_concat.onnx+index6323_delta0.13.vnnlib budget=300s gt=unsat
[probe]    verdict=UNSAT [ok] wall=36.4s cov=1.0000
[probe] [dist_shift_2023 hashemi m=4000] inst 3/3 mnist_concat.onnx+index7027_delta0.13.vnnlib budget=300s gt=unsat
[probe]    verdict=UNSAT [ok] wall=29.7s cov=0.9980
[probe] [dist_shift_2023 hashemi m=8000] inst 1/3 mnist_concat.onnx+index7901_delta0.13.vnnlib budget=300s gt=unsat
[probe]    verdict=UNSAT [ok] wall=144.2s cov=1.0000
[probe] [dist_shift_2023 hashemi m=8000] inst 2/3 mnist_concat.onnx+index6323_delta0.13.vnnlib budget=300s gt=unsat
[probe]    verdict=UNSAT [ok] wall=143.4s cov=1.0000
[probe] [dist_shift_2023 hashemi m=8000] inst 3/3 mnist_concat.onnx+index7027_delta0.13.vnnlib budget=300s gt=unsat
[probe]    verdict=UNSAT [ok] wall=114.6s cov=1.0000
[probe] [dist_shift_2023 ours tiny] inst 1/3 mnist_concat.onnx+index7901_delta0.13.vnnlib budget=300s gt=unsat
[probe]    verdict=UNSAT [ok] wall=14.1s cov=1.0000
[probe] [dist_shift_2023 ours tiny] inst 2/3 mnist_concat.onnx+index6323_delta0.13.vnnlib budget=300s gt=unsat
[probe]    verdict=UNSAT [ok] wall=17.9s cov=0.9995
[probe] [dist_shift_2023 ours tiny] inst 3/3 mnist_concat.onnx+index7027_delta0.13.vnnlib budget=300s gt=unsat
[probe]    verdict=UNKNOWN wall=5.5s cov=1.0000
[probe] [dist_shift_2023 ours small] inst 1/3 mnist_concat.onnx+index7901_delta0.13.vnnlib budget=300s gt=unsat
[probe]    verdict=UNSAT [ok] wall=16.1s cov=0.9985
[probe] [dist_shift_2023 ours small] inst 2/3 mnist_concat.onnx+index6323_delta0.13.vnnlib budget=300s gt=unsat
[probe]    verdict=UNSAT [ok] wall=19.5s cov=0.9995
[probe] [dist_shift_2023 ours small] inst 3/3 mnist_concat.onnx+index7027_delta0.13.vnnlib budget=300s gt=unsat
[probe]    verdict=UNKNOWN wall=9.3s cov=1.0000
[probe] [dist_shift_2023 ours medium] inst 1/3 mnist_concat.onnx+index7901_delta0.13.vnnlib budget=300s gt=unsat
[probe]    verdict=UNSAT [ok] wall=23.1s cov=1.0000
[probe] [dist_shift_2023 ours medium] inst 2/3 mnist_concat.onnx+index6323_delta0.13.vnnlib budget=300s gt=unsat
[probe]    verdict=UNSAT [ok] wall=22.4s cov=1.0000
[probe] [dist_shift_2023 ours medium] inst 3/3 mnist_concat.onnx+index7027_delta0.13.vnnlib budget=300s gt=unsat
[probe]    verdict=UNSAT [ok] wall=22.3s cov=0.9995
[probe] [dist_shift_2023 ours large] inst 1/3 mnist_concat.onnx+index7901_delta0.13.vnnlib budget=300s gt=unsat
[probe]    verdict=UNSAT [ok] wall=22.3s cov=0.9990
[probe] [dist_shift_2023 ours large] inst 2/3 mnist_concat.onnx+index6323_delta0.13.vnnlib budget=300s gt=unsat
[probe]    verdict=UNSAT [ok] wall=23.3s cov=1.0000
[probe] [dist_shift_2023 ours large] inst 3/3 mnist_concat.onnx+index7027_delta0.13.vnnlib budget=300s gt=unsat
[probe]    verdict=UNSAT [ok] wall=27.5s cov=0.9995
[probe] [dist_shift_2023 ours full] inst 1/3 mnist_concat.onnx+index7901_delta0.13.vnnlib budget=300s gt=unsat
[probe]    verdict=UNSAT [ok] wall=39.9s cov=0.9995
[probe] [dist_shift_2023 ours full] inst 2/3 mnist_concat.onnx+index6323_delta0.13.vnnlib budget=300s gt=unsat
[probe]    verdict=UNSAT [ok] wall=43.4s cov=0.9995
[probe] [dist_shift_2023 ours full] inst 3/3 mnist_concat.onnx+index7027_delta0.13.vnnlib budget=300s gt=unsat
[probe]    verdict=UNSAT [ok] wall=37.3s cov=1.0000
[probe] [dist_shift_2023 ours mega] inst 1/3 mnist_concat.onnx+index7901_delta0.13.vnnlib budget=300s gt=unsat
[probe]    verdict=UNSAT [ok] wall=61.3s cov=1.0000
[probe] [dist_shift_2023 ours mega] inst 2/3 mnist_concat.onnx+index6323_delta0.13.vnnlib budget=300s gt=unsat
[probe]    verdict=UNSAT [ok] wall=61.4s cov=1.0000
[probe] [dist_shift_2023 ours mega] inst 3/3 mnist_concat.onnx+index7027_delta0.13.vnnlib budget=300s gt=unsat
[probe]    verdict=UNSAT [ok] wall=61.1s cov=1.0000

[probe] === benchmark: linearizenn_2024 === (elapsed=46.5min)
[probe]   3 instances; budgets: [900, 900, 900]; gt-verifiers: ['alpha_beta_crown', 'neuralsat', 'pyrat', 'nnenum', 'nnv']
[probe] [linearizenn_2024 hashemi m=500] inst 1/3 AllInOne_10_10.onnx+prop_10_10.vnnlib budget=900s gt=sat
/home/sasakis/v/tools/n2v/third_party/onnx2torch/onnx2torch/node_converters/slice.py:67: UserWarning: Using a non-tuple sequence for multidimensional indexing is deprecated and will be changed in pytorch 2.9; use x[tuple(seq)] instead of x[seq]. In pytorch 2.9 this will be interpreted as tensor index, x[torch.tensor(seq)], which will result either in an error or a different result (Triggered internally at /pytorch/torch/csrc/autograd/python_variable_indexing.cpp:306.)
  x = x[pos_axes_slices]
[probe]    verdict=UNSAT [FALSE_UNSAT] wall=1.2s cov=0.9910
[probe] [linearizenn_2024 hashemi m=500] inst 2/3 AllInOne_10_10.onnx+prop_10_10_0.vnnlib budget=900s gt=unsat
[probe]    verdict=UNSAT [ok] wall=1.0s cov=0.9960
[probe] [linearizenn_2024 hashemi m=500] inst 3/3 AllInOne_10_10.onnx+prop_10_10_1.vnnlib budget=900s gt=unsat
[probe]    verdict=UNSAT [ok] wall=1.1s cov=0.9960
[probe] [linearizenn_2024 hashemi m=1000] inst 1/3 AllInOne_10_10.onnx+prop_10_10.vnnlib budget=900s gt=sat
[probe]    verdict=UNSAT [FALSE_UNSAT] wall=2.1s cov=1.0000
[probe] [linearizenn_2024 hashemi m=1000] inst 2/3 AllInOne_10_10.onnx+prop_10_10_0.vnnlib budget=900s gt=unsat
[probe]    verdict=UNSAT [ok] wall=2.1s cov=0.9960
[probe] [linearizenn_2024 hashemi m=1000] inst 3/3 AllInOne_10_10.onnx+prop_10_10_1.vnnlib budget=900s gt=unsat
[probe]    verdict=UNSAT [ok] wall=2.0s cov=1.0000
[probe] [linearizenn_2024 hashemi m=2000] inst 1/3 AllInOne_10_10.onnx+prop_10_10.vnnlib budget=900s gt=sat
[probe]    verdict=UNKNOWN wall=5.9s cov=0.9990
[probe] [linearizenn_2024 hashemi m=2000] inst 2/3 AllInOne_10_10.onnx+prop_10_10_0.vnnlib budget=900s gt=unsat
[probe]    verdict=UNSAT [ok] wall=6.0s cov=1.0000
[probe] [linearizenn_2024 hashemi m=2000] inst 3/3 AllInOne_10_10.onnx+prop_10_10_1.vnnlib budget=900s gt=unsat
[probe]    verdict=UNSAT [ok] wall=5.8s cov=0.9990
[probe] [linearizenn_2024 hashemi m=4000] inst 1/3 AllInOne_10_10.onnx+prop_10_10.vnnlib budget=900s gt=sat
[probe]    verdict=UNKNOWN wall=18.7s cov=1.0000
[probe] [linearizenn_2024 hashemi m=4000] inst 2/3 AllInOne_10_10.onnx+prop_10_10_0.vnnlib budget=900s gt=unsat
[probe]    verdict=UNSAT [ok] wall=19.3s cov=0.9990
[probe] [linearizenn_2024 hashemi m=4000] inst 3/3 AllInOne_10_10.onnx+prop_10_10_1.vnnlib budget=900s gt=unsat
[probe]    verdict=UNSAT [ok] wall=19.1s cov=1.0000
[probe] [linearizenn_2024 hashemi m=8000] inst 1/3 AllInOne_10_10.onnx+prop_10_10.vnnlib budget=900s gt=sat
[probe]    verdict=UNKNOWN wall=70.4s cov=1.0000
[probe] [linearizenn_2024 hashemi m=8000] inst 2/3 AllInOne_10_10.onnx+prop_10_10_0.vnnlib budget=900s gt=unsat
[probe]    verdict=UNSAT [ok] wall=74.1s cov=1.0000
[probe] [linearizenn_2024 hashemi m=8000] inst 3/3 AllInOne_10_10.onnx+prop_10_10_1.vnnlib budget=900s gt=unsat
[probe]    verdict=UNSAT [ok] wall=72.4s cov=0.9990
[probe] [linearizenn_2024 ours tiny] inst 1/3 AllInOne_10_10.onnx+prop_10_10.vnnlib budget=900s gt=sat
[probe]    verdict=UNKNOWN wall=14.4s cov=0.9990
[probe] [linearizenn_2024 ours tiny] inst 2/3 AllInOne_10_10.onnx+prop_10_10_0.vnnlib budget=900s gt=unsat
[probe]    verdict=UNKNOWN wall=22.0s cov=1.0000
[probe] [linearizenn_2024 ours tiny] inst 3/3 AllInOne_10_10.onnx+prop_10_10_1.vnnlib budget=900s gt=unsat
[probe]    verdict=UNKNOWN wall=18.1s cov=1.0000
[probe] [linearizenn_2024 ours small] inst 1/3 AllInOne_10_10.onnx+prop_10_10.vnnlib budget=900s gt=sat
[probe]    verdict=UNKNOWN wall=17.7s cov=1.0000
[probe] [linearizenn_2024 ours small] inst 2/3 AllInOne_10_10.onnx+prop_10_10_0.vnnlib budget=900s gt=unsat
[probe]    verdict=UNKNOWN wall=21.2s cov=1.0000
[probe] [linearizenn_2024 ours small] inst 3/3 AllInOne_10_10.onnx+prop_10_10_1.vnnlib budget=900s gt=unsat
[probe]    verdict=UNKNOWN wall=20.6s cov=0.9995
[probe] [linearizenn_2024 ours medium] inst 1/3 AllInOne_10_10.onnx+prop_10_10.vnnlib budget=900s gt=sat
[probe]    verdict=UNKNOWN wall=27.8s cov=0.9985
[probe] [linearizenn_2024 ours medium] inst 2/3 AllInOne_10_10.onnx+prop_10_10_0.vnnlib budget=900s gt=unsat
[probe]    verdict=UNKNOWN wall=27.8s cov=0.9985
[probe] [linearizenn_2024 ours medium] inst 3/3 AllInOne_10_10.onnx+prop_10_10_1.vnnlib budget=900s gt=unsat
[probe]    verdict=UNKNOWN wall=25.5s cov=1.0000
[probe] [linearizenn_2024 ours large] inst 1/3 AllInOne_10_10.onnx+prop_10_10.vnnlib budget=900s gt=sat
[probe]    verdict=UNKNOWN wall=24.5s cov=0.9995
[probe] [linearizenn_2024 ours large] inst 2/3 AllInOne_10_10.onnx+prop_10_10_0.vnnlib budget=900s gt=unsat
[probe]    verdict=UNKNOWN wall=28.4s cov=1.0000
[probe] [linearizenn_2024 ours large] inst 3/3 AllInOne_10_10.onnx+prop_10_10_1.vnnlib budget=900s gt=unsat
[probe]    verdict=UNKNOWN wall=28.0s cov=0.9995
[probe] [linearizenn_2024 ours full] inst 1/3 AllInOne_10_10.onnx+prop_10_10.vnnlib budget=900s gt=sat
[probe]    verdict=UNKNOWN wall=38.3s cov=1.0000
[probe] [linearizenn_2024 ours full] inst 2/3 AllInOne_10_10.onnx+prop_10_10_0.vnnlib budget=900s gt=unsat
[probe]    verdict=UNSAT [ok] wall=54.2s cov=0.9995
[probe] [linearizenn_2024 ours full] inst 3/3 AllInOne_10_10.onnx+prop_10_10_1.vnnlib budget=900s gt=unsat
[probe]    verdict=UNSAT [ok] wall=53.5s cov=1.0000
[probe] [linearizenn_2024 ours mega] inst 1/3 AllInOne_10_10.onnx+prop_10_10.vnnlib budget=900s gt=sat
[probe]    verdict=UNKNOWN wall=63.6s cov=1.0000
[probe] [linearizenn_2024 ours mega] inst 2/3 AllInOne_10_10.onnx+prop_10_10_0.vnnlib budget=900s gt=unsat
[probe]    verdict=UNSAT [ok] wall=80.0s cov=1.0000
[probe] [linearizenn_2024 ours mega] inst 3/3 AllInOne_10_10.onnx+prop_10_10_1.vnnlib budget=900s gt=unsat
[probe]    verdict=UNSAT [ok] wall=73.6s cov=1.0000

[probe] === benchmark: safenlp_2024 === (elapsed=62.1min)
[probe]   3 instances; budgets: [20, 20, 20]; gt-verifiers: ['alpha_beta_crown', 'neuralsat', 'pyrat', 'nnenum', 'nnv']
[probe] [safenlp_2024 hashemi m=500] inst 1/3 perturbations_0.onnx+hyperrectangle_418.vnnlib budget=20s gt=sat
[probe]    verdict=UNSAT [FALSE_UNSAT] wall=1.1s cov=0.9960
[probe] [safenlp_2024 hashemi m=500] inst 2/3 perturbations_0.onnx+hyperrectangle_992.vnnlib budget=20s gt=unsat
[probe]    verdict=UNSAT [ok] wall=1.0s cov=0.9970
[probe] [safenlp_2024 hashemi m=500] inst 3/3 perturbations_0.onnx+hyperrectangle_132.vnnlib budget=20s gt=sat
[probe]    verdict=UNSAT [FALSE_UNSAT] wall=1.0s cov=0.9950
[probe] [safenlp_2024 hashemi m=1000] inst 1/3 perturbations_0.onnx+hyperrectangle_418.vnnlib budget=20s gt=sat
[probe]    verdict=UNSAT [FALSE_UNSAT] wall=1.8s cov=1.0000
[probe] [safenlp_2024 hashemi m=1000] inst 2/3 perturbations_0.onnx+hyperrectangle_992.vnnlib budget=20s gt=unsat
[probe]    verdict=UNSAT [ok] wall=2.0s cov=0.9960
[probe] [safenlp_2024 hashemi m=1000] inst 3/3 perturbations_0.onnx+hyperrectangle_132.vnnlib budget=20s gt=sat
[probe]    verdict=UNSAT [FALSE_UNSAT] wall=1.7s cov=0.9930
[probe] [safenlp_2024 hashemi m=2000] inst 1/3 perturbations_0.onnx+hyperrectangle_418.vnnlib budget=20s gt=sat
[probe]    verdict=UNSAT [FALSE_UNSAT] wall=5.0s cov=1.0000
[probe] [safenlp_2024 hashemi m=2000] inst 2/3 perturbations_0.onnx+hyperrectangle_992.vnnlib budget=20s gt=unsat
[probe]    verdict=UNSAT [ok] wall=4.9s cov=1.0000
[probe] [safenlp_2024 hashemi m=2000] inst 3/3 perturbations_0.onnx+hyperrectangle_132.vnnlib budget=20s gt=sat
[probe]    verdict=UNSAT [FALSE_UNSAT] wall=5.0s cov=0.9990
[probe] [safenlp_2024 hashemi m=4000] inst 1/3 perturbations_0.onnx+hyperrectangle_418.vnnlib budget=20s gt=sat
[probe]    verdict=UNSAT [FALSE_UNSAT] wall=15.1s cov=1.0000
[probe] [safenlp_2024 hashemi m=4000] inst 2/3 perturbations_0.onnx+hyperrectangle_992.vnnlib budget=20s gt=unsat
[probe]    verdict=UNSAT [ok] wall=15.3s cov=1.0000
[probe] [safenlp_2024 hashemi m=4000] inst 3/3 perturbations_0.onnx+hyperrectangle_132.vnnlib budget=20s gt=sat
[probe]    verdict=UNSAT [FALSE_UNSAT] wall=15.3s cov=0.9990
[probe] [safenlp_2024 hashemi m=8000] inst 1/3 perturbations_0.onnx+hyperrectangle_418.vnnlib budget=20s gt=sat
[probe]    verdict=TIMEOUT wall=26.1s cov=
[probe] [safenlp_2024 hashemi m=8000] inst 2 perturbations_0.onnx+hyperrectangle_992.vnnlib  -> SKIPPED
[probe] [safenlp_2024 hashemi m=8000] inst 3 perturbations_0.onnx+hyperrectangle_132.vnnlib  -> SKIPPED
[probe] [safenlp_2024 ours tiny] inst 1/3 perturbations_0.onnx+hyperrectangle_418.vnnlib budget=20s gt=sat
[probe]    verdict=UNKNOWN wall=4.9s cov=0.9990
[probe] [safenlp_2024 ours tiny] inst 2/3 perturbations_0.onnx+hyperrectangle_992.vnnlib budget=20s gt=unsat
[probe]    verdict=UNKNOWN wall=13.2s cov=1.0000
[probe] [safenlp_2024 ours tiny] inst 3/3 perturbations_0.onnx+hyperrectangle_132.vnnlib budget=20s gt=sat
[probe]    verdict=UNKNOWN wall=3.5s cov=1.0000
[probe] [safenlp_2024 ours small] inst 1/3 perturbations_0.onnx+hyperrectangle_418.vnnlib budget=20s gt=sat
[probe]    verdict=UNKNOWN wall=5.2s cov=0.9995
[probe] [safenlp_2024 ours small] inst 2/3 perturbations_0.onnx+hyperrectangle_992.vnnlib budget=20s gt=unsat
[probe]    verdict=UNKNOWN wall=13.4s cov=1.0000
[probe] [safenlp_2024 ours small] inst 3/3 perturbations_0.onnx+hyperrectangle_132.vnnlib budget=20s gt=sat
[probe]    verdict=UNKNOWN wall=5.2s cov=0.9995
[probe] [safenlp_2024 ours medium] inst 1/3 perturbations_0.onnx+hyperrectangle_418.vnnlib budget=20s gt=sat
[probe]    verdict=UNKNOWN wall=11.9s cov=0.9995
[probe] [safenlp_2024 ours medium] inst 2/3 perturbations_0.onnx+hyperrectangle_992.vnnlib budget=20s gt=unsat
[probe]    verdict=TIMEOUT wall=20.0s cov=
[probe] [safenlp_2024 ours medium] inst 3/3 perturbations_0.onnx+hyperrectangle_132.vnnlib budget=20s gt=sat
[probe]    verdict=UNKNOWN wall=11.8s cov=0.9995
[probe] [safenlp_2024 ours large] inst 1/3 perturbations_0.onnx+hyperrectangle_418.vnnlib budget=20s gt=sat
[probe]    verdict=UNKNOWN wall=11.6s cov=1.0000
[probe] [safenlp_2024 ours large] inst 2/3 perturbations_0.onnx+hyperrectangle_992.vnnlib budget=20s gt=unsat
[probe]    verdict=TIMEOUT wall=20.0s cov=
[probe] [safenlp_2024 ours large] inst 3/3 perturbations_0.onnx+hyperrectangle_132.vnnlib budget=20s gt=sat
[probe]    verdict=UNKNOWN wall=16.1s cov=0.9995
[probe] [safenlp_2024 ours full] inst 1/3 perturbations_0.onnx+hyperrectangle_418.vnnlib budget=20s gt=sat
[probe]    verdict=TIMEOUT wall=20.0s cov=
[probe] [safenlp_2024 ours full] inst 2 perturbations_0.onnx+hyperrectangle_992.vnnlib  -> SKIPPED
[probe] [safenlp_2024 ours full] inst 3 perturbations_0.onnx+hyperrectangle_132.vnnlib  -> SKIPPED
[probe] [safenlp_2024 ours mega] inst 1/3 perturbations_0.onnx+hyperrectangle_418.vnnlib budget=20s gt=sat
[probe]    verdict=TIMEOUT wall=20.0s cov=
[probe] [safenlp_2024 ours mega] inst 2 perturbations_0.onnx+hyperrectangle_992.vnnlib  -> SKIPPED
[probe] [safenlp_2024 ours mega] inst 3 perturbations_0.onnx+hyperrectangle_132.vnnlib  -> SKIPPED

[probe] === benchmark: tllverify_2023 === (elapsed=66.7min)
[probe]   3 instances; budgets: [600, 600, 600]; gt-verifiers: ['alpha_beta_crown', 'neuralsat', 'pyrat', 'nnenum', 'nnv']
[probe] [tllverify_2023 hashemi m=500] inst 1/3 tllBench_n=2_N=M=8_m=1_instance_0_0.onnx+property_N=8_0.vnnlib budget=600s gt=unsat
[probe]    verdict=UNSAT [ok] wall=1.0s cov=0.9980
[probe] [tllverify_2023 hashemi m=500] inst 2/3 tllBench_n=2_N=M=8_m=1_instance_0_1.onnx+property_N=8_1.vnnlib budget=600s gt=unsat
[probe]    verdict=UNSAT [ok] wall=1.0s cov=0.9980
[probe] [tllverify_2023 hashemi m=500] inst 3/3 tllBench_n=2_N=M=8_m=1_instance_0_2.onnx+property_N=8_2.vnnlib budget=600s gt=unsat
[probe]    verdict=UNSAT [ok] wall=1.1s cov=0.9960
[probe] [tllverify_2023 hashemi m=1000] inst 1/3 tllBench_n=2_N=M=8_m=1_instance_0_0.onnx+property_N=8_0.vnnlib budget=600s gt=unsat
[probe]    verdict=UNSAT [ok] wall=1.9s cov=1.0000
[probe] [tllverify_2023 hashemi m=1000] inst 2/3 tllBench_n=2_N=M=8_m=1_instance_0_1.onnx+property_N=8_1.vnnlib budget=600s gt=unsat
[probe]    verdict=UNSAT [ok] wall=1.8s cov=0.9990
[probe] [tllverify_2023 hashemi m=1000] inst 3/3 tllBench_n=2_N=M=8_m=1_instance_0_2.onnx+property_N=8_2.vnnlib budget=600s gt=unsat
[probe]    verdict=UNSAT [ok] wall=1.8s cov=0.9980
[probe] [tllverify_2023 hashemi m=2000] inst 1/3 tllBench_n=2_N=M=8_m=1_instance_0_0.onnx+property_N=8_0.vnnlib budget=600s gt=unsat
[probe]    verdict=UNSAT [ok] wall=4.5s cov=1.0000
[probe] [tllverify_2023 hashemi m=2000] inst 2/3 tllBench_n=2_N=M=8_m=1_instance_0_1.onnx+property_N=8_1.vnnlib budget=600s gt=unsat
[probe]    verdict=UNSAT [ok] wall=4.8s cov=0.9990
[probe] [tllverify_2023 hashemi m=2000] inst 3/3 tllBench_n=2_N=M=8_m=1_instance_0_2.onnx+property_N=8_2.vnnlib budget=600s gt=unsat
[probe]    verdict=UNSAT [ok] wall=5.0s cov=1.0000
[probe] [tllverify_2023 hashemi m=4000] inst 1/3 tllBench_n=2_N=M=8_m=1_instance_0_0.onnx+property_N=8_0.vnnlib budget=600s gt=unsat
[probe]    verdict=UNSAT [ok] wall=14.5s cov=0.9990
[probe] [tllverify_2023 hashemi m=4000] inst 2/3 tllBench_n=2_N=M=8_m=1_instance_0_1.onnx+property_N=8_1.vnnlib budget=600s gt=unsat
[probe]    verdict=UNSAT [ok] wall=15.4s cov=1.0000
[probe] [tllverify_2023 hashemi m=4000] inst 3/3 tllBench_n=2_N=M=8_m=1_instance_0_2.onnx+property_N=8_2.vnnlib budget=600s gt=unsat
[probe]    verdict=UNSAT [ok] wall=14.5s cov=1.0000
[probe] [tllverify_2023 hashemi m=8000] inst 1/3 tllBench_n=2_N=M=8_m=1_instance_0_0.onnx+property_N=8_0.vnnlib budget=600s gt=unsat
[probe]    verdict=UNSAT [ok] wall=51.2s cov=1.0000
[probe] [tllverify_2023 hashemi m=8000] inst 2/3 tllBench_n=2_N=M=8_m=1_instance_0_1.onnx+property_N=8_1.vnnlib budget=600s gt=unsat
[probe]    verdict=UNSAT [ok] wall=47.9s cov=1.0000
[probe] [tllverify_2023 hashemi m=8000] inst 3/3 tllBench_n=2_N=M=8_m=1_instance_0_2.onnx+property_N=8_2.vnnlib budget=600s gt=unsat
[probe]    verdict=UNSAT [ok] wall=51.0s cov=1.0000
[probe] [tllverify_2023 ours tiny] inst 1/3 tllBench_n=2_N=M=8_m=1_instance_0_0.onnx+property_N=8_0.vnnlib budget=600s gt=unsat
[probe]    verdict=UNKNOWN wall=3.0s cov=0.9995
[probe] [tllverify_2023 ours tiny] inst 2/3 tllBench_n=2_N=M=8_m=1_instance_0_1.onnx+property_N=8_1.vnnlib budget=600s gt=unsat
[probe]    verdict=UNKNOWN wall=4.4s cov=0.9995
[probe] [tllverify_2023 ours tiny] inst 3/3 tllBench_n=2_N=M=8_m=1_instance_0_2.onnx+property_N=8_2.vnnlib budget=600s gt=unsat
[probe]    verdict=UNKNOWN wall=5.2s cov=1.0000
[probe] [tllverify_2023 ours small] inst 1/3 tllBench_n=2_N=M=8_m=1_instance_0_0.onnx+property_N=8_0.vnnlib budget=600s gt=unsat
[probe]    verdict=UNKNOWN wall=5.7s cov=1.0000
[probe] [tllverify_2023 ours small] inst 2/3 tllBench_n=2_N=M=8_m=1_instance_0_1.onnx+property_N=8_1.vnnlib budget=600s gt=unsat
[probe]    verdict=UNKNOWN wall=7.2s cov=1.0000
[probe] [tllverify_2023 ours small] inst 3/3 tllBench_n=2_N=M=8_m=1_instance_0_2.onnx+property_N=8_2.vnnlib budget=600s gt=unsat
[probe]    verdict=UNKNOWN wall=8.7s cov=1.0000
[probe] [tllverify_2023 ours medium] inst 1/3 tllBench_n=2_N=M=8_m=1_instance_0_0.onnx+property_N=8_0.vnnlib budget=600s gt=unsat
[probe]    verdict=UNKNOWN wall=15.7s cov=1.0000
[probe] [tllverify_2023 ours medium] inst 2/3 tllBench_n=2_N=M=8_m=1_instance_0_1.onnx+property_N=8_1.vnnlib budget=600s gt=unsat
[probe]    verdict=UNKNOWN wall=13.7s cov=1.0000
[probe] [tllverify_2023 ours medium] inst 3/3 tllBench_n=2_N=M=8_m=1_instance_0_2.onnx+property_N=8_2.vnnlib budget=600s gt=unsat
[probe]    verdict=UNKNOWN wall=18.0s cov=1.0000
[probe] [tllverify_2023 ours large] inst 1/3 tllBench_n=2_N=M=8_m=1_instance_0_0.onnx+property_N=8_0.vnnlib budget=600s gt=unsat
[probe]    verdict=UNKNOWN wall=17.2s cov=1.0000
[probe] [tllverify_2023 ours large] inst 2/3 tllBench_n=2_N=M=8_m=1_instance_0_1.onnx+property_N=8_1.vnnlib budget=600s gt=unsat
[probe]    verdict=UNKNOWN wall=15.6s cov=0.9980
[probe] [tllverify_2023 ours large] inst 3/3 tllBench_n=2_N=M=8_m=1_instance_0_2.onnx+property_N=8_2.vnnlib budget=600s gt=unsat
[probe]    verdict=UNKNOWN wall=27.9s cov=0.9995
[probe] [tllverify_2023 ours full] inst 1/3 tllBench_n=2_N=M=8_m=1_instance_0_0.onnx+property_N=8_0.vnnlib budget=600s gt=unsat
[probe]    verdict=UNKNOWN wall=35.0s cov=0.9995
[probe] [tllverify_2023 ours full] inst 2/3 tllBench_n=2_N=M=8_m=1_instance_0_1.onnx+property_N=8_1.vnnlib budget=600s gt=unsat
[probe]    verdict=UNKNOWN wall=30.4s cov=1.0000
[probe] [tllverify_2023 ours full] inst 3/3 tllBench_n=2_N=M=8_m=1_instance_0_2.onnx+property_N=8_2.vnnlib budget=600s gt=unsat
[probe]    verdict=UNKNOWN wall=33.1s cov=0.9995
[probe] [tllverify_2023 ours mega] inst 1/3 tllBench_n=2_N=M=8_m=1_instance_0_0.onnx+property_N=8_0.vnnlib budget=600s gt=unsat
[probe]    verdict=UNSAT [ok] wall=64.2s cov=0.9995
[probe] [tllverify_2023 ours mega] inst 2/3 tllBench_n=2_N=M=8_m=1_instance_0_1.onnx+property_N=8_1.vnnlib budget=600s gt=unsat
[probe]    verdict=UNKNOWN wall=55.5s cov=1.0000
[probe] [tllverify_2023 ours mega] inst 3/3 tllBench_n=2_N=M=8_m=1_instance_0_2.onnx+property_N=8_2.vnnlib budget=600s gt=unsat
[probe]    verdict=UNKNOWN wall=55.0s cov=1.0000

[probe] === benchmark: vit_2023 === (elapsed=77.2min)
[probe]   3 instances; budgets: [100, 100, 100]; gt-verifiers: ['alpha_beta_crown', 'neuralsat', 'pyrat', 'nnv']
[probe] [vit_2023 hashemi m=500] inst 1/3 pgd_2_3_16.onnx+pgd_2_3_16_2446.vnnlib budget=100s gt=unsat
[probe]    verdict=UNSAT [ok] wall=1.6s cov=0.9980
[probe] [vit_2023 hashemi m=500] inst 2/3 pgd_2_3_16.onnx+pgd_2_3_16_4509.vnnlib budget=100s gt=unknown
[probe]    verdict=UNSAT [no_gt] wall=1.7s cov=1.0000
[probe] [vit_2023 hashemi m=500] inst 3/3 pgd_2_3_16.onnx+pgd_2_3_16_6246.vnnlib budget=100s gt=unsat
[probe]    verdict=UNSAT [ok] wall=1.7s cov=0.9970
[probe] [vit_2023 hashemi m=1000] inst 1/3 pgd_2_3_16.onnx+pgd_2_3_16_2446.vnnlib budget=100s gt=unsat
[probe]    verdict=UNSAT [ok] wall=3.3s cov=1.0000
[probe] [vit_2023 hashemi m=1000] inst 2/3 pgd_2_3_16.onnx+pgd_2_3_16_4509.vnnlib budget=100s gt=unknown
[probe]    verdict=UNSAT [no_gt] wall=3.1s cov=1.0000
[probe] [vit_2023 hashemi m=1000] inst 3/3 pgd_2_3_16.onnx+pgd_2_3_16_6246.vnnlib budget=100s gt=unsat
[probe]    verdict=UNSAT [ok] wall=3.2s cov=0.9990
[probe] [vit_2023 hashemi m=2000] inst 1/3 pgd_2_3_16.onnx+pgd_2_3_16_2446.vnnlib budget=100s gt=unsat
[probe]    verdict=UNSAT [ok] wall=9.1s cov=1.0000
[probe] [vit_2023 hashemi m=2000] inst 2/3 pgd_2_3_16.onnx+pgd_2_3_16_4509.vnnlib budget=100s gt=unknown
[probe]    verdict=UNSAT [no_gt] wall=8.6s cov=1.0000
[probe] [vit_2023 hashemi m=2000] inst 3/3 pgd_2_3_16.onnx+pgd_2_3_16_6246.vnnlib budget=100s gt=unsat
[probe]    verdict=UNSAT [ok] wall=9.5s cov=1.0000
[probe] [vit_2023 hashemi m=4000] inst 1/3 pgd_2_3_16.onnx+pgd_2_3_16_2446.vnnlib budget=100s gt=unsat
[probe]    verdict=UNSAT [ok] wall=30.4s cov=1.0000
[probe] [vit_2023 hashemi m=4000] inst 2/3 pgd_2_3_16.onnx+pgd_2_3_16_4509.vnnlib budget=100s gt=unknown
[probe]    verdict=UNSAT [no_gt] wall=29.5s cov=1.0000
[probe] [vit_2023 hashemi m=4000] inst 3/3 pgd_2_3_16.onnx+pgd_2_3_16_6246.vnnlib budget=100s gt=unsat
[probe]    verdict=UNSAT [ok] wall=30.7s cov=1.0000
[probe] [vit_2023 hashemi m=8000] inst 1/3 pgd_2_3_16.onnx+pgd_2_3_16_2446.vnnlib budget=100s gt=unsat
[probe]    verdict=TIMEOUT wall=101.1s cov=
[probe] [vit_2023 hashemi m=8000] inst 2 pgd_2_3_16.onnx+pgd_2_3_16_4509.vnnlib  -> SKIPPED
[probe] [vit_2023 hashemi m=8000] inst 3 pgd_2_3_16.onnx+pgd_2_3_16_6246.vnnlib  -> SKIPPED
[probe] [vit_2023 ours tiny] inst 1/3 pgd_2_3_16.onnx+pgd_2_3_16_2446.vnnlib budget=100s gt=unsat
[probe]    verdict=TIMEOUT wall=100.0s cov=
[probe] [vit_2023 ours tiny] inst 2 pgd_2_3_16.onnx+pgd_2_3_16_4509.vnnlib  -> SKIPPED
[probe] [vit_2023 ours tiny] inst 3 pgd_2_3_16.onnx+pgd_2_3_16_6246.vnnlib  -> SKIPPED
[probe] [vit_2023 ours small] inst 1/3 pgd_2_3_16.onnx+pgd_2_3_16_2446.vnnlib budget=100s gt=unsat
[probe]    verdict=TIMEOUT wall=100.0s cov=
[probe] [vit_2023 ours small] inst 2 pgd_2_3_16.onnx+pgd_2_3_16_4509.vnnlib  -> SKIPPED
[probe] [vit_2023 ours small] inst 3 pgd_2_3_16.onnx+pgd_2_3_16_6246.vnnlib  -> SKIPPED
[probe] [vit_2023 ours medium] inst 1/3 pgd_2_3_16.onnx+pgd_2_3_16_2446.vnnlib budget=100s gt=unsat
[probe]    verdict=TIMEOUT wall=100.0s cov=
[probe] [vit_2023 ours medium] inst 2 pgd_2_3_16.onnx+pgd_2_3_16_4509.vnnlib  -> SKIPPED
[probe] [vit_2023 ours medium] inst 3 pgd_2_3_16.onnx+pgd_2_3_16_6246.vnnlib  -> SKIPPED
[probe] [vit_2023 ours large] inst 1/3 pgd_2_3_16.onnx+pgd_2_3_16_2446.vnnlib budget=100s gt=unsat
[probe]    verdict=TIMEOUT wall=100.0s cov=
[probe] [vit_2023 ours large] inst 2 pgd_2_3_16.onnx+pgd_2_3_16_4509.vnnlib  -> SKIPPED
[probe] [vit_2023 ours large] inst 3 pgd_2_3_16.onnx+pgd_2_3_16_6246.vnnlib  -> SKIPPED
[probe] [vit_2023 ours full] inst 1/3 pgd_2_3_16.onnx+pgd_2_3_16_2446.vnnlib budget=100s gt=unsat
[probe]    verdict=TIMEOUT wall=100.0s cov=
[probe] [vit_2023 ours full] inst 2 pgd_2_3_16.onnx+pgd_2_3_16_4509.vnnlib  -> SKIPPED
[probe] [vit_2023 ours full] inst 3 pgd_2_3_16.onnx+pgd_2_3_16_6246.vnnlib  -> SKIPPED
[probe] [vit_2023 ours mega] inst 1/3 pgd_2_3_16.onnx+pgd_2_3_16_2446.vnnlib budget=100s gt=unsat
[probe]    verdict=TIMEOUT wall=100.0s cov=
[probe] [vit_2023 ours mega] inst 2 pgd_2_3_16.onnx+pgd_2_3_16_4509.vnnlib  -> SKIPPED
[probe] [vit_2023 ours mega] inst 3 pgd_2_3_16.onnx+pgd_2_3_16_6246.vnnlib  -> SKIPPED

[probe] === benchmark: yolo_2023 === (elapsed=91.1min)
[probe]   3 instances; budgets: [350, 350, 350]; gt-verifiers: ['alpha_beta_crown', 'pyrat']
[probe] [yolo_2023 hashemi m=500] inst 1/3 patch-1.onnx+spec_onnx_patch-1_idx_00559_0.vnnlib budget=350s gt=unsat
/home/sasakis/v/tools/n2v/third_party/onnx2torch/onnx2torch/node_converters/scatter_nd.py:77: UserWarning: Using a non-tuple sequence for multidimensional indexing is deprecated and will be changed in pytorch 2.9; use x[tuple(seq)] instead of x[seq]. In pytorch 2.9 this will be interpreted as tensor index, x[torch.tensor(seq)], which will result either in an error or a different result (Triggered internally at /pytorch/torch/csrc/autograd/python_variable_indexing.cpp:306.)
  output[output_indices] = output_updates
[probe]    verdict=UNSAT [ok] wall=17.3s cov=0.9990
[probe] [yolo_2023 hashemi m=500] inst 2/3 patch-1.onnx+spec_onnx_patch-1_idx_16972_2.vnnlib budget=350s gt=sat
[probe]    verdict=UNSAT [FALSE_UNSAT] wall=17.4s cov=1.0000
[probe] [yolo_2023 hashemi m=500] inst 3/3 patch-3.onnx+spec_onnx_patch-3_idx_05840_0.vnnlib budget=350s gt=sat
[probe]    verdict=UNSAT [FALSE_UNSAT] wall=16.8s cov=1.0000
[probe] [yolo_2023 hashemi m=1000] inst 1/3 patch-1.onnx+spec_onnx_patch-1_idx_00559_0.vnnlib budget=350s gt=unsat
[probe]    verdict=UNSAT [ok] wall=25.6s cov=1.0000
[probe] [yolo_2023 hashemi m=1000] inst 2/3 patch-1.onnx+spec_onnx_patch-1_idx_16972_2.vnnlib budget=350s gt=sat
[probe]    verdict=UNSAT [FALSE_UNSAT] wall=25.2s cov=1.0000
[probe] [yolo_2023 hashemi m=1000] inst 3/3 patch-3.onnx+spec_onnx_patch-3_idx_05840_0.vnnlib budget=350s gt=sat
[probe]    verdict=UNSAT [FALSE_UNSAT] wall=22.8s cov=0.9960
[probe] [yolo_2023 hashemi m=2000] inst 1/3 patch-1.onnx+spec_onnx_patch-1_idx_00559_0.vnnlib budget=350s gt=unsat
[probe]    verdict=UNSAT [ok] wall=38.2s cov=1.0000
[probe] [yolo_2023 hashemi m=2000] inst 2/3 patch-1.onnx+spec_onnx_patch-1_idx_16972_2.vnnlib budget=350s gt=sat
[probe]    verdict=UNSAT [FALSE_UNSAT] wall=37.8s cov=1.0000
[probe] [yolo_2023 hashemi m=2000] inst 3/3 patch-3.onnx+spec_onnx_patch-3_idx_05840_0.vnnlib budget=350s gt=sat
[probe]    verdict=UNSAT [FALSE_UNSAT] wall=37.3s cov=0.9960
[probe] [yolo_2023 hashemi m=4000] inst 1/3 patch-1.onnx+spec_onnx_patch-1_idx_00559_0.vnnlib budget=350s gt=unsat
[probe]    verdict=UNSAT [ok] wall=76.0s cov=1.0000
[probe] [yolo_2023 hashemi m=4000] inst 2/3 patch-1.onnx+spec_onnx_patch-1_idx_16972_2.vnnlib budget=350s gt=sat
[probe]    verdict=UNKNOWN wall=73.8s cov=1.0000
[probe] [yolo_2023 hashemi m=4000] inst 3/3 patch-3.onnx+spec_onnx_patch-3_idx_05840_0.vnnlib budget=350s gt=sat
[probe]    verdict=UNKNOWN wall=69.7s cov=1.0000
[probe] [yolo_2023 hashemi m=8000] inst 1/3 patch-1.onnx+spec_onnx_patch-1_idx_00559_0.vnnlib budget=350s gt=unsat
[probe]    verdict=UNSAT [ok] wall=156.4s cov=1.0000
[probe] [yolo_2023 hashemi m=8000] inst 2/3 patch-1.onnx+spec_onnx_patch-1_idx_16972_2.vnnlib budget=350s gt=sat
[probe]    verdict=UNKNOWN wall=157.3s cov=1.0000
[probe] [yolo_2023 hashemi m=8000] inst 3/3 patch-3.onnx+spec_onnx_patch-3_idx_05840_0.vnnlib budget=350s gt=sat
[probe]    verdict=UNKNOWN wall=156.7s cov=1.0000
[probe] [yolo_2023 ours tiny] inst 1/3 patch-1.onnx+spec_onnx_patch-1_idx_00559_0.vnnlib budget=350s gt=unsat
[probe]    verdict=ERROR wall=95.1s cov=
[probe] [yolo_2023 ours tiny] inst 2/3 patch-1.onnx+spec_onnx_patch-1_idx_16972_2.vnnlib budget=350s gt=sat
[probe]    verdict=ERROR wall=94.0s cov=
[probe] [yolo_2023 ours tiny] inst 3/3 patch-3.onnx+spec_onnx_patch-3_idx_05840_0.vnnlib budget=350s gt=sat
[probe]    verdict=ERROR wall=90.1s cov=
[probe] [yolo_2023 ours small] inst 1/3 patch-1.onnx+spec_onnx_patch-1_idx_00559_0.vnnlib budget=350s gt=unsat
[probe]    verdict=ERROR wall=98.7s cov=
[probe] [yolo_2023 ours small] inst 2/3 patch-1.onnx+spec_onnx_patch-1_idx_16972_2.vnnlib budget=350s gt=sat
[probe]    verdict=ERROR wall=98.8s cov=
[probe] [yolo_2023 ours small] inst 3/3 patch-3.onnx+spec_onnx_patch-3_idx_05840_0.vnnlib budget=350s gt=sat
[probe]    verdict=ERROR wall=93.2s cov=
[probe] [yolo_2023 ours medium] inst 1/3 patch-1.onnx+spec_onnx_patch-1_idx_00559_0.vnnlib budget=350s gt=unsat
[probe]    verdict=ERROR wall=106.9s cov=
[probe] [yolo_2023 ours medium] inst 2/3 patch-1.onnx+spec_onnx_patch-1_idx_16972_2.vnnlib budget=350s gt=sat
[probe]    verdict=ERROR wall=108.6s cov=
[probe] [yolo_2023 ours medium] inst 3/3 patch-3.onnx+spec_onnx_patch-3_idx_05840_0.vnnlib budget=350s gt=sat
[probe]    verdict=ERROR wall=101.5s cov=
[probe] [yolo_2023 ours large] inst 1/3 patch-1.onnx+spec_onnx_patch-1_idx_00559_0.vnnlib budget=350s gt=unsat
[probe]    verdict=ERROR wall=115.1s cov=
[probe] [yolo_2023 ours large] inst 2/3 patch-1.onnx+spec_onnx_patch-1_idx_16972_2.vnnlib budget=350s gt=sat
[probe]    verdict=ERROR wall=114.6s cov=
[probe] [yolo_2023 ours large] inst 3/3 patch-3.onnx+spec_onnx_patch-3_idx_05840_0.vnnlib budget=350s gt=sat
[probe]    verdict=ERROR wall=100.5s cov=
[probe] [yolo_2023 ours full] inst 1/3 patch-1.onnx+spec_onnx_patch-1_idx_00559_0.vnnlib budget=350s gt=unsat
[probe]    verdict=ERROR wall=124.2s cov=
[probe] [yolo_2023 ours full] inst 2/3 patch-1.onnx+spec_onnx_patch-1_idx_16972_2.vnnlib budget=350s gt=sat
[probe]    verdict=ERROR wall=122.1s cov=
[probe] [yolo_2023 ours full] inst 3/3 patch-3.onnx+spec_onnx_patch-3_idx_05840_0.vnnlib budget=350s gt=sat
[probe]    verdict=ERROR wall=116.4s cov=
[probe] [yolo_2023 ours mega] inst 1/3 patch-1.onnx+spec_onnx_patch-1_idx_00559_0.vnnlib budget=350s gt=unsat
[probe]    verdict=ERROR wall=181.0s cov=
[probe] [yolo_2023 ours mega] inst 2/3 patch-1.onnx+spec_onnx_patch-1_idx_16972_2.vnnlib budget=350s gt=sat
[probe]    verdict=ERROR wall=181.6s cov=
[probe] [yolo_2023 ours mega] inst 3/3 patch-3.onnx+spec_onnx_patch-3_idx_05840_0.vnnlib budget=350s gt=sat
[probe]    verdict=ERROR wall=172.1s cov=

[probe] === benchmark: cifar10_resnet110 === (elapsed=141.8min)
[probe]   3 instances; budgets: [300, 300, 300]; gt-verifiers: []
[probe] [cifar10_resnet110 hashemi m=500] inst 1/3 cifar10_test_0000_label_3 budget=300s gt=unknown
[probe]    verdict=UNSAT [no_gt] wall=3.3s cov=1.0000
[probe] [cifar10_resnet110 hashemi m=500] inst 2/3 cifar10_test_0001_label_8 budget=300s gt=unknown
[probe]    verdict=UNSAT [no_gt] wall=3.3s cov=0.9990
[probe] [cifar10_resnet110 hashemi m=500] inst 3/3 cifar10_test_0002_label_8 budget=300s gt=unknown
[probe]    verdict=UNSAT [no_gt] wall=3.5s cov=1.0000
[probe] [cifar10_resnet110 hashemi m=1000] inst 1/3 cifar10_test_0000_label_3 budget=300s gt=unknown
[probe]    verdict=UNSAT [no_gt] wall=6.7s cov=1.0000
[probe] [cifar10_resnet110 hashemi m=1000] inst 2/3 cifar10_test_0001_label_8 budget=300s gt=unknown
[probe]    verdict=UNSAT [no_gt] wall=6.9s cov=0.9970
[probe] [cifar10_resnet110 hashemi m=1000] inst 3/3 cifar10_test_0002_label_8 budget=300s gt=unknown
[probe]    verdict=UNSAT [no_gt] wall=6.8s cov=0.9990
[probe] [cifar10_resnet110 hashemi m=2000] inst 1/3 cifar10_test_0000_label_3 budget=300s gt=unknown
[probe]    verdict=UNSAT [no_gt] wall=15.0s cov=1.0000
[probe] [cifar10_resnet110 hashemi m=2000] inst 2/3 cifar10_test_0001_label_8 budget=300s gt=unknown
[probe]    verdict=UNSAT [no_gt] wall=15.2s cov=1.0000
[probe] [cifar10_resnet110 hashemi m=2000] inst 3/3 cifar10_test_0002_label_8 budget=300s gt=unknown
[probe]    verdict=UNSAT [no_gt] wall=14.6s cov=1.0000
[probe] [cifar10_resnet110 hashemi m=4000] inst 1/3 cifar10_test_0000_label_3 budget=300s gt=unknown
[probe]    verdict=UNSAT [no_gt] wall=40.7s cov=1.0000
[probe] [cifar10_resnet110 hashemi m=4000] inst 2/3 cifar10_test_0001_label_8 budget=300s gt=unknown
[probe]    verdict=UNSAT [no_gt] wall=39.9s cov=0.9980
[probe] [cifar10_resnet110 hashemi m=4000] inst 3/3 cifar10_test_0002_label_8 budget=300s gt=unknown
[probe]    verdict=UNSAT [no_gt] wall=40.4s cov=1.0000
[probe] [cifar10_resnet110 hashemi m=8000] inst 1/3 cifar10_test_0000_label_3 budget=300s gt=unknown
[probe]    verdict=UNSAT [no_gt] wall=133.7s cov=0.9990
[probe] [cifar10_resnet110 hashemi m=8000] inst 2/3 cifar10_test_0001_label_8 budget=300s gt=unknown
[probe]    verdict=UNSAT [no_gt] wall=132.3s cov=1.0000
[probe] [cifar10_resnet110 hashemi m=8000] inst 3/3 cifar10_test_0002_label_8 budget=300s gt=unknown
[probe]    verdict=UNSAT [no_gt] wall=132.4s cov=1.0000
[probe] [cifar10_resnet110 ours tiny] inst 1/3 cifar10_test_0000_label_3 budget=300s gt=unknown
[probe]    verdict=ERROR [no_gt] wall=19.2s cov=
[probe] [cifar10_resnet110 ours tiny] inst 2/3 cifar10_test_0001_label_8 budget=300s gt=unknown
[probe]    verdict=ERROR [no_gt] wall=19.0s cov=
[probe] [cifar10_resnet110 ours tiny] inst 3/3 cifar10_test_0002_label_8 budget=300s gt=unknown
[probe]    verdict=ERROR [no_gt] wall=19.6s cov=
[probe] [cifar10_resnet110 ours small] inst 1/3 cifar10_test_0000_label_3 budget=300s gt=unknown
[probe]    verdict=ERROR [no_gt] wall=19.1s cov=
[probe] [cifar10_resnet110 ours small] inst 2/3 cifar10_test_0001_label_8 budget=300s gt=unknown
[probe]    verdict=ERROR [no_gt] wall=19.2s cov=
[probe] [cifar10_resnet110 ours small] inst 3/3 cifar10_test_0002_label_8 budget=300s gt=unknown
[probe]    verdict=ERROR [no_gt] wall=18.9s cov=
[probe] [cifar10_resnet110 ours medium] inst 1/3 cifar10_test_0000_label_3 budget=300s gt=unknown
[probe]    verdict=ERROR [no_gt] wall=20.0s cov=
[probe] [cifar10_resnet110 ours medium] inst 2/3 cifar10_test_0001_label_8 budget=300s gt=unknown
[probe]    verdict=ERROR [no_gt] wall=20.0s cov=
[probe] [cifar10_resnet110 ours medium] inst 3/3 cifar10_test_0002_label_8 budget=300s gt=unknown
[probe]    verdict=ERROR [no_gt] wall=20.2s cov=
[probe] [cifar10_resnet110 ours large] inst 1/3 cifar10_test_0000_label_3 budget=300s gt=unknown
[probe]    verdict=ERROR [no_gt] wall=21.7s cov=
[probe] [cifar10_resnet110 ours large] inst 2/3 cifar10_test_0001_label_8 budget=300s gt=unknown
[probe]    verdict=ERROR [no_gt] wall=22.2s cov=
[probe] [cifar10_resnet110 ours large] inst 3/3 cifar10_test_0002_label_8 budget=300s gt=unknown
[probe]    verdict=ERROR [no_gt] wall=21.7s cov=
[probe] [cifar10_resnet110 ours full] inst 1/3 cifar10_test_0000_label_3 budget=300s gt=unknown
[probe]    verdict=ERROR [no_gt] wall=23.8s cov=
[probe] [cifar10_resnet110 ours full] inst 2/3 cifar10_test_0001_label_8 budget=300s gt=unknown
[probe]    verdict=ERROR [no_gt] wall=23.2s cov=
[probe] [cifar10_resnet110 ours full] inst 3/3 cifar10_test_0002_label_8 budget=300s gt=unknown
[probe]    verdict=ERROR [no_gt] wall=23.0s cov=
[probe] [cifar10_resnet110 ours mega] inst 1/3 cifar10_test_0000_label_3 budget=300s gt=unknown
[probe]    verdict=ERROR [no_gt] wall=40.1s cov=
[probe] [cifar10_resnet110 ours mega] inst 2/3 cifar10_test_0001_label_8 budget=300s gt=unknown
[probe]    verdict=ERROR [no_gt] wall=41.0s cov=
[probe] [cifar10_resnet110 ours mega] inst 3/3 cifar10_test_0002_label_8 budget=300s gt=unknown
[probe]    verdict=ERROR [no_gt] wall=40.1s cov=

[probe] === benchmark: vit_small_cifar10 === (elapsed=159.0min)
[probe]   3 instances; budgets: [300, 300, 300]; gt-verifiers: []
[probe] [vit_small_cifar10 hashemi m=500] inst 1/3 cifar10_test_0000_label_3 budget=300s gt=unknown
[probe]    verdict=UNSAT [no_gt] wall=38.7s cov=0.9950
[probe] [vit_small_cifar10 hashemi m=500] inst 2/3 cifar10_test_0001_label_8 budget=300s gt=unknown
[probe]    verdict=UNKNOWN [no_gt] wall=39.4s cov=1.0000
[probe] [vit_small_cifar10 hashemi m=500] inst 3/3 cifar10_test_0002_label_8 budget=300s gt=unknown
[probe]    verdict=UNKNOWN [no_gt] wall=41.3s cov=0.9980
[probe] [vit_small_cifar10 hashemi m=1000] inst 1/3 cifar10_test_0000_label_3 budget=300s gt=unknown
[probe]    verdict=UNSAT [no_gt] wall=56.3s cov=1.0000
[probe] [vit_small_cifar10 hashemi m=1000] inst 2/3 cifar10_test_0001_label_8 budget=300s gt=unknown
[probe]    verdict=UNKNOWN [no_gt] wall=55.9s cov=0.9990
[probe] [vit_small_cifar10 hashemi m=1000] inst 3/3 cifar10_test_0002_label_8 budget=300s gt=unknown
[probe]    verdict=UNKNOWN [no_gt] wall=58.6s cov=0.9990
[probe] [vit_small_cifar10 hashemi m=2000] inst 1/3 cifar10_test_0000_label_3 budget=300s gt=unknown
[probe]    verdict=UNSAT [no_gt] wall=93.8s cov=1.0000
[probe] [vit_small_cifar10 hashemi m=2000] inst 2/3 cifar10_test_0001_label_8 budget=300s gt=unknown
[probe]    verdict=UNKNOWN [no_gt] wall=96.1s cov=1.0000
[probe] [vit_small_cifar10 hashemi m=2000] inst 3/3 cifar10_test_0002_label_8 budget=300s gt=unknown
[probe]    verdict=UNKNOWN [no_gt] wall=94.2s cov=1.0000
[probe] [vit_small_cifar10 hashemi m=4000] inst 1/3 cifar10_test_0000_label_3 budget=300s gt=unknown
[probe]    verdict=UNSAT [no_gt] wall=175.6s cov=1.0000
[probe] [vit_small_cifar10 hashemi m=4000] inst 2/3 cifar10_test_0001_label_8 budget=300s gt=unknown
[probe]    verdict=UNKNOWN [no_gt] wall=175.4s cov=0.9990
[probe] [vit_small_cifar10 hashemi m=4000] inst 3/3 cifar10_test_0002_label_8 budget=300s gt=unknown
[probe]    verdict=UNKNOWN [no_gt] wall=176.8s cov=1.0000
[probe] [vit_small_cifar10 hashemi m=8000] inst 1/3 cifar10_test_0000_label_3 budget=300s gt=unknown
[probe]    verdict=TIMEOUT [no_gt] wall=307.4s cov=
[probe] [vit_small_cifar10 hashemi m=8000] inst 2 cifar10_test_0001_label_8  -> SKIPPED
[probe] [vit_small_cifar10 hashemi m=8000] inst 3 cifar10_test_0002_label_8  -> SKIPPED
[probe] [vit_small_cifar10 ours tiny] inst 1/3 cifar10_test_0000_label_3 budget=300s gt=unknown
[probe]    verdict=TIMEOUT [no_gt] wall=300.7s cov=
[probe] [vit_small_cifar10 ours tiny] inst 2 cifar10_test_0001_label_8  -> SKIPPED
[probe] [vit_small_cifar10 ours tiny] inst 3 cifar10_test_0002_label_8  -> SKIPPED
[probe] [vit_small_cifar10 ours small] inst 1/3 cifar10_test_0000_label_3 budget=300s gt=unknown
[probe]    verdict=TIMEOUT [no_gt] wall=301.3s cov=
[probe] [vit_small_cifar10 ours small] inst 2 cifar10_test_0001_label_8  -> SKIPPED
[probe] [vit_small_cifar10 ours small] inst 3 cifar10_test_0002_label_8  -> SKIPPED
[probe] [vit_small_cifar10 ours medium] inst 1/3 cifar10_test_0000_label_3 budget=300s gt=unknown
[probe]    verdict=TIMEOUT [no_gt] wall=302.7s cov=
[probe] [vit_small_cifar10 ours medium] inst 2 cifar10_test_0001_label_8  -> SKIPPED
[probe] [vit_small_cifar10 ours medium] inst 3 cifar10_test_0002_label_8  -> SKIPPED
[probe] [vit_small_cifar10 ours large] inst 1/3 cifar10_test_0000_label_3 budget=300s gt=unknown
[probe]    verdict=TIMEOUT [no_gt] wall=307.1s cov=
[probe] [vit_small_cifar10 ours large] inst 2 cifar10_test_0001_label_8  -> SKIPPED
[probe] [vit_small_cifar10 ours large] inst 3 cifar10_test_0002_label_8  -> SKIPPED
[probe] [vit_small_cifar10 ours full] inst 1/3 cifar10_test_0000_label_3 budget=300s gt=unknown
[probe]    verdict=TIMEOUT [no_gt] wall=305.7s cov=
[probe] [vit_small_cifar10 ours full] inst 2 cifar10_test_0001_label_8  -> SKIPPED
[probe] [vit_small_cifar10 ours full] inst 3 cifar10_test_0002_label_8  -> SKIPPED
[probe] [vit_small_cifar10 ours mega] inst 1/3 cifar10_test_0000_label_3 budget=300s gt=unknown
[probe]    verdict=TIMEOUT [no_gt] wall=303.1s cov=
[probe] [vit_small_cifar10 ours mega] inst 2 cifar10_test_0001_label_8  -> SKIPPED
[probe] [vit_small_cifar10 ours mega] inst 3 cifar10_test_0002_label_8  -> SKIPPED

[probe] === probe v2 complete in 213.0 min ===
[probe] wrote examples/FlowConformal/probes/outputs/probe_v2_.csv
