[probe] benchmarks: ['cora_2024', 'safenlp_2024', 'vit_2023', 'collins_rul_cnn_2022', 'acasxu_2023', 'dist_shift_2023', 'linearizenn_2024', 'tllverify_2023', 'cifar10_resnet110', 'vit_small_cifar10', 'yolo_2023']
[probe] N inst/cell: 5
[probe] verification: amls_bounded
[probe] output CSV:  examples/FlowConformal/probes/outputs/probe_amls_bounded_lock.csv

[probe] === benchmark: cora_2024 === (elapsed=0.0min)
  5 instances; budgets: [30, 30, 30, 30, 30]
  ground-truth verifiers: ['alpha_beta_crown', 'neuralsat', 'pyrat', 'nnenum', 'nnv']

  trying config micro: n_train=200, flow_epochs=300, scenario_n_samples=100
    [micro] inst 1/5 mnist-point.onnx+mnist-img0.vnnlib budget=30s gt=sat
        verdict=TIMEOUT  wall=30.0s
  ✗ micro failed: TIMEOUT inst 1 (30.0s)

  trying config nano: n_train=100, flow_epochs=200, scenario_n_samples=50
    [nano] inst 1/5 mnist-point.onnx+mnist-img0.vnnlib budget=30s gt=sat
        verdict=TIMEOUT  wall=30.0s
  ✗ nano failed: TIMEOUT inst 1 (30.0s)
  ✗✗ cora_2024: no config fits down to nano

[probe] === benchmark: safenlp_2024 === (elapsed=1.1min)
  5 instances; budgets: [20, 20, 20, 20, 20]
  ground-truth verifiers: ['alpha_beta_crown', 'neuralsat', 'pyrat', 'nnenum', 'nnv']

  trying config tiny: n_train=500, flow_epochs=500, scenario_n_samples=250
    [tiny] inst 1/5 perturbations_0.onnx+hyperrectangle_418.vnnlib budget=20s gt=sat
        verdict=UNSAT  !!FALSE_UNSAT  wall=18.0s
  ✗ tiny failed: FALSE_UNSAT on inst 1

  trying config micro: n_train=200, flow_epochs=300, scenario_n_samples=100
    [micro] inst 1/5 perturbations_0.onnx+hyperrectangle_418.vnnlib budget=20s gt=sat
        verdict=UNSAT  !!FALSE_UNSAT  wall=16.8s
  ✗ micro failed: FALSE_UNSAT on inst 1

  trying config nano: n_train=100, flow_epochs=200, scenario_n_samples=50
    [nano] inst 1/5 perturbations_0.onnx+hyperrectangle_418.vnnlib budget=20s gt=sat
        verdict=UNSAT  !!FALSE_UNSAT  wall=16.3s
  ✗ nano failed: FALSE_UNSAT on inst 1
  ✗✗ safenlp_2024: no config fits down to nano

[probe] === benchmark: vit_2023 === (elapsed=1.9min)
  5 instances; budgets: [100, 100, 100, 100, 100]
  ground-truth verifiers: ['alpha_beta_crown', 'neuralsat', 'pyrat', 'nnv']

  trying config micro: n_train=200, flow_epochs=300, scenario_n_samples=100
    [micro] inst 1/5 pgd_2_3_16.onnx+pgd_2_3_16_2446.vnnlib budget=100s gt=unsat
/home/sasakis/v/tools/n2v/third_party/onnx2torch/onnx2torch/node_converters/slice.py:67: UserWarning: Using a non-tuple sequence for multidimensional indexing is deprecated and will be changed in pytorch 2.9; use x[tuple(seq)] instead of x[seq]. In pytorch 2.9 this will be interpreted as tensor index, x[torch.tensor(seq)], which will result either in an error or a different result (Triggered internally at /pytorch/torch/csrc/autograd/python_variable_indexing.cpp:306.)
  x = x[pos_axes_slices]
        verdict=TIMEOUT  wall=100.0s
  ✗ micro failed: TIMEOUT inst 1 (100.0s)

  trying config nano: n_train=100, flow_epochs=200, scenario_n_samples=50
    [nano] inst 1/5 pgd_2_3_16.onnx+pgd_2_3_16_2446.vnnlib budget=100s gt=unsat
        verdict=TIMEOUT  wall=100.0s
  ✗ nano failed: TIMEOUT inst 1 (100.0s)
  ✗✗ vit_2023: no config fits down to nano

[probe] === benchmark: collins_rul_cnn_2022 === (elapsed=5.2min)
  5 instances; budgets: [30, 30, 60, 60, 60]
  ground-truth verifiers: ['alpha_beta_crown', 'neuralsat', 'pyrat', 'nnenum', 'nnv']

  trying config small: n_train=1000, flow_epochs=1000, scenario_n_samples=500
    [small] inst 1/5 NN_rul_small_window_20.onnx+robustness_2perturbations_delta5_epsilon10_w20.vnnlib budget=30s gt=sat
        verdict=UNKNOWN  flag=  wall=18.0s
    [small] inst 2/5 NN_rul_small_window_20.onnx+robustness_2perturbations_delta10_epsilon10_w20.vnnlib budget=30s gt=unsat
        verdict=UNSAT  flag=ok  wall=29.6s
    [small] inst 3/5 NN_rul_small_window_20.onnx+robustness_2perturbations_delta20_epsilon10_w20.vnnlib budget=60s gt=unsat
        verdict=UNSAT  flag=ok  wall=30.0s
    [small] inst 4/5 NN_rul_small_window_20.onnx+robustness_2perturbations_delta40_epsilon10_w20.vnnlib budget=60s gt=unsat
        verdict=UNSAT  flag=ok  wall=29.9s
    [small] inst 5/5 NN_rul_small_window_20.onnx+robustness_4perturbations_delta5_epsilon10_w20.vnnlib budget=60s gt=sat
        verdict=UNKNOWN  flag=  wall=17.7s
  ✓ collins_rul_cnn_2022 locked at config small

[probe] === benchmark: acasxu_2023 === (elapsed=7.3min)
  5 instances; budgets: [116, 116, 116, 116, 116]
  ground-truth verifiers: ['alpha_beta_crown', 'neuralsat', 'pyrat', 'nnenum', 'nnv']

  trying config mega: n_train=10000, flow_epochs=2000, scenario_n_samples=2000
    [mega] inst 1/5 ACASXU_run2a_1_1_batch_2000.onnx+prop_1.vnnlib budget=116s gt=unsat
        verdict=UNSAT  flag=ok  wall=66.9s
    [mega] inst 2/5 ACASXU_run2a_1_2_batch_2000.onnx+prop_1.vnnlib budget=116s gt=unsat
        verdict=UNSAT  flag=ok  wall=66.8s
    [mega] inst 3/5 ACASXU_run2a_1_3_batch_2000.onnx+prop_1.vnnlib budget=116s gt=unsat
        verdict=UNSAT  flag=ok  wall=67.1s
    [mega] inst 4/5 ACASXU_run2a_1_4_batch_2000.onnx+prop_1.vnnlib budget=116s gt=unsat
        verdict=UNSAT  flag=ok  wall=66.8s
    [mega] inst 5/5 ACASXU_run2a_1_5_batch_2000.onnx+prop_1.vnnlib budget=116s gt=unsat
        verdict=UNSAT  flag=ok  wall=66.6s
  ✓ acasxu_2023 locked at config mega

[probe] === benchmark: dist_shift_2023 === (elapsed=12.9min)
  5 instances; budgets: [300, 300, 300, 300, 300]
  ground-truth verifiers: ['alpha_beta_crown', 'neuralsat', 'pyrat', 'nnv']

  trying config mega: n_train=10000, flow_epochs=2000, scenario_n_samples=2000
    [mega] inst 1/5 mnist_concat.onnx+index7901_delta0.13.vnnlib budget=300s gt=unsat
        verdict=UNSAT  flag=ok  wall=62.1s
    [mega] inst 2/5 mnist_concat.onnx+index6323_delta0.13.vnnlib budget=300s gt=unsat
        verdict=UNSAT  flag=ok  wall=61.6s
    [mega] inst 3/5 mnist_concat.onnx+index7027_delta0.13.vnnlib budget=300s gt=unsat
        verdict=UNSAT  flag=ok  wall=62.2s
    [mega] inst 4/5 mnist_concat.onnx+index7116_delta0.13.vnnlib budget=300s gt=unsat
        verdict=UNSAT  flag=ok  wall=61.6s
    [mega] inst 5/5 mnist_concat.onnx+index1373_delta0.13.vnnlib budget=300s gt=unsat
        verdict=UNSAT  flag=ok  wall=63.4s
  ✓ dist_shift_2023 locked at config mega

[probe] === benchmark: linearizenn_2024 === (elapsed=18.1min)
  5 instances; budgets: [900, 900, 900, 900, 900]
  ground-truth verifiers: ['alpha_beta_crown', 'neuralsat', 'pyrat', 'nnenum', 'nnv']

  trying config mega: n_train=10000, flow_epochs=2000, scenario_n_samples=2000
    [mega] inst 1/5 AllInOne_10_10.onnx+prop_10_10.vnnlib budget=900s gt=sat
        verdict=UNKNOWN  flag=  wall=71.1s
    [mega] inst 2/5 AllInOne_10_10.onnx+prop_10_10_0.vnnlib budget=900s gt=unsat
        verdict=UNSAT  flag=ok  wall=73.6s
    [mega] inst 3/5 AllInOne_10_10.onnx+prop_10_10_1.vnnlib budget=900s gt=unsat
        verdict=UNSAT  flag=ok  wall=73.4s
    [mega] inst 4/5 AllInOne_10_10.onnx+prop_10_10_2.vnnlib budget=900s gt=unsat
        verdict=UNSAT  flag=ok  wall=82.8s
    [mega] inst 5/5 AllInOne_10_10.onnx+prop_10_10_3.vnnlib budget=900s gt=unsat
        verdict=UNSAT  flag=ok  wall=85.0s
  ✓ linearizenn_2024 locked at config mega

[probe] === benchmark: tllverify_2023 === (elapsed=24.5min)
  5 instances; budgets: [600, 600, 600, 600, 600]
  ground-truth verifiers: ['alpha_beta_crown', 'neuralsat', 'pyrat', 'nnenum', 'nnv']

  trying config mega: n_train=10000, flow_epochs=2000, scenario_n_samples=2000
    [mega] inst 1/5 tllBench_n=2_N=M=8_m=1_instance_0_0.onnx+property_N=8_0.vnnlib budget=600s gt=unsat
        verdict=UNSAT  flag=ok  wall=65.5s
    [mega] inst 2/5 tllBench_n=2_N=M=8_m=1_instance_0_1.onnx+property_N=8_1.vnnlib budget=600s gt=unsat
        verdict=UNSAT  flag=ok  wall=74.0s
    [mega] inst 3/5 tllBench_n=2_N=M=8_m=1_instance_0_2.onnx+property_N=8_2.vnnlib budget=600s gt=unsat
        verdict=UNSAT  flag=ok  wall=62.2s
    [mega] inst 4/5 tllBench_n=2_N=M=8_m=1_instance_0_3.onnx+property_N=8_3.vnnlib budget=600s gt=sat
        verdict=UNKNOWN  flag=  wall=50.7s
    [mega] inst 5/5 tllBench_n=2_N=M=16_m=1_instance_1_0.onnx+property_N=16_0.vnnlib budget=600s gt=unsat
        verdict=UNSAT  flag=ok  wall=63.0s
  ✓ tllverify_2023 locked at config mega

[probe] === benchmark: cifar10_resnet110 === (elapsed=29.8min)
  5 instances; budgets: [300, 300, 300, 300, 300]
  ground-truth verifiers: []

  trying config mega: n_train=10000, flow_epochs=2000, scenario_n_samples=2000
    [mega] inst 1/5 cifar10_test_0000_label_3 budget=300s gt=unknown
        verdict=UNSAT  flag=no_gt  wall=212.0s
    [mega] inst 2/5 cifar10_test_0001_label_8 budget=300s gt=unknown
        verdict=UNSAT  flag=no_gt  wall=218.0s
    [mega] inst 3/5 cifar10_test_0002_label_8 budget=300s gt=unknown
        verdict=UNSAT  flag=no_gt  wall=224.0s
    [mega] inst 4/5 cifar10_test_0003_label_0 budget=300s gt=unknown
        verdict=UNSAT  flag=no_gt  wall=214.4s
    [mega] inst 5/5 cifar10_test_0004_label_6 budget=300s gt=unknown
        verdict=UNKNOWN  flag=no_gt  wall=190.3s
  ✓ cifar10_resnet110 locked at config mega

[probe] === benchmark: vit_small_cifar10 === (elapsed=47.4min)
  5 instances; budgets: [300, 300, 300, 300, 300]
  ground-truth verifiers: []

  trying config small: n_train=1000, flow_epochs=1000, scenario_n_samples=500
    [small] inst 1/5 cifar10_test_0000_label_3 budget=300s gt=unknown
        verdict=TIMEOUT  wall=300.6s
  ✗ small failed: TIMEOUT inst 1 (300.6s)

  trying config tiny: n_train=500, flow_epochs=500, scenario_n_samples=250
    [tiny] inst 1/5 cifar10_test_0000_label_3 budget=300s gt=unknown
        verdict=TIMEOUT  wall=300.6s
  ✗ tiny failed: TIMEOUT inst 1 (300.6s)

  trying config micro: n_train=200, flow_epochs=300, scenario_n_samples=100
    [micro] inst 1/5 cifar10_test_0000_label_3 budget=300s gt=unknown
        verdict=TIMEOUT  wall=300.2s
  ✗ micro failed: TIMEOUT inst 1 (300.2s)

  trying config nano: n_train=100, flow_epochs=200, scenario_n_samples=50
    [nano] inst 1/5 cifar10_test_0000_label_3 budget=300s gt=unknown
        verdict=TIMEOUT  wall=300.1s
  ✗ nano failed: TIMEOUT inst 1 (300.1s)
  ✗✗ vit_small_cifar10: no config fits down to nano

[probe] === benchmark: yolo_2023 === (elapsed=67.5min)
  5 instances; budgets: [350, 350, 350, 350, 350]
  ground-truth verifiers: ['alpha_beta_crown', 'pyrat']

  trying config mega: n_train=10000, flow_epochs=2000, scenario_n_samples=2000
    [mega] inst 1/5 patch-1.onnx+spec_onnx_patch-1_idx_00559_0.vnnlib budget=350s gt=unsat
/home/sasakis/v/tools/n2v/third_party/onnx2torch/onnx2torch/node_converters/scatter_nd.py:77: UserWarning: Using a non-tuple sequence for multidimensional indexing is deprecated and will be changed in pytorch 2.9; use x[tuple(seq)] instead of x[seq]. In pytorch 2.9 this will be interpreted as tensor index, x[torch.tensor(seq)], which will result either in an error or a different result (Triggered internally at /pytorch/torch/csrc/autograd/python_variable_indexing.cpp:306.)
  output[output_indices] = output_updates
        verdict=UNSAT  flag=ok  wall=251.6s
    [mega] inst 2/5 patch-1.onnx+spec_onnx_patch-1_idx_16972_2.vnnlib budget=350s gt=sat
        verdict=UNSAT  !!FALSE_UNSAT  wall=252.9s
  ✗ mega failed: FALSE_UNSAT on inst 2

  trying config full: n_train=5000, flow_epochs=2000, scenario_n_samples=2000
    [full] inst 1/5 patch-1.onnx+spec_onnx_patch-1_idx_00559_0.vnnlib budget=350s gt=unsat
        verdict=UNSAT  flag=ok  wall=174.1s
    [full] inst 2/5 patch-1.onnx+spec_onnx_patch-1_idx_16972_2.vnnlib budget=350s gt=sat
        verdict=UNKNOWN  flag=  wall=170.0s
    [full] inst 3/5 patch-3.onnx+spec_onnx_patch-3_idx_05840_0.vnnlib budget=350s gt=sat
        verdict=UNKNOWN  flag=  wall=166.5s
    [full] inst 4/5 patch-1.onnx+spec_onnx_patch-1_idx_01937_0.vnnlib budget=350s gt=sat
        verdict=UNKNOWN  flag=  wall=164.9s
    [full] inst 5/5 patch-1.onnx+spec_onnx_patch-1_idx_12559_0.vnnlib budget=350s gt=sat
        verdict=UNSAT  !!FALSE_UNSAT  wall=174.2s
  ✗ full failed: FALSE_UNSAT on inst 5

  trying config large: n_train=3000, flow_epochs=1500, scenario_n_samples=1500
    [large] inst 1/5 patch-1.onnx+spec_onnx_patch-1_idx_00559_0.vnnlib budget=350s gt=unsat
        verdict=UNSAT  flag=ok  wall=142.4s
    [large] inst 2/5 patch-1.onnx+spec_onnx_patch-1_idx_16972_2.vnnlib budget=350s gt=sat
        verdict=UNSAT  !!FALSE_UNSAT  wall=138.2s
  ✗ large failed: FALSE_UNSAT on inst 2

  trying config medium: n_train=2000, flow_epochs=2000, scenario_n_samples=1000
    [medium] inst 1/5 patch-1.onnx+spec_onnx_patch-1_idx_00559_0.vnnlib budget=350s gt=unsat
        verdict=UNSAT  flag=ok  wall=131.1s
    [medium] inst 2/5 patch-1.onnx+spec_onnx_patch-1_idx_16972_2.vnnlib budget=350s gt=sat
        verdict=UNSAT  !!FALSE_UNSAT  wall=129.0s
  ✗ medium failed: FALSE_UNSAT on inst 2

  trying config small: n_train=1000, flow_epochs=1000, scenario_n_samples=500
    [small] inst 1/5 patch-1.onnx+spec_onnx_patch-1_idx_00559_0.vnnlib budget=350s gt=unsat
        verdict=UNSAT  flag=ok  wall=116.6s
    [small] inst 2/5 patch-1.onnx+spec_onnx_patch-1_idx_16972_2.vnnlib budget=350s gt=sat
        verdict=UNSAT  !!FALSE_UNSAT  wall=114.8s
  ✗ small failed: FALSE_UNSAT on inst 2

  trying config tiny: n_train=500, flow_epochs=500, scenario_n_samples=250
    [tiny] inst 1/5 patch-1.onnx+spec_onnx_patch-1_idx_00559_0.vnnlib budget=350s gt=unsat
        verdict=UNSAT  flag=ok  wall=107.3s
    [tiny] inst 2/5 patch-1.onnx+spec_onnx_patch-1_idx_16972_2.vnnlib budget=350s gt=sat
        verdict=UNKNOWN  flag=  wall=103.1s
    [tiny] inst 3/5 patch-3.onnx+spec_onnx_patch-3_idx_05840_0.vnnlib budget=350s gt=sat
        verdict=UNKNOWN  flag=  wall=100.1s
    [tiny] inst 4/5 patch-1.onnx+spec_onnx_patch-1_idx_01937_0.vnnlib budget=350s gt=sat
        verdict=UNKNOWN  flag=  wall=108.5s
    [tiny] inst 5/5 patch-1.onnx+spec_onnx_patch-1_idx_12559_0.vnnlib budget=350s gt=sat
        verdict=UNKNOWN  flag=  wall=107.7s
  ✓ yolo_2023 locked at config tiny

[probe] === lock-in complete in 111.8 min ===
[probe] wrote examples/FlowConformal/probes/outputs/probe_amls_bounded_lock.csv

=== Per-benchmark locked configs ===
  cora_2024                 → NO_FIT
  safenlp_2024              → NO_FIT
  vit_2023                  → NO_FIT
  collins_rul_cnn_2022      → small
  acasxu_2023               → mega
  dist_shift_2023           → mega
  linearizenn_2024          → mega
  tllverify_2023            → mega
  cifar10_resnet110         → mega
  vit_small_cifar10         → NO_FIT
  yolo_2023                 → tiny
