[probe] benchmarks: ['collins_rul_cnn_2022']
[probe] methods:    ['hashemi_clipping', 'ours']
[probe] N inst/cell: 1
[probe] output CSV:  examples/FlowConformal/probes/outputs/probe_v2_smoke.csv
[probe] sweep matrix:
[probe]   hashemi_clipping m: [500, 1000, 2000, 4000, 8000]
[probe]   ours tiny  : {'n_train': 500, 'flow_epochs': 500, 'scenario_n_samples': 250}
[probe]   ours small : {'n_train': 1000, 'flow_epochs': 1000, 'scenario_n_samples': 500}
[probe]   ours medium: {'n_train': 2000, 'flow_epochs': 2000, 'scenario_n_samples': 1000}
[probe]   ours large : {'n_train': 3000, 'flow_epochs': 1500, 'scenario_n_samples': 1500}
[probe]   ours full  : {'n_train': 5000, 'flow_epochs': 2000, 'scenario_n_samples': 2000}
[probe] ground-truth verifiers: ['alpha_beta_crown', 'neuralsat', 'pyrat', 'nnenum', 'nnv']

[probe] === benchmark: collins_rul_cnn_2022 === (elapsed=0.0min)
[probe]   1 instances; budgets: [30]; gt-verifiers: ['alpha_beta_crown', 'neuralsat', 'pyrat', 'nnenum', 'nnv']
[probe] [collins_rul_cnn_2022 hashemi m=500] inst 1/1 NN_rul_small_window_20.onnx+robustness_2perturbations_delta5_epsilon10_w20.vnnlib budget=30s gt=sat
[probe]    verdict=UNKNOWN wall=0.6s cov=0.9980
[probe] [collins_rul_cnn_2022 hashemi m=1000] inst 1/1 NN_rul_small_window_20.onnx+robustness_2perturbations_delta5_epsilon10_w20.vnnlib budget=30s gt=sat
[probe]    verdict=UNKNOWN wall=1.4s cov=1.0000
[probe] [collins_rul_cnn_2022 hashemi m=2000] inst 1/1 NN_rul_small_window_20.onnx+robustness_2perturbations_delta5_epsilon10_w20.vnnlib budget=30s gt=sat
[probe]    verdict=UNKNOWN wall=4.6s cov=0.9990
[probe] [collins_rul_cnn_2022 hashemi m=4000] inst 1/1 NN_rul_small_window_20.onnx+robustness_2perturbations_delta5_epsilon10_w20.vnnlib budget=30s gt=sat
[probe]    verdict=UNKNOWN wall=18.3s cov=1.0000
[probe] [collins_rul_cnn_2022 hashemi m=8000] inst 1/1 NN_rul_small_window_20.onnx+robustness_2perturbations_delta5_epsilon10_w20.vnnlib budget=30s gt=sat
[probe]    verdict=TIMEOUT wall=39.0s cov=
[probe] [collins_rul_cnn_2022 ours tiny] inst 1/1 NN_rul_small_window_20.onnx+robustness_2perturbations_delta5_epsilon10_w20.vnnlib budget=30s gt=sat
[probe]    verdict=UNKNOWN wall=18.2s cov=1.0000
[probe] [collins_rul_cnn_2022 ours small] inst 1/1 NN_rul_small_window_20.onnx+robustness_2perturbations_delta5_epsilon10_w20.vnnlib budget=30s gt=sat
[probe]    verdict=UNKNOWN wall=15.9s cov=0.9995
[probe] [collins_rul_cnn_2022 ours medium] inst 1/1 NN_rul_small_window_20.onnx+robustness_2perturbations_delta5_epsilon10_w20.vnnlib budget=30s gt=sat
[probe]    verdict=UNKNOWN wall=22.9s cov=1.0000
[probe] [collins_rul_cnn_2022 ours large] inst 1/1 NN_rul_small_window_20.onnx+robustness_2perturbations_delta5_epsilon10_w20.vnnlib budget=30s gt=sat
[probe]    verdict=UNKNOWN wall=24.5s cov=1.0000
[probe] [collins_rul_cnn_2022 ours full] inst 1/1 NN_rul_small_window_20.onnx+robustness_2perturbations_delta5_epsilon10_w20.vnnlib budget=30s gt=sat
[probe]    verdict=TIMEOUT wall=30.0s cov=

[probe] === probe v2 complete in 3.0 min ===
[probe] wrote examples/FlowConformal/probes/outputs/probe_v2_smoke.csv
