[gpu-probe] device: cuda
[gpu-probe] sweep: n_train=[1000, 2000, 5000, 10000, 20000] batch_size=[512, 1024, 2048, 4096, 8192] n_epochs=1000
[gpu-probe] 25 cells total
[gpu-probe] n_train=1000 batch_size=512 ...
[gpu-probe]   wall=8.8s gpu_util_avg=27.1% mem=319MB loss 0.2723->0.0508
[gpu-probe] skip n_train=1000 batch_size=1024 (batch > data)
[gpu-probe] skip n_train=1000 batch_size=2048 (batch > data)
[gpu-probe] skip n_train=1000 batch_size=4096 (batch > data)
[gpu-probe] skip n_train=1000 batch_size=8192 (batch > data)
[gpu-probe] n_train=2000 batch_size=512 ...
[gpu-probe]   wall=17.5s gpu_util_avg=26.9% mem=319MB loss 0.2601->0.0388
[gpu-probe] n_train=2000 batch_size=1024 ...
[gpu-probe]   wall=7.2s gpu_util_avg=41.4% mem=339MB loss 0.2522->0.0299
[gpu-probe] skip n_train=2000 batch_size=2048 (batch > data)
[gpu-probe] skip n_train=2000 batch_size=4096 (batch > data)
[gpu-probe] skip n_train=2000 batch_size=8192 (batch > data)
[gpu-probe] n_train=5000 batch_size=512 ...
[gpu-probe]   wall=41.4s gpu_util_avg=28.0% mem=319MB loss 0.2343->0.0438
[gpu-probe] n_train=5000 batch_size=1024 ...
[gpu-probe]   wall=22.2s gpu_util_avg=38.5% mem=337MB loss 0.2309->0.0399
[gpu-probe] n_train=5000 batch_size=2048 ...
[gpu-probe]   wall=13.8s gpu_util_avg=82.1% mem=401MB loss 0.2246->0.0369
[gpu-probe] n_train=5000 batch_size=4096 ...
[gpu-probe]   wall=33.2s gpu_util_avg=98.8% mem=637MB loss 0.2324->0.0357
[gpu-probe] skip n_train=5000 batch_size=8192 (batch > data)
[gpu-probe] n_train=10000 batch_size=512 ...
[gpu-probe]   wall=85.8s gpu_util_avg=27.9% mem=319MB loss 0.1909->0.0486
[gpu-probe] n_train=10000 batch_size=1024 ...
[gpu-probe]   wall=42.2s gpu_util_avg=38.9% mem=337MB loss 0.2035->0.0404
[gpu-probe] n_train=10000 batch_size=2048 ...
[gpu-probe]   wall=24.8s gpu_util_avg=96.2% mem=401MB loss 0.2070->0.0353
[gpu-probe] n_train=10000 batch_size=4096 ...
[gpu-probe]   wall=67.6s gpu_util_avg=100.0% mem=641MB loss 0.2002->0.0313
[gpu-probe] n_train=10000 batch_size=8192 ...
[gpu-probe]   wall=236.6s gpu_util_avg=100.0% mem=1601MB loss 0.2071->0.0333
[gpu-probe] n_train=20000 batch_size=512 ...
[gpu-probe]   wall=172.7s gpu_util_avg=27.7% mem=319MB loss 0.1749->0.0473
[gpu-probe] n_train=20000 batch_size=1024 ...
[gpu-probe]   wall=90.4s gpu_util_avg=39.2% mem=337MB loss 0.1740->0.0411
[gpu-probe] n_train=20000 batch_size=2048 ...
[gpu-probe]   wall=49.0s gpu_util_avg=98.4% mem=401MB loss 0.1830->0.0357
[gpu-probe] n_train=20000 batch_size=4096 ...
[gpu-probe]   wall=151.2s gpu_util_avg=100.0% mem=635MB loss 0.1853->0.0328
[gpu-probe] n_train=20000 batch_size=8192 ...
