[probe] benchmarks: ['collins_rul_cnn_2022']
[probe] methods:    ['hashemi_clipping', 'ours']
[probe] N inst/cell: 1
[probe] output CSV:  examples/FlowConformal/probes/outputs/probe_smoke.csv
[probe] sweep matrix:
[probe]   hashemi_clipping m: [500, 2000, 8000]
[probe]   ours small  : {'n_train': 1000, 'flow_epochs': 1000, 'scenario_n_samples': 500}
[probe]   ours medium : {'n_train': 2000, 'flow_epochs': 2000, 'scenario_n_samples': 1000}
[probe]   ours full   : {'n_train': 5000, 'flow_epochs': 2000, 'scenario_n_samples': 2000}

[probe] === benchmark: collins_rul_cnn_2022 === (elapsed=0.0min)
[probe]   1 instances; budgets: [30]
[probe] [collins_rul_cnn_2022 hashemi m=500] inst 1/1 NN_rul_small_window_20.onnx+robustness_2perturbations_delta5_epsilon10_w20.vnnlib budget=30s
/home/sasakis/v/tools/n2v/examples/FlowConformal/probes/probe_comprehensive.py:184: DeprecationWarning: datetime.datetime.utcnow() is deprecated and scheduled for removal in a future version. Use timezone-aware objects to represent datetimes in UTC: datetime.datetime.now(datetime.UTC).
  'timestamp': datetime.utcnow().isoformat(timespec='seconds'),
[probe]    verdict=SAT wall=0.7s cov=1.0000
[probe] [collins_rul_cnn_2022 hashemi m=2000] inst 1/1 NN_rul_small_window_20.onnx+robustness_2perturbations_delta5_epsilon10_w20.vnnlib budget=30s
[probe]    verdict=SAT wall=4.7s cov=0.9990
[probe] [collins_rul_cnn_2022 hashemi m=8000] inst 1/1 NN_rul_small_window_20.onnx+robustness_2perturbations_delta5_epsilon10_w20.vnnlib budget=30s
[probe]    verdict=TIMEOUT wall=39.1s cov=
[probe] [collins_rul_cnn_2022 ours small] inst 1/1 NN_rul_small_window_20.onnx+robustness_2perturbations_delta5_epsilon10_w20.vnnlib budget=30s
[probe]    verdict=UNKNOWN wall=19.1s cov=1.0000
[probe] [collins_rul_cnn_2022 ours medium] inst 1/1 NN_rul_small_window_20.onnx+robustness_2perturbations_delta5_epsilon10_w20.vnnlib budget=30s
[probe]    verdict=UNKNOWN wall=23.1s cov=1.0000
[probe] [collins_rul_cnn_2022 ours full] inst 1/1 NN_rul_small_window_20.onnx+robustness_2perturbations_delta5_epsilon10_w20.vnnlib budget=30s
[probe]    verdict=TIMEOUT wall=30.0s cov=

[probe] === probe complete in 2.0 min ===
[probe] wrote examples/FlowConformal/probes/outputs/probe_smoke.csv
