nohup: ignoring input
[probe] benchmarks: ['collins_rul_cnn_2022', 'cora_2024', 'dist_shift_2023', 'linearizenn_2024', 'safenlp_2024', 'tllverify_2023', 'vit_2023', 'yolo_2023', 'cifar10_resnet110', 'vit_small_cifar10']
[probe] methods:    ['hashemi_clipping', 'ours']
[probe] N inst/cell: 3
[probe] output CSV:  examples/FlowConformal/probes/outputs/probe_comprehensive.csv
[probe] sweep matrix:
[probe]   hashemi_clipping m: [500, 2000, 8000]
[probe]   ours small  : {'n_train': 1000, 'flow_epochs': 1000, 'scenario_n_samples': 500}
[probe]   ours medium : {'n_train': 2000, 'flow_epochs': 2000, 'scenario_n_samples': 1000}
[probe]   ours full   : {'n_train': 5000, 'flow_epochs': 2000, 'scenario_n_samples': 2000}

[probe] === benchmark: collins_rul_cnn_2022 === (elapsed=0.0min)
[probe]   3 instances; budgets: [30, 30, 60]
[probe] [collins_rul_cnn_2022 hashemi m=500] inst 1/3 NN_rul_small_window_20.onnx+robustness_2perturbations_delta5_epsilon10_w20.vnnlib budget=30s
[probe]    verdict=SAT wall=0.6s cov=1.0000
[probe] [collins_rul_cnn_2022 hashemi m=500] inst 2/3 NN_rul_small_window_20.onnx+robustness_2perturbations_delta10_epsilon10_w20.vnnlib budget=30s
[probe]    verdict=UNSAT wall=0.6s cov=0.9990
[probe] [collins_rul_cnn_2022 hashemi m=500] inst 3/3 NN_rul_small_window_20.onnx+robustness_2perturbations_delta20_epsilon10_w20.vnnlib budget=60s
[probe]    verdict=UNSAT wall=0.6s cov=0.9990
[probe] [collins_rul_cnn_2022 hashemi m=2000] inst 1/3 NN_rul_small_window_20.onnx+robustness_2perturbations_delta5_epsilon10_w20.vnnlib budget=30s
[probe]    verdict=SAT wall=4.7s cov=1.0000
[probe] [collins_rul_cnn_2022 hashemi m=2000] inst 2/3 NN_rul_small_window_20.onnx+robustness_2perturbations_delta10_epsilon10_w20.vnnlib budget=30s
[probe]    verdict=UNSAT wall=5.2s cov=0.9960
[probe] [collins_rul_cnn_2022 hashemi m=2000] inst 3/3 NN_rul_small_window_20.onnx+robustness_2perturbations_delta20_epsilon10_w20.vnnlib budget=60s
[probe]    verdict=UNSAT wall=4.4s cov=1.0000
[probe] [collins_rul_cnn_2022 hashemi m=8000] inst 1/3 NN_rul_small_window_20.onnx+robustness_2perturbations_delta5_epsilon10_w20.vnnlib budget=30s
[probe]    verdict=TIMEOUT wall=38.7s cov=
[probe] [collins_rul_cnn_2022 hashemi m=8000] inst 2 NN_rul_small_window_20.onnx+robustness_2perturbations_delta10_epsilon10_w20.vnnlib  -> SKIPPED
[probe] [collins_rul_cnn_2022 hashemi m=8000] inst 3 NN_rul_small_window_20.onnx+robustness_2perturbations_delta20_epsilon10_w20.vnnlib  -> SKIPPED
[probe] [collins_rul_cnn_2022 ours small] inst 1/3 NN_rul_small_window_20.onnx+robustness_2perturbations_delta5_epsilon10_w20.vnnlib budget=30s
[probe]    verdict=UNKNOWN wall=18.3s cov=1.0000
[probe] [collins_rul_cnn_2022 ours small] inst 2/3 NN_rul_small_window_20.onnx+robustness_2perturbations_delta10_epsilon10_w20.vnnlib budget=30s
[probe]    verdict=UNSAT wall=28.1s cov=1.0000
[probe] [collins_rul_cnn_2022 ours small] inst 3/3 NN_rul_small_window_20.onnx+robustness_2perturbations_delta20_epsilon10_w20.vnnlib budget=60s
[probe]    verdict=UNSAT wall=27.2s cov=0.9995
[probe] [collins_rul_cnn_2022 ours medium] inst 1/3 NN_rul_small_window_20.onnx+robustness_2perturbations_delta5_epsilon10_w20.vnnlib budget=30s
[probe]    verdict=UNKNOWN wall=22.7s cov=0.9995
[probe] [collins_rul_cnn_2022 ours medium] inst 2/3 NN_rul_small_window_20.onnx+robustness_2perturbations_delta10_epsilon10_w20.vnnlib budget=30s
[probe]    verdict=TIMEOUT wall=30.0s cov=
[probe] [collins_rul_cnn_2022 ours medium] inst 3/3 NN_rul_small_window_20.onnx+robustness_2perturbations_delta20_epsilon10_w20.vnnlib budget=60s
[probe]    verdict=UNSAT wall=34.4s cov=1.0000
[probe] [collins_rul_cnn_2022 ours full] inst 1/3 NN_rul_small_window_20.onnx+robustness_2perturbations_delta5_epsilon10_w20.vnnlib budget=30s
[probe]    verdict=TIMEOUT wall=30.0s cov=
[probe] [collins_rul_cnn_2022 ours full] inst 2 NN_rul_small_window_20.onnx+robustness_2perturbations_delta10_epsilon10_w20.vnnlib  -> SKIPPED
[probe] [collins_rul_cnn_2022 ours full] inst 3 NN_rul_small_window_20.onnx+robustness_2perturbations_delta20_epsilon10_w20.vnnlib  -> SKIPPED

[probe] === benchmark: cora_2024 === (elapsed=4.1min)
[probe]   3 instances; budgets: [30, 30, 30]
[probe] [cora_2024 hashemi m=500] inst 1/3 mnist-point.onnx+mnist-img0.vnnlib budget=30s
[probe]    verdict=UNSAT wall=1.3s cov=0.9980
[probe] [cora_2024 hashemi m=500] inst 2/3 mnist-trades.onnx+mnist-img0.vnnlib budget=30s
[probe]    verdict=UNSAT wall=1.4s cov=0.9970
[probe] [cora_2024 hashemi m=500] inst 3/3 mnist-set.onnx+mnist-img0.vnnlib budget=30s
[probe]    verdict=UNSAT wall=1.4s cov=0.9980
[probe] [cora_2024 hashemi m=2000] inst 1/3 mnist-point.onnx+mnist-img0.vnnlib budget=30s
[probe]    verdict=UNSAT wall=8.9s cov=0.9990
[probe] [cora_2024 hashemi m=2000] inst 2/3 mnist-trades.onnx+mnist-img0.vnnlib budget=30s
[probe]    verdict=UNSAT wall=8.5s cov=1.0000
[probe] [cora_2024 hashemi m=2000] inst 3/3 mnist-set.onnx+mnist-img0.vnnlib budget=30s
[probe]    verdict=UNSAT wall=8.6s cov=0.9990
[probe] [cora_2024 hashemi m=8000] inst 1/3 mnist-point.onnx+mnist-img0.vnnlib budget=30s
[probe]    verdict=TIMEOUT wall=43.6s cov=
[probe] [cora_2024 hashemi m=8000] inst 2 mnist-trades.onnx+mnist-img0.vnnlib  -> SKIPPED
[probe] [cora_2024 hashemi m=8000] inst 3 mnist-set.onnx+mnist-img0.vnnlib  -> SKIPPED
[probe] [cora_2024 ours small] inst 1/3 mnist-point.onnx+mnist-img0.vnnlib budget=30s
[probe]    verdict=TIMEOUT wall=30.0s cov=
[probe] [cora_2024 ours small] inst 2 mnist-trades.onnx+mnist-img0.vnnlib  -> SKIPPED
[probe] [cora_2024 ours small] inst 3 mnist-set.onnx+mnist-img0.vnnlib  -> SKIPPED
[probe] [cora_2024 ours medium] inst 1/3 mnist-point.onnx+mnist-img0.vnnlib budget=30s
[probe]    verdict=TIMEOUT wall=30.0s cov=
[probe] [cora_2024 ours medium] inst 2 mnist-trades.onnx+mnist-img0.vnnlib  -> SKIPPED
[probe] [cora_2024 ours medium] inst 3 mnist-set.onnx+mnist-img0.vnnlib  -> SKIPPED
[probe] [cora_2024 ours full] inst 1/3 mnist-point.onnx+mnist-img0.vnnlib budget=30s
[probe]    verdict=TIMEOUT wall=30.0s cov=
[probe] [cora_2024 ours full] inst 2 mnist-trades.onnx+mnist-img0.vnnlib  -> SKIPPED
[probe] [cora_2024 ours full] inst 3 mnist-set.onnx+mnist-img0.vnnlib  -> SKIPPED

[probe] === benchmark: dist_shift_2023 === (elapsed=6.9min)
[probe]   3 instances; budgets: [300, 300, 300]
[probe] [dist_shift_2023 hashemi m=500] inst 1/3 mnist_concat.onnx+index7901_delta0.13.vnnlib budget=300s
[probe]    verdict=UNSAT wall=1.4s cov=0.9930
[probe] [dist_shift_2023 hashemi m=500] inst 2/3 mnist_concat.onnx+index6323_delta0.13.vnnlib budget=300s
[probe]    verdict=UNSAT wall=1.4s cov=0.9910
[probe] [dist_shift_2023 hashemi m=500] inst 3/3 mnist_concat.onnx+index7027_delta0.13.vnnlib budget=300s
[probe]    verdict=UNSAT wall=1.4s cov=1.0000
[probe] [dist_shift_2023 hashemi m=2000] inst 1/3 mnist_concat.onnx+index7901_delta0.13.vnnlib budget=300s
[probe]    verdict=UNSAT wall=10.3s cov=1.0000
[probe] [dist_shift_2023 hashemi m=2000] inst 2/3 mnist_concat.onnx+index6323_delta0.13.vnnlib budget=300s
[probe]    verdict=UNSAT wall=10.2s cov=0.9990
[probe] [dist_shift_2023 hashemi m=2000] inst 3/3 mnist_concat.onnx+index7027_delta0.13.vnnlib budget=300s
[probe]    verdict=UNSAT wall=8.5s cov=1.0000
[probe] [dist_shift_2023 hashemi m=8000] inst 1/3 mnist_concat.onnx+index7901_delta0.13.vnnlib budget=300s
[probe]    verdict=UNSAT wall=145.1s cov=1.0000
[probe] [dist_shift_2023 hashemi m=8000] inst 2/3 mnist_concat.onnx+index6323_delta0.13.vnnlib budget=300s
[probe]    verdict=UNSAT wall=142.6s cov=0.9990
[probe] [dist_shift_2023 hashemi m=8000] inst 3/3 mnist_concat.onnx+index7027_delta0.13.vnnlib budget=300s
[probe]    verdict=UNSAT wall=128.4s cov=1.0000
[probe] [dist_shift_2023 ours small] inst 1/3 mnist_concat.onnx+index7901_delta0.13.vnnlib budget=300s
[probe]    verdict=UNSAT wall=16.3s cov=1.0000
[probe] [dist_shift_2023 ours small] inst 2/3 mnist_concat.onnx+index6323_delta0.13.vnnlib budget=300s
[probe]    verdict=UNSAT wall=15.9s cov=1.0000
[probe] [dist_shift_2023 ours small] inst 3/3 mnist_concat.onnx+index7027_delta0.13.vnnlib budget=300s
[probe]    verdict=UNKNOWN wall=8.0s cov=1.0000
[probe] [dist_shift_2023 ours medium] inst 1/3 mnist_concat.onnx+index7901_delta0.13.vnnlib budget=300s
[probe]    verdict=UNSAT wall=26.1s cov=1.0000
[probe] [dist_shift_2023 ours medium] inst 2/3 mnist_concat.onnx+index6323_delta0.13.vnnlib budget=300s
[probe]    verdict=UNSAT wall=25.1s cov=1.0000
[probe] [dist_shift_2023 ours medium] inst 3/3 mnist_concat.onnx+index7027_delta0.13.vnnlib budget=300s
[probe]    verdict=UNKNOWN wall=23.0s cov=1.0000
[probe] [dist_shift_2023 ours full] inst 1/3 mnist_concat.onnx+index7901_delta0.13.vnnlib budget=300s
[probe]    verdict=UNSAT wall=43.1s cov=1.0000
[probe] [dist_shift_2023 ours full] inst 2/3 mnist_concat.onnx+index6323_delta0.13.vnnlib budget=300s
[probe]    verdict=UNSAT wall=39.4s cov=0.9995
[probe] [dist_shift_2023 ours full] inst 3/3 mnist_concat.onnx+index7027_delta0.13.vnnlib budget=300s
[probe]    verdict=UNSAT wall=37.6s cov=0.9990

[probe] === benchmark: linearizenn_2024 === (elapsed=18.3min)
[probe]   3 instances; budgets: [900, 900, 900]
[probe] [linearizenn_2024 hashemi m=500] inst 1/3 AllInOne_10_10.onnx+prop_10_10.vnnlib budget=900s
/home/sasakis/v/tools/n2v/third_party/onnx2torch/onnx2torch/node_converters/slice.py:67: UserWarning: Using a non-tuple sequence for multidimensional indexing is deprecated and will be changed in pytorch 2.9; use x[tuple(seq)] instead of x[seq]. In pytorch 2.9 this will be interpreted as tensor index, x[torch.tensor(seq)], which will result either in an error or a different result (Triggered internally at /pytorch/torch/csrc/autograd/python_variable_indexing.cpp:306.)
  x = x[pos_axes_slices]
[probe]    verdict=UNSAT wall=1.2s cov=0.9960
[probe] [linearizenn_2024 hashemi m=500] inst 2/3 AllInOne_10_10.onnx+prop_10_10_0.vnnlib budget=900s
[probe]    verdict=UNSAT wall=1.2s cov=0.9930
[probe] [linearizenn_2024 hashemi m=500] inst 3/3 AllInOne_10_10.onnx+prop_10_10_1.vnnlib budget=900s
[probe]    verdict=UNSAT wall=1.1s cov=0.9980
[probe] [linearizenn_2024 hashemi m=2000] inst 1/3 AllInOne_10_10.onnx+prop_10_10.vnnlib budget=900s
[probe]    verdict=UNKNOWN wall=5.8s cov=1.0000
[probe] [linearizenn_2024 hashemi m=2000] inst 2/3 AllInOne_10_10.onnx+prop_10_10_0.vnnlib budget=900s
[probe]    verdict=UNSAT wall=5.8s cov=0.9990
[probe] [linearizenn_2024 hashemi m=2000] inst 3/3 AllInOne_10_10.onnx+prop_10_10_1.vnnlib budget=900s
[probe]    verdict=UNSAT wall=6.0s cov=0.9990
[probe] [linearizenn_2024 hashemi m=8000] inst 1/3 AllInOne_10_10.onnx+prop_10_10.vnnlib budget=900s
[probe]    verdict=SAT wall=69.9s cov=0.9990
[probe] [linearizenn_2024 hashemi m=8000] inst 2/3 AllInOne_10_10.onnx+prop_10_10_0.vnnlib budget=900s
[probe]    verdict=UNSAT wall=73.7s cov=1.0000
[probe] [linearizenn_2024 hashemi m=8000] inst 3/3 AllInOne_10_10.onnx+prop_10_10_1.vnnlib budget=900s
[probe]    verdict=UNSAT wall=72.4s cov=1.0000
[probe] [linearizenn_2024 ours small] inst 1/3 AllInOne_10_10.onnx+prop_10_10.vnnlib budget=900s
[probe]    verdict=UNKNOWN wall=17.8s cov=1.0000
[probe] [linearizenn_2024 ours small] inst 2/3 AllInOne_10_10.onnx+prop_10_10_0.vnnlib budget=900s
[probe]    verdict=UNKNOWN wall=20.9s cov=1.0000
[probe] [linearizenn_2024 ours small] inst 3/3 AllInOne_10_10.onnx+prop_10_10_1.vnnlib budget=900s
[probe]    verdict=UNKNOWN wall=18.7s cov=1.0000
[probe] [linearizenn_2024 ours medium] inst 1/3 AllInOne_10_10.onnx+prop_10_10.vnnlib budget=900s
[probe]    verdict=UNKNOWN wall=22.6s cov=0.9995
[probe] [linearizenn_2024 ours medium] inst 2/3 AllInOne_10_10.onnx+prop_10_10_0.vnnlib budget=900s
[probe]    verdict=UNKNOWN wall=26.7s cov=1.0000
[probe] [linearizenn_2024 ours medium] inst 3/3 AllInOne_10_10.onnx+prop_10_10_1.vnnlib budget=900s
[probe]    verdict=UNKNOWN wall=24.5s cov=1.0000
[probe] [linearizenn_2024 ours full] inst 1/3 AllInOne_10_10.onnx+prop_10_10.vnnlib budget=900s
[probe]    verdict=UNKNOWN wall=37.1s cov=0.9995
[probe] [linearizenn_2024 ours full] inst 2/3 AllInOne_10_10.onnx+prop_10_10_0.vnnlib budget=900s
[probe]    verdict=UNKNOWN wall=48.2s cov=1.0000
[probe] [linearizenn_2024 ours full] inst 3/3 AllInOne_10_10.onnx+prop_10_10_1.vnnlib budget=900s
[probe]    verdict=UNSAT wall=48.0s cov=0.9995

[probe] === benchmark: safenlp_2024 === (elapsed=26.6min)
[probe]   3 instances; budgets: [20, 20, 20]
[probe] [safenlp_2024 hashemi m=500] inst 1/3 perturbations_0.onnx+hyperrectangle_418.vnnlib budget=20s
[probe]    verdict=UNSAT wall=1.1s cov=0.9920
[probe] [safenlp_2024 hashemi m=500] inst 2/3 perturbations_0.onnx+hyperrectangle_992.vnnlib budget=20s
[probe]    verdict=UNSAT wall=1.0s cov=0.9930
[probe] [safenlp_2024 hashemi m=500] inst 3/3 perturbations_0.onnx+hyperrectangle_132.vnnlib budget=20s
[probe]    verdict=UNSAT wall=1.0s cov=1.0000
[probe] [safenlp_2024 hashemi m=2000] inst 1/3 perturbations_0.onnx+hyperrectangle_418.vnnlib budget=20s
[probe]    verdict=UNSAT wall=5.0s cov=1.0000
[probe] [safenlp_2024 hashemi m=2000] inst 2/3 perturbations_0.onnx+hyperrectangle_992.vnnlib budget=20s
[probe]    verdict=UNSAT wall=4.8s cov=1.0000
[probe] [safenlp_2024 hashemi m=2000] inst 3/3 perturbations_0.onnx+hyperrectangle_132.vnnlib budget=20s
[probe]    verdict=UNSAT wall=4.9s cov=1.0000
[probe] [safenlp_2024 hashemi m=8000] inst 1/3 perturbations_0.onnx+hyperrectangle_418.vnnlib budget=20s
[probe]    verdict=TIMEOUT wall=25.8s cov=
[probe] [safenlp_2024 hashemi m=8000] inst 2 perturbations_0.onnx+hyperrectangle_992.vnnlib  -> SKIPPED
[probe] [safenlp_2024 hashemi m=8000] inst 3 perturbations_0.onnx+hyperrectangle_132.vnnlib  -> SKIPPED
[probe] [safenlp_2024 ours small] inst 1/3 perturbations_0.onnx+hyperrectangle_418.vnnlib budget=20s
[probe]    verdict=UNKNOWN wall=6.5s cov=0.9995
[probe] [safenlp_2024 ours small] inst 2/3 perturbations_0.onnx+hyperrectangle_992.vnnlib budget=20s
[probe]    verdict=UNKNOWN wall=10.5s cov=1.0000
[probe] [safenlp_2024 ours small] inst 3/3 perturbations_0.onnx+hyperrectangle_132.vnnlib budget=20s
[probe]    verdict=UNKNOWN wall=5.2s cov=1.0000
[probe] [safenlp_2024 ours medium] inst 1/3 perturbations_0.onnx+hyperrectangle_418.vnnlib budget=20s
[probe]    verdict=UNKNOWN wall=12.5s cov=1.0000
[probe] [safenlp_2024 ours medium] inst 2/3 perturbations_0.onnx+hyperrectangle_992.vnnlib budget=20s
[probe]    verdict=UNKNOWN wall=16.9s cov=0.9995
[probe] [safenlp_2024 ours medium] inst 3/3 perturbations_0.onnx+hyperrectangle_132.vnnlib budget=20s
[probe]    verdict=UNKNOWN wall=11.1s cov=0.9995
[probe] [safenlp_2024 ours full] inst 1/3 perturbations_0.onnx+hyperrectangle_418.vnnlib budget=20s
[probe]    verdict=TIMEOUT wall=20.0s cov=
[probe] [safenlp_2024 ours full] inst 2 perturbations_0.onnx+hyperrectangle_992.vnnlib  -> SKIPPED
[probe] [safenlp_2024 ours full] inst 3 perturbations_0.onnx+hyperrectangle_132.vnnlib  -> SKIPPED

[probe] === benchmark: tllverify_2023 === (elapsed=28.7min)
[probe]   3 instances; budgets: [600, 600, 600]
[probe] [tllverify_2023 hashemi m=500] inst 1/3 tllBench_n=2_N=M=8_m=1_instance_0_0.onnx+property_N=8_0.vnnlib budget=600s
[probe]    verdict=UNSAT wall=1.0s cov=0.9940
[probe] [tllverify_2023 hashemi m=500] inst 2/3 tllBench_n=2_N=M=8_m=1_instance_0_1.onnx+property_N=8_1.vnnlib budget=600s
[probe]    verdict=UNSAT wall=1.0s cov=0.9990
[probe] [tllverify_2023 hashemi m=500] inst 3/3 tllBench_n=2_N=M=8_m=1_instance_0_2.onnx+property_N=8_2.vnnlib budget=600s
[probe]    verdict=UNSAT wall=1.0s cov=1.0000
[probe] [tllverify_2023 hashemi m=2000] inst 1/3 tllBench_n=2_N=M=8_m=1_instance_0_0.onnx+property_N=8_0.vnnlib budget=600s
[probe]    verdict=UNSAT wall=4.5s cov=1.0000
[probe] [tllverify_2023 hashemi m=2000] inst 2/3 tllBench_n=2_N=M=8_m=1_instance_0_1.onnx+property_N=8_1.vnnlib budget=600s
[probe]    verdict=UNSAT wall=4.6s cov=1.0000
[probe] [tllverify_2023 hashemi m=2000] inst 3/3 tllBench_n=2_N=M=8_m=1_instance_0_2.onnx+property_N=8_2.vnnlib budget=600s
[probe]    verdict=UNSAT wall=4.6s cov=1.0000
[probe] [tllverify_2023 hashemi m=8000] inst 1/3 tllBench_n=2_N=M=8_m=1_instance_0_0.onnx+property_N=8_0.vnnlib budget=600s
[probe]    verdict=UNSAT wall=51.0s cov=1.0000
[probe] [tllverify_2023 hashemi m=8000] inst 2/3 tllBench_n=2_N=M=8_m=1_instance_0_1.onnx+property_N=8_1.vnnlib budget=600s
[probe]    verdict=UNSAT wall=47.3s cov=1.0000
[probe] [tllverify_2023 hashemi m=8000] inst 3/3 tllBench_n=2_N=M=8_m=1_instance_0_2.onnx+property_N=8_2.vnnlib budget=600s
[probe]    verdict=UNSAT wall=47.3s cov=1.0000
[probe] [tllverify_2023 ours small] inst 1/3 tllBench_n=2_N=M=8_m=1_instance_0_0.onnx+property_N=8_0.vnnlib budget=600s
[probe]    verdict=UNKNOWN wall=6.1s cov=1.0000
[probe] [tllverify_2023 ours small] inst 2/3 tllBench_n=2_N=M=8_m=1_instance_0_1.onnx+property_N=8_1.vnnlib budget=600s
[probe]    verdict=UNKNOWN wall=6.8s cov=0.9995
[probe] [tllverify_2023 ours small] inst 3/3 tllBench_n=2_N=M=8_m=1_instance_0_2.onnx+property_N=8_2.vnnlib budget=600s
[probe]    verdict=UNKNOWN wall=7.6s cov=1.0000
[probe] [tllverify_2023 ours medium] inst 1/3 tllBench_n=2_N=M=8_m=1_instance_0_0.onnx+property_N=8_0.vnnlib budget=600s
[probe]    verdict=UNKNOWN wall=16.3s cov=0.9995
[probe] [tllverify_2023 ours medium] inst 2/3 tllBench_n=2_N=M=8_m=1_instance_0_1.onnx+property_N=8_1.vnnlib budget=600s
[probe]    verdict=UNKNOWN wall=14.3s cov=1.0000
[probe] [tllverify_2023 ours medium] inst 3/3 tllBench_n=2_N=M=8_m=1_instance_0_2.onnx+property_N=8_2.vnnlib budget=600s
[probe]    verdict=UNKNOWN wall=15.8s cov=1.0000
[probe] [tllverify_2023 ours full] inst 1/3 tllBench_n=2_N=M=8_m=1_instance_0_0.onnx+property_N=8_0.vnnlib budget=600s
[probe]    verdict=UNSAT wall=38.0s cov=0.9995
[probe] [tllverify_2023 ours full] inst 2/3 tllBench_n=2_N=M=8_m=1_instance_0_1.onnx+property_N=8_1.vnnlib budget=600s
[probe]    verdict=UNKNOWN wall=29.8s cov=1.0000
[probe] [tllverify_2023 ours full] inst 3/3 tllBench_n=2_N=M=8_m=1_instance_0_2.onnx+property_N=8_2.vnnlib budget=600s
[probe]    verdict=UNKNOWN wall=33.3s cov=0.9990

[probe] === benchmark: vit_2023 === (elapsed=34.2min)
[probe]   3 instances; budgets: [100, 100, 100]
[probe] [vit_2023 hashemi m=500] inst 1/3 pgd_2_3_16.onnx+pgd_2_3_16_2446.vnnlib budget=100s
[probe]    verdict=UNSAT wall=1.7s cov=1.0000
[probe] [vit_2023 hashemi m=500] inst 2/3 pgd_2_3_16.onnx+pgd_2_3_16_4509.vnnlib budget=100s
[probe]    verdict=UNSAT wall=1.7s cov=0.9960
[probe] [vit_2023 hashemi m=500] inst 3/3 pgd_2_3_16.onnx+pgd_2_3_16_6246.vnnlib budget=100s
[probe]    verdict=UNSAT wall=1.8s cov=1.0000
[probe] [vit_2023 hashemi m=2000] inst 1/3 pgd_2_3_16.onnx+pgd_2_3_16_2446.vnnlib budget=100s
[probe]    verdict=UNSAT wall=9.2s cov=1.0000
[probe] [vit_2023 hashemi m=2000] inst 2/3 pgd_2_3_16.onnx+pgd_2_3_16_4509.vnnlib budget=100s
[probe]    verdict=UNSAT wall=8.7s cov=1.0000
[probe] [vit_2023 hashemi m=2000] inst 3/3 pgd_2_3_16.onnx+pgd_2_3_16_6246.vnnlib budget=100s
[probe]    verdict=UNSAT wall=9.2s cov=0.9990
[probe] [vit_2023 hashemi m=8000] inst 1/3 pgd_2_3_16.onnx+pgd_2_3_16_2446.vnnlib budget=100s
[probe]    verdict=TIMEOUT wall=113.5s cov=
[probe] [vit_2023 hashemi m=8000] inst 2 pgd_2_3_16.onnx+pgd_2_3_16_4509.vnnlib  -> SKIPPED
[probe] [vit_2023 hashemi m=8000] inst 3 pgd_2_3_16.onnx+pgd_2_3_16_6246.vnnlib  -> SKIPPED
[probe] [vit_2023 ours small] inst 1/3 pgd_2_3_16.onnx+pgd_2_3_16_2446.vnnlib budget=100s
[probe]    verdict=TIMEOUT wall=100.0s cov=
[probe] [vit_2023 ours small] inst 2 pgd_2_3_16.onnx+pgd_2_3_16_4509.vnnlib  -> SKIPPED
[probe] [vit_2023 ours small] inst 3 pgd_2_3_16.onnx+pgd_2_3_16_6246.vnnlib  -> SKIPPED
[probe] [vit_2023 ours medium] inst 1/3 pgd_2_3_16.onnx+pgd_2_3_16_2446.vnnlib budget=100s
[probe]    verdict=TIMEOUT wall=100.0s cov=
[probe] [vit_2023 ours medium] inst 2 pgd_2_3_16.onnx+pgd_2_3_16_4509.vnnlib  -> SKIPPED
[probe] [vit_2023 ours medium] inst 3 pgd_2_3_16.onnx+pgd_2_3_16_6246.vnnlib  -> SKIPPED
[probe] [vit_2023 ours full] inst 1/3 pgd_2_3_16.onnx+pgd_2_3_16_2446.vnnlib budget=100s
[probe]    verdict=TIMEOUT wall=100.0s cov=
[probe] [vit_2023 ours full] inst 2 pgd_2_3_16.onnx+pgd_2_3_16_4509.vnnlib  -> SKIPPED
[probe] [vit_2023 ours full] inst 3 pgd_2_3_16.onnx+pgd_2_3_16_6246.vnnlib  -> SKIPPED

[probe] === benchmark: yolo_2023 === (elapsed=41.7min)
[probe]   3 instances; budgets: [350, 350, 350]
[probe] [yolo_2023 hashemi m=500] inst 1/3 patch-1.onnx+spec_onnx_patch-1_idx_00559_0.vnnlib budget=350s
/home/sasakis/v/tools/n2v/third_party/onnx2torch/onnx2torch/node_converters/scatter_nd.py:77: UserWarning: Using a non-tuple sequence for multidimensional indexing is deprecated and will be changed in pytorch 2.9; use x[tuple(seq)] instead of x[seq]. In pytorch 2.9 this will be interpreted as tensor index, x[torch.tensor(seq)], which will result either in an error or a different result (Triggered internally at /pytorch/torch/csrc/autograd/python_variable_indexing.cpp:306.)
  output[output_indices] = output_updates
[probe]    verdict=UNSAT wall=17.7s cov=1.0000
[probe] [yolo_2023 hashemi m=500] inst 2/3 patch-1.onnx+spec_onnx_patch-1_idx_16972_2.vnnlib budget=350s
[probe]    verdict=UNSAT wall=17.6s cov=0.9920
[probe] [yolo_2023 hashemi m=500] inst 3/3 patch-3.onnx+spec_onnx_patch-3_idx_05840_0.vnnlib budget=350s
[probe]    verdict=UNSAT wall=17.3s cov=0.9900
[probe] [yolo_2023 hashemi m=2000] inst 1/3 patch-1.onnx+spec_onnx_patch-1_idx_00559_0.vnnlib budget=350s
[probe]    verdict=UNSAT wall=43.8s cov=1.0000
[probe] [yolo_2023 hashemi m=2000] inst 2/3 patch-1.onnx+spec_onnx_patch-1_idx_16972_2.vnnlib budget=350s
[probe]    verdict=UNSAT wall=43.8s cov=1.0000
[probe] [yolo_2023 hashemi m=2000] inst 3/3 patch-3.onnx+spec_onnx_patch-3_idx_05840_0.vnnlib budget=350s
[probe]    verdict=SAT wall=42.7s cov=0.9990
[probe] [yolo_2023 hashemi m=8000] inst 1/3 patch-1.onnx+spec_onnx_patch-1_idx_00559_0.vnnlib budget=350s
[probe]    verdict=UNSAT wall=176.3s cov=1.0000
[probe] [yolo_2023 hashemi m=8000] inst 2/3 patch-1.onnx+spec_onnx_patch-1_idx_16972_2.vnnlib budget=350s
[probe]    verdict=UNKNOWN wall=175.7s cov=1.0000
[probe] [yolo_2023 hashemi m=8000] inst 3/3 patch-3.onnx+spec_onnx_patch-3_idx_05840_0.vnnlib budget=350s
[probe]    verdict=UNKNOWN wall=169.6s cov=1.0000
[probe] [yolo_2023 ours small] inst 1/3 patch-1.onnx+spec_onnx_patch-1_idx_00559_0.vnnlib budget=350s
[probe]    verdict=UNSAT wall=113.1s cov=1.0000
[probe] [yolo_2023 ours small] inst 2/3 patch-1.onnx+spec_onnx_patch-1_idx_16972_2.vnnlib budget=350s
[probe]    verdict=UNKNOWN wall=110.2s cov=1.0000
[probe] [yolo_2023 ours small] inst 3/3 patch-3.onnx+spec_onnx_patch-3_idx_05840_0.vnnlib budget=350s
[probe]    verdict=UNSAT wall=105.9s cov=1.0000
[probe] [yolo_2023 ours medium] inst 1/3 patch-1.onnx+spec_onnx_patch-1_idx_00559_0.vnnlib budget=350s
[probe]    verdict=UNSAT wall=125.2s cov=1.0000
[probe] [yolo_2023 ours medium] inst 2/3 patch-1.onnx+spec_onnx_patch-1_idx_16972_2.vnnlib budget=350s
[probe]    verdict=UNKNOWN wall=120.4s cov=1.0000
[probe] [yolo_2023 ours medium] inst 3/3 patch-3.onnx+spec_onnx_patch-3_idx_05840_0.vnnlib budget=350s
[probe]    verdict=UNSAT wall=119.8s cov=1.0000
[probe] [yolo_2023 ours full] inst 1/3 patch-1.onnx+spec_onnx_patch-1_idx_00559_0.vnnlib budget=350s
[probe]    verdict=UNSAT wall=163.4s cov=1.0000
[probe] [yolo_2023 ours full] inst 2/3 patch-1.onnx+spec_onnx_patch-1_idx_16972_2.vnnlib budget=350s
[probe]    verdict=UNKNOWN wall=166.0s cov=1.0000
[probe] [yolo_2023 ours full] inst 3/3 patch-3.onnx+spec_onnx_patch-3_idx_05840_0.vnnlib budget=350s
[probe]    verdict=UNSAT wall=159.6s cov=1.0000

[probe] === benchmark: cifar10_resnet110 === (elapsed=73.2min)
[probe]   3 instances; budgets: [0, 0, 0]
[probe] [cifar10_resnet110 hashemi m=500] inst 1/3 cifar10_test_0000_label_3 budget=600s
[probe]    verdict=UNSAT wall=3.4s cov=0.9970
[probe] [cifar10_resnet110 hashemi m=500] inst 2/3 cifar10_test_0001_label_8 budget=600s
[probe]    verdict=UNSAT wall=3.9s cov=0.9990
[probe] [cifar10_resnet110 hashemi m=500] inst 3/3 cifar10_test_0002_label_8 budget=600s
[probe]    verdict=UNSAT wall=3.8s cov=1.0000
[probe] [cifar10_resnet110 hashemi m=2000] inst 1/3 cifar10_test_0000_label_3 budget=600s
[probe]    verdict=UNSAT wall=14.5s cov=1.0000
[probe] [cifar10_resnet110 hashemi m=2000] inst 2/3 cifar10_test_0001_label_8 budget=600s
[probe]    verdict=UNSAT wall=15.0s cov=1.0000
[probe] [cifar10_resnet110 hashemi m=2000] inst 3/3 cifar10_test_0002_label_8 budget=600s
[probe]    verdict=UNSAT wall=15.4s cov=1.0000
[probe] [cifar10_resnet110 hashemi m=8000] inst 1/3 cifar10_test_0000_label_3 budget=600s
[probe]    verdict=UNSAT wall=137.3s cov=1.0000
[probe] [cifar10_resnet110 hashemi m=8000] inst 2/3 cifar10_test_0001_label_8 budget=600s
[probe]    verdict=UNSAT wall=134.6s cov=1.0000
[probe] [cifar10_resnet110 hashemi m=8000] inst 3/3 cifar10_test_0002_label_8 budget=600s
[probe]    verdict=UNSAT wall=137.0s cov=1.0000
[probe] [cifar10_resnet110 ours small] inst 1/3 cifar10_test_0000_label_3 budget=600s
[probe]    verdict=UNSAT wall=160.5s cov=1.0000
[probe] [cifar10_resnet110 ours small] inst 2/3 cifar10_test_0001_label_8 budget=600s
[probe]    verdict=UNSAT wall=166.5s cov=1.0000
[probe] [cifar10_resnet110 ours small] inst 3/3 cifar10_test_0002_label_8 budget=600s
[probe]    verdict=UNSAT wall=165.7s cov=1.0000
[probe] [cifar10_resnet110 ours medium] inst 1/3 cifar10_test_0000_label_3 budget=600s
[probe]    verdict=UNSAT wall=141.1s cov=0.9995
[probe] [cifar10_resnet110 ours medium] inst 2/3 cifar10_test_0001_label_8 budget=600s
[probe]    verdict=UNSAT wall=138.9s cov=1.0000
[probe] [cifar10_resnet110 ours medium] inst 3/3 cifar10_test_0002_label_8 budget=600s
[probe]    verdict=UNSAT wall=153.8s cov=1.0000
[probe] [cifar10_resnet110 ours full] inst 1/3 cifar10_test_0000_label_3 budget=600s
[probe]    verdict=UNSAT wall=179.4s cov=0.9995
[probe] [cifar10_resnet110 ours full] inst 2/3 cifar10_test_0001_label_8 budget=600s
[probe]    verdict=UNSAT wall=197.9s cov=1.0000
[probe] [cifar10_resnet110 ours full] inst 3/3 cifar10_test_0002_label_8 budget=600s
[probe]    verdict=UNSAT wall=162.8s cov=1.0000

[probe] === benchmark: vit_small_cifar10 === (elapsed=105.4min)
[probe]   3 instances; budgets: [0, 0, 0]
[probe] [vit_small_cifar10 hashemi m=500] inst 1/3 cifar10_test_0000_label_3 budget=600s
[probe]    verdict=UNSAT wall=54.3s cov=0.9950
[probe] [vit_small_cifar10 hashemi m=500] inst 2/3 cifar10_test_0001_label_8 budget=600s
[probe]    verdict=UNKNOWN wall=52.3s cov=0.9990
[probe] [vit_small_cifar10 hashemi m=500] inst 3/3 cifar10_test_0002_label_8 budget=600s
[probe]    verdict=SAT wall=52.4s cov=0.9970
[probe] [vit_small_cifar10 hashemi m=2000] inst 1/3 cifar10_test_0000_label_3 budget=600s
[probe]    verdict=UNSAT wall=136.0s cov=0.9990
[probe] [vit_small_cifar10 hashemi m=2000] inst 2/3 cifar10_test_0001_label_8 budget=600s
[probe]    verdict=UNKNOWN wall=135.4s cov=1.0000
[probe] [vit_small_cifar10 hashemi m=2000] inst 3/3 cifar10_test_0002_label_8 budget=600s
[probe]    verdict=SAT wall=134.0s cov=1.0000
[probe] [vit_small_cifar10 hashemi m=8000] inst 1/3 cifar10_test_0000_label_3 budget=600s
[probe]    verdict=UNSAT wall=511.0s cov=1.0000
[probe] [vit_small_cifar10 hashemi m=8000] inst 2/3 cifar10_test_0001_label_8 budget=600s
[probe]    verdict=UNKNOWN wall=450.4s cov=1.0000
[probe] [vit_small_cifar10 hashemi m=8000] inst 3/3 cifar10_test_0002_label_8 budget=600s
[probe]    verdict=SAT wall=455.3s cov=1.0000
[probe] [vit_small_cifar10 ours small] inst 1/3 cifar10_test_0000_label_3 budget=600s
[probe]    verdict=UNKNOWN wall=523.4s cov=1.0000
[probe] [vit_small_cifar10 ours small] inst 2/3 cifar10_test_0001_label_8 budget=600s
[probe]    verdict=UNKNOWN wall=469.8s cov=1.0000
[probe] [vit_small_cifar10 ours small] inst 3/3 cifar10_test_0002_label_8 budget=600s
[probe]    verdict=UNKNOWN wall=459.4s cov=1.0000
[probe] [vit_small_cifar10 ours medium] inst 1/3 cifar10_test_0000_label_3 budget=600s
[probe]    verdict=UNKNOWN wall=508.7s cov=0.9995
[probe] [vit_small_cifar10 ours medium] inst 2/3 cifar10_test_0001_label_8 budget=600s
[probe]    verdict=UNKNOWN wall=520.0s cov=0.9995
[probe] [vit_small_cifar10 ours medium] inst 3/3 cifar10_test_0002_label_8 budget=600s
[probe]    verdict=UNKNOWN wall=510.3s cov=1.0000
[probe] [vit_small_cifar10 ours full] inst 1/3 cifar10_test_0000_label_3 budget=600s
[probe]    verdict=TIMEOUT wall=600.0s cov=
[probe] [vit_small_cifar10 ours full] inst 2 cifar10_test_0001_label_8  -> SKIPPED
[probe] [vit_small_cifar10 ours full] inst 3 cifar10_test_0002_label_8  -> SKIPPED

[probe] === probe complete in 198.3 min ===
[probe] wrote examples/FlowConformal/probes/outputs/probe_comprehensive.csv
