[2026-05-06T14:00:30-05:00] === START: phaseGpp_acasxu_2023 ===
[shared-flow ablation] benchmark=acasxu_2023 sampled 186 instance(s) with seed=47
   0: ACASXU_run2a_2_5_batch_2000.onnx + prop_1.vnnlib
   1: ACASXU_run2a_1_8_batch_2000.onnx + prop_2.vnnlib
   2: ACASXU_run2a_4_4_batch_2000.onnx + prop_1.vnnlib
   3: ACASXU_run2a_5_2_batch_2000.onnx + prop_1.vnnlib
   4: ACASXU_run2a_2_1_batch_2000.onnx + prop_2.vnnlib
   5: ACASXU_run2a_5_7_batch_2000.onnx + prop_1.vnnlib
   6: ACASXU_run2a_2_8_batch_2000.onnx + prop_4.vnnlib
   7: ACASXU_run2a_4_9_batch_2000.onnx + prop_1.vnnlib
   8: ACASXU_run2a_5_2_batch_2000.onnx + prop_4.vnnlib
   9: ACASXU_run2a_3_5_batch_2000.onnx + prop_3.vnnlib
  10: ACASXU_run2a_5_1_batch_2000.onnx + prop_3.vnnlib
  11: ACASXU_run2a_4_5_batch_2000.onnx + prop_3.vnnlib
  12: ACASXU_run2a_5_8_batch_2000.onnx + prop_2.vnnlib
  13: ACASXU_run2a_3_1_batch_2000.onnx + prop_1.vnnlib
  14: ACASXU_run2a_4_3_batch_2000.onnx + prop_3.vnnlib
  15: ACASXU_run2a_2_6_batch_2000.onnx + prop_3.vnnlib
  16: ACASXU_run2a_4_3_batch_2000.onnx + prop_2.vnnlib
  17: ACASXU_run2a_3_1_batch_2000.onnx + prop_2.vnnlib
  18: ACASXU_run2a_3_3_batch_2000.onnx + prop_1.vnnlib
  19: ACASXU_run2a_5_3_batch_2000.onnx + prop_1.vnnlib
  20: ACASXU_run2a_1_2_batch_2000.onnx + prop_4.vnnlib
  21: ACASXU_run2a_3_8_batch_2000.onnx + prop_3.vnnlib
  22: ACASXU_run2a_2_4_batch_2000.onnx + prop_2.vnnlib
  23: ACASXU_run2a_4_4_batch_2000.onnx + prop_4.vnnlib
  24: ACASXU_run2a_4_8_batch_2000.onnx + prop_3.vnnlib
  25: ACASXU_run2a_1_9_batch_2000.onnx + prop_2.vnnlib
  26: ACASXU_run2a_4_7_batch_2000.onnx + prop_2.vnnlib
  27: ACASXU_run2a_5_8_batch_2000.onnx + prop_1.vnnlib
  28: ACASXU_run2a_4_1_batch_2000.onnx + prop_3.vnnlib
  29: ACASXU_run2a_1_3_batch_2000.onnx + prop_4.vnnlib
  30: ACASXU_run2a_4_6_batch_2000.onnx + prop_3.vnnlib
  31: ACASXU_run2a_1_4_batch_2000.onnx + prop_1.vnnlib
  32: ACASXU_run2a_2_7_batch_2000.onnx + prop_1.vnnlib
  33: ACASXU_run2a_1_7_batch_2000.onnx + prop_2.vnnlib
  34: ACASXU_run2a_1_7_batch_2000.onnx + prop_3.vnnlib
  35: ACASXU_run2a_3_4_batch_2000.onnx + prop_4.vnnlib
  36: ACASXU_run2a_1_6_batch_2000.onnx + prop_4.vnnlib
  37: ACASXU_run2a_1_5_batch_2000.onnx + prop_2.vnnlib
  38: ACASXU_run2a_1_1_batch_2000.onnx + prop_6.vnnlib
  39: ACASXU_run2a_2_6_batch_2000.onnx + prop_2.vnnlib
  40: ACASXU_run2a_1_1_batch_2000.onnx + prop_4.vnnlib
  41: ACASXU_run2a_5_1_batch_2000.onnx + prop_1.vnnlib
  42: ACASXU_run2a_4_3_batch_2000.onnx + prop_1.vnnlib
  43: ACASXU_run2a_5_2_batch_2000.onnx + prop_2.vnnlib
  44: ACASXU_run2a_5_9_batch_2000.onnx + prop_3.vnnlib
  45: ACASXU_run2a_1_5_batch_2000.onnx + prop_3.vnnlib
  46: ACASXU_run2a_4_4_batch_2000.onnx + prop_2.vnnlib
  47: ACASXU_run2a_2_9_batch_2000.onnx + prop_8.vnnlib
  48: ACASXU_run2a_1_3_batch_2000.onnx + prop_2.vnnlib
  49: ACASXU_run2a_2_3_batch_2000.onnx + prop_1.vnnlib
  50: ACASXU_run2a_3_1_batch_2000.onnx + prop_4.vnnlib
  51: ACASXU_run2a_5_1_batch_2000.onnx + prop_2.vnnlib
  52: ACASXU_run2a_4_6_batch_2000.onnx + prop_4.vnnlib
  53: ACASXU_run2a_1_8_batch_2000.onnx + prop_3.vnnlib
  54: ACASXU_run2a_5_5_batch_2000.onnx + prop_4.vnnlib
  55: ACASXU_run2a_5_4_batch_2000.onnx + prop_2.vnnlib
  56: ACASXU_run2a_2_7_batch_2000.onnx + prop_3.vnnlib
  57: ACASXU_run2a_1_8_batch_2000.onnx + prop_1.vnnlib
  58: ACASXU_run2a_5_6_batch_2000.onnx + prop_1.vnnlib
  59: ACASXU_run2a_5_1_batch_2000.onnx + prop_4.vnnlib
  60: ACASXU_run2a_3_9_batch_2000.onnx + prop_4.vnnlib
  61: ACASXU_run2a_5_4_batch_2000.onnx + prop_3.vnnlib
  62: ACASXU_run2a_4_9_batch_2000.onnx + prop_4.vnnlib
  63: ACASXU_run2a_3_7_batch_2000.onnx + prop_3.vnnlib
  64: ACASXU_run2a_4_5_batch_2000.onnx + prop_2.vnnlib
  65: ACASXU_run2a_2_9_batch_2000.onnx + prop_1.vnnlib
  66: ACASXU_run2a_2_4_batch_2000.onnx + prop_1.vnnlib
  67: ACASXU_run2a_3_3_batch_2000.onnx + prop_9.vnnlib
  68: ACASXU_run2a_1_9_batch_2000.onnx + prop_7.vnnlib
  69: ACASXU_run2a_5_9_batch_2000.onnx + prop_2.vnnlib
  70: ACASXU_run2a_3_5_batch_2000.onnx + prop_1.vnnlib
  71: ACASXU_run2a_3_6_batch_2000.onnx + prop_1.vnnlib
  72: ACASXU_run2a_5_6_batch_2000.onnx + prop_2.vnnlib
  73: ACASXU_run2a_5_9_batch_2000.onnx + prop_1.vnnlib
  74: ACASXU_run2a_4_1_batch_2000.onnx + prop_1.vnnlib
  75: ACASXU_run2a_4_5_batch_2000.onnx + prop_1.vnnlib
  76: ACASXU_run2a_5_3_batch_2000.onnx + prop_3.vnnlib
  77: ACASXU_run2a_4_3_batch_2000.onnx + prop_4.vnnlib
  78: ACASXU_run2a_5_5_batch_2000.onnx + prop_1.vnnlib
  79: ACASXU_run2a_2_6_batch_2000.onnx + prop_4.vnnlib
  80: ACASXU_run2a_3_4_batch_2000.onnx + prop_3.vnnlib
  81: ACASXU_run2a_5_3_batch_2000.onnx + prop_2.vnnlib
  82: ACASXU_run2a_3_3_batch_2000.onnx + prop_4.vnnlib
  83: ACASXU_run2a_2_3_batch_2000.onnx + prop_3.vnnlib
  84: ACASXU_run2a_1_5_batch_2000.onnx + prop_1.vnnlib
  85: ACASXU_run2a_1_2_batch_2000.onnx + prop_2.vnnlib
  86: ACASXU_run2a_3_6_batch_2000.onnx + prop_4.vnnlib
  87: ACASXU_run2a_3_7_batch_2000.onnx + prop_4.vnnlib
  88: ACASXU_run2a_3_7_batch_2000.onnx + prop_2.vnnlib
  89: ACASXU_run2a_4_8_batch_2000.onnx + prop_2.vnnlib
  90: ACASXU_run2a_5_8_batch_2000.onnx + prop_4.vnnlib
  91: ACASXU_run2a_4_8_batch_2000.onnx + prop_1.vnnlib
  92: ACASXU_run2a_2_1_batch_2000.onnx + prop_4.vnnlib
  93: ACASXU_run2a_5_3_batch_2000.onnx + prop_4.vnnlib
  94: ACASXU_run2a_1_4_batch_2000.onnx + prop_4.vnnlib
  95: ACASXU_run2a_3_8_batch_2000.onnx + prop_2.vnnlib
  96: ACASXU_run2a_3_4_batch_2000.onnx + prop_1.vnnlib
  97: ACASXU_run2a_1_2_batch_2000.onnx + prop_1.vnnlib
  98: ACASXU_run2a_2_3_batch_2000.onnx + prop_2.vnnlib
  99: ACASXU_run2a_3_2_batch_2000.onnx + prop_1.vnnlib
  100: ACASXU_run2a_4_9_batch_2000.onnx + prop_3.vnnlib
  101: ACASXU_run2a_3_1_batch_2000.onnx + prop_3.vnnlib
  102: ACASXU_run2a_2_9_batch_2000.onnx + prop_4.vnnlib
  103: ACASXU_run2a_2_9_batch_2000.onnx + prop_2.vnnlib
  104: ACASXU_run2a_1_4_batch_2000.onnx + prop_2.vnnlib
  105: ACASXU_run2a_4_8_batch_2000.onnx + prop_4.vnnlib
  106: ACASXU_run2a_4_2_batch_2000.onnx + prop_4.vnnlib
  107: ACASXU_run2a_2_6_batch_2000.onnx + prop_1.vnnlib
  108: ACASXU_run2a_4_6_batch_2000.onnx + prop_2.vnnlib
  109: ACASXU_run2a_5_4_batch_2000.onnx + prop_4.vnnlib
  110: ACASXU_run2a_2_4_batch_2000.onnx + prop_3.vnnlib
  111: ACASXU_run2a_3_4_batch_2000.onnx + prop_2.vnnlib
  112: ACASXU_run2a_1_4_batch_2000.onnx + prop_3.vnnlib
  113: ACASXU_run2a_4_5_batch_2000.onnx + prop_4.vnnlib
  114: ACASXU_run2a_1_1_batch_2000.onnx + prop_5.vnnlib
  115: ACASXU_run2a_2_1_batch_2000.onnx + prop_3.vnnlib
  116: ACASXU_run2a_5_7_batch_2000.onnx + prop_3.vnnlib
  117: ACASXU_run2a_5_4_batch_2000.onnx + prop_1.vnnlib
  118: ACASXU_run2a_5_2_batch_2000.onnx + prop_3.vnnlib
  119: ACASXU_run2a_1_6_batch_2000.onnx + prop_1.vnnlib
  120: ACASXU_run2a_4_1_batch_2000.onnx + prop_2.vnnlib
  121: ACASXU_run2a_3_6_batch_2000.onnx + prop_2.vnnlib
  122: ACASXU_run2a_1_1_batch_2000.onnx + prop_2.vnnlib
  123: ACASXU_run2a_4_7_batch_2000.onnx + prop_1.vnnlib
  124: ACASXU_run2a_4_2_batch_2000.onnx + prop_3.vnnlib
  125: ACASXU_run2a_3_9_batch_2000.onnx + prop_2.vnnlib
  126: ACASXU_run2a_2_5_batch_2000.onnx + prop_3.vnnlib
  127: ACASXU_run2a_4_1_batch_2000.onnx + prop_4.vnnlib
  128: ACASXU_run2a_4_2_batch_2000.onnx + prop_2.vnnlib
  129: ACASXU_run2a_2_7_batch_2000.onnx + prop_4.vnnlib
  130: ACASXU_run2a_2_8_batch_2000.onnx + prop_3.vnnlib
  131: ACASXU_run2a_4_2_batch_2000.onnx + prop_1.vnnlib
  132: ACASXU_run2a_4_4_batch_2000.onnx + prop_3.vnnlib
  133: ACASXU_run2a_2_2_batch_2000.onnx + prop_2.vnnlib
  134: ACASXU_run2a_2_5_batch_2000.onnx + prop_4.vnnlib
  135: ACASXU_run2a_3_8_batch_2000.onnx + prop_4.vnnlib
  136: ACASXU_run2a_3_7_batch_2000.onnx + prop_1.vnnlib
  137: ACASXU_run2a_3_2_batch_2000.onnx + prop_2.vnnlib
  138: ACASXU_run2a_5_5_batch_2000.onnx + prop_3.vnnlib
  139: ACASXU_run2a_5_6_batch_2000.onnx + prop_4.vnnlib
  140: ACASXU_run2a_1_3_batch_2000.onnx + prop_3.vnnlib
  141: ACASXU_run2a_3_8_batch_2000.onnx + prop_1.vnnlib
  142: ACASXU_run2a_5_5_batch_2000.onnx + prop_2.vnnlib
  143: ACASXU_run2a_4_6_batch_2000.onnx + prop_1.vnnlib
  144: ACASXU_run2a_2_1_batch_2000.onnx + prop_1.vnnlib
  145: ACASXU_run2a_3_2_batch_2000.onnx + prop_4.vnnlib
  146: ACASXU_run2a_1_6_batch_2000.onnx + prop_2.vnnlib
  147: ACASXU_run2a_2_4_batch_2000.onnx + prop_4.vnnlib
  148: ACASXU_run2a_1_8_batch_2000.onnx + prop_4.vnnlib
  149: ACASXU_run2a_5_9_batch_2000.onnx + prop_4.vnnlib
  150: ACASXU_run2a_4_5_batch_2000.onnx + prop_10.vnnlib
  151: ACASXU_run2a_1_6_batch_2000.onnx + prop_3.vnnlib
  152: ACASXU_run2a_1_9_batch_2000.onnx + prop_4.vnnlib
  153: ACASXU_run2a_1_9_batch_2000.onnx + prop_1.vnnlib
  154: ACASXU_run2a_2_8_batch_2000.onnx + prop_2.vnnlib
  155: ACASXU_run2a_3_6_batch_2000.onnx + prop_3.vnnlib
  156: ACASXU_run2a_1_2_batch_2000.onnx + prop_3.vnnlib
  157: ACASXU_run2a_5_7_batch_2000.onnx + prop_4.vnnlib
  158: ACASXU_run2a_5_8_batch_2000.onnx + prop_3.vnnlib
  159: ACASXU_run2a_2_7_batch_2000.onnx + prop_2.vnnlib
  160: ACASXU_run2a_2_5_batch_2000.onnx + prop_2.vnnlib
  161: ACASXU_run2a_3_2_batch_2000.onnx + prop_3.vnnlib
  162: ACASXU_run2a_2_2_batch_2000.onnx + prop_4.vnnlib
  163: ACASXU_run2a_4_9_batch_2000.onnx + prop_2.vnnlib
  164: ACASXU_run2a_1_3_batch_2000.onnx + prop_1.vnnlib
  165: ACASXU_run2a_1_5_batch_2000.onnx + prop_4.vnnlib
  166: ACASXU_run2a_4_7_batch_2000.onnx + prop_3.vnnlib
  167: ACASXU_run2a_3_5_batch_2000.onnx + prop_2.vnnlib
  168: ACASXU_run2a_1_1_batch_2000.onnx + prop_1.vnnlib
  169: ACASXU_run2a_3_9_batch_2000.onnx + prop_1.vnnlib
  170: ACASXU_run2a_1_7_batch_2000.onnx + prop_1.vnnlib
  171: ACASXU_run2a_4_7_batch_2000.onnx + prop_4.vnnlib
  172: ACASXU_run2a_2_9_batch_2000.onnx + prop_3.vnnlib
  173: ACASXU_run2a_2_2_batch_2000.onnx + prop_1.vnnlib
  174: ACASXU_run2a_3_5_batch_2000.onnx + prop_4.vnnlib
  175: ACASXU_run2a_2_2_batch_2000.onnx + prop_3.vnnlib
  176: ACASXU_run2a_1_9_batch_2000.onnx + prop_3.vnnlib
  177: ACASXU_run2a_5_6_batch_2000.onnx + prop_3.vnnlib
  178: ACASXU_run2a_3_3_batch_2000.onnx + prop_2.vnnlib
  179: ACASXU_run2a_5_7_batch_2000.onnx + prop_2.vnnlib
  180: ACASXU_run2a_2_3_batch_2000.onnx + prop_4.vnnlib
  181: ACASXU_run2a_3_9_batch_2000.onnx + prop_3.vnnlib
  182: ACASXU_run2a_1_7_batch_2000.onnx + prop_4.vnnlib
  183: ACASXU_run2a_3_3_batch_2000.onnx + prop_3.vnnlib
  184: ACASXU_run2a_2_8_batch_2000.onnx + prop_1.vnnlib
  185: ACASXU_run2a_1_1_batch_2000.onnx + prop_3.vnnlib
[shared-flow ablation] methods: ['scenario', 'amls', 'amls_bounded', 'is_tilted', 'raw_mc_uniform']
[shared-flow ablation] calib hparams: {'alpha': 0.001, 'n_train': 5000, 'flow_epochs': 2000, 'flow_config': 'base'}
[shared-flow ablation] verify hparams: {'scenario_n_samples': 2000, 'scenario_beta': 0.001}

[1/186 t=0s] ACASXU_run2a_2_5_batch_2000.onnx + prop_1.vnnlib  gt=unsat
  box 0/0
    calibrate ok in 29.7s  q=11.1204  cov=0.9995
      scenario               UNSAT    verify=0.1s
      amls                   UNSAT    verify=11.2s
      amls_bounded           UNSAT    verify=10.8s
      is_tilted              UNSAT    verify=0.1s
      raw_mc_uniform         UNKNOWN  verify=0.0s

[2/186 t=52s] ACASXU_run2a_1_8_batch_2000.onnx + prop_2.vnnlib  gt=unsat
  box 0/0
    calibrate ok in 26.1s  q=5.2804  cov=1.0000
      scenario               UNSAT    verify=0.3s
      amls                   UNSAT    verify=10.9s
      amls_bounded           UNSAT    verify=10.9s
      is_tilted              UNSAT    verify=0.1s
      raw_mc_uniform         UNKNOWN  verify=0.0s

[3/186 t=100s] ACASXU_run2a_4_4_batch_2000.onnx + prop_1.vnnlib  gt=unsat
  box 0/0
    calibrate ok in 25.8s  q=22.3461  cov=1.0000
      scenario               UNSAT    verify=0.1s
      amls                   UNSAT    verify=10.9s
      amls_bounded           UNSAT    verify=10.9s
      is_tilted              UNSAT    verify=0.1s
      raw_mc_uniform         UNKNOWN  verify=0.0s

[4/186 t=148s] ACASXU_run2a_5_2_batch_2000.onnx + prop_1.vnnlib  gt=unsat
  box 0/0
    calibrate ok in 26.0s  q=8.0887  cov=1.0000
      scenario               UNSAT    verify=0.1s
      amls                   UNSAT    verify=10.9s
      amls_bounded           UNSAT    verify=10.9s
      is_tilted              UNSAT    verify=0.1s
      raw_mc_uniform         UNKNOWN  verify=0.0s

[5/186 t=196s] ACASXU_run2a_2_1_batch_2000.onnx + prop_2.vnnlib  gt=sat
  box 0/0
    calibrate ok in 26.2s  q=5.9007  cov=0.9995
      scenario               UNKNOWN  verify=0.1s
      amls                   UNKNOWN  verify=0.0s
      amls_bounded           UNKNOWN  verify=0.0s
      is_tilted              UNKNOWN  verify=0.1s
      raw_mc_uniform         UNKNOWN  verify=0.0s

[6/186 t=223s] ACASXU_run2a_5_7_batch_2000.onnx + prop_1.vnnlib  gt=unsat
  box 0/0
    calibrate ok in 25.7s  q=8.6866  cov=1.0000
      scenario               UNSAT    verify=0.1s
      amls                   UNSAT    verify=10.9s
      amls_bounded           UNSAT    verify=10.9s
      is_tilted              UNSAT    verify=0.1s
      raw_mc_uniform         UNKNOWN  verify=0.0s

[7/186 t=270s] ACASXU_run2a_2_8_batch_2000.onnx + prop_4.vnnlib  gt=unsat
  box 0/0
    calibrate ok in 25.9s  q=4.6694  cov=0.9995
      scenario               UNSAT    verify=0.3s
      amls                   UNSAT    verify=10.9s
      amls_bounded           UNSAT    verify=10.9s
      is_tilted              UNSAT    verify=0.1s
      raw_mc_uniform         UNKNOWN  verify=0.0s

[8/186 t=319s] ACASXU_run2a_4_9_batch_2000.onnx + prop_1.vnnlib  gt=unsat
  box 0/0
    calibrate ok in 26.1s  q=16.9413  cov=0.9990
      scenario               UNSAT    verify=0.1s
      amls                   UNSAT    verify=10.9s
      amls_bounded           UNSAT    verify=10.9s
      is_tilted              UNSAT    verify=0.1s
      raw_mc_uniform         UNKNOWN  verify=0.0s

[9/186 t=367s] ACASXU_run2a_5_2_batch_2000.onnx + prop_4.vnnlib  gt=unsat
  box 0/0
    calibrate ok in 26.1s  q=4.1355  cov=0.9995
      scenario               UNSAT    verify=0.3s
      amls                   UNSAT    verify=11.5s
      amls_bounded           UNSAT    verify=15.1s
      is_tilted              UNSAT    verify=0.1s
      raw_mc_uniform         UNKNOWN  verify=0.1s

[10/186 t=420s] ACASXU_run2a_3_5_batch_2000.onnx + prop_3.vnnlib  gt=unsat
  box 0/0
    calibrate ok in 28.5s  q=4.2159  cov=1.0000
      scenario               UNSAT    verify=0.3s
      amls                   UNSAT    verify=10.9s
      amls_bounded           UNSAT    verify=10.9s
      is_tilted              UNSAT    verify=0.1s
      raw_mc_uniform         UNKNOWN  verify=0.0s

[11/186 t=471s] ACASXU_run2a_5_1_batch_2000.onnx + prop_3.vnnlib  gt=unsat
  box 0/0
    calibrate ok in 28.5s  q=5.5340  cov=1.0000
      scenario               UNSAT    verify=0.3s
      amls                   UNSAT    verify=15.1s
      amls_bounded           UNSAT    verify=15.1s
      is_tilted              UNSAT    verify=0.1s
      raw_mc_uniform         UNKNOWN  verify=0.1s

[12/186 t=530s] ACASXU_run2a_4_5_batch_2000.onnx + prop_3.vnnlib  gt=unsat
  box 0/0
    calibrate ok in 29.3s  q=4.2911  cov=0.9990
      scenario               UNSAT    verify=0.3s
      amls                   UNSAT    verify=13.6s
      amls_bounded           UNSAT    verify=15.1s
      is_tilted              UNSAT    verify=0.1s
      raw_mc_uniform         UNKNOWN  verify=0.1s

[13/186 t=588s] ACASXU_run2a_5_8_batch_2000.onnx + prop_2.vnnlib  gt=sat
  box 0/0
    calibrate ok in 29.7s  q=16.9339  cov=1.0000
      scenario               UNKNOWN  verify=0.1s
      amls                   UNKNOWN  verify=0.1s
      amls_bounded           UNKNOWN  verify=0.1s
      is_tilted              UNKNOWN  verify=0.1s
      raw_mc_uniform         UNKNOWN  verify=0.1s

[14/186 t=618s] ACASXU_run2a_3_1_batch_2000.onnx + prop_1.vnnlib  gt=unsat
  box 0/0
    calibrate ok in 29.4s  q=7.2075  cov=1.0000
      scenario               UNSAT    verify=0.1s
      amls                   UNSAT    verify=15.0s
      amls_bounded           UNSAT    verify=15.1s
      is_tilted              UNSAT    verify=0.1s
      raw_mc_uniform         UNKNOWN  verify=0.1s

[15/186 t=678s] ACASXU_run2a_4_3_batch_2000.onnx + prop_3.vnnlib  gt=unsat
  box 0/0
    calibrate ok in 30.0s  q=4.5455  cov=1.0000
      scenario               UNSAT    verify=0.3s
      amls                   UNSAT    verify=14.0s
      amls_bounded           UNSAT    verify=15.2s
      is_tilted              UNSAT    verify=0.1s
      raw_mc_uniform         UNKNOWN  verify=0.1s

[16/186 t=738s] ACASXU_run2a_2_6_batch_2000.onnx + prop_3.vnnlib  gt=unsat
  box 0/0
    calibrate ok in 27.9s  q=4.2688  cov=0.9995
      scenario               UNSAT    verify=0.3s
      amls                   UNSAT    verify=11.2s
      amls_bounded           UNSAT    verify=11.3s
      is_tilted              UNSAT    verify=0.1s
      raw_mc_uniform         UNKNOWN  verify=0.0s

[17/186 t=789s] ACASXU_run2a_4_3_batch_2000.onnx + prop_2.vnnlib  gt=sat
  box 0/0
    calibrate ok in 27.6s  q=12.0876  cov=1.0000
      scenario               UNKNOWN  verify=0.1s
      amls                   UNKNOWN  verify=0.0s
      amls_bounded           UNKNOWN  verify=0.0s
      is_tilted              UNKNOWN  verify=0.1s
      raw_mc_uniform         UNKNOWN  verify=0.0s

[18/186 t=817s] ACASXU_run2a_3_1_batch_2000.onnx + prop_2.vnnlib  gt=sat
  box 0/0
    calibrate ok in 25.8s  q=7.2075  cov=1.0000
      scenario               UNKNOWN  verify=0.1s
      amls                   UNKNOWN  verify=0.0s
      amls_bounded           UNKNOWN  verify=0.0s
      is_tilted              UNKNOWN  verify=0.1s
      raw_mc_uniform         UNKNOWN  verify=0.0s

[19/186 t=843s] ACASXU_run2a_3_3_batch_2000.onnx + prop_1.vnnlib  gt=unsat
  box 0/0
    calibrate ok in 26.1s  q=10.3247  cov=1.0000
      scenario               UNSAT    verify=0.1s
      amls                   UNSAT    verify=10.9s
      amls_bounded           UNSAT    verify=10.9s
      is_tilted              UNSAT    verify=0.1s
      raw_mc_uniform         UNKNOWN  verify=0.0s

[20/186 t=891s] ACASXU_run2a_5_3_batch_2000.onnx + prop_1.vnnlib  gt=unsat
  box 0/0
    calibrate ok in 27.6s  q=9.3837  cov=1.0000
      scenario               UNSAT    verify=0.1s
      amls                   UNSAT    verify=15.0s
      amls_bounded           UNSAT    verify=15.1s
      is_tilted              UNSAT    verify=0.1s
      raw_mc_uniform         UNKNOWN  verify=0.1s

[21/186 t=949s] ACASXU_run2a_1_2_batch_2000.onnx + prop_4.vnnlib  gt=unsat
  box 0/0
    calibrate ok in 29.3s  q=3.7113  cov=1.0000
      scenario               UNSAT    verify=0.3s
      amls                   UNSAT    verify=11.3s
      amls_bounded           UNSAT    verify=11.3s
      is_tilted              UNSAT    verify=0.1s
      raw_mc_uniform         UNKNOWN  verify=0.0s

[22/186 t=1001s] ACASXU_run2a_3_8_batch_2000.onnx + prop_3.vnnlib  gt=unsat
  box 0/0
    calibrate ok in 29.5s  q=4.9892  cov=1.0000
      scenario               UNSAT    verify=0.3s
      amls                   UNSAT    verify=14.3s
      amls_bounded           UNSAT    verify=15.1s
      is_tilted              UNSAT    verify=0.1s
      raw_mc_uniform         UNKNOWN  verify=0.1s

[23/186 t=1060s] ACASXU_run2a_2_4_batch_2000.onnx + prop_2.vnnlib  gt=sat
  box 0/0
    calibrate ok in 30.2s  q=6.9296  cov=1.0000
      scenario               UNKNOWN  verify=0.1s
      amls                   UNKNOWN  verify=0.1s
      amls_bounded           UNKNOWN  verify=0.1s
      is_tilted              UNKNOWN  verify=0.1s
      raw_mc_uniform         UNKNOWN  verify=0.1s

[24/186 t=1091s] ACASXU_run2a_4_4_batch_2000.onnx + prop_4.vnnlib  gt=unsat
  box 0/0
    calibrate ok in 29.8s  q=3.8719  cov=0.9985
      scenario               UNSAT    verify=0.3s
      amls                   UNSAT    verify=15.1s
      amls_bounded           UNSAT    verify=15.1s
      is_tilted              UNSAT    verify=0.1s
      raw_mc_uniform         UNKNOWN  verify=0.1s

[25/186 t=1152s] ACASXU_run2a_4_8_batch_2000.onnx + prop_3.vnnlib  gt=unsat
  box 0/0
    calibrate ok in 27.8s  q=4.2629  cov=1.0000
      scenario               UNSAT    verify=0.3s
      amls                   UNSAT    verify=15.0s
      amls_bounded           UNSAT    verify=15.0s
      is_tilted              UNSAT    verify=0.1s
      raw_mc_uniform         UNKNOWN  verify=0.1s

[26/186 t=1210s] ACASXU_run2a_1_9_batch_2000.onnx + prop_2.vnnlib  gt=unsat
  box 0/0
    calibrate ok in 29.8s  q=7.1865  cov=1.0000
      scenario               UNSAT    verify=0.3s
      amls                   UNSAT    verify=11.4s
      amls_bounded           UNSAT    verify=15.1s
      is_tilted              UNSAT    verify=0.1s
      raw_mc_uniform         UNKNOWN  verify=0.1s

[27/186 t=1267s] ACASXU_run2a_4_7_batch_2000.onnx + prop_2.vnnlib  gt=sat
  box 0/0
    calibrate ok in 30.1s  q=9.2520  cov=1.0000
      scenario               UNKNOWN  verify=0.1s
      amls                   UNKNOWN  verify=0.0s
      amls_bounded           UNKNOWN  verify=0.0s
      is_tilted              UNKNOWN  verify=0.1s
      raw_mc_uniform         UNKNOWN  verify=0.0s

[28/186 t=1297s] ACASXU_run2a_5_8_batch_2000.onnx + prop_1.vnnlib  gt=unsat
  box 0/0
    calibrate ok in 29.1s  q=16.9339  cov=1.0000
      scenario               UNSAT    verify=0.1s
      amls                   UNSAT    verify=15.1s
      amls_bounded           UNSAT    verify=15.1s
      is_tilted              UNSAT    verify=0.1s
      raw_mc_uniform         UNKNOWN  verify=0.1s

[29/186 t=1357s] ACASXU_run2a_4_1_batch_2000.onnx + prop_3.vnnlib  gt=unsat
  box 0/0
    calibrate ok in 28.9s  q=5.6990  cov=1.0000
      scenario               UNSAT    verify=0.3s
      amls                   UNSAT    verify=13.9s
      amls_bounded           UNSAT    verify=15.1s
      is_tilted              UNSAT    verify=0.1s
      raw_mc_uniform         UNKNOWN  verify=0.1s

[30/186 t=1415s] ACASXU_run2a_1_3_batch_2000.onnx + prop_4.vnnlib  gt=unsat
  box 0/0
    calibrate ok in 30.5s  q=3.7591  cov=0.9985
      scenario               UNSAT    verify=0.3s
      amls                   UNSAT    verify=15.0s
      amls_bounded           UNSAT    verify=15.1s
      is_tilted              UNSAT    verify=0.1s
      raw_mc_uniform         UNKNOWN  verify=0.1s

[31/186 t=1476s] ACASXU_run2a_4_6_batch_2000.onnx + prop_3.vnnlib  gt=unsat
  box 0/0
    calibrate ok in 30.7s  q=20.2691  cov=1.0000
      scenario               UNSAT    verify=0.3s
      amls                   UNSAT    verify=15.1s
      amls_bounded           UNSAT    verify=15.0s
      is_tilted              UNSAT    verify=0.1s
      raw_mc_uniform         UNKNOWN  verify=0.1s

[32/186 t=1538s] ACASXU_run2a_1_4_batch_2000.onnx + prop_1.vnnlib  gt=unsat
  box 0/0
    calibrate ok in 29.5s  q=8.9966  cov=1.0000
      scenario               UNSAT    verify=0.1s
      amls                   UNSAT    verify=15.0s
      amls_bounded           UNSAT    verify=15.0s
      is_tilted              UNSAT    verify=0.1s
      raw_mc_uniform         UNKNOWN  verify=0.1s

[33/186 t=1597s] ACASXU_run2a_2_7_batch_2000.onnx + prop_1.vnnlib  gt=unsat
  box 0/0
    calibrate ok in 29.7s  q=28.9996  cov=0.9990
      scenario               UNSAT    verify=0.1s
      amls                   UNSAT    verify=11.3s
      amls_bounded           UNSAT    verify=11.3s
      is_tilted              UNSAT    verify=0.1s
      raw_mc_uniform         UNKNOWN  verify=0.0s

[34/186 t=1650s] ACASXU_run2a_1_7_batch_2000.onnx + prop_2.vnnlib  gt=unsat
  box 0/0
    calibrate ok in 29.5s  q=4.6281  cov=1.0000
      scenario               UNSAT    verify=0.3s
      amls                   UNSAT    verify=11.3s
      amls_bounded           UNSAT    verify=11.3s
      is_tilted              UNSAT    verify=0.1s
      raw_mc_uniform         UNKNOWN  verify=0.0s

[35/186 t=1702s] ACASXU_run2a_1_7_batch_2000.onnx + prop_3.vnnlib  gt=sat
  box 0/0
    calibrate ok in 25.8s  q=4.5329  cov=0.9995
      scenario               UNKNOWN  verify=0.1s
      amls                   UNKNOWN  verify=0.0s
      amls_bounded           UNKNOWN  verify=0.0s
      is_tilted              UNKNOWN  verify=0.1s
      raw_mc_uniform         UNKNOWN  verify=0.0s

[36/186 t=1729s] ACASXU_run2a_3_4_batch_2000.onnx + prop_4.vnnlib  gt=unsat
  box 0/0
    calibrate ok in 28.4s  q=4.4414  cov=0.9995
      scenario               UNSAT    verify=0.3s
      amls                   UNSAT    verify=11.3s
      amls_bounded           UNSAT    verify=11.3s
      is_tilted              UNSAT    verify=0.1s
      raw_mc_uniform         UNKNOWN  verify=0.0s

[37/186 t=1780s] ACASXU_run2a_1_6_batch_2000.onnx + prop_4.vnnlib  gt=unsat
  box 0/0
    calibrate ok in 29.9s  q=3.5127  cov=0.9990
      scenario               UNSAT    verify=0.3s
      amls                   UNSAT    verify=11.3s
      amls_bounded           UNSAT    verify=11.3s
      is_tilted              UNSAT    verify=0.1s
      raw_mc_uniform         UNKNOWN  verify=0.0s

[38/186 t=1833s] ACASXU_run2a_1_5_batch_2000.onnx + prop_2.vnnlib  gt=sat
  box 0/0
    calibrate ok in 29.7s  q=8.4527  cov=0.9995
      scenario               UNSAT    verify=0.3s
      amls                   UNKNOWN  verify=4.9s
      amls_bounded           UNKNOWN  verify=5.3s
      is_tilted              UNSAT    verify=0.1s
      raw_mc_uniform         UNKNOWN  verify=0.0s

[39/186 t=1873s] ACASXU_run2a_1_1_batch_2000.onnx + prop_6.vnnlib  gt=unsat
  box 0/1
    calibrate ok in 29.2s  q=124.5240  cov=1.0000
      scenario               UNSAT    verify=1.0s
      amls                   UNSAT    verify=45.2s
      amls_bounded           UNSAT    verify=45.2s
      is_tilted              UNSAT    verify=0.4s
      raw_mc_uniform         UNKNOWN  verify=0.0s
  box 1/1
    calibrate ok in 28.9s  q=20.7505  cov=1.0000
      scenario               UNSAT    verify=1.0s
      amls                   UNSAT    verify=45.1s
      amls_bounded           UNSAT    verify=45.2s
      is_tilted              UNSAT    verify=0.4s
      raw_mc_uniform         UNKNOWN  verify=0.0s

[40/186 t=2115s] ACASXU_run2a_2_6_batch_2000.onnx + prop_2.vnnlib  gt=sat
  box 0/0
    calibrate ok in 28.4s  q=5.2432  cov=0.9985
      scenario               UNKNOWN  verify=0.1s
      amls                   UNKNOWN  verify=0.0s
      amls_bounded           UNKNOWN  verify=0.0s
      is_tilted              UNKNOWN  verify=0.1s
      raw_mc_uniform         UNKNOWN  verify=0.0s

[41/186 t=2143s] ACASXU_run2a_1_1_batch_2000.onnx + prop_4.vnnlib  gt=unsat
  box 0/0
    calibrate ok in 28.4s  q=3.8931  cov=1.0000
      scenario               UNSAT    verify=0.3s
      amls                   UNSAT    verify=11.2s
      amls_bounded           UNSAT    verify=11.2s
      is_tilted              UNSAT    verify=0.1s
      raw_mc_uniform         UNKNOWN  verify=0.0s

[42/186 t=2195s] ACASXU_run2a_5_1_batch_2000.onnx + prop_1.vnnlib  gt=unsat
  box 0/0
    calibrate ok in 29.1s  q=6.0391  cov=0.9995
      scenario               UNSAT    verify=0.1s
      amls                   UNSAT    verify=11.2s
      amls_bounded           UNSAT    verify=11.3s
      is_tilted              UNSAT    verify=0.1s
      raw_mc_uniform         UNKNOWN  verify=0.0s

[43/186 t=2247s] ACASXU_run2a_4_3_batch_2000.onnx + prop_1.vnnlib  gt=unsat
  box 0/0
    calibrate ok in 28.9s  q=12.0876  cov=1.0000
      scenario               UNSAT    verify=0.1s
      amls                   UNSAT    verify=10.9s
      amls_bounded           UNSAT    verify=11.8s
      is_tilted              UNSAT    verify=0.1s
      raw_mc_uniform         UNKNOWN  verify=0.1s

[44/186 t=2298s] ACASXU_run2a_5_2_batch_2000.onnx + prop_2.vnnlib  gt=sat
  box 0/0
    calibrate ok in 29.9s  q=8.0887  cov=1.0000
      scenario               UNKNOWN  verify=0.1s
      amls                   UNKNOWN  verify=0.0s
      amls_bounded           UNKNOWN  verify=0.0s
      is_tilted              UNKNOWN  verify=0.1s
      raw_mc_uniform         UNKNOWN  verify=0.0s

[45/186 t=2329s] ACASXU_run2a_5_9_batch_2000.onnx + prop_3.vnnlib  gt=unsat
  box 0/0
    calibrate ok in 26.1s  q=5.4467  cov=0.9995
      scenario               UNSAT    verify=0.3s
      amls                   UNSAT    verify=13.3s
      amls_bounded           UNSAT    verify=15.1s
      is_tilted              UNSAT    verify=0.1s
      raw_mc_uniform         UNKNOWN  verify=0.1s

[46/186 t=2384s] ACASXU_run2a_1_5_batch_2000.onnx + prop_3.vnnlib  gt=unsat
  box 0/0
    calibrate ok in 28.9s  q=4.3920  cov=1.0000
      scenario               UNSAT    verify=0.3s
      amls                   UNSAT    verify=10.9s
      amls_bounded           UNSAT    verify=12.1s
      is_tilted              UNSAT    verify=0.1s
      raw_mc_uniform         UNKNOWN  verify=0.1s

[47/186 t=2436s] ACASXU_run2a_4_4_batch_2000.onnx + prop_2.vnnlib  gt=sat
  box 0/0
    calibrate ok in 28.7s  q=22.3461  cov=1.0000
      scenario               UNKNOWN  verify=0.1s
      amls                   UNKNOWN  verify=0.0s
      amls_bounded           UNKNOWN  verify=0.0s
      is_tilted              UNKNOWN  verify=0.1s
      raw_mc_uniform         UNKNOWN  verify=0.0s

[48/186 t=2465s] ACASXU_run2a_2_9_batch_2000.onnx + prop_8.vnnlib  gt=sat
  box 0/0
    calibrate ok in 28.7s  q=6.8597  cov=0.9990
      scenario               UNKNOWN  verify=0.4s
      amls                   UNKNOWN  verify=21.8s
      amls_bounded           UNKNOWN  verify=29.9s
      is_tilted              UNKNOWN  verify=0.4s
      raw_mc_uniform         UNKNOWN  verify=0.1s

[49/186 t=2546s] ACASXU_run2a_1_3_batch_2000.onnx + prop_2.vnnlib  gt=sat
  box 0/0
    calibrate ok in 29.6s  q=7.2128  cov=1.0000
      scenario               UNSAT    verify=0.3s
      amls                   UNSAT    verify=14.5s
      amls_bounded           UNSAT    verify=15.1s
      is_tilted              UNSAT    verify=0.1s
      raw_mc_uniform         UNKNOWN  verify=0.1s

[50/186 t=2606s] ACASXU_run2a_2_3_batch_2000.onnx + prop_1.vnnlib  gt=unsat
  box 0/0
    calibrate ok in 29.4s  q=8.1412  cov=1.0000
      scenario               UNSAT    verify=0.1s
      amls                   UNSAT    verify=11.0s
      amls_bounded           UNSAT    verify=12.4s
      is_tilted              UNSAT    verify=0.1s
      raw_mc_uniform         UNKNOWN  verify=0.1s

[51/186 t=2659s] ACASXU_run2a_3_1_batch_2000.onnx + prop_4.vnnlib  gt=unsat
  box 0/0
    calibrate ok in 30.0s  q=3.8334  cov=0.9995
      scenario               UNSAT    verify=0.3s
      amls                   UNSAT    verify=15.1s
      amls_bounded           UNSAT    verify=13.6s
      is_tilted              UNSAT    verify=0.1s
      raw_mc_uniform         UNKNOWN  verify=0.1s

[52/186 t=2719s] ACASXU_run2a_5_1_batch_2000.onnx + prop_2.vnnlib  gt=sat
  box 0/0
    calibrate ok in 29.7s  q=6.0391  cov=0.9995
      scenario               UNKNOWN  verify=0.1s
      amls                   UNKNOWN  verify=0.0s
      amls_bounded           UNKNOWN  verify=0.0s
      is_tilted              UNKNOWN  verify=0.1s
      raw_mc_uniform         UNKNOWN  verify=0.0s

[53/186 t=2749s] ACASXU_run2a_4_6_batch_2000.onnx + prop_4.vnnlib  gt=unsat
  box 0/0
    calibrate ok in 27.5s  q=3.4998  cov=1.0000
      scenario               UNSAT    verify=0.3s
      amls                   UNSAT    verify=15.1s
      amls_bounded           UNSAT    verify=15.1s
      is_tilted              UNSAT    verify=0.1s
      raw_mc_uniform         UNKNOWN  verify=0.1s

[54/186 t=2807s] ACASXU_run2a_1_8_batch_2000.onnx + prop_3.vnnlib  gt=sat
  box 0/0
    calibrate ok in 29.5s  q=4.2258  cov=1.0000
      scenario               UNKNOWN  verify=0.1s
      amls                   UNKNOWN  verify=0.0s
      amls_bounded           UNKNOWN  verify=0.0s
      is_tilted              UNKNOWN  verify=0.1s
      raw_mc_uniform         UNKNOWN  verify=0.0s

[55/186 t=2837s] ACASXU_run2a_5_5_batch_2000.onnx + prop_4.vnnlib  gt=unsat
  box 0/0
    calibrate ok in 29.5s  q=4.2226  cov=1.0000
      scenario               UNSAT    verify=0.3s
      amls                   UNSAT    verify=15.1s
      amls_bounded           UNSAT    verify=15.2s
      is_tilted              UNSAT    verify=0.1s
      raw_mc_uniform         UNKNOWN  verify=0.0s

[56/186 t=2897s] ACASXU_run2a_5_4_batch_2000.onnx + prop_2.vnnlib  gt=sat
  box 0/0
    calibrate ok in 28.7s  q=6.9359  cov=1.0000
      scenario               UNKNOWN  verify=0.1s
      amls                   UNKNOWN  verify=0.0s
      amls_bounded           UNKNOWN  verify=0.0s
      is_tilted              UNKNOWN  verify=0.1s
      raw_mc_uniform         UNKNOWN  verify=0.0s

[57/186 t=2926s] ACASXU_run2a_2_7_batch_2000.onnx + prop_3.vnnlib  gt=unsat
  box 0/0
    calibrate ok in 27.7s  q=4.2383  cov=0.9995
      scenario               UNSAT    verify=0.3s
      amls                   UNSAT    verify=11.1s
      amls_bounded           UNSAT    verify=11.2s
      is_tilted              UNSAT    verify=0.1s
      raw_mc_uniform         UNKNOWN  verify=0.0s

[58/186 t=2976s] ACASXU_run2a_1_8_batch_2000.onnx + prop_1.vnnlib  gt=unsat
  box 0/0
    calibrate ok in 28.9s  q=5.2804  cov=1.0000
      scenario               UNSAT    verify=0.1s
      amls                   UNSAT    verify=11.2s
      amls_bounded           UNSAT    verify=11.2s
      is_tilted              UNSAT    verify=0.1s
      raw_mc_uniform         UNKNOWN  verify=0.0s

[59/186 t=3028s] ACASXU_run2a_5_6_batch_2000.onnx + prop_1.vnnlib  gt=unsat
  box 0/0
    calibrate ok in 26.3s  q=40.5137  cov=0.9995
      scenario               UNSAT    verify=0.1s
      amls                   UNSAT    verify=11.1s
      amls_bounded           UNSAT    verify=11.2s
      is_tilted              UNSAT    verify=0.1s
      raw_mc_uniform         UNKNOWN  verify=0.0s

[60/186 t=3077s] ACASXU_run2a_5_1_batch_2000.onnx + prop_4.vnnlib  gt=unsat
  box 0/0
    calibrate ok in 28.2s  q=4.4902  cov=1.0000
      scenario               UNSAT    verify=0.3s
      amls                   UNSAT    verify=15.1s
      amls_bounded           UNSAT    verify=15.1s
      is_tilted              UNSAT    verify=0.1s
      raw_mc_uniform         UNKNOWN  verify=0.1s

[61/186 t=3136s] ACASXU_run2a_3_9_batch_2000.onnx + prop_4.vnnlib  gt=unsat
  box 0/0
    calibrate ok in 28.8s  q=3.9586  cov=0.9995
      scenario               UNSAT    verify=0.3s
      amls                   UNSAT    verify=15.1s
      amls_bounded           UNSAT    verify=15.1s
      is_tilted              UNSAT    verify=0.1s
      raw_mc_uniform         UNKNOWN  verify=0.1s

[62/186 t=3195s] ACASXU_run2a_5_4_batch_2000.onnx + prop_3.vnnlib  gt=unsat
  box 0/0
    calibrate ok in 29.9s  q=4.2427  cov=1.0000
      scenario               UNSAT    verify=0.3s
      amls                   UNSAT    verify=14.4s
      amls_bounded           UNSAT    verify=15.1s
      is_tilted              UNSAT    verify=0.1s
      raw_mc_uniform         UNKNOWN  verify=0.1s

[63/186 t=3255s] ACASXU_run2a_4_9_batch_2000.onnx + prop_4.vnnlib  gt=unsat
  box 0/0
    calibrate ok in 29.8s  q=5.0421  cov=0.9990
      scenario               UNSAT    verify=0.3s
      amls                   UNSAT    verify=15.2s
      amls_bounded           UNSAT    verify=15.2s
      is_tilted              UNSAT    verify=0.1s
      raw_mc_uniform         UNKNOWN  verify=0.1s

[64/186 t=3316s] ACASXU_run2a_3_7_batch_2000.onnx + prop_3.vnnlib  gt=unsat
  box 0/0
    calibrate ok in 30.2s  q=4.0972  cov=1.0000
      scenario               UNSAT    verify=0.3s
      amls                   UNSAT    verify=11.0s
      amls_bounded           UNSAT    verify=12.9s
      is_tilted              UNSAT    verify=0.1s
      raw_mc_uniform         UNKNOWN  verify=0.1s

[65/186 t=3370s] ACASXU_run2a_4_5_batch_2000.onnx + prop_2.vnnlib  gt=sat
  box 0/0
    calibrate ok in 29.8s  q=10.4647  cov=0.9990
      scenario               UNKNOWN  verify=0.1s
      amls                   UNKNOWN  verify=0.0s
      amls_bounded           UNKNOWN  verify=0.0s
      is_tilted              UNKNOWN  verify=0.1s
      raw_mc_uniform         UNKNOWN  verify=0.0s

[66/186 t=3400s] ACASXU_run2a_2_9_batch_2000.onnx + prop_1.vnnlib  gt=unsat
  box 0/0
    calibrate ok in 29.3s  q=5.7245  cov=1.0000
      scenario               UNSAT    verify=0.1s
      amls                   UNSAT    verify=11.3s
      amls_bounded           UNSAT    verify=11.3s
      is_tilted              UNSAT    verify=0.1s
      raw_mc_uniform         UNKNOWN  verify=0.0s

[67/186 t=3452s] ACASXU_run2a_2_4_batch_2000.onnx + prop_1.vnnlib  gt=unsat
  box 0/0
    calibrate ok in 29.0s  q=6.9296  cov=1.0000
      scenario               UNSAT    verify=0.1s
      amls                   UNSAT    verify=11.3s
      amls_bounded           UNSAT    verify=11.3s
      is_tilted              UNSAT    verify=0.1s
      raw_mc_uniform         UNKNOWN  verify=0.0s

[68/186 t=3504s] ACASXU_run2a_3_3_batch_2000.onnx + prop_9.vnnlib  gt=unsat
  box 0/0
    calibrate ok in 29.3s  q=4.3268  cov=1.0000
      scenario               UNKNOWN  verify=0.4s
      amls                   UNKNOWN  verify=0.2s
      amls_bounded           UNKNOWN  verify=1.2s
      is_tilted              UNKNOWN  verify=0.5s
      raw_mc_uniform         UNKNOWN  verify=0.0s

[69/186 t=3536s] ACASXU_run2a_1_9_batch_2000.onnx + prop_7.vnnlib  gt=sat
  box 0/0
    calibrate ok in 26.9s  q=35.1927  cov=1.0000
      scenario               UNSAT    verify=0.6s
      amls                   UNKNOWN  verify=6.3s
      amls_bounded           UNKNOWN  verify=5.9s
      is_tilted              UNSAT    verify=0.2s
      raw_mc_uniform         UNKNOWN  verify=0.0s

[70/186 t=3576s] ACASXU_run2a_5_9_batch_2000.onnx + prop_2.vnnlib  gt=sat
  box 0/0
    calibrate ok in 28.3s  q=7.5352  cov=1.0000
      scenario               UNKNOWN  verify=0.1s
      amls                   UNKNOWN  verify=0.0s
      amls_bounded           UNKNOWN  verify=0.0s
      is_tilted              UNKNOWN  verify=0.1s
      raw_mc_uniform         UNKNOWN  verify=0.0s

[71/186 t=3604s] ACASXU_run2a_3_5_batch_2000.onnx + prop_1.vnnlib  gt=unsat
  box 0/0
    calibrate ok in 27.4s  q=11.2576  cov=1.0000
      scenario               UNSAT    verify=0.1s
      amls                   UNSAT    verify=10.8s
      amls_bounded           UNSAT    verify=14.3s
      is_tilted              UNSAT    verify=0.1s
      raw_mc_uniform         UNKNOWN  verify=0.1s

[72/186 t=3657s] ACASXU_run2a_3_6_batch_2000.onnx + prop_1.vnnlib  gt=unsat
  box 0/0
    calibrate ok in 29.3s  q=11.6731  cov=1.0000
      scenario               UNSAT    verify=0.1s
      amls                   UNSAT    verify=11.3s
      amls_bounded           UNSAT    verify=11.3s
      is_tilted              UNSAT    verify=0.1s
      raw_mc_uniform         UNKNOWN  verify=0.0s

[73/186 t=3710s] ACASXU_run2a_5_6_batch_2000.onnx + prop_2.vnnlib  gt=sat
  box 0/0
    calibrate ok in 29.0s  q=40.5137  cov=0.9995
      scenario               UNKNOWN  verify=0.1s
      amls                   UNKNOWN  verify=0.0s
      amls_bounded           UNKNOWN  verify=0.0s
      is_tilted              UNKNOWN  verify=0.1s
      raw_mc_uniform         UNKNOWN  verify=0.0s

[74/186 t=3739s] ACASXU_run2a_5_9_batch_2000.onnx + prop_1.vnnlib  gt=unsat
  box 0/0
    calibrate ok in 24.9s  q=7.5352  cov=1.0000
      scenario               UNSAT    verify=0.1s
      amls                   UNSAT    verify=10.9s
      amls_bounded           UNSAT    verify=11.6s
      is_tilted              UNSAT    verify=0.1s
      raw_mc_uniform         UNKNOWN  verify=0.1s

[75/186 t=3787s] ACASXU_run2a_4_1_batch_2000.onnx + prop_1.vnnlib  gt=unsat
  box 0/0
    calibrate ok in 30.1s  q=332.9955  cov=1.0000
      scenario               UNSAT    verify=0.1s
      amls                   UNSAT    verify=10.9s
      amls_bounded           UNSAT    verify=14.0s
      is_tilted              UNSAT    verify=0.1s
      raw_mc_uniform         UNKNOWN  verify=0.1s

[76/186 t=3842s] ACASXU_run2a_4_5_batch_2000.onnx + prop_1.vnnlib  gt=unsat
  box 0/0
    calibrate ok in 29.6s  q=10.4647  cov=0.9990
      scenario               UNSAT    verify=0.1s
      amls                   UNSAT    verify=11.1s
      amls_bounded           UNSAT    verify=11.2s
      is_tilted              UNSAT    verify=0.1s
      raw_mc_uniform         UNKNOWN  verify=0.0s

[77/186 t=3894s] ACASXU_run2a_5_3_batch_2000.onnx + prop_3.vnnlib  gt=unsat
  box 0/0
    calibrate ok in 28.8s  q=3.8143  cov=0.9995
      scenario               UNSAT    verify=0.3s
      amls                   UNSAT    verify=11.1s
      amls_bounded           UNSAT    verify=11.1s
      is_tilted              UNSAT    verify=0.1s
      raw_mc_uniform         UNKNOWN  verify=0.0s

[78/186 t=3946s] ACASXU_run2a_4_3_batch_2000.onnx + prop_4.vnnlib  gt=unsat
  box 0/0
    calibrate ok in 27.5s  q=3.8880  cov=1.0000
      scenario               UNSAT    verify=0.3s
      amls                   UNSAT    verify=11.1s
      amls_bounded           UNSAT    verify=11.1s
      is_tilted              UNSAT    verify=0.1s
      raw_mc_uniform         UNKNOWN  verify=0.0s

[79/186 t=3996s] ACASXU_run2a_5_5_batch_2000.onnx + prop_1.vnnlib  gt=unsat
  box 0/0
    calibrate ok in 27.4s  q=9.4626  cov=1.0000
      scenario               UNSAT    verify=0.1s
      amls                   UNSAT    verify=11.1s
      amls_bounded           UNSAT    verify=11.1s
      is_tilted              UNSAT    verify=0.1s
      raw_mc_uniform         UNKNOWN  verify=0.0s

[80/186 t=4046s] ACASXU_run2a_2_6_batch_2000.onnx + prop_4.vnnlib  gt=unsat
  box 0/0
    calibrate ok in 28.9s  q=3.4909  cov=0.9990
      scenario               UNSAT    verify=0.3s
      amls                   UNSAT    verify=11.1s
      amls_bounded           UNSAT    verify=11.1s
      is_tilted              UNSAT    verify=0.1s
      raw_mc_uniform         UNKNOWN  verify=0.0s

[81/186 t=4097s] ACASXU_run2a_3_4_batch_2000.onnx + prop_3.vnnlib  gt=unsat
  box 0/0
    calibrate ok in 26.7s  q=4.4282  cov=0.9995
      scenario               UNSAT    verify=0.3s
      amls                   UNSAT    verify=11.1s
      amls_bounded           UNSAT    verify=11.1s
      is_tilted              UNSAT    verify=0.1s
      raw_mc_uniform         UNKNOWN  verify=0.0s

[82/186 t=4147s] ACASXU_run2a_5_3_batch_2000.onnx + prop_2.vnnlib  gt=sat
  box 0/0
    calibrate ok in 26.6s  q=9.3837  cov=1.0000
      scenario               UNKNOWN  verify=0.1s
      amls                   UNKNOWN  verify=0.0s
      amls_bounded           UNKNOWN  verify=0.0s
      is_tilted              UNKNOWN  verify=0.1s
      raw_mc_uniform         UNKNOWN  verify=0.0s

[83/186 t=4174s] ACASXU_run2a_3_3_batch_2000.onnx + prop_4.vnnlib  gt=unsat
  box 0/0
    calibrate ok in 24.8s  q=5.1933  cov=1.0000
      scenario               UNSAT    verify=0.3s
      amls                   UNSAT    verify=15.0s
      amls_bounded           UNSAT    verify=15.1s
      is_tilted              UNSAT    verify=0.1s
      raw_mc_uniform         UNKNOWN  verify=0.1s

[84/186 t=4229s] ACASXU_run2a_2_3_batch_2000.onnx + prop_3.vnnlib  gt=unsat
  box 0/0
    calibrate ok in 25.5s  q=4.6602  cov=1.0000
      scenario               UNSAT    verify=0.3s
      amls                   UNSAT    verify=11.1s
      amls_bounded           UNSAT    verify=11.1s
      is_tilted              UNSAT    verify=0.1s
      raw_mc_uniform         UNKNOWN  verify=0.0s

[85/186 t=4277s] ACASXU_run2a_1_5_batch_2000.onnx + prop_1.vnnlib  gt=unsat
  box 0/0
    calibrate ok in 28.6s  q=8.4527  cov=0.9995
      scenario               UNSAT    verify=0.1s
      amls                   UNSAT    verify=11.1s
      amls_bounded           UNSAT    verify=11.1s
      is_tilted              UNSAT    verify=0.1s
      raw_mc_uniform         UNKNOWN  verify=0.0s

[86/186 t=4328s] ACASXU_run2a_1_2_batch_2000.onnx + prop_2.vnnlib  gt=sat
  box 0/0
    calibrate ok in 29.1s  q=14.0221  cov=0.9985
      scenario               UNSAT    verify=0.3s
      amls                   UNKNOWN  verify=5.2s
      amls_bounded           UNKNOWN  verify=6.5s
      is_tilted              UNSAT    verify=0.1s
      raw_mc_uniform         UNKNOWN  verify=0.0s

[87/186 t=4370s] ACASXU_run2a_3_6_batch_2000.onnx + prop_4.vnnlib  gt=unsat
  box 0/0
    calibrate ok in 28.7s  q=3.2998  cov=0.9995
      scenario               UNSAT    verify=0.3s
      amls                   UNSAT    verify=15.0s
      amls_bounded           UNSAT    verify=15.1s
      is_tilted              UNSAT    verify=0.1s
      raw_mc_uniform         UNKNOWN  verify=0.1s

[88/186 t=4429s] ACASXU_run2a_3_7_batch_2000.onnx + prop_4.vnnlib  gt=unsat
  box 0/0
    calibrate ok in 30.1s  q=4.2940  cov=0.9995
      scenario               UNSAT    verify=0.3s
      amls                   UNSAT    verify=10.9s
      amls_bounded           UNSAT    verify=12.5s
      is_tilted              UNSAT    verify=0.1s
      raw_mc_uniform         UNKNOWN  verify=0.1s

[89/186 t=4483s] ACASXU_run2a_3_7_batch_2000.onnx + prop_2.vnnlib  gt=sat
  box 0/0
    calibrate ok in 30.2s  q=15.6888  cov=1.0000
      scenario               UNKNOWN  verify=0.1s
      amls                   UNKNOWN  verify=0.1s
      amls_bounded           UNKNOWN  verify=0.1s
      is_tilted              UNKNOWN  verify=0.1s
      raw_mc_uniform         UNKNOWN  verify=0.1s

[90/186 t=4513s] ACASXU_run2a_4_8_batch_2000.onnx + prop_2.vnnlib  gt=sat
  box 0/0
    calibrate ok in 27.9s  q=8.7895  cov=0.9995
      scenario               UNKNOWN  verify=0.1s
      amls                   UNKNOWN  verify=0.1s
      amls_bounded           UNKNOWN  verify=0.1s
      is_tilted              UNKNOWN  verify=0.1s
      raw_mc_uniform         UNKNOWN  verify=0.1s

[91/186 t=4542s] ACASXU_run2a_5_8_batch_2000.onnx + prop_4.vnnlib  gt=unsat
  box 0/0
    calibrate ok in 26.5s  q=3.9964  cov=0.9995
      scenario               UNSAT    verify=0.3s
      amls                   UNSAT    verify=15.1s
      amls_bounded           UNSAT    verify=15.1s
      is_tilted              UNSAT    verify=0.1s
      raw_mc_uniform         UNKNOWN  verify=0.1s

[92/186 t=4599s] ACASXU_run2a_4_8_batch_2000.onnx + prop_1.vnnlib  gt=unsat
  box 0/0
    calibrate ok in 29.2s  q=8.7895  cov=0.9995
      scenario               UNSAT    verify=0.1s
      amls                   UNSAT    verify=11.3s
      amls_bounded           UNSAT    verify=11.3s
      is_tilted              UNSAT    verify=0.1s
      raw_mc_uniform         UNKNOWN  verify=0.0s

[93/186 t=4651s] ACASXU_run2a_2_1_batch_2000.onnx + prop_4.vnnlib  gt=unsat
  box 0/0
    calibrate ok in 30.0s  q=4.6472  cov=1.0000
      scenario               UNSAT    verify=0.3s
      amls                   UNSAT    verify=11.3s
      amls_bounded           UNSAT    verify=11.3s
      is_tilted              UNSAT    verify=0.1s
      raw_mc_uniform         UNKNOWN  verify=0.0s

[94/186 t=4704s] ACASXU_run2a_5_3_batch_2000.onnx + prop_4.vnnlib  gt=unsat
  box 0/0
    calibrate ok in 28.7s  q=4.6191  cov=0.9995
      scenario               UNSAT    verify=0.3s
      amls                   UNSAT    verify=11.3s
      amls_bounded           UNSAT    verify=11.3s
      is_tilted              UNSAT    verify=0.1s
      raw_mc_uniform         UNKNOWN  verify=0.0s

[95/186 t=4756s] ACASXU_run2a_1_4_batch_2000.onnx + prop_4.vnnlib  gt=unsat
  box 0/0
    calibrate ok in 28.6s  q=4.0289  cov=0.9995
      scenario               UNSAT    verify=0.3s
      amls                   UNSAT    verify=11.3s
      amls_bounded           UNSAT    verify=11.3s
      is_tilted              UNSAT    verify=0.1s
      raw_mc_uniform         UNKNOWN  verify=0.0s

[96/186 t=4807s] ACASXU_run2a_3_8_batch_2000.onnx + prop_2.vnnlib  gt=sat
  box 0/0
    calibrate ok in 29.1s  q=6.7356  cov=1.0000
      scenario               UNKNOWN  verify=0.1s
      amls                   UNKNOWN  verify=0.1s
      amls_bounded           UNKNOWN  verify=0.1s
      is_tilted              UNKNOWN  verify=0.1s
      raw_mc_uniform         UNKNOWN  verify=0.1s

[97/186 t=4837s] ACASXU_run2a_3_4_batch_2000.onnx + prop_1.vnnlib  gt=unsat
  box 0/0
    calibrate ok in 29.7s  q=9.1311  cov=1.0000
      scenario               UNSAT    verify=0.1s
      amls                   UNSAT    verify=15.1s
      amls_bounded           UNSAT    verify=15.1s
      is_tilted              UNSAT    verify=0.1s
      raw_mc_uniform         UNKNOWN  verify=0.1s

[98/186 t=4897s] ACASXU_run2a_1_2_batch_2000.onnx + prop_1.vnnlib  gt=unsat
  box 0/0
    calibrate ok in 27.1s  q=14.0221  cov=0.9985
      scenario               UNSAT    verify=0.1s
      amls                   UNSAT    verify=15.0s
      amls_bounded           UNSAT    verify=15.1s
      is_tilted              UNSAT    verify=0.1s
      raw_mc_uniform         UNKNOWN  verify=0.1s

[99/186 t=4954s] ACASXU_run2a_2_3_batch_2000.onnx + prop_2.vnnlib  gt=sat
  box 0/0
    calibrate ok in 30.1s  q=8.1412  cov=1.0000
      scenario               UNKNOWN  verify=0.1s
      amls                   UNKNOWN  verify=0.1s
      amls_bounded           UNKNOWN  verify=0.1s
      is_tilted              UNKNOWN  verify=0.1s
      raw_mc_uniform         UNKNOWN  verify=0.1s

[100/186 t=4985s] ACASXU_run2a_3_2_batch_2000.onnx + prop_1.vnnlib  gt=unsat
  box 0/0
    calibrate ok in 29.6s  q=10.6623  cov=1.0000
      scenario               UNSAT    verify=0.1s
      amls                   UNSAT    verify=15.1s
      amls_bounded           UNSAT    verify=15.1s
      is_tilted              UNSAT    verify=0.1s
      raw_mc_uniform         UNKNOWN  verify=0.1s

[101/186 t=5045s] ACASXU_run2a_4_9_batch_2000.onnx + prop_3.vnnlib  gt=unsat
  box 0/0
    calibrate ok in 29.3s  q=3.8119  cov=1.0000
      scenario               UNSAT    verify=0.3s
      amls                   UNSAT    verify=11.3s
      amls_bounded           UNSAT    verify=11.3s
      is_tilted              UNSAT    verify=0.1s
      raw_mc_uniform         UNKNOWN  verify=0.0s

[102/186 t=5097s] ACASXU_run2a_3_1_batch_2000.onnx + prop_3.vnnlib  gt=unsat
  box 0/0
    calibrate ok in 27.7s  q=4.6063  cov=0.9995
      scenario               UNSAT    verify=0.3s
      amls                   UNSAT    verify=11.3s
      amls_bounded           UNSAT    verify=11.3s
      is_tilted              UNSAT    verify=0.1s
      raw_mc_uniform         UNKNOWN  verify=0.0s

[103/186 t=5148s] ACASXU_run2a_2_9_batch_2000.onnx + prop_4.vnnlib  gt=unsat
  box 0/0
    calibrate ok in 28.0s  q=3.1897  cov=1.0000
      scenario               UNSAT    verify=0.3s
      amls                   UNSAT    verify=11.2s
      amls_bounded           UNSAT    verify=11.3s
      is_tilted              UNSAT    verify=0.1s
      raw_mc_uniform         UNKNOWN  verify=0.0s

[104/186 t=5199s] ACASXU_run2a_2_9_batch_2000.onnx + prop_2.vnnlib  gt=sat
  box 0/0
    calibrate ok in 28.5s  q=5.7245  cov=1.0000
      scenario               UNKNOWN  verify=0.1s
      amls                   UNKNOWN  verify=0.0s
      amls_bounded           UNKNOWN  verify=0.0s
      is_tilted              UNKNOWN  verify=0.1s
      raw_mc_uniform         UNKNOWN  verify=0.0s

[105/186 t=5228s] ACASXU_run2a_1_4_batch_2000.onnx + prop_2.vnnlib  gt=sat
  box 0/0
    calibrate ok in 28.1s  q=8.9966  cov=1.0000
      scenario               UNKNOWN  verify=0.1s
      amls                   UNKNOWN  verify=0.0s
      amls_bounded           UNKNOWN  verify=0.0s
      is_tilted              UNKNOWN  verify=0.1s
      raw_mc_uniform         UNKNOWN  verify=0.0s

[106/186 t=5256s] ACASXU_run2a_4_8_batch_2000.onnx + prop_4.vnnlib  gt=unsat
  box 0/0
    calibrate ok in 27.1s  q=4.1194  cov=0.9995
      scenario               UNSAT    verify=0.3s
      amls                   UNSAT    verify=11.2s
      amls_bounded           UNSAT    verify=11.3s
      is_tilted              UNSAT    verify=0.1s
      raw_mc_uniform         UNKNOWN  verify=0.0s

[107/186 t=5306s] ACASXU_run2a_4_2_batch_2000.onnx + prop_4.vnnlib  gt=unsat
  box 0/0
    calibrate ok in 29.0s  q=4.3471  cov=0.9995
      scenario               UNSAT    verify=0.3s
      amls                   UNSAT    verify=11.2s
      amls_bounded           UNSAT    verify=11.2s
      is_tilted              UNSAT    verify=0.1s
      raw_mc_uniform         UNKNOWN  verify=0.0s

[108/186 t=5358s] ACASXU_run2a_2_6_batch_2000.onnx + prop_1.vnnlib  gt=unsat
  box 0/0
    calibrate ok in 29.8s  q=5.2432  cov=0.9985
      scenario               UNSAT    verify=0.1s
      amls                   UNSAT    verify=11.2s
      amls_bounded           UNSAT    verify=11.2s
      is_tilted              UNSAT    verify=0.1s
      raw_mc_uniform         UNKNOWN  verify=0.0s

[109/186 t=5410s] ACASXU_run2a_4_6_batch_2000.onnx + prop_2.vnnlib  gt=sat
  box 0/0
    calibrate ok in 27.2s  q=9.1807  cov=1.0000
      scenario               UNKNOWN  verify=0.1s
      amls                   UNKNOWN  verify=0.0s
      amls_bounded           UNKNOWN  verify=0.0s
      is_tilted              UNKNOWN  verify=0.1s
      raw_mc_uniform         UNKNOWN  verify=0.0s

[110/186 t=5438s] ACASXU_run2a_5_4_batch_2000.onnx + prop_4.vnnlib  gt=unsat
  box 0/0
    calibrate ok in 25.8s  q=3.9555  cov=0.9995
      scenario               UNSAT    verify=0.3s
      amls                   UNSAT    verify=11.2s
      amls_bounded           UNSAT    verify=11.2s
      is_tilted              UNSAT    verify=0.1s
      raw_mc_uniform         UNKNOWN  verify=0.0s

[111/186 t=5486s] ACASXU_run2a_2_4_batch_2000.onnx + prop_3.vnnlib  gt=unsat
  box 0/0
    calibrate ok in 25.4s  q=4.0323  cov=0.9995
      scenario               UNSAT    verify=0.3s
      amls                   UNSAT    verify=11.2s
      amls_bounded           UNSAT    verify=11.2s
      is_tilted              UNSAT    verify=0.1s
      raw_mc_uniform         UNKNOWN  verify=0.0s

[112/186 t=5535s] ACASXU_run2a_3_4_batch_2000.onnx + prop_2.vnnlib  gt=sat
  box 0/0
    calibrate ok in 28.2s  q=9.1311  cov=1.0000
      scenario               UNKNOWN  verify=0.1s
      amls                   UNKNOWN  verify=0.0s
      amls_bounded           UNKNOWN  verify=0.0s
      is_tilted              UNKNOWN  verify=0.1s
      raw_mc_uniform         UNKNOWN  verify=0.0s

[113/186 t=5563s] ACASXU_run2a_1_4_batch_2000.onnx + prop_3.vnnlib  gt=unsat
  box 0/0
    calibrate ok in 27.8s  q=3.9876  cov=1.0000
      scenario               UNSAT    verify=0.3s
      amls                   UNSAT    verify=11.5s
      amls_bounded           UNSAT    verify=15.1s
      is_tilted              UNSAT    verify=0.1s
      raw_mc_uniform         UNKNOWN  verify=0.1s

[114/186 t=5618s] ACASXU_run2a_4_5_batch_2000.onnx + prop_4.vnnlib  gt=unsat
  box 0/0
    calibrate ok in 30.0s  q=4.5953  cov=1.0000
      scenario               UNSAT    verify=0.3s
      amls                   UNSAT    verify=15.1s
      amls_bounded           UNSAT    verify=15.1s
      is_tilted              UNSAT    verify=0.1s
      raw_mc_uniform         UNKNOWN  verify=0.1s

[115/186 t=5679s] ACASXU_run2a_1_1_batch_2000.onnx + prop_5.vnnlib  gt=unsat
  box 0/0
    calibrate ok in 30.7s  q=5.9848  cov=1.0000
      scenario               UNKNOWN  verify=0.9s
      amls                   UNKNOWN  verify=8.2s
      amls_bounded           UNKNOWN  verify=9.7s
      is_tilted              UNKNOWN  verify=0.4s
      raw_mc_uniform         UNKNOWN  verify=0.1s

[116/186 t=5729s] ACASXU_run2a_2_1_batch_2000.onnx + prop_3.vnnlib  gt=unsat
  box 0/0
    calibrate ok in 30.1s  q=4.1879  cov=1.0000
      scenario               UNSAT    verify=0.3s
      amls                   UNSAT    verify=15.1s
      amls_bounded           UNSAT    verify=15.2s
      is_tilted              UNSAT    verify=0.1s
      raw_mc_uniform         UNKNOWN  verify=0.1s

[117/186 t=5790s] ACASXU_run2a_5_7_batch_2000.onnx + prop_3.vnnlib  gt=unsat
  box 0/0
    calibrate ok in 30.5s  q=4.0602  cov=1.0000
      scenario               UNSAT    verify=0.3s
      amls                   UNSAT    verify=15.1s
      amls_bounded           UNSAT    verify=15.1s
      is_tilted              UNSAT    verify=0.1s
      raw_mc_uniform         UNKNOWN  verify=0.1s

[118/186 t=5851s] ACASXU_run2a_5_4_batch_2000.onnx + prop_1.vnnlib  gt=unsat
  box 0/0
    calibrate ok in 30.0s  q=6.9359  cov=1.0000
      scenario               UNSAT    verify=0.1s
      amls                   UNSAT    verify=15.1s
      amls_bounded           UNSAT    verify=15.1s
      is_tilted              UNSAT    verify=0.1s
      raw_mc_uniform         UNKNOWN  verify=0.1s

[119/186 t=5911s] ACASXU_run2a_5_2_batch_2000.onnx + prop_3.vnnlib  gt=unsat
  box 0/0
    calibrate ok in 30.0s  q=4.0926  cov=1.0000
      scenario               UNSAT    verify=0.3s
      amls                   UNSAT    verify=15.0s
      amls_bounded           UNSAT    verify=15.1s
      is_tilted              UNSAT    verify=0.1s
      raw_mc_uniform         UNKNOWN  verify=0.1s

[120/186 t=5972s] ACASXU_run2a_1_6_batch_2000.onnx + prop_1.vnnlib  gt=unsat
  box 0/0
    calibrate ok in 30.0s  q=7.9118  cov=1.0000
      scenario               UNSAT    verify=0.1s
      amls                   UNSAT    verify=15.0s
      amls_bounded           UNSAT    verify=15.1s
      is_tilted              UNSAT    verify=0.1s
      raw_mc_uniform         UNKNOWN  verify=0.1s

[121/186 t=6032s] ACASXU_run2a_4_1_batch_2000.onnx + prop_2.vnnlib  gt=sat
  box 0/0
    calibrate ok in 28.0s  q=332.9955  cov=1.0000
      scenario               UNKNOWN  verify=0.1s
      amls                   UNKNOWN  verify=0.1s
      amls_bounded           UNKNOWN  verify=0.1s
      is_tilted              UNKNOWN  verify=0.1s
      raw_mc_uniform         UNKNOWN  verify=0.1s

[122/186 t=6060s] ACASXU_run2a_3_6_batch_2000.onnx + prop_2.vnnlib  gt=sat
  box 0/0
    calibrate ok in 25.3s  q=11.6731  cov=1.0000
      scenario               UNKNOWN  verify=0.1s
      amls                   UNKNOWN  verify=0.1s
      amls_bounded           UNKNOWN  verify=0.1s
      is_tilted              UNKNOWN  verify=0.1s
      raw_mc_uniform         UNKNOWN  verify=0.1s

[123/186 t=6086s] ACASXU_run2a_1_1_batch_2000.onnx + prop_2.vnnlib  gt=unsat
  box 0/0
    calibrate ok in 28.8s  q=5.4554  cov=0.9995
      scenario               UNSAT    verify=0.3s
      amls                   UNSAT    verify=11.3s
      amls_bounded           UNSAT    verify=11.3s
      is_tilted              UNSAT    verify=0.1s
      raw_mc_uniform         UNKNOWN  verify=0.0s

[124/186 t=6138s] ACASXU_run2a_4_7_batch_2000.onnx + prop_1.vnnlib  gt=unsat
  box 0/0
    calibrate ok in 28.7s  q=9.2520  cov=1.0000
      scenario               UNSAT    verify=0.1s
      amls                   UNSAT    verify=11.3s
      amls_bounded           UNSAT    verify=11.3s
      is_tilted              UNSAT    verify=0.1s
      raw_mc_uniform         UNKNOWN  verify=0.0s

[125/186 t=6189s] ACASXU_run2a_4_2_batch_2000.onnx + prop_3.vnnlib  gt=unsat
  box 0/0
    calibrate ok in 29.0s  q=3.6029  cov=0.9990
      scenario               UNSAT    verify=0.3s
      amls                   UNSAT    verify=15.1s
      amls_bounded           UNSAT    verify=15.1s
      is_tilted              UNSAT    verify=0.1s
      raw_mc_uniform         UNKNOWN  verify=0.1s

[126/186 t=6249s] ACASXU_run2a_3_9_batch_2000.onnx + prop_2.vnnlib  gt=sat
  box 0/0
    calibrate ok in 29.2s  q=15.1691  cov=1.0000
      scenario               UNKNOWN  verify=0.1s
      amls                   UNKNOWN  verify=0.0s
      amls_bounded           UNKNOWN  verify=0.0s
      is_tilted              UNKNOWN  verify=0.1s
      raw_mc_uniform         UNKNOWN  verify=0.0s

[127/186 t=6279s] ACASXU_run2a_2_5_batch_2000.onnx + prop_3.vnnlib  gt=unsat
  box 0/0
    calibrate ok in 29.0s  q=4.1197  cov=1.0000
      scenario               UNSAT    verify=0.3s
      amls                   UNSAT    verify=11.3s
      amls_bounded           UNSAT    verify=11.3s
      is_tilted              UNSAT    verify=0.1s
      raw_mc_uniform         UNKNOWN  verify=0.0s

[128/186 t=6331s] ACASXU_run2a_4_1_batch_2000.onnx + prop_4.vnnlib  gt=unsat
  box 0/0
    calibrate ok in 28.5s  q=4.4299  cov=0.9990
      scenario               UNSAT    verify=0.3s
      amls                   UNSAT    verify=11.2s
      amls_bounded           UNSAT    verify=11.2s
      is_tilted              UNSAT    verify=0.1s
      raw_mc_uniform         UNKNOWN  verify=0.0s

[129/186 t=6382s] ACASXU_run2a_4_2_batch_2000.onnx + prop_2.vnnlib  gt=unsat
  box 0/0
    calibrate ok in 28.8s  q=7.2745  cov=1.0000
      scenario               UNKNOWN  verify=0.1s
      amls                   UNKNOWN  verify=0.0s
      amls_bounded           UNKNOWN  verify=0.0s
      is_tilted              UNKNOWN  verify=0.1s
      raw_mc_uniform         UNKNOWN  verify=0.0s

[130/186 t=6411s] ACASXU_run2a_2_7_batch_2000.onnx + prop_4.vnnlib  gt=unsat
  box 0/0
    calibrate ok in 28.1s  q=3.7094  cov=0.9995
      scenario               UNSAT    verify=0.3s
      amls                   UNSAT    verify=11.2s
      amls_bounded           UNSAT    verify=11.2s
      is_tilted              UNSAT    verify=0.1s
      raw_mc_uniform         UNKNOWN  verify=0.0s

[131/186 t=6462s] ACASXU_run2a_2_8_batch_2000.onnx + prop_3.vnnlib  gt=unsat
  box 0/0
    calibrate ok in 28.6s  q=5.6352  cov=1.0000
      scenario               UNSAT    verify=0.3s
      amls                   UNSAT    verify=11.2s
      amls_bounded           UNSAT    verify=11.2s
      is_tilted              UNSAT    verify=0.1s
      raw_mc_uniform         UNKNOWN  verify=0.0s

[132/186 t=6513s] ACASXU_run2a_4_2_batch_2000.onnx + prop_1.vnnlib  gt=unsat
  box 0/0
    calibrate ok in 28.4s  q=7.2745  cov=1.0000
      scenario               UNSAT    verify=0.1s
      amls                   UNSAT    verify=11.1s
      amls_bounded           UNSAT    verify=11.2s
      is_tilted              UNSAT    verify=0.1s
      raw_mc_uniform         UNKNOWN  verify=0.0s

[133/186 t=6564s] ACASXU_run2a_4_4_batch_2000.onnx + prop_3.vnnlib  gt=unsat
  box 0/0
    calibrate ok in 29.6s  q=4.1205  cov=1.0000
      scenario               UNSAT    verify=0.3s
      amls                   UNSAT    verify=11.1s
      amls_bounded           UNSAT    verify=11.1s
      is_tilted              UNSAT    verify=0.1s
      raw_mc_uniform         UNKNOWN  verify=0.0s

[134/186 t=6617s] ACASXU_run2a_2_2_batch_2000.onnx + prop_2.vnnlib  gt=sat
  box 0/0
    calibrate ok in 29.4s  q=8.6996  cov=0.9995
      scenario               UNKNOWN  verify=0.1s
      amls                   UNKNOWN  verify=0.1s
      amls_bounded           UNKNOWN  verify=0.1s
      is_tilted              UNKNOWN  verify=0.1s
      raw_mc_uniform         UNKNOWN  verify=0.1s

[135/186 t=6646s] ACASXU_run2a_2_5_batch_2000.onnx + prop_4.vnnlib  gt=unsat
  box 0/0
    calibrate ok in 29.3s  q=4.8231  cov=0.9995
      scenario               UNSAT    verify=0.3s
      amls                   UNSAT    verify=11.1s
      amls_bounded           UNSAT    verify=11.1s
      is_tilted              UNSAT    verify=0.1s
      raw_mc_uniform         UNKNOWN  verify=0.0s

[136/186 t=6698s] ACASXU_run2a_3_8_batch_2000.onnx + prop_4.vnnlib  gt=unsat
  box 0/0
    calibrate ok in 28.9s  q=4.3586  cov=1.0000
      scenario               UNSAT    verify=0.3s
      amls                   UNSAT    verify=11.1s
      amls_bounded           UNSAT    verify=11.1s
      is_tilted              UNSAT    verify=0.1s
      raw_mc_uniform         UNKNOWN  verify=0.0s

[137/186 t=6750s] ACASXU_run2a_3_7_batch_2000.onnx + prop_1.vnnlib  gt=unsat
  box 0/0
    calibrate ok in 29.7s  q=15.6888  cov=1.0000
      scenario               UNSAT    verify=0.1s
      amls                   UNSAT    verify=10.9s
      amls_bounded           UNSAT    verify=14.7s
      is_tilted              UNSAT    verify=0.1s
      raw_mc_uniform         UNKNOWN  verify=0.1s

[138/186 t=6806s] ACASXU_run2a_3_2_batch_2000.onnx + prop_2.vnnlib  gt=sat
  box 0/0
    calibrate ok in 30.0s  q=10.6623  cov=1.0000
      scenario               UNKNOWN  verify=0.1s
      amls                   UNKNOWN  verify=0.0s
      amls_bounded           UNKNOWN  verify=0.0s
      is_tilted              UNKNOWN  verify=0.1s
      raw_mc_uniform         UNKNOWN  verify=0.0s

[139/186 t=6836s] ACASXU_run2a_5_5_batch_2000.onnx + prop_3.vnnlib  gt=unsat
  box 0/0
    calibrate ok in 28.6s  q=4.1762  cov=0.9990
      scenario               UNSAT    verify=0.3s
      amls                   UNSAT    verify=11.3s
      amls_bounded           UNSAT    verify=11.3s
      is_tilted              UNSAT    verify=0.1s
      raw_mc_uniform         UNKNOWN  verify=0.0s

[140/186 t=6888s] ACASXU_run2a_5_6_batch_2000.onnx + prop_4.vnnlib  gt=unsat
  box 0/0
    calibrate ok in 28.6s  q=4.3396  cov=1.0000
      scenario               UNSAT    verify=0.3s
      amls                   UNSAT    verify=11.3s
      amls_bounded           UNSAT    verify=11.3s
      is_tilted              UNSAT    verify=0.1s
      raw_mc_uniform         UNKNOWN  verify=0.0s

[141/186 t=6939s] ACASXU_run2a_1_3_batch_2000.onnx + prop_3.vnnlib  gt=unsat
  box 0/0
    calibrate ok in 28.4s  q=4.4969  cov=1.0000
      scenario               UNSAT    verify=0.3s
      amls                   UNKNOWN  verify=12.0s
      amls_bounded           UNSAT    verify=15.2s
      is_tilted              UNSAT    verify=0.1s
      raw_mc_uniform         UNKNOWN  verify=0.1s

[142/186 t=6995s] ACASXU_run2a_3_8_batch_2000.onnx + prop_1.vnnlib  gt=unsat
  box 0/0
    calibrate ok in 29.2s  q=6.7356  cov=1.0000
      scenario               UNSAT    verify=0.1s
      amls                   UNSAT    verify=11.3s
      amls_bounded           UNSAT    verify=11.3s
      is_tilted              UNSAT    verify=0.1s
      raw_mc_uniform         UNKNOWN  verify=0.0s

[143/186 t=7047s] ACASXU_run2a_5_5_batch_2000.onnx + prop_2.vnnlib  gt=sat
  box 0/0
    calibrate ok in 28.5s  q=9.4626  cov=1.0000
      scenario               UNKNOWN  verify=0.1s
      amls                   UNKNOWN  verify=0.0s
      amls_bounded           UNKNOWN  verify=0.0s
      is_tilted              UNKNOWN  verify=0.1s
      raw_mc_uniform         UNKNOWN  verify=0.0s

[144/186 t=7076s] ACASXU_run2a_4_6_batch_2000.onnx + prop_1.vnnlib  gt=unsat
  box 0/0
    calibrate ok in 28.6s  q=9.1807  cov=1.0000
      scenario               UNSAT    verify=0.1s
      amls                   UNSAT    verify=11.3s
      amls_bounded           UNSAT    verify=11.3s
      is_tilted              UNSAT    verify=0.1s
      raw_mc_uniform         UNKNOWN  verify=0.0s

[145/186 t=7128s] ACASXU_run2a_2_1_batch_2000.onnx + prop_1.vnnlib  gt=unsat
  box 0/0
    calibrate ok in 28.0s  q=5.9007  cov=0.9995
      scenario               UNSAT    verify=0.1s
      amls                   UNSAT    verify=11.3s
      amls_bounded           UNSAT    verify=11.3s
      is_tilted              UNSAT    verify=0.1s
      raw_mc_uniform         UNKNOWN  verify=0.0s

[146/186 t=7178s] ACASXU_run2a_3_2_batch_2000.onnx + prop_4.vnnlib  gt=unsat
  box 0/0
    calibrate ok in 28.6s  q=4.2060  cov=1.0000
      scenario               UNSAT    verify=0.3s
      amls                   UNSAT    verify=11.3s
      amls_bounded           UNSAT    verify=11.3s
      is_tilted              UNSAT    verify=0.1s
      raw_mc_uniform         UNKNOWN  verify=0.0s

[147/186 t=7230s] ACASXU_run2a_1_6_batch_2000.onnx + prop_2.vnnlib  gt=sat
  box 0/0
    calibrate ok in 29.5s  q=7.9118  cov=1.0000
      scenario               UNKNOWN  verify=0.1s
      amls                   UNKNOWN  verify=0.0s
      amls_bounded           UNKNOWN  verify=0.0s
      is_tilted              UNKNOWN  verify=0.1s
      raw_mc_uniform         UNKNOWN  verify=0.0s

[148/186 t=7260s] ACASXU_run2a_2_4_batch_2000.onnx + prop_4.vnnlib  gt=unsat
  box 0/0
    calibrate ok in 28.9s  q=4.3375  cov=1.0000
      scenario               UNSAT    verify=0.2s
      amls                   UNSAT    verify=11.3s
      amls_bounded           UNSAT    verify=11.3s
      is_tilted              UNSAT    verify=0.1s
      raw_mc_uniform         UNKNOWN  verify=0.0s

[149/186 t=7312s] ACASXU_run2a_1_8_batch_2000.onnx + prop_4.vnnlib  gt=sat
  box 0/0
    calibrate ok in 28.2s  q=4.0372  cov=0.9995
      scenario               UNKNOWN  verify=0.1s
      amls                   UNKNOWN  verify=0.0s
      amls_bounded           UNKNOWN  verify=0.0s
      is_tilted              UNKNOWN  verify=0.1s
      raw_mc_uniform         UNKNOWN  verify=0.0s

[150/186 t=7340s] ACASXU_run2a_5_9_batch_2000.onnx + prop_4.vnnlib  gt=unsat
  box 0/0
    calibrate ok in 28.6s  q=4.0497  cov=1.0000
      scenario               UNSAT    verify=0.3s
      amls                   UNSAT    verify=11.3s
      amls_bounded           UNSAT    verify=11.3s
      is_tilted              UNSAT    verify=0.1s
      raw_mc_uniform         UNKNOWN  verify=0.0s

[151/186 t=7392s] ACASXU_run2a_4_5_batch_2000.onnx + prop_10.vnnlib  gt=unsat
  box 0/0
    calibrate ok in 28.6s  q=0.0643  cov=1.0000
      scenario               UNSAT    verify=1.1s
      amls                   UNSAT    verify=45.2s
      amls_bounded           UNSAT    verify=45.3s
      is_tilted              UNSAT    verify=0.4s
      raw_mc_uniform         UNKNOWN  verify=0.0s

[152/186 t=7513s] ACASXU_run2a_1_6_batch_2000.onnx + prop_3.vnnlib  gt=unsat
  box 0/0
    calibrate ok in 28.5s  q=5.4533  cov=1.0000
      scenario               UNSAT    verify=0.3s
      amls                   UNSAT    verify=11.3s
      amls_bounded           UNSAT    verify=11.3s
      is_tilted              UNSAT    verify=0.1s
      raw_mc_uniform         UNKNOWN  verify=0.0s

[153/186 t=7564s] ACASXU_run2a_1_9_batch_2000.onnx + prop_4.vnnlib  gt=sat
  box 0/0
    calibrate ok in 28.6s  q=3.8884  cov=0.9995
      scenario               UNKNOWN  verify=0.1s
      amls                   UNKNOWN  verify=0.0s
      amls_bounded           UNKNOWN  verify=0.0s
      is_tilted              UNKNOWN  verify=0.1s
      raw_mc_uniform         UNKNOWN  verify=0.0s

[154/186 t=7593s] ACASXU_run2a_1_9_batch_2000.onnx + prop_1.vnnlib  gt=unsat
  box 0/0
    calibrate ok in 27.9s  q=7.1865  cov=1.0000
      scenario               UNSAT    verify=0.1s
      amls                   UNSAT    verify=11.3s
      amls_bounded           UNSAT    verify=11.3s
      is_tilted              UNSAT    verify=0.1s
      raw_mc_uniform         UNKNOWN  verify=0.0s

[155/186 t=7644s] ACASXU_run2a_2_8_batch_2000.onnx + prop_2.vnnlib  gt=sat
  box 0/0
    calibrate ok in 28.5s  q=48.5017  cov=1.0000
      scenario               UNKNOWN  verify=0.1s
      amls                   UNKNOWN  verify=0.0s
      amls_bounded           UNKNOWN  verify=0.0s
      is_tilted              UNKNOWN  verify=0.1s
      raw_mc_uniform         UNKNOWN  verify=0.0s

[156/186 t=7673s] ACASXU_run2a_3_6_batch_2000.onnx + prop_3.vnnlib  gt=unsat
  box 0/0
    calibrate ok in 28.0s  q=4.3658  cov=1.0000
      scenario               UNSAT    verify=0.2s
      amls                   UNSAT    verify=11.3s
      amls_bounded           UNSAT    verify=11.3s
      is_tilted              UNSAT    verify=0.1s
      raw_mc_uniform         UNKNOWN  verify=0.0s

[157/186 t=7724s] ACASXU_run2a_1_2_batch_2000.onnx + prop_3.vnnlib  gt=unsat
  box 0/0
    calibrate ok in 28.4s  q=4.0041  cov=1.0000
      scenario               UNSAT    verify=0.3s
      amls                   UNSAT    verify=11.3s
      amls_bounded           UNSAT    verify=11.3s
      is_tilted              UNSAT    verify=0.1s
      raw_mc_uniform         UNKNOWN  verify=0.0s

[158/186 t=7775s] ACASXU_run2a_5_7_batch_2000.onnx + prop_4.vnnlib  gt=unsat
  box 0/0
    calibrate ok in 28.5s  q=4.8607  cov=0.9990
      scenario               UNSAT    verify=0.2s
      amls                   UNSAT    verify=11.1s
      amls_bounded           UNSAT    verify=11.1s
      is_tilted              UNSAT    verify=0.1s
      raw_mc_uniform         UNKNOWN  verify=0.0s

[159/186 t=7826s] ACASXU_run2a_5_8_batch_2000.onnx + prop_3.vnnlib  gt=unsat
  box 0/0
    calibrate ok in 28.9s  q=4.3952  cov=0.9990
      scenario               UNSAT    verify=0.3s
      amls                   UNSAT    verify=15.1s
      amls_bounded           UNSAT    verify=15.1s
      is_tilted              UNSAT    verify=0.1s
      raw_mc_uniform         UNKNOWN  verify=0.1s

[160/186 t=7886s] ACASXU_run2a_2_7_batch_2000.onnx + prop_2.vnnlib  gt=sat
  box 0/0
    calibrate ok in 30.1s  q=28.9996  cov=0.9990
      scenario               UNKNOWN  verify=0.1s
      amls                   UNKNOWN  verify=0.1s
      amls_bounded           UNKNOWN  verify=0.1s
      is_tilted              UNKNOWN  verify=0.1s
      raw_mc_uniform         UNKNOWN  verify=0.1s

[161/186 t=7916s] ACASXU_run2a_2_5_batch_2000.onnx + prop_2.vnnlib  gt=sat
  box 0/0
    calibrate ok in 28.6s  q=11.1204  cov=0.9995
      scenario               UNKNOWN  verify=0.1s
      amls                   UNKNOWN  verify=0.1s
      amls_bounded           UNKNOWN  verify=0.1s
      is_tilted              UNKNOWN  verify=0.1s
      raw_mc_uniform         UNKNOWN  verify=0.1s

[162/186 t=7945s] ACASXU_run2a_3_2_batch_2000.onnx + prop_3.vnnlib  gt=unsat
  box 0/0
    calibrate ok in 29.8s  q=5.6143  cov=1.0000
      scenario               UNSAT    verify=0.3s
      amls                   UNSAT    verify=15.1s
      amls_bounded           UNSAT    verify=15.2s
      is_tilted              UNSAT    verify=0.1s
      raw_mc_uniform         UNKNOWN  verify=0.1s

[163/186 t=8006s] ACASXU_run2a_2_2_batch_2000.onnx + prop_4.vnnlib  gt=unsat
  box 0/0
    calibrate ok in 30.1s  q=4.8215  cov=0.9995
      scenario               UNSAT    verify=0.3s
      amls                   UNSAT    verify=14.7s
      amls_bounded           UNSAT    verify=15.1s
      is_tilted              UNSAT    verify=0.1s
      raw_mc_uniform         UNKNOWN  verify=0.1s

[164/186 t=8066s] ACASXU_run2a_4_9_batch_2000.onnx + prop_2.vnnlib  gt=sat
  box 0/0
    calibrate ok in 26.7s  q=16.9413  cov=0.9990
      scenario               UNKNOWN  verify=0.1s
      amls                   UNKNOWN  verify=0.0s
      amls_bounded           UNKNOWN  verify=0.0s
      is_tilted              UNKNOWN  verify=0.1s
      raw_mc_uniform         UNKNOWN  verify=0.0s

[165/186 t=8093s] ACASXU_run2a_1_3_batch_2000.onnx + prop_1.vnnlib  gt=unsat
  box 0/0
    calibrate ok in 28.6s  q=7.2128  cov=1.0000
      scenario               UNSAT    verify=0.1s
      amls                   UNSAT    verify=11.3s
      amls_bounded           UNSAT    verify=11.3s
      is_tilted              UNSAT    verify=0.1s
      raw_mc_uniform         UNKNOWN  verify=0.0s

[166/186 t=8145s] ACASXU_run2a_1_5_batch_2000.onnx + prop_4.vnnlib  gt=unsat
  box 0/0
    calibrate ok in 29.9s  q=3.9727  cov=0.9995
      scenario               UNSAT    verify=0.3s
      amls                   UNSAT    verify=15.1s
      amls_bounded           UNSAT    verify=15.2s
      is_tilted              UNSAT    verify=0.1s
      raw_mc_uniform         UNKNOWN  verify=0.1s

[167/186 t=8205s] ACASXU_run2a_4_7_batch_2000.onnx + prop_3.vnnlib  gt=unsat
  box 0/0
    calibrate ok in 30.0s  q=3.9843  cov=1.0000
      scenario               UNSAT    verify=0.3s
      amls                   UNSAT    verify=15.1s
      amls_bounded           UNSAT    verify=15.1s
      is_tilted              UNSAT    verify=0.1s
      raw_mc_uniform         UNKNOWN  verify=0.1s

[168/186 t=8266s] ACASXU_run2a_3_5_batch_2000.onnx + prop_2.vnnlib  gt=sat
  box 0/0
    calibrate ok in 30.5s  q=11.2576  cov=1.0000
      scenario               UNKNOWN  verify=0.1s
      amls                   UNKNOWN  verify=0.0s
      amls_bounded           UNKNOWN  verify=0.0s
      is_tilted              UNKNOWN  verify=0.1s
      raw_mc_uniform         UNKNOWN  verify=0.0s

[169/186 t=8297s] ACASXU_run2a_1_1_batch_2000.onnx + prop_1.vnnlib  gt=unsat
  box 0/0
    calibrate ok in 25.8s  q=5.4554  cov=0.9995
      scenario               UNSAT    verify=0.1s
      amls                   UNSAT    verify=15.1s
      amls_bounded           UNSAT    verify=14.8s
      is_tilted              UNSAT    verify=0.1s
      raw_mc_uniform         UNKNOWN  verify=0.1s

[170/186 t=8353s] ACASXU_run2a_3_9_batch_2000.onnx + prop_1.vnnlib  gt=unsat
  box 0/0
    calibrate ok in 26.5s  q=15.1691  cov=1.0000
      scenario               UNSAT    verify=0.1s
      amls                   UNSAT    verify=10.8s
      amls_bounded           UNSAT    verify=13.7s
      is_tilted              UNSAT    verify=0.1s
      raw_mc_uniform         UNKNOWN  verify=0.1s

[171/186 t=8404s] ACASXU_run2a_1_7_batch_2000.onnx + prop_1.vnnlib  gt=unsat
  box 0/0
    calibrate ok in 30.1s  q=4.6281  cov=1.0000
      scenario               UNSAT    verify=0.1s
      amls                   UNSAT    verify=10.8s
      amls_bounded           UNSAT    verify=13.7s
      is_tilted              UNSAT    verify=0.1s
      raw_mc_uniform         UNKNOWN  verify=0.1s

[172/186 t=8459s] ACASXU_run2a_4_7_batch_2000.onnx + prop_4.vnnlib  gt=unsat
  box 0/0
    calibrate ok in 29.6s  q=4.5449  cov=0.9995
      scenario               UNSAT    verify=0.4s
      amls                   UNSAT    verify=15.1s
      amls_bounded           UNSAT    verify=15.2s
      is_tilted              UNSAT    verify=0.1s
      raw_mc_uniform         UNKNOWN  verify=0.1s

[173/186 t=8519s] ACASXU_run2a_2_9_batch_2000.onnx + prop_3.vnnlib  gt=unsat
  box 0/0
    calibrate ok in 29.6s  q=4.5915  cov=1.0000
      scenario               UNSAT    verify=0.3s
      amls                   UNSAT    verify=11.2s
      amls_bounded           UNSAT    verify=14.2s
      is_tilted              UNSAT    verify=0.1s
      raw_mc_uniform         UNKNOWN  verify=0.1s

[174/186 t=8575s] ACASXU_run2a_2_2_batch_2000.onnx + prop_1.vnnlib  gt=unsat
  box 0/0
    calibrate ok in 30.3s  q=8.6996  cov=0.9995
      scenario               UNSAT    verify=0.1s
      amls                   UNSAT    verify=11.2s
      amls_bounded           UNSAT    verify=14.1s
      is_tilted              UNSAT    verify=0.1s
      raw_mc_uniform         UNKNOWN  verify=0.1s

[175/186 t=8631s] ACASXU_run2a_3_5_batch_2000.onnx + prop_4.vnnlib  gt=unsat
  box 0/0
    calibrate ok in 25.6s  q=4.0048  cov=0.9990
      scenario               UNSAT    verify=0.3s
      amls                   UNSAT    verify=14.6s
      amls_bounded           UNSAT    verify=15.2s
      is_tilted              UNSAT    verify=0.1s
      raw_mc_uniform         UNKNOWN  verify=0.1s

[176/186 t=8687s] ACASXU_run2a_2_2_batch_2000.onnx + prop_3.vnnlib  gt=unsat
  box 0/0
    calibrate ok in 29.8s  q=10.9903  cov=1.0000
      scenario               UNSAT    verify=0.3s
      amls                   UNSAT    verify=15.1s
      amls_bounded           UNSAT    verify=15.1s
      is_tilted              UNSAT    verify=0.1s
      raw_mc_uniform         UNKNOWN  verify=0.1s

[177/186 t=8747s] ACASXU_run2a_1_9_batch_2000.onnx + prop_3.vnnlib  gt=sat
  box 0/0
    calibrate ok in 29.3s  q=4.3844  cov=1.0000
      scenario               UNKNOWN  verify=0.1s
      amls                   UNKNOWN  verify=0.0s
      amls_bounded           UNKNOWN  verify=0.0s
      is_tilted              UNKNOWN  verify=0.1s
      raw_mc_uniform         UNKNOWN  verify=0.0s

[178/186 t=8777s] ACASXU_run2a_5_6_batch_2000.onnx + prop_3.vnnlib  gt=unsat
  box 0/0
    calibrate ok in 29.6s  q=4.2855  cov=1.0000
      scenario               UNSAT    verify=0.3s
      amls                   UNSAT    verify=15.1s
      amls_bounded           UNSAT    verify=15.1s
      is_tilted              UNSAT    verify=0.1s
      raw_mc_uniform         UNKNOWN  verify=0.1s

[179/186 t=8837s] ACASXU_run2a_3_3_batch_2000.onnx + prop_2.vnnlib  gt=unsat
  box 0/0
    calibrate ok in 27.8s  q=10.3247  cov=1.0000
      scenario               UNKNOWN  verify=0.1s
      amls                   UNKNOWN  verify=0.0s
      amls_bounded           UNKNOWN  verify=0.0s
      is_tilted              UNKNOWN  verify=0.1s
      raw_mc_uniform         UNKNOWN  verify=0.0s

[180/186 t=8865s] ACASXU_run2a_5_7_batch_2000.onnx + prop_2.vnnlib  gt=sat
  box 0/0
    calibrate ok in 27.4s  q=8.6866  cov=1.0000
      scenario               UNKNOWN  verify=0.1s
      amls                   UNKNOWN  verify=0.0s
      amls_bounded           UNKNOWN  verify=0.0s
      is_tilted              UNKNOWN  verify=0.1s
      raw_mc_uniform         UNKNOWN  verify=0.0s

[181/186 t=8893s] ACASXU_run2a_2_3_batch_2000.onnx + prop_4.vnnlib  gt=unsat
  box 0/0
    calibrate ok in 27.1s  q=4.0249  cov=0.9995
      scenario               UNSAT    verify=0.3s
      amls                   UNSAT    verify=11.1s
      amls_bounded           UNSAT    verify=11.2s
      is_tilted              UNSAT    verify=0.1s
      raw_mc_uniform         UNKNOWN  verify=0.0s

[182/186 t=8943s] ACASXU_run2a_3_9_batch_2000.onnx + prop_3.vnnlib  gt=unsat
  box 0/0
    calibrate ok in 28.6s  q=3.7021  cov=0.9995
      scenario               UNSAT    verify=0.3s
      amls                   UNSAT    verify=11.2s
      amls_bounded           UNSAT    verify=11.2s
      is_tilted              UNSAT    verify=0.1s
      raw_mc_uniform         UNKNOWN  verify=0.0s

[183/186 t=8994s] ACASXU_run2a_1_7_batch_2000.onnx + prop_4.vnnlib  gt=sat
  box 0/0
    calibrate ok in 26.9s  q=3.8403  cov=0.9995
      scenario               UNKNOWN  verify=0.1s
      amls                   UNKNOWN  verify=0.0s
      amls_bounded           UNKNOWN  verify=0.0s
      is_tilted              UNKNOWN  verify=0.1s
      raw_mc_uniform         UNKNOWN  verify=0.0s

[184/186 t=9021s] ACASXU_run2a_3_3_batch_2000.onnx + prop_3.vnnlib  gt=unsat
  box 0/0
    calibrate ok in 28.2s  q=4.7774  cov=1.0000
      scenario               UNSAT    verify=0.3s
      amls                   UNSAT    verify=12.6s
      amls_bounded           UNSAT    verify=15.1s
      is_tilted              UNSAT    verify=0.1s
      raw_mc_uniform         UNKNOWN  verify=0.1s

[185/186 t=9078s] ACASXU_run2a_2_8_batch_2000.onnx + prop_1.vnnlib  gt=unsat
  box 0/0
    calibrate ok in 29.4s  q=48.5017  cov=1.0000
      scenario               UNSAT    verify=0.1s
      amls                   UNSAT    verify=11.5s
      amls_bounded           UNSAT    verify=15.2s
      is_tilted              UNSAT    verify=0.1s
      raw_mc_uniform         UNKNOWN  verify=0.1s

[186/186 t=9134s] ACASXU_run2a_1_1_batch_2000.onnx + prop_3.vnnlib  gt=unsat
  box 0/0
    calibrate ok in 29.1s  q=5.0443  cov=1.0000
      scenario               UNSAT    verify=0.3s
      amls                   UNSAT    verify=11.3s
      amls_bounded           UNSAT    verify=11.3s
      is_tilted              UNSAT    verify=0.1s
      raw_mc_uniform         UNKNOWN  verify=0.0s

=== shared-flow ablation complete: 153.1 min ===
Outputs: /home/sasakis/v/tools/n2v/examples/FlowConformal/experiments/exp_ablation/outputs/ablation_shared_flow_acasxu_2023_<method>.csv

[2026-05-06T16:33:42-05:00] === END:   phaseGpp_acasxu_2023 (rc=0) ===
