[2026-05-06T16:33:42-05:00] === START: phaseGpp_tllverify_2023 ===
[shared-flow ablation] benchmark=tllverify_2023 sampled 32 instance(s) with seed=47
   0: tllBench_n=2_N=M=48_m=1_instance_5_3.onnx + property_N=48_3.vnnlib
   1: tllBench_n=2_N=M=24_m=1_instance_2_1.onnx + property_N=24_1.vnnlib
   2: tllBench_n=2_N=M=56_m=1_instance_6_1.onnx + property_N=56_1.vnnlib
   3: tllBench_n=2_N=M=64_m=1_instance_7_2.onnx + property_N=64_2.vnnlib
   4: tllBench_n=2_N=M=56_m=1_instance_6_3.onnx + property_N=56_3.vnnlib
   5: tllBench_n=2_N=M=56_m=1_instance_6_2.onnx + property_N=56_2.vnnlib
   6: tllBench_n=2_N=M=48_m=1_instance_5_0.onnx + property_N=48_0.vnnlib
   7: tllBench_n=2_N=M=16_m=1_instance_1_2.onnx + property_N=16_2.vnnlib
   8: tllBench_n=2_N=M=16_m=1_instance_1_1.onnx + property_N=16_1.vnnlib
   9: tllBench_n=2_N=M=32_m=1_instance_3_3.onnx + property_N=32_3.vnnlib
  10: tllBench_n=2_N=M=56_m=1_instance_6_0.onnx + property_N=56_0.vnnlib
  11: tllBench_n=2_N=M=24_m=1_instance_2_3.onnx + property_N=24_3.vnnlib
  12: tllBench_n=2_N=M=16_m=1_instance_1_3.onnx + property_N=16_3.vnnlib
  13: tllBench_n=2_N=M=48_m=1_instance_5_1.onnx + property_N=48_1.vnnlib
  14: tllBench_n=2_N=M=16_m=1_instance_1_0.onnx + property_N=16_0.vnnlib
  15: tllBench_n=2_N=M=64_m=1_instance_7_0.onnx + property_N=64_0.vnnlib
  16: tllBench_n=2_N=M=8_m=1_instance_0_3.onnx + property_N=8_3.vnnlib
  17: tllBench_n=2_N=M=8_m=1_instance_0_0.onnx + property_N=8_0.vnnlib
  18: tllBench_n=2_N=M=64_m=1_instance_7_1.onnx + property_N=64_1.vnnlib
  19: tllBench_n=2_N=M=8_m=1_instance_0_1.onnx + property_N=8_1.vnnlib
  20: tllBench_n=2_N=M=40_m=1_instance_4_3.onnx + property_N=40_3.vnnlib
  21: tllBench_n=2_N=M=64_m=1_instance_7_3.onnx + property_N=64_3.vnnlib
  22: tllBench_n=2_N=M=32_m=1_instance_3_0.onnx + property_N=32_0.vnnlib
  23: tllBench_n=2_N=M=40_m=1_instance_4_0.onnx + property_N=40_0.vnnlib
  24: tllBench_n=2_N=M=24_m=1_instance_2_0.onnx + property_N=24_0.vnnlib
  25: tllBench_n=2_N=M=24_m=1_instance_2_2.onnx + property_N=24_2.vnnlib
  26: tllBench_n=2_N=M=40_m=1_instance_4_2.onnx + property_N=40_2.vnnlib
  27: tllBench_n=2_N=M=32_m=1_instance_3_2.onnx + property_N=32_2.vnnlib
  28: tllBench_n=2_N=M=40_m=1_instance_4_1.onnx + property_N=40_1.vnnlib
  29: tllBench_n=2_N=M=32_m=1_instance_3_1.onnx + property_N=32_1.vnnlib
  30: tllBench_n=2_N=M=8_m=1_instance_0_2.onnx + property_N=8_2.vnnlib
  31: tllBench_n=2_N=M=48_m=1_instance_5_2.onnx + property_N=48_2.vnnlib
[shared-flow ablation] methods: ['scenario', 'amls', 'amls_bounded', 'is_tilted', 'raw_mc_uniform']
[shared-flow ablation] calib hparams: {'alpha': 0.001, 'n_train': 10000, 'flow_epochs': 2000, 'flow_config': 'base'}
[shared-flow ablation] verify hparams: {'scenario_n_samples': 2000, 'scenario_beta': 0.001}

[1/32 t=0s] tllBench_n=2_N=M=48_m=1_instance_5_3.onnx + property_N=48_3.vnnlib  gt=sat
  box 0/0
    calibrate ok in 54.4s  q=4.1716  cov=0.9990
      scenario               UNKNOWN  verify=0.1s
      amls                   UNKNOWN  verify=0.1s
      amls_bounded           UNKNOWN  verify=0.0s
      is_tilted              UNKNOWN  verify=0.1s
      raw_mc_uniform         UNKNOWN  verify=0.0s

[2/32 t=56s] tllBench_n=2_N=M=24_m=1_instance_2_1.onnx + property_N=24_1.vnnlib  gt=unsat
  box 0/0
    calibrate ok in 49.7s  q=3.8146  cov=1.0000
      scenario               UNSAT    verify=0.1s
      amls                   UNSAT    verify=11.8s
      amls_bounded           UNSAT    verify=11.6s
      is_tilted              UNSAT    verify=0.1s
      raw_mc_uniform         UNKNOWN  verify=0.0s

[3/32 t=129s] tllBench_n=2_N=M=56_m=1_instance_6_1.onnx + property_N=56_1.vnnlib  gt=sat
  box 0/0
    calibrate ok in 50.3s  q=3.2351  cov=1.0000
      scenario               UNKNOWN  verify=0.1s
      amls                   UNKNOWN  verify=0.0s
      amls_bounded           UNKNOWN  verify=0.0s
      is_tilted              UNKNOWN  verify=0.1s
      raw_mc_uniform         UNKNOWN  verify=0.0s

[4/32 t=180s] tllBench_n=2_N=M=64_m=1_instance_7_2.onnx + property_N=64_2.vnnlib  gt=sat
  box 0/0
    calibrate ok in 51.1s  q=3.2062  cov=0.9990
      scenario               UNKNOWN  verify=0.1s
      amls                   UNKNOWN  verify=0.0s
      amls_bounded           UNKNOWN  verify=0.0s
      is_tilted              UNKNOWN  verify=0.1s
      raw_mc_uniform         UNKNOWN  verify=0.0s

[5/32 t=233s] tllBench_n=2_N=M=56_m=1_instance_6_3.onnx + property_N=56_3.vnnlib  gt=sat
  box 0/0
    calibrate ok in 50.6s  q=3.3598  cov=1.0000
      scenario               UNKNOWN  verify=0.1s
      amls                   UNKNOWN  verify=0.0s
      amls_bounded           UNKNOWN  verify=0.0s
      is_tilted              UNKNOWN  verify=0.1s
      raw_mc_uniform         UNKNOWN  verify=0.0s

[6/32 t=285s] tllBench_n=2_N=M=56_m=1_instance_6_2.onnx + property_N=56_2.vnnlib  gt=sat
  box 0/0
    calibrate ok in 51.4s  q=2.5331  cov=0.9995
      scenario               UNKNOWN  verify=0.1s
      amls                   UNKNOWN  verify=0.0s
      amls_bounded           UNKNOWN  verify=0.0s
      is_tilted              UNKNOWN  verify=0.1s
      raw_mc_uniform         UNKNOWN  verify=0.0s

[7/32 t=337s] tllBench_n=2_N=M=48_m=1_instance_5_0.onnx + property_N=48_0.vnnlib  gt=sat
  box 0/0
    calibrate ok in 50.3s  q=3.5294  cov=1.0000
      scenario               UNKNOWN  verify=0.1s
      amls                   UNKNOWN  verify=0.0s
      amls_bounded           UNKNOWN  verify=0.0s
      is_tilted              UNKNOWN  verify=0.1s
      raw_mc_uniform         UNKNOWN  verify=0.0s

[8/32 t=388s] tllBench_n=2_N=M=16_m=1_instance_1_2.onnx + property_N=16_2.vnnlib  gt=unsat
  box 0/0
    calibrate ok in 50.1s  q=3.2930  cov=1.0000
      scenario               UNSAT    verify=0.1s
      amls                   UNKNOWN  verify=10.6s
      amls_bounded           UNSAT    verify=11.7s
      is_tilted              UNSAT    verify=0.1s
      raw_mc_uniform         UNKNOWN  verify=0.0s

[9/32 t=461s] tllBench_n=2_N=M=16_m=1_instance_1_1.onnx + property_N=16_1.vnnlib  gt=sat
  box 0/0
    calibrate ok in 49.8s  q=3.2729  cov=0.9990
      scenario               UNKNOWN  verify=0.1s
      amls                   UNKNOWN  verify=0.0s
      amls_bounded           UNKNOWN  verify=0.0s
      is_tilted              UNKNOWN  verify=0.1s
      raw_mc_uniform         UNKNOWN  verify=0.0s

[10/32 t=511s] tllBench_n=2_N=M=32_m=1_instance_3_3.onnx + property_N=32_3.vnnlib  gt=unsat
  box 0/0
    calibrate ok in 49.9s  q=3.1564  cov=0.9995
      scenario               UNSAT    verify=0.1s
      amls                   UNSAT    verify=11.7s
      amls_bounded           UNSAT    verify=11.7s
      is_tilted              UNSAT    verify=0.1s
      raw_mc_uniform         UNKNOWN  verify=0.0s

[11/32 t=585s] tllBench_n=2_N=M=56_m=1_instance_6_0.onnx + property_N=56_0.vnnlib  gt=unsat
  box 0/0
    calibrate ok in 50.5s  q=3.4268  cov=1.0000
      scenario               UNSAT    verify=0.1s
      amls                   UNKNOWN  verify=11.7s
      amls_bounded           UNSAT    verify=11.7s
      is_tilted              UNSAT    verify=0.1s
      raw_mc_uniform         UNKNOWN  verify=0.0s

[12/32 t=660s] tllBench_n=2_N=M=24_m=1_instance_2_3.onnx + property_N=24_3.vnnlib  gt=sat
  box 0/0
    calibrate ok in 49.8s  q=3.0060  cov=0.9990
      scenario               UNKNOWN  verify=0.1s
      amls                   UNKNOWN  verify=0.1s
      amls_bounded           UNKNOWN  verify=0.1s
      is_tilted              UNKNOWN  verify=0.1s
      raw_mc_uniform         UNKNOWN  verify=0.1s

[13/32 t=710s] tllBench_n=2_N=M=16_m=1_instance_1_3.onnx + property_N=16_3.vnnlib  gt=unsat
  box 0/0
    calibrate ok in 51.0s  q=3.7217  cov=1.0000
      scenario               UNSAT    verify=0.1s
      amls                   UNSAT    verify=15.6s
      amls_bounded           UNSAT    verify=15.6s
      is_tilted              UNSAT    verify=0.1s
      raw_mc_uniform         UNKNOWN  verify=0.1s

[14/32 t=792s] tllBench_n=2_N=M=48_m=1_instance_5_1.onnx + property_N=48_1.vnnlib  gt=sat
  box 0/0
    calibrate ok in 50.3s  q=3.2532  cov=0.9990
      scenario               UNKNOWN  verify=0.1s
      amls                   UNKNOWN  verify=0.0s
      amls_bounded           UNKNOWN  verify=0.0s
      is_tilted              UNKNOWN  verify=0.1s
      raw_mc_uniform         UNKNOWN  verify=0.0s

[15/32 t=843s] tllBench_n=2_N=M=16_m=1_instance_1_0.onnx + property_N=16_0.vnnlib  gt=unsat
  box 0/0
    calibrate ok in 49.8s  q=3.6914  cov=1.0000
      scenario               UNSAT    verify=0.1s
      amls                   UNKNOWN  verify=2.8s
      amls_bounded           UNSAT    verify=11.8s
      is_tilted              UNSAT    verify=0.1s
      raw_mc_uniform         UNKNOWN  verify=0.0s

[16/32 t=908s] tllBench_n=2_N=M=64_m=1_instance_7_0.onnx + property_N=64_0.vnnlib  gt=sat
  box 0/0
    calibrate ok in 51.2s  q=2.7002  cov=0.9990
      scenario               UNKNOWN  verify=0.1s
      amls                   UNKNOWN  verify=0.0s
      amls_bounded           UNKNOWN  verify=0.0s
      is_tilted              UNKNOWN  verify=0.1s
      raw_mc_uniform         UNKNOWN  verify=0.0s

[17/32 t=961s] tllBench_n=2_N=M=8_m=1_instance_0_3.onnx + property_N=8_3.vnnlib  gt=sat
  box 0/0
    calibrate ok in 49.8s  q=3.5785  cov=1.0000
      scenario               UNKNOWN  verify=0.1s
      amls                   UNKNOWN  verify=0.0s
      amls_bounded           UNKNOWN  verify=0.0s
      is_tilted              UNKNOWN  verify=0.1s
      raw_mc_uniform         UNKNOWN  verify=0.0s

[18/32 t=1011s] tllBench_n=2_N=M=8_m=1_instance_0_0.onnx + property_N=8_0.vnnlib  gt=unsat
  box 0/0
    calibrate ok in 49.7s  q=2.7941  cov=1.0000
      scenario               UNSAT    verify=0.1s
      amls                   UNSAT    verify=11.5s
      amls_bounded           UNSAT    verify=11.6s
      is_tilted              UNSAT    verify=0.1s
      raw_mc_uniform         UNKNOWN  verify=0.0s

[19/32 t=1084s] tllBench_n=2_N=M=64_m=1_instance_7_1.onnx + property_N=64_1.vnnlib  gt=sat
  box 0/0
    calibrate ok in 51.3s  q=3.6452  cov=1.0000
      scenario               UNKNOWN  verify=0.1s
      amls                   UNKNOWN  verify=0.0s
      amls_bounded           UNKNOWN  verify=0.0s
      is_tilted              UNKNOWN  verify=0.1s
      raw_mc_uniform         UNKNOWN  verify=0.0s

[20/32 t=1137s] tllBench_n=2_N=M=8_m=1_instance_0_1.onnx + property_N=8_1.vnnlib  gt=unsat
  box 0/0
    calibrate ok in 49.7s  q=3.8998  cov=1.0000
      scenario               UNSAT    verify=0.1s
      amls                   UNKNOWN  verify=3.5s
      amls_bounded           UNSAT    verify=11.7s
      is_tilted              UNSAT    verify=0.1s
      raw_mc_uniform         UNKNOWN  verify=0.0s

[21/32 t=1202s] tllBench_n=2_N=M=40_m=1_instance_4_3.onnx + property_N=40_3.vnnlib  gt=sat
  box 0/0
    calibrate ok in 50.0s  q=2.3379  cov=1.0000
      scenario               UNKNOWN  verify=0.1s
      amls                   UNKNOWN  verify=0.0s
      amls_bounded           UNKNOWN  verify=0.0s
      is_tilted              UNKNOWN  verify=0.1s
      raw_mc_uniform         UNKNOWN  verify=0.0s

[22/32 t=1253s] tllBench_n=2_N=M=64_m=1_instance_7_3.onnx + property_N=64_3.vnnlib  gt=sat
  box 0/0
    calibrate ok in 51.3s  q=3.2235  cov=1.0000
      scenario               UNKNOWN  verify=0.1s
      amls                   UNKNOWN  verify=0.0s
      amls_bounded           UNKNOWN  verify=0.0s
      is_tilted              UNKNOWN  verify=0.1s
      raw_mc_uniform         UNKNOWN  verify=0.0s

[23/32 t=1306s] tllBench_n=2_N=M=32_m=1_instance_3_0.onnx + property_N=32_0.vnnlib  gt=unsat
  box 0/0
    calibrate ok in 49.8s  q=4.3894  cov=1.0000
      scenario               UNSAT    verify=0.1s
      amls                   UNKNOWN  verify=5.1s
      amls_bounded           UNSAT    verify=11.8s
      is_tilted              UNSAT    verify=0.1s
      raw_mc_uniform         UNKNOWN  verify=0.0s

[24/32 t=1373s] tllBench_n=2_N=M=40_m=1_instance_4_0.onnx + property_N=40_0.vnnlib  gt=unsat
  box 0/0
    calibrate ok in 50.0s  q=3.1681  cov=0.9990
      scenario               UNSAT    verify=0.3s
      amls                   UNSAT    verify=15.6s
      amls_bounded           UNSAT    verify=15.6s
      is_tilted              UNSAT    verify=0.1s
      raw_mc_uniform         UNKNOWN  verify=0.1s

[25/32 t=1455s] tllBench_n=2_N=M=24_m=1_instance_2_0.onnx + property_N=24_0.vnnlib  gt=unsat
  box 0/0
    calibrate ok in 51.0s  q=3.5418  cov=1.0000
      scenario               UNSAT    verify=0.1s
      amls                   UNSAT    verify=11.7s
      amls_bounded           UNSAT    verify=11.7s
      is_tilted              UNSAT    verify=0.1s
      raw_mc_uniform         UNKNOWN  verify=0.0s

[26/32 t=1529s] tllBench_n=2_N=M=24_m=1_instance_2_2.onnx + property_N=24_2.vnnlib  gt=sat
  box 0/0
    calibrate ok in 49.8s  q=3.0877  cov=1.0000
      scenario               UNKNOWN  verify=0.1s
      amls                   UNKNOWN  verify=0.1s
      amls_bounded           UNKNOWN  verify=0.1s
      is_tilted              UNKNOWN  verify=0.1s
      raw_mc_uniform         UNKNOWN  verify=0.1s

[27/32 t=1579s] tllBench_n=2_N=M=40_m=1_instance_4_2.onnx + property_N=40_2.vnnlib  gt=unsat
  box 0/0
    calibrate ok in 51.1s  q=3.0309  cov=0.9990
      scenario               UNSAT    verify=0.1s
      amls                   UNKNOWN  verify=6.8s
      amls_bounded           UNSAT    verify=15.6s
      is_tilted              UNSAT    verify=0.1s
      raw_mc_uniform         UNKNOWN  verify=0.1s

[28/32 t=1653s] tllBench_n=2_N=M=32_m=1_instance_3_2.onnx + property_N=32_2.vnnlib  gt=unsat
  box 0/0
    calibrate ok in 50.9s  q=3.4649  cov=1.0000
      scenario               UNSAT    verify=0.1s
      amls                   UNKNOWN  verify=1.2s
      amls_bounded           UNSAT    verify=11.5s
      is_tilted              UNSAT    verify=0.1s
      raw_mc_uniform         UNKNOWN  verify=0.0s

[29/32 t=1717s] tllBench_n=2_N=M=40_m=1_instance_4_1.onnx + property_N=40_1.vnnlib  gt=sat
  box 0/0
    calibrate ok in 50.2s  q=3.6898  cov=0.9995
      scenario               UNKNOWN  verify=0.1s
      amls                   UNKNOWN  verify=0.0s
      amls_bounded           UNKNOWN  verify=0.0s
      is_tilted              UNKNOWN  verify=0.1s
      raw_mc_uniform         UNKNOWN  verify=0.0s

[30/32 t=1768s] tllBench_n=2_N=M=32_m=1_instance_3_1.onnx + property_N=32_1.vnnlib  gt=sat
  box 0/0
    calibrate ok in 49.9s  q=3.9696  cov=0.9995
      scenario               UNKNOWN  verify=0.1s
      amls                   UNKNOWN  verify=0.0s
      amls_bounded           UNKNOWN  verify=0.0s
      is_tilted              UNKNOWN  verify=0.1s
      raw_mc_uniform         UNKNOWN  verify=0.0s

[31/32 t=1818s] tllBench_n=2_N=M=8_m=1_instance_0_2.onnx + property_N=8_2.vnnlib  gt=unsat
  box 0/0
    calibrate ok in 49.8s  q=3.0355  cov=1.0000
      scenario               UNSAT    verify=0.1s
      amls                   UNSAT    verify=11.5s
      amls_bounded           UNSAT    verify=11.5s
      is_tilted              UNSAT    verify=0.1s
      raw_mc_uniform         UNKNOWN  verify=0.0s

[32/32 t=1891s] tllBench_n=2_N=M=48_m=1_instance_5_2.onnx + property_N=48_2.vnnlib  gt=unsat
  box 0/0
    calibrate ok in 50.4s  q=3.0264  cov=1.0000
      scenario               UNSAT    verify=0.1s
      amls                   UNKNOWN  verify=3.1s
      amls_bounded           UNSAT    verify=15.6s
      is_tilted              UNSAT    verify=0.1s
      raw_mc_uniform         UNKNOWN  verify=0.1s

=== shared-flow ablation complete: 32.7 min ===
Outputs: /home/sasakis/v/tools/n2v/examples/FlowConformal/experiments/exp_ablation/outputs/ablation_shared_flow_tllverify_2023_<method>.csv

[2026-05-06T17:06:29-05:00] === END:   phaseGpp_tllverify_2023 (rc=0) ===
