[2026-05-06T10:57:20-05:00] === START: phaseGp_shared_flow_ablation ===
[shared-flow ablation] sampled 20 instance(s) with seed=47
   0: ACASXU_run2a_1_1_batch_2000.onnx + prop_3.vnnlib
   1: ACASXU_run2a_2_8_batch_2000.onnx + prop_1.vnnlib
   2: ACASXU_run2a_3_3_batch_2000.onnx + prop_3.vnnlib
   3: ACASXU_run2a_1_7_batch_2000.onnx + prop_4.vnnlib
   4: ACASXU_run2a_3_9_batch_2000.onnx + prop_3.vnnlib
   5: ACASXU_run2a_2_3_batch_2000.onnx + prop_4.vnnlib
   6: ACASXU_run2a_5_7_batch_2000.onnx + prop_2.vnnlib
   7: ACASXU_run2a_3_3_batch_2000.onnx + prop_2.vnnlib
   8: ACASXU_run2a_5_6_batch_2000.onnx + prop_3.vnnlib
   9: ACASXU_run2a_1_9_batch_2000.onnx + prop_3.vnnlib
  10: ACASXU_run2a_2_2_batch_2000.onnx + prop_3.vnnlib
  11: ACASXU_run2a_3_5_batch_2000.onnx + prop_4.vnnlib
  12: ACASXU_run2a_2_2_batch_2000.onnx + prop_1.vnnlib
  13: ACASXU_run2a_2_9_batch_2000.onnx + prop_3.vnnlib
  14: ACASXU_run2a_4_7_batch_2000.onnx + prop_4.vnnlib
  15: ACASXU_run2a_1_7_batch_2000.onnx + prop_1.vnnlib
  16: ACASXU_run2a_3_9_batch_2000.onnx + prop_1.vnnlib
  17: ACASXU_run2a_1_1_batch_2000.onnx + prop_1.vnnlib
  18: ACASXU_run2a_3_5_batch_2000.onnx + prop_2.vnnlib
  19: ACASXU_run2a_4_7_batch_2000.onnx + prop_3.vnnlib
[shared-flow ablation] methods: ['scenario', 'scenario_v2', 'amls', 'is_tilted', 'derived', 'amls_bounded', 'amls_bounded_union', 'raw_mc_uniform']

[1/20 t=0s] ACASXU_run2a_1_1_batch_2000.onnx + prop_3.vnnlib  gt=unsat
  box 0/0
    calibrate ok in 29.2s  q=5.0443  cov=1.0000
      scenario               UNSAT    verify=0.3s
/home/sasakis/v/tools/n2v/n2v/probabilistic/flow/scenario_verify.py:78: UserWarning: The balance properties of Sobol' points require n to be a power of 2.
  u = sampler.random(n_base)  # numpy (n_base, d) in [0, 1]^d
      scenario_v2            UNSAT    verify=1.5s
      amls                   UNSAT    verify=11.3s
      is_tilted              UNSAT    verify=0.1s
      derived                UNSAT    verify=9.5s
      amls_bounded           UNSAT    verify=11.1s
      amls_bounded_union     UNSAT    verify=11.1s
      raw_mc_uniform         UNKNOWN  verify=0.0s

[2/20 t=74s] ACASXU_run2a_2_8_batch_2000.onnx + prop_1.vnnlib  gt=unsat
  box 0/0
    calibrate ok in 27.1s  q=48.5017  cov=1.0000
      scenario               UNSAT    verify=0.1s
      scenario_v2            UNSAT    verify=0.6s
      amls                   UNSAT    verify=11.0s
      is_tilted              UNSAT    verify=0.1s
      derived                UNSAT    verify=9.2s
      amls_bounded           UNSAT    verify=11.0s
      amls_bounded_union     UNSAT    verify=11.0s
      raw_mc_uniform         UNKNOWN  verify=0.0s

[3/20 t=144s] ACASXU_run2a_3_3_batch_2000.onnx + prop_3.vnnlib  gt=unsat
  box 0/0
    calibrate ok in 26.4s  q=4.7774  cov=1.0000
      scenario               UNSAT    verify=0.3s
      scenario_v2            UNSAT    verify=1.6s
      amls                   UNSAT    verify=11.0s
      is_tilted              UNSAT    verify=0.1s
      derived                UNSAT    verify=9.0s
      amls_bounded           UNSAT    verify=11.0s
      amls_bounded_union     UNSAT    verify=11.1s
      raw_mc_uniform         UNKNOWN  verify=0.0s

[4/20 t=215s] ACASXU_run2a_1_7_batch_2000.onnx + prop_4.vnnlib  gt=sat
  box 0/0
    calibrate ok in 25.3s  q=3.8403  cov=0.9995
      scenario               UNKNOWN  verify=0.1s
      scenario_v2            UNKNOWN  verify=0.5s
      amls                   UNKNOWN  verify=0.0s
      is_tilted              UNKNOWN  verify=0.1s
      derived                UNKNOWN  verify=9.0s
      amls_bounded           UNKNOWN  verify=0.0s
      amls_bounded_union     UNKNOWN  verify=0.0s
      raw_mc_uniform         UNKNOWN  verify=0.0s

[5/20 t=250s] ACASXU_run2a_3_9_batch_2000.onnx + prop_3.vnnlib  gt=unsat
  box 0/0
    calibrate ok in 25.2s  q=3.7021  cov=0.9995
      scenario               UNSAT    verify=0.3s
      scenario_v2            UNSAT    verify=1.4s
      amls                   UNSAT    verify=11.0s
      is_tilted              UNSAT    verify=0.1s
      derived                UNSAT    verify=8.9s
      amls_bounded           UNSAT    verify=12.4s
      amls_bounded_union     UNSAT    verify=14.9s
      raw_mc_uniform         UNKNOWN  verify=0.1s

[6/20 t=324s] ACASXU_run2a_2_3_batch_2000.onnx + prop_4.vnnlib  gt=unsat
  box 0/0
    calibrate ok in 27.8s  q=4.0249  cov=0.9995
      scenario               UNSAT    verify=0.3s
      scenario_v2            UNSAT    verify=1.3s
      amls                   UNSAT    verify=11.1s
      is_tilted              UNSAT    verify=0.1s
      derived                UNSAT    verify=9.0s
      amls_bounded           UNSAT    verify=11.1s
      amls_bounded_union     UNSAT    verify=11.1s
      raw_mc_uniform         UNKNOWN  verify=0.0s

[7/20 t=396s] ACASXU_run2a_5_7_batch_2000.onnx + prop_2.vnnlib  gt=sat
  box 0/0
    calibrate ok in 25.8s  q=8.6866  cov=1.0000
      scenario               UNKNOWN  verify=0.1s
      scenario_v2            UNKNOWN  verify=0.5s
      amls                   UNKNOWN  verify=0.0s
      is_tilted              UNKNOWN  verify=0.1s
      derived                UNKNOWN  verify=9.1s
      amls_bounded           UNKNOWN  verify=0.0s
      amls_bounded_union     UNKNOWN  verify=0.0s
      raw_mc_uniform         UNKNOWN  verify=0.0s

[8/20 t=432s] ACASXU_run2a_3_3_batch_2000.onnx + prop_2.vnnlib  gt=unsat
  box 0/0
    calibrate ok in 26.4s  q=10.3247  cov=1.0000
      scenario               UNKNOWN  verify=0.1s
      scenario_v2            UNKNOWN  verify=0.5s
      amls                   UNKNOWN  verify=0.0s
      is_tilted              UNKNOWN  verify=0.1s
      derived                UNKNOWN  verify=9.1s
      amls_bounded           UNKNOWN  verify=0.0s
      amls_bounded_union     UNKNOWN  verify=0.0s
      raw_mc_uniform         UNKNOWN  verify=0.0s

[9/20 t=469s] ACASXU_run2a_5_6_batch_2000.onnx + prop_3.vnnlib  gt=unsat
  box 0/0
    calibrate ok in 27.1s  q=4.2855  cov=1.0000
      scenario               UNSAT    verify=0.3s
      scenario_v2            UNSAT    verify=1.4s
      amls                   UNSAT    verify=11.1s
      is_tilted              UNSAT    verify=0.1s
      derived                UNSAT    verify=9.1s
      amls_bounded           UNSAT    verify=11.2s
      amls_bounded_union     UNSAT    verify=11.2s
      raw_mc_uniform         UNKNOWN  verify=0.0s

[10/20 t=540s] ACASXU_run2a_1_9_batch_2000.onnx + prop_3.vnnlib  gt=sat
  box 0/0
    calibrate ok in 24.7s  q=4.3844  cov=1.0000
      scenario               UNKNOWN  verify=0.1s
      scenario_v2            UNKNOWN  verify=0.6s
      amls                   UNKNOWN  verify=0.0s
      is_tilted              UNKNOWN  verify=0.1s
      derived                UNKNOWN  verify=9.1s
      amls_bounded           UNKNOWN  verify=0.0s
      amls_bounded_union     UNKNOWN  verify=0.0s
      raw_mc_uniform         UNKNOWN  verify=0.0s

[11/20 t=575s] ACASXU_run2a_2_2_batch_2000.onnx + prop_3.vnnlib  gt=unsat
  box 0/0
    calibrate ok in 24.7s  q=10.9903  cov=1.0000
      scenario               UNSAT    verify=0.3s
      scenario_v2            UNSAT    verify=1.4s
      amls                   UNSAT    verify=11.0s
      is_tilted              UNSAT    verify=0.1s
      derived                UNSAT    verify=9.0s
      amls_bounded           UNSAT    verify=11.1s
      amls_bounded_union     UNSAT    verify=11.1s
      raw_mc_uniform         UNKNOWN  verify=0.0s

[12/20 t=643s] ACASXU_run2a_3_5_batch_2000.onnx + prop_4.vnnlib  gt=unsat
  box 0/0
    calibrate ok in 25.4s  q=4.0048  cov=0.9990
      scenario               UNSAT    verify=0.3s
      scenario_v2            UNSAT    verify=1.4s
      amls                   UNSAT    verify=11.1s
      is_tilted              UNSAT    verify=0.1s
      derived                UNSAT    verify=9.0s
      amls_bounded           UNSAT    verify=11.2s
      amls_bounded_union     UNSAT    verify=11.2s
      raw_mc_uniform         UNKNOWN  verify=0.0s

[13/20 t=713s] ACASXU_run2a_2_2_batch_2000.onnx + prop_1.vnnlib  gt=unsat
  box 0/0
    calibrate ok in 26.8s  q=8.6996  cov=0.9995
      scenario               UNSAT    verify=0.1s
      scenario_v2            UNSAT    verify=0.5s
      amls                   UNSAT    verify=11.2s
      is_tilted              UNSAT    verify=0.1s
      derived                UNSAT    verify=9.0s
      amls_bounded           UNSAT    verify=11.2s
      amls_bounded_union     UNSAT    verify=11.2s
      raw_mc_uniform         UNKNOWN  verify=0.0s

[14/20 t=783s] ACASXU_run2a_2_9_batch_2000.onnx + prop_3.vnnlib  gt=unsat
  box 0/0
    calibrate ok in 25.8s  q=4.5915  cov=1.0000
      scenario               UNSAT    verify=0.3s
      scenario_v2            UNSAT    verify=1.4s
      amls                   UNSAT    verify=11.1s
      is_tilted              UNSAT    verify=0.1s
      derived                UNSAT    verify=9.0s
      amls_bounded           UNSAT    verify=11.2s
      amls_bounded_union     UNSAT    verify=11.2s
      raw_mc_uniform         UNKNOWN  verify=0.0s

[15/20 t=853s] ACASXU_run2a_4_7_batch_2000.onnx + prop_4.vnnlib  gt=unsat
  box 0/0
    calibrate ok in 26.6s  q=4.5449  cov=0.9995
      scenario               UNSAT    verify=0.3s
      scenario_v2            UNSAT    verify=1.3s
      amls                   UNSAT    verify=11.1s
      is_tilted              UNSAT    verify=0.1s
      derived                UNSAT    verify=9.1s
      amls_bounded           UNSAT    verify=11.1s
      amls_bounded_union     UNSAT    verify=11.1s
      raw_mc_uniform         UNKNOWN  verify=0.0s

[16/20 t=924s] ACASXU_run2a_1_7_batch_2000.onnx + prop_1.vnnlib  gt=unsat
  box 0/0
    calibrate ok in 26.5s  q=4.6281  cov=1.0000
      scenario               UNSAT    verify=0.1s
      scenario_v2            UNSAT    verify=0.5s
      amls                   UNSAT    verify=11.1s
      is_tilted              UNSAT    verify=0.1s
      derived                UNSAT    verify=9.0s
      amls_bounded           UNSAT    verify=11.1s
      amls_bounded_union     UNSAT    verify=11.1s
      raw_mc_uniform         UNKNOWN  verify=0.0s

[17/20 t=994s] ACASXU_run2a_3_9_batch_2000.onnx + prop_1.vnnlib  gt=unsat
  box 0/0
    calibrate ok in 26.4s  q=15.1691  cov=1.0000
      scenario               UNSAT    verify=0.1s
      scenario_v2            UNSAT    verify=0.5s
      amls                   UNSAT    verify=14.2s
      is_tilted              UNSAT    verify=0.1s
      derived                UNSAT    verify=11.3s
      amls_bounded           UNSAT    verify=15.1s
      amls_bounded_union     UNSAT    verify=15.0s
      raw_mc_uniform         UNKNOWN  verify=0.1s

[18/20 t=1076s] ACASXU_run2a_1_1_batch_2000.onnx + prop_1.vnnlib  gt=unsat
  box 0/0
    calibrate ok in 25.5s  q=5.4554  cov=0.9995
      scenario               UNSAT    verify=0.1s
      scenario_v2            UNSAT    verify=0.6s
      amls                   UNSAT    verify=14.9s
      is_tilted              UNSAT    verify=0.1s
      derived                UNSAT    verify=11.6s
      amls_bounded           UNSAT    verify=15.0s
      amls_bounded_union     UNSAT    verify=15.0s
      raw_mc_uniform         UNKNOWN  verify=0.1s

[19/20 t=1159s] ACASXU_run2a_3_5_batch_2000.onnx + prop_2.vnnlib  gt=sat
  box 0/0
    calibrate ok in 28.1s  q=11.2576  cov=1.0000
      scenario               UNKNOWN  verify=0.1s
      scenario_v2            UNKNOWN  verify=0.6s
      amls                   UNKNOWN  verify=0.1s
      is_tilted              UNKNOWN  verify=0.1s
      derived                UNKNOWN  verify=11.3s
      amls_bounded           UNKNOWN  verify=0.1s
      amls_bounded_union     UNKNOWN  verify=0.1s
      raw_mc_uniform         UNKNOWN  verify=0.1s

[20/20 t=1200s] ACASXU_run2a_4_7_batch_2000.onnx + prop_3.vnnlib  gt=unsat
  box 0/0
    calibrate ok in 27.8s  q=3.9843  cov=1.0000
      scenario               UNSAT    verify=0.3s
      scenario_v2            UNSAT    verify=1.5s
      amls                   UNSAT    verify=15.0s
      is_tilted              UNSAT    verify=0.1s
      derived                UNSAT    verify=11.3s
      amls_bounded           UNSAT    verify=15.0s
      amls_bounded_union     UNSAT    verify=15.0s
      raw_mc_uniform         UNKNOWN  verify=0.1s

=== shared-flow ablation complete: 21.4 min ===
Outputs: /home/sasakis/v/tools/n2v/examples/FlowConformal/experiments/exp_ablation/outputs/ablation_shared_flow_<method>.csv

[2026-05-06T11:18:51-05:00] === END:   phaseGp_shared_flow_ablation (rc=0) ===
