[2026-05-06T00:56:05-05:00] === START: phaseG_amls_ablation ===
[ablation] tag=verify_method_scenario  smoke=False  n_instances=10
[ablation] kwargs={'alpha': 0.001, 'n_train': 5000, 'flow_epochs': 2000, 'flow_config': 'base', 'scenario_n_samples': 2000, 'scenario_beta': 0.001, 'verification_method': 'scenario'}
[ablation] out=/home/sasakis/v/tools/n2v/examples/FlowConformal/experiments/exp_ablation/outputs/ablation_verify_method_scenario.csv
[1/10] ACASXU_run2a_1_2_batch_2000.onnx+prop_2.vnnlib
    verdict=UNSAT  q=6.869822  wmm=0.000441  wall=42.6s
[2/10] ACASXU_run2a_1_5_batch_2000.onnx+prop_2.vnnlib
    verdict=UNSAT  q=6.133806  wmm=0.000199  wall=37.7s
[3/10] ACASXU_run2a_1_6_batch_2000.onnx+prop_2.vnnlib
    verdict=UNKNOWN  q=4.989225  wmm=-0.000615  wall=42.8s
[4/10] ACASXU_run2a_1_9_batch_2000.onnx+prop_7.vnnlib
    verdict=UNSAT  q=16.089657  wmm=0.000386  wall=45.2s
[5/10] ACASXU_run2a_1_3_batch_2000.onnx+prop_2.vnnlib
    verdict=SAT  q=  wmm=  wall=10.2s
[6/10] ACASXU_run2a_1_4_batch_2000.onnx+prop_2.vnnlib
    verdict=SAT  q=  wmm=  wall=5.0s
[7/10] ACASXU_run2a_3_2_batch_2000.onnx+prop_2.vnnlib
    verdict=UNKNOWN  q=7.486212  wmm=-0.004207  wall=43.3s
[8/10] ACASXU_run2a_5_3_batch_2000.onnx+prop_2.vnnlib
    verdict=UNKNOWN  q=10.292393  wmm=-0.005289  wall=38.0s
[9/10] ACASXU_run2a_2_9_batch_2000.onnx+prop_8.vnnlib
    verdict=UNKNOWN  q=7.186867  wmm=-0.000430  wall=45.6s
[10/10] ACASXU_run2a_1_1_batch_2000.onnx+prop_1.vnnlib
    verdict=UNSAT  q=5.146644  wmm=4.009680  wall=40.4s
[ablation] wrote /home/sasakis/v/tools/n2v/examples/FlowConformal/experiments/exp_ablation/outputs/ablation_verify_method_scenario.csv  total wall 5.8 min
[ablation] tag=verify_method_scenario_v2  smoke=False  n_instances=10
[ablation] kwargs={'alpha': 0.001, 'n_train': 5000, 'flow_epochs': 2000, 'flow_config': 'base', 'scenario_n_samples': 2000, 'scenario_beta': 0.001, 'verification_method': 'scenario_v2'}
[ablation] out=/home/sasakis/v/tools/n2v/examples/FlowConformal/experiments/exp_ablation/outputs/ablation_verify_method_scenario_v2.csv
[1/10] ACASXU_run2a_1_2_batch_2000.onnx+prop_2.vnnlib
/home/sasakis/v/tools/n2v/n2v/probabilistic/flow/scenario_verify.py:78: UserWarning: The balance properties of Sobol' points require n to be a power of 2.
  u = sampler.random(n_base)  # numpy (n_base, d) in [0, 1]^d
    verdict=UNSAT  q=6.869822  wmm=0.000458  wall=42.6s
[2/10] ACASXU_run2a_1_5_batch_2000.onnx+prop_2.vnnlib
    verdict=UNKNOWN  q=6.133806  wmm=-0.000385  wall=41.4s
[3/10] ACASXU_run2a_1_6_batch_2000.onnx+prop_2.vnnlib
    verdict=UNKNOWN  q=4.989225  wmm=-0.000574  wall=37.3s
[4/10] ACASXU_run2a_1_9_batch_2000.onnx+prop_7.vnnlib
    verdict=UNSAT  q=16.089657  wmm=0.000319  wall=48.8s
[5/10] ACASXU_run2a_1_3_batch_2000.onnx+prop_2.vnnlib
    verdict=SAT  q=  wmm=  wall=8.1s
[6/10] ACASXU_run2a_1_4_batch_2000.onnx+prop_2.vnnlib
    verdict=SAT  q=  wmm=  wall=5.0s
[7/10] ACASXU_run2a_3_2_batch_2000.onnx+prop_2.vnnlib
    verdict=UNKNOWN  q=7.486212  wmm=-0.006113  wall=41.7s
[8/10] ACASXU_run2a_5_3_batch_2000.onnx+prop_2.vnnlib
    verdict=UNKNOWN  q=10.292393  wmm=-0.006904  wall=41.6s
[9/10] ACASXU_run2a_2_9_batch_2000.onnx+prop_8.vnnlib
    verdict=UNKNOWN  q=7.186867  wmm=-0.000874  wall=45.6s
[10/10] ACASXU_run2a_1_1_batch_2000.onnx+prop_1.vnnlib
    verdict=UNSAT  q=5.146644  wmm=4.009178  wall=39.3s
[ablation] wrote /home/sasakis/v/tools/n2v/examples/FlowConformal/experiments/exp_ablation/outputs/ablation_verify_method_scenario_v2.csv  total wall 5.9 min
[ablation] tag=verify_method_amls  smoke=False  n_instances=10
[ablation] kwargs={'alpha': 0.001, 'n_train': 5000, 'flow_epochs': 2000, 'flow_config': 'base', 'scenario_n_samples': 2000, 'scenario_beta': 0.001, 'verification_method': 'amls'}
[ablation] out=/home/sasakis/v/tools/n2v/examples/FlowConformal/experiments/exp_ablation/outputs/ablation_verify_method_amls.csv
[1/10] ACASXU_run2a_1_2_batch_2000.onnx+prop_2.vnnlib
    verdict=UNKNOWN  q=6.869822  wmm=  wall=41.4s
[2/10] ACASXU_run2a_1_5_batch_2000.onnx+prop_2.vnnlib
    verdict=UNKNOWN  q=6.133806  wmm=  wall=40.9s
[3/10] ACASXU_run2a_1_6_batch_2000.onnx+prop_2.vnnlib
    verdict=UNKNOWN  q=4.989225  wmm=  wall=48.8s
[4/10] ACASXU_run2a_1_9_batch_2000.onnx+prop_7.vnnlib
    verdict=UNKNOWN  q=16.089657  wmm=  wall=50.5s
[5/10] ACASXU_run2a_1_3_batch_2000.onnx+prop_2.vnnlib
    verdict=SAT  q=  wmm=  wall=10.7s
[6/10] ACASXU_run2a_1_4_batch_2000.onnx+prop_2.vnnlib
    verdict=SAT  q=  wmm=  wall=5.0s
[7/10] ACASXU_run2a_3_2_batch_2000.onnx+prop_2.vnnlib
    verdict=UNKNOWN  q=7.486212  wmm=  wall=43.0s
[8/10] ACASXU_run2a_5_3_batch_2000.onnx+prop_2.vnnlib
    verdict=UNKNOWN  q=10.292393  wmm=  wall=42.1s
[9/10] ACASXU_run2a_2_9_batch_2000.onnx+prop_8.vnnlib
    verdict=UNKNOWN  q=7.186867  wmm=  wall=73.8s
[10/10] ACASXU_run2a_1_1_batch_2000.onnx+prop_1.vnnlib
    verdict=UNSAT  q=5.146644  wmm=  wall=58.5s
[ablation] wrote /home/sasakis/v/tools/n2v/examples/FlowConformal/experiments/exp_ablation/outputs/ablation_verify_method_amls.csv  total wall 6.9 min
[ablation] tag=verify_method_is_tilted  smoke=False  n_instances=10
[ablation] kwargs={'alpha': 0.001, 'n_train': 5000, 'flow_epochs': 2000, 'flow_config': 'base', 'scenario_n_samples': 2000, 'scenario_beta': 0.001, 'verification_method': 'is_tilted'}
[ablation] out=/home/sasakis/v/tools/n2v/examples/FlowConformal/experiments/exp_ablation/outputs/ablation_verify_method_is_tilted.csv
[1/10] ACASXU_run2a_1_2_batch_2000.onnx+prop_2.vnnlib
    verdict=UNSAT  q=6.869822  wmm=  wall=43.8s
[2/10] ACASXU_run2a_1_5_batch_2000.onnx+prop_2.vnnlib
    verdict=UNSAT  q=6.133806  wmm=  wall=39.9s
[3/10] ACASXU_run2a_1_6_batch_2000.onnx+prop_2.vnnlib
    verdict=UNKNOWN  q=4.989225  wmm=  wall=40.8s
[4/10] ACASXU_run2a_1_9_batch_2000.onnx+prop_7.vnnlib
    verdict=UNSAT  q=16.089657  wmm=  wall=43.8s
[5/10] ACASXU_run2a_1_3_batch_2000.onnx+prop_2.vnnlib
    verdict=SAT  q=  wmm=  wall=8.1s
[6/10] ACASXU_run2a_1_4_batch_2000.onnx+prop_2.vnnlib
    verdict=SAT  q=  wmm=  wall=3.8s
[7/10] ACASXU_run2a_3_2_batch_2000.onnx+prop_2.vnnlib
    verdict=UNKNOWN  q=7.486212  wmm=  wall=39.5s
[8/10] ACASXU_run2a_5_3_batch_2000.onnx+prop_2.vnnlib
    verdict=UNKNOWN  q=10.292393  wmm=  wall=41.6s
[9/10] ACASXU_run2a_2_9_batch_2000.onnx+prop_8.vnnlib
    verdict=UNKNOWN  q=7.186867  wmm=  wall=42.5s
[10/10] ACASXU_run2a_1_1_batch_2000.onnx+prop_1.vnnlib
    verdict=UNSAT  q=5.146644  wmm=  wall=40.2s
[ablation] wrote /home/sasakis/v/tools/n2v/examples/FlowConformal/experiments/exp_ablation/outputs/ablation_verify_method_is_tilted.csv  total wall 5.7 min
[ablation] tag=verify_method_derived  smoke=False  n_instances=10
[ablation] kwargs={'alpha': 0.001, 'n_train': 5000, 'flow_epochs': 2000, 'flow_config': 'base', 'scenario_n_samples': 2000, 'scenario_beta': 0.001, 'verification_method': 'derived'}
[ablation] out=/home/sasakis/v/tools/n2v/examples/FlowConformal/experiments/exp_ablation/outputs/ablation_verify_method_derived.csv
[1/10] ACASXU_run2a_1_2_batch_2000.onnx+prop_2.vnnlib
    verdict=UNSAT  q=6.869822  wmm=  wall=47.1s
[2/10] ACASXU_run2a_1_5_batch_2000.onnx+prop_2.vnnlib
    verdict=UNSAT  q=6.133806  wmm=  wall=47.1s
[3/10] ACASXU_run2a_1_6_batch_2000.onnx+prop_2.vnnlib
    verdict=UNKNOWN  q=4.989225  wmm=  wall=47.2s
[4/10] ACASXU_run2a_1_9_batch_2000.onnx+prop_7.vnnlib
    verdict=UNSAT  q=16.089657  wmm=  wall=54.2s
[5/10] ACASXU_run2a_1_3_batch_2000.onnx+prop_2.vnnlib
    verdict=SAT  q=  wmm=  wall=8.2s
[6/10] ACASXU_run2a_1_4_batch_2000.onnx+prop_2.vnnlib
    verdict=SAT  q=  wmm=  wall=3.8s
[7/10] ACASXU_run2a_3_2_batch_2000.onnx+prop_2.vnnlib
    verdict=UNKNOWN  q=7.486212  wmm=  wall=48.0s
[8/10] ACASXU_run2a_5_3_batch_2000.onnx+prop_2.vnnlib
    verdict=UNKNOWN  q=10.292393  wmm=  wall=45.9s
[9/10] ACASXU_run2a_2_9_batch_2000.onnx+prop_8.vnnlib
    verdict=UNKNOWN  q=7.186867  wmm=  wall=63.6s
[10/10] ACASXU_run2a_1_1_batch_2000.onnx+prop_1.vnnlib
    verdict=UNSAT  q=5.146644  wmm=  wall=46.6s
[ablation] wrote /home/sasakis/v/tools/n2v/examples/FlowConformal/experiments/exp_ablation/outputs/ablation_verify_method_derived.csv  total wall 6.9 min
[ablation] tag=verify_method_amls_bounded  smoke=False  n_instances=10
[ablation] kwargs={'alpha': 0.001, 'n_train': 5000, 'flow_epochs': 2000, 'flow_config': 'base', 'scenario_n_samples': 2000, 'scenario_beta': 0.001, 'verification_method': 'amls_bounded'}
[ablation] out=/home/sasakis/v/tools/n2v/examples/FlowConformal/experiments/exp_ablation/outputs/ablation_verify_method_amls_bounded.csv
[1/10] ACASXU_run2a_1_2_batch_2000.onnx+prop_2.vnnlib
    verdict=UNKNOWN  q=6.869822  wmm=  wall=39.4s
[2/10] ACASXU_run2a_1_5_batch_2000.onnx+prop_2.vnnlib
    verdict=UNKNOWN  q=6.133806  wmm=  wall=39.6s
[3/10] ACASXU_run2a_1_6_batch_2000.onnx+prop_2.vnnlib
    verdict=UNKNOWN  q=4.989225  wmm=  wall=41.4s
[4/10] ACASXU_run2a_1_9_batch_2000.onnx+prop_7.vnnlib
    verdict=UNKNOWN  q=16.089657  wmm=  wall=49.4s
[5/10] ACASXU_run2a_1_3_batch_2000.onnx+prop_2.vnnlib
    verdict=SAT  q=  wmm=  wall=8.1s
[6/10] ACASXU_run2a_1_4_batch_2000.onnx+prop_2.vnnlib
    verdict=SAT  q=  wmm=  wall=3.8s
[7/10] ACASXU_run2a_3_2_batch_2000.onnx+prop_2.vnnlib
    verdict=UNKNOWN  q=7.486212  wmm=  wall=38.8s
[8/10] ACASXU_run2a_5_3_batch_2000.onnx+prop_2.vnnlib
    verdict=UNKNOWN  q=10.292393  wmm=  wall=38.2s
[9/10] ACASXU_run2a_2_9_batch_2000.onnx+prop_8.vnnlib
    verdict=UNKNOWN  q=7.186867  wmm=  wall=70.3s
[10/10] ACASXU_run2a_1_1_batch_2000.onnx+prop_1.vnnlib
    verdict=UNSAT  q=5.146644  wmm=  wall=58.5s
[ablation] wrote /home/sasakis/v/tools/n2v/examples/FlowConformal/experiments/exp_ablation/outputs/ablation_verify_method_amls_bounded.csv  total wall 6.5 min
[ablation] tag=verify_method_amls_bounded_union  smoke=False  n_instances=10
[ablation] kwargs={'alpha': 0.001, 'n_train': 5000, 'flow_epochs': 2000, 'flow_config': 'base', 'scenario_n_samples': 2000, 'scenario_beta': 0.001, 'verification_method': 'amls_bounded_union'}
[ablation] out=/home/sasakis/v/tools/n2v/examples/FlowConformal/experiments/exp_ablation/outputs/ablation_verify_method_amls_bounded_union.csv
[1/10] ACASXU_run2a_1_2_batch_2000.onnx+prop_2.vnnlib
    verdict=UNKNOWN  q=6.869822  wmm=  wall=45.9s
[2/10] ACASXU_run2a_1_5_batch_2000.onnx+prop_2.vnnlib
    verdict=UNKNOWN  q=6.133806  wmm=  wall=44.7s
[3/10] ACASXU_run2a_1_6_batch_2000.onnx+prop_2.vnnlib
    verdict=UNKNOWN  q=4.989225  wmm=  wall=42.2s
[4/10] ACASXU_run2a_1_9_batch_2000.onnx+prop_7.vnnlib
    verdict=UNKNOWN  q=16.089657  wmm=  wall=46.5s
[5/10] ACASXU_run2a_1_3_batch_2000.onnx+prop_2.vnnlib
    verdict=SAT  q=  wmm=  wall=10.7s
[6/10] ACASXU_run2a_1_4_batch_2000.onnx+prop_2.vnnlib
    verdict=SAT  q=  wmm=  wall=5.0s
[7/10] ACASXU_run2a_3_2_batch_2000.onnx+prop_2.vnnlib
    verdict=UNKNOWN  q=7.486212  wmm=  wall=42.4s
[8/10] ACASXU_run2a_5_3_batch_2000.onnx+prop_2.vnnlib
    verdict=UNKNOWN  q=10.292393  wmm=  wall=38.2s
[9/10] ACASXU_run2a_2_9_batch_2000.onnx+prop_8.vnnlib
    verdict=UNKNOWN  q=7.186867  wmm=  wall=39.7s
[10/10] ACASXU_run2a_1_1_batch_2000.onnx+prop_1.vnnlib
    verdict=UNSAT  q=5.146644  wmm=  wall=50.2s
[ablation] wrote /home/sasakis/v/tools/n2v/examples/FlowConformal/experiments/exp_ablation/outputs/ablation_verify_method_amls_bounded_union.csv  total wall 6.1 min
[ablation] tag=verify_method_raw_mc_uniform  smoke=False  n_instances=10
[ablation] kwargs={'alpha': 0.001, 'n_train': 5000, 'flow_epochs': 2000, 'flow_config': 'base', 'scenario_n_samples': 2000, 'scenario_beta': 0.001, 'verification_method': 'raw_mc_uniform'}
[ablation] out=/home/sasakis/v/tools/n2v/examples/FlowConformal/experiments/exp_ablation/outputs/ablation_verify_method_raw_mc_uniform.csv
[1/10] ACASXU_run2a_1_2_batch_2000.onnx+prop_2.vnnlib
    verdict=UNKNOWN  q=6.869822  wmm=  wall=38.5s
[2/10] ACASXU_run2a_1_5_batch_2000.onnx+prop_2.vnnlib
    verdict=UNKNOWN  q=6.133806  wmm=  wall=38.6s
[3/10] ACASXU_run2a_1_6_batch_2000.onnx+prop_2.vnnlib
    verdict=UNKNOWN  q=4.989225  wmm=  wall=37.2s
[4/10] ACASXU_run2a_1_9_batch_2000.onnx+prop_7.vnnlib
    verdict=UNKNOWN  q=16.089657  wmm=  wall=38.7s
[5/10] ACASXU_run2a_1_3_batch_2000.onnx+prop_2.vnnlib
    verdict=SAT  q=  wmm=  wall=8.1s
[6/10] ACASXU_run2a_1_4_batch_2000.onnx+prop_2.vnnlib
    verdict=SAT  q=  wmm=  wall=3.8s
[7/10] ACASXU_run2a_3_2_batch_2000.onnx+prop_2.vnnlib
    verdict=UNKNOWN  q=7.486212  wmm=  wall=38.5s
[8/10] ACASXU_run2a_5_3_batch_2000.onnx+prop_2.vnnlib
    verdict=UNKNOWN  q=10.292393  wmm=  wall=36.2s
[9/10] ACASXU_run2a_2_9_batch_2000.onnx+prop_8.vnnlib
    verdict=UNKNOWN  q=7.186867  wmm=  wall=37.0s
[10/10] ACASXU_run2a_1_1_batch_2000.onnx+prop_1.vnnlib
    verdict=UNKNOWN  q=5.146644  wmm=  wall=38.7s
[ablation] wrote /home/sasakis/v/tools/n2v/examples/FlowConformal/experiments/exp_ablation/outputs/ablation_verify_method_raw_mc_uniform.csv  total wall 5.3 min

[2026-05-06T01:45:11-05:00] === END:   phaseG_amls_ablation (rc=0) ===
