nohup: ignoring input

===================== PHASE 1: Exp 1 ours+hashemi collins_rul re-run =====================
[07:00:00] >>> exp1_collins_rul_cnn_2022_ours
  [full] bash examples/FlowConformal/experiments/run_cell.sh exp1_vnncomp_subset.exp1_run_ours --benchmark collins_rul_cnn_2022 > examples/FlowConformal/experiments/exp1_vnncomp_subset/outputs/exp1_collins_rul_cnn_2022_ours.log
    [run_cell] complete. shell-killed timeouts and exits noted above; CSV row counts in the output file.
    
    [2026-05-03T07:28:57-05:00] === END:   exp1_collins_rul_cnn_2022_ours (rc=0) ===
[07:28:57] >>> exp1_collins_rul_cnn_2022_hashemi_clipping
  [full] bash examples/FlowConformal/experiments/run_cell.sh exp1_vnncomp_subset.exp1_run_hashemi_clipping --benchmark collins_rul_cnn_2022 > examples/FlowConformal/experiments/exp1_vnncomp_subset/outputs/exp1_collins_rul_cnn_2022_hashemi_clipping.log
    [run_cell] complete. shell-killed timeouts and exits noted above; CSV row counts in the output file.
    
    [2026-05-03T08:22:03-05:00] === END:   exp1_collins_rul_cnn_2022_hashemi_clipping (rc=0) ===

===================== PHASE 3: Exp 4 =====================
[08:22:03] >>> exp4_d2_ours
  [full] bash examples/FlowConformal/experiments/run_cell.sh exp4_scaling.exp4_run_ours --depth 2 > examples/FlowConformal/experiments/exp4_scaling/outputs/exp4_d2_ours.log
    [run_cell] complete. shell-killed timeouts and exits noted above; CSV row counts in the output file.
    
    [2026-05-03T08:34:15-05:00] === END:   exp4_d2_ours (rc=0) ===
[08:34:15] >>> exp4_d4_ours
  [full] bash examples/FlowConformal/experiments/run_cell.sh exp4_scaling.exp4_run_ours --depth 4 > examples/FlowConformal/experiments/exp4_scaling/outputs/exp4_d4_ours.log
    [run_cell] complete. shell-killed timeouts and exits noted above; CSV row counts in the output file.
    
    [2026-05-03T08:46:23-05:00] === END:   exp4_d4_ours (rc=0) ===
[08:46:23] >>> exp4_d8_ours
  [full] bash examples/FlowConformal/experiments/run_cell.sh exp4_scaling.exp4_run_ours --depth 8 > examples/FlowConformal/experiments/exp4_scaling/outputs/exp4_d8_ours.log
    [run_cell] complete. shell-killed timeouts and exits noted above; CSV row counts in the output file.
    
    [2026-05-03T08:58:26-05:00] === END:   exp4_d8_ours (rc=0) ===
[08:58:26] >>> exp4_d16_ours
  [full] bash examples/FlowConformal/experiments/run_cell.sh exp4_scaling.exp4_run_ours --depth 16 > examples/FlowConformal/experiments/exp4_scaling/outputs/exp4_d16_ours.log
    [run_cell] complete. shell-killed timeouts and exits noted above; CSV row counts in the output file.
    
    [2026-05-03T09:10:52-05:00] === END:   exp4_d16_ours (rc=0) ===
[09:10:52] >>> exp4_d24_ours
  [full] bash examples/FlowConformal/experiments/run_cell.sh exp4_scaling.exp4_run_ours --depth 24 > examples/FlowConformal/experiments/exp4_scaling/outputs/exp4_d24_ours.log
    [run_cell] complete. shell-killed timeouts and exits noted above; CSV row counts in the output file.
    
    [2026-05-03T09:23:06-05:00] === END:   exp4_d24_ours (rc=0) ===
[09:23:06] >>> exp4_d32_ours
  [full] bash examples/FlowConformal/experiments/run_cell.sh exp4_scaling.exp4_run_ours --depth 32 > examples/FlowConformal/experiments/exp4_scaling/outputs/exp4_d32_ours.log
    [run_cell] complete. shell-killed timeouts and exits noted above; CSV row counts in the output file.
    
    [2026-05-03T09:35:33-05:00] === END:   exp4_d32_ours (rc=0) ===
[09:35:33] >>> exp4_d40_ours
  [full] bash examples/FlowConformal/experiments/run_cell.sh exp4_scaling.exp4_run_ours --depth 40 > examples/FlowConformal/experiments/exp4_scaling/outputs/exp4_d40_ours.log
    [run_cell] complete. shell-killed timeouts and exits noted above; CSV row counts in the output file.
    
    [2026-05-03T09:48:07-05:00] === END:   exp4_d40_ours (rc=0) ===
[09:48:07] >>> exp4_d2_hashemi_clipping
  [full] bash examples/FlowConformal/experiments/run_cell.sh exp4_scaling.exp4_run_hashemi_clipping --depth 2 > examples/FlowConformal/experiments/exp4_scaling/outputs/exp4_d2_hashemi_clipping.log
    [run_cell] complete. shell-killed timeouts and exits noted above; CSV row counts in the output file.
    
    [2026-05-03T09:56:36-05:00] === END:   exp4_d2_hashemi_clipping (rc=0) ===
[09:56:36] >>> exp4_d4_hashemi_clipping
  [full] bash examples/FlowConformal/experiments/run_cell.sh exp4_scaling.exp4_run_hashemi_clipping --depth 4 > examples/FlowConformal/experiments/exp4_scaling/outputs/exp4_d4_hashemi_clipping.log
    [run_cell] complete. shell-killed timeouts and exits noted above; CSV row counts in the output file.
    
    [2026-05-03T10:05:49-05:00] === END:   exp4_d4_hashemi_clipping (rc=0) ===
[10:05:49] >>> exp4_d8_hashemi_clipping
  [full] bash examples/FlowConformal/experiments/run_cell.sh exp4_scaling.exp4_run_hashemi_clipping --depth 8 > examples/FlowConformal/experiments/exp4_scaling/outputs/exp4_d8_hashemi_clipping.log
    [run_cell] complete. shell-killed timeouts and exits noted above; CSV row counts in the output file.
    
    [2026-05-03T10:15:03-05:00] === END:   exp4_d8_hashemi_clipping (rc=0) ===
[10:15:03] >>> exp4_d16_hashemi_clipping
  [full] bash examples/FlowConformal/experiments/run_cell.sh exp4_scaling.exp4_run_hashemi_clipping --depth 16 > examples/FlowConformal/experiments/exp4_scaling/outputs/exp4_d16_hashemi_clipping.log
    [run_cell] complete. shell-killed timeouts and exits noted above; CSV row counts in the output file.
    
    [2026-05-03T10:23:31-05:00] === END:   exp4_d16_hashemi_clipping (rc=0) ===
[10:23:31] >>> exp4_d24_hashemi_clipping
  [full] bash examples/FlowConformal/experiments/run_cell.sh exp4_scaling.exp4_run_hashemi_clipping --depth 24 > examples/FlowConformal/experiments/exp4_scaling/outputs/exp4_d24_hashemi_clipping.log
    [run_cell] complete. shell-killed timeouts and exits noted above; CSV row counts in the output file.
    
    [2026-05-03T10:30:54-05:00] === END:   exp4_d24_hashemi_clipping (rc=0) ===
[10:30:54] >>> exp4_d32_hashemi_clipping
  [full] bash examples/FlowConformal/experiments/run_cell.sh exp4_scaling.exp4_run_hashemi_clipping --depth 32 > examples/FlowConformal/experiments/exp4_scaling/outputs/exp4_d32_hashemi_clipping.log
    [run_cell] complete. shell-killed timeouts and exits noted above; CSV row counts in the output file.
    
    [2026-05-03T10:38:31-05:00] === END:   exp4_d32_hashemi_clipping (rc=0) ===
[10:38:31] >>> exp4_d40_hashemi_clipping
  [full] bash examples/FlowConformal/experiments/run_cell.sh exp4_scaling.exp4_run_hashemi_clipping --depth 40 > examples/FlowConformal/experiments/exp4_scaling/outputs/exp4_d40_hashemi_clipping.log
    [run_cell] complete. shell-killed timeouts and exits noted above; CSV row counts in the output file.
    
    [2026-05-03T10:46:17-05:00] === END:   exp4_d40_hashemi_clipping (rc=0) ===
[10:46:17] >>> exp4_d2_alpha_beta_crown
  [full] bash examples/FlowConformal/experiments/run_cell.sh exp4_scaling.exp4_run_alpha_beta_crown --depth 2 > examples/FlowConformal/experiments/exp4_scaling/outputs/exp4_d2_alpha_beta_crown.log
    [run_cell] complete. shell-killed timeouts and exits noted above; CSV row counts in the output file.
    
    [2026-05-03T10:48:32-05:00] === END:   exp4_d2_alpha_beta_crown (rc=0) ===
[10:48:32] >>> exp4_d4_alpha_beta_crown
  [full] bash examples/FlowConformal/experiments/run_cell.sh exp4_scaling.exp4_run_alpha_beta_crown --depth 4 > examples/FlowConformal/experiments/exp4_scaling/outputs/exp4_d4_alpha_beta_crown.log
    [run_cell] complete. shell-killed timeouts and exits noted above; CSV row counts in the output file.
    
    [2026-05-03T10:50:52-05:00] === END:   exp4_d4_alpha_beta_crown (rc=0) ===
[10:50:52] >>> exp4_d8_alpha_beta_crown
  [full] bash examples/FlowConformal/experiments/run_cell.sh exp4_scaling.exp4_run_alpha_beta_crown --depth 8 > examples/FlowConformal/experiments/exp4_scaling/outputs/exp4_d8_alpha_beta_crown.log
    [run_cell] complete. shell-killed timeouts and exits noted above; CSV row counts in the output file.
    
    [2026-05-03T10:53:24-05:00] === END:   exp4_d8_alpha_beta_crown (rc=0) ===
[10:53:24] >>> exp4_d16_alpha_beta_crown
  [full] bash examples/FlowConformal/experiments/run_cell.sh exp4_scaling.exp4_run_alpha_beta_crown --depth 16 > examples/FlowConformal/experiments/exp4_scaling/outputs/exp4_d16_alpha_beta_crown.log
    [run_cell] complete. shell-killed timeouts and exits noted above; CSV row counts in the output file.
    
    [2026-05-03T10:58:42-05:00] === END:   exp4_d16_alpha_beta_crown (rc=0) ===
[10:58:42] >>> exp4_d24_alpha_beta_crown
  [full] bash examples/FlowConformal/experiments/run_cell.sh exp4_scaling.exp4_run_alpha_beta_crown --depth 24 > examples/FlowConformal/experiments/exp4_scaling/outputs/exp4_d24_alpha_beta_crown.log
    [run_cell] complete. shell-killed timeouts and exits noted above; CSV row counts in the output file.
    
    [2026-05-03T11:51:16-05:00] === END:   exp4_d24_alpha_beta_crown (rc=0) ===
[11:51:16] >>> exp4_d32_alpha_beta_crown
  [full] bash examples/FlowConformal/experiments/run_cell.sh exp4_scaling.exp4_run_alpha_beta_crown --depth 32 > examples/FlowConformal/experiments/exp4_scaling/outputs/exp4_d32_alpha_beta_crown.log
    [run_cell] complete. shell-killed timeouts and exits noted above; CSV row counts in the output file.
    
    [2026-05-03T12:50:53-05:00] === END:   exp4_d32_alpha_beta_crown (rc=0) ===
[12:50:53] >>> exp4_d40_alpha_beta_crown
  [full] bash examples/FlowConformal/experiments/run_cell.sh exp4_scaling.exp4_run_alpha_beta_crown --depth 40 > examples/FlowConformal/experiments/exp4_scaling/outputs/exp4_d40_alpha_beta_crown.log
    [run_cell] complete. shell-killed timeouts and exits noted above; CSV row counts in the output file.
    
    [2026-05-03T13:52:20-05:00] === END:   exp4_d40_alpha_beta_crown (rc=0) ===
[13:52:20] >>> exp4_d2_neuralsat
  [full] bash examples/FlowConformal/experiments/run_cell.sh exp4_scaling.exp4_run_neuralsat --depth 2 > examples/FlowConformal/experiments/exp4_scaling/outputs/exp4_d2_neuralsat.log
    [run_cell] complete. shell-killed timeouts and exits noted above; CSV row counts in the output file.
    
    [2026-05-03T13:54:06-05:00] === END:   exp4_d2_neuralsat (rc=0) ===
[13:54:06] >>> exp4_d4_neuralsat
  [full] bash examples/FlowConformal/experiments/run_cell.sh exp4_scaling.exp4_run_neuralsat --depth 4 > examples/FlowConformal/experiments/exp4_scaling/outputs/exp4_d4_neuralsat.log
    [run_cell] complete. shell-killed timeouts and exits noted above; CSV row counts in the output file.
    
    [2026-05-03T13:56:02-05:00] === END:   exp4_d4_neuralsat (rc=0) ===
[13:56:02] >>> exp4_d8_neuralsat
  [full] bash examples/FlowConformal/experiments/run_cell.sh exp4_scaling.exp4_run_neuralsat --depth 8 > examples/FlowConformal/experiments/exp4_scaling/outputs/exp4_d8_neuralsat.log
    [run_cell] complete. shell-killed timeouts and exits noted above; CSV row counts in the output file.
    
    [2026-05-03T13:58:19-05:00] === END:   exp4_d8_neuralsat (rc=0) ===
[13:58:19] >>> exp4_d16_neuralsat
  [full] bash examples/FlowConformal/experiments/run_cell.sh exp4_scaling.exp4_run_neuralsat --depth 16 > examples/FlowConformal/experiments/exp4_scaling/outputs/exp4_d16_neuralsat.log
    [run_cell] complete. shell-killed timeouts and exits noted above; CSV row counts in the output file.
    
    [2026-05-03T14:00:31-05:00] === END:   exp4_d16_neuralsat (rc=0) ===
[14:00:31] >>> exp4_d24_neuralsat
  [full] bash examples/FlowConformal/experiments/run_cell.sh exp4_scaling.exp4_run_neuralsat --depth 24 > examples/FlowConformal/experiments/exp4_scaling/outputs/exp4_d24_neuralsat.log
    [run_cell] complete. shell-killed timeouts and exits noted above; CSV row counts in the output file.
    
    [2026-05-03T14:02:53-05:00] === END:   exp4_d24_neuralsat (rc=0) ===
[14:02:53] >>> exp4_d32_neuralsat
  [full] bash examples/FlowConformal/experiments/run_cell.sh exp4_scaling.exp4_run_neuralsat --depth 32 > examples/FlowConformal/experiments/exp4_scaling/outputs/exp4_d32_neuralsat.log
    [run_cell] complete. shell-killed timeouts and exits noted above; CSV row counts in the output file.
    
    [2026-05-03T14:05:24-05:00] === END:   exp4_d32_neuralsat (rc=0) ===
[14:05:24] >>> exp4_d40_neuralsat
  [full] bash examples/FlowConformal/experiments/run_cell.sh exp4_scaling.exp4_run_neuralsat --depth 40 > examples/FlowConformal/experiments/exp4_scaling/outputs/exp4_d40_neuralsat.log
    [run_cell] complete. shell-killed timeouts and exits noted above; CSV row counts in the output file.
    
    [2026-05-03T14:08:07-05:00] === END:   exp4_d40_neuralsat (rc=0) ===

===================== PHASE 4: Exp 3 =====================
[14:08:07] >>> exp3_3d_banana_flow_unsat_ours
  [full] bash examples/FlowConformal/experiments/run_cell.sh exp3_synthetic.exp3_run_ours --benchmark 3d_banana --score flow --spec unsat > examples/FlowConformal/experiments/exp3_synthetic/outputs/exp3_3d_banana_flow_unsat_ours.log
    [run_cell] complete. shell-killed timeouts and exits noted above; CSV row counts in the output file.
    
    [2026-05-03T14:10:57-05:00] === END:   exp3_3d_banana_flow_unsat_ours (rc=0) ===
[14:10:57] >>> exp3_3d_banana_hyperrect_unsat_ours
  [full] bash examples/FlowConformal/experiments/run_cell.sh exp3_synthetic.exp3_run_ours --benchmark 3d_banana --score hyperrect --spec unsat > examples/FlowConformal/experiments/exp3_synthetic/outputs/exp3_3d_banana_hyperrect_unsat_ours.log
    [run_cell] complete. shell-killed timeouts and exits noted above; CSV row counts in the output file.
    
    [2026-05-03T14:11:48-05:00] === END:   exp3_3d_banana_hyperrect_unsat_ours (rc=0) ===
[14:11:48] >>> exp3_3d_banana_ellipsoid_unsat_ours
  [full] bash examples/FlowConformal/experiments/run_cell.sh exp3_synthetic.exp3_run_ours --benchmark 3d_banana --score ellipsoid --spec unsat > examples/FlowConformal/experiments/exp3_synthetic/outputs/exp3_3d_banana_ellipsoid_unsat_ours.log
    [run_cell] complete. shell-killed timeouts and exits noted above; CSV row counts in the output file.
    
    [2026-05-03T14:12:41-05:00] === END:   exp3_3d_banana_ellipsoid_unsat_ours (rc=0) ===
[14:12:41] >>> exp3_3d_banana_gmm_unsat_ours
  [full] bash examples/FlowConformal/experiments/run_cell.sh exp3_synthetic.exp3_run_ours --benchmark 3d_banana --score gmm --spec unsat > examples/FlowConformal/experiments/exp3_synthetic/outputs/exp3_3d_banana_gmm_unsat_ours.log
    [run_cell] complete. shell-killed timeouts and exits noted above; CSV row counts in the output file.
    
    [2026-05-03T14:13:36-05:00] === END:   exp3_3d_banana_gmm_unsat_ours (rc=0) ===
[14:13:36] >>> exp3_3d_banana_unsat_hashemi_clipping
  [full] bash examples/FlowConformal/experiments/run_cell.sh exp3_synthetic.exp3_run_hashemi_clipping --benchmark 3d_banana --spec unsat > examples/FlowConformal/experiments/exp3_synthetic/outputs/exp3_3d_banana_unsat_hashemi_clipping.log
    [run_cell] complete. shell-killed timeouts and exits noted above; CSV row counts in the output file.
    
    [2026-05-03T14:19:09-05:00] === END:   exp3_3d_banana_unsat_hashemi_clipping (rc=0) ===
[14:19:09] >>> exp3_3d_banana_flow_sat_ours
  [full] bash examples/FlowConformal/experiments/run_cell.sh exp3_synthetic.exp3_run_ours --benchmark 3d_banana --score flow --spec sat > examples/FlowConformal/experiments/exp3_synthetic/outputs/exp3_3d_banana_flow_sat_ours.log
    [run_cell] complete. shell-killed timeouts and exits noted above; CSV row counts in the output file.
    
    [2026-05-03T14:21:04-05:00] === END:   exp3_3d_banana_flow_sat_ours (rc=0) ===
[14:21:04] >>> exp3_3d_banana_hyperrect_sat_ours
  [full] bash examples/FlowConformal/experiments/run_cell.sh exp3_synthetic.exp3_run_ours --benchmark 3d_banana --score hyperrect --spec sat > examples/FlowConformal/experiments/exp3_synthetic/outputs/exp3_3d_banana_hyperrect_sat_ours.log
    [run_cell] complete. shell-killed timeouts and exits noted above; CSV row counts in the output file.
    
    [2026-05-03T14:21:57-05:00] === END:   exp3_3d_banana_hyperrect_sat_ours (rc=0) ===
[14:21:57] >>> exp3_3d_banana_ellipsoid_sat_ours
  [full] bash examples/FlowConformal/experiments/run_cell.sh exp3_synthetic.exp3_run_ours --benchmark 3d_banana --score ellipsoid --spec sat > examples/FlowConformal/experiments/exp3_synthetic/outputs/exp3_3d_banana_ellipsoid_sat_ours.log
    [run_cell] complete. shell-killed timeouts and exits noted above; CSV row counts in the output file.
    
    [2026-05-03T14:22:48-05:00] === END:   exp3_3d_banana_ellipsoid_sat_ours (rc=0) ===
[14:22:48] >>> exp3_3d_banana_gmm_sat_ours
  [full] bash examples/FlowConformal/experiments/run_cell.sh exp3_synthetic.exp3_run_ours --benchmark 3d_banana --score gmm --spec sat > examples/FlowConformal/experiments/exp3_synthetic/outputs/exp3_3d_banana_gmm_sat_ours.log
    [run_cell] complete. shell-killed timeouts and exits noted above; CSV row counts in the output file.
    
    [2026-05-03T14:23:44-05:00] === END:   exp3_3d_banana_gmm_sat_ours (rc=0) ===
[14:23:44] >>> exp3_3d_banana_sat_hashemi_clipping
  [full] bash examples/FlowConformal/experiments/run_cell.sh exp3_synthetic.exp3_run_hashemi_clipping --benchmark 3d_banana --spec sat > examples/FlowConformal/experiments/exp3_synthetic/outputs/exp3_3d_banana_sat_hashemi_clipping.log
    [run_cell] complete. shell-killed timeouts and exits noted above; CSV row counts in the output file.
    
    [2026-05-03T14:29:14-05:00] === END:   exp3_3d_banana_sat_hashemi_clipping (rc=0) ===
[14:29:14] >>> exp3_synth_5d_flow_unsat_ours
  [full] bash examples/FlowConformal/experiments/run_cell.sh exp3_synthetic.exp3_run_ours --benchmark synth_5d --score flow --spec unsat > examples/FlowConformal/experiments/exp3_synthetic/outputs/exp3_synth_5d_flow_unsat_ours.log
    [run_cell] complete. shell-killed timeouts and exits noted above; CSV row counts in the output file.
    
    [2026-05-03T14:33:20-05:00] === END:   exp3_synth_5d_flow_unsat_ours (rc=0) ===
[14:33:20] >>> exp3_synth_5d_hyperrect_unsat_ours
  [full] bash examples/FlowConformal/experiments/run_cell.sh exp3_synthetic.exp3_run_ours --benchmark synth_5d --score hyperrect --spec unsat > examples/FlowConformal/experiments/exp3_synthetic/outputs/exp3_synth_5d_hyperrect_unsat_ours.log
    [run_cell] complete. shell-killed timeouts and exits noted above; CSV row counts in the output file.
    
    [2026-05-03T14:33:44-05:00] === END:   exp3_synth_5d_hyperrect_unsat_ours (rc=0) ===
[14:33:44] >>> exp3_synth_5d_ellipsoid_unsat_ours
  [full] bash examples/FlowConformal/experiments/run_cell.sh exp3_synthetic.exp3_run_ours --benchmark synth_5d --score ellipsoid --spec unsat > examples/FlowConformal/experiments/exp3_synthetic/outputs/exp3_synth_5d_ellipsoid_unsat_ours.log
    [run_cell] complete. shell-killed timeouts and exits noted above; CSV row counts in the output file.
    
    [2026-05-03T14:34:09-05:00] === END:   exp3_synth_5d_ellipsoid_unsat_ours (rc=0) ===
[14:34:09] >>> exp3_synth_5d_gmm_unsat_ours
  [full] bash examples/FlowConformal/experiments/run_cell.sh exp3_synthetic.exp3_run_ours --benchmark synth_5d --score gmm --spec unsat > examples/FlowConformal/experiments/exp3_synthetic/outputs/exp3_synth_5d_gmm_unsat_ours.log
    [run_cell] complete. shell-killed timeouts and exits noted above; CSV row counts in the output file.
    
    [2026-05-03T14:34:36-05:00] === END:   exp3_synth_5d_gmm_unsat_ours (rc=0) ===
[14:34:36] >>> exp3_synth_5d_unsat_hashemi_clipping
  [full] bash examples/FlowConformal/experiments/run_cell.sh exp3_synthetic.exp3_run_hashemi_clipping --benchmark synth_5d --spec unsat > examples/FlowConformal/experiments/exp3_synthetic/outputs/exp3_synth_5d_unsat_hashemi_clipping.log
    [run_cell] complete. shell-killed timeouts and exits noted above; CSV row counts in the output file.
    
    [2026-05-03T14:40:50-05:00] === END:   exp3_synth_5d_unsat_hashemi_clipping (rc=0) ===
[14:40:50] >>> exp3_synth_5d_flow_sat_ours
  [full] bash examples/FlowConformal/experiments/run_cell.sh exp3_synthetic.exp3_run_ours --benchmark synth_5d --score flow --spec sat > examples/FlowConformal/experiments/exp3_synthetic/outputs/exp3_synth_5d_flow_sat_ours.log
    [run_cell] complete. shell-killed timeouts and exits noted above; CSV row counts in the output file.
    
    [2026-05-03T14:43:53-05:00] === END:   exp3_synth_5d_flow_sat_ours (rc=0) ===
[14:43:53] >>> exp3_synth_5d_hyperrect_sat_ours
  [full] bash examples/FlowConformal/experiments/run_cell.sh exp3_synthetic.exp3_run_ours --benchmark synth_5d --score hyperrect --spec sat > examples/FlowConformal/experiments/exp3_synthetic/outputs/exp3_synth_5d_hyperrect_sat_ours.log
    [run_cell] complete. shell-killed timeouts and exits noted above; CSV row counts in the output file.
    
    [2026-05-03T14:44:17-05:00] === END:   exp3_synth_5d_hyperrect_sat_ours (rc=0) ===
[14:44:17] >>> exp3_synth_5d_ellipsoid_sat_ours
  [full] bash examples/FlowConformal/experiments/run_cell.sh exp3_synthetic.exp3_run_ours --benchmark synth_5d --score ellipsoid --spec sat > examples/FlowConformal/experiments/exp3_synthetic/outputs/exp3_synth_5d_ellipsoid_sat_ours.log
    [run_cell] complete. shell-killed timeouts and exits noted above; CSV row counts in the output file.
    
    [2026-05-03T14:44:41-05:00] === END:   exp3_synth_5d_ellipsoid_sat_ours (rc=0) ===
[14:44:41] >>> exp3_synth_5d_gmm_sat_ours
  [full] bash examples/FlowConformal/experiments/run_cell.sh exp3_synthetic.exp3_run_ours --benchmark synth_5d --score gmm --spec sat > examples/FlowConformal/experiments/exp3_synthetic/outputs/exp3_synth_5d_gmm_sat_ours.log
    [run_cell] complete. shell-killed timeouts and exits noted above; CSV row counts in the output file.
    
    [2026-05-03T14:45:07-05:00] === END:   exp3_synth_5d_gmm_sat_ours (rc=0) ===
[14:45:07] >>> exp3_synth_5d_sat_hashemi_clipping
  [full] bash examples/FlowConformal/experiments/run_cell.sh exp3_synthetic.exp3_run_hashemi_clipping --benchmark synth_5d --spec sat > examples/FlowConformal/experiments/exp3_synthetic/outputs/exp3_synth_5d_sat_hashemi_clipping.log
    [run_cell] complete. shell-killed timeouts and exits noted above; CSV row counts in the output file.
    
    [2026-05-03T14:51:22-05:00] === END:   exp3_synth_5d_sat_hashemi_clipping (rc=0) ===
[14:51:22] >>> exp3_synth_10d_flow_unsat_ours
  [full] bash examples/FlowConformal/experiments/run_cell.sh exp3_synthetic.exp3_run_ours --benchmark synth_10d --score flow --spec unsat > examples/FlowConformal/experiments/exp3_synthetic/outputs/exp3_synth_10d_flow_unsat_ours.log
    [run_cell] complete. shell-killed timeouts and exits noted above; CSV row counts in the output file.
    
    [2026-05-03T14:55:30-05:00] === END:   exp3_synth_10d_flow_unsat_ours (rc=0) ===
[14:55:30] >>> exp3_synth_10d_hyperrect_unsat_ours
  [full] bash examples/FlowConformal/experiments/run_cell.sh exp3_synthetic.exp3_run_ours --benchmark synth_10d --score hyperrect --spec unsat > examples/FlowConformal/experiments/exp3_synthetic/outputs/exp3_synth_10d_hyperrect_unsat_ours.log
    [run_cell] complete. shell-killed timeouts and exits noted above; CSV row counts in the output file.
    
    [2026-05-03T14:55:54-05:00] === END:   exp3_synth_10d_hyperrect_unsat_ours (rc=0) ===
[14:55:54] >>> exp3_synth_10d_ellipsoid_unsat_ours
  [full] bash examples/FlowConformal/experiments/run_cell.sh exp3_synthetic.exp3_run_ours --benchmark synth_10d --score ellipsoid --spec unsat > examples/FlowConformal/experiments/exp3_synthetic/outputs/exp3_synth_10d_ellipsoid_unsat_ours.log
    [run_cell] complete. shell-killed timeouts and exits noted above; CSV row counts in the output file.
    
    [2026-05-03T14:56:17-05:00] === END:   exp3_synth_10d_ellipsoid_unsat_ours (rc=0) ===
[14:56:17] >>> exp3_synth_10d_gmm_unsat_ours
  [full] bash examples/FlowConformal/experiments/run_cell.sh exp3_synthetic.exp3_run_ours --benchmark synth_10d --score gmm --spec unsat > examples/FlowConformal/experiments/exp3_synthetic/outputs/exp3_synth_10d_gmm_unsat_ours.log
    [run_cell] complete. shell-killed timeouts and exits noted above; CSV row counts in the output file.
    
    [2026-05-03T14:56:45-05:00] === END:   exp3_synth_10d_gmm_unsat_ours (rc=0) ===
[14:56:45] >>> exp3_synth_10d_unsat_hashemi_clipping
  [full] bash examples/FlowConformal/experiments/run_cell.sh exp3_synthetic.exp3_run_hashemi_clipping --benchmark synth_10d --spec unsat > examples/FlowConformal/experiments/exp3_synthetic/outputs/exp3_synth_10d_unsat_hashemi_clipping.log
    [run_cell] complete. shell-killed timeouts and exits noted above; CSV row counts in the output file.
    
    [2026-05-03T15:06:51-05:00] === END:   exp3_synth_10d_unsat_hashemi_clipping (rc=0) ===
[15:06:51] >>> exp3_synth_10d_flow_sat_ours
  [full] bash examples/FlowConformal/experiments/run_cell.sh exp3_synthetic.exp3_run_ours --benchmark synth_10d --score flow --spec sat > examples/FlowConformal/experiments/exp3_synthetic/outputs/exp3_synth_10d_flow_sat_ours.log
    [run_cell] complete. shell-killed timeouts and exits noted above; CSV row counts in the output file.
    
    [2026-05-03T15:09:52-05:00] === END:   exp3_synth_10d_flow_sat_ours (rc=0) ===
[15:09:52] >>> exp3_synth_10d_hyperrect_sat_ours
  [full] bash examples/FlowConformal/experiments/run_cell.sh exp3_synthetic.exp3_run_ours --benchmark synth_10d --score hyperrect --spec sat > examples/FlowConformal/experiments/exp3_synthetic/outputs/exp3_synth_10d_hyperrect_sat_ours.log
    [run_cell] complete. shell-killed timeouts and exits noted above; CSV row counts in the output file.
    
    [2026-05-03T15:10:16-05:00] === END:   exp3_synth_10d_hyperrect_sat_ours (rc=0) ===
[15:10:16] >>> exp3_synth_10d_ellipsoid_sat_ours
  [full] bash examples/FlowConformal/experiments/run_cell.sh exp3_synthetic.exp3_run_ours --benchmark synth_10d --score ellipsoid --spec sat > examples/FlowConformal/experiments/exp3_synthetic/outputs/exp3_synth_10d_ellipsoid_sat_ours.log
    [run_cell] complete. shell-killed timeouts and exits noted above; CSV row counts in the output file.
    
    [2026-05-03T15:10:40-05:00] === END:   exp3_synth_10d_ellipsoid_sat_ours (rc=0) ===
[15:10:40] >>> exp3_synth_10d_gmm_sat_ours
  [full] bash examples/FlowConformal/experiments/run_cell.sh exp3_synthetic.exp3_run_ours --benchmark synth_10d --score gmm --spec sat > examples/FlowConformal/experiments/exp3_synthetic/outputs/exp3_synth_10d_gmm_sat_ours.log
    [run_cell] complete. shell-killed timeouts and exits noted above; CSV row counts in the output file.
    
    [2026-05-03T15:11:07-05:00] === END:   exp3_synth_10d_gmm_sat_ours (rc=0) ===
[15:11:07] >>> exp3_synth_10d_sat_hashemi_clipping
  [full] bash examples/FlowConformal/experiments/run_cell.sh exp3_synthetic.exp3_run_hashemi_clipping --benchmark synth_10d --spec sat > examples/FlowConformal/experiments/exp3_synthetic/outputs/exp3_synth_10d_sat_hashemi_clipping.log
    [run_cell] complete. shell-killed timeouts and exits noted above; CSV row counts in the output file.
    
    [2026-05-03T15:21:11-05:00] === END:   exp3_synth_10d_sat_hashemi_clipping (rc=0) ===
[15:21:11] >>> exp3_synth_20d_flow_unsat_ours
  [full] bash examples/FlowConformal/experiments/run_cell.sh exp3_synthetic.exp3_run_ours --benchmark synth_20d --score flow --spec unsat > examples/FlowConformal/experiments/exp3_synthetic/outputs/exp3_synth_20d_flow_unsat_ours.log
    [run_cell] complete. shell-killed timeouts and exits noted above; CSV row counts in the output file.
    
    [2026-05-03T15:25:16-05:00] === END:   exp3_synth_20d_flow_unsat_ours (rc=0) ===
[15:25:16] >>> exp3_synth_20d_hyperrect_unsat_ours
  [full] bash examples/FlowConformal/experiments/run_cell.sh exp3_synthetic.exp3_run_ours --benchmark synth_20d --score hyperrect --spec unsat > examples/FlowConformal/experiments/exp3_synthetic/outputs/exp3_synth_20d_hyperrect_unsat_ours.log
    [run_cell] complete. shell-killed timeouts and exits noted above; CSV row counts in the output file.
    
    [2026-05-03T15:25:40-05:00] === END:   exp3_synth_20d_hyperrect_unsat_ours (rc=0) ===
[15:25:40] >>> exp3_synth_20d_ellipsoid_unsat_ours
  [full] bash examples/FlowConformal/experiments/run_cell.sh exp3_synthetic.exp3_run_ours --benchmark synth_20d --score ellipsoid --spec unsat > examples/FlowConformal/experiments/exp3_synthetic/outputs/exp3_synth_20d_ellipsoid_unsat_ours.log
    [run_cell] complete. shell-killed timeouts and exits noted above; CSV row counts in the output file.
    
    [2026-05-03T15:26:04-05:00] === END:   exp3_synth_20d_ellipsoid_unsat_ours (rc=0) ===
[15:26:04] >>> exp3_synth_20d_gmm_unsat_ours
  [full] bash examples/FlowConformal/experiments/run_cell.sh exp3_synthetic.exp3_run_ours --benchmark synth_20d --score gmm --spec unsat > examples/FlowConformal/experiments/exp3_synthetic/outputs/exp3_synth_20d_gmm_unsat_ours.log
    [run_cell] complete. shell-killed timeouts and exits noted above; CSV row counts in the output file.
    
    [2026-05-03T15:26:32-05:00] === END:   exp3_synth_20d_gmm_unsat_ours (rc=0) ===
[15:26:32] >>> exp3_synth_20d_unsat_hashemi_clipping
  [full] bash examples/FlowConformal/experiments/run_cell.sh exp3_synthetic.exp3_run_hashemi_clipping --benchmark synth_20d --spec unsat > examples/FlowConformal/experiments/exp3_synthetic/outputs/exp3_synth_20d_unsat_hashemi_clipping.log
    [run_cell] complete. shell-killed timeouts and exits noted above; CSV row counts in the output file.
    
    [2026-05-03T15:46:28-05:00] === END:   exp3_synth_20d_unsat_hashemi_clipping (rc=0) ===
[15:46:28] >>> exp3_synth_20d_flow_sat_ours
  [full] bash examples/FlowConformal/experiments/run_cell.sh exp3_synthetic.exp3_run_ours --benchmark synth_20d --score flow --spec sat > examples/FlowConformal/experiments/exp3_synthetic/outputs/exp3_synth_20d_flow_sat_ours.log
    [run_cell] complete. shell-killed timeouts and exits noted above; CSV row counts in the output file.
    
    [2026-05-03T15:49:42-05:00] === END:   exp3_synth_20d_flow_sat_ours (rc=0) ===
[15:49:42] >>> exp3_synth_20d_hyperrect_sat_ours
  [full] bash examples/FlowConformal/experiments/run_cell.sh exp3_synthetic.exp3_run_ours --benchmark synth_20d --score hyperrect --spec sat > examples/FlowConformal/experiments/exp3_synthetic/outputs/exp3_synth_20d_hyperrect_sat_ours.log
    [run_cell] complete. shell-killed timeouts and exits noted above; CSV row counts in the output file.
    
    [2026-05-03T15:50:05-05:00] === END:   exp3_synth_20d_hyperrect_sat_ours (rc=0) ===
[15:50:05] >>> exp3_synth_20d_ellipsoid_sat_ours
  [full] bash examples/FlowConformal/experiments/run_cell.sh exp3_synthetic.exp3_run_ours --benchmark synth_20d --score ellipsoid --spec sat > examples/FlowConformal/experiments/exp3_synthetic/outputs/exp3_synth_20d_ellipsoid_sat_ours.log
    [run_cell] complete. shell-killed timeouts and exits noted above; CSV row counts in the output file.
    
    [2026-05-03T15:50:29-05:00] === END:   exp3_synth_20d_ellipsoid_sat_ours (rc=0) ===
[15:50:29] >>> exp3_synth_20d_gmm_sat_ours
  [full] bash examples/FlowConformal/experiments/run_cell.sh exp3_synthetic.exp3_run_ours --benchmark synth_20d --score gmm --spec sat > examples/FlowConformal/experiments/exp3_synthetic/outputs/exp3_synth_20d_gmm_sat_ours.log
    [run_cell] complete. shell-killed timeouts and exits noted above; CSV row counts in the output file.
    
    [2026-05-03T15:50:56-05:00] === END:   exp3_synth_20d_gmm_sat_ours (rc=0) ===
[15:50:56] >>> exp3_synth_20d_sat_hashemi_clipping
  [full] bash examples/FlowConformal/experiments/run_cell.sh exp3_synthetic.exp3_run_hashemi_clipping --benchmark synth_20d --spec sat > examples/FlowConformal/experiments/exp3_synthetic/outputs/exp3_synth_20d_sat_hashemi_clipping.log
    [run_cell] complete. shell-killed timeouts and exits noted above; CSV row counts in the output file.
    
    [2026-05-03T16:10:54-05:00] === END:   exp3_synth_20d_sat_hashemi_clipping (rc=0) ===

===================== PHASE 5: Exp 1 SaVer (5 core) + Exp 2 RS =====================
[16:10:54] >>> exp1_acasxu_2023_saver
  [full] bash examples/FlowConformal/experiments/run_cell.sh exp1_vnncomp_subset.exp1_run_saver --benchmark acasxu_2023 > examples/FlowConformal/experiments/exp1_vnncomp_subset/outputs/exp1_acasxu_2023_saver.log
    [run_cell] complete. shell-killed timeouts and exits noted above; CSV row counts in the output file.
    
    [2026-05-03T16:17:47-05:00] === END:   exp1_acasxu_2023_saver (rc=0) ===
[16:17:47] >>> exp1_collins_rul_cnn_2022_saver
  [full] bash examples/FlowConformal/experiments/run_cell.sh exp1_vnncomp_subset.exp1_run_saver --benchmark collins_rul_cnn_2022 > examples/FlowConformal/experiments/exp1_vnncomp_subset/outputs/exp1_collins_rul_cnn_2022_saver.log
    [run_cell] complete. shell-killed timeouts and exits noted above; CSV row counts in the output file.
    
    [2026-05-03T16:24:14-05:00] === END:   exp1_collins_rul_cnn_2022_saver (rc=0) ===
[16:24:14] >>> exp1_dist_shift_2023_saver
  [full] bash examples/FlowConformal/experiments/run_cell.sh exp1_vnncomp_subset.exp1_run_saver --benchmark dist_shift_2023 > examples/FlowConformal/experiments/exp1_vnncomp_subset/outputs/exp1_dist_shift_2023_saver.log
    [run_cell] complete. shell-killed timeouts and exits noted above; CSV row counts in the output file.
    
    [2026-05-03T16:30:03-05:00] === END:   exp1_dist_shift_2023_saver (rc=0) ===
[16:30:03] >>> exp1_linearizenn_2024_saver
  [full] bash examples/FlowConformal/experiments/run_cell.sh exp1_vnncomp_subset.exp1_run_saver --benchmark linearizenn_2024 > examples/FlowConformal/experiments/exp1_vnncomp_subset/outputs/exp1_linearizenn_2024_saver.log
    [run_cell] complete. shell-killed timeouts and exits noted above; CSV row counts in the output file.
    
    [2026-05-03T16:34:33-05:00] === END:   exp1_linearizenn_2024_saver (rc=0) ===
[16:34:33] >>> exp1_tllverify_2023_saver
  [full] bash examples/FlowConformal/experiments/run_cell.sh exp1_vnncomp_subset.exp1_run_saver --benchmark tllverify_2023 > examples/FlowConformal/experiments/exp1_vnncomp_subset/outputs/exp1_tllverify_2023_saver.log
    [run_cell] complete. shell-killed timeouts and exits noted above; CSV row counts in the output file.
    
    [2026-05-03T16:38:26-05:00] === END:   exp1_tllverify_2023_saver (rc=0) ===
[16:38:26] >>> exp2_cifar100_2024_rs
  [full] bash examples/FlowConformal/experiments/run_cell.sh exp2_prob_scale.exp2_run_rs --benchmark cifar100_2024 > examples/FlowConformal/experiments/exp2_prob_scale/outputs/exp2_cifar100_2024_rs.log
    [run_cell] complete. shell-killed timeouts and exits noted above; CSV row counts in the output file.
    
    [2026-05-03T16:51:28-05:00] === END:   exp2_cifar100_2024_rs (rc=0) ===

===================== PHASE 6: Exp 1 metaroom (ours+hashemi+saver) =====================
[16:51:28] >>> exp1_metaroom_2023_ours
  [full] bash examples/FlowConformal/experiments/run_cell.sh exp1_vnncomp_subset.exp1_run_ours --benchmark metaroom_2023 > examples/FlowConformal/experiments/exp1_vnncomp_subset/outputs/exp1_metaroom_2023_ours.log
