nohup: ignoring input

===================== PHASE G': shared-flow ablation (20 random ACAS Xu instances × 8 verifiers) =====================
[10:57:20] >>> phaseGp_shared_flow_ablation
  cmd: /home/sasakis/miniconda3/envs/n2v/bin/python -u -m examples.FlowConformal.experiments.exp_ablation.ablation_shared_flow --n-instances 20
  log: examples/FlowConformal/experiments/exp_ablation/outputs/ablation_shared_flow.log
    Outputs: /home/sasakis/v/tools/n2v/examples/FlowConformal/experiments/exp_ablation/outputs/ablation_shared_flow_<method>.csv
    
    [2026-05-06T11:18:51-05:00] === END:   phaseGp_shared_flow_ablation (rc=0) ===

===================== PHASE H': volume sweep on NEW benchmarks (4 new benches × 3 configs × 2 methods × 5 seeds) =====================
[11:18:51] >>> phaseHp_2d_banana_ours_small
  cmd: /home/sasakis/miniconda3/envs/n2v/bin/python -u -m examples.FlowConformal.experiments.exp3_synthetic.exp3_run_ours --benchmark 2d_banana --score flow --spec unsat --seeds 5 --output-csv examples/FlowConformal/experiments/exp3_synthetic/outputs/exp3_2d_banana_flow_unsat_ours_small.csv --n-train 2000 --flow-epochs 500 --scenario-n-samples 1000 --volume-m 1000 --volume-n-samples 100000
  log: examples/FlowConformal/experiments/exp3_synthetic/outputs/exp3_2d_banana_flow_unsat_ours_small.log
    Counts: {'UNSAT': 5, 'SAT': 0, 'UNKNOWN': 0, 'NOT_IMPLEMENTED': 0, 'ERROR': 0}
    
    [2026-05-06T11:20:28-05:00] === END:   phaseHp_2d_banana_ours_small (rc=0) ===
[11:20:28] >>> phaseHp_2d_banana_hashemi_small
  cmd: /home/sasakis/miniconda3/envs/n2v/bin/python -u -m examples.FlowConformal.experiments.exp3_synthetic.exp3_run_hashemi_clipping --benchmark 2d_banana --spec unsat --seeds 5 --output-csv examples/FlowConformal/experiments/exp3_synthetic/outputs/exp3_2d_banana_unsat_hashemi_clipping_small.csv --m 1000
  log: examples/FlowConformal/experiments/exp3_synthetic/outputs/exp3_2d_banana_unsat_hashemi_clipping_small.log
    Counts: {'UNSAT': 5, 'SAT': 0, 'UNKNOWN': 0, 'ERROR': 0}
    
    [2026-05-06T11:20:57-05:00] === END:   phaseHp_2d_banana_hashemi_small (rc=0) ===
[11:20:57] >>> phaseHp_2d_banana_ours_default
  cmd: /home/sasakis/miniconda3/envs/n2v/bin/python -u -m examples.FlowConformal.experiments.exp3_synthetic.exp3_run_ours --benchmark 2d_banana --score flow --spec unsat --seeds 5 --output-csv examples/FlowConformal/experiments/exp3_synthetic/outputs/exp3_2d_banana_flow_unsat_ours_default.csv --n-train 5000 --flow-epochs 2000 --scenario-n-samples 2000 --volume-m 8000 --volume-n-samples 200000
  log: examples/FlowConformal/experiments/exp3_synthetic/outputs/exp3_2d_banana_flow_unsat_ours_default.log
    Counts: {'UNSAT': 5, 'SAT': 0, 'UNKNOWN': 0, 'NOT_IMPLEMENTED': 0, 'ERROR': 0}
    
    [2026-05-06T11:24:25-05:00] === END:   phaseHp_2d_banana_ours_default (rc=0) ===
[11:24:25] >>> phaseHp_2d_banana_hashemi_default
  cmd: /home/sasakis/miniconda3/envs/n2v/bin/python -u -m examples.FlowConformal.experiments.exp3_synthetic.exp3_run_hashemi_clipping --benchmark 2d_banana --spec unsat --seeds 5 --output-csv examples/FlowConformal/experiments/exp3_synthetic/outputs/exp3_2d_banana_unsat_hashemi_clipping_default.csv --m 8000
  log: examples/FlowConformal/experiments/exp3_synthetic/outputs/exp3_2d_banana_unsat_hashemi_clipping_default.log
    Counts: {'UNSAT': 5, 'SAT': 0, 'UNKNOWN': 0, 'ERROR': 0}
    
    [2026-05-06T11:28:50-05:00] === END:   phaseHp_2d_banana_hashemi_default (rc=0) ===
[11:28:50] >>> phaseHp_2d_banana_ours_large
  cmd: /home/sasakis/miniconda3/envs/n2v/bin/python -u -m examples.FlowConformal.experiments.exp3_synthetic.exp3_run_ours --benchmark 2d_banana --score flow --spec unsat --seeds 5 --output-csv examples/FlowConformal/experiments/exp3_synthetic/outputs/exp3_2d_banana_flow_unsat_ours_large.csv --n-train 10000 --flow-epochs 5000 --scenario-n-samples 4000 --volume-m 16000 --volume-n-samples 400000
  log: examples/FlowConformal/experiments/exp3_synthetic/outputs/exp3_2d_banana_flow_unsat_ours_large.log
    Counts: {'UNSAT': 5, 'SAT': 0, 'UNKNOWN': 0, 'NOT_IMPLEMENTED': 0, 'ERROR': 0}
    
    [2026-05-06T11:40:41-05:00] === END:   phaseHp_2d_banana_ours_large (rc=0) ===
[11:40:41] >>> phaseHp_2d_banana_hashemi_large
  cmd: /home/sasakis/miniconda3/envs/n2v/bin/python -u -m examples.FlowConformal.experiments.exp3_synthetic.exp3_run_hashemi_clipping --benchmark 2d_banana --spec unsat --seeds 5 --output-csv examples/FlowConformal/experiments/exp3_synthetic/outputs/exp3_2d_banana_unsat_hashemi_clipping_large.csv --m 16000
  log: examples/FlowConformal/experiments/exp3_synthetic/outputs/exp3_2d_banana_unsat_hashemi_clipping_large.log
    Counts: {'UNSAT': 5, 'SAT': 0, 'UNKNOWN': 0, 'ERROR': 0}
    
    [2026-05-06T11:56:51-05:00] === END:   phaseHp_2d_banana_hashemi_large (rc=0) ===
  ABORT: would overwrite existing file: examples/FlowConformal/experiments/exp3_synthetic/outputs/exp3_3d_banana_flow_unsat_ours_small.csv
  Pass --force to overwrite. Stopping this cell.
  ABORT: would overwrite existing file: examples/FlowConformal/experiments/exp3_synthetic/outputs/exp3_3d_banana_unsat_hashemi_clipping_small.csv
  Pass --force to overwrite. Stopping this cell.
  ABORT: would overwrite existing file: examples/FlowConformal/experiments/exp3_synthetic/outputs/exp3_3d_banana_flow_unsat_ours_default.csv
  Pass --force to overwrite. Stopping this cell.
  ABORT: would overwrite existing file: examples/FlowConformal/experiments/exp3_synthetic/outputs/exp3_3d_banana_unsat_hashemi_clipping_default.csv
  Pass --force to overwrite. Stopping this cell.
  ABORT: would overwrite existing file: examples/FlowConformal/experiments/exp3_synthetic/outputs/exp3_3d_banana_flow_unsat_ours_large.csv
  Pass --force to overwrite. Stopping this cell.
  ABORT: would overwrite existing file: examples/FlowConformal/experiments/exp3_synthetic/outputs/exp3_3d_banana_unsat_hashemi_clipping_large.csv
  Pass --force to overwrite. Stopping this cell.
[11:56:51] >>> phaseHp_synth_2d_ours_small
  cmd: /home/sasakis/miniconda3/envs/n2v/bin/python -u -m examples.FlowConformal.experiments.exp3_synthetic.exp3_run_ours --benchmark synth_2d --score flow --spec unsat --seeds 5 --output-csv examples/FlowConformal/experiments/exp3_synthetic/outputs/exp3_synth_2d_flow_unsat_ours_small.csv --n-train 2000 --flow-epochs 500 --scenario-n-samples 1000 --volume-m 1000 --volume-n-samples 100000
  log: examples/FlowConformal/experiments/exp3_synthetic/outputs/exp3_synth_2d_flow_unsat_ours_small.log
    Counts: {'UNSAT': 5, 'SAT': 0, 'UNKNOWN': 0, 'NOT_IMPLEMENTED': 0, 'ERROR': 0}
    
    [2026-05-06T11:58:19-05:00] === END:   phaseHp_synth_2d_ours_small (rc=0) ===
[11:58:19] >>> phaseHp_synth_2d_hashemi_small
  cmd: /home/sasakis/miniconda3/envs/n2v/bin/python -u -m examples.FlowConformal.experiments.exp3_synthetic.exp3_run_hashemi_clipping --benchmark synth_2d --spec unsat --seeds 5 --output-csv examples/FlowConformal/experiments/exp3_synthetic/outputs/exp3_synth_2d_unsat_hashemi_clipping_small.csv --m 1000
  log: examples/FlowConformal/experiments/exp3_synthetic/outputs/exp3_synth_2d_unsat_hashemi_clipping_small.log
    Counts: {'UNSAT': 5, 'SAT': 0, 'UNKNOWN': 0, 'ERROR': 0}
    
    [2026-05-06T11:58:30-05:00] === END:   phaseHp_synth_2d_hashemi_small (rc=0) ===
[11:58:30] >>> phaseHp_synth_2d_ours_default
  cmd: /home/sasakis/miniconda3/envs/n2v/bin/python -u -m examples.FlowConformal.experiments.exp3_synthetic.exp3_run_ours --benchmark synth_2d --score flow --spec unsat --seeds 5 --output-csv examples/FlowConformal/experiments/exp3_synthetic/outputs/exp3_synth_2d_flow_unsat_ours_default.csv --n-train 5000 --flow-epochs 2000 --scenario-n-samples 2000 --volume-m 8000 --volume-n-samples 200000
  log: examples/FlowConformal/experiments/exp3_synthetic/outputs/exp3_synth_2d_flow_unsat_ours_default.log
    Counts: {'UNSAT': 5, 'SAT': 0, 'UNKNOWN': 0, 'NOT_IMPLEMENTED': 0, 'ERROR': 0}
    
    [2026-05-06T12:02:02-05:00] === END:   phaseHp_synth_2d_ours_default (rc=0) ===
[12:02:02] >>> phaseHp_synth_2d_hashemi_default
  cmd: /home/sasakis/miniconda3/envs/n2v/bin/python -u -m examples.FlowConformal.experiments.exp3_synthetic.exp3_run_hashemi_clipping --benchmark synth_2d --spec unsat --seeds 5 --output-csv examples/FlowConformal/experiments/exp3_synthetic/outputs/exp3_synth_2d_unsat_hashemi_clipping_default.csv --m 8000
  log: examples/FlowConformal/experiments/exp3_synthetic/outputs/exp3_synth_2d_unsat_hashemi_clipping_default.log
    Counts: {'UNSAT': 5, 'SAT': 0, 'UNKNOWN': 0, 'ERROR': 0}
    
    [2026-05-06T12:06:17-05:00] === END:   phaseHp_synth_2d_hashemi_default (rc=0) ===
[12:06:17] >>> phaseHp_synth_2d_ours_large
  cmd: /home/sasakis/miniconda3/envs/n2v/bin/python -u -m examples.FlowConformal.experiments.exp3_synthetic.exp3_run_ours --benchmark synth_2d --score flow --spec unsat --seeds 5 --output-csv examples/FlowConformal/experiments/exp3_synthetic/outputs/exp3_synth_2d_flow_unsat_ours_large.csv --n-train 10000 --flow-epochs 5000 --scenario-n-samples 4000 --volume-m 16000 --volume-n-samples 400000
  log: examples/FlowConformal/experiments/exp3_synthetic/outputs/exp3_synth_2d_flow_unsat_ours_large.log
    Counts: {'UNSAT': 5, 'SAT': 0, 'UNKNOWN': 0, 'NOT_IMPLEMENTED': 0, 'ERROR': 0}
    
    [2026-05-06T12:18:12-05:00] === END:   phaseHp_synth_2d_ours_large (rc=0) ===
[12:18:12] >>> phaseHp_synth_2d_hashemi_large
  cmd: /home/sasakis/miniconda3/envs/n2v/bin/python -u -m examples.FlowConformal.experiments.exp3_synthetic.exp3_run_hashemi_clipping --benchmark synth_2d --spec unsat --seeds 5 --output-csv examples/FlowConformal/experiments/exp3_synthetic/outputs/exp3_synth_2d_unsat_hashemi_clipping_large.csv --m 16000
  log: examples/FlowConformal/experiments/exp3_synthetic/outputs/exp3_synth_2d_unsat_hashemi_clipping_large.log
    Counts: {'UNSAT': 5, 'SAT': 0, 'UNKNOWN': 0, 'ERROR': 0}
    
    [2026-05-06T12:34:01-05:00] === END:   phaseHp_synth_2d_hashemi_large (rc=0) ===
[12:34:01] >>> phaseHp_synth_3d_ours_small
  cmd: /home/sasakis/miniconda3/envs/n2v/bin/python -u -m examples.FlowConformal.experiments.exp3_synthetic.exp3_run_ours --benchmark synth_3d --score flow --spec unsat --seeds 5 --output-csv examples/FlowConformal/experiments/exp3_synthetic/outputs/exp3_synth_3d_flow_unsat_ours_small.csv --n-train 2000 --flow-epochs 500 --scenario-n-samples 1000 --volume-m 1000 --volume-n-samples 100000
  log: examples/FlowConformal/experiments/exp3_synthetic/outputs/exp3_synth_3d_flow_unsat_ours_small.log
    Counts: {'UNSAT': 5, 'SAT': 0, 'UNKNOWN': 0, 'NOT_IMPLEMENTED': 0, 'ERROR': 0}
    
    [2026-05-06T12:35:22-05:00] === END:   phaseHp_synth_3d_ours_small (rc=0) ===
[12:35:22] >>> phaseHp_synth_3d_hashemi_small
  cmd: /home/sasakis/miniconda3/envs/n2v/bin/python -u -m examples.FlowConformal.experiments.exp3_synthetic.exp3_run_hashemi_clipping --benchmark synth_3d --spec unsat --seeds 5 --output-csv examples/FlowConformal/experiments/exp3_synthetic/outputs/exp3_synth_3d_unsat_hashemi_clipping_small.csv --m 1000
  log: examples/FlowConformal/experiments/exp3_synthetic/outputs/exp3_synth_3d_unsat_hashemi_clipping_small.log
    Counts: {'UNSAT': 5, 'SAT': 0, 'UNKNOWN': 0, 'ERROR': 0}
    
    [2026-05-06T12:35:32-05:00] === END:   phaseHp_synth_3d_hashemi_small (rc=0) ===
[12:35:32] >>> phaseHp_synth_3d_ours_default
  cmd: /home/sasakis/miniconda3/envs/n2v/bin/python -u -m examples.FlowConformal.experiments.exp3_synthetic.exp3_run_ours --benchmark synth_3d --score flow --spec unsat --seeds 5 --output-csv examples/FlowConformal/experiments/exp3_synthetic/outputs/exp3_synth_3d_flow_unsat_ours_default.csv --n-train 5000 --flow-epochs 2000 --scenario-n-samples 2000 --volume-m 8000 --volume-n-samples 200000
  log: examples/FlowConformal/experiments/exp3_synthetic/outputs/exp3_synth_3d_flow_unsat_ours_default.log
    Counts: {'UNSAT': 5, 'SAT': 0, 'UNKNOWN': 0, 'NOT_IMPLEMENTED': 0, 'ERROR': 0}
    
    [2026-05-06T12:38:57-05:00] === END:   phaseHp_synth_3d_ours_default (rc=0) ===
[12:38:57] >>> phaseHp_synth_3d_hashemi_default
  cmd: /home/sasakis/miniconda3/envs/n2v/bin/python -u -m examples.FlowConformal.experiments.exp3_synthetic.exp3_run_hashemi_clipping --benchmark synth_3d --spec unsat --seeds 5 --output-csv examples/FlowConformal/experiments/exp3_synthetic/outputs/exp3_synth_3d_unsat_hashemi_clipping_default.csv --m 8000
  log: examples/FlowConformal/experiments/exp3_synthetic/outputs/exp3_synth_3d_unsat_hashemi_clipping_default.log
    Counts: {'UNSAT': 5, 'SAT': 0, 'UNKNOWN': 0, 'ERROR': 0}
    
    [2026-05-06T12:43:37-05:00] === END:   phaseHp_synth_3d_hashemi_default (rc=0) ===
[12:43:37] >>> phaseHp_synth_3d_ours_large
  cmd: /home/sasakis/miniconda3/envs/n2v/bin/python -u -m examples.FlowConformal.experiments.exp3_synthetic.exp3_run_ours --benchmark synth_3d --score flow --spec unsat --seeds 5 --output-csv examples/FlowConformal/experiments/exp3_synthetic/outputs/exp3_synth_3d_flow_unsat_ours_large.csv --n-train 10000 --flow-epochs 5000 --scenario-n-samples 4000 --volume-m 16000 --volume-n-samples 400000
  log: examples/FlowConformal/experiments/exp3_synthetic/outputs/exp3_synth_3d_flow_unsat_ours_large.log
    Counts: {'UNSAT': 5, 'SAT': 0, 'UNKNOWN': 0, 'NOT_IMPLEMENTED': 0, 'ERROR': 0}
    
    [2026-05-06T12:55:11-05:00] === END:   phaseHp_synth_3d_ours_large (rc=0) ===
[12:55:11] >>> phaseHp_synth_3d_hashemi_large
  cmd: /home/sasakis/miniconda3/envs/n2v/bin/python -u -m examples.FlowConformal.experiments.exp3_synthetic.exp3_run_hashemi_clipping --benchmark synth_3d --spec unsat --seeds 5 --output-csv examples/FlowConformal/experiments/exp3_synthetic/outputs/exp3_synth_3d_unsat_hashemi_clipping_large.csv --m 16000
  log: examples/FlowConformal/experiments/exp3_synthetic/outputs/exp3_synth_3d_unsat_hashemi_clipping_large.log
    Counts: {'UNSAT': 5, 'SAT': 0, 'UNKNOWN': 0, 'ERROR': 0}
    
    [2026-05-06T13:13:25-05:00] === END:   phaseHp_synth_3d_hashemi_large (rc=0) ===

===================== PHASE I: starset-approx baseline (7 benchmarks × 5 seeds) =====================
[13:13:25] >>> phaseI_2d_banana_starset_approx
  cmd: /home/sasakis/miniconda3/envs/n2v/bin/python -u -m examples.FlowConformal.experiments.exp3_synthetic.exp3_run_starset_approx --benchmark 2d_banana --spec unsat --seeds 5 --output-csv examples/FlowConformal/experiments/exp3_synthetic/outputs/exp3_2d_banana_unsat_starset_approx.csv
  log: examples/FlowConformal/experiments/exp3_synthetic/outputs/exp3_2d_banana_unsat_starset_approx.log
    Counts: {'UNSAT': 5, 'SAT': 0, 'UNKNOWN': 0, 'ERROR': 0}
    
    [2026-05-06T13:13:49-05:00] === END:   phaseI_2d_banana_starset_approx (rc=0) ===
[13:13:49] >>> phaseI_3d_banana_starset_approx
  cmd: /home/sasakis/miniconda3/envs/n2v/bin/python -u -m examples.FlowConformal.experiments.exp3_synthetic.exp3_run_starset_approx --benchmark 3d_banana --spec unsat --seeds 5 --output-csv examples/FlowConformal/experiments/exp3_synthetic/outputs/exp3_3d_banana_unsat_starset_approx.csv
  log: examples/FlowConformal/experiments/exp3_synthetic/outputs/exp3_3d_banana_unsat_starset_approx.log
    Counts: {'UNSAT': 5, 'SAT': 0, 'UNKNOWN': 0, 'ERROR': 0}
    
    [2026-05-06T13:14:12-05:00] === END:   phaseI_3d_banana_starset_approx (rc=0) ===
[13:14:12] >>> phaseI_synth_2d_starset_approx
  cmd: /home/sasakis/miniconda3/envs/n2v/bin/python -u -m examples.FlowConformal.experiments.exp3_synthetic.exp3_run_starset_approx --benchmark synth_2d --spec unsat --seeds 5 --output-csv examples/FlowConformal/experiments/exp3_synthetic/outputs/exp3_synth_2d_unsat_starset_approx.csv
  log: examples/FlowConformal/experiments/exp3_synthetic/outputs/exp3_synth_2d_unsat_starset_approx.log
    Counts: {'UNSAT': 5, 'SAT': 0, 'UNKNOWN': 0, 'ERROR': 0}
    
    [2026-05-06T13:14:16-05:00] === END:   phaseI_synth_2d_starset_approx (rc=0) ===
[13:14:16] >>> phaseI_synth_3d_starset_approx
  cmd: /home/sasakis/miniconda3/envs/n2v/bin/python -u -m examples.FlowConformal.experiments.exp3_synthetic.exp3_run_starset_approx --benchmark synth_3d --spec unsat --seeds 5 --output-csv examples/FlowConformal/experiments/exp3_synthetic/outputs/exp3_synth_3d_unsat_starset_approx.csv
  log: examples/FlowConformal/experiments/exp3_synthetic/outputs/exp3_synth_3d_unsat_starset_approx.log
    Counts: {'UNSAT': 5, 'SAT': 0, 'UNKNOWN': 0, 'ERROR': 0}
    
    [2026-05-06T13:14:20-05:00] === END:   phaseI_synth_3d_starset_approx (rc=0) ===
[13:14:20] >>> phaseI_synth_5d_starset_approx
  cmd: /home/sasakis/miniconda3/envs/n2v/bin/python -u -m examples.FlowConformal.experiments.exp3_synthetic.exp3_run_starset_approx --benchmark synth_5d --spec unsat --seeds 5 --output-csv examples/FlowConformal/experiments/exp3_synthetic/outputs/exp3_synth_5d_unsat_starset_approx.csv
  log: examples/FlowConformal/experiments/exp3_synthetic/outputs/exp3_synth_5d_unsat_starset_approx.log
    Counts: {'UNSAT': 5, 'SAT': 0, 'UNKNOWN': 0, 'ERROR': 0}
    
    [2026-05-06T13:14:24-05:00] === END:   phaseI_synth_5d_starset_approx (rc=0) ===
[13:14:24] >>> phaseI_synth_10d_starset_approx
  cmd: /home/sasakis/miniconda3/envs/n2v/bin/python -u -m examples.FlowConformal.experiments.exp3_synthetic.exp3_run_starset_approx --benchmark synth_10d --spec unsat --seeds 5 --output-csv examples/FlowConformal/experiments/exp3_synthetic/outputs/exp3_synth_10d_unsat_starset_approx.csv
  log: examples/FlowConformal/experiments/exp3_synthetic/outputs/exp3_synth_10d_unsat_starset_approx.log
    Counts: {'UNSAT': 5, 'SAT': 0, 'UNKNOWN': 0, 'ERROR': 0}
    
    [2026-05-06T13:14:28-05:00] === END:   phaseI_synth_10d_starset_approx (rc=0) ===
[13:14:28] >>> phaseI_synth_20d_starset_approx
  cmd: /home/sasakis/miniconda3/envs/n2v/bin/python -u -m examples.FlowConformal.experiments.exp3_synthetic.exp3_run_starset_approx --benchmark synth_20d --spec unsat --seeds 5 --output-csv examples/FlowConformal/experiments/exp3_synthetic/outputs/exp3_synth_20d_unsat_starset_approx.csv
  log: examples/FlowConformal/experiments/exp3_synthetic/outputs/exp3_synth_20d_unsat_starset_approx.log
    Counts: {'UNSAT': 5, 'SAT': 0, 'UNKNOWN': 0, 'ERROR': 0}
    
    [2026-05-06T13:14:32-05:00] === END:   phaseI_synth_20d_starset_approx (rc=0) ===

[13:14:32] === run_all_extras_v2 complete ===
