nohup: ignoring input

===================== PHASE 2': Hashemi-PCA re-run (cifar100, tinyimagenet) =====================
[23:11:10] >>> exp2_cifar100_2024_hashemi_clipping_pca
  [full] bash examples/FlowConformal/experiments/run_cell.sh exp2_prob_scale.exp2_run_hashemi_clipping_pca --benchmark cifar100_2024 --pca-components 32 --m 750 > examples/FlowConformal/experiments/exp2_prob_scale/outputs/exp2_cifar100_2024_hashemi_clipping_pca.log
    [run_cell] complete. shell-killed timeouts and exits noted above; CSV row counts in the output file.
    
    [2026-05-03T23:34:19-05:00] === END:   exp2_cifar100_2024_hashemi_clipping_pca (rc=0) ===
[23:34:19] >>> exp2_tinyimagenet_2024_hashemi_clipping_pca
  [full] bash examples/FlowConformal/experiments/run_cell.sh exp2_prob_scale.exp2_run_hashemi_clipping_pca --benchmark tinyimagenet_2024 --pca-components 32 --m 750 > examples/FlowConformal/experiments/exp2_prob_scale/outputs/exp2_tinyimagenet_2024_hashemi_clipping_pca.log
    [run_cell] complete. shell-killed timeouts and exits noted above; CSV row counts in the output file.
    
    [2026-05-03T23:59:41-05:00] === END:   exp2_tinyimagenet_2024_hashemi_clipping_pca (rc=0) ===

===================== PHASE 4: Exp 3 =====================
[23:59:41] >>> exp3_3d_banana_flow_unsat_ours
  [full] bash examples/FlowConformal/experiments/run_cell.sh exp3_synthetic.exp3_run_ours --benchmark 3d_banana --score flow --spec unsat > examples/FlowConformal/experiments/exp3_synthetic/outputs/exp3_3d_banana_flow_unsat_ours.log
    [run_cell] complete. shell-killed timeouts and exits noted above; CSV row counts in the output file.
    
    [2026-05-04T00:02:45-05:00] === END:   exp3_3d_banana_flow_unsat_ours (rc=0) ===
[00:02:45] >>> exp3_3d_banana_hyperrect_unsat_ours
  [full] bash examples/FlowConformal/experiments/run_cell.sh exp3_synthetic.exp3_run_ours --benchmark 3d_banana --score hyperrect --spec unsat > examples/FlowConformal/experiments/exp3_synthetic/outputs/exp3_3d_banana_hyperrect_unsat_ours.log
    [run_cell] complete. shell-killed timeouts and exits noted above; CSV row counts in the output file.
    
    [2026-05-04T00:03:36-05:00] === END:   exp3_3d_banana_hyperrect_unsat_ours (rc=0) ===
[00:03:36] >>> exp3_3d_banana_ellipsoid_unsat_ours
  [full] bash examples/FlowConformal/experiments/run_cell.sh exp3_synthetic.exp3_run_ours --benchmark 3d_banana --score ellipsoid --spec unsat > examples/FlowConformal/experiments/exp3_synthetic/outputs/exp3_3d_banana_ellipsoid_unsat_ours.log
    [run_cell] complete. shell-killed timeouts and exits noted above; CSV row counts in the output file.
    
    [2026-05-04T00:04:29-05:00] === END:   exp3_3d_banana_ellipsoid_unsat_ours (rc=0) ===
[00:04:29] >>> exp3_3d_banana_gmm_unsat_ours
  [full] bash examples/FlowConformal/experiments/run_cell.sh exp3_synthetic.exp3_run_ours --benchmark 3d_banana --score gmm --spec unsat > examples/FlowConformal/experiments/exp3_synthetic/outputs/exp3_3d_banana_gmm_unsat_ours.log
    [run_cell] complete. shell-killed timeouts and exits noted above; CSV row counts in the output file.
    
    [2026-05-04T00:05:25-05:00] === END:   exp3_3d_banana_gmm_unsat_ours (rc=0) ===
[00:05:25] >>> exp3_3d_banana_unsat_hashemi_clipping
  [full] bash examples/FlowConformal/experiments/run_cell.sh exp3_synthetic.exp3_run_hashemi_clipping --benchmark 3d_banana --spec unsat > examples/FlowConformal/experiments/exp3_synthetic/outputs/exp3_3d_banana_unsat_hashemi_clipping.log
    [run_cell] complete. shell-killed timeouts and exits noted above; CSV row counts in the output file.
    
    [2026-05-04T00:10:57-05:00] === END:   exp3_3d_banana_unsat_hashemi_clipping (rc=0) ===
[00:10:57] >>> exp3_3d_banana_flow_sat_ours
  [full] bash examples/FlowConformal/experiments/run_cell.sh exp3_synthetic.exp3_run_ours --benchmark 3d_banana --score flow --spec sat > examples/FlowConformal/experiments/exp3_synthetic/outputs/exp3_3d_banana_flow_sat_ours.log
    [run_cell] complete. shell-killed timeouts and exits noted above; CSV row counts in the output file.
    
    [2026-05-04T00:12:55-05:00] === END:   exp3_3d_banana_flow_sat_ours (rc=0) ===
[00:12:55] >>> exp3_3d_banana_hyperrect_sat_ours
  [full] bash examples/FlowConformal/experiments/run_cell.sh exp3_synthetic.exp3_run_ours --benchmark 3d_banana --score hyperrect --spec sat > examples/FlowConformal/experiments/exp3_synthetic/outputs/exp3_3d_banana_hyperrect_sat_ours.log
    [run_cell] complete. shell-killed timeouts and exits noted above; CSV row counts in the output file.
    
    [2026-05-04T00:13:46-05:00] === END:   exp3_3d_banana_hyperrect_sat_ours (rc=0) ===
[00:13:46] >>> exp3_3d_banana_ellipsoid_sat_ours
  [full] bash examples/FlowConformal/experiments/run_cell.sh exp3_synthetic.exp3_run_ours --benchmark 3d_banana --score ellipsoid --spec sat > examples/FlowConformal/experiments/exp3_synthetic/outputs/exp3_3d_banana_ellipsoid_sat_ours.log
    [run_cell] complete. shell-killed timeouts and exits noted above; CSV row counts in the output file.
    
    [2026-05-04T00:14:41-05:00] === END:   exp3_3d_banana_ellipsoid_sat_ours (rc=0) ===
[00:14:41] >>> exp3_3d_banana_gmm_sat_ours
  [full] bash examples/FlowConformal/experiments/run_cell.sh exp3_synthetic.exp3_run_ours --benchmark 3d_banana --score gmm --spec sat > examples/FlowConformal/experiments/exp3_synthetic/outputs/exp3_3d_banana_gmm_sat_ours.log
    [run_cell] complete. shell-killed timeouts and exits noted above; CSV row counts in the output file.
    
    [2026-05-04T00:15:37-05:00] === END:   exp3_3d_banana_gmm_sat_ours (rc=0) ===
[00:15:37] >>> exp3_3d_banana_sat_hashemi_clipping
  [full] bash examples/FlowConformal/experiments/run_cell.sh exp3_synthetic.exp3_run_hashemi_clipping --benchmark 3d_banana --spec sat > examples/FlowConformal/experiments/exp3_synthetic/outputs/exp3_3d_banana_sat_hashemi_clipping.log
    [run_cell] complete. shell-killed timeouts and exits noted above; CSV row counts in the output file.
    
    [2026-05-04T00:21:08-05:00] === END:   exp3_3d_banana_sat_hashemi_clipping (rc=0) ===
[00:21:08] >>> exp3_synth_5d_flow_unsat_ours
  [full] bash examples/FlowConformal/experiments/run_cell.sh exp3_synthetic.exp3_run_ours --benchmark synth_5d --score flow --spec unsat > examples/FlowConformal/experiments/exp3_synthetic/outputs/exp3_synth_5d_flow_unsat_ours.log
    [run_cell] complete. shell-killed timeouts and exits noted above; CSV row counts in the output file.
    
    [2026-05-04T00:25:15-05:00] === END:   exp3_synth_5d_flow_unsat_ours (rc=0) ===
[00:25:15] >>> exp3_synth_5d_hyperrect_unsat_ours
  [full] bash examples/FlowConformal/experiments/run_cell.sh exp3_synthetic.exp3_run_ours --benchmark synth_5d --score hyperrect --spec unsat > examples/FlowConformal/experiments/exp3_synthetic/outputs/exp3_synth_5d_hyperrect_unsat_ours.log
    [run_cell] complete. shell-killed timeouts and exits noted above; CSV row counts in the output file.
    
    [2026-05-04T00:25:38-05:00] === END:   exp3_synth_5d_hyperrect_unsat_ours (rc=0) ===
[00:25:38] >>> exp3_synth_5d_ellipsoid_unsat_ours
  [full] bash examples/FlowConformal/experiments/run_cell.sh exp3_synthetic.exp3_run_ours --benchmark synth_5d --score ellipsoid --spec unsat > examples/FlowConformal/experiments/exp3_synthetic/outputs/exp3_synth_5d_ellipsoid_unsat_ours.log
    [run_cell] complete. shell-killed timeouts and exits noted above; CSV row counts in the output file.
    
    [2026-05-04T00:26:02-05:00] === END:   exp3_synth_5d_ellipsoid_unsat_ours (rc=0) ===
[00:26:02] >>> exp3_synth_5d_gmm_unsat_ours
  [full] bash examples/FlowConformal/experiments/run_cell.sh exp3_synthetic.exp3_run_ours --benchmark synth_5d --score gmm --spec unsat > examples/FlowConformal/experiments/exp3_synthetic/outputs/exp3_synth_5d_gmm_unsat_ours.log
    [run_cell] complete. shell-killed timeouts and exits noted above; CSV row counts in the output file.
    
    [2026-05-04T00:26:30-05:00] === END:   exp3_synth_5d_gmm_unsat_ours (rc=0) ===
[00:26:30] >>> exp3_synth_5d_unsat_hashemi_clipping
  [full] bash examples/FlowConformal/experiments/run_cell.sh exp3_synthetic.exp3_run_hashemi_clipping --benchmark synth_5d --spec unsat > examples/FlowConformal/experiments/exp3_synthetic/outputs/exp3_synth_5d_unsat_hashemi_clipping.log
    [run_cell] complete. shell-killed timeouts and exits noted above; CSV row counts in the output file.
    
    [2026-05-04T00:32:45-05:00] === END:   exp3_synth_5d_unsat_hashemi_clipping (rc=0) ===
[00:32:45] >>> exp3_synth_5d_flow_sat_ours
  [full] bash examples/FlowConformal/experiments/run_cell.sh exp3_synthetic.exp3_run_ours --benchmark synth_5d --score flow --spec sat > examples/FlowConformal/experiments/exp3_synthetic/outputs/exp3_synth_5d_flow_sat_ours.log
    [run_cell] complete. shell-killed timeouts and exits noted above; CSV row counts in the output file.
    
    [2026-05-04T00:35:49-05:00] === END:   exp3_synth_5d_flow_sat_ours (rc=0) ===
[00:35:49] >>> exp3_synth_5d_hyperrect_sat_ours
  [full] bash examples/FlowConformal/experiments/run_cell.sh exp3_synthetic.exp3_run_ours --benchmark synth_5d --score hyperrect --spec sat > examples/FlowConformal/experiments/exp3_synthetic/outputs/exp3_synth_5d_hyperrect_sat_ours.log
    [run_cell] complete. shell-killed timeouts and exits noted above; CSV row counts in the output file.
    
    [2026-05-04T00:36:13-05:00] === END:   exp3_synth_5d_hyperrect_sat_ours (rc=0) ===
[00:36:13] >>> exp3_synth_5d_ellipsoid_sat_ours
  [full] bash examples/FlowConformal/experiments/run_cell.sh exp3_synthetic.exp3_run_ours --benchmark synth_5d --score ellipsoid --spec sat > examples/FlowConformal/experiments/exp3_synthetic/outputs/exp3_synth_5d_ellipsoid_sat_ours.log
    [run_cell] complete. shell-killed timeouts and exits noted above; CSV row counts in the output file.
    
    [2026-05-04T00:36:37-05:00] === END:   exp3_synth_5d_ellipsoid_sat_ours (rc=0) ===
[00:36:37] >>> exp3_synth_5d_gmm_sat_ours
  [full] bash examples/FlowConformal/experiments/run_cell.sh exp3_synthetic.exp3_run_ours --benchmark synth_5d --score gmm --spec sat > examples/FlowConformal/experiments/exp3_synthetic/outputs/exp3_synth_5d_gmm_sat_ours.log
    [run_cell] complete. shell-killed timeouts and exits noted above; CSV row counts in the output file.
    
    [2026-05-04T00:37:03-05:00] === END:   exp3_synth_5d_gmm_sat_ours (rc=0) ===
[00:37:03] >>> exp3_synth_5d_sat_hashemi_clipping
  [full] bash examples/FlowConformal/experiments/run_cell.sh exp3_synthetic.exp3_run_hashemi_clipping --benchmark synth_5d --spec sat > examples/FlowConformal/experiments/exp3_synthetic/outputs/exp3_synth_5d_sat_hashemi_clipping.log
    [run_cell] complete. shell-killed timeouts and exits noted above; CSV row counts in the output file.
    
    [2026-05-04T00:43:17-05:00] === END:   exp3_synth_5d_sat_hashemi_clipping (rc=0) ===
[00:43:17] >>> exp3_synth_10d_flow_unsat_ours
  [full] bash examples/FlowConformal/experiments/run_cell.sh exp3_synthetic.exp3_run_ours --benchmark synth_10d --score flow --spec unsat > examples/FlowConformal/experiments/exp3_synthetic/outputs/exp3_synth_10d_flow_unsat_ours.log
    [run_cell] complete. shell-killed timeouts and exits noted above; CSV row counts in the output file.
    
    [2026-05-04T00:47:35-05:00] === END:   exp3_synth_10d_flow_unsat_ours (rc=0) ===
[00:47:35] >>> exp3_synth_10d_hyperrect_unsat_ours
  [full] bash examples/FlowConformal/experiments/run_cell.sh exp3_synthetic.exp3_run_ours --benchmark synth_10d --score hyperrect --spec unsat > examples/FlowConformal/experiments/exp3_synthetic/outputs/exp3_synth_10d_hyperrect_unsat_ours.log
    [run_cell] complete. shell-killed timeouts and exits noted above; CSV row counts in the output file.
    
    [2026-05-04T00:47:58-05:00] === END:   exp3_synth_10d_hyperrect_unsat_ours (rc=0) ===
[00:47:58] >>> exp3_synth_10d_ellipsoid_unsat_ours
  [full] bash examples/FlowConformal/experiments/run_cell.sh exp3_synthetic.exp3_run_ours --benchmark synth_10d --score ellipsoid --spec unsat > examples/FlowConformal/experiments/exp3_synthetic/outputs/exp3_synth_10d_ellipsoid_unsat_ours.log
    [run_cell] complete. shell-killed timeouts and exits noted above; CSV row counts in the output file.
    
    [2026-05-04T00:48:23-05:00] === END:   exp3_synth_10d_ellipsoid_unsat_ours (rc=0) ===
[00:48:23] >>> exp3_synth_10d_gmm_unsat_ours
  [full] bash examples/FlowConformal/experiments/run_cell.sh exp3_synthetic.exp3_run_ours --benchmark synth_10d --score gmm --spec unsat > examples/FlowConformal/experiments/exp3_synthetic/outputs/exp3_synth_10d_gmm_unsat_ours.log
    [run_cell] complete. shell-killed timeouts and exits noted above; CSV row counts in the output file.
    
    [2026-05-04T00:48:50-05:00] === END:   exp3_synth_10d_gmm_unsat_ours (rc=0) ===
[00:48:50] >>> exp3_synth_10d_unsat_hashemi_clipping
  [full] bash examples/FlowConformal/experiments/run_cell.sh exp3_synthetic.exp3_run_hashemi_clipping --benchmark synth_10d --spec unsat > examples/FlowConformal/experiments/exp3_synthetic/outputs/exp3_synth_10d_unsat_hashemi_clipping.log
    [run_cell] complete. shell-killed timeouts and exits noted above; CSV row counts in the output file.
    
    [2026-05-04T00:58:53-05:00] === END:   exp3_synth_10d_unsat_hashemi_clipping (rc=0) ===
[00:58:53] >>> exp3_synth_10d_flow_sat_ours
  [full] bash examples/FlowConformal/experiments/run_cell.sh exp3_synthetic.exp3_run_ours --benchmark synth_10d --score flow --spec sat > examples/FlowConformal/experiments/exp3_synthetic/outputs/exp3_synth_10d_flow_sat_ours.log
    [run_cell] complete. shell-killed timeouts and exits noted above; CSV row counts in the output file.
    
    [2026-05-04T01:01:57-05:00] === END:   exp3_synth_10d_flow_sat_ours (rc=0) ===
[01:01:57] >>> exp3_synth_10d_hyperrect_sat_ours
  [full] bash examples/FlowConformal/experiments/run_cell.sh exp3_synthetic.exp3_run_ours --benchmark synth_10d --score hyperrect --spec sat > examples/FlowConformal/experiments/exp3_synthetic/outputs/exp3_synth_10d_hyperrect_sat_ours.log
    [run_cell] complete. shell-killed timeouts and exits noted above; CSV row counts in the output file.
    
    [2026-05-04T01:02:21-05:00] === END:   exp3_synth_10d_hyperrect_sat_ours (rc=0) ===
[01:02:21] >>> exp3_synth_10d_ellipsoid_sat_ours
  [full] bash examples/FlowConformal/experiments/run_cell.sh exp3_synthetic.exp3_run_ours --benchmark synth_10d --score ellipsoid --spec sat > examples/FlowConformal/experiments/exp3_synthetic/outputs/exp3_synth_10d_ellipsoid_sat_ours.log
    [run_cell] complete. shell-killed timeouts and exits noted above; CSV row counts in the output file.
    
    [2026-05-04T01:02:45-05:00] === END:   exp3_synth_10d_ellipsoid_sat_ours (rc=0) ===
[01:02:45] >>> exp3_synth_10d_gmm_sat_ours
  [full] bash examples/FlowConformal/experiments/run_cell.sh exp3_synthetic.exp3_run_ours --benchmark synth_10d --score gmm --spec sat > examples/FlowConformal/experiments/exp3_synthetic/outputs/exp3_synth_10d_gmm_sat_ours.log
    [run_cell] complete. shell-killed timeouts and exits noted above; CSV row counts in the output file.
    
    [2026-05-04T01:03:13-05:00] === END:   exp3_synth_10d_gmm_sat_ours (rc=0) ===
[01:03:13] >>> exp3_synth_10d_sat_hashemi_clipping
  [full] bash examples/FlowConformal/experiments/run_cell.sh exp3_synthetic.exp3_run_hashemi_clipping --benchmark synth_10d --spec sat > examples/FlowConformal/experiments/exp3_synthetic/outputs/exp3_synth_10d_sat_hashemi_clipping.log
    [run_cell] complete. shell-killed timeouts and exits noted above; CSV row counts in the output file.
    
    [2026-05-04T01:13:17-05:00] === END:   exp3_synth_10d_sat_hashemi_clipping (rc=0) ===
[01:13:17] >>> exp3_synth_20d_flow_unsat_ours
  [full] bash examples/FlowConformal/experiments/run_cell.sh exp3_synthetic.exp3_run_ours --benchmark synth_20d --score flow --spec unsat > examples/FlowConformal/experiments/exp3_synthetic/outputs/exp3_synth_20d_flow_unsat_ours.log
    [run_cell] complete. shell-killed timeouts and exits noted above; CSV row counts in the output file.
    
    [2026-05-04T01:17:32-05:00] === END:   exp3_synth_20d_flow_unsat_ours (rc=0) ===
[01:17:32] >>> exp3_synth_20d_hyperrect_unsat_ours
  [full] bash examples/FlowConformal/experiments/run_cell.sh exp3_synthetic.exp3_run_ours --benchmark synth_20d --score hyperrect --spec unsat > examples/FlowConformal/experiments/exp3_synthetic/outputs/exp3_synth_20d_hyperrect_unsat_ours.log
    [run_cell] complete. shell-killed timeouts and exits noted above; CSV row counts in the output file.
    
    [2026-05-04T01:17:55-05:00] === END:   exp3_synth_20d_hyperrect_unsat_ours (rc=0) ===
[01:17:55] >>> exp3_synth_20d_ellipsoid_unsat_ours
  [full] bash examples/FlowConformal/experiments/run_cell.sh exp3_synthetic.exp3_run_ours --benchmark synth_20d --score ellipsoid --spec unsat > examples/FlowConformal/experiments/exp3_synthetic/outputs/exp3_synth_20d_ellipsoid_unsat_ours.log
    [run_cell] complete. shell-killed timeouts and exits noted above; CSV row counts in the output file.
    
    [2026-05-04T01:18:19-05:00] === END:   exp3_synth_20d_ellipsoid_unsat_ours (rc=0) ===
[01:18:19] >>> exp3_synth_20d_gmm_unsat_ours
  [full] bash examples/FlowConformal/experiments/run_cell.sh exp3_synthetic.exp3_run_ours --benchmark synth_20d --score gmm --spec unsat > examples/FlowConformal/experiments/exp3_synthetic/outputs/exp3_synth_20d_gmm_unsat_ours.log
    [run_cell] complete. shell-killed timeouts and exits noted above; CSV row counts in the output file.
    
    [2026-05-04T01:18:47-05:00] === END:   exp3_synth_20d_gmm_unsat_ours (rc=0) ===
[01:18:47] >>> exp3_synth_20d_unsat_hashemi_clipping
  [full] bash examples/FlowConformal/experiments/run_cell.sh exp3_synthetic.exp3_run_hashemi_clipping --benchmark synth_20d --spec unsat > examples/FlowConformal/experiments/exp3_synthetic/outputs/exp3_synth_20d_unsat_hashemi_clipping.log
    [run_cell] complete. shell-killed timeouts and exits noted above; CSV row counts in the output file.
    
    [2026-05-04T01:38:43-05:00] === END:   exp3_synth_20d_unsat_hashemi_clipping (rc=0) ===
[01:38:43] >>> exp3_synth_20d_flow_sat_ours
  [full] bash examples/FlowConformal/experiments/run_cell.sh exp3_synthetic.exp3_run_ours --benchmark synth_20d --score flow --spec sat > examples/FlowConformal/experiments/exp3_synthetic/outputs/exp3_synth_20d_flow_sat_ours.log
    [run_cell] complete. shell-killed timeouts and exits noted above; CSV row counts in the output file.
    
    [2026-05-04T01:41:56-05:00] === END:   exp3_synth_20d_flow_sat_ours (rc=0) ===
[01:41:56] >>> exp3_synth_20d_hyperrect_sat_ours
  [full] bash examples/FlowConformal/experiments/run_cell.sh exp3_synthetic.exp3_run_ours --benchmark synth_20d --score hyperrect --spec sat > examples/FlowConformal/experiments/exp3_synthetic/outputs/exp3_synth_20d_hyperrect_sat_ours.log
    [run_cell] complete. shell-killed timeouts and exits noted above; CSV row counts in the output file.
    
    [2026-05-04T01:42:20-05:00] === END:   exp3_synth_20d_hyperrect_sat_ours (rc=0) ===
[01:42:20] >>> exp3_synth_20d_ellipsoid_sat_ours
  [full] bash examples/FlowConformal/experiments/run_cell.sh exp3_synthetic.exp3_run_ours --benchmark synth_20d --score ellipsoid --spec sat > examples/FlowConformal/experiments/exp3_synthetic/outputs/exp3_synth_20d_ellipsoid_sat_ours.log
    [run_cell] complete. shell-killed timeouts and exits noted above; CSV row counts in the output file.
    
    [2026-05-04T01:42:44-05:00] === END:   exp3_synth_20d_ellipsoid_sat_ours (rc=0) ===
[01:42:44] >>> exp3_synth_20d_gmm_sat_ours
  [full] bash examples/FlowConformal/experiments/run_cell.sh exp3_synthetic.exp3_run_ours --benchmark synth_20d --score gmm --spec sat > examples/FlowConformal/experiments/exp3_synthetic/outputs/exp3_synth_20d_gmm_sat_ours.log
    [run_cell] complete. shell-killed timeouts and exits noted above; CSV row counts in the output file.
    
    [2026-05-04T01:43:12-05:00] === END:   exp3_synth_20d_gmm_sat_ours (rc=0) ===
[01:43:12] >>> exp3_synth_20d_sat_hashemi_clipping
  [full] bash examples/FlowConformal/experiments/run_cell.sh exp3_synthetic.exp3_run_hashemi_clipping --benchmark synth_20d --spec sat > examples/FlowConformal/experiments/exp3_synthetic/outputs/exp3_synth_20d_sat_hashemi_clipping.log
    [run_cell] complete. shell-killed timeouts and exits noted above; CSV row counts in the output file.
    
    [2026-05-04T02:03:07-05:00] === END:   exp3_synth_20d_sat_hashemi_clipping (rc=0) ===

===================== PHASE 5b: Exp 1 SaVer re-run (fixed delta=0.05) =====================
[02:03:07] >>> exp1_acasxu_2023_saver
  [full] bash examples/FlowConformal/experiments/run_cell.sh exp1_vnncomp_subset.exp1_run_saver --benchmark acasxu_2023 > examples/FlowConformal/experiments/exp1_vnncomp_subset/outputs/exp1_acasxu_2023_saver.log
    [run_cell] complete. shell-killed timeouts and exits noted above; CSV row counts in the output file.
    
    [2026-05-04T02:10:00-05:00] === END:   exp1_acasxu_2023_saver (rc=0) ===
[02:10:00] >>> exp1_collins_rul_cnn_2022_saver
  [full] bash examples/FlowConformal/experiments/run_cell.sh exp1_vnncomp_subset.exp1_run_saver --benchmark collins_rul_cnn_2022 > examples/FlowConformal/experiments/exp1_vnncomp_subset/outputs/exp1_collins_rul_cnn_2022_saver.log
    [run_cell] complete. shell-killed timeouts and exits noted above; CSV row counts in the output file.
    
    [2026-05-04T02:16:26-05:00] === END:   exp1_collins_rul_cnn_2022_saver (rc=0) ===
[02:16:26] >>> exp1_dist_shift_2023_saver
  [full] bash examples/FlowConformal/experiments/run_cell.sh exp1_vnncomp_subset.exp1_run_saver --benchmark dist_shift_2023 > examples/FlowConformal/experiments/exp1_vnncomp_subset/outputs/exp1_dist_shift_2023_saver.log
    [run_cell] complete. shell-killed timeouts and exits noted above; CSV row counts in the output file.
    
    [2026-05-04T02:22:12-05:00] === END:   exp1_dist_shift_2023_saver (rc=0) ===
[02:22:12] >>> exp1_linearizenn_2024_saver
  [full] bash examples/FlowConformal/experiments/run_cell.sh exp1_vnncomp_subset.exp1_run_saver --benchmark linearizenn_2024 > examples/FlowConformal/experiments/exp1_vnncomp_subset/outputs/exp1_linearizenn_2024_saver.log
    [run_cell] complete. shell-killed timeouts and exits noted above; CSV row counts in the output file.
    
    [2026-05-04T02:26:34-05:00] === END:   exp1_linearizenn_2024_saver (rc=0) ===
[02:26:34] >>> exp1_tllverify_2023_saver
  [full] bash examples/FlowConformal/experiments/run_cell.sh exp1_vnncomp_subset.exp1_run_saver --benchmark tllverify_2023 > examples/FlowConformal/experiments/exp1_vnncomp_subset/outputs/exp1_tllverify_2023_saver.log
    [run_cell] complete. shell-killed timeouts and exits noted above; CSV row counts in the output file.
    
    [2026-05-04T02:30:21-05:00] === END:   exp1_tllverify_2023_saver (rc=0) ===

===================== PHASE 6: Exp 1 metaroom (ours+hashemi-PCA+saver) =====================
[02:30:21] >>> exp1_metaroom_2023_ours
  [full] bash examples/FlowConformal/experiments/run_cell.sh exp1_vnncomp_subset.exp1_run_ours --benchmark metaroom_2023 > examples/FlowConformal/experiments/exp1_vnncomp_subset/outputs/exp1_metaroom_2023_ours.log
    [run_cell] complete. shell-killed timeouts and exits noted above; CSV row counts in the output file.
    
    [2026-05-04T04:37:04-05:00] === END:   exp1_metaroom_2023_ours (rc=0) ===
[04:37:04] >>> exp1_metaroom_2023_hashemi_clipping_pca
  [full] bash examples/FlowConformal/experiments/run_cell.sh exp1_vnncomp_subset.exp1_run_hashemi_clipping_pca --benchmark metaroom_2023 --pca-components 10 > examples/FlowConformal/experiments/exp1_vnncomp_subset/outputs/exp1_metaroom_2023_hashemi_clipping_pca.log
    [run_cell] complete. shell-killed timeouts and exits noted above; CSV row counts in the output file.
    
    [2026-05-04T09:23:12-05:00] === END:   exp1_metaroom_2023_hashemi_clipping_pca (rc=0) ===
[09:23:12] >>> exp1_metaroom_2023_saver
  [full] bash examples/FlowConformal/experiments/run_cell.sh exp1_vnncomp_subset.exp1_run_saver --benchmark metaroom_2023 > examples/FlowConformal/experiments/exp1_vnncomp_subset/outputs/exp1_metaroom_2023_saver.log
    [run_cell] complete. shell-killed timeouts and exits noted above; CSV row counts in the output file.
    
    [2026-05-04T12:37:19-05:00] === END:   exp1_metaroom_2023_saver (rc=0) ===

===================== PHASE 6': Exp 1 lsnc_relu (ours+hashemi) =====================
[12:37:19] >>> exp1_lsnc_relu_ours
  [full] bash examples/FlowConformal/experiments/run_cell.sh exp1_vnncomp_subset.exp1_run_ours --benchmark lsnc_relu > examples/FlowConformal/experiments/exp1_vnncomp_subset/outputs/exp1_lsnc_relu_ours.log
    [run_cell] complete. shell-killed timeouts and exits noted above; CSV row counts in the output file.
    
    [2026-05-04T13:30:21-05:00] === END:   exp1_lsnc_relu_ours (rc=0) ===
[13:30:21] >>> exp1_lsnc_relu_hashemi_clipping
  [full] bash examples/FlowConformal/experiments/run_cell.sh exp1_vnncomp_subset.exp1_run_hashemi_clipping --benchmark lsnc_relu > examples/FlowConformal/experiments/exp1_vnncomp_subset/outputs/exp1_lsnc_relu_hashemi_clipping.log
    [run_cell] complete. shell-killed timeouts and exits noted above; CSV row counts in the output file.
    
    [2026-05-04T14:15:10-05:00] === END:   exp1_lsnc_relu_hashemi_clipping (rc=0) ===

===================== PHASE 6': Exp 1 relusplitter (ours+hashemi) =====================
[14:15:10] >>> exp1_relusplitter_ours
  [full] bash examples/FlowConformal/experiments/run_cell.sh exp1_vnncomp_subset.exp1_run_ours --benchmark relusplitter > examples/FlowConformal/experiments/exp1_vnncomp_subset/outputs/exp1_relusplitter_ours.log
