nohup: ignoring input

===================== PHASE A: ours on Exp 2 (cifar100, tinyimagenet, vit) — resume from idx 100, run through n=201 =====================
[23:32:22] >>> exp2_cifar100_2024_ours (START_IDX=100)
  [full] START_IDX=100 bash examples/FlowConformal/experiments/run_cell.sh exp2_prob_scale.exp2_run_ours --benchmark cifar100_2024 --n-instances 201 > examples/FlowConformal/experiments/exp2_prob_scale/outputs/exp2_cifar100_2024_ours.log
    [run_cell] complete. shell-killed timeouts and exits noted above; CSV row counts in the output file.
    
    [2026-05-05T01:28:00-05:00] === END:   exp2_cifar100_2024_ours (rc=0) ===
[01:28:00] >>> exp2_tinyimagenet_2024_ours (START_IDX=100)
  [full] START_IDX=100 bash examples/FlowConformal/experiments/run_cell.sh exp2_prob_scale.exp2_run_ours --benchmark tinyimagenet_2024 --n-instances 201 > examples/FlowConformal/experiments/exp2_prob_scale/outputs/exp2_tinyimagenet_2024_ours.log
    [run_cell] complete. shell-killed timeouts and exits noted above; CSV row counts in the output file.
    
    [2026-05-05T03:29:35-05:00] === END:   exp2_tinyimagenet_2024_ours (rc=0) ===
[03:29:35] >>> exp2_vit_2023_ours (START_IDX=100)
  [full] START_IDX=100 bash examples/FlowConformal/experiments/run_cell.sh exp2_prob_scale.exp2_run_ours --benchmark vit_2023 --n-instances 201 > examples/FlowConformal/experiments/exp2_prob_scale/outputs/exp2_vit_2023_ours.log
    [run_cell] complete. shell-killed timeouts and exits noted above; CSV row counts in the output file.
    
    [2026-05-05T05:33:14-05:00] === END:   exp2_vit_2023_ours (rc=0) ===

===================== PHASE B: Hashemi-PCA m=2500 on Exp 2 (cifar100, tinyimagenet, vit) at n=201 =====================
[05:33:14] >>> exp2_cifar100_2024_hashemi_clipping_pca
  [full] bash examples/FlowConformal/experiments/run_cell.sh exp2_prob_scale.exp2_run_hashemi_clipping_pca --benchmark cifar100_2024 --pca-components 32 --m 2500 --n-instances 201 > examples/FlowConformal/experiments/exp2_prob_scale/outputs/exp2_cifar100_2024_hashemi_clipping_pca.log
    [run_cell] complete. shell-killed timeouts and exits noted above; CSV row counts in the output file.
    
    [2026-05-05T08:33:34-05:00] === END:   exp2_cifar100_2024_hashemi_clipping_pca (rc=0) ===
[08:33:34] >>> exp2_tinyimagenet_2024_hashemi_clipping_pca
  [full] bash examples/FlowConformal/experiments/run_cell.sh exp2_prob_scale.exp2_run_hashemi_clipping_pca --benchmark tinyimagenet_2024 --pca-components 32 --m 2500 --n-instances 201 > examples/FlowConformal/experiments/exp2_prob_scale/outputs/exp2_tinyimagenet_2024_hashemi_clipping_pca.log
    [run_cell] complete. shell-killed timeouts and exits noted above; CSV row counts in the output file.
    
    [2026-05-05T11:31:12-05:00] === END:   exp2_tinyimagenet_2024_hashemi_clipping_pca (rc=0) ===
[11:31:12] >>> exp2_vit_2023_hashemi_clipping_pca
  [full] bash examples/FlowConformal/experiments/run_cell.sh exp2_prob_scale.exp2_run_hashemi_clipping_pca --benchmark vit_2023 --pca-components 32 --m 2500 --n-instances 201 > examples/FlowConformal/experiments/exp2_prob_scale/outputs/exp2_vit_2023_hashemi_clipping_pca.log
    [run_cell] complete. shell-killed timeouts and exits noted above; CSV row counts in the output file.
    
    [2026-05-05T12:41:37-05:00] === END:   exp2_vit_2023_hashemi_clipping_pca (rc=0) ===

===================== PHASE C: SaVer on Exp 2 (cifar100, tinyimagenet, vit) at n=201 =====================
[12:41:37] >>> exp2_cifar100_2024_saver
  [full] bash examples/FlowConformal/experiments/run_cell.sh exp2_prob_scale.exp2_run_saver --benchmark cifar100_2024 --n-instances 201 > examples/FlowConformal/experiments/exp2_prob_scale/outputs/exp2_cifar100_2024_saver.log
    [run_cell] complete. shell-killed timeouts and exits noted above; CSV row counts in the output file.
    
    [2026-05-05T14:52:23-05:00] === END:   exp2_cifar100_2024_saver (rc=0) ===
[14:52:23] >>> exp2_tinyimagenet_2024_saver
  [full] bash examples/FlowConformal/experiments/run_cell.sh exp2_prob_scale.exp2_run_saver --benchmark tinyimagenet_2024 --n-instances 201 > examples/FlowConformal/experiments/exp2_prob_scale/outputs/exp2_tinyimagenet_2024_saver.log
    [run_cell] complete. shell-killed timeouts and exits noted above; CSV row counts in the output file.
    
    [2026-05-05T17:28:44-05:00] === END:   exp2_tinyimagenet_2024_saver (rc=0) ===
[17:28:44] >>> exp2_vit_2023_saver
  [full] bash examples/FlowConformal/experiments/run_cell.sh exp2_prob_scale.exp2_run_saver --benchmark vit_2023 --n-instances 201 > examples/FlowConformal/experiments/exp2_prob_scale/outputs/exp2_vit_2023_saver.log
    [run_cell] complete. shell-killed timeouts and exits noted above; CSV row counts in the output file.
    
    [2026-05-05T18:02:04-05:00] === END:   exp2_vit_2023_saver (rc=0) ===

===================== PHASE D: SaVer on Exp 1 acasxu_2023 — resume from idx 100, run through n=186 =====================
[18:02:04] >>> exp1_acasxu_2023_saver (START_IDX=100)
  [full] START_IDX=100 bash examples/FlowConformal/experiments/run_cell.sh exp1_vnncomp_subset.exp1_run_saver --benchmark acasxu_2023 --n-instances 186 > examples/FlowConformal/experiments/exp1_vnncomp_subset/outputs/exp1_acasxu_2023_saver.log
    [run_cell] complete. shell-killed timeouts and exits noted above; CSV row counts in the output file.
    
    [2026-05-05T18:08:01-05:00] === END:   exp1_acasxu_2023_saver (rc=0) ===

===================== PHASE E: ProbStar on Exp 1 (6 benchmarks) + Exp 2 (3 benchmarks) =====================
[18:08:01] >>> exp1_acasxu_2023_probstar
  [full] bash examples/FlowConformal/experiments/run_cell.sh exp1_vnncomp_subset.exp1_run_probstar --benchmark acasxu_2023 > examples/FlowConformal/experiments/exp1_vnncomp_subset/outputs/exp1_acasxu_2023_probstar.log
    [run_cell] complete. shell-killed timeouts and exits noted above; CSV row counts in the output file.
    
    [2026-05-05T18:33:23-05:00] === END:   exp1_acasxu_2023_probstar (rc=0) ===
[18:33:23] >>> exp1_collins_rul_cnn_2022_probstar
  [full] bash examples/FlowConformal/experiments/run_cell.sh exp1_vnncomp_subset.exp1_run_probstar --benchmark collins_rul_cnn_2022 > examples/FlowConformal/experiments/exp1_vnncomp_subset/outputs/exp1_collins_rul_cnn_2022_probstar.log
    [run_cell] complete. shell-killed timeouts and exits noted above; CSV row counts in the output file.
    
    [2026-05-05T18:41:50-05:00] === END:   exp1_collins_rul_cnn_2022_probstar (rc=0) ===
[18:41:50] >>> exp1_dist_shift_2023_probstar
  [full] bash examples/FlowConformal/experiments/run_cell.sh exp1_vnncomp_subset.exp1_run_probstar --benchmark dist_shift_2023 > examples/FlowConformal/experiments/exp1_vnncomp_subset/outputs/exp1_dist_shift_2023_probstar.log
    [run_cell] complete. shell-killed timeouts and exits noted above; CSV row counts in the output file.
    
    [2026-05-05T18:51:38-05:00] === END:   exp1_dist_shift_2023_probstar (rc=0) ===
[18:51:38] >>> exp1_linearizenn_2024_probstar
  [full] bash examples/FlowConformal/experiments/run_cell.sh exp1_vnncomp_subset.exp1_run_probstar --benchmark linearizenn_2024 > examples/FlowConformal/experiments/exp1_vnncomp_subset/outputs/exp1_linearizenn_2024_probstar.log
    [run_cell] complete. shell-killed timeouts and exits noted above; CSV row counts in the output file.
    
    [2026-05-05T18:59:49-05:00] === END:   exp1_linearizenn_2024_probstar (rc=0) ===
[18:59:49] >>> exp1_metaroom_2023_probstar
  [full] bash examples/FlowConformal/experiments/run_cell.sh exp1_vnncomp_subset.exp1_run_probstar --benchmark metaroom_2023 > examples/FlowConformal/experiments/exp1_vnncomp_subset/outputs/exp1_metaroom_2023_probstar.log
    [run_cell] complete. shell-killed timeouts and exits noted above; CSV row counts in the output file.
    
    [2026-05-05T19:13:37-05:00] === END:   exp1_metaroom_2023_probstar (rc=0) ===
[19:13:37] >>> exp1_tllverify_2023_probstar
  [full] bash examples/FlowConformal/experiments/run_cell.sh exp1_vnncomp_subset.exp1_run_probstar --benchmark tllverify_2023 > examples/FlowConformal/experiments/exp1_vnncomp_subset/outputs/exp1_tllverify_2023_probstar.log
    [run_cell] complete. shell-killed timeouts and exits noted above; CSV row counts in the output file.
    
    [2026-05-05T19:18:36-05:00] === END:   exp1_tllverify_2023_probstar (rc=0) ===
[19:18:36] >>> exp2_cifar100_2024_probstar
  [full] bash examples/FlowConformal/experiments/run_cell.sh exp2_prob_scale.exp2_run_probstar --benchmark cifar100_2024 --n-instances 201 > examples/FlowConformal/experiments/exp2_prob_scale/outputs/exp2_cifar100_2024_probstar.log
    [run_cell] complete. shell-killed timeouts and exits noted above; CSV row counts in the output file.
    
    [2026-05-05T19:46:03-05:00] === END:   exp2_cifar100_2024_probstar (rc=0) ===
[19:46:03] >>> exp2_tinyimagenet_2024_probstar
  [full] bash examples/FlowConformal/experiments/run_cell.sh exp2_prob_scale.exp2_run_probstar --benchmark tinyimagenet_2024 --n-instances 201 > examples/FlowConformal/experiments/exp2_prob_scale/outputs/exp2_tinyimagenet_2024_probstar.log
    [run_cell] complete. shell-killed timeouts and exits noted above; CSV row counts in the output file.
    
    [2026-05-05T20:13:36-05:00] === END:   exp2_tinyimagenet_2024_probstar (rc=0) ===
[20:13:36] >>> exp2_vit_2023_probstar
  [full] bash examples/FlowConformal/experiments/run_cell.sh exp2_prob_scale.exp2_run_probstar --benchmark vit_2023 --n-instances 201 > examples/FlowConformal/experiments/exp2_prob_scale/outputs/exp2_vit_2023_probstar.log
    [run_cell] complete. shell-killed timeouts and exits noted above; CSV row counts in the output file.
    
    [2026-05-05T20:40:44-05:00] === END:   exp2_vit_2023_probstar (rc=0) ===

===================== PHASE F: RS on Exp 2 (cifar100 RESUME + try vit/tinyimagenet fresh) =====================
[20:40:44] >>> exp2_cifar100_2024_rs (START_IDX=100)
  [full] START_IDX=100 bash examples/FlowConformal/experiments/run_cell.sh exp2_prob_scale.exp2_run_rs --benchmark cifar100_2024 --n-instances 201 > examples/FlowConformal/experiments/exp2_prob_scale/outputs/exp2_cifar100_2024_rs.log
    [run_cell] complete. shell-killed timeouts and exits noted above; CSV row counts in the output file.
    
    [2026-05-05T20:54:18-05:00] === END:   exp2_cifar100_2024_rs (rc=0) ===
[20:54:18] >>> exp2_vit_2023_rs
  [full] bash examples/FlowConformal/experiments/run_cell.sh exp2_prob_scale.exp2_run_rs --benchmark vit_2023 --n-instances 201 > examples/FlowConformal/experiments/exp2_prob_scale/outputs/exp2_vit_2023_rs.log
  EXIT NON-ZERO (2) — see examples/FlowConformal/experiments/exp2_prob_scale/outputs/exp2_vit_2023_rs.log
[20:54:20] >>> exp2_tinyimagenet_2024_rs
  [full] bash examples/FlowConformal/experiments/run_cell.sh exp2_prob_scale.exp2_run_rs --benchmark tinyimagenet_2024 --n-instances 201 > examples/FlowConformal/experiments/exp2_prob_scale/outputs/exp2_tinyimagenet_2024_rs.log
  EXIT NON-ZERO (2) — see examples/FlowConformal/experiments/exp2_prob_scale/outputs/exp2_tinyimagenet_2024_rs.log

[20:54:22] === run_all_remaining complete ===
