nohup: ignoring input

===================== PHASE 5b: Exp 1 SaVer re-run (fixed delta=0.05) =====================
[14:55:51] >>> exp1_acasxu_2023_saver
  [full] bash examples/FlowConformal/experiments/run_cell.sh exp1_vnncomp_subset.exp1_run_saver --benchmark acasxu_2023 > examples/FlowConformal/experiments/exp1_vnncomp_subset/outputs/exp1_acasxu_2023_saver.log
    [run_cell] complete. shell-killed timeouts and exits noted above; CSV row counts in the output file.
    
    [2026-05-04T15:02:48-05:00] === END:   exp1_acasxu_2023_saver (rc=0) ===
[15:02:48] >>> exp1_collins_rul_cnn_2022_saver
  [full] bash examples/FlowConformal/experiments/run_cell.sh exp1_vnncomp_subset.exp1_run_saver --benchmark collins_rul_cnn_2022 > examples/FlowConformal/experiments/exp1_vnncomp_subset/outputs/exp1_collins_rul_cnn_2022_saver.log
    [run_cell] complete. shell-killed timeouts and exits noted above; CSV row counts in the output file.
    
    [2026-05-04T15:09:15-05:00] === END:   exp1_collins_rul_cnn_2022_saver (rc=0) ===
[15:09:15] >>> exp1_dist_shift_2023_saver
  [full] bash examples/FlowConformal/experiments/run_cell.sh exp1_vnncomp_subset.exp1_run_saver --benchmark dist_shift_2023 > examples/FlowConformal/experiments/exp1_vnncomp_subset/outputs/exp1_dist_shift_2023_saver.log
    [run_cell] complete. shell-killed timeouts and exits noted above; CSV row counts in the output file.
    
    [2026-05-04T15:15:02-05:00] === END:   exp1_dist_shift_2023_saver (rc=0) ===
[15:15:02] >>> exp1_linearizenn_2024_saver
  [full] bash examples/FlowConformal/experiments/run_cell.sh exp1_vnncomp_subset.exp1_run_saver --benchmark linearizenn_2024 > examples/FlowConformal/experiments/exp1_vnncomp_subset/outputs/exp1_linearizenn_2024_saver.log
    [run_cell] complete. shell-killed timeouts and exits noted above; CSV row counts in the output file.
    
    [2026-05-04T15:19:25-05:00] === END:   exp1_linearizenn_2024_saver (rc=0) ===
[15:19:25] >>> exp1_tllverify_2023_saver
  [full] bash examples/FlowConformal/experiments/run_cell.sh exp1_vnncomp_subset.exp1_run_saver --benchmark tllverify_2023 > examples/FlowConformal/experiments/exp1_vnncomp_subset/outputs/exp1_tllverify_2023_saver.log
    [run_cell] complete. shell-killed timeouts and exits noted above; CSV row counts in the output file.
    
    [2026-05-04T15:23:13-05:00] === END:   exp1_tllverify_2023_saver (rc=0) ===

===================== PHASE 6b: metaroom OURS re-run (strict gate restored) =====================
[15:23:13] >>> exp1_metaroom_2023_ours
  [full] bash examples/FlowConformal/experiments/run_cell.sh exp1_vnncomp_subset.exp1_run_ours --benchmark metaroom_2023 > examples/FlowConformal/experiments/exp1_vnncomp_subset/outputs/exp1_metaroom_2023_ours.log
    [run_cell] complete. shell-killed timeouts and exits noted above; CSV row counts in the output file.
    
    [2026-05-04T17:29:37-05:00] === END:   exp1_metaroom_2023_ours (rc=0) ===

===================== PHASE 6b: lsnc_relu OURS re-run (strict gate restored) =====================
[17:29:37] >>> exp1_lsnc_relu_ours
  [full] bash examples/FlowConformal/experiments/run_cell.sh exp1_vnncomp_subset.exp1_run_ours --benchmark lsnc_relu > examples/FlowConformal/experiments/exp1_vnncomp_subset/outputs/exp1_lsnc_relu_ours.log
