nohup: ignoring input

===================== PHASE 1: Exp 1 ours+hashemi (5 core benchmarks) =====================
[18:53:11] >>> exp1_acasxu_2023_ours
  [full] bash examples/FlowConformal/experiments/run_cell.sh exp1_vnncomp_subset.exp1_run_ours --benchmark acasxu_2023 > examples/FlowConformal/experiments/exp1_vnncomp_subset/outputs/exp1_acasxu_2023_ours.log
    [run_cell] complete. shell-killed timeouts and exits noted above; CSV row counts in the output file.
    
    [2026-05-01T21:16:56-05:00] === END:   exp1_acasxu_2023_ours (rc=0) ===
[21:16:56] >>> exp1_acasxu_2023_hashemi_clipping
  [full] bash examples/FlowConformal/experiments/run_cell.sh exp1_vnncomp_subset.exp1_run_hashemi_clipping --benchmark acasxu_2023 > examples/FlowConformal/experiments/exp1_vnncomp_subset/outputs/exp1_acasxu_2023_hashemi_clipping.log
    [run_cell] complete. shell-killed timeouts and exits noted above; CSV row counts in the output file.
    
    [2026-05-02T01:16:28-05:00] === END:   exp1_acasxu_2023_hashemi_clipping (rc=0) ===
[01:16:28] >>> exp1_collins_rul_cnn_2022_ours
  [full] bash examples/FlowConformal/experiments/run_cell.sh exp1_vnncomp_subset.exp1_run_ours --benchmark collins_rul_cnn_2022 > examples/FlowConformal/experiments/exp1_vnncomp_subset/outputs/exp1_collins_rul_cnn_2022_ours.log
    [run_cell] complete. shell-killed timeouts and exits noted above; CSV row counts in the output file.
    
    [2026-05-02T01:36:24-05:00] === END:   exp1_collins_rul_cnn_2022_ours (rc=0) ===
[01:36:24] >>> exp1_collins_rul_cnn_2022_hashemi_clipping
  [full] bash examples/FlowConformal/experiments/run_cell.sh exp1_vnncomp_subset.exp1_run_hashemi_clipping --benchmark collins_rul_cnn_2022 > examples/FlowConformal/experiments/exp1_vnncomp_subset/outputs/exp1_collins_rul_cnn_2022_hashemi_clipping.log
    [run_cell] complete. shell-killed timeouts and exits noted above; CSV row counts in the output file.
    
    [2026-05-02T02:10:28-05:00] === END:   exp1_collins_rul_cnn_2022_hashemi_clipping (rc=0) ===
[02:10:28] >>> exp1_dist_shift_2023_ours
  [full] bash examples/FlowConformal/experiments/run_cell.sh exp1_vnncomp_subset.exp1_run_ours --benchmark dist_shift_2023 > examples/FlowConformal/experiments/exp1_vnncomp_subset/outputs/exp1_dist_shift_2023_ours.log
    [run_cell] complete. shell-killed timeouts and exits noted above; CSV row counts in the output file.
    
    [2026-05-02T03:30:38-05:00] === END:   exp1_dist_shift_2023_ours (rc=0) ===
[03:30:38] >>> exp1_dist_shift_2023_hashemi_clipping
  [full] bash examples/FlowConformal/experiments/run_cell.sh exp1_vnncomp_subset.exp1_run_hashemi_clipping --benchmark dist_shift_2023 > examples/FlowConformal/experiments/exp1_vnncomp_subset/outputs/exp1_dist_shift_2023_hashemi_clipping.log
    [run_cell] complete. shell-killed timeouts and exits noted above; CSV row counts in the output file.
    
    [2026-05-02T05:55:21-05:00] === END:   exp1_dist_shift_2023_hashemi_clipping (rc=0) ===
[05:55:21] >>> exp1_linearizenn_2024_ours
  [full] bash examples/FlowConformal/experiments/run_cell.sh exp1_vnncomp_subset.exp1_run_ours --benchmark linearizenn_2024 > examples/FlowConformal/experiments/exp1_vnncomp_subset/outputs/exp1_linearizenn_2024_ours.log
    [run_cell] complete. shell-killed timeouts and exits noted above; CSV row counts in the output file.
    
    [2026-05-02T07:18:54-05:00] === END:   exp1_linearizenn_2024_ours (rc=0) ===
[07:18:54] >>> exp1_linearizenn_2024_hashemi_clipping
  [full] bash examples/FlowConformal/experiments/run_cell.sh exp1_vnncomp_subset.exp1_run_hashemi_clipping --benchmark linearizenn_2024 > examples/FlowConformal/experiments/exp1_vnncomp_subset/outputs/exp1_linearizenn_2024_hashemi_clipping.log
    [run_cell] complete. shell-killed timeouts and exits noted above; CSV row counts in the output file.
    
    [2026-05-02T08:24:00-05:00] === END:   exp1_linearizenn_2024_hashemi_clipping (rc=0) ===
[08:24:00] >>> exp1_tllverify_2023_ours
  [full] bash examples/FlowConformal/experiments/run_cell.sh exp1_vnncomp_subset.exp1_run_ours --benchmark tllverify_2023 > examples/FlowConformal/experiments/exp1_vnncomp_subset/outputs/exp1_tllverify_2023_ours.log
    [run_cell] complete. shell-killed timeouts and exits noted above; CSV row counts in the output file.
    
    [2026-05-02T08:46:08-05:00] === END:   exp1_tllverify_2023_ours (rc=0) ===
[08:46:08] >>> exp1_tllverify_2023_hashemi_clipping
  [full] bash examples/FlowConformal/experiments/run_cell.sh exp1_vnncomp_subset.exp1_run_hashemi_clipping --benchmark tllverify_2023 > examples/FlowConformal/experiments/exp1_vnncomp_subset/outputs/exp1_tllverify_2023_hashemi_clipping.log
    [run_cell] complete. shell-killed timeouts and exits noted above; CSV row counts in the output file.
    
    [2026-05-02T09:02:51-05:00] === END:   exp1_tllverify_2023_hashemi_clipping (rc=0) ===

===================== PHASE 2: Exp 2 Tier-A =====================
[09:02:51] >>> exp2_vit_2023_ours
  [full] bash examples/FlowConformal/experiments/run_cell.sh exp2_prob_scale.exp2_run_ours --benchmark vit_2023 > examples/FlowConformal/experiments/exp2_prob_scale/outputs/exp2_vit_2023_ours.log
    [run_cell] complete. shell-killed timeouts and exits noted above; CSV row counts in the output file.
    
    [2026-05-02T11:07:42-05:00] === END:   exp2_vit_2023_ours (rc=0) ===
[11:07:42] >>> exp2_vit_2023_hashemi_clipping
  [full] bash examples/FlowConformal/experiments/run_cell.sh exp2_prob_scale.exp2_run_hashemi_clipping --benchmark vit_2023 > examples/FlowConformal/experiments/exp2_prob_scale/outputs/exp2_vit_2023_hashemi_clipping.log
    [run_cell] complete. shell-killed timeouts and exits noted above; CSV row counts in the output file.
    
    [2026-05-02T14:21:44-05:00] === END:   exp2_vit_2023_hashemi_clipping (rc=0) ===
[14:21:44] >>> exp2_tinyimagenet_2024_ours
  [full] bash examples/FlowConformal/experiments/run_cell.sh exp2_prob_scale.exp2_run_ours --benchmark tinyimagenet_2024 > examples/FlowConformal/experiments/exp2_prob_scale/outputs/exp2_tinyimagenet_2024_ours.log
    [run_cell] complete. shell-killed timeouts and exits noted above; CSV row counts in the output file.
    
    [2026-05-02T16:13:16-05:00] === END:   exp2_tinyimagenet_2024_ours (rc=0) ===
[16:13:16] >>> exp2_tinyimagenet_2024_hashemi_clipping
  [full] bash examples/FlowConformal/experiments/run_cell.sh exp2_prob_scale.exp2_run_hashemi_clipping --benchmark tinyimagenet_2024 > examples/FlowConformal/experiments/exp2_prob_scale/outputs/exp2_tinyimagenet_2024_hashemi_clipping.log
    [run_cell] complete. shell-killed timeouts and exits noted above; CSV row counts in the output file.
    
    [2026-05-02T19:53:02-05:00] === END:   exp2_tinyimagenet_2024_hashemi_clipping (rc=0) ===
[19:53:02] >>> exp2_cifar100_2024_ours
  [full] bash examples/FlowConformal/experiments/run_cell.sh exp2_prob_scale.exp2_run_ours --benchmark cifar100_2024 > examples/FlowConformal/experiments/exp2_prob_scale/outputs/exp2_cifar100_2024_ours.log
    [run_cell] complete. shell-killed timeouts and exits noted above; CSV row counts in the output file.
    
    [2026-05-02T21:46:35-05:00] === END:   exp2_cifar100_2024_ours (rc=0) ===
[21:46:35] >>> exp2_cifar100_2024_hashemi_clipping
  [full] bash examples/FlowConformal/experiments/run_cell.sh exp2_prob_scale.exp2_run_hashemi_clipping --benchmark cifar100_2024 > examples/FlowConformal/experiments/exp2_prob_scale/outputs/exp2_cifar100_2024_hashemi_clipping.log
    [run_cell] complete. shell-killed timeouts and exits noted above; CSV row counts in the output file.
    
    [2026-05-03T01:46:52-05:00] === END:   exp2_cifar100_2024_hashemi_clipping (rc=0) ===
[01:46:52] >>> exp2_cifar10_resnet110_ours
  [full] bash examples/FlowConformal/experiments/run_cell.sh exp2_prob_scale.exp2_run_ours --benchmark cifar10_resnet110 > examples/FlowConformal/experiments/exp2_prob_scale/outputs/exp2_cifar10_resnet110_ours.log
    [run_cell] complete. shell-killed timeouts and exits noted above; CSV row counts in the output file.
    
    [2026-05-03T02:33:43-05:00] === END:   exp2_cifar10_resnet110_ours (rc=0) ===
[02:33:43] >>> exp2_cifar10_resnet110_hashemi_clipping
  [full] bash examples/FlowConformal/experiments/run_cell.sh exp2_prob_scale.exp2_run_hashemi_clipping --benchmark cifar10_resnet110 > examples/FlowConformal/experiments/exp2_prob_scale/outputs/exp2_cifar10_resnet110_hashemi_clipping.log
    [run_cell] complete. shell-killed timeouts and exits noted above; CSV row counts in the output file.
    
    [2026-05-03T03:09:57-05:00] === END:   exp2_cifar10_resnet110_hashemi_clipping (rc=0) ===
[03:09:57] >>> exp2_vit_2023_alpha_beta_crown
  [full] bash examples/FlowConformal/experiments/run_cell.sh exp2_prob_scale.exp2_run_alpha_beta_crown --benchmark vit_2023 > examples/FlowConformal/experiments/exp2_prob_scale/outputs/exp2_vit_2023_alpha_beta_crown.log
