nohup: ignoring input

===================== PHASE G: AMLS verification-method ablation (8 methods × 10 ACAS Xu probe instances) =====================
[00:56:05] >>> phaseG_amls_ablation
  cmd: /home/sasakis/miniconda3/envs/n2v/bin/python -u -m examples.FlowConformal.experiments.exp_ablation.ablation_run_verify_method
  log: examples/FlowConformal/experiments/exp_ablation/outputs/ablation_verify_method.log
    [ablation] wrote /home/sasakis/v/tools/n2v/examples/FlowConformal/experiments/exp_ablation/outputs/ablation_verify_method_raw_mc_uniform.csv  total wall 5.3 min
    
    [2026-05-06T01:45:11-05:00] === END:   phaseG_amls_ablation (rc=0) ===

===================== PHASE H: Synthetic volume sweep (4 benches × 3 configs × 2 methods × 5 seeds) =====================
[01:45:11] >>> phaseH_3d_banana_ours_small
  cmd: /home/sasakis/miniconda3/envs/n2v/bin/python -u -m examples.FlowConformal.experiments.exp3_synthetic.exp3_run_ours --benchmark 3d_banana --score flow --spec unsat --seeds 5 --output-csv examples/FlowConformal/experiments/exp3_synthetic/outputs/exp3_3d_banana_flow_unsat_ours_small.csv --n-train 2000 --flow-epochs 500 --scenario-n-samples 1000 --volume-m 1000 --volume-n-samples 100000
  log: examples/FlowConformal/experiments/exp3_synthetic/outputs/exp3_3d_banana_flow_unsat_ours_small.log
    Counts: {'UNSAT': 5, 'SAT': 0, 'UNKNOWN': 0, 'NOT_IMPLEMENTED': 0, 'ERROR': 0}
    
    [2026-05-06T01:46:46-05:00] === END:   phaseH_3d_banana_ours_small (rc=0) ===
[01:46:46] >>> phaseH_3d_banana_hashemi_small
  cmd: /home/sasakis/miniconda3/envs/n2v/bin/python -u -m examples.FlowConformal.experiments.exp3_synthetic.exp3_run_hashemi_clipping --benchmark 3d_banana --spec unsat --seeds 5 --output-csv examples/FlowConformal/experiments/exp3_synthetic/outputs/exp3_3d_banana_unsat_hashemi_clipping_small.csv --m 1000
  log: examples/FlowConformal/experiments/exp3_synthetic/outputs/exp3_3d_banana_unsat_hashemi_clipping_small.log
    Counts: {'UNSAT': 5, 'SAT': 0, 'UNKNOWN': 0, 'ERROR': 0}
    
    [2026-05-06T01:47:13-05:00] === END:   phaseH_3d_banana_hashemi_small (rc=0) ===
[01:47:13] >>> phaseH_3d_banana_ours_default
  cmd: /home/sasakis/miniconda3/envs/n2v/bin/python -u -m examples.FlowConformal.experiments.exp3_synthetic.exp3_run_ours --benchmark 3d_banana --score flow --spec unsat --seeds 5 --output-csv examples/FlowConformal/experiments/exp3_synthetic/outputs/exp3_3d_banana_flow_unsat_ours_default.csv --n-train 5000 --flow-epochs 2000 --scenario-n-samples 2000 --volume-m 8000 --volume-n-samples 200000
  log: examples/FlowConformal/experiments/exp3_synthetic/outputs/exp3_3d_banana_flow_unsat_ours_default.log
    Counts: {'UNSAT': 5, 'SAT': 0, 'UNKNOWN': 0, 'NOT_IMPLEMENTED': 0, 'ERROR': 0}
    
    [2026-05-06T01:51:06-05:00] === END:   phaseH_3d_banana_ours_default (rc=0) ===
[01:51:06] >>> phaseH_3d_banana_hashemi_default
  cmd: /home/sasakis/miniconda3/envs/n2v/bin/python -u -m examples.FlowConformal.experiments.exp3_synthetic.exp3_run_hashemi_clipping --benchmark 3d_banana --spec unsat --seeds 5 --output-csv examples/FlowConformal/experiments/exp3_synthetic/outputs/exp3_3d_banana_unsat_hashemi_clipping_default.csv --m 8000
  log: examples/FlowConformal/experiments/exp3_synthetic/outputs/exp3_3d_banana_unsat_hashemi_clipping_default.log
    Counts: {'UNSAT': 5, 'SAT': 0, 'UNKNOWN': 0, 'ERROR': 0}
    
    [2026-05-06T01:56:03-05:00] === END:   phaseH_3d_banana_hashemi_default (rc=0) ===
[01:56:03] >>> phaseH_3d_banana_ours_large
  cmd: /home/sasakis/miniconda3/envs/n2v/bin/python -u -m examples.FlowConformal.experiments.exp3_synthetic.exp3_run_ours --benchmark 3d_banana --score flow --spec unsat --seeds 5 --output-csv examples/FlowConformal/experiments/exp3_synthetic/outputs/exp3_3d_banana_flow_unsat_ours_large.csv --n-train 10000 --flow-epochs 5000 --scenario-n-samples 4000 --volume-m 16000 --volume-n-samples 400000
  log: examples/FlowConformal/experiments/exp3_synthetic/outputs/exp3_3d_banana_flow_unsat_ours_large.log
    Counts: {'UNSAT': 5, 'SAT': 0, 'UNKNOWN': 0, 'NOT_IMPLEMENTED': 0, 'ERROR': 0}
    
    [2026-05-06T02:07:56-05:00] === END:   phaseH_3d_banana_ours_large (rc=0) ===
[02:07:56] >>> phaseH_3d_banana_hashemi_large
  cmd: /home/sasakis/miniconda3/envs/n2v/bin/python -u -m examples.FlowConformal.experiments.exp3_synthetic.exp3_run_hashemi_clipping --benchmark 3d_banana --spec unsat --seeds 5 --output-csv examples/FlowConformal/experiments/exp3_synthetic/outputs/exp3_3d_banana_unsat_hashemi_clipping_large.csv --m 16000
  log: examples/FlowConformal/experiments/exp3_synthetic/outputs/exp3_3d_banana_unsat_hashemi_clipping_large.log
    Counts: {'UNSAT': 5, 'SAT': 0, 'UNKNOWN': 0, 'ERROR': 0}
    
    [2026-05-06T02:26:31-05:00] === END:   phaseH_3d_banana_hashemi_large (rc=0) ===
[02:26:31] >>> phaseH_synth_5d_ours_small
  cmd: /home/sasakis/miniconda3/envs/n2v/bin/python -u -m examples.FlowConformal.experiments.exp3_synthetic.exp3_run_ours --benchmark synth_5d --score flow --spec unsat --seeds 5 --output-csv examples/FlowConformal/experiments/exp3_synthetic/outputs/exp3_synth_5d_flow_unsat_ours_small.csv --n-train 2000 --flow-epochs 500 --scenario-n-samples 1000 --volume-m 1000 --volume-n-samples 100000
  log: examples/FlowConformal/experiments/exp3_synthetic/outputs/exp3_synth_5d_flow_unsat_ours_small.log
    Counts: {'UNSAT': 5, 'SAT': 0, 'UNKNOWN': 0, 'NOT_IMPLEMENTED': 0, 'ERROR': 0}
    
    [2026-05-06T02:27:52-05:00] === END:   phaseH_synth_5d_ours_small (rc=0) ===
[02:27:52] >>> phaseH_synth_5d_hashemi_small
  cmd: /home/sasakis/miniconda3/envs/n2v/bin/python -u -m examples.FlowConformal.experiments.exp3_synthetic.exp3_run_hashemi_clipping --benchmark synth_5d --spec unsat --seeds 5 --output-csv examples/FlowConformal/experiments/exp3_synthetic/outputs/exp3_synth_5d_unsat_hashemi_clipping_small.csv --m 1000
  log: examples/FlowConformal/experiments/exp3_synthetic/outputs/exp3_synth_5d_unsat_hashemi_clipping_small.log
    Counts: {'UNSAT': 5, 'SAT': 0, 'UNKNOWN': 0, 'ERROR': 0}
    
    [2026-05-06T02:28:05-05:00] === END:   phaseH_synth_5d_hashemi_small (rc=0) ===
[02:28:05] >>> phaseH_synth_5d_ours_default
  cmd: /home/sasakis/miniconda3/envs/n2v/bin/python -u -m examples.FlowConformal.experiments.exp3_synthetic.exp3_run_ours --benchmark synth_5d --score flow --spec unsat --seeds 5 --output-csv examples/FlowConformal/experiments/exp3_synthetic/outputs/exp3_synth_5d_flow_unsat_ours_default.csv --n-train 5000 --flow-epochs 2000 --scenario-n-samples 2000 --volume-m 8000 --volume-n-samples 200000
  log: examples/FlowConformal/experiments/exp3_synthetic/outputs/exp3_synth_5d_flow_unsat_ours_default.log
    Counts: {'UNSAT': 5, 'SAT': 0, 'UNKNOWN': 0, 'NOT_IMPLEMENTED': 0, 'ERROR': 0}
    
    [2026-05-06T02:31:35-05:00] === END:   phaseH_synth_5d_ours_default (rc=0) ===
[02:31:35] >>> phaseH_synth_5d_hashemi_default
  cmd: /home/sasakis/miniconda3/envs/n2v/bin/python -u -m examples.FlowConformal.experiments.exp3_synthetic.exp3_run_hashemi_clipping --benchmark synth_5d --spec unsat --seeds 5 --output-csv examples/FlowConformal/experiments/exp3_synthetic/outputs/exp3_synth_5d_unsat_hashemi_clipping_default.csv --m 8000
  log: examples/FlowConformal/experiments/exp3_synthetic/outputs/exp3_synth_5d_unsat_hashemi_clipping_default.log
    Counts: {'UNSAT': 5, 'SAT': 0, 'UNKNOWN': 0, 'ERROR': 0}
    
    [2026-05-06T02:37:30-05:00] === END:   phaseH_synth_5d_hashemi_default (rc=0) ===
[02:37:30] >>> phaseH_synth_5d_ours_large
  cmd: /home/sasakis/miniconda3/envs/n2v/bin/python -u -m examples.FlowConformal.experiments.exp3_synthetic.exp3_run_ours --benchmark synth_5d --score flow --spec unsat --seeds 5 --output-csv examples/FlowConformal/experiments/exp3_synthetic/outputs/exp3_synth_5d_flow_unsat_ours_large.csv --n-train 10000 --flow-epochs 5000 --scenario-n-samples 4000 --volume-m 16000 --volume-n-samples 400000
  log: examples/FlowConformal/experiments/exp3_synthetic/outputs/exp3_synth_5d_flow_unsat_ours_large.log
    Counts: {'UNSAT': 5, 'SAT': 0, 'UNKNOWN': 0, 'NOT_IMPLEMENTED': 0, 'ERROR': 0}
    
    [2026-05-06T02:49:08-05:00] === END:   phaseH_synth_5d_ours_large (rc=0) ===
[02:49:08] >>> phaseH_synth_5d_hashemi_large
  cmd: /home/sasakis/miniconda3/envs/n2v/bin/python -u -m examples.FlowConformal.experiments.exp3_synthetic.exp3_run_hashemi_clipping --benchmark synth_5d --spec unsat --seeds 5 --output-csv examples/FlowConformal/experiments/exp3_synthetic/outputs/exp3_synth_5d_unsat_hashemi_clipping_large.csv --m 16000
  log: examples/FlowConformal/experiments/exp3_synthetic/outputs/exp3_synth_5d_unsat_hashemi_clipping_large.log
    Counts: {'UNSAT': 5, 'SAT': 0, 'UNKNOWN': 0, 'ERROR': 0}
    
    [2026-05-06T03:12:21-05:00] === END:   phaseH_synth_5d_hashemi_large (rc=0) ===
[03:12:21] >>> phaseH_synth_10d_ours_small
  cmd: /home/sasakis/miniconda3/envs/n2v/bin/python -u -m examples.FlowConformal.experiments.exp3_synthetic.exp3_run_ours --benchmark synth_10d --score flow --spec unsat --seeds 5 --output-csv examples/FlowConformal/experiments/exp3_synthetic/outputs/exp3_synth_10d_flow_unsat_ours_small.csv --n-train 2000 --flow-epochs 500 --scenario-n-samples 1000 --volume-m 1000 --volume-n-samples 100000
  log: examples/FlowConformal/experiments/exp3_synthetic/outputs/exp3_synth_10d_flow_unsat_ours_small.log
    Counts: {'UNSAT': 5, 'SAT': 0, 'UNKNOWN': 0, 'NOT_IMPLEMENTED': 0, 'ERROR': 0}
    
    [2026-05-06T03:13:59-05:00] === END:   phaseH_synth_10d_ours_small (rc=0) ===
[03:13:59] >>> phaseH_synth_10d_hashemi_small
  cmd: /home/sasakis/miniconda3/envs/n2v/bin/python -u -m examples.FlowConformal.experiments.exp3_synthetic.exp3_run_hashemi_clipping --benchmark synth_10d --spec unsat --seeds 5 --output-csv examples/FlowConformal/experiments/exp3_synthetic/outputs/exp3_synth_10d_unsat_hashemi_clipping_small.csv --m 1000
  log: examples/FlowConformal/experiments/exp3_synthetic/outputs/exp3_synth_10d_unsat_hashemi_clipping_small.log
    Counts: {'UNSAT': 5, 'SAT': 0, 'UNKNOWN': 0, 'ERROR': 0}
    
    [2026-05-06T03:14:15-05:00] === END:   phaseH_synth_10d_hashemi_small (rc=0) ===
[03:14:15] >>> phaseH_synth_10d_ours_default
  cmd: /home/sasakis/miniconda3/envs/n2v/bin/python -u -m examples.FlowConformal.experiments.exp3_synthetic.exp3_run_ours --benchmark synth_10d --score flow --spec unsat --seeds 5 --output-csv examples/FlowConformal/experiments/exp3_synthetic/outputs/exp3_synth_10d_flow_unsat_ours_default.csv --n-train 5000 --flow-epochs 2000 --scenario-n-samples 2000 --volume-m 8000 --volume-n-samples 200000
  log: examples/FlowConformal/experiments/exp3_synthetic/outputs/exp3_synth_10d_flow_unsat_ours_default.log
    Counts: {'UNSAT': 5, 'SAT': 0, 'UNKNOWN': 0, 'NOT_IMPLEMENTED': 0, 'ERROR': 0}
    
    [2026-05-06T03:17:31-05:00] === END:   phaseH_synth_10d_ours_default (rc=0) ===
[03:17:31] >>> phaseH_synth_10d_hashemi_default
  cmd: /home/sasakis/miniconda3/envs/n2v/bin/python -u -m examples.FlowConformal.experiments.exp3_synthetic.exp3_run_hashemi_clipping --benchmark synth_10d --spec unsat --seeds 5 --output-csv examples/FlowConformal/experiments/exp3_synthetic/outputs/exp3_synth_10d_unsat_hashemi_clipping_default.csv --m 8000
  log: examples/FlowConformal/experiments/exp3_synthetic/outputs/exp3_synth_10d_unsat_hashemi_clipping_default.log
    Counts: {'UNSAT': 5, 'SAT': 0, 'UNKNOWN': 0, 'ERROR': 0}
    
    [2026-05-06T03:27:06-05:00] === END:   phaseH_synth_10d_hashemi_default (rc=0) ===
[03:27:06] >>> phaseH_synth_10d_ours_large
  cmd: /home/sasakis/miniconda3/envs/n2v/bin/python -u -m examples.FlowConformal.experiments.exp3_synthetic.exp3_run_ours --benchmark synth_10d --score flow --spec unsat --seeds 5 --output-csv examples/FlowConformal/experiments/exp3_synthetic/outputs/exp3_synth_10d_flow_unsat_ours_large.csv --n-train 10000 --flow-epochs 5000 --scenario-n-samples 4000 --volume-m 16000 --volume-n-samples 400000
  log: examples/FlowConformal/experiments/exp3_synthetic/outputs/exp3_synth_10d_flow_unsat_ours_large.log
    Counts: {'UNSAT': 5, 'SAT': 0, 'UNKNOWN': 0, 'NOT_IMPLEMENTED': 0, 'ERROR': 0}
    
    [2026-05-06T03:39:06-05:00] === END:   phaseH_synth_10d_ours_large (rc=0) ===
[03:39:06] >>> phaseH_synth_10d_hashemi_large
  cmd: /home/sasakis/miniconda3/envs/n2v/bin/python -u -m examples.FlowConformal.experiments.exp3_synthetic.exp3_run_hashemi_clipping --benchmark synth_10d --spec unsat --seeds 5 --output-csv examples/FlowConformal/experiments/exp3_synthetic/outputs/exp3_synth_10d_unsat_hashemi_clipping_large.csv --m 16000
  log: examples/FlowConformal/experiments/exp3_synthetic/outputs/exp3_synth_10d_unsat_hashemi_clipping_large.log
    Counts: {'UNSAT': 5, 'SAT': 0, 'UNKNOWN': 0, 'ERROR': 0}
    
    [2026-05-06T04:17:27-05:00] === END:   phaseH_synth_10d_hashemi_large (rc=0) ===
[04:17:27] >>> phaseH_synth_20d_ours_small
  cmd: /home/sasakis/miniconda3/envs/n2v/bin/python -u -m examples.FlowConformal.experiments.exp3_synthetic.exp3_run_ours --benchmark synth_20d --score flow --spec unsat --seeds 5 --output-csv examples/FlowConformal/experiments/exp3_synthetic/outputs/exp3_synth_20d_flow_unsat_ours_small.csv --n-train 2000 --flow-epochs 500 --scenario-n-samples 1000 --volume-m 1000 --volume-n-samples 100000
  log: examples/FlowConformal/experiments/exp3_synthetic/outputs/exp3_synth_20d_flow_unsat_ours_small.log
    Counts: {'UNSAT': 5, 'SAT': 0, 'UNKNOWN': 0, 'NOT_IMPLEMENTED': 0, 'ERROR': 0}
    
    [2026-05-06T04:19:10-05:00] === END:   phaseH_synth_20d_ours_small (rc=0) ===
[04:19:10] >>> phaseH_synth_20d_hashemi_small
  cmd: /home/sasakis/miniconda3/envs/n2v/bin/python -u -m examples.FlowConformal.experiments.exp3_synthetic.exp3_run_hashemi_clipping --benchmark synth_20d --spec unsat --seeds 5 --output-csv examples/FlowConformal/experiments/exp3_synthetic/outputs/exp3_synth_20d_unsat_hashemi_clipping_small.csv --m 1000
  log: examples/FlowConformal/experiments/exp3_synthetic/outputs/exp3_synth_20d_unsat_hashemi_clipping_small.log
    Counts: {'UNSAT': 5, 'SAT': 0, 'UNKNOWN': 0, 'ERROR': 0}
    
    [2026-05-06T04:19:34-05:00] === END:   phaseH_synth_20d_hashemi_small (rc=0) ===
[04:19:34] >>> phaseH_synth_20d_ours_default
  cmd: /home/sasakis/miniconda3/envs/n2v/bin/python -u -m examples.FlowConformal.experiments.exp3_synthetic.exp3_run_ours --benchmark synth_20d --score flow --spec unsat --seeds 5 --output-csv examples/FlowConformal/experiments/exp3_synthetic/outputs/exp3_synth_20d_flow_unsat_ours_default.csv --n-train 5000 --flow-epochs 2000 --scenario-n-samples 2000 --volume-m 8000 --volume-n-samples 200000
  log: examples/FlowConformal/experiments/exp3_synthetic/outputs/exp3_synth_20d_flow_unsat_ours_default.log
    Counts: {'UNSAT': 5, 'SAT': 0, 'UNKNOWN': 0, 'NOT_IMPLEMENTED': 0, 'ERROR': 0}
    
    [2026-05-06T04:23:16-05:00] === END:   phaseH_synth_20d_ours_default (rc=0) ===
[04:23:16] >>> phaseH_synth_20d_hashemi_default
  cmd: /home/sasakis/miniconda3/envs/n2v/bin/python -u -m examples.FlowConformal.experiments.exp3_synthetic.exp3_run_hashemi_clipping --benchmark synth_20d --spec unsat --seeds 5 --output-csv examples/FlowConformal/experiments/exp3_synthetic/outputs/exp3_synth_20d_unsat_hashemi_clipping_default.csv --m 8000
  log: examples/FlowConformal/experiments/exp3_synthetic/outputs/exp3_synth_20d_unsat_hashemi_clipping_default.log
    Counts: {'UNSAT': 5, 'SAT': 0, 'UNKNOWN': 0, 'ERROR': 0}
    
    [2026-05-06T04:42:29-05:00] === END:   phaseH_synth_20d_hashemi_default (rc=0) ===
[04:42:29] >>> phaseH_synth_20d_ours_large
  cmd: /home/sasakis/miniconda3/envs/n2v/bin/python -u -m examples.FlowConformal.experiments.exp3_synthetic.exp3_run_ours --benchmark synth_20d --score flow --spec unsat --seeds 5 --output-csv examples/FlowConformal/experiments/exp3_synthetic/outputs/exp3_synth_20d_flow_unsat_ours_large.csv --n-train 10000 --flow-epochs 5000 --scenario-n-samples 4000 --volume-m 16000 --volume-n-samples 400000
  log: examples/FlowConformal/experiments/exp3_synthetic/outputs/exp3_synth_20d_flow_unsat_ours_large.log
    Counts: {'UNSAT': 5, 'SAT': 0, 'UNKNOWN': 0, 'NOT_IMPLEMENTED': 0, 'ERROR': 0}
    
    [2026-05-06T04:54:02-05:00] === END:   phaseH_synth_20d_ours_large (rc=0) ===
[04:54:02] >>> phaseH_synth_20d_hashemi_large
  cmd: /home/sasakis/miniconda3/envs/n2v/bin/python -u -m examples.FlowConformal.experiments.exp3_synthetic.exp3_run_hashemi_clipping --benchmark synth_20d --spec unsat --seeds 5 --output-csv examples/FlowConformal/experiments/exp3_synthetic/outputs/exp3_synth_20d_unsat_hashemi_clipping_large.csv --m 16000
  log: examples/FlowConformal/experiments/exp3_synthetic/outputs/exp3_synth_20d_unsat_hashemi_clipping_large.log
    Counts: {'UNSAT': 5, 'SAT': 0, 'UNKNOWN': 0, 'ERROR': 0}
    
    [2026-05-06T06:14:40-05:00] === END:   phaseH_synth_20d_hashemi_large (rc=0) ===

[06:14:40] === run_all_extra complete ===
