[2026-05-02T21:46:35-05:00] === START: exp2_cifar100_2024_hashemi_clipping ===
[run_cell] exp2_prob_scale.exp2_run_hashemi_clipping --benchmark cifar100_2024: 100 instances
[run_cell    1/ 100 t=    0s] idx=0    budget=100s (shell timeout=160s)
[cifar100_2024] running only idx=0; appending to /home/sasakis/v/tools/n2v/examples/FlowConformal/experiments/exp2_prob_scale/outputs/exp2_cifar100_2024_hashemi_clipping.csv
[cifar100_2024] Loaded 1 instances; writing to /home/sasakis/v/tools/n2v/examples/FlowConformal/experiments/exp2_prob_scale/outputs/exp2_cifar100_2024_hashemi_clipping.csv
[cifar100_2024] Hashemi-clipping config: m=8000 ell=7999 epsilon=0.001 SEED=47
[cifar100_2024 1/1 t=0s budget=100s] CIFAR100_resnet_medium.onnx+CIFAR100_resnet_medium_prop_idx_7641_sidx_1041_eps_0.0039.vnnlib
  ... idx=0 TIMEOUT (shell killed at 160s; runner did not finish)
[run_cell    2/ 100 t=  165s] idx=1    budget=100s (shell timeout=160s)
[cifar100_2024] running only idx=1; appending to /home/sasakis/v/tools/n2v/examples/FlowConformal/experiments/exp2_prob_scale/outputs/exp2_cifar100_2024_hashemi_clipping.csv
[cifar100_2024] Loaded 1 instances; writing to /home/sasakis/v/tools/n2v/examples/FlowConformal/experiments/exp2_prob_scale/outputs/exp2_cifar100_2024_hashemi_clipping.csv
[cifar100_2024] Hashemi-clipping config: m=8000 ell=7999 epsilon=0.001 SEED=47
[cifar100_2024 1/1 t=0s budget=100s] CIFAR100_resnet_medium.onnx+CIFAR100_resnet_medium_prop_idx_2132_sidx_6868_eps_0.0039.vnnlib
  ... idx=1 TIMEOUT (shell killed at 160s; runner did not finish)
[run_cell    3/ 100 t=  329s] idx=2    budget=100s (shell timeout=160s)
[cifar100_2024] running only idx=2; appending to /home/sasakis/v/tools/n2v/examples/FlowConformal/experiments/exp2_prob_scale/outputs/exp2_cifar100_2024_hashemi_clipping.csv
[cifar100_2024] Loaded 1 instances; writing to /home/sasakis/v/tools/n2v/examples/FlowConformal/experiments/exp2_prob_scale/outputs/exp2_cifar100_2024_hashemi_clipping.csv
[cifar100_2024] Hashemi-clipping config: m=8000 ell=7999 epsilon=0.001 SEED=47
[cifar100_2024 1/1 t=0s budget=100s] CIFAR100_resnet_medium.onnx+CIFAR100_resnet_medium_prop_idx_6232_sidx_3020_eps_0.0039.vnnlib
    verdict=SAT  wall=3.9s

=== Sweep complete ===
Wrote /home/sasakis/v/tools/n2v/examples/FlowConformal/experiments/exp2_prob_scale/outputs/exp2_cifar100_2024_hashemi_clipping.csv
Total wall-clock: 0.1 min
Counts: {'UNSAT': 0, 'SAT': 1, 'UNKNOWN': 0, 'SKIPPED': 0, 'ERROR': 0, 'TIMEOUT': 0}
[run_cell    4/ 100 t=  337s] idx=3    budget=100s (shell timeout=160s)
[cifar100_2024] running only idx=3; appending to /home/sasakis/v/tools/n2v/examples/FlowConformal/experiments/exp2_prob_scale/outputs/exp2_cifar100_2024_hashemi_clipping.csv
[cifar100_2024] Loaded 1 instances; writing to /home/sasakis/v/tools/n2v/examples/FlowConformal/experiments/exp2_prob_scale/outputs/exp2_cifar100_2024_hashemi_clipping.csv
[cifar100_2024] Hashemi-clipping config: m=8000 ell=7999 epsilon=0.001 SEED=47
[cifar100_2024 1/1 t=0s budget=100s] CIFAR100_resnet_medium.onnx+CIFAR100_resnet_medium_prop_idx_9694_sidx_2810_eps_0.0039.vnnlib
  ... idx=3 TIMEOUT (shell killed at 160s; runner did not finish)
[run_cell    5/ 100 t=  502s] idx=4    budget=100s (shell timeout=160s)
[cifar100_2024] running only idx=4; appending to /home/sasakis/v/tools/n2v/examples/FlowConformal/experiments/exp2_prob_scale/outputs/exp2_cifar100_2024_hashemi_clipping.csv
[cifar100_2024] Loaded 1 instances; writing to /home/sasakis/v/tools/n2v/examples/FlowConformal/experiments/exp2_prob_scale/outputs/exp2_cifar100_2024_hashemi_clipping.csv
[cifar100_2024] Hashemi-clipping config: m=8000 ell=7999 epsilon=0.001 SEED=47
[cifar100_2024 1/1 t=0s budget=100s] CIFAR100_resnet_medium.onnx+CIFAR100_resnet_medium_prop_idx_4760_sidx_4651_eps_0.0039.vnnlib
  ... idx=4 TIMEOUT (shell killed at 160s; runner did not finish)
[run_cell    6/ 100 t=  666s] idx=5    budget=100s (shell timeout=160s)
[cifar100_2024] running only idx=5; appending to /home/sasakis/v/tools/n2v/examples/FlowConformal/experiments/exp2_prob_scale/outputs/exp2_cifar100_2024_hashemi_clipping.csv
[cifar100_2024] Loaded 1 instances; writing to /home/sasakis/v/tools/n2v/examples/FlowConformal/experiments/exp2_prob_scale/outputs/exp2_cifar100_2024_hashemi_clipping.csv
[cifar100_2024] Hashemi-clipping config: m=8000 ell=7999 epsilon=0.001 SEED=47
[cifar100_2024 1/1 t=0s budget=100s] CIFAR100_resnet_medium.onnx+CIFAR100_resnet_medium_prop_idx_6135_sidx_4586_eps_0.0039.vnnlib
  ... idx=5 TIMEOUT (shell killed at 160s; runner did not finish)
[run_cell    7/ 100 t=  830s] idx=6    budget=100s (shell timeout=160s)
[cifar100_2024] running only idx=6; appending to /home/sasakis/v/tools/n2v/examples/FlowConformal/experiments/exp2_prob_scale/outputs/exp2_cifar100_2024_hashemi_clipping.csv
[cifar100_2024] Loaded 1 instances; writing to /home/sasakis/v/tools/n2v/examples/FlowConformal/experiments/exp2_prob_scale/outputs/exp2_cifar100_2024_hashemi_clipping.csv
[cifar100_2024] Hashemi-clipping config: m=8000 ell=7999 epsilon=0.001 SEED=47
[cifar100_2024 1/1 t=0s budget=100s] CIFAR100_resnet_medium.onnx+CIFAR100_resnet_medium_prop_idx_4921_sidx_3617_eps_0.0039.vnnlib
  ... idx=6 TIMEOUT (shell killed at 160s; runner did not finish)
[run_cell    8/ 100 t=  995s] idx=7    budget=100s (shell timeout=160s)
[cifar100_2024] running only idx=7; appending to /home/sasakis/v/tools/n2v/examples/FlowConformal/experiments/exp2_prob_scale/outputs/exp2_cifar100_2024_hashemi_clipping.csv
[cifar100_2024] Loaded 1 instances; writing to /home/sasakis/v/tools/n2v/examples/FlowConformal/experiments/exp2_prob_scale/outputs/exp2_cifar100_2024_hashemi_clipping.csv
[cifar100_2024] Hashemi-clipping config: m=8000 ell=7999 epsilon=0.001 SEED=47
[cifar100_2024 1/1 t=0s budget=100s] CIFAR100_resnet_medium.onnx+CIFAR100_resnet_medium_prop_idx_5242_sidx_1208_eps_0.0039.vnnlib
  ... idx=7 TIMEOUT (shell killed at 160s; runner did not finish)
[run_cell    9/ 100 t= 1159s] idx=8    budget=100s (shell timeout=160s)
[cifar100_2024] running only idx=8; appending to /home/sasakis/v/tools/n2v/examples/FlowConformal/experiments/exp2_prob_scale/outputs/exp2_cifar100_2024_hashemi_clipping.csv
[cifar100_2024] Loaded 1 instances; writing to /home/sasakis/v/tools/n2v/examples/FlowConformal/experiments/exp2_prob_scale/outputs/exp2_cifar100_2024_hashemi_clipping.csv
[cifar100_2024] Hashemi-clipping config: m=8000 ell=7999 epsilon=0.001 SEED=47
[cifar100_2024 1/1 t=0s budget=100s] CIFAR100_resnet_medium.onnx+CIFAR100_resnet_medium_prop_idx_2176_sidx_3285_eps_0.0039.vnnlib
  ... idx=8 TIMEOUT (shell killed at 160s; runner did not finish)
[run_cell   10/ 100 t= 1323s] idx=9    budget=100s (shell timeout=160s)
[cifar100_2024] running only idx=9; appending to /home/sasakis/v/tools/n2v/examples/FlowConformal/experiments/exp2_prob_scale/outputs/exp2_cifar100_2024_hashemi_clipping.csv
[cifar100_2024] Loaded 1 instances; writing to /home/sasakis/v/tools/n2v/examples/FlowConformal/experiments/exp2_prob_scale/outputs/exp2_cifar100_2024_hashemi_clipping.csv
[cifar100_2024] Hashemi-clipping config: m=8000 ell=7999 epsilon=0.001 SEED=47
[cifar100_2024 1/1 t=0s budget=100s] CIFAR100_resnet_medium.onnx+CIFAR100_resnet_medium_prop_idx_8762_sidx_3374_eps_0.0039.vnnlib
  ... idx=9 TIMEOUT (shell killed at 160s; runner did not finish)
[run_cell   11/ 100 t= 1488s] idx=10   budget=100s (shell timeout=160s)
[cifar100_2024] running only idx=10; appending to /home/sasakis/v/tools/n2v/examples/FlowConformal/experiments/exp2_prob_scale/outputs/exp2_cifar100_2024_hashemi_clipping.csv
[cifar100_2024] Loaded 1 instances; writing to /home/sasakis/v/tools/n2v/examples/FlowConformal/experiments/exp2_prob_scale/outputs/exp2_cifar100_2024_hashemi_clipping.csv
[cifar100_2024] Hashemi-clipping config: m=8000 ell=7999 epsilon=0.001 SEED=47
[cifar100_2024 1/1 t=0s budget=100s] CIFAR100_resnet_medium.onnx+CIFAR100_resnet_medium_prop_idx_7704_sidx_3701_eps_0.0039.vnnlib
  ... idx=10 TIMEOUT (shell killed at 160s; runner did not finish)
[run_cell   12/ 100 t= 1652s] idx=11   budget=100s (shell timeout=160s)
[cifar100_2024] running only idx=11; appending to /home/sasakis/v/tools/n2v/examples/FlowConformal/experiments/exp2_prob_scale/outputs/exp2_cifar100_2024_hashemi_clipping.csv
[cifar100_2024] Loaded 1 instances; writing to /home/sasakis/v/tools/n2v/examples/FlowConformal/experiments/exp2_prob_scale/outputs/exp2_cifar100_2024_hashemi_clipping.csv
[cifar100_2024] Hashemi-clipping config: m=8000 ell=7999 epsilon=0.001 SEED=47
[cifar100_2024 1/1 t=0s budget=100s] CIFAR100_resnet_medium.onnx+CIFAR100_resnet_medium_prop_idx_4752_sidx_1800_eps_0.0039.vnnlib
  ... idx=11 TIMEOUT (shell killed at 160s; runner did not finish)
[run_cell   13/ 100 t= 1816s] idx=12   budget=100s (shell timeout=160s)
[cifar100_2024] running only idx=12; appending to /home/sasakis/v/tools/n2v/examples/FlowConformal/experiments/exp2_prob_scale/outputs/exp2_cifar100_2024_hashemi_clipping.csv
[cifar100_2024] Loaded 1 instances; writing to /home/sasakis/v/tools/n2v/examples/FlowConformal/experiments/exp2_prob_scale/outputs/exp2_cifar100_2024_hashemi_clipping.csv
[cifar100_2024] Hashemi-clipping config: m=8000 ell=7999 epsilon=0.001 SEED=47
[cifar100_2024 1/1 t=0s budget=100s] CIFAR100_resnet_medium.onnx+CIFAR100_resnet_medium_prop_idx_6415_sidx_4543_eps_0.0039.vnnlib
  ... idx=12 TIMEOUT (shell killed at 160s; runner did not finish)
[run_cell   14/ 100 t= 1981s] idx=13   budget=100s (shell timeout=160s)
[cifar100_2024] running only idx=13; appending to /home/sasakis/v/tools/n2v/examples/FlowConformal/experiments/exp2_prob_scale/outputs/exp2_cifar100_2024_hashemi_clipping.csv
[cifar100_2024] Loaded 1 instances; writing to /home/sasakis/v/tools/n2v/examples/FlowConformal/experiments/exp2_prob_scale/outputs/exp2_cifar100_2024_hashemi_clipping.csv
[cifar100_2024] Hashemi-clipping config: m=8000 ell=7999 epsilon=0.001 SEED=47
[cifar100_2024 1/1 t=0s budget=100s] CIFAR100_resnet_medium.onnx+CIFAR100_resnet_medium_prop_idx_2477_sidx_388_eps_0.0039.vnnlib
  ... idx=13 TIMEOUT (shell killed at 160s; runner did not finish)
[run_cell   15/ 100 t= 2145s] idx=14   budget=100s (shell timeout=160s)
[cifar100_2024] running only idx=14; appending to /home/sasakis/v/tools/n2v/examples/FlowConformal/experiments/exp2_prob_scale/outputs/exp2_cifar100_2024_hashemi_clipping.csv
[cifar100_2024] Loaded 1 instances; writing to /home/sasakis/v/tools/n2v/examples/FlowConformal/experiments/exp2_prob_scale/outputs/exp2_cifar100_2024_hashemi_clipping.csv
[cifar100_2024] Hashemi-clipping config: m=8000 ell=7999 epsilon=0.001 SEED=47
[cifar100_2024 1/1 t=0s budget=100s] CIFAR100_resnet_medium.onnx+CIFAR100_resnet_medium_prop_idx_6553_sidx_7265_eps_0.0039.vnnlib
  ... idx=14 TIMEOUT (shell killed at 160s; runner did not finish)
[run_cell   16/ 100 t= 2310s] idx=15   budget=100s (shell timeout=160s)
[cifar100_2024] running only idx=15; appending to /home/sasakis/v/tools/n2v/examples/FlowConformal/experiments/exp2_prob_scale/outputs/exp2_cifar100_2024_hashemi_clipping.csv
[cifar100_2024] Loaded 1 instances; writing to /home/sasakis/v/tools/n2v/examples/FlowConformal/experiments/exp2_prob_scale/outputs/exp2_cifar100_2024_hashemi_clipping.csv
[cifar100_2024] Hashemi-clipping config: m=8000 ell=7999 epsilon=0.001 SEED=47
[cifar100_2024 1/1 t=0s budget=100s] CIFAR100_resnet_medium.onnx+CIFAR100_resnet_medium_prop_idx_8600_sidx_2721_eps_0.0039.vnnlib
  ... idx=15 TIMEOUT (shell killed at 160s; runner did not finish)
[run_cell   17/ 100 t= 2474s] idx=16   budget=100s (shell timeout=160s)
[cifar100_2024] running only idx=16; appending to /home/sasakis/v/tools/n2v/examples/FlowConformal/experiments/exp2_prob_scale/outputs/exp2_cifar100_2024_hashemi_clipping.csv
[cifar100_2024] Loaded 1 instances; writing to /home/sasakis/v/tools/n2v/examples/FlowConformal/experiments/exp2_prob_scale/outputs/exp2_cifar100_2024_hashemi_clipping.csv
[cifar100_2024] Hashemi-clipping config: m=8000 ell=7999 epsilon=0.001 SEED=47
[cifar100_2024 1/1 t=0s budget=100s] CIFAR100_resnet_medium.onnx+CIFAR100_resnet_medium_prop_idx_7258_sidx_3539_eps_0.0039.vnnlib
  ... idx=16 TIMEOUT (shell killed at 160s; runner did not finish)
[run_cell   18/ 100 t= 2639s] idx=17   budget=100s (shell timeout=160s)
[cifar100_2024] running only idx=17; appending to /home/sasakis/v/tools/n2v/examples/FlowConformal/experiments/exp2_prob_scale/outputs/exp2_cifar100_2024_hashemi_clipping.csv
[cifar100_2024] Loaded 1 instances; writing to /home/sasakis/v/tools/n2v/examples/FlowConformal/experiments/exp2_prob_scale/outputs/exp2_cifar100_2024_hashemi_clipping.csv
[cifar100_2024] Hashemi-clipping config: m=8000 ell=7999 epsilon=0.001 SEED=47
[cifar100_2024 1/1 t=0s budget=100s] CIFAR100_resnet_medium.onnx+CIFAR100_resnet_medium_prop_idx_6659_sidx_4583_eps_0.0039.vnnlib
  ... idx=17 TIMEOUT (shell killed at 160s; runner did not finish)
[run_cell   19/ 100 t= 2803s] idx=18   budget=100s (shell timeout=160s)
[cifar100_2024] running only idx=18; appending to /home/sasakis/v/tools/n2v/examples/FlowConformal/experiments/exp2_prob_scale/outputs/exp2_cifar100_2024_hashemi_clipping.csv
[cifar100_2024] Loaded 1 instances; writing to /home/sasakis/v/tools/n2v/examples/FlowConformal/experiments/exp2_prob_scale/outputs/exp2_cifar100_2024_hashemi_clipping.csv
[cifar100_2024] Hashemi-clipping config: m=8000 ell=7999 epsilon=0.001 SEED=47
[cifar100_2024 1/1 t=0s budget=100s] CIFAR100_resnet_medium.onnx+CIFAR100_resnet_medium_prop_idx_885_sidx_7654_eps_0.0039.vnnlib
  ... idx=18 TIMEOUT (shell killed at 160s; runner did not finish)
[run_cell   20/ 100 t= 2967s] idx=19   budget=100s (shell timeout=160s)
[cifar100_2024] running only idx=19; appending to /home/sasakis/v/tools/n2v/examples/FlowConformal/experiments/exp2_prob_scale/outputs/exp2_cifar100_2024_hashemi_clipping.csv
[cifar100_2024] Loaded 1 instances; writing to /home/sasakis/v/tools/n2v/examples/FlowConformal/experiments/exp2_prob_scale/outputs/exp2_cifar100_2024_hashemi_clipping.csv
[cifar100_2024] Hashemi-clipping config: m=8000 ell=7999 epsilon=0.001 SEED=47
[cifar100_2024 1/1 t=0s budget=100s] CIFAR100_resnet_medium.onnx+CIFAR100_resnet_medium_prop_idx_3006_sidx_928_eps_0.0039.vnnlib
  ... idx=19 TIMEOUT (shell killed at 160s; runner did not finish)
[run_cell   21/ 100 t= 3132s] idx=20   budget=100s (shell timeout=160s)
[cifar100_2024] running only idx=20; appending to /home/sasakis/v/tools/n2v/examples/FlowConformal/experiments/exp2_prob_scale/outputs/exp2_cifar100_2024_hashemi_clipping.csv
[cifar100_2024] Loaded 1 instances; writing to /home/sasakis/v/tools/n2v/examples/FlowConformal/experiments/exp2_prob_scale/outputs/exp2_cifar100_2024_hashemi_clipping.csv
[cifar100_2024] Hashemi-clipping config: m=8000 ell=7999 epsilon=0.001 SEED=47
[cifar100_2024 1/1 t=0s budget=100s] CIFAR100_resnet_medium.onnx+CIFAR100_resnet_medium_prop_idx_1588_sidx_6654_eps_0.0039.vnnlib
  ... idx=20 TIMEOUT (shell killed at 160s; runner did not finish)
[run_cell   22/ 100 t= 3296s] idx=21   budget=100s (shell timeout=160s)
[cifar100_2024] running only idx=21; appending to /home/sasakis/v/tools/n2v/examples/FlowConformal/experiments/exp2_prob_scale/outputs/exp2_cifar100_2024_hashemi_clipping.csv
[cifar100_2024] Loaded 1 instances; writing to /home/sasakis/v/tools/n2v/examples/FlowConformal/experiments/exp2_prob_scale/outputs/exp2_cifar100_2024_hashemi_clipping.csv
[cifar100_2024] Hashemi-clipping config: m=8000 ell=7999 epsilon=0.001 SEED=47
[cifar100_2024 1/1 t=0s budget=100s] CIFAR100_resnet_medium.onnx+CIFAR100_resnet_medium_prop_idx_8594_sidx_5815_eps_0.0039.vnnlib
  ... idx=21 TIMEOUT (shell killed at 160s; runner did not finish)
[run_cell   23/ 100 t= 3460s] idx=22   budget=100s (shell timeout=160s)
[cifar100_2024] running only idx=22; appending to /home/sasakis/v/tools/n2v/examples/FlowConformal/experiments/exp2_prob_scale/outputs/exp2_cifar100_2024_hashemi_clipping.csv
[cifar100_2024] Loaded 1 instances; writing to /home/sasakis/v/tools/n2v/examples/FlowConformal/experiments/exp2_prob_scale/outputs/exp2_cifar100_2024_hashemi_clipping.csv
[cifar100_2024] Hashemi-clipping config: m=8000 ell=7999 epsilon=0.001 SEED=47
[cifar100_2024 1/1 t=0s budget=100s] CIFAR100_resnet_medium.onnx+CIFAR100_resnet_medium_prop_idx_9658_sidx_1660_eps_0.0039.vnnlib
  ... idx=22 TIMEOUT (shell killed at 160s; runner did not finish)
[run_cell   24/ 100 t= 3625s] idx=23   budget=100s (shell timeout=160s)
[cifar100_2024] running only idx=23; appending to /home/sasakis/v/tools/n2v/examples/FlowConformal/experiments/exp2_prob_scale/outputs/exp2_cifar100_2024_hashemi_clipping.csv
[cifar100_2024] Loaded 1 instances; writing to /home/sasakis/v/tools/n2v/examples/FlowConformal/experiments/exp2_prob_scale/outputs/exp2_cifar100_2024_hashemi_clipping.csv
[cifar100_2024] Hashemi-clipping config: m=8000 ell=7999 epsilon=0.001 SEED=47
[cifar100_2024 1/1 t=0s budget=100s] CIFAR100_resnet_medium.onnx+CIFAR100_resnet_medium_prop_idx_8505_sidx_1690_eps_0.0039.vnnlib
  ... idx=23 TIMEOUT (shell killed at 160s; runner did not finish)
[run_cell   25/ 100 t= 3789s] idx=24   budget=100s (shell timeout=160s)
[cifar100_2024] running only idx=24; appending to /home/sasakis/v/tools/n2v/examples/FlowConformal/experiments/exp2_prob_scale/outputs/exp2_cifar100_2024_hashemi_clipping.csv
[cifar100_2024] Loaded 1 instances; writing to /home/sasakis/v/tools/n2v/examples/FlowConformal/experiments/exp2_prob_scale/outputs/exp2_cifar100_2024_hashemi_clipping.csv
[cifar100_2024] Hashemi-clipping config: m=8000 ell=7999 epsilon=0.001 SEED=47
[cifar100_2024 1/1 t=0s budget=100s] CIFAR100_resnet_medium.onnx+CIFAR100_resnet_medium_prop_idx_8945_sidx_3584_eps_0.0039.vnnlib
  ... idx=24 TIMEOUT (shell killed at 160s; runner did not finish)
[run_cell   26/ 100 t= 3954s] idx=25   budget=100s (shell timeout=160s)
[cifar100_2024] running only idx=25; appending to /home/sasakis/v/tools/n2v/examples/FlowConformal/experiments/exp2_prob_scale/outputs/exp2_cifar100_2024_hashemi_clipping.csv
[cifar100_2024] Loaded 1 instances; writing to /home/sasakis/v/tools/n2v/examples/FlowConformal/experiments/exp2_prob_scale/outputs/exp2_cifar100_2024_hashemi_clipping.csv
[cifar100_2024] Hashemi-clipping config: m=8000 ell=7999 epsilon=0.001 SEED=47
[cifar100_2024 1/1 t=0s budget=100s] CIFAR100_resnet_medium.onnx+CIFAR100_resnet_medium_prop_idx_6585_sidx_533_eps_0.0039.vnnlib
  ... idx=25 TIMEOUT (shell killed at 160s; runner did not finish)
[run_cell   27/ 100 t= 4118s] idx=26   budget=100s (shell timeout=160s)
[cifar100_2024] running only idx=26; appending to /home/sasakis/v/tools/n2v/examples/FlowConformal/experiments/exp2_prob_scale/outputs/exp2_cifar100_2024_hashemi_clipping.csv
[cifar100_2024] Loaded 1 instances; writing to /home/sasakis/v/tools/n2v/examples/FlowConformal/experiments/exp2_prob_scale/outputs/exp2_cifar100_2024_hashemi_clipping.csv
[cifar100_2024] Hashemi-clipping config: m=8000 ell=7999 epsilon=0.001 SEED=47
[cifar100_2024 1/1 t=0s budget=100s] CIFAR100_resnet_medium.onnx+CIFAR100_resnet_medium_prop_idx_6573_sidx_5525_eps_0.0039.vnnlib
    verdict=SAT  wall=3.6s

=== Sweep complete ===
Wrote /home/sasakis/v/tools/n2v/examples/FlowConformal/experiments/exp2_prob_scale/outputs/exp2_cifar100_2024_hashemi_clipping.csv
Total wall-clock: 0.1 min
Counts: {'UNSAT': 0, 'SAT': 1, 'UNKNOWN': 0, 'SKIPPED': 0, 'ERROR': 0, 'TIMEOUT': 0}
[run_cell   28/ 100 t= 4126s] idx=27   budget=100s (shell timeout=160s)
[cifar100_2024] running only idx=27; appending to /home/sasakis/v/tools/n2v/examples/FlowConformal/experiments/exp2_prob_scale/outputs/exp2_cifar100_2024_hashemi_clipping.csv
[cifar100_2024] Loaded 1 instances; writing to /home/sasakis/v/tools/n2v/examples/FlowConformal/experiments/exp2_prob_scale/outputs/exp2_cifar100_2024_hashemi_clipping.csv
[cifar100_2024] Hashemi-clipping config: m=8000 ell=7999 epsilon=0.001 SEED=47
[cifar100_2024 1/1 t=0s budget=100s] CIFAR100_resnet_medium.onnx+CIFAR100_resnet_medium_prop_idx_8619_sidx_4461_eps_0.0039.vnnlib
  ... idx=27 TIMEOUT (shell killed at 160s; runner did not finish)
[run_cell   29/ 100 t= 4290s] idx=28   budget=100s (shell timeout=160s)
[cifar100_2024] running only idx=28; appending to /home/sasakis/v/tools/n2v/examples/FlowConformal/experiments/exp2_prob_scale/outputs/exp2_cifar100_2024_hashemi_clipping.csv
[cifar100_2024] Loaded 1 instances; writing to /home/sasakis/v/tools/n2v/examples/FlowConformal/experiments/exp2_prob_scale/outputs/exp2_cifar100_2024_hashemi_clipping.csv
[cifar100_2024] Hashemi-clipping config: m=8000 ell=7999 epsilon=0.001 SEED=47
[cifar100_2024 1/1 t=0s budget=100s] CIFAR100_resnet_medium.onnx+CIFAR100_resnet_medium_prop_idx_54_sidx_9735_eps_0.0039.vnnlib
  ... idx=28 TIMEOUT (shell killed at 160s; runner did not finish)
[run_cell   30/ 100 t= 4455s] idx=29   budget=100s (shell timeout=160s)
[cifar100_2024] running only idx=29; appending to /home/sasakis/v/tools/n2v/examples/FlowConformal/experiments/exp2_prob_scale/outputs/exp2_cifar100_2024_hashemi_clipping.csv
[cifar100_2024] Loaded 1 instances; writing to /home/sasakis/v/tools/n2v/examples/FlowConformal/experiments/exp2_prob_scale/outputs/exp2_cifar100_2024_hashemi_clipping.csv
[cifar100_2024] Hashemi-clipping config: m=8000 ell=7999 epsilon=0.001 SEED=47
[cifar100_2024 1/1 t=0s budget=100s] CIFAR100_resnet_medium.onnx+CIFAR100_resnet_medium_prop_idx_4429_sidx_1471_eps_0.0039.vnnlib
  ... idx=29 TIMEOUT (shell killed at 160s; runner did not finish)
[run_cell   31/ 100 t= 4619s] idx=30   budget=100s (shell timeout=160s)
[cifar100_2024] running only idx=30; appending to /home/sasakis/v/tools/n2v/examples/FlowConformal/experiments/exp2_prob_scale/outputs/exp2_cifar100_2024_hashemi_clipping.csv
[cifar100_2024] Loaded 1 instances; writing to /home/sasakis/v/tools/n2v/examples/FlowConformal/experiments/exp2_prob_scale/outputs/exp2_cifar100_2024_hashemi_clipping.csv
[cifar100_2024] Hashemi-clipping config: m=8000 ell=7999 epsilon=0.001 SEED=47
[cifar100_2024 1/1 t=0s budget=100s] CIFAR100_resnet_medium.onnx+CIFAR100_resnet_medium_prop_idx_1190_sidx_8846_eps_0.0039.vnnlib
  ... idx=30 TIMEOUT (shell killed at 160s; runner did not finish)
[run_cell   32/ 100 t= 4784s] idx=31   budget=100s (shell timeout=160s)
[cifar100_2024] running only idx=31; appending to /home/sasakis/v/tools/n2v/examples/FlowConformal/experiments/exp2_prob_scale/outputs/exp2_cifar100_2024_hashemi_clipping.csv
[cifar100_2024] Loaded 1 instances; writing to /home/sasakis/v/tools/n2v/examples/FlowConformal/experiments/exp2_prob_scale/outputs/exp2_cifar100_2024_hashemi_clipping.csv
[cifar100_2024] Hashemi-clipping config: m=8000 ell=7999 epsilon=0.001 SEED=47
[cifar100_2024 1/1 t=0s budget=100s] CIFAR100_resnet_medium.onnx+CIFAR100_resnet_medium_prop_idx_7569_sidx_2906_eps_0.0039.vnnlib
    verdict=SAT  wall=3.9s

=== Sweep complete ===
Wrote /home/sasakis/v/tools/n2v/examples/FlowConformal/experiments/exp2_prob_scale/outputs/exp2_cifar100_2024_hashemi_clipping.csv
Total wall-clock: 0.1 min
Counts: {'UNSAT': 0, 'SAT': 1, 'UNKNOWN': 0, 'SKIPPED': 0, 'ERROR': 0, 'TIMEOUT': 0}
[run_cell   33/ 100 t= 4792s] idx=32   budget=100s (shell timeout=160s)
[cifar100_2024] running only idx=32; appending to /home/sasakis/v/tools/n2v/examples/FlowConformal/experiments/exp2_prob_scale/outputs/exp2_cifar100_2024_hashemi_clipping.csv
[cifar100_2024] Loaded 1 instances; writing to /home/sasakis/v/tools/n2v/examples/FlowConformal/experiments/exp2_prob_scale/outputs/exp2_cifar100_2024_hashemi_clipping.csv
[cifar100_2024] Hashemi-clipping config: m=8000 ell=7999 epsilon=0.001 SEED=47
[cifar100_2024 1/1 t=0s budget=100s] CIFAR100_resnet_medium.onnx+CIFAR100_resnet_medium_prop_idx_9897_sidx_9124_eps_0.0039.vnnlib
  ... idx=32 TIMEOUT (shell killed at 160s; runner did not finish)
[run_cell   34/ 100 t= 4957s] idx=33   budget=100s (shell timeout=160s)
[cifar100_2024] running only idx=33; appending to /home/sasakis/v/tools/n2v/examples/FlowConformal/experiments/exp2_prob_scale/outputs/exp2_cifar100_2024_hashemi_clipping.csv
[cifar100_2024] Loaded 1 instances; writing to /home/sasakis/v/tools/n2v/examples/FlowConformal/experiments/exp2_prob_scale/outputs/exp2_cifar100_2024_hashemi_clipping.csv
[cifar100_2024] Hashemi-clipping config: m=8000 ell=7999 epsilon=0.001 SEED=47
[cifar100_2024 1/1 t=0s budget=100s] CIFAR100_resnet_medium.onnx+CIFAR100_resnet_medium_prop_idx_5831_sidx_5506_eps_0.0039.vnnlib
  ... idx=33 TIMEOUT (shell killed at 160s; runner did not finish)
[run_cell   35/ 100 t= 5121s] idx=34   budget=100s (shell timeout=160s)
[cifar100_2024] running only idx=34; appending to /home/sasakis/v/tools/n2v/examples/FlowConformal/experiments/exp2_prob_scale/outputs/exp2_cifar100_2024_hashemi_clipping.csv
[cifar100_2024] Loaded 1 instances; writing to /home/sasakis/v/tools/n2v/examples/FlowConformal/experiments/exp2_prob_scale/outputs/exp2_cifar100_2024_hashemi_clipping.csv
[cifar100_2024] Hashemi-clipping config: m=8000 ell=7999 epsilon=0.001 SEED=47
[cifar100_2024 1/1 t=0s budget=100s] CIFAR100_resnet_medium.onnx+CIFAR100_resnet_medium_prop_idx_4169_sidx_9758_eps_0.0039.vnnlib
  ... idx=34 TIMEOUT (shell killed at 160s; runner did not finish)
[run_cell   36/ 100 t= 5285s] idx=35   budget=100s (shell timeout=160s)
[cifar100_2024] running only idx=35; appending to /home/sasakis/v/tools/n2v/examples/FlowConformal/experiments/exp2_prob_scale/outputs/exp2_cifar100_2024_hashemi_clipping.csv
[cifar100_2024] Loaded 1 instances; writing to /home/sasakis/v/tools/n2v/examples/FlowConformal/experiments/exp2_prob_scale/outputs/exp2_cifar100_2024_hashemi_clipping.csv
[cifar100_2024] Hashemi-clipping config: m=8000 ell=7999 epsilon=0.001 SEED=47
[cifar100_2024 1/1 t=0s budget=100s] CIFAR100_resnet_medium.onnx+CIFAR100_resnet_medium_prop_idx_8196_sidx_3864_eps_0.0039.vnnlib
  ... idx=35 TIMEOUT (shell killed at 160s; runner did not finish)
[run_cell   37/ 100 t= 5449s] idx=36   budget=100s (shell timeout=160s)
[cifar100_2024] running only idx=36; appending to /home/sasakis/v/tools/n2v/examples/FlowConformal/experiments/exp2_prob_scale/outputs/exp2_cifar100_2024_hashemi_clipping.csv
[cifar100_2024] Loaded 1 instances; writing to /home/sasakis/v/tools/n2v/examples/FlowConformal/experiments/exp2_prob_scale/outputs/exp2_cifar100_2024_hashemi_clipping.csv
[cifar100_2024] Hashemi-clipping config: m=8000 ell=7999 epsilon=0.001 SEED=47
[cifar100_2024 1/1 t=0s budget=100s] CIFAR100_resnet_medium.onnx+CIFAR100_resnet_medium_prop_idx_6583_sidx_8860_eps_0.0039.vnnlib
  ... idx=36 TIMEOUT (shell killed at 160s; runner did not finish)
[run_cell   38/ 100 t= 5614s] idx=37   budget=100s (shell timeout=160s)
[cifar100_2024] running only idx=37; appending to /home/sasakis/v/tools/n2v/examples/FlowConformal/experiments/exp2_prob_scale/outputs/exp2_cifar100_2024_hashemi_clipping.csv
[cifar100_2024] Loaded 1 instances; writing to /home/sasakis/v/tools/n2v/examples/FlowConformal/experiments/exp2_prob_scale/outputs/exp2_cifar100_2024_hashemi_clipping.csv
[cifar100_2024] Hashemi-clipping config: m=8000 ell=7999 epsilon=0.001 SEED=47
[cifar100_2024 1/1 t=0s budget=100s] CIFAR100_resnet_medium.onnx+CIFAR100_resnet_medium_prop_idx_8523_sidx_9936_eps_0.0039.vnnlib
  ... idx=37 TIMEOUT (shell killed at 160s; runner did not finish)
[run_cell   39/ 100 t= 5778s] idx=38   budget=100s (shell timeout=160s)
[cifar100_2024] running only idx=38; appending to /home/sasakis/v/tools/n2v/examples/FlowConformal/experiments/exp2_prob_scale/outputs/exp2_cifar100_2024_hashemi_clipping.csv
[cifar100_2024] Loaded 1 instances; writing to /home/sasakis/v/tools/n2v/examples/FlowConformal/experiments/exp2_prob_scale/outputs/exp2_cifar100_2024_hashemi_clipping.csv
[cifar100_2024] Hashemi-clipping config: m=8000 ell=7999 epsilon=0.001 SEED=47
[cifar100_2024 1/1 t=0s budget=100s] CIFAR100_resnet_medium.onnx+CIFAR100_resnet_medium_prop_idx_3418_sidx_4225_eps_0.0039.vnnlib
  ... idx=38 TIMEOUT (shell killed at 160s; runner did not finish)
[run_cell   40/ 100 t= 5943s] idx=39   budget=100s (shell timeout=160s)
[cifar100_2024] running only idx=39; appending to /home/sasakis/v/tools/n2v/examples/FlowConformal/experiments/exp2_prob_scale/outputs/exp2_cifar100_2024_hashemi_clipping.csv
[cifar100_2024] Loaded 1 instances; writing to /home/sasakis/v/tools/n2v/examples/FlowConformal/experiments/exp2_prob_scale/outputs/exp2_cifar100_2024_hashemi_clipping.csv
[cifar100_2024] Hashemi-clipping config: m=8000 ell=7999 epsilon=0.001 SEED=47
[cifar100_2024 1/1 t=0s budget=100s] CIFAR100_resnet_medium.onnx+CIFAR100_resnet_medium_prop_idx_7431_sidx_7329_eps_0.0039.vnnlib
    verdict=SAT  wall=3.7s

=== Sweep complete ===
Wrote /home/sasakis/v/tools/n2v/examples/FlowConformal/experiments/exp2_prob_scale/outputs/exp2_cifar100_2024_hashemi_clipping.csv
Total wall-clock: 0.1 min
Counts: {'UNSAT': 0, 'SAT': 1, 'UNKNOWN': 0, 'SKIPPED': 0, 'ERROR': 0, 'TIMEOUT': 0}
[run_cell   41/ 100 t= 5951s] idx=40   budget=100s (shell timeout=160s)
[cifar100_2024] running only idx=40; appending to /home/sasakis/v/tools/n2v/examples/FlowConformal/experiments/exp2_prob_scale/outputs/exp2_cifar100_2024_hashemi_clipping.csv
[cifar100_2024] Loaded 1 instances; writing to /home/sasakis/v/tools/n2v/examples/FlowConformal/experiments/exp2_prob_scale/outputs/exp2_cifar100_2024_hashemi_clipping.csv
[cifar100_2024] Hashemi-clipping config: m=8000 ell=7999 epsilon=0.001 SEED=47
[cifar100_2024 1/1 t=0s budget=100s] CIFAR100_resnet_medium.onnx+CIFAR100_resnet_medium_prop_idx_6010_sidx_5369_eps_0.0039.vnnlib
  ... idx=40 TIMEOUT (shell killed at 160s; runner did not finish)
[run_cell   42/ 100 t= 6116s] idx=41   budget=100s (shell timeout=160s)
[cifar100_2024] running only idx=41; appending to /home/sasakis/v/tools/n2v/examples/FlowConformal/experiments/exp2_prob_scale/outputs/exp2_cifar100_2024_hashemi_clipping.csv
[cifar100_2024] Loaded 1 instances; writing to /home/sasakis/v/tools/n2v/examples/FlowConformal/experiments/exp2_prob_scale/outputs/exp2_cifar100_2024_hashemi_clipping.csv
[cifar100_2024] Hashemi-clipping config: m=8000 ell=7999 epsilon=0.001 SEED=47
[cifar100_2024 1/1 t=0s budget=100s] CIFAR100_resnet_medium.onnx+CIFAR100_resnet_medium_prop_idx_5127_sidx_993_eps_0.0039.vnnlib
  ... idx=41 TIMEOUT (shell killed at 160s; runner did not finish)
[run_cell   43/ 100 t= 6280s] idx=42   budget=100s (shell timeout=160s)
[cifar100_2024] running only idx=42; appending to /home/sasakis/v/tools/n2v/examples/FlowConformal/experiments/exp2_prob_scale/outputs/exp2_cifar100_2024_hashemi_clipping.csv
[cifar100_2024] Loaded 1 instances; writing to /home/sasakis/v/tools/n2v/examples/FlowConformal/experiments/exp2_prob_scale/outputs/exp2_cifar100_2024_hashemi_clipping.csv
[cifar100_2024] Hashemi-clipping config: m=8000 ell=7999 epsilon=0.001 SEED=47
[cifar100_2024 1/1 t=0s budget=100s] CIFAR100_resnet_medium.onnx+CIFAR100_resnet_medium_prop_idx_6263_sidx_7644_eps_0.0039.vnnlib
  ... idx=42 TIMEOUT (shell killed at 160s; runner did not finish)
[run_cell   44/ 100 t= 6445s] idx=43   budget=100s (shell timeout=160s)
[cifar100_2024] running only idx=43; appending to /home/sasakis/v/tools/n2v/examples/FlowConformal/experiments/exp2_prob_scale/outputs/exp2_cifar100_2024_hashemi_clipping.csv
[cifar100_2024] Loaded 1 instances; writing to /home/sasakis/v/tools/n2v/examples/FlowConformal/experiments/exp2_prob_scale/outputs/exp2_cifar100_2024_hashemi_clipping.csv
[cifar100_2024] Hashemi-clipping config: m=8000 ell=7999 epsilon=0.001 SEED=47
[cifar100_2024 1/1 t=0s budget=100s] CIFAR100_resnet_medium.onnx+CIFAR100_resnet_medium_prop_idx_5001_sidx_1154_eps_0.0039.vnnlib
    verdict=SAT  wall=2.5s

=== Sweep complete ===
Wrote /home/sasakis/v/tools/n2v/examples/FlowConformal/experiments/exp2_prob_scale/outputs/exp2_cifar100_2024_hashemi_clipping.csv
Total wall-clock: 0.0 min
Counts: {'UNSAT': 0, 'SAT': 1, 'UNKNOWN': 0, 'SKIPPED': 0, 'ERROR': 0, 'TIMEOUT': 0}
[run_cell   45/ 100 t= 6452s] idx=44   budget=100s (shell timeout=160s)
[cifar100_2024] running only idx=44; appending to /home/sasakis/v/tools/n2v/examples/FlowConformal/experiments/exp2_prob_scale/outputs/exp2_cifar100_2024_hashemi_clipping.csv
[cifar100_2024] Loaded 1 instances; writing to /home/sasakis/v/tools/n2v/examples/FlowConformal/experiments/exp2_prob_scale/outputs/exp2_cifar100_2024_hashemi_clipping.csv
[cifar100_2024] Hashemi-clipping config: m=8000 ell=7999 epsilon=0.001 SEED=47
[cifar100_2024 1/1 t=0s budget=100s] CIFAR100_resnet_medium.onnx+CIFAR100_resnet_medium_prop_idx_4597_sidx_282_eps_0.0039.vnnlib
  ... idx=44 TIMEOUT (shell killed at 160s; runner did not finish)
[run_cell   46/ 100 t= 6617s] idx=45   budget=100s (shell timeout=160s)
[cifar100_2024] running only idx=45; appending to /home/sasakis/v/tools/n2v/examples/FlowConformal/experiments/exp2_prob_scale/outputs/exp2_cifar100_2024_hashemi_clipping.csv
[cifar100_2024] Loaded 1 instances; writing to /home/sasakis/v/tools/n2v/examples/FlowConformal/experiments/exp2_prob_scale/outputs/exp2_cifar100_2024_hashemi_clipping.csv
[cifar100_2024] Hashemi-clipping config: m=8000 ell=7999 epsilon=0.001 SEED=47
[cifar100_2024 1/1 t=0s budget=100s] CIFAR100_resnet_medium.onnx+CIFAR100_resnet_medium_prop_idx_3184_sidx_9092_eps_0.0039.vnnlib
  ... idx=45 TIMEOUT (shell killed at 160s; runner did not finish)
[run_cell   47/ 100 t= 6781s] idx=46   budget=100s (shell timeout=160s)
[cifar100_2024] running only idx=46; appending to /home/sasakis/v/tools/n2v/examples/FlowConformal/experiments/exp2_prob_scale/outputs/exp2_cifar100_2024_hashemi_clipping.csv
[cifar100_2024] Loaded 1 instances; writing to /home/sasakis/v/tools/n2v/examples/FlowConformal/experiments/exp2_prob_scale/outputs/exp2_cifar100_2024_hashemi_clipping.csv
[cifar100_2024] Hashemi-clipping config: m=8000 ell=7999 epsilon=0.001 SEED=47
[cifar100_2024 1/1 t=0s budget=100s] CIFAR100_resnet_medium.onnx+CIFAR100_resnet_medium_prop_idx_3343_sidx_1406_eps_0.0039.vnnlib
  ... idx=46 TIMEOUT (shell killed at 160s; runner did not finish)
[run_cell   48/ 100 t= 6945s] idx=47   budget=100s (shell timeout=160s)
[cifar100_2024] running only idx=47; appending to /home/sasakis/v/tools/n2v/examples/FlowConformal/experiments/exp2_prob_scale/outputs/exp2_cifar100_2024_hashemi_clipping.csv
[cifar100_2024] Loaded 1 instances; writing to /home/sasakis/v/tools/n2v/examples/FlowConformal/experiments/exp2_prob_scale/outputs/exp2_cifar100_2024_hashemi_clipping.csv
[cifar100_2024] Hashemi-clipping config: m=8000 ell=7999 epsilon=0.001 SEED=47
[cifar100_2024 1/1 t=0s budget=100s] CIFAR100_resnet_medium.onnx+CIFAR100_resnet_medium_prop_idx_8330_sidx_7593_eps_0.0039.vnnlib
  ... idx=47 TIMEOUT (shell killed at 160s; runner did not finish)
[run_cell   49/ 100 t= 7110s] idx=48   budget=100s (shell timeout=160s)
[cifar100_2024] running only idx=48; appending to /home/sasakis/v/tools/n2v/examples/FlowConformal/experiments/exp2_prob_scale/outputs/exp2_cifar100_2024_hashemi_clipping.csv
[cifar100_2024] Loaded 1 instances; writing to /home/sasakis/v/tools/n2v/examples/FlowConformal/experiments/exp2_prob_scale/outputs/exp2_cifar100_2024_hashemi_clipping.csv
[cifar100_2024] Hashemi-clipping config: m=8000 ell=7999 epsilon=0.001 SEED=47
[cifar100_2024 1/1 t=0s budget=100s] CIFAR100_resnet_medium.onnx+CIFAR100_resnet_medium_prop_idx_5634_sidx_9441_eps_0.0039.vnnlib
    verdict=SAT  wall=3.6s

=== Sweep complete ===
Wrote /home/sasakis/v/tools/n2v/examples/FlowConformal/experiments/exp2_prob_scale/outputs/exp2_cifar100_2024_hashemi_clipping.csv
Total wall-clock: 0.1 min
Counts: {'UNSAT': 0, 'SAT': 1, 'UNKNOWN': 0, 'SKIPPED': 0, 'ERROR': 0, 'TIMEOUT': 0}
[run_cell   50/ 100 t= 7118s] idx=49   budget=100s (shell timeout=160s)
[cifar100_2024] running only idx=49; appending to /home/sasakis/v/tools/n2v/examples/FlowConformal/experiments/exp2_prob_scale/outputs/exp2_cifar100_2024_hashemi_clipping.csv
[cifar100_2024] Loaded 1 instances; writing to /home/sasakis/v/tools/n2v/examples/FlowConformal/experiments/exp2_prob_scale/outputs/exp2_cifar100_2024_hashemi_clipping.csv
[cifar100_2024] Hashemi-clipping config: m=8000 ell=7999 epsilon=0.001 SEED=47
[cifar100_2024 1/1 t=0s budget=100s] CIFAR100_resnet_medium.onnx+CIFAR100_resnet_medium_prop_idx_7478_sidx_6593_eps_0.0039.vnnlib
  ... idx=49 TIMEOUT (shell killed at 160s; runner did not finish)
[run_cell   51/ 100 t= 7283s] idx=50   budget=100s (shell timeout=160s)
[cifar100_2024] running only idx=50; appending to /home/sasakis/v/tools/n2v/examples/FlowConformal/experiments/exp2_prob_scale/outputs/exp2_cifar100_2024_hashemi_clipping.csv
[cifar100_2024] Loaded 1 instances; writing to /home/sasakis/v/tools/n2v/examples/FlowConformal/experiments/exp2_prob_scale/outputs/exp2_cifar100_2024_hashemi_clipping.csv
[cifar100_2024] Hashemi-clipping config: m=8000 ell=7999 epsilon=0.001 SEED=47
[cifar100_2024 1/1 t=0s budget=100s] CIFAR100_resnet_medium.onnx+CIFAR100_resnet_medium_prop_idx_913_sidx_2404_eps_0.0039.vnnlib
  ... idx=50 TIMEOUT (shell killed at 160s; runner did not finish)
[run_cell   52/ 100 t= 7447s] idx=51   budget=100s (shell timeout=160s)
[cifar100_2024] running only idx=51; appending to /home/sasakis/v/tools/n2v/examples/FlowConformal/experiments/exp2_prob_scale/outputs/exp2_cifar100_2024_hashemi_clipping.csv
[cifar100_2024] Loaded 1 instances; writing to /home/sasakis/v/tools/n2v/examples/FlowConformal/experiments/exp2_prob_scale/outputs/exp2_cifar100_2024_hashemi_clipping.csv
[cifar100_2024] Hashemi-clipping config: m=8000 ell=7999 epsilon=0.001 SEED=47
[cifar100_2024 1/1 t=0s budget=100s] CIFAR100_resnet_medium.onnx+CIFAR100_resnet_medium_prop_idx_1761_sidx_3933_eps_0.0039.vnnlib
  ... idx=51 TIMEOUT (shell killed at 160s; runner did not finish)
[run_cell   53/ 100 t= 7612s] idx=52   budget=100s (shell timeout=160s)
[cifar100_2024] running only idx=52; appending to /home/sasakis/v/tools/n2v/examples/FlowConformal/experiments/exp2_prob_scale/outputs/exp2_cifar100_2024_hashemi_clipping.csv
[cifar100_2024] Loaded 1 instances; writing to /home/sasakis/v/tools/n2v/examples/FlowConformal/experiments/exp2_prob_scale/outputs/exp2_cifar100_2024_hashemi_clipping.csv
[cifar100_2024] Hashemi-clipping config: m=8000 ell=7999 epsilon=0.001 SEED=47
[cifar100_2024 1/1 t=0s budget=100s] CIFAR100_resnet_medium.onnx+CIFAR100_resnet_medium_prop_idx_1798_sidx_1061_eps_0.0039.vnnlib
  ... idx=52 TIMEOUT (shell killed at 160s; runner did not finish)
[run_cell   54/ 100 t= 7776s] idx=53   budget=100s (shell timeout=160s)
[cifar100_2024] running only idx=53; appending to /home/sasakis/v/tools/n2v/examples/FlowConformal/experiments/exp2_prob_scale/outputs/exp2_cifar100_2024_hashemi_clipping.csv
[cifar100_2024] Loaded 1 instances; writing to /home/sasakis/v/tools/n2v/examples/FlowConformal/experiments/exp2_prob_scale/outputs/exp2_cifar100_2024_hashemi_clipping.csv
[cifar100_2024] Hashemi-clipping config: m=8000 ell=7999 epsilon=0.001 SEED=47
[cifar100_2024 1/1 t=0s budget=100s] CIFAR100_resnet_medium.onnx+CIFAR100_resnet_medium_prop_idx_8450_sidx_9332_eps_0.0039.vnnlib
  ... idx=53 TIMEOUT (shell killed at 160s; runner did not finish)
[run_cell   55/ 100 t= 7941s] idx=54   budget=100s (shell timeout=160s)
[cifar100_2024] running only idx=54; appending to /home/sasakis/v/tools/n2v/examples/FlowConformal/experiments/exp2_prob_scale/outputs/exp2_cifar100_2024_hashemi_clipping.csv
[cifar100_2024] Loaded 1 instances; writing to /home/sasakis/v/tools/n2v/examples/FlowConformal/experiments/exp2_prob_scale/outputs/exp2_cifar100_2024_hashemi_clipping.csv
[cifar100_2024] Hashemi-clipping config: m=8000 ell=7999 epsilon=0.001 SEED=47
[cifar100_2024 1/1 t=0s budget=100s] CIFAR100_resnet_medium.onnx+CIFAR100_resnet_medium_prop_idx_1592_sidx_3741_eps_0.0039.vnnlib
    verdict=SAT  wall=3.9s

=== Sweep complete ===
Wrote /home/sasakis/v/tools/n2v/examples/FlowConformal/experiments/exp2_prob_scale/outputs/exp2_cifar100_2024_hashemi_clipping.csv
Total wall-clock: 0.1 min
Counts: {'UNSAT': 0, 'SAT': 1, 'UNKNOWN': 0, 'SKIPPED': 0, 'ERROR': 0, 'TIMEOUT': 0}
[run_cell   56/ 100 t= 7949s] idx=55   budget=100s (shell timeout=160s)
[cifar100_2024] running only idx=55; appending to /home/sasakis/v/tools/n2v/examples/FlowConformal/experiments/exp2_prob_scale/outputs/exp2_cifar100_2024_hashemi_clipping.csv
[cifar100_2024] Loaded 1 instances; writing to /home/sasakis/v/tools/n2v/examples/FlowConformal/experiments/exp2_prob_scale/outputs/exp2_cifar100_2024_hashemi_clipping.csv
[cifar100_2024] Hashemi-clipping config: m=8000 ell=7999 epsilon=0.001 SEED=47
[cifar100_2024 1/1 t=0s budget=100s] CIFAR100_resnet_medium.onnx+CIFAR100_resnet_medium_prop_idx_230_sidx_1968_eps_0.0039.vnnlib
  ... idx=55 TIMEOUT (shell killed at 160s; runner did not finish)
[run_cell   57/ 100 t= 8114s] idx=56   budget=100s (shell timeout=160s)
[cifar100_2024] running only idx=56; appending to /home/sasakis/v/tools/n2v/examples/FlowConformal/experiments/exp2_prob_scale/outputs/exp2_cifar100_2024_hashemi_clipping.csv
[cifar100_2024] Loaded 1 instances; writing to /home/sasakis/v/tools/n2v/examples/FlowConformal/experiments/exp2_prob_scale/outputs/exp2_cifar100_2024_hashemi_clipping.csv
[cifar100_2024] Hashemi-clipping config: m=8000 ell=7999 epsilon=0.001 SEED=47
[cifar100_2024 1/1 t=0s budget=100s] CIFAR100_resnet_medium.onnx+CIFAR100_resnet_medium_prop_idx_5791_sidx_5659_eps_0.0039.vnnlib
  ... idx=56 TIMEOUT (shell killed at 160s; runner did not finish)
[run_cell   58/ 100 t= 8278s] idx=57   budget=100s (shell timeout=160s)
[cifar100_2024] running only idx=57; appending to /home/sasakis/v/tools/n2v/examples/FlowConformal/experiments/exp2_prob_scale/outputs/exp2_cifar100_2024_hashemi_clipping.csv
[cifar100_2024] Loaded 1 instances; writing to /home/sasakis/v/tools/n2v/examples/FlowConformal/experiments/exp2_prob_scale/outputs/exp2_cifar100_2024_hashemi_clipping.csv
[cifar100_2024] Hashemi-clipping config: m=8000 ell=7999 epsilon=0.001 SEED=47
[cifar100_2024 1/1 t=0s budget=100s] CIFAR100_resnet_medium.onnx+CIFAR100_resnet_medium_prop_idx_4475_sidx_752_eps_0.0039.vnnlib
  ... idx=57 TIMEOUT (shell killed at 160s; runner did not finish)
[run_cell   59/ 100 t= 8443s] idx=58   budget=100s (shell timeout=160s)
[cifar100_2024] running only idx=58; appending to /home/sasakis/v/tools/n2v/examples/FlowConformal/experiments/exp2_prob_scale/outputs/exp2_cifar100_2024_hashemi_clipping.csv
[cifar100_2024] Loaded 1 instances; writing to /home/sasakis/v/tools/n2v/examples/FlowConformal/experiments/exp2_prob_scale/outputs/exp2_cifar100_2024_hashemi_clipping.csv
[cifar100_2024] Hashemi-clipping config: m=8000 ell=7999 epsilon=0.001 SEED=47
[cifar100_2024 1/1 t=0s budget=100s] CIFAR100_resnet_medium.onnx+CIFAR100_resnet_medium_prop_idx_3247_sidx_1605_eps_0.0039.vnnlib
  ... idx=58 TIMEOUT (shell killed at 160s; runner did not finish)
[run_cell   60/ 100 t= 8607s] idx=59   budget=100s (shell timeout=160s)
[cifar100_2024] running only idx=59; appending to /home/sasakis/v/tools/n2v/examples/FlowConformal/experiments/exp2_prob_scale/outputs/exp2_cifar100_2024_hashemi_clipping.csv
[cifar100_2024] Loaded 1 instances; writing to /home/sasakis/v/tools/n2v/examples/FlowConformal/experiments/exp2_prob_scale/outputs/exp2_cifar100_2024_hashemi_clipping.csv
[cifar100_2024] Hashemi-clipping config: m=8000 ell=7999 epsilon=0.001 SEED=47
[cifar100_2024 1/1 t=0s budget=100s] CIFAR100_resnet_medium.onnx+CIFAR100_resnet_medium_prop_idx_2557_sidx_6196_eps_0.0039.vnnlib
  ... idx=59 TIMEOUT (shell killed at 160s; runner did not finish)
[run_cell   61/ 100 t= 8772s] idx=60   budget=100s (shell timeout=160s)
[cifar100_2024] running only idx=60; appending to /home/sasakis/v/tools/n2v/examples/FlowConformal/experiments/exp2_prob_scale/outputs/exp2_cifar100_2024_hashemi_clipping.csv
[cifar100_2024] Loaded 1 instances; writing to /home/sasakis/v/tools/n2v/examples/FlowConformal/experiments/exp2_prob_scale/outputs/exp2_cifar100_2024_hashemi_clipping.csv
[cifar100_2024] Hashemi-clipping config: m=8000 ell=7999 epsilon=0.001 SEED=47
[cifar100_2024 1/1 t=0s budget=100s] CIFAR100_resnet_medium.onnx+CIFAR100_resnet_medium_prop_idx_4191_sidx_3301_eps_0.0039.vnnlib
  ... idx=60 TIMEOUT (shell killed at 160s; runner did not finish)
[run_cell   62/ 100 t= 8936s] idx=61   budget=100s (shell timeout=160s)
[cifar100_2024] running only idx=61; appending to /home/sasakis/v/tools/n2v/examples/FlowConformal/experiments/exp2_prob_scale/outputs/exp2_cifar100_2024_hashemi_clipping.csv
[cifar100_2024] Loaded 1 instances; writing to /home/sasakis/v/tools/n2v/examples/FlowConformal/experiments/exp2_prob_scale/outputs/exp2_cifar100_2024_hashemi_clipping.csv
[cifar100_2024] Hashemi-clipping config: m=8000 ell=7999 epsilon=0.001 SEED=47
[cifar100_2024 1/1 t=0s budget=100s] CIFAR100_resnet_medium.onnx+CIFAR100_resnet_medium_prop_idx_2697_sidx_4836_eps_0.0039.vnnlib
    verdict=SAT  wall=3.6s

=== Sweep complete ===
Wrote /home/sasakis/v/tools/n2v/examples/FlowConformal/experiments/exp2_prob_scale/outputs/exp2_cifar100_2024_hashemi_clipping.csv
Total wall-clock: 0.1 min
Counts: {'UNSAT': 0, 'SAT': 1, 'UNKNOWN': 0, 'SKIPPED': 0, 'ERROR': 0, 'TIMEOUT': 0}
[run_cell   63/ 100 t= 8945s] idx=62   budget=100s (shell timeout=160s)
[cifar100_2024] running only idx=62; appending to /home/sasakis/v/tools/n2v/examples/FlowConformal/experiments/exp2_prob_scale/outputs/exp2_cifar100_2024_hashemi_clipping.csv
[cifar100_2024] Loaded 1 instances; writing to /home/sasakis/v/tools/n2v/examples/FlowConformal/experiments/exp2_prob_scale/outputs/exp2_cifar100_2024_hashemi_clipping.csv
[cifar100_2024] Hashemi-clipping config: m=8000 ell=7999 epsilon=0.001 SEED=47
[cifar100_2024 1/1 t=0s budget=100s] CIFAR100_resnet_medium.onnx+CIFAR100_resnet_medium_prop_idx_9665_sidx_9074_eps_0.0039.vnnlib
  ... idx=62 TIMEOUT (shell killed at 160s; runner did not finish)
[run_cell   64/ 100 t= 9109s] idx=63   budget=100s (shell timeout=160s)
[cifar100_2024] running only idx=63; appending to /home/sasakis/v/tools/n2v/examples/FlowConformal/experiments/exp2_prob_scale/outputs/exp2_cifar100_2024_hashemi_clipping.csv
[cifar100_2024] Loaded 1 instances; writing to /home/sasakis/v/tools/n2v/examples/FlowConformal/experiments/exp2_prob_scale/outputs/exp2_cifar100_2024_hashemi_clipping.csv
[cifar100_2024] Hashemi-clipping config: m=8000 ell=7999 epsilon=0.001 SEED=47
[cifar100_2024 1/1 t=0s budget=100s] CIFAR100_resnet_medium.onnx+CIFAR100_resnet_medium_prop_idx_9518_sidx_9183_eps_0.0039.vnnlib
  ... idx=63 TIMEOUT (shell killed at 160s; runner did not finish)
[run_cell   65/ 100 t= 9274s] idx=64   budget=100s (shell timeout=160s)
[cifar100_2024] running only idx=64; appending to /home/sasakis/v/tools/n2v/examples/FlowConformal/experiments/exp2_prob_scale/outputs/exp2_cifar100_2024_hashemi_clipping.csv
[cifar100_2024] Loaded 1 instances; writing to /home/sasakis/v/tools/n2v/examples/FlowConformal/experiments/exp2_prob_scale/outputs/exp2_cifar100_2024_hashemi_clipping.csv
[cifar100_2024] Hashemi-clipping config: m=8000 ell=7999 epsilon=0.001 SEED=47
[cifar100_2024 1/1 t=0s budget=100s] CIFAR100_resnet_medium.onnx+CIFAR100_resnet_medium_prop_idx_5973_sidx_7841_eps_0.0039.vnnlib
    verdict=SAT  wall=3.9s

=== Sweep complete ===
Wrote /home/sasakis/v/tools/n2v/examples/FlowConformal/experiments/exp2_prob_scale/outputs/exp2_cifar100_2024_hashemi_clipping.csv
Total wall-clock: 0.1 min
Counts: {'UNSAT': 0, 'SAT': 1, 'UNKNOWN': 0, 'SKIPPED': 0, 'ERROR': 0, 'TIMEOUT': 0}
[run_cell   66/ 100 t= 9282s] idx=65   budget=100s (shell timeout=160s)
[cifar100_2024] running only idx=65; appending to /home/sasakis/v/tools/n2v/examples/FlowConformal/experiments/exp2_prob_scale/outputs/exp2_cifar100_2024_hashemi_clipping.csv
[cifar100_2024] Loaded 1 instances; writing to /home/sasakis/v/tools/n2v/examples/FlowConformal/experiments/exp2_prob_scale/outputs/exp2_cifar100_2024_hashemi_clipping.csv
[cifar100_2024] Hashemi-clipping config: m=8000 ell=7999 epsilon=0.001 SEED=47
[cifar100_2024 1/1 t=0s budget=100s] CIFAR100_resnet_medium.onnx+CIFAR100_resnet_medium_prop_idx_9845_sidx_200_eps_0.0039.vnnlib
    verdict=SAT  wall=3.6s

=== Sweep complete ===
Wrote /home/sasakis/v/tools/n2v/examples/FlowConformal/experiments/exp2_prob_scale/outputs/exp2_cifar100_2024_hashemi_clipping.csv
Total wall-clock: 0.1 min
Counts: {'UNSAT': 0, 'SAT': 1, 'UNKNOWN': 0, 'SKIPPED': 0, 'ERROR': 0, 'TIMEOUT': 0}
[run_cell   67/ 100 t= 9291s] idx=66   budget=100s (shell timeout=160s)
[cifar100_2024] running only idx=66; appending to /home/sasakis/v/tools/n2v/examples/FlowConformal/experiments/exp2_prob_scale/outputs/exp2_cifar100_2024_hashemi_clipping.csv
[cifar100_2024] Loaded 1 instances; writing to /home/sasakis/v/tools/n2v/examples/FlowConformal/experiments/exp2_prob_scale/outputs/exp2_cifar100_2024_hashemi_clipping.csv
[cifar100_2024] Hashemi-clipping config: m=8000 ell=7999 epsilon=0.001 SEED=47
[cifar100_2024 1/1 t=0s budget=100s] CIFAR100_resnet_medium.onnx+CIFAR100_resnet_medium_prop_idx_2779_sidx_6416_eps_0.0039.vnnlib
  ... idx=66 TIMEOUT (shell killed at 160s; runner did not finish)
[run_cell   68/ 100 t= 9455s] idx=67   budget=100s (shell timeout=160s)
[cifar100_2024] running only idx=67; appending to /home/sasakis/v/tools/n2v/examples/FlowConformal/experiments/exp2_prob_scale/outputs/exp2_cifar100_2024_hashemi_clipping.csv
[cifar100_2024] Loaded 1 instances; writing to /home/sasakis/v/tools/n2v/examples/FlowConformal/experiments/exp2_prob_scale/outputs/exp2_cifar100_2024_hashemi_clipping.csv
[cifar100_2024] Hashemi-clipping config: m=8000 ell=7999 epsilon=0.001 SEED=47
[cifar100_2024 1/1 t=0s budget=100s] CIFAR100_resnet_medium.onnx+CIFAR100_resnet_medium_prop_idx_6292_sidx_5430_eps_0.0039.vnnlib
  ... idx=67 TIMEOUT (shell killed at 160s; runner did not finish)
[run_cell   69/ 100 t= 9620s] idx=68   budget=100s (shell timeout=160s)
[cifar100_2024] running only idx=68; appending to /home/sasakis/v/tools/n2v/examples/FlowConformal/experiments/exp2_prob_scale/outputs/exp2_cifar100_2024_hashemi_clipping.csv
[cifar100_2024] Loaded 1 instances; writing to /home/sasakis/v/tools/n2v/examples/FlowConformal/experiments/exp2_prob_scale/outputs/exp2_cifar100_2024_hashemi_clipping.csv
[cifar100_2024] Hashemi-clipping config: m=8000 ell=7999 epsilon=0.001 SEED=47
[cifar100_2024 1/1 t=0s budget=100s] CIFAR100_resnet_medium.onnx+CIFAR100_resnet_medium_prop_idx_8642_sidx_9095_eps_0.0039.vnnlib
  ... idx=68 TIMEOUT (shell killed at 160s; runner did not finish)
[run_cell   70/ 100 t= 9784s] idx=69   budget=100s (shell timeout=160s)
[cifar100_2024] running only idx=69; appending to /home/sasakis/v/tools/n2v/examples/FlowConformal/experiments/exp2_prob_scale/outputs/exp2_cifar100_2024_hashemi_clipping.csv
[cifar100_2024] Loaded 1 instances; writing to /home/sasakis/v/tools/n2v/examples/FlowConformal/experiments/exp2_prob_scale/outputs/exp2_cifar100_2024_hashemi_clipping.csv
[cifar100_2024] Hashemi-clipping config: m=8000 ell=7999 epsilon=0.001 SEED=47
[cifar100_2024 1/1 t=0s budget=100s] CIFAR100_resnet_medium.onnx+CIFAR100_resnet_medium_prop_idx_6049_sidx_4719_eps_0.0039.vnnlib
    verdict=SAT  wall=3.8s

=== Sweep complete ===
Wrote /home/sasakis/v/tools/n2v/examples/FlowConformal/experiments/exp2_prob_scale/outputs/exp2_cifar100_2024_hashemi_clipping.csv
Total wall-clock: 0.1 min
Counts: {'UNSAT': 0, 'SAT': 1, 'UNKNOWN': 0, 'SKIPPED': 0, 'ERROR': 0, 'TIMEOUT': 0}
[run_cell   71/ 100 t= 9793s] idx=70   budget=100s (shell timeout=160s)
[cifar100_2024] running only idx=70; appending to /home/sasakis/v/tools/n2v/examples/FlowConformal/experiments/exp2_prob_scale/outputs/exp2_cifar100_2024_hashemi_clipping.csv
[cifar100_2024] Loaded 1 instances; writing to /home/sasakis/v/tools/n2v/examples/FlowConformal/experiments/exp2_prob_scale/outputs/exp2_cifar100_2024_hashemi_clipping.csv
[cifar100_2024] Hashemi-clipping config: m=8000 ell=7999 epsilon=0.001 SEED=47
[cifar100_2024 1/1 t=0s budget=100s] CIFAR100_resnet_medium.onnx+CIFAR100_resnet_medium_prop_idx_8739_sidx_1540_eps_0.0039.vnnlib
  ... idx=70 TIMEOUT (shell killed at 160s; runner did not finish)
[run_cell   72/ 100 t= 9957s] idx=71   budget=100s (shell timeout=160s)
[cifar100_2024] running only idx=71; appending to /home/sasakis/v/tools/n2v/examples/FlowConformal/experiments/exp2_prob_scale/outputs/exp2_cifar100_2024_hashemi_clipping.csv
[cifar100_2024] Loaded 1 instances; writing to /home/sasakis/v/tools/n2v/examples/FlowConformal/experiments/exp2_prob_scale/outputs/exp2_cifar100_2024_hashemi_clipping.csv
[cifar100_2024] Hashemi-clipping config: m=8000 ell=7999 epsilon=0.001 SEED=47
[cifar100_2024 1/1 t=0s budget=100s] CIFAR100_resnet_medium.onnx+CIFAR100_resnet_medium_prop_idx_7034_sidx_4129_eps_0.0039.vnnlib
  ... idx=71 TIMEOUT (shell killed at 160s; runner did not finish)
[run_cell   73/ 100 t=10122s] idx=72   budget=100s (shell timeout=160s)
[cifar100_2024] running only idx=72; appending to /home/sasakis/v/tools/n2v/examples/FlowConformal/experiments/exp2_prob_scale/outputs/exp2_cifar100_2024_hashemi_clipping.csv
[cifar100_2024] Loaded 1 instances; writing to /home/sasakis/v/tools/n2v/examples/FlowConformal/experiments/exp2_prob_scale/outputs/exp2_cifar100_2024_hashemi_clipping.csv
[cifar100_2024] Hashemi-clipping config: m=8000 ell=7999 epsilon=0.001 SEED=47
[cifar100_2024 1/1 t=0s budget=100s] CIFAR100_resnet_medium.onnx+CIFAR100_resnet_medium_prop_idx_1498_sidx_792_eps_0.0039.vnnlib
  ... idx=72 TIMEOUT (shell killed at 160s; runner did not finish)
[run_cell   74/ 100 t=10286s] idx=73   budget=100s (shell timeout=160s)
[cifar100_2024] running only idx=73; appending to /home/sasakis/v/tools/n2v/examples/FlowConformal/experiments/exp2_prob_scale/outputs/exp2_cifar100_2024_hashemi_clipping.csv
[cifar100_2024] Loaded 1 instances; writing to /home/sasakis/v/tools/n2v/examples/FlowConformal/experiments/exp2_prob_scale/outputs/exp2_cifar100_2024_hashemi_clipping.csv
[cifar100_2024] Hashemi-clipping config: m=8000 ell=7999 epsilon=0.001 SEED=47
[cifar100_2024 1/1 t=0s budget=100s] CIFAR100_resnet_medium.onnx+CIFAR100_resnet_medium_prop_idx_3898_sidx_9109_eps_0.0039.vnnlib
  ... idx=73 TIMEOUT (shell killed at 160s; runner did not finish)
[run_cell   75/ 100 t=10451s] idx=74   budget=100s (shell timeout=160s)
[cifar100_2024] running only idx=74; appending to /home/sasakis/v/tools/n2v/examples/FlowConformal/experiments/exp2_prob_scale/outputs/exp2_cifar100_2024_hashemi_clipping.csv
[cifar100_2024] Loaded 1 instances; writing to /home/sasakis/v/tools/n2v/examples/FlowConformal/experiments/exp2_prob_scale/outputs/exp2_cifar100_2024_hashemi_clipping.csv
[cifar100_2024] Hashemi-clipping config: m=8000 ell=7999 epsilon=0.001 SEED=47
[cifar100_2024 1/1 t=0s budget=100s] CIFAR100_resnet_medium.onnx+CIFAR100_resnet_medium_prop_idx_854_sidx_6893_eps_0.0039.vnnlib
  ... idx=74 TIMEOUT (shell killed at 160s; runner did not finish)
[run_cell   76/ 100 t=10615s] idx=75   budget=100s (shell timeout=160s)
[cifar100_2024] running only idx=75; appending to /home/sasakis/v/tools/n2v/examples/FlowConformal/experiments/exp2_prob_scale/outputs/exp2_cifar100_2024_hashemi_clipping.csv
[cifar100_2024] Loaded 1 instances; writing to /home/sasakis/v/tools/n2v/examples/FlowConformal/experiments/exp2_prob_scale/outputs/exp2_cifar100_2024_hashemi_clipping.csv
[cifar100_2024] Hashemi-clipping config: m=8000 ell=7999 epsilon=0.001 SEED=47
[cifar100_2024 1/1 t=0s budget=100s] CIFAR100_resnet_medium.onnx+CIFAR100_resnet_medium_prop_idx_9502_sidx_7197_eps_0.0039.vnnlib
  ... idx=75 TIMEOUT (shell killed at 160s; runner did not finish)
[run_cell   77/ 100 t=10779s] idx=76   budget=100s (shell timeout=160s)
[cifar100_2024] running only idx=76; appending to /home/sasakis/v/tools/n2v/examples/FlowConformal/experiments/exp2_prob_scale/outputs/exp2_cifar100_2024_hashemi_clipping.csv
[cifar100_2024] Loaded 1 instances; writing to /home/sasakis/v/tools/n2v/examples/FlowConformal/experiments/exp2_prob_scale/outputs/exp2_cifar100_2024_hashemi_clipping.csv
[cifar100_2024] Hashemi-clipping config: m=8000 ell=7999 epsilon=0.001 SEED=47
[cifar100_2024 1/1 t=0s budget=100s] CIFAR100_resnet_medium.onnx+CIFAR100_resnet_medium_prop_idx_2551_sidx_9941_eps_0.0039.vnnlib
  ... idx=76 TIMEOUT (shell killed at 160s; runner did not finish)
[run_cell   78/ 100 t=10944s] idx=77   budget=100s (shell timeout=160s)
[cifar100_2024] running only idx=77; appending to /home/sasakis/v/tools/n2v/examples/FlowConformal/experiments/exp2_prob_scale/outputs/exp2_cifar100_2024_hashemi_clipping.csv
[cifar100_2024] Loaded 1 instances; writing to /home/sasakis/v/tools/n2v/examples/FlowConformal/experiments/exp2_prob_scale/outputs/exp2_cifar100_2024_hashemi_clipping.csv
[cifar100_2024] Hashemi-clipping config: m=8000 ell=7999 epsilon=0.001 SEED=47
[cifar100_2024 1/1 t=0s budget=100s] CIFAR100_resnet_medium.onnx+CIFAR100_resnet_medium_prop_idx_7658_sidx_1537_eps_0.0039.vnnlib
  ... idx=77 TIMEOUT (shell killed at 160s; runner did not finish)
[run_cell   79/ 100 t=11108s] idx=78   budget=100s (shell timeout=160s)
[cifar100_2024] running only idx=78; appending to /home/sasakis/v/tools/n2v/examples/FlowConformal/experiments/exp2_prob_scale/outputs/exp2_cifar100_2024_hashemi_clipping.csv
[cifar100_2024] Loaded 1 instances; writing to /home/sasakis/v/tools/n2v/examples/FlowConformal/experiments/exp2_prob_scale/outputs/exp2_cifar100_2024_hashemi_clipping.csv
[cifar100_2024] Hashemi-clipping config: m=8000 ell=7999 epsilon=0.001 SEED=47
[cifar100_2024 1/1 t=0s budget=100s] CIFAR100_resnet_medium.onnx+CIFAR100_resnet_medium_prop_idx_9726_sidx_4400_eps_0.0039.vnnlib
  ... idx=78 TIMEOUT (shell killed at 160s; runner did not finish)
[run_cell   80/ 100 t=11273s] idx=79   budget=100s (shell timeout=160s)
[cifar100_2024] running only idx=79; appending to /home/sasakis/v/tools/n2v/examples/FlowConformal/experiments/exp2_prob_scale/outputs/exp2_cifar100_2024_hashemi_clipping.csv
[cifar100_2024] Loaded 1 instances; writing to /home/sasakis/v/tools/n2v/examples/FlowConformal/experiments/exp2_prob_scale/outputs/exp2_cifar100_2024_hashemi_clipping.csv
[cifar100_2024] Hashemi-clipping config: m=8000 ell=7999 epsilon=0.001 SEED=47
[cifar100_2024 1/1 t=0s budget=100s] CIFAR100_resnet_medium.onnx+CIFAR100_resnet_medium_prop_idx_9313_sidx_6462_eps_0.0039.vnnlib
  ... idx=79 TIMEOUT (shell killed at 160s; runner did not finish)
[run_cell   81/ 100 t=11437s] idx=80   budget=100s (shell timeout=160s)
[cifar100_2024] running only idx=80; appending to /home/sasakis/v/tools/n2v/examples/FlowConformal/experiments/exp2_prob_scale/outputs/exp2_cifar100_2024_hashemi_clipping.csv
[cifar100_2024] Loaded 1 instances; writing to /home/sasakis/v/tools/n2v/examples/FlowConformal/experiments/exp2_prob_scale/outputs/exp2_cifar100_2024_hashemi_clipping.csv
[cifar100_2024] Hashemi-clipping config: m=8000 ell=7999 epsilon=0.001 SEED=47
[cifar100_2024 1/1 t=0s budget=100s] CIFAR100_resnet_medium.onnx+CIFAR100_resnet_medium_prop_idx_815_sidx_1902_eps_0.0039.vnnlib
  ... idx=80 TIMEOUT (shell killed at 160s; runner did not finish)
[run_cell   82/ 100 t=11602s] idx=81   budget=100s (shell timeout=160s)
[cifar100_2024] running only idx=81; appending to /home/sasakis/v/tools/n2v/examples/FlowConformal/experiments/exp2_prob_scale/outputs/exp2_cifar100_2024_hashemi_clipping.csv
[cifar100_2024] Loaded 1 instances; writing to /home/sasakis/v/tools/n2v/examples/FlowConformal/experiments/exp2_prob_scale/outputs/exp2_cifar100_2024_hashemi_clipping.csv
[cifar100_2024] Hashemi-clipping config: m=8000 ell=7999 epsilon=0.001 SEED=47
[cifar100_2024 1/1 t=0s budget=100s] CIFAR100_resnet_medium.onnx+CIFAR100_resnet_medium_prop_idx_6491_sidx_3620_eps_0.0039.vnnlib
  ... idx=81 TIMEOUT (shell killed at 160s; runner did not finish)
[run_cell   83/ 100 t=11766s] idx=82   budget=100s (shell timeout=160s)
[cifar100_2024] running only idx=82; appending to /home/sasakis/v/tools/n2v/examples/FlowConformal/experiments/exp2_prob_scale/outputs/exp2_cifar100_2024_hashemi_clipping.csv
[cifar100_2024] Loaded 1 instances; writing to /home/sasakis/v/tools/n2v/examples/FlowConformal/experiments/exp2_prob_scale/outputs/exp2_cifar100_2024_hashemi_clipping.csv
[cifar100_2024] Hashemi-clipping config: m=8000 ell=7999 epsilon=0.001 SEED=47
[cifar100_2024 1/1 t=0s budget=100s] CIFAR100_resnet_medium.onnx+CIFAR100_resnet_medium_prop_idx_4605_sidx_6225_eps_0.0039.vnnlib
  ... idx=82 TIMEOUT (shell killed at 160s; runner did not finish)
[run_cell   84/ 100 t=11930s] idx=83   budget=100s (shell timeout=160s)
[cifar100_2024] running only idx=83; appending to /home/sasakis/v/tools/n2v/examples/FlowConformal/experiments/exp2_prob_scale/outputs/exp2_cifar100_2024_hashemi_clipping.csv
[cifar100_2024] Loaded 1 instances; writing to /home/sasakis/v/tools/n2v/examples/FlowConformal/experiments/exp2_prob_scale/outputs/exp2_cifar100_2024_hashemi_clipping.csv
[cifar100_2024] Hashemi-clipping config: m=8000 ell=7999 epsilon=0.001 SEED=47
[cifar100_2024 1/1 t=0s budget=100s] CIFAR100_resnet_medium.onnx+CIFAR100_resnet_medium_prop_idx_2352_sidx_2704_eps_0.0039.vnnlib
    verdict=SAT  wall=3.9s

=== Sweep complete ===
Wrote /home/sasakis/v/tools/n2v/examples/FlowConformal/experiments/exp2_prob_scale/outputs/exp2_cifar100_2024_hashemi_clipping.csv
Total wall-clock: 0.1 min
Counts: {'UNSAT': 0, 'SAT': 1, 'UNKNOWN': 0, 'SKIPPED': 0, 'ERROR': 0, 'TIMEOUT': 0}
[run_cell   85/ 100 t=11939s] idx=84   budget=100s (shell timeout=160s)
[cifar100_2024] running only idx=84; appending to /home/sasakis/v/tools/n2v/examples/FlowConformal/experiments/exp2_prob_scale/outputs/exp2_cifar100_2024_hashemi_clipping.csv
[cifar100_2024] Loaded 1 instances; writing to /home/sasakis/v/tools/n2v/examples/FlowConformal/experiments/exp2_prob_scale/outputs/exp2_cifar100_2024_hashemi_clipping.csv
[cifar100_2024] Hashemi-clipping config: m=8000 ell=7999 epsilon=0.001 SEED=47
[cifar100_2024 1/1 t=0s budget=100s] CIFAR100_resnet_medium.onnx+CIFAR100_resnet_medium_prop_idx_1642_sidx_7494_eps_0.0039.vnnlib
  ... idx=84 TIMEOUT (shell killed at 160s; runner did not finish)
[run_cell   86/ 100 t=12103s] idx=85   budget=100s (shell timeout=160s)
[cifar100_2024] running only idx=85; appending to /home/sasakis/v/tools/n2v/examples/FlowConformal/experiments/exp2_prob_scale/outputs/exp2_cifar100_2024_hashemi_clipping.csv
[cifar100_2024] Loaded 1 instances; writing to /home/sasakis/v/tools/n2v/examples/FlowConformal/experiments/exp2_prob_scale/outputs/exp2_cifar100_2024_hashemi_clipping.csv
[cifar100_2024] Hashemi-clipping config: m=8000 ell=7999 epsilon=0.001 SEED=47
[cifar100_2024 1/1 t=0s budget=100s] CIFAR100_resnet_medium.onnx+CIFAR100_resnet_medium_prop_idx_8502_sidx_2893_eps_0.0039.vnnlib
  ... idx=85 TIMEOUT (shell killed at 160s; runner did not finish)
[run_cell   87/ 100 t=12268s] idx=86   budget=100s (shell timeout=160s)
[cifar100_2024] running only idx=86; appending to /home/sasakis/v/tools/n2v/examples/FlowConformal/experiments/exp2_prob_scale/outputs/exp2_cifar100_2024_hashemi_clipping.csv
[cifar100_2024] Loaded 1 instances; writing to /home/sasakis/v/tools/n2v/examples/FlowConformal/experiments/exp2_prob_scale/outputs/exp2_cifar100_2024_hashemi_clipping.csv
[cifar100_2024] Hashemi-clipping config: m=8000 ell=7999 epsilon=0.001 SEED=47
[cifar100_2024 1/1 t=0s budget=100s] CIFAR100_resnet_medium.onnx+CIFAR100_resnet_medium_prop_idx_4964_sidx_5266_eps_0.0039.vnnlib
  ... idx=86 TIMEOUT (shell killed at 160s; runner did not finish)
[run_cell   88/ 100 t=12432s] idx=87   budget=100s (shell timeout=160s)
[cifar100_2024] running only idx=87; appending to /home/sasakis/v/tools/n2v/examples/FlowConformal/experiments/exp2_prob_scale/outputs/exp2_cifar100_2024_hashemi_clipping.csv
[cifar100_2024] Loaded 1 instances; writing to /home/sasakis/v/tools/n2v/examples/FlowConformal/experiments/exp2_prob_scale/outputs/exp2_cifar100_2024_hashemi_clipping.csv
[cifar100_2024] Hashemi-clipping config: m=8000 ell=7999 epsilon=0.001 SEED=47
[cifar100_2024 1/1 t=0s budget=100s] CIFAR100_resnet_medium.onnx+CIFAR100_resnet_medium_prop_idx_6369_sidx_8824_eps_0.0039.vnnlib
  ... idx=87 TIMEOUT (shell killed at 160s; runner did not finish)
[run_cell   89/ 100 t=12597s] idx=88   budget=100s (shell timeout=160s)
[cifar100_2024] running only idx=88; appending to /home/sasakis/v/tools/n2v/examples/FlowConformal/experiments/exp2_prob_scale/outputs/exp2_cifar100_2024_hashemi_clipping.csv
[cifar100_2024] Loaded 1 instances; writing to /home/sasakis/v/tools/n2v/examples/FlowConformal/experiments/exp2_prob_scale/outputs/exp2_cifar100_2024_hashemi_clipping.csv
[cifar100_2024] Hashemi-clipping config: m=8000 ell=7999 epsilon=0.001 SEED=47
[cifar100_2024 1/1 t=0s budget=100s] CIFAR100_resnet_medium.onnx+CIFAR100_resnet_medium_prop_idx_966_sidx_2330_eps_0.0039.vnnlib
  ... idx=88 TIMEOUT (shell killed at 160s; runner did not finish)
[run_cell   90/ 100 t=12761s] idx=89   budget=100s (shell timeout=160s)
[cifar100_2024] running only idx=89; appending to /home/sasakis/v/tools/n2v/examples/FlowConformal/experiments/exp2_prob_scale/outputs/exp2_cifar100_2024_hashemi_clipping.csv
[cifar100_2024] Loaded 1 instances; writing to /home/sasakis/v/tools/n2v/examples/FlowConformal/experiments/exp2_prob_scale/outputs/exp2_cifar100_2024_hashemi_clipping.csv
[cifar100_2024] Hashemi-clipping config: m=8000 ell=7999 epsilon=0.001 SEED=47
[cifar100_2024 1/1 t=0s budget=100s] CIFAR100_resnet_medium.onnx+CIFAR100_resnet_medium_prop_idx_9162_sidx_4337_eps_0.0039.vnnlib
  ... idx=89 TIMEOUT (shell killed at 160s; runner did not finish)
[run_cell   91/ 100 t=12925s] idx=90   budget=100s (shell timeout=160s)
[cifar100_2024] running only idx=90; appending to /home/sasakis/v/tools/n2v/examples/FlowConformal/experiments/exp2_prob_scale/outputs/exp2_cifar100_2024_hashemi_clipping.csv
[cifar100_2024] Loaded 1 instances; writing to /home/sasakis/v/tools/n2v/examples/FlowConformal/experiments/exp2_prob_scale/outputs/exp2_cifar100_2024_hashemi_clipping.csv
[cifar100_2024] Hashemi-clipping config: m=8000 ell=7999 epsilon=0.001 SEED=47
[cifar100_2024 1/1 t=0s budget=100s] CIFAR100_resnet_medium.onnx+CIFAR100_resnet_medium_prop_idx_425_sidx_9099_eps_0.0039.vnnlib
  ... idx=90 TIMEOUT (shell killed at 160s; runner did not finish)
[run_cell   92/ 100 t=13090s] idx=91   budget=100s (shell timeout=160s)
[cifar100_2024] running only idx=91; appending to /home/sasakis/v/tools/n2v/examples/FlowConformal/experiments/exp2_prob_scale/outputs/exp2_cifar100_2024_hashemi_clipping.csv
[cifar100_2024] Loaded 1 instances; writing to /home/sasakis/v/tools/n2v/examples/FlowConformal/experiments/exp2_prob_scale/outputs/exp2_cifar100_2024_hashemi_clipping.csv
[cifar100_2024] Hashemi-clipping config: m=8000 ell=7999 epsilon=0.001 SEED=47
[cifar100_2024 1/1 t=0s budget=100s] CIFAR100_resnet_medium.onnx+CIFAR100_resnet_medium_prop_idx_4898_sidx_6695_eps_0.0039.vnnlib
  ... idx=91 TIMEOUT (shell killed at 160s; runner did not finish)
[run_cell   93/ 100 t=13254s] idx=92   budget=100s (shell timeout=160s)
[cifar100_2024] running only idx=92; appending to /home/sasakis/v/tools/n2v/examples/FlowConformal/experiments/exp2_prob_scale/outputs/exp2_cifar100_2024_hashemi_clipping.csv
[cifar100_2024] Loaded 1 instances; writing to /home/sasakis/v/tools/n2v/examples/FlowConformal/experiments/exp2_prob_scale/outputs/exp2_cifar100_2024_hashemi_clipping.csv
[cifar100_2024] Hashemi-clipping config: m=8000 ell=7999 epsilon=0.001 SEED=47
[cifar100_2024 1/1 t=0s budget=100s] CIFAR100_resnet_medium.onnx+CIFAR100_resnet_medium_prop_idx_7500_sidx_40_eps_0.0039.vnnlib
  ... idx=92 TIMEOUT (shell killed at 160s; runner did not finish)
[run_cell   94/ 100 t=13418s] idx=93   budget=100s (shell timeout=160s)
[cifar100_2024] running only idx=93; appending to /home/sasakis/v/tools/n2v/examples/FlowConformal/experiments/exp2_prob_scale/outputs/exp2_cifar100_2024_hashemi_clipping.csv
[cifar100_2024] Loaded 1 instances; writing to /home/sasakis/v/tools/n2v/examples/FlowConformal/experiments/exp2_prob_scale/outputs/exp2_cifar100_2024_hashemi_clipping.csv
[cifar100_2024] Hashemi-clipping config: m=8000 ell=7999 epsilon=0.001 SEED=47
[cifar100_2024 1/1 t=0s budget=100s] CIFAR100_resnet_medium.onnx+CIFAR100_resnet_medium_prop_idx_7176_sidx_1522_eps_0.0039.vnnlib
  ... idx=93 TIMEOUT (shell killed at 160s; runner did not finish)
[run_cell   95/ 100 t=13583s] idx=94   budget=100s (shell timeout=160s)
[cifar100_2024] running only idx=94; appending to /home/sasakis/v/tools/n2v/examples/FlowConformal/experiments/exp2_prob_scale/outputs/exp2_cifar100_2024_hashemi_clipping.csv
[cifar100_2024] Loaded 1 instances; writing to /home/sasakis/v/tools/n2v/examples/FlowConformal/experiments/exp2_prob_scale/outputs/exp2_cifar100_2024_hashemi_clipping.csv
[cifar100_2024] Hashemi-clipping config: m=8000 ell=7999 epsilon=0.001 SEED=47
[cifar100_2024 1/1 t=0s budget=100s] CIFAR100_resnet_medium.onnx+CIFAR100_resnet_medium_prop_idx_2050_sidx_8228_eps_0.0039.vnnlib
  ... idx=94 TIMEOUT (shell killed at 160s; runner did not finish)
[run_cell   96/ 100 t=13747s] idx=95   budget=100s (shell timeout=160s)
[cifar100_2024] running only idx=95; appending to /home/sasakis/v/tools/n2v/examples/FlowConformal/experiments/exp2_prob_scale/outputs/exp2_cifar100_2024_hashemi_clipping.csv
[cifar100_2024] Loaded 1 instances; writing to /home/sasakis/v/tools/n2v/examples/FlowConformal/experiments/exp2_prob_scale/outputs/exp2_cifar100_2024_hashemi_clipping.csv
[cifar100_2024] Hashemi-clipping config: m=8000 ell=7999 epsilon=0.001 SEED=47
[cifar100_2024 1/1 t=0s budget=100s] CIFAR100_resnet_medium.onnx+CIFAR100_resnet_medium_prop_idx_7470_sidx_4555_eps_0.0039.vnnlib
  ... idx=95 TIMEOUT (shell killed at 160s; runner did not finish)
[run_cell   97/ 100 t=13912s] idx=96   budget=100s (shell timeout=160s)
[cifar100_2024] running only idx=96; appending to /home/sasakis/v/tools/n2v/examples/FlowConformal/experiments/exp2_prob_scale/outputs/exp2_cifar100_2024_hashemi_clipping.csv
[cifar100_2024] Loaded 1 instances; writing to /home/sasakis/v/tools/n2v/examples/FlowConformal/experiments/exp2_prob_scale/outputs/exp2_cifar100_2024_hashemi_clipping.csv
[cifar100_2024] Hashemi-clipping config: m=8000 ell=7999 epsilon=0.001 SEED=47
[cifar100_2024 1/1 t=0s budget=100s] CIFAR100_resnet_medium.onnx+CIFAR100_resnet_medium_prop_idx_5797_sidx_6343_eps_0.0039.vnnlib
  ... idx=96 TIMEOUT (shell killed at 160s; runner did not finish)
[run_cell   98/ 100 t=14076s] idx=97   budget=100s (shell timeout=160s)
[cifar100_2024] running only idx=97; appending to /home/sasakis/v/tools/n2v/examples/FlowConformal/experiments/exp2_prob_scale/outputs/exp2_cifar100_2024_hashemi_clipping.csv
[cifar100_2024] Loaded 1 instances; writing to /home/sasakis/v/tools/n2v/examples/FlowConformal/experiments/exp2_prob_scale/outputs/exp2_cifar100_2024_hashemi_clipping.csv
[cifar100_2024] Hashemi-clipping config: m=8000 ell=7999 epsilon=0.001 SEED=47
[cifar100_2024 1/1 t=0s budget=100s] CIFAR100_resnet_medium.onnx+CIFAR100_resnet_medium_prop_idx_5894_sidx_5577_eps_0.0039.vnnlib
    verdict=SAT  wall=3.6s

=== Sweep complete ===
Wrote /home/sasakis/v/tools/n2v/examples/FlowConformal/experiments/exp2_prob_scale/outputs/exp2_cifar100_2024_hashemi_clipping.csv
Total wall-clock: 0.1 min
Counts: {'UNSAT': 0, 'SAT': 1, 'UNKNOWN': 0, 'SKIPPED': 0, 'ERROR': 0, 'TIMEOUT': 0}
[run_cell   99/ 100 t=14084s] idx=98   budget=100s (shell timeout=160s)
[cifar100_2024] running only idx=98; appending to /home/sasakis/v/tools/n2v/examples/FlowConformal/experiments/exp2_prob_scale/outputs/exp2_cifar100_2024_hashemi_clipping.csv
[cifar100_2024] Loaded 1 instances; writing to /home/sasakis/v/tools/n2v/examples/FlowConformal/experiments/exp2_prob_scale/outputs/exp2_cifar100_2024_hashemi_clipping.csv
[cifar100_2024] Hashemi-clipping config: m=8000 ell=7999 epsilon=0.001 SEED=47
[cifar100_2024 1/1 t=0s budget=100s] CIFAR100_resnet_medium.onnx+CIFAR100_resnet_medium_prop_idx_3852_sidx_2848_eps_0.0039.vnnlib
  ... idx=98 TIMEOUT (shell killed at 160s; runner did not finish)
[run_cell  100/ 100 t=14249s] idx=99   budget=100s (shell timeout=160s)
[cifar100_2024] running only idx=99; appending to /home/sasakis/v/tools/n2v/examples/FlowConformal/experiments/exp2_prob_scale/outputs/exp2_cifar100_2024_hashemi_clipping.csv
[cifar100_2024] Loaded 1 instances; writing to /home/sasakis/v/tools/n2v/examples/FlowConformal/experiments/exp2_prob_scale/outputs/exp2_cifar100_2024_hashemi_clipping.csv
[cifar100_2024] Hashemi-clipping config: m=8000 ell=7999 epsilon=0.001 SEED=47
[cifar100_2024 1/1 t=0s budget=100s] CIFAR100_resnet_medium.onnx+CIFAR100_resnet_medium_prop_idx_2925_sidx_8815_eps_0.0039.vnnlib
  ... idx=99 TIMEOUT (shell killed at 160s; runner did not finish)
[run_cell] complete. shell-killed timeouts and exits noted above; CSV row counts in the output file.

[2026-05-03T01:46:52-05:00] === END:   exp2_cifar100_2024_hashemi_clipping (rc=0) ===
