[2026-05-02T16:13:16-05:00] === START: exp2_tinyimagenet_2024_hashemi_clipping ===
[run_cell] exp2_prob_scale.exp2_run_hashemi_clipping --benchmark tinyimagenet_2024: 100 instances
[run_cell    1/ 100 t=    0s] idx=0    budget=100s (shell timeout=160s)
[tinyimagenet_2024] running only idx=0; appending to /home/sasakis/v/tools/n2v/examples/FlowConformal/experiments/exp2_prob_scale/outputs/exp2_tinyimagenet_2024_hashemi_clipping.csv
[tinyimagenet_2024] Loaded 1 instances; writing to /home/sasakis/v/tools/n2v/examples/FlowConformal/experiments/exp2_prob_scale/outputs/exp2_tinyimagenet_2024_hashemi_clipping.csv
[tinyimagenet_2024] Hashemi-clipping config: m=8000 ell=7999 epsilon=0.001 SEED=47
[tinyimagenet_2024 1/1 t=0s budget=100s] TinyImageNet_resnet_medium.onnx+TinyImageNet_resnet_medium_prop_idx_1126_sidx_4974_eps_0.0039.vnnlib
  ... idx=0 TIMEOUT (shell killed at 160s; runner did not finish)
[run_cell    2/ 100 t=  165s] idx=1    budget=100s (shell timeout=160s)
[tinyimagenet_2024] running only idx=1; appending to /home/sasakis/v/tools/n2v/examples/FlowConformal/experiments/exp2_prob_scale/outputs/exp2_tinyimagenet_2024_hashemi_clipping.csv
[tinyimagenet_2024] Loaded 1 instances; writing to /home/sasakis/v/tools/n2v/examples/FlowConformal/experiments/exp2_prob_scale/outputs/exp2_tinyimagenet_2024_hashemi_clipping.csv
[tinyimagenet_2024] Hashemi-clipping config: m=8000 ell=7999 epsilon=0.001 SEED=47
[tinyimagenet_2024 1/1 t=0s budget=100s] TinyImageNet_resnet_medium.onnx+TinyImageNet_resnet_medium_prop_idx_6827_sidx_2613_eps_0.0039.vnnlib
    verdict=SAT  wall=4.2s

=== Sweep complete ===
Wrote /home/sasakis/v/tools/n2v/examples/FlowConformal/experiments/exp2_prob_scale/outputs/exp2_tinyimagenet_2024_hashemi_clipping.csv
Total wall-clock: 0.1 min
Counts: {'UNSAT': 0, 'SAT': 1, 'UNKNOWN': 0, 'SKIPPED': 0, 'ERROR': 0, 'TIMEOUT': 0}
[run_cell    3/ 100 t=  174s] idx=2    budget=100s (shell timeout=160s)
[tinyimagenet_2024] running only idx=2; appending to /home/sasakis/v/tools/n2v/examples/FlowConformal/experiments/exp2_prob_scale/outputs/exp2_tinyimagenet_2024_hashemi_clipping.csv
[tinyimagenet_2024] Loaded 1 instances; writing to /home/sasakis/v/tools/n2v/examples/FlowConformal/experiments/exp2_prob_scale/outputs/exp2_tinyimagenet_2024_hashemi_clipping.csv
[tinyimagenet_2024] Hashemi-clipping config: m=8000 ell=7999 epsilon=0.001 SEED=47
[tinyimagenet_2024 1/1 t=0s budget=100s] TinyImageNet_resnet_medium.onnx+TinyImageNet_resnet_medium_prop_idx_7943_sidx_6299_eps_0.0039.vnnlib
  ... idx=2 TIMEOUT (shell killed at 160s; runner did not finish)
[run_cell    4/ 100 t=  338s] idx=3    budget=100s (shell timeout=160s)
[tinyimagenet_2024] running only idx=3; appending to /home/sasakis/v/tools/n2v/examples/FlowConformal/experiments/exp2_prob_scale/outputs/exp2_tinyimagenet_2024_hashemi_clipping.csv
[tinyimagenet_2024] Loaded 1 instances; writing to /home/sasakis/v/tools/n2v/examples/FlowConformal/experiments/exp2_prob_scale/outputs/exp2_tinyimagenet_2024_hashemi_clipping.csv
[tinyimagenet_2024] Hashemi-clipping config: m=8000 ell=7999 epsilon=0.001 SEED=47
[tinyimagenet_2024 1/1 t=0s budget=100s] TinyImageNet_resnet_medium.onnx+TinyImageNet_resnet_medium_prop_idx_9558_sidx_6082_eps_0.0039.vnnlib
    verdict=SAT  wall=3.1s

=== Sweep complete ===
Wrote /home/sasakis/v/tools/n2v/examples/FlowConformal/experiments/exp2_prob_scale/outputs/exp2_tinyimagenet_2024_hashemi_clipping.csv
Total wall-clock: 0.1 min
Counts: {'UNSAT': 0, 'SAT': 1, 'UNKNOWN': 0, 'SKIPPED': 0, 'ERROR': 0, 'TIMEOUT': 0}
[run_cell    5/ 100 t=  346s] idx=4    budget=100s (shell timeout=160s)
[tinyimagenet_2024] running only idx=4; appending to /home/sasakis/v/tools/n2v/examples/FlowConformal/experiments/exp2_prob_scale/outputs/exp2_tinyimagenet_2024_hashemi_clipping.csv
[tinyimagenet_2024] Loaded 1 instances; writing to /home/sasakis/v/tools/n2v/examples/FlowConformal/experiments/exp2_prob_scale/outputs/exp2_tinyimagenet_2024_hashemi_clipping.csv
[tinyimagenet_2024] Hashemi-clipping config: m=8000 ell=7999 epsilon=0.001 SEED=47
[tinyimagenet_2024 1/1 t=0s budget=100s] TinyImageNet_resnet_medium.onnx+TinyImageNet_resnet_medium_prop_idx_2341_sidx_4149_eps_0.0039.vnnlib
  ... idx=4 TIMEOUT (shell killed at 160s; runner did not finish)
[run_cell    6/ 100 t=  510s] idx=5    budget=100s (shell timeout=160s)
[tinyimagenet_2024] running only idx=5; appending to /home/sasakis/v/tools/n2v/examples/FlowConformal/experiments/exp2_prob_scale/outputs/exp2_tinyimagenet_2024_hashemi_clipping.csv
[tinyimagenet_2024] Loaded 1 instances; writing to /home/sasakis/v/tools/n2v/examples/FlowConformal/experiments/exp2_prob_scale/outputs/exp2_tinyimagenet_2024_hashemi_clipping.csv
[tinyimagenet_2024] Hashemi-clipping config: m=8000 ell=7999 epsilon=0.001 SEED=47
[tinyimagenet_2024 1/1 t=0s budget=100s] TinyImageNet_resnet_medium.onnx+TinyImageNet_resnet_medium_prop_idx_5478_sidx_174_eps_0.0039.vnnlib
  ... idx=5 TIMEOUT (shell killed at 160s; runner did not finish)
[run_cell    7/ 100 t=  674s] idx=6    budget=100s (shell timeout=160s)
[tinyimagenet_2024] running only idx=6; appending to /home/sasakis/v/tools/n2v/examples/FlowConformal/experiments/exp2_prob_scale/outputs/exp2_tinyimagenet_2024_hashemi_clipping.csv
[tinyimagenet_2024] Loaded 1 instances; writing to /home/sasakis/v/tools/n2v/examples/FlowConformal/experiments/exp2_prob_scale/outputs/exp2_tinyimagenet_2024_hashemi_clipping.csv
[tinyimagenet_2024] Hashemi-clipping config: m=8000 ell=7999 epsilon=0.001 SEED=47
[tinyimagenet_2024 1/1 t=0s budget=100s] TinyImageNet_resnet_medium.onnx+TinyImageNet_resnet_medium_prop_idx_9262_sidx_880_eps_0.0039.vnnlib
    verdict=SAT  wall=3.9s

=== Sweep complete ===
Wrote /home/sasakis/v/tools/n2v/examples/FlowConformal/experiments/exp2_prob_scale/outputs/exp2_tinyimagenet_2024_hashemi_clipping.csv
Total wall-clock: 0.1 min
Counts: {'UNSAT': 0, 'SAT': 1, 'UNKNOWN': 0, 'SKIPPED': 0, 'ERROR': 0, 'TIMEOUT': 0}
[run_cell    8/ 100 t=  683s] idx=7    budget=100s (shell timeout=160s)
[tinyimagenet_2024] running only idx=7; appending to /home/sasakis/v/tools/n2v/examples/FlowConformal/experiments/exp2_prob_scale/outputs/exp2_tinyimagenet_2024_hashemi_clipping.csv
[tinyimagenet_2024] Loaded 1 instances; writing to /home/sasakis/v/tools/n2v/examples/FlowConformal/experiments/exp2_prob_scale/outputs/exp2_tinyimagenet_2024_hashemi_clipping.csv
[tinyimagenet_2024] Hashemi-clipping config: m=8000 ell=7999 epsilon=0.001 SEED=47
[tinyimagenet_2024 1/1 t=0s budget=100s] TinyImageNet_resnet_medium.onnx+TinyImageNet_resnet_medium_prop_idx_6252_sidx_9972_eps_0.0039.vnnlib
    verdict=SAT  wall=4.5s

=== Sweep complete ===
Wrote /home/sasakis/v/tools/n2v/examples/FlowConformal/experiments/exp2_prob_scale/outputs/exp2_tinyimagenet_2024_hashemi_clipping.csv
Total wall-clock: 0.1 min
Counts: {'UNSAT': 0, 'SAT': 1, 'UNKNOWN': 0, 'SKIPPED': 0, 'ERROR': 0, 'TIMEOUT': 0}
[run_cell    9/ 100 t=  692s] idx=8    budget=100s (shell timeout=160s)
[tinyimagenet_2024] running only idx=8; appending to /home/sasakis/v/tools/n2v/examples/FlowConformal/experiments/exp2_prob_scale/outputs/exp2_tinyimagenet_2024_hashemi_clipping.csv
[tinyimagenet_2024] Loaded 1 instances; writing to /home/sasakis/v/tools/n2v/examples/FlowConformal/experiments/exp2_prob_scale/outputs/exp2_tinyimagenet_2024_hashemi_clipping.csv
[tinyimagenet_2024] Hashemi-clipping config: m=8000 ell=7999 epsilon=0.001 SEED=47
[tinyimagenet_2024 1/1 t=0s budget=100s] TinyImageNet_resnet_medium.onnx+TinyImageNet_resnet_medium_prop_idx_2146_sidx_298_eps_0.0039.vnnlib
  ... idx=8 TIMEOUT (shell killed at 160s; runner did not finish)
[run_cell   10/ 100 t=  857s] idx=9    budget=100s (shell timeout=160s)
[tinyimagenet_2024] running only idx=9; appending to /home/sasakis/v/tools/n2v/examples/FlowConformal/experiments/exp2_prob_scale/outputs/exp2_tinyimagenet_2024_hashemi_clipping.csv
[tinyimagenet_2024] Loaded 1 instances; writing to /home/sasakis/v/tools/n2v/examples/FlowConformal/experiments/exp2_prob_scale/outputs/exp2_tinyimagenet_2024_hashemi_clipping.csv
[tinyimagenet_2024] Hashemi-clipping config: m=8000 ell=7999 epsilon=0.001 SEED=47
[tinyimagenet_2024 1/1 t=0s budget=100s] TinyImageNet_resnet_medium.onnx+TinyImageNet_resnet_medium_prop_idx_538_sidx_2467_eps_0.0039.vnnlib
  ... idx=9 TIMEOUT (shell killed at 160s; runner did not finish)
[run_cell   11/ 100 t= 1021s] idx=10   budget=100s (shell timeout=160s)
[tinyimagenet_2024] running only idx=10; appending to /home/sasakis/v/tools/n2v/examples/FlowConformal/experiments/exp2_prob_scale/outputs/exp2_tinyimagenet_2024_hashemi_clipping.csv
[tinyimagenet_2024] Loaded 1 instances; writing to /home/sasakis/v/tools/n2v/examples/FlowConformal/experiments/exp2_prob_scale/outputs/exp2_tinyimagenet_2024_hashemi_clipping.csv
[tinyimagenet_2024] Hashemi-clipping config: m=8000 ell=7999 epsilon=0.001 SEED=47
[tinyimagenet_2024 1/1 t=0s budget=100s] TinyImageNet_resnet_medium.onnx+TinyImageNet_resnet_medium_prop_idx_5134_sidx_3767_eps_0.0039.vnnlib
    verdict=SAT  wall=4.2s

=== Sweep complete ===
Wrote /home/sasakis/v/tools/n2v/examples/FlowConformal/experiments/exp2_prob_scale/outputs/exp2_tinyimagenet_2024_hashemi_clipping.csv
Total wall-clock: 0.1 min
Counts: {'UNSAT': 0, 'SAT': 1, 'UNKNOWN': 0, 'SKIPPED': 0, 'ERROR': 0, 'TIMEOUT': 0}
[run_cell   12/ 100 t= 1030s] idx=11   budget=100s (shell timeout=160s)
[tinyimagenet_2024] running only idx=11; appending to /home/sasakis/v/tools/n2v/examples/FlowConformal/experiments/exp2_prob_scale/outputs/exp2_tinyimagenet_2024_hashemi_clipping.csv
[tinyimagenet_2024] Loaded 1 instances; writing to /home/sasakis/v/tools/n2v/examples/FlowConformal/experiments/exp2_prob_scale/outputs/exp2_tinyimagenet_2024_hashemi_clipping.csv
[tinyimagenet_2024] Hashemi-clipping config: m=8000 ell=7999 epsilon=0.001 SEED=47
[tinyimagenet_2024 1/1 t=0s budget=100s] TinyImageNet_resnet_medium.onnx+TinyImageNet_resnet_medium_prop_idx_9535_sidx_6151_eps_0.0039.vnnlib
  ... idx=11 TIMEOUT (shell killed at 160s; runner did not finish)
[run_cell   13/ 100 t= 1195s] idx=12   budget=100s (shell timeout=160s)
[tinyimagenet_2024] running only idx=12; appending to /home/sasakis/v/tools/n2v/examples/FlowConformal/experiments/exp2_prob_scale/outputs/exp2_tinyimagenet_2024_hashemi_clipping.csv
[tinyimagenet_2024] Loaded 1 instances; writing to /home/sasakis/v/tools/n2v/examples/FlowConformal/experiments/exp2_prob_scale/outputs/exp2_tinyimagenet_2024_hashemi_clipping.csv
[tinyimagenet_2024] Hashemi-clipping config: m=8000 ell=7999 epsilon=0.001 SEED=47
[tinyimagenet_2024 1/1 t=0s budget=100s] TinyImageNet_resnet_medium.onnx+TinyImageNet_resnet_medium_prop_idx_253_sidx_4834_eps_0.0039.vnnlib
  ... idx=12 TIMEOUT (shell killed at 160s; runner did not finish)
[run_cell   14/ 100 t= 1359s] idx=13   budget=100s (shell timeout=160s)
[tinyimagenet_2024] running only idx=13; appending to /home/sasakis/v/tools/n2v/examples/FlowConformal/experiments/exp2_prob_scale/outputs/exp2_tinyimagenet_2024_hashemi_clipping.csv
[tinyimagenet_2024] Loaded 1 instances; writing to /home/sasakis/v/tools/n2v/examples/FlowConformal/experiments/exp2_prob_scale/outputs/exp2_tinyimagenet_2024_hashemi_clipping.csv
[tinyimagenet_2024] Hashemi-clipping config: m=8000 ell=7999 epsilon=0.001 SEED=47
[tinyimagenet_2024 1/1 t=0s budget=100s] TinyImageNet_resnet_medium.onnx+TinyImageNet_resnet_medium_prop_idx_5673_sidx_6615_eps_0.0039.vnnlib
  ... idx=13 TIMEOUT (shell killed at 160s; runner did not finish)
[run_cell   15/ 100 t= 1523s] idx=14   budget=100s (shell timeout=160s)
[tinyimagenet_2024] running only idx=14; appending to /home/sasakis/v/tools/n2v/examples/FlowConformal/experiments/exp2_prob_scale/outputs/exp2_tinyimagenet_2024_hashemi_clipping.csv
[tinyimagenet_2024] Loaded 1 instances; writing to /home/sasakis/v/tools/n2v/examples/FlowConformal/experiments/exp2_prob_scale/outputs/exp2_tinyimagenet_2024_hashemi_clipping.csv
[tinyimagenet_2024] Hashemi-clipping config: m=8000 ell=7999 epsilon=0.001 SEED=47
[tinyimagenet_2024 1/1 t=0s budget=100s] TinyImageNet_resnet_medium.onnx+TinyImageNet_resnet_medium_prop_idx_1459_sidx_443_eps_0.0039.vnnlib
  ... idx=14 TIMEOUT (shell killed at 160s; runner did not finish)
[run_cell   16/ 100 t= 1688s] idx=15   budget=100s (shell timeout=160s)
[tinyimagenet_2024] running only idx=15; appending to /home/sasakis/v/tools/n2v/examples/FlowConformal/experiments/exp2_prob_scale/outputs/exp2_tinyimagenet_2024_hashemi_clipping.csv
[tinyimagenet_2024] Loaded 1 instances; writing to /home/sasakis/v/tools/n2v/examples/FlowConformal/experiments/exp2_prob_scale/outputs/exp2_tinyimagenet_2024_hashemi_clipping.csv
[tinyimagenet_2024] Hashemi-clipping config: m=8000 ell=7999 epsilon=0.001 SEED=47
[tinyimagenet_2024 1/1 t=0s budget=100s] TinyImageNet_resnet_medium.onnx+TinyImageNet_resnet_medium_prop_idx_551_sidx_6748_eps_0.0039.vnnlib
  ... idx=15 TIMEOUT (shell killed at 160s; runner did not finish)
[run_cell   17/ 100 t= 1852s] idx=16   budget=100s (shell timeout=160s)
[tinyimagenet_2024] running only idx=16; appending to /home/sasakis/v/tools/n2v/examples/FlowConformal/experiments/exp2_prob_scale/outputs/exp2_tinyimagenet_2024_hashemi_clipping.csv
[tinyimagenet_2024] Loaded 1 instances; writing to /home/sasakis/v/tools/n2v/examples/FlowConformal/experiments/exp2_prob_scale/outputs/exp2_tinyimagenet_2024_hashemi_clipping.csv
[tinyimagenet_2024] Hashemi-clipping config: m=8000 ell=7999 epsilon=0.001 SEED=47
[tinyimagenet_2024 1/1 t=0s budget=100s] TinyImageNet_resnet_medium.onnx+TinyImageNet_resnet_medium_prop_idx_4526_sidx_9254_eps_0.0039.vnnlib
  ... idx=16 TIMEOUT (shell killed at 160s; runner did not finish)
[run_cell   18/ 100 t= 2017s] idx=17   budget=100s (shell timeout=160s)
[tinyimagenet_2024] running only idx=17; appending to /home/sasakis/v/tools/n2v/examples/FlowConformal/experiments/exp2_prob_scale/outputs/exp2_tinyimagenet_2024_hashemi_clipping.csv
[tinyimagenet_2024] Loaded 1 instances; writing to /home/sasakis/v/tools/n2v/examples/FlowConformal/experiments/exp2_prob_scale/outputs/exp2_tinyimagenet_2024_hashemi_clipping.csv
[tinyimagenet_2024] Hashemi-clipping config: m=8000 ell=7999 epsilon=0.001 SEED=47
[tinyimagenet_2024 1/1 t=0s budget=100s] TinyImageNet_resnet_medium.onnx+TinyImageNet_resnet_medium_prop_idx_2063_sidx_8156_eps_0.0039.vnnlib
  ... idx=17 TIMEOUT (shell killed at 160s; runner did not finish)
[run_cell   19/ 100 t= 2181s] idx=18   budget=100s (shell timeout=160s)
[tinyimagenet_2024] running only idx=18; appending to /home/sasakis/v/tools/n2v/examples/FlowConformal/experiments/exp2_prob_scale/outputs/exp2_tinyimagenet_2024_hashemi_clipping.csv
[tinyimagenet_2024] Loaded 1 instances; writing to /home/sasakis/v/tools/n2v/examples/FlowConformal/experiments/exp2_prob_scale/outputs/exp2_tinyimagenet_2024_hashemi_clipping.csv
[tinyimagenet_2024] Hashemi-clipping config: m=8000 ell=7999 epsilon=0.001 SEED=47
[tinyimagenet_2024 1/1 t=0s budget=100s] TinyImageNet_resnet_medium.onnx+TinyImageNet_resnet_medium_prop_idx_879_sidx_6242_eps_0.0039.vnnlib
  ... idx=18 TIMEOUT (shell killed at 160s; runner did not finish)
[run_cell   20/ 100 t= 2346s] idx=19   budget=100s (shell timeout=160s)
[tinyimagenet_2024] running only idx=19; appending to /home/sasakis/v/tools/n2v/examples/FlowConformal/experiments/exp2_prob_scale/outputs/exp2_tinyimagenet_2024_hashemi_clipping.csv
[tinyimagenet_2024] Loaded 1 instances; writing to /home/sasakis/v/tools/n2v/examples/FlowConformal/experiments/exp2_prob_scale/outputs/exp2_tinyimagenet_2024_hashemi_clipping.csv
[tinyimagenet_2024] Hashemi-clipping config: m=8000 ell=7999 epsilon=0.001 SEED=47
[tinyimagenet_2024 1/1 t=0s budget=100s] TinyImageNet_resnet_medium.onnx+TinyImageNet_resnet_medium_prop_idx_247_sidx_1124_eps_0.0039.vnnlib
  ... idx=19 TIMEOUT (shell killed at 160s; runner did not finish)
[run_cell   21/ 100 t= 2510s] idx=20   budget=100s (shell timeout=160s)
[tinyimagenet_2024] running only idx=20; appending to /home/sasakis/v/tools/n2v/examples/FlowConformal/experiments/exp2_prob_scale/outputs/exp2_tinyimagenet_2024_hashemi_clipping.csv
[tinyimagenet_2024] Loaded 1 instances; writing to /home/sasakis/v/tools/n2v/examples/FlowConformal/experiments/exp2_prob_scale/outputs/exp2_tinyimagenet_2024_hashemi_clipping.csv
[tinyimagenet_2024] Hashemi-clipping config: m=8000 ell=7999 epsilon=0.001 SEED=47
[tinyimagenet_2024 1/1 t=0s budget=100s] TinyImageNet_resnet_medium.onnx+TinyImageNet_resnet_medium_prop_idx_2582_sidx_5386_eps_0.0039.vnnlib
  ... idx=20 TIMEOUT (shell killed at 160s; runner did not finish)
[run_cell   22/ 100 t= 2674s] idx=21   budget=100s (shell timeout=160s)
[tinyimagenet_2024] running only idx=21; appending to /home/sasakis/v/tools/n2v/examples/FlowConformal/experiments/exp2_prob_scale/outputs/exp2_tinyimagenet_2024_hashemi_clipping.csv
[tinyimagenet_2024] Loaded 1 instances; writing to /home/sasakis/v/tools/n2v/examples/FlowConformal/experiments/exp2_prob_scale/outputs/exp2_tinyimagenet_2024_hashemi_clipping.csv
[tinyimagenet_2024] Hashemi-clipping config: m=8000 ell=7999 epsilon=0.001 SEED=47
[tinyimagenet_2024 1/1 t=0s budget=100s] TinyImageNet_resnet_medium.onnx+TinyImageNet_resnet_medium_prop_idx_2936_sidx_7810_eps_0.0039.vnnlib
  ... idx=21 TIMEOUT (shell killed at 160s; runner did not finish)
[run_cell   23/ 100 t= 2839s] idx=22   budget=100s (shell timeout=160s)
[tinyimagenet_2024] running only idx=22; appending to /home/sasakis/v/tools/n2v/examples/FlowConformal/experiments/exp2_prob_scale/outputs/exp2_tinyimagenet_2024_hashemi_clipping.csv
[tinyimagenet_2024] Loaded 1 instances; writing to /home/sasakis/v/tools/n2v/examples/FlowConformal/experiments/exp2_prob_scale/outputs/exp2_tinyimagenet_2024_hashemi_clipping.csv
[tinyimagenet_2024] Hashemi-clipping config: m=8000 ell=7999 epsilon=0.001 SEED=47
[tinyimagenet_2024 1/1 t=0s budget=100s] TinyImageNet_resnet_medium.onnx+TinyImageNet_resnet_medium_prop_idx_1175_sidx_7775_eps_0.0039.vnnlib
  ... idx=22 TIMEOUT (shell killed at 160s; runner did not finish)
[run_cell   24/ 100 t= 3003s] idx=23   budget=100s (shell timeout=160s)
[tinyimagenet_2024] running only idx=23; appending to /home/sasakis/v/tools/n2v/examples/FlowConformal/experiments/exp2_prob_scale/outputs/exp2_tinyimagenet_2024_hashemi_clipping.csv
[tinyimagenet_2024] Loaded 1 instances; writing to /home/sasakis/v/tools/n2v/examples/FlowConformal/experiments/exp2_prob_scale/outputs/exp2_tinyimagenet_2024_hashemi_clipping.csv
[tinyimagenet_2024] Hashemi-clipping config: m=8000 ell=7999 epsilon=0.001 SEED=47
[tinyimagenet_2024 1/1 t=0s budget=100s] TinyImageNet_resnet_medium.onnx+TinyImageNet_resnet_medium_prop_idx_7365_sidx_3284_eps_0.0039.vnnlib
    verdict=SAT  wall=4.1s

=== Sweep complete ===
Wrote /home/sasakis/v/tools/n2v/examples/FlowConformal/experiments/exp2_prob_scale/outputs/exp2_tinyimagenet_2024_hashemi_clipping.csv
Total wall-clock: 0.1 min
Counts: {'UNSAT': 0, 'SAT': 1, 'UNKNOWN': 0, 'SKIPPED': 0, 'ERROR': 0, 'TIMEOUT': 0}
[run_cell   25/ 100 t= 3012s] idx=24   budget=100s (shell timeout=160s)
[tinyimagenet_2024] running only idx=24; appending to /home/sasakis/v/tools/n2v/examples/FlowConformal/experiments/exp2_prob_scale/outputs/exp2_tinyimagenet_2024_hashemi_clipping.csv
[tinyimagenet_2024] Loaded 1 instances; writing to /home/sasakis/v/tools/n2v/examples/FlowConformal/experiments/exp2_prob_scale/outputs/exp2_tinyimagenet_2024_hashemi_clipping.csv
[tinyimagenet_2024] Hashemi-clipping config: m=8000 ell=7999 epsilon=0.001 SEED=47
[tinyimagenet_2024 1/1 t=0s budget=100s] TinyImageNet_resnet_medium.onnx+TinyImageNet_resnet_medium_prop_idx_8684_sidx_9001_eps_0.0039.vnnlib
  ... idx=24 TIMEOUT (shell killed at 160s; runner did not finish)
[run_cell   26/ 100 t= 3177s] idx=25   budget=100s (shell timeout=160s)
[tinyimagenet_2024] running only idx=25; appending to /home/sasakis/v/tools/n2v/examples/FlowConformal/experiments/exp2_prob_scale/outputs/exp2_tinyimagenet_2024_hashemi_clipping.csv
[tinyimagenet_2024] Loaded 1 instances; writing to /home/sasakis/v/tools/n2v/examples/FlowConformal/experiments/exp2_prob_scale/outputs/exp2_tinyimagenet_2024_hashemi_clipping.csv
[tinyimagenet_2024] Hashemi-clipping config: m=8000 ell=7999 epsilon=0.001 SEED=47
[tinyimagenet_2024 1/1 t=0s budget=100s] TinyImageNet_resnet_medium.onnx+TinyImageNet_resnet_medium_prop_idx_1706_sidx_4932_eps_0.0039.vnnlib
  ... idx=25 TIMEOUT (shell killed at 160s; runner did not finish)
[run_cell   27/ 100 t= 3341s] idx=26   budget=100s (shell timeout=160s)
[tinyimagenet_2024] running only idx=26; appending to /home/sasakis/v/tools/n2v/examples/FlowConformal/experiments/exp2_prob_scale/outputs/exp2_tinyimagenet_2024_hashemi_clipping.csv
[tinyimagenet_2024] Loaded 1 instances; writing to /home/sasakis/v/tools/n2v/examples/FlowConformal/experiments/exp2_prob_scale/outputs/exp2_tinyimagenet_2024_hashemi_clipping.csv
[tinyimagenet_2024] Hashemi-clipping config: m=8000 ell=7999 epsilon=0.001 SEED=47
[tinyimagenet_2024 1/1 t=0s budget=100s] TinyImageNet_resnet_medium.onnx+TinyImageNet_resnet_medium_prop_idx_2755_sidx_193_eps_0.0039.vnnlib
  ... idx=26 TIMEOUT (shell killed at 160s; runner did not finish)
[run_cell   28/ 100 t= 3506s] idx=27   budget=100s (shell timeout=160s)
[tinyimagenet_2024] running only idx=27; appending to /home/sasakis/v/tools/n2v/examples/FlowConformal/experiments/exp2_prob_scale/outputs/exp2_tinyimagenet_2024_hashemi_clipping.csv
[tinyimagenet_2024] Loaded 1 instances; writing to /home/sasakis/v/tools/n2v/examples/FlowConformal/experiments/exp2_prob_scale/outputs/exp2_tinyimagenet_2024_hashemi_clipping.csv
[tinyimagenet_2024] Hashemi-clipping config: m=8000 ell=7999 epsilon=0.001 SEED=47
[tinyimagenet_2024 1/1 t=0s budget=100s] TinyImageNet_resnet_medium.onnx+TinyImageNet_resnet_medium_prop_idx_9584_sidx_3691_eps_0.0039.vnnlib
  ... idx=27 TIMEOUT (shell killed at 160s; runner did not finish)
[run_cell   29/ 100 t= 3670s] idx=28   budget=100s (shell timeout=160s)
[tinyimagenet_2024] running only idx=28; appending to /home/sasakis/v/tools/n2v/examples/FlowConformal/experiments/exp2_prob_scale/outputs/exp2_tinyimagenet_2024_hashemi_clipping.csv
[tinyimagenet_2024] Loaded 1 instances; writing to /home/sasakis/v/tools/n2v/examples/FlowConformal/experiments/exp2_prob_scale/outputs/exp2_tinyimagenet_2024_hashemi_clipping.csv
[tinyimagenet_2024] Hashemi-clipping config: m=8000 ell=7999 epsilon=0.001 SEED=47
[tinyimagenet_2024 1/1 t=0s budget=100s] TinyImageNet_resnet_medium.onnx+TinyImageNet_resnet_medium_prop_idx_9079_sidx_5823_eps_0.0039.vnnlib
  ... idx=28 TIMEOUT (shell killed at 160s; runner did not finish)
[run_cell   30/ 100 t= 3835s] idx=29   budget=100s (shell timeout=160s)
[tinyimagenet_2024] running only idx=29; appending to /home/sasakis/v/tools/n2v/examples/FlowConformal/experiments/exp2_prob_scale/outputs/exp2_tinyimagenet_2024_hashemi_clipping.csv
[tinyimagenet_2024] Loaded 1 instances; writing to /home/sasakis/v/tools/n2v/examples/FlowConformal/experiments/exp2_prob_scale/outputs/exp2_tinyimagenet_2024_hashemi_clipping.csv
[tinyimagenet_2024] Hashemi-clipping config: m=8000 ell=7999 epsilon=0.001 SEED=47
[tinyimagenet_2024 1/1 t=0s budget=100s] TinyImageNet_resnet_medium.onnx+TinyImageNet_resnet_medium_prop_idx_1135_sidx_1928_eps_0.0039.vnnlib
    verdict=SAT  wall=4.3s

=== Sweep complete ===
Wrote /home/sasakis/v/tools/n2v/examples/FlowConformal/experiments/exp2_prob_scale/outputs/exp2_tinyimagenet_2024_hashemi_clipping.csv
Total wall-clock: 0.1 min
Counts: {'UNSAT': 0, 'SAT': 1, 'UNKNOWN': 0, 'SKIPPED': 0, 'ERROR': 0, 'TIMEOUT': 0}
[run_cell   31/ 100 t= 3844s] idx=30   budget=100s (shell timeout=160s)
[tinyimagenet_2024] running only idx=30; appending to /home/sasakis/v/tools/n2v/examples/FlowConformal/experiments/exp2_prob_scale/outputs/exp2_tinyimagenet_2024_hashemi_clipping.csv
[tinyimagenet_2024] Loaded 1 instances; writing to /home/sasakis/v/tools/n2v/examples/FlowConformal/experiments/exp2_prob_scale/outputs/exp2_tinyimagenet_2024_hashemi_clipping.csv
[tinyimagenet_2024] Hashemi-clipping config: m=8000 ell=7999 epsilon=0.001 SEED=47
[tinyimagenet_2024 1/1 t=0s budget=100s] TinyImageNet_resnet_medium.onnx+TinyImageNet_resnet_medium_prop_idx_1359_sidx_7221_eps_0.0039.vnnlib
  ... idx=30 TIMEOUT (shell killed at 160s; runner did not finish)
[run_cell   32/ 100 t= 4008s] idx=31   budget=100s (shell timeout=160s)
[tinyimagenet_2024] running only idx=31; appending to /home/sasakis/v/tools/n2v/examples/FlowConformal/experiments/exp2_prob_scale/outputs/exp2_tinyimagenet_2024_hashemi_clipping.csv
[tinyimagenet_2024] Loaded 1 instances; writing to /home/sasakis/v/tools/n2v/examples/FlowConformal/experiments/exp2_prob_scale/outputs/exp2_tinyimagenet_2024_hashemi_clipping.csv
[tinyimagenet_2024] Hashemi-clipping config: m=8000 ell=7999 epsilon=0.001 SEED=47
[tinyimagenet_2024 1/1 t=0s budget=100s] TinyImageNet_resnet_medium.onnx+TinyImageNet_resnet_medium_prop_idx_5683_sidx_1212_eps_0.0039.vnnlib
  ... idx=31 TIMEOUT (shell killed at 160s; runner did not finish)
[run_cell   33/ 100 t= 4173s] idx=32   budget=100s (shell timeout=160s)
[tinyimagenet_2024] running only idx=32; appending to /home/sasakis/v/tools/n2v/examples/FlowConformal/experiments/exp2_prob_scale/outputs/exp2_tinyimagenet_2024_hashemi_clipping.csv
[tinyimagenet_2024] Loaded 1 instances; writing to /home/sasakis/v/tools/n2v/examples/FlowConformal/experiments/exp2_prob_scale/outputs/exp2_tinyimagenet_2024_hashemi_clipping.csv
[tinyimagenet_2024] Hashemi-clipping config: m=8000 ell=7999 epsilon=0.001 SEED=47
[tinyimagenet_2024 1/1 t=0s budget=100s] TinyImageNet_resnet_medium.onnx+TinyImageNet_resnet_medium_prop_idx_1615_sidx_1065_eps_0.0039.vnnlib
    verdict=SAT  wall=4.5s

=== Sweep complete ===
Wrote /home/sasakis/v/tools/n2v/examples/FlowConformal/experiments/exp2_prob_scale/outputs/exp2_tinyimagenet_2024_hashemi_clipping.csv
Total wall-clock: 0.1 min
Counts: {'UNSAT': 0, 'SAT': 1, 'UNKNOWN': 0, 'SKIPPED': 0, 'ERROR': 0, 'TIMEOUT': 0}
[run_cell   34/ 100 t= 4182s] idx=33   budget=100s (shell timeout=160s)
[tinyimagenet_2024] running only idx=33; appending to /home/sasakis/v/tools/n2v/examples/FlowConformal/experiments/exp2_prob_scale/outputs/exp2_tinyimagenet_2024_hashemi_clipping.csv
[tinyimagenet_2024] Loaded 1 instances; writing to /home/sasakis/v/tools/n2v/examples/FlowConformal/experiments/exp2_prob_scale/outputs/exp2_tinyimagenet_2024_hashemi_clipping.csv
[tinyimagenet_2024] Hashemi-clipping config: m=8000 ell=7999 epsilon=0.001 SEED=47
[tinyimagenet_2024 1/1 t=0s budget=100s] TinyImageNet_resnet_medium.onnx+TinyImageNet_resnet_medium_prop_idx_288_sidx_5531_eps_0.0039.vnnlib
  ... idx=33 TIMEOUT (shell killed at 160s; runner did not finish)
[run_cell   35/ 100 t= 4347s] idx=34   budget=100s (shell timeout=160s)
[tinyimagenet_2024] running only idx=34; appending to /home/sasakis/v/tools/n2v/examples/FlowConformal/experiments/exp2_prob_scale/outputs/exp2_tinyimagenet_2024_hashemi_clipping.csv
[tinyimagenet_2024] Loaded 1 instances; writing to /home/sasakis/v/tools/n2v/examples/FlowConformal/experiments/exp2_prob_scale/outputs/exp2_tinyimagenet_2024_hashemi_clipping.csv
[tinyimagenet_2024] Hashemi-clipping config: m=8000 ell=7999 epsilon=0.001 SEED=47
[tinyimagenet_2024 1/1 t=0s budget=100s] TinyImageNet_resnet_medium.onnx+TinyImageNet_resnet_medium_prop_idx_6546_sidx_3168_eps_0.0039.vnnlib
  ... idx=34 TIMEOUT (shell killed at 160s; runner did not finish)
[run_cell   36/ 100 t= 4511s] idx=35   budget=100s (shell timeout=160s)
[tinyimagenet_2024] running only idx=35; appending to /home/sasakis/v/tools/n2v/examples/FlowConformal/experiments/exp2_prob_scale/outputs/exp2_tinyimagenet_2024_hashemi_clipping.csv
[tinyimagenet_2024] Loaded 1 instances; writing to /home/sasakis/v/tools/n2v/examples/FlowConformal/experiments/exp2_prob_scale/outputs/exp2_tinyimagenet_2024_hashemi_clipping.csv
[tinyimagenet_2024] Hashemi-clipping config: m=8000 ell=7999 epsilon=0.001 SEED=47
[tinyimagenet_2024 1/1 t=0s budget=100s] TinyImageNet_resnet_medium.onnx+TinyImageNet_resnet_medium_prop_idx_2475_sidx_523_eps_0.0039.vnnlib
  ... idx=35 TIMEOUT (shell killed at 160s; runner did not finish)
[run_cell   37/ 100 t= 4676s] idx=36   budget=100s (shell timeout=160s)
[tinyimagenet_2024] running only idx=36; appending to /home/sasakis/v/tools/n2v/examples/FlowConformal/experiments/exp2_prob_scale/outputs/exp2_tinyimagenet_2024_hashemi_clipping.csv
[tinyimagenet_2024] Loaded 1 instances; writing to /home/sasakis/v/tools/n2v/examples/FlowConformal/experiments/exp2_prob_scale/outputs/exp2_tinyimagenet_2024_hashemi_clipping.csv
[tinyimagenet_2024] Hashemi-clipping config: m=8000 ell=7999 epsilon=0.001 SEED=47
[tinyimagenet_2024 1/1 t=0s budget=100s] TinyImageNet_resnet_medium.onnx+TinyImageNet_resnet_medium_prop_idx_9476_sidx_5602_eps_0.0039.vnnlib
  ... idx=36 TIMEOUT (shell killed at 160s; runner did not finish)
[run_cell   38/ 100 t= 4840s] idx=37   budget=100s (shell timeout=160s)
[tinyimagenet_2024] running only idx=37; appending to /home/sasakis/v/tools/n2v/examples/FlowConformal/experiments/exp2_prob_scale/outputs/exp2_tinyimagenet_2024_hashemi_clipping.csv
[tinyimagenet_2024] Loaded 1 instances; writing to /home/sasakis/v/tools/n2v/examples/FlowConformal/experiments/exp2_prob_scale/outputs/exp2_tinyimagenet_2024_hashemi_clipping.csv
[tinyimagenet_2024] Hashemi-clipping config: m=8000 ell=7999 epsilon=0.001 SEED=47
[tinyimagenet_2024 1/1 t=0s budget=100s] TinyImageNet_resnet_medium.onnx+TinyImageNet_resnet_medium_prop_idx_3782_sidx_1103_eps_0.0039.vnnlib
  ... idx=37 TIMEOUT (shell killed at 160s; runner did not finish)
[run_cell   39/ 100 t= 5005s] idx=38   budget=100s (shell timeout=160s)
[tinyimagenet_2024] running only idx=38; appending to /home/sasakis/v/tools/n2v/examples/FlowConformal/experiments/exp2_prob_scale/outputs/exp2_tinyimagenet_2024_hashemi_clipping.csv
[tinyimagenet_2024] Loaded 1 instances; writing to /home/sasakis/v/tools/n2v/examples/FlowConformal/experiments/exp2_prob_scale/outputs/exp2_tinyimagenet_2024_hashemi_clipping.csv
[tinyimagenet_2024] Hashemi-clipping config: m=8000 ell=7999 epsilon=0.001 SEED=47
[tinyimagenet_2024 1/1 t=0s budget=100s] TinyImageNet_resnet_medium.onnx+TinyImageNet_resnet_medium_prop_idx_4463_sidx_4146_eps_0.0039.vnnlib
    verdict=SAT  wall=4.2s

=== Sweep complete ===
Wrote /home/sasakis/v/tools/n2v/examples/FlowConformal/experiments/exp2_prob_scale/outputs/exp2_tinyimagenet_2024_hashemi_clipping.csv
Total wall-clock: 0.1 min
Counts: {'UNSAT': 0, 'SAT': 1, 'UNKNOWN': 0, 'SKIPPED': 0, 'ERROR': 0, 'TIMEOUT': 0}
[run_cell   40/ 100 t= 5014s] idx=39   budget=100s (shell timeout=160s)
[tinyimagenet_2024] running only idx=39; appending to /home/sasakis/v/tools/n2v/examples/FlowConformal/experiments/exp2_prob_scale/outputs/exp2_tinyimagenet_2024_hashemi_clipping.csv
[tinyimagenet_2024] Loaded 1 instances; writing to /home/sasakis/v/tools/n2v/examples/FlowConformal/experiments/exp2_prob_scale/outputs/exp2_tinyimagenet_2024_hashemi_clipping.csv
[tinyimagenet_2024] Hashemi-clipping config: m=8000 ell=7999 epsilon=0.001 SEED=47
[tinyimagenet_2024 1/1 t=0s budget=100s] TinyImageNet_resnet_medium.onnx+TinyImageNet_resnet_medium_prop_idx_8257_sidx_5574_eps_0.0039.vnnlib
  ... idx=39 TIMEOUT (shell killed at 160s; runner did not finish)
[run_cell   41/ 100 t= 5178s] idx=40   budget=100s (shell timeout=160s)
[tinyimagenet_2024] running only idx=40; appending to /home/sasakis/v/tools/n2v/examples/FlowConformal/experiments/exp2_prob_scale/outputs/exp2_tinyimagenet_2024_hashemi_clipping.csv
[tinyimagenet_2024] Loaded 1 instances; writing to /home/sasakis/v/tools/n2v/examples/FlowConformal/experiments/exp2_prob_scale/outputs/exp2_tinyimagenet_2024_hashemi_clipping.csv
[tinyimagenet_2024] Hashemi-clipping config: m=8000 ell=7999 epsilon=0.001 SEED=47
[tinyimagenet_2024 1/1 t=0s budget=100s] TinyImageNet_resnet_medium.onnx+TinyImageNet_resnet_medium_prop_idx_4438_sidx_6486_eps_0.0039.vnnlib
  ... idx=40 TIMEOUT (shell killed at 160s; runner did not finish)
[run_cell   42/ 100 t= 5343s] idx=41   budget=100s (shell timeout=160s)
[tinyimagenet_2024] running only idx=41; appending to /home/sasakis/v/tools/n2v/examples/FlowConformal/experiments/exp2_prob_scale/outputs/exp2_tinyimagenet_2024_hashemi_clipping.csv
[tinyimagenet_2024] Loaded 1 instances; writing to /home/sasakis/v/tools/n2v/examples/FlowConformal/experiments/exp2_prob_scale/outputs/exp2_tinyimagenet_2024_hashemi_clipping.csv
[tinyimagenet_2024] Hashemi-clipping config: m=8000 ell=7999 epsilon=0.001 SEED=47
[tinyimagenet_2024 1/1 t=0s budget=100s] TinyImageNet_resnet_medium.onnx+TinyImageNet_resnet_medium_prop_idx_484_sidx_161_eps_0.0039.vnnlib
  ... idx=41 TIMEOUT (shell killed at 160s; runner did not finish)
[run_cell   43/ 100 t= 5507s] idx=42   budget=100s (shell timeout=160s)
[tinyimagenet_2024] running only idx=42; appending to /home/sasakis/v/tools/n2v/examples/FlowConformal/experiments/exp2_prob_scale/outputs/exp2_tinyimagenet_2024_hashemi_clipping.csv
[tinyimagenet_2024] Loaded 1 instances; writing to /home/sasakis/v/tools/n2v/examples/FlowConformal/experiments/exp2_prob_scale/outputs/exp2_tinyimagenet_2024_hashemi_clipping.csv
[tinyimagenet_2024] Hashemi-clipping config: m=8000 ell=7999 epsilon=0.001 SEED=47
[tinyimagenet_2024 1/1 t=0s budget=100s] TinyImageNet_resnet_medium.onnx+TinyImageNet_resnet_medium_prop_idx_9611_sidx_7725_eps_0.0039.vnnlib
  ... idx=42 TIMEOUT (shell killed at 160s; runner did not finish)
[run_cell   44/ 100 t= 5672s] idx=43   budget=100s (shell timeout=160s)
[tinyimagenet_2024] running only idx=43; appending to /home/sasakis/v/tools/n2v/examples/FlowConformal/experiments/exp2_prob_scale/outputs/exp2_tinyimagenet_2024_hashemi_clipping.csv
[tinyimagenet_2024] Loaded 1 instances; writing to /home/sasakis/v/tools/n2v/examples/FlowConformal/experiments/exp2_prob_scale/outputs/exp2_tinyimagenet_2024_hashemi_clipping.csv
[tinyimagenet_2024] Hashemi-clipping config: m=8000 ell=7999 epsilon=0.001 SEED=47
[tinyimagenet_2024 1/1 t=0s budget=100s] TinyImageNet_resnet_medium.onnx+TinyImageNet_resnet_medium_prop_idx_3429_sidx_4578_eps_0.0039.vnnlib
  ... idx=43 TIMEOUT (shell killed at 160s; runner did not finish)
[run_cell   45/ 100 t= 5836s] idx=44   budget=100s (shell timeout=160s)
[tinyimagenet_2024] running only idx=44; appending to /home/sasakis/v/tools/n2v/examples/FlowConformal/experiments/exp2_prob_scale/outputs/exp2_tinyimagenet_2024_hashemi_clipping.csv
[tinyimagenet_2024] Loaded 1 instances; writing to /home/sasakis/v/tools/n2v/examples/FlowConformal/experiments/exp2_prob_scale/outputs/exp2_tinyimagenet_2024_hashemi_clipping.csv
[tinyimagenet_2024] Hashemi-clipping config: m=8000 ell=7999 epsilon=0.001 SEED=47
[tinyimagenet_2024 1/1 t=0s budget=100s] TinyImageNet_resnet_medium.onnx+TinyImageNet_resnet_medium_prop_idx_5685_sidx_8755_eps_0.0039.vnnlib
  ... idx=44 TIMEOUT (shell killed at 160s; runner did not finish)
[run_cell   46/ 100 t= 6001s] idx=45   budget=100s (shell timeout=160s)
[tinyimagenet_2024] running only idx=45; appending to /home/sasakis/v/tools/n2v/examples/FlowConformal/experiments/exp2_prob_scale/outputs/exp2_tinyimagenet_2024_hashemi_clipping.csv
[tinyimagenet_2024] Loaded 1 instances; writing to /home/sasakis/v/tools/n2v/examples/FlowConformal/experiments/exp2_prob_scale/outputs/exp2_tinyimagenet_2024_hashemi_clipping.csv
[tinyimagenet_2024] Hashemi-clipping config: m=8000 ell=7999 epsilon=0.001 SEED=47
[tinyimagenet_2024 1/1 t=0s budget=100s] TinyImageNet_resnet_medium.onnx+TinyImageNet_resnet_medium_prop_idx_5257_sidx_5727_eps_0.0039.vnnlib
  ... idx=45 TIMEOUT (shell killed at 160s; runner did not finish)
[run_cell   47/ 100 t= 6166s] idx=46   budget=100s (shell timeout=160s)
[tinyimagenet_2024] running only idx=46; appending to /home/sasakis/v/tools/n2v/examples/FlowConformal/experiments/exp2_prob_scale/outputs/exp2_tinyimagenet_2024_hashemi_clipping.csv
[tinyimagenet_2024] Loaded 1 instances; writing to /home/sasakis/v/tools/n2v/examples/FlowConformal/experiments/exp2_prob_scale/outputs/exp2_tinyimagenet_2024_hashemi_clipping.csv
[tinyimagenet_2024] Hashemi-clipping config: m=8000 ell=7999 epsilon=0.001 SEED=47
[tinyimagenet_2024 1/1 t=0s budget=100s] TinyImageNet_resnet_medium.onnx+TinyImageNet_resnet_medium_prop_idx_9437_sidx_5480_eps_0.0039.vnnlib
    verdict=SAT  wall=4.6s

=== Sweep complete ===
Wrote /home/sasakis/v/tools/n2v/examples/FlowConformal/experiments/exp2_prob_scale/outputs/exp2_tinyimagenet_2024_hashemi_clipping.csv
Total wall-clock: 0.1 min
Counts: {'UNSAT': 0, 'SAT': 1, 'UNKNOWN': 0, 'SKIPPED': 0, 'ERROR': 0, 'TIMEOUT': 0}
[run_cell   48/ 100 t= 6175s] idx=47   budget=100s (shell timeout=160s)
[tinyimagenet_2024] running only idx=47; appending to /home/sasakis/v/tools/n2v/examples/FlowConformal/experiments/exp2_prob_scale/outputs/exp2_tinyimagenet_2024_hashemi_clipping.csv
[tinyimagenet_2024] Loaded 1 instances; writing to /home/sasakis/v/tools/n2v/examples/FlowConformal/experiments/exp2_prob_scale/outputs/exp2_tinyimagenet_2024_hashemi_clipping.csv
[tinyimagenet_2024] Hashemi-clipping config: m=8000 ell=7999 epsilon=0.001 SEED=47
[tinyimagenet_2024 1/1 t=0s budget=100s] TinyImageNet_resnet_medium.onnx+TinyImageNet_resnet_medium_prop_idx_4500_sidx_6717_eps_0.0039.vnnlib
  ... idx=47 TIMEOUT (shell killed at 160s; runner did not finish)
[run_cell   49/ 100 t= 6339s] idx=48   budget=100s (shell timeout=160s)
[tinyimagenet_2024] running only idx=48; appending to /home/sasakis/v/tools/n2v/examples/FlowConformal/experiments/exp2_prob_scale/outputs/exp2_tinyimagenet_2024_hashemi_clipping.csv
[tinyimagenet_2024] Loaded 1 instances; writing to /home/sasakis/v/tools/n2v/examples/FlowConformal/experiments/exp2_prob_scale/outputs/exp2_tinyimagenet_2024_hashemi_clipping.csv
[tinyimagenet_2024] Hashemi-clipping config: m=8000 ell=7999 epsilon=0.001 SEED=47
[tinyimagenet_2024 1/1 t=0s budget=100s] TinyImageNet_resnet_medium.onnx+TinyImageNet_resnet_medium_prop_idx_4871_sidx_7562_eps_0.0039.vnnlib
  ... idx=48 TIMEOUT (shell killed at 160s; runner did not finish)
[run_cell   50/ 100 t= 6504s] idx=49   budget=100s (shell timeout=160s)
[tinyimagenet_2024] running only idx=49; appending to /home/sasakis/v/tools/n2v/examples/FlowConformal/experiments/exp2_prob_scale/outputs/exp2_tinyimagenet_2024_hashemi_clipping.csv
[tinyimagenet_2024] Loaded 1 instances; writing to /home/sasakis/v/tools/n2v/examples/FlowConformal/experiments/exp2_prob_scale/outputs/exp2_tinyimagenet_2024_hashemi_clipping.csv
[tinyimagenet_2024] Hashemi-clipping config: m=8000 ell=7999 epsilon=0.001 SEED=47
[tinyimagenet_2024 1/1 t=0s budget=100s] TinyImageNet_resnet_medium.onnx+TinyImageNet_resnet_medium_prop_idx_2210_sidx_992_eps_0.0039.vnnlib
  ... idx=49 TIMEOUT (shell killed at 160s; runner did not finish)
[run_cell   51/ 100 t= 6669s] idx=50   budget=100s (shell timeout=160s)
[tinyimagenet_2024] running only idx=50; appending to /home/sasakis/v/tools/n2v/examples/FlowConformal/experiments/exp2_prob_scale/outputs/exp2_tinyimagenet_2024_hashemi_clipping.csv
[tinyimagenet_2024] Loaded 1 instances; writing to /home/sasakis/v/tools/n2v/examples/FlowConformal/experiments/exp2_prob_scale/outputs/exp2_tinyimagenet_2024_hashemi_clipping.csv
[tinyimagenet_2024] Hashemi-clipping config: m=8000 ell=7999 epsilon=0.001 SEED=47
[tinyimagenet_2024 1/1 t=0s budget=100s] TinyImageNet_resnet_medium.onnx+TinyImageNet_resnet_medium_prop_idx_1651_sidx_3548_eps_0.0039.vnnlib
  ... idx=50 TIMEOUT (shell killed at 160s; runner did not finish)
[run_cell   52/ 100 t= 6833s] idx=51   budget=100s (shell timeout=160s)
[tinyimagenet_2024] running only idx=51; appending to /home/sasakis/v/tools/n2v/examples/FlowConformal/experiments/exp2_prob_scale/outputs/exp2_tinyimagenet_2024_hashemi_clipping.csv
[tinyimagenet_2024] Loaded 1 instances; writing to /home/sasakis/v/tools/n2v/examples/FlowConformal/experiments/exp2_prob_scale/outputs/exp2_tinyimagenet_2024_hashemi_clipping.csv
[tinyimagenet_2024] Hashemi-clipping config: m=8000 ell=7999 epsilon=0.001 SEED=47
[tinyimagenet_2024 1/1 t=0s budget=100s] TinyImageNet_resnet_medium.onnx+TinyImageNet_resnet_medium_prop_idx_7183_sidx_4731_eps_0.0039.vnnlib
  ... idx=51 TIMEOUT (shell killed at 160s; runner did not finish)
[run_cell   53/ 100 t= 6998s] idx=52   budget=100s (shell timeout=160s)
[tinyimagenet_2024] running only idx=52; appending to /home/sasakis/v/tools/n2v/examples/FlowConformal/experiments/exp2_prob_scale/outputs/exp2_tinyimagenet_2024_hashemi_clipping.csv
[tinyimagenet_2024] Loaded 1 instances; writing to /home/sasakis/v/tools/n2v/examples/FlowConformal/experiments/exp2_prob_scale/outputs/exp2_tinyimagenet_2024_hashemi_clipping.csv
[tinyimagenet_2024] Hashemi-clipping config: m=8000 ell=7999 epsilon=0.001 SEED=47
[tinyimagenet_2024 1/1 t=0s budget=100s] TinyImageNet_resnet_medium.onnx+TinyImageNet_resnet_medium_prop_idx_647_sidx_9608_eps_0.0039.vnnlib
  ... idx=52 TIMEOUT (shell killed at 160s; runner did not finish)
[run_cell   54/ 100 t= 7162s] idx=53   budget=100s (shell timeout=160s)
[tinyimagenet_2024] running only idx=53; appending to /home/sasakis/v/tools/n2v/examples/FlowConformal/experiments/exp2_prob_scale/outputs/exp2_tinyimagenet_2024_hashemi_clipping.csv
[tinyimagenet_2024] Loaded 1 instances; writing to /home/sasakis/v/tools/n2v/examples/FlowConformal/experiments/exp2_prob_scale/outputs/exp2_tinyimagenet_2024_hashemi_clipping.csv
[tinyimagenet_2024] Hashemi-clipping config: m=8000 ell=7999 epsilon=0.001 SEED=47
[tinyimagenet_2024 1/1 t=0s budget=100s] TinyImageNet_resnet_medium.onnx+TinyImageNet_resnet_medium_prop_idx_9992_sidx_5063_eps_0.0039.vnnlib
    verdict=SAT  wall=4.5s

=== Sweep complete ===
Wrote /home/sasakis/v/tools/n2v/examples/FlowConformal/experiments/exp2_prob_scale/outputs/exp2_tinyimagenet_2024_hashemi_clipping.csv
Total wall-clock: 0.1 min
Counts: {'UNSAT': 0, 'SAT': 1, 'UNKNOWN': 0, 'SKIPPED': 0, 'ERROR': 0, 'TIMEOUT': 0}
[run_cell   55/ 100 t= 7172s] idx=54   budget=100s (shell timeout=160s)
[tinyimagenet_2024] running only idx=54; appending to /home/sasakis/v/tools/n2v/examples/FlowConformal/experiments/exp2_prob_scale/outputs/exp2_tinyimagenet_2024_hashemi_clipping.csv
[tinyimagenet_2024] Loaded 1 instances; writing to /home/sasakis/v/tools/n2v/examples/FlowConformal/experiments/exp2_prob_scale/outputs/exp2_tinyimagenet_2024_hashemi_clipping.csv
[tinyimagenet_2024] Hashemi-clipping config: m=8000 ell=7999 epsilon=0.001 SEED=47
[tinyimagenet_2024 1/1 t=0s budget=100s] TinyImageNet_resnet_medium.onnx+TinyImageNet_resnet_medium_prop_idx_3543_sidx_5527_eps_0.0039.vnnlib
    verdict=SAT  wall=4.6s

=== Sweep complete ===
Wrote /home/sasakis/v/tools/n2v/examples/FlowConformal/experiments/exp2_prob_scale/outputs/exp2_tinyimagenet_2024_hashemi_clipping.csv
Total wall-clock: 0.1 min
Counts: {'UNSAT': 0, 'SAT': 1, 'UNKNOWN': 0, 'SKIPPED': 0, 'ERROR': 0, 'TIMEOUT': 0}
[run_cell   56/ 100 t= 7181s] idx=55   budget=100s (shell timeout=160s)
[tinyimagenet_2024] running only idx=55; appending to /home/sasakis/v/tools/n2v/examples/FlowConformal/experiments/exp2_prob_scale/outputs/exp2_tinyimagenet_2024_hashemi_clipping.csv
[tinyimagenet_2024] Loaded 1 instances; writing to /home/sasakis/v/tools/n2v/examples/FlowConformal/experiments/exp2_prob_scale/outputs/exp2_tinyimagenet_2024_hashemi_clipping.csv
[tinyimagenet_2024] Hashemi-clipping config: m=8000 ell=7999 epsilon=0.001 SEED=47
[tinyimagenet_2024 1/1 t=0s budget=100s] TinyImageNet_resnet_medium.onnx+TinyImageNet_resnet_medium_prop_idx_2045_sidx_7367_eps_0.0039.vnnlib
  ... idx=55 TIMEOUT (shell killed at 160s; runner did not finish)
[run_cell   57/ 100 t= 7345s] idx=56   budget=100s (shell timeout=160s)
[tinyimagenet_2024] running only idx=56; appending to /home/sasakis/v/tools/n2v/examples/FlowConformal/experiments/exp2_prob_scale/outputs/exp2_tinyimagenet_2024_hashemi_clipping.csv
[tinyimagenet_2024] Loaded 1 instances; writing to /home/sasakis/v/tools/n2v/examples/FlowConformal/experiments/exp2_prob_scale/outputs/exp2_tinyimagenet_2024_hashemi_clipping.csv
[tinyimagenet_2024] Hashemi-clipping config: m=8000 ell=7999 epsilon=0.001 SEED=47
[tinyimagenet_2024 1/1 t=0s budget=100s] TinyImageNet_resnet_medium.onnx+TinyImageNet_resnet_medium_prop_idx_7542_sidx_9873_eps_0.0039.vnnlib
  ... idx=56 TIMEOUT (shell killed at 160s; runner did not finish)
[run_cell   58/ 100 t= 7510s] idx=57   budget=100s (shell timeout=160s)
[tinyimagenet_2024] running only idx=57; appending to /home/sasakis/v/tools/n2v/examples/FlowConformal/experiments/exp2_prob_scale/outputs/exp2_tinyimagenet_2024_hashemi_clipping.csv
[tinyimagenet_2024] Loaded 1 instances; writing to /home/sasakis/v/tools/n2v/examples/FlowConformal/experiments/exp2_prob_scale/outputs/exp2_tinyimagenet_2024_hashemi_clipping.csv
[tinyimagenet_2024] Hashemi-clipping config: m=8000 ell=7999 epsilon=0.001 SEED=47
[tinyimagenet_2024 1/1 t=0s budget=100s] TinyImageNet_resnet_medium.onnx+TinyImageNet_resnet_medium_prop_idx_5743_sidx_6569_eps_0.0039.vnnlib
  ... idx=57 TIMEOUT (shell killed at 160s; runner did not finish)
[run_cell   59/ 100 t= 7675s] idx=58   budget=100s (shell timeout=160s)
[tinyimagenet_2024] running only idx=58; appending to /home/sasakis/v/tools/n2v/examples/FlowConformal/experiments/exp2_prob_scale/outputs/exp2_tinyimagenet_2024_hashemi_clipping.csv
[tinyimagenet_2024] Loaded 1 instances; writing to /home/sasakis/v/tools/n2v/examples/FlowConformal/experiments/exp2_prob_scale/outputs/exp2_tinyimagenet_2024_hashemi_clipping.csv
[tinyimagenet_2024] Hashemi-clipping config: m=8000 ell=7999 epsilon=0.001 SEED=47
[tinyimagenet_2024 1/1 t=0s budget=100s] TinyImageNet_resnet_medium.onnx+TinyImageNet_resnet_medium_prop_idx_5427_sidx_8226_eps_0.0039.vnnlib
  ... idx=58 TIMEOUT (shell killed at 160s; runner did not finish)
[run_cell   60/ 100 t= 7839s] idx=59   budget=100s (shell timeout=160s)
[tinyimagenet_2024] running only idx=59; appending to /home/sasakis/v/tools/n2v/examples/FlowConformal/experiments/exp2_prob_scale/outputs/exp2_tinyimagenet_2024_hashemi_clipping.csv
[tinyimagenet_2024] Loaded 1 instances; writing to /home/sasakis/v/tools/n2v/examples/FlowConformal/experiments/exp2_prob_scale/outputs/exp2_tinyimagenet_2024_hashemi_clipping.csv
[tinyimagenet_2024] Hashemi-clipping config: m=8000 ell=7999 epsilon=0.001 SEED=47
[tinyimagenet_2024 1/1 t=0s budget=100s] TinyImageNet_resnet_medium.onnx+TinyImageNet_resnet_medium_prop_idx_1496_sidx_9465_eps_0.0039.vnnlib
  ... idx=59 TIMEOUT (shell killed at 160s; runner did not finish)
[run_cell   61/ 100 t= 8003s] idx=60   budget=100s (shell timeout=160s)
[tinyimagenet_2024] running only idx=60; appending to /home/sasakis/v/tools/n2v/examples/FlowConformal/experiments/exp2_prob_scale/outputs/exp2_tinyimagenet_2024_hashemi_clipping.csv
[tinyimagenet_2024] Loaded 1 instances; writing to /home/sasakis/v/tools/n2v/examples/FlowConformal/experiments/exp2_prob_scale/outputs/exp2_tinyimagenet_2024_hashemi_clipping.csv
[tinyimagenet_2024] Hashemi-clipping config: m=8000 ell=7999 epsilon=0.001 SEED=47
[tinyimagenet_2024 1/1 t=0s budget=100s] TinyImageNet_resnet_medium.onnx+TinyImageNet_resnet_medium_prop_idx_600_sidx_4087_eps_0.0039.vnnlib
    verdict=SAT  wall=4.3s

=== Sweep complete ===
Wrote /home/sasakis/v/tools/n2v/examples/FlowConformal/experiments/exp2_prob_scale/outputs/exp2_tinyimagenet_2024_hashemi_clipping.csv
Total wall-clock: 0.1 min
Counts: {'UNSAT': 0, 'SAT': 1, 'UNKNOWN': 0, 'SKIPPED': 0, 'ERROR': 0, 'TIMEOUT': 0}
[run_cell   62/ 100 t= 8012s] idx=61   budget=100s (shell timeout=160s)
[tinyimagenet_2024] running only idx=61; appending to /home/sasakis/v/tools/n2v/examples/FlowConformal/experiments/exp2_prob_scale/outputs/exp2_tinyimagenet_2024_hashemi_clipping.csv
[tinyimagenet_2024] Loaded 1 instances; writing to /home/sasakis/v/tools/n2v/examples/FlowConformal/experiments/exp2_prob_scale/outputs/exp2_tinyimagenet_2024_hashemi_clipping.csv
[tinyimagenet_2024] Hashemi-clipping config: m=8000 ell=7999 epsilon=0.001 SEED=47
[tinyimagenet_2024 1/1 t=0s budget=100s] TinyImageNet_resnet_medium.onnx+TinyImageNet_resnet_medium_prop_idx_6618_sidx_5022_eps_0.0039.vnnlib
  ... idx=61 TIMEOUT (shell killed at 160s; runner did not finish)
[run_cell   63/ 100 t= 8177s] idx=62   budget=100s (shell timeout=160s)
[tinyimagenet_2024] running only idx=62; appending to /home/sasakis/v/tools/n2v/examples/FlowConformal/experiments/exp2_prob_scale/outputs/exp2_tinyimagenet_2024_hashemi_clipping.csv
[tinyimagenet_2024] Loaded 1 instances; writing to /home/sasakis/v/tools/n2v/examples/FlowConformal/experiments/exp2_prob_scale/outputs/exp2_tinyimagenet_2024_hashemi_clipping.csv
[tinyimagenet_2024] Hashemi-clipping config: m=8000 ell=7999 epsilon=0.001 SEED=47
[tinyimagenet_2024 1/1 t=0s budget=100s] TinyImageNet_resnet_medium.onnx+TinyImageNet_resnet_medium_prop_idx_6036_sidx_4672_eps_0.0039.vnnlib
    verdict=SAT  wall=4.1s

=== Sweep complete ===
Wrote /home/sasakis/v/tools/n2v/examples/FlowConformal/experiments/exp2_prob_scale/outputs/exp2_tinyimagenet_2024_hashemi_clipping.csv
Total wall-clock: 0.1 min
Counts: {'UNSAT': 0, 'SAT': 1, 'UNKNOWN': 0, 'SKIPPED': 0, 'ERROR': 0, 'TIMEOUT': 0}
[run_cell   64/ 100 t= 8186s] idx=63   budget=100s (shell timeout=160s)
[tinyimagenet_2024] running only idx=63; appending to /home/sasakis/v/tools/n2v/examples/FlowConformal/experiments/exp2_prob_scale/outputs/exp2_tinyimagenet_2024_hashemi_clipping.csv
[tinyimagenet_2024] Loaded 1 instances; writing to /home/sasakis/v/tools/n2v/examples/FlowConformal/experiments/exp2_prob_scale/outputs/exp2_tinyimagenet_2024_hashemi_clipping.csv
[tinyimagenet_2024] Hashemi-clipping config: m=8000 ell=7999 epsilon=0.001 SEED=47
[tinyimagenet_2024 1/1 t=0s budget=100s] TinyImageNet_resnet_medium.onnx+TinyImageNet_resnet_medium_prop_idx_3375_sidx_5824_eps_0.0039.vnnlib
  ... idx=63 TIMEOUT (shell killed at 160s; runner did not finish)
[run_cell   65/ 100 t= 8350s] idx=64   budget=100s (shell timeout=160s)
[tinyimagenet_2024] running only idx=64; appending to /home/sasakis/v/tools/n2v/examples/FlowConformal/experiments/exp2_prob_scale/outputs/exp2_tinyimagenet_2024_hashemi_clipping.csv
[tinyimagenet_2024] Loaded 1 instances; writing to /home/sasakis/v/tools/n2v/examples/FlowConformal/experiments/exp2_prob_scale/outputs/exp2_tinyimagenet_2024_hashemi_clipping.csv
[tinyimagenet_2024] Hashemi-clipping config: m=8000 ell=7999 epsilon=0.001 SEED=47
[tinyimagenet_2024 1/1 t=0s budget=100s] TinyImageNet_resnet_medium.onnx+TinyImageNet_resnet_medium_prop_idx_4327_sidx_7050_eps_0.0039.vnnlib
  ... idx=64 TIMEOUT (shell killed at 160s; runner did not finish)
[run_cell   66/ 100 t= 8515s] idx=65   budget=100s (shell timeout=160s)
[tinyimagenet_2024] running only idx=65; appending to /home/sasakis/v/tools/n2v/examples/FlowConformal/experiments/exp2_prob_scale/outputs/exp2_tinyimagenet_2024_hashemi_clipping.csv
[tinyimagenet_2024] Loaded 1 instances; writing to /home/sasakis/v/tools/n2v/examples/FlowConformal/experiments/exp2_prob_scale/outputs/exp2_tinyimagenet_2024_hashemi_clipping.csv
[tinyimagenet_2024] Hashemi-clipping config: m=8000 ell=7999 epsilon=0.001 SEED=47
[tinyimagenet_2024 1/1 t=0s budget=100s] TinyImageNet_resnet_medium.onnx+TinyImageNet_resnet_medium_prop_idx_4171_sidx_705_eps_0.0039.vnnlib
    verdict=SAT  wall=4.4s

=== Sweep complete ===
Wrote /home/sasakis/v/tools/n2v/examples/FlowConformal/experiments/exp2_prob_scale/outputs/exp2_tinyimagenet_2024_hashemi_clipping.csv
Total wall-clock: 0.1 min
Counts: {'UNSAT': 0, 'SAT': 1, 'UNKNOWN': 0, 'SKIPPED': 0, 'ERROR': 0, 'TIMEOUT': 0}
[run_cell   67/ 100 t= 8524s] idx=66   budget=100s (shell timeout=160s)
[tinyimagenet_2024] running only idx=66; appending to /home/sasakis/v/tools/n2v/examples/FlowConformal/experiments/exp2_prob_scale/outputs/exp2_tinyimagenet_2024_hashemi_clipping.csv
[tinyimagenet_2024] Loaded 1 instances; writing to /home/sasakis/v/tools/n2v/examples/FlowConformal/experiments/exp2_prob_scale/outputs/exp2_tinyimagenet_2024_hashemi_clipping.csv
[tinyimagenet_2024] Hashemi-clipping config: m=8000 ell=7999 epsilon=0.001 SEED=47
[tinyimagenet_2024 1/1 t=0s budget=100s] TinyImageNet_resnet_medium.onnx+TinyImageNet_resnet_medium_prop_idx_3677_sidx_3123_eps_0.0039.vnnlib
  ... idx=66 TIMEOUT (shell killed at 160s; runner did not finish)
[run_cell   68/ 100 t= 8688s] idx=67   budget=100s (shell timeout=160s)
[tinyimagenet_2024] running only idx=67; appending to /home/sasakis/v/tools/n2v/examples/FlowConformal/experiments/exp2_prob_scale/outputs/exp2_tinyimagenet_2024_hashemi_clipping.csv
[tinyimagenet_2024] Loaded 1 instances; writing to /home/sasakis/v/tools/n2v/examples/FlowConformal/experiments/exp2_prob_scale/outputs/exp2_tinyimagenet_2024_hashemi_clipping.csv
[tinyimagenet_2024] Hashemi-clipping config: m=8000 ell=7999 epsilon=0.001 SEED=47
[tinyimagenet_2024 1/1 t=0s budget=100s] TinyImageNet_resnet_medium.onnx+TinyImageNet_resnet_medium_prop_idx_1093_sidx_4490_eps_0.0039.vnnlib
  ... idx=67 TIMEOUT (shell killed at 160s; runner did not finish)
[run_cell   69/ 100 t= 8852s] idx=68   budget=100s (shell timeout=160s)
[tinyimagenet_2024] running only idx=68; appending to /home/sasakis/v/tools/n2v/examples/FlowConformal/experiments/exp2_prob_scale/outputs/exp2_tinyimagenet_2024_hashemi_clipping.csv
[tinyimagenet_2024] Loaded 1 instances; writing to /home/sasakis/v/tools/n2v/examples/FlowConformal/experiments/exp2_prob_scale/outputs/exp2_tinyimagenet_2024_hashemi_clipping.csv
[tinyimagenet_2024] Hashemi-clipping config: m=8000 ell=7999 epsilon=0.001 SEED=47
[tinyimagenet_2024 1/1 t=0s budget=100s] TinyImageNet_resnet_medium.onnx+TinyImageNet_resnet_medium_prop_idx_7473_sidx_6046_eps_0.0039.vnnlib
  ... idx=68 TIMEOUT (shell killed at 160s; runner did not finish)
[run_cell   70/ 100 t= 9017s] idx=69   budget=100s (shell timeout=160s)
[tinyimagenet_2024] running only idx=69; appending to /home/sasakis/v/tools/n2v/examples/FlowConformal/experiments/exp2_prob_scale/outputs/exp2_tinyimagenet_2024_hashemi_clipping.csv
[tinyimagenet_2024] Loaded 1 instances; writing to /home/sasakis/v/tools/n2v/examples/FlowConformal/experiments/exp2_prob_scale/outputs/exp2_tinyimagenet_2024_hashemi_clipping.csv
[tinyimagenet_2024] Hashemi-clipping config: m=8000 ell=7999 epsilon=0.001 SEED=47
[tinyimagenet_2024 1/1 t=0s budget=100s] TinyImageNet_resnet_medium.onnx+TinyImageNet_resnet_medium_prop_idx_6049_sidx_4719_eps_0.0039.vnnlib
    verdict=SAT  wall=4.5s

=== Sweep complete ===
Wrote /home/sasakis/v/tools/n2v/examples/FlowConformal/experiments/exp2_prob_scale/outputs/exp2_tinyimagenet_2024_hashemi_clipping.csv
Total wall-clock: 0.1 min
Counts: {'UNSAT': 0, 'SAT': 1, 'UNKNOWN': 0, 'SKIPPED': 0, 'ERROR': 0, 'TIMEOUT': 0}
[run_cell   71/ 100 t= 9026s] idx=70   budget=100s (shell timeout=160s)
[tinyimagenet_2024] running only idx=70; appending to /home/sasakis/v/tools/n2v/examples/FlowConformal/experiments/exp2_prob_scale/outputs/exp2_tinyimagenet_2024_hashemi_clipping.csv
[tinyimagenet_2024] Loaded 1 instances; writing to /home/sasakis/v/tools/n2v/examples/FlowConformal/experiments/exp2_prob_scale/outputs/exp2_tinyimagenet_2024_hashemi_clipping.csv
[tinyimagenet_2024] Hashemi-clipping config: m=8000 ell=7999 epsilon=0.001 SEED=47
[tinyimagenet_2024 1/1 t=0s budget=100s] TinyImageNet_resnet_medium.onnx+TinyImageNet_resnet_medium_prop_idx_7525_sidx_3725_eps_0.0039.vnnlib
  ... idx=70 TIMEOUT (shell killed at 160s; runner did not finish)
[run_cell   72/ 100 t= 9191s] idx=71   budget=100s (shell timeout=160s)
[tinyimagenet_2024] running only idx=71; appending to /home/sasakis/v/tools/n2v/examples/FlowConformal/experiments/exp2_prob_scale/outputs/exp2_tinyimagenet_2024_hashemi_clipping.csv
[tinyimagenet_2024] Loaded 1 instances; writing to /home/sasakis/v/tools/n2v/examples/FlowConformal/experiments/exp2_prob_scale/outputs/exp2_tinyimagenet_2024_hashemi_clipping.csv
[tinyimagenet_2024] Hashemi-clipping config: m=8000 ell=7999 epsilon=0.001 SEED=47
[tinyimagenet_2024 1/1 t=0s budget=100s] TinyImageNet_resnet_medium.onnx+TinyImageNet_resnet_medium_prop_idx_9729_sidx_1662_eps_0.0039.vnnlib
  ... idx=71 TIMEOUT (shell killed at 160s; runner did not finish)
[run_cell   73/ 100 t= 9355s] idx=72   budget=100s (shell timeout=160s)
[tinyimagenet_2024] running only idx=72; appending to /home/sasakis/v/tools/n2v/examples/FlowConformal/experiments/exp2_prob_scale/outputs/exp2_tinyimagenet_2024_hashemi_clipping.csv
[tinyimagenet_2024] Loaded 1 instances; writing to /home/sasakis/v/tools/n2v/examples/FlowConformal/experiments/exp2_prob_scale/outputs/exp2_tinyimagenet_2024_hashemi_clipping.csv
[tinyimagenet_2024] Hashemi-clipping config: m=8000 ell=7999 epsilon=0.001 SEED=47
[tinyimagenet_2024 1/1 t=0s budget=100s] TinyImageNet_resnet_medium.onnx+TinyImageNet_resnet_medium_prop_idx_6412_sidx_6140_eps_0.0039.vnnlib
  ... idx=72 TIMEOUT (shell killed at 160s; runner did not finish)
[run_cell   74/ 100 t= 9519s] idx=73   budget=100s (shell timeout=160s)
[tinyimagenet_2024] running only idx=73; appending to /home/sasakis/v/tools/n2v/examples/FlowConformal/experiments/exp2_prob_scale/outputs/exp2_tinyimagenet_2024_hashemi_clipping.csv
[tinyimagenet_2024] Loaded 1 instances; writing to /home/sasakis/v/tools/n2v/examples/FlowConformal/experiments/exp2_prob_scale/outputs/exp2_tinyimagenet_2024_hashemi_clipping.csv
[tinyimagenet_2024] Hashemi-clipping config: m=8000 ell=7999 epsilon=0.001 SEED=47
[tinyimagenet_2024 1/1 t=0s budget=100s] TinyImageNet_resnet_medium.onnx+TinyImageNet_resnet_medium_prop_idx_1024_sidx_5112_eps_0.0039.vnnlib
    verdict=SAT  wall=4.5s

=== Sweep complete ===
Wrote /home/sasakis/v/tools/n2v/examples/FlowConformal/experiments/exp2_prob_scale/outputs/exp2_tinyimagenet_2024_hashemi_clipping.csv
Total wall-clock: 0.1 min
Counts: {'UNSAT': 0, 'SAT': 1, 'UNKNOWN': 0, 'SKIPPED': 0, 'ERROR': 0, 'TIMEOUT': 0}
[run_cell   75/ 100 t= 9529s] idx=74   budget=100s (shell timeout=160s)
[tinyimagenet_2024] running only idx=74; appending to /home/sasakis/v/tools/n2v/examples/FlowConformal/experiments/exp2_prob_scale/outputs/exp2_tinyimagenet_2024_hashemi_clipping.csv
[tinyimagenet_2024] Loaded 1 instances; writing to /home/sasakis/v/tools/n2v/examples/FlowConformal/experiments/exp2_prob_scale/outputs/exp2_tinyimagenet_2024_hashemi_clipping.csv
[tinyimagenet_2024] Hashemi-clipping config: m=8000 ell=7999 epsilon=0.001 SEED=47
[tinyimagenet_2024 1/1 t=0s budget=100s] TinyImageNet_resnet_medium.onnx+TinyImageNet_resnet_medium_prop_idx_5634_sidx_9441_eps_0.0039.vnnlib
  ... idx=74 TIMEOUT (shell killed at 160s; runner did not finish)
[run_cell   76/ 100 t= 9693s] idx=75   budget=100s (shell timeout=160s)
[tinyimagenet_2024] running only idx=75; appending to /home/sasakis/v/tools/n2v/examples/FlowConformal/experiments/exp2_prob_scale/outputs/exp2_tinyimagenet_2024_hashemi_clipping.csv
[tinyimagenet_2024] Loaded 1 instances; writing to /home/sasakis/v/tools/n2v/examples/FlowConformal/experiments/exp2_prob_scale/outputs/exp2_tinyimagenet_2024_hashemi_clipping.csv
[tinyimagenet_2024] Hashemi-clipping config: m=8000 ell=7999 epsilon=0.001 SEED=47
[tinyimagenet_2024 1/1 t=0s budget=100s] TinyImageNet_resnet_medium.onnx+TinyImageNet_resnet_medium_prop_idx_4004_sidx_9594_eps_0.0039.vnnlib
  ... idx=75 TIMEOUT (shell killed at 160s; runner did not finish)
[run_cell   77/ 100 t= 9858s] idx=76   budget=100s (shell timeout=160s)
[tinyimagenet_2024] running only idx=76; appending to /home/sasakis/v/tools/n2v/examples/FlowConformal/experiments/exp2_prob_scale/outputs/exp2_tinyimagenet_2024_hashemi_clipping.csv
[tinyimagenet_2024] Loaded 1 instances; writing to /home/sasakis/v/tools/n2v/examples/FlowConformal/experiments/exp2_prob_scale/outputs/exp2_tinyimagenet_2024_hashemi_clipping.csv
[tinyimagenet_2024] Hashemi-clipping config: m=8000 ell=7999 epsilon=0.001 SEED=47
[tinyimagenet_2024 1/1 t=0s budget=100s] TinyImageNet_resnet_medium.onnx+TinyImageNet_resnet_medium_prop_idx_6628_sidx_8822_eps_0.0039.vnnlib
  ... idx=76 TIMEOUT (shell killed at 160s; runner did not finish)
[run_cell   78/ 100 t=10022s] idx=77   budget=100s (shell timeout=160s)
[tinyimagenet_2024] running only idx=77; appending to /home/sasakis/v/tools/n2v/examples/FlowConformal/experiments/exp2_prob_scale/outputs/exp2_tinyimagenet_2024_hashemi_clipping.csv
[tinyimagenet_2024] Loaded 1 instances; writing to /home/sasakis/v/tools/n2v/examples/FlowConformal/experiments/exp2_prob_scale/outputs/exp2_tinyimagenet_2024_hashemi_clipping.csv
[tinyimagenet_2024] Hashemi-clipping config: m=8000 ell=7999 epsilon=0.001 SEED=47
[tinyimagenet_2024 1/1 t=0s budget=100s] TinyImageNet_resnet_medium.onnx+TinyImageNet_resnet_medium_prop_idx_9025_sidx_9203_eps_0.0039.vnnlib
    verdict=SAT  wall=4.3s

=== Sweep complete ===
Wrote /home/sasakis/v/tools/n2v/examples/FlowConformal/experiments/exp2_prob_scale/outputs/exp2_tinyimagenet_2024_hashemi_clipping.csv
Total wall-clock: 0.1 min
Counts: {'UNSAT': 0, 'SAT': 1, 'UNKNOWN': 0, 'SKIPPED': 0, 'ERROR': 0, 'TIMEOUT': 0}
[run_cell   79/ 100 t=10031s] idx=78   budget=100s (shell timeout=160s)
[tinyimagenet_2024] running only idx=78; appending to /home/sasakis/v/tools/n2v/examples/FlowConformal/experiments/exp2_prob_scale/outputs/exp2_tinyimagenet_2024_hashemi_clipping.csv
[tinyimagenet_2024] Loaded 1 instances; writing to /home/sasakis/v/tools/n2v/examples/FlowConformal/experiments/exp2_prob_scale/outputs/exp2_tinyimagenet_2024_hashemi_clipping.csv
[tinyimagenet_2024] Hashemi-clipping config: m=8000 ell=7999 epsilon=0.001 SEED=47
[tinyimagenet_2024 1/1 t=0s budget=100s] TinyImageNet_resnet_medium.onnx+TinyImageNet_resnet_medium_prop_idx_2798_sidx_4910_eps_0.0039.vnnlib
  ... idx=78 TIMEOUT (shell killed at 160s; runner did not finish)
[run_cell   80/ 100 t=10196s] idx=79   budget=100s (shell timeout=160s)
[tinyimagenet_2024] running only idx=79; appending to /home/sasakis/v/tools/n2v/examples/FlowConformal/experiments/exp2_prob_scale/outputs/exp2_tinyimagenet_2024_hashemi_clipping.csv
[tinyimagenet_2024] Loaded 1 instances; writing to /home/sasakis/v/tools/n2v/examples/FlowConformal/experiments/exp2_prob_scale/outputs/exp2_tinyimagenet_2024_hashemi_clipping.csv
[tinyimagenet_2024] Hashemi-clipping config: m=8000 ell=7999 epsilon=0.001 SEED=47
[tinyimagenet_2024 1/1 t=0s budget=100s] TinyImageNet_resnet_medium.onnx+TinyImageNet_resnet_medium_prop_idx_4776_sidx_19_eps_0.0039.vnnlib
  ... idx=79 TIMEOUT (shell killed at 160s; runner did not finish)
[run_cell   81/ 100 t=10360s] idx=80   budget=100s (shell timeout=160s)
[tinyimagenet_2024] running only idx=80; appending to /home/sasakis/v/tools/n2v/examples/FlowConformal/experiments/exp2_prob_scale/outputs/exp2_tinyimagenet_2024_hashemi_clipping.csv
[tinyimagenet_2024] Loaded 1 instances; writing to /home/sasakis/v/tools/n2v/examples/FlowConformal/experiments/exp2_prob_scale/outputs/exp2_tinyimagenet_2024_hashemi_clipping.csv
[tinyimagenet_2024] Hashemi-clipping config: m=8000 ell=7999 epsilon=0.001 SEED=47
[tinyimagenet_2024 1/1 t=0s budget=100s] TinyImageNet_resnet_medium.onnx+TinyImageNet_resnet_medium_prop_idx_7152_sidx_4185_eps_0.0039.vnnlib
  ... idx=80 TIMEOUT (shell killed at 160s; runner did not finish)
[run_cell   82/ 100 t=10525s] idx=81   budget=100s (shell timeout=160s)
[tinyimagenet_2024] running only idx=81; appending to /home/sasakis/v/tools/n2v/examples/FlowConformal/experiments/exp2_prob_scale/outputs/exp2_tinyimagenet_2024_hashemi_clipping.csv
[tinyimagenet_2024] Loaded 1 instances; writing to /home/sasakis/v/tools/n2v/examples/FlowConformal/experiments/exp2_prob_scale/outputs/exp2_tinyimagenet_2024_hashemi_clipping.csv
[tinyimagenet_2024] Hashemi-clipping config: m=8000 ell=7999 epsilon=0.001 SEED=47
[tinyimagenet_2024 1/1 t=0s budget=100s] TinyImageNet_resnet_medium.onnx+TinyImageNet_resnet_medium_prop_idx_9656_sidx_451_eps_0.0039.vnnlib
  ... idx=81 TIMEOUT (shell killed at 160s; runner did not finish)
[run_cell   83/ 100 t=10689s] idx=82   budget=100s (shell timeout=160s)
[tinyimagenet_2024] running only idx=82; appending to /home/sasakis/v/tools/n2v/examples/FlowConformal/experiments/exp2_prob_scale/outputs/exp2_tinyimagenet_2024_hashemi_clipping.csv
[tinyimagenet_2024] Loaded 1 instances; writing to /home/sasakis/v/tools/n2v/examples/FlowConformal/experiments/exp2_prob_scale/outputs/exp2_tinyimagenet_2024_hashemi_clipping.csv
[tinyimagenet_2024] Hashemi-clipping config: m=8000 ell=7999 epsilon=0.001 SEED=47
[tinyimagenet_2024 1/1 t=0s budget=100s] TinyImageNet_resnet_medium.onnx+TinyImageNet_resnet_medium_prop_idx_4244_sidx_8624_eps_0.0039.vnnlib
  ... idx=82 TIMEOUT (shell killed at 160s; runner did not finish)
[run_cell   84/ 100 t=10853s] idx=83   budget=100s (shell timeout=160s)
[tinyimagenet_2024] running only idx=83; appending to /home/sasakis/v/tools/n2v/examples/FlowConformal/experiments/exp2_prob_scale/outputs/exp2_tinyimagenet_2024_hashemi_clipping.csv
[tinyimagenet_2024] Loaded 1 instances; writing to /home/sasakis/v/tools/n2v/examples/FlowConformal/experiments/exp2_prob_scale/outputs/exp2_tinyimagenet_2024_hashemi_clipping.csv
[tinyimagenet_2024] Hashemi-clipping config: m=8000 ell=7999 epsilon=0.001 SEED=47
[tinyimagenet_2024 1/1 t=0s budget=100s] TinyImageNet_resnet_medium.onnx+TinyImageNet_resnet_medium_prop_idx_4599_sidx_738_eps_0.0039.vnnlib
  ... idx=83 TIMEOUT (shell killed at 160s; runner did not finish)
[run_cell   85/ 100 t=11018s] idx=84   budget=100s (shell timeout=160s)
[tinyimagenet_2024] running only idx=84; appending to /home/sasakis/v/tools/n2v/examples/FlowConformal/experiments/exp2_prob_scale/outputs/exp2_tinyimagenet_2024_hashemi_clipping.csv
[tinyimagenet_2024] Loaded 1 instances; writing to /home/sasakis/v/tools/n2v/examples/FlowConformal/experiments/exp2_prob_scale/outputs/exp2_tinyimagenet_2024_hashemi_clipping.csv
[tinyimagenet_2024] Hashemi-clipping config: m=8000 ell=7999 epsilon=0.001 SEED=47
[tinyimagenet_2024 1/1 t=0s budget=100s] TinyImageNet_resnet_medium.onnx+TinyImageNet_resnet_medium_prop_idx_7749_sidx_8253_eps_0.0039.vnnlib
  ... idx=84 TIMEOUT (shell killed at 160s; runner did not finish)
[run_cell   86/ 100 t=11182s] idx=85   budget=100s (shell timeout=160s)
[tinyimagenet_2024] running only idx=85; appending to /home/sasakis/v/tools/n2v/examples/FlowConformal/experiments/exp2_prob_scale/outputs/exp2_tinyimagenet_2024_hashemi_clipping.csv
[tinyimagenet_2024] Loaded 1 instances; writing to /home/sasakis/v/tools/n2v/examples/FlowConformal/experiments/exp2_prob_scale/outputs/exp2_tinyimagenet_2024_hashemi_clipping.csv
[tinyimagenet_2024] Hashemi-clipping config: m=8000 ell=7999 epsilon=0.001 SEED=47
[tinyimagenet_2024 1/1 t=0s budget=100s] TinyImageNet_resnet_medium.onnx+TinyImageNet_resnet_medium_prop_idx_8310_sidx_4525_eps_0.0039.vnnlib
    verdict=SAT  wall=4.5s

=== Sweep complete ===
Wrote /home/sasakis/v/tools/n2v/examples/FlowConformal/experiments/exp2_prob_scale/outputs/exp2_tinyimagenet_2024_hashemi_clipping.csv
Total wall-clock: 0.1 min
Counts: {'UNSAT': 0, 'SAT': 1, 'UNKNOWN': 0, 'SKIPPED': 0, 'ERROR': 0, 'TIMEOUT': 0}
[run_cell   87/ 100 t=11191s] idx=86   budget=100s (shell timeout=160s)
[tinyimagenet_2024] running only idx=86; appending to /home/sasakis/v/tools/n2v/examples/FlowConformal/experiments/exp2_prob_scale/outputs/exp2_tinyimagenet_2024_hashemi_clipping.csv
[tinyimagenet_2024] Loaded 1 instances; writing to /home/sasakis/v/tools/n2v/examples/FlowConformal/experiments/exp2_prob_scale/outputs/exp2_tinyimagenet_2024_hashemi_clipping.csv
[tinyimagenet_2024] Hashemi-clipping config: m=8000 ell=7999 epsilon=0.001 SEED=47
[tinyimagenet_2024 1/1 t=0s budget=100s] TinyImageNet_resnet_medium.onnx+TinyImageNet_resnet_medium_prop_idx_3328_sidx_278_eps_0.0039.vnnlib
  ... idx=86 TIMEOUT (shell killed at 160s; runner did not finish)
[run_cell   88/ 100 t=11356s] idx=87   budget=100s (shell timeout=160s)
[tinyimagenet_2024] running only idx=87; appending to /home/sasakis/v/tools/n2v/examples/FlowConformal/experiments/exp2_prob_scale/outputs/exp2_tinyimagenet_2024_hashemi_clipping.csv
[tinyimagenet_2024] Loaded 1 instances; writing to /home/sasakis/v/tools/n2v/examples/FlowConformal/experiments/exp2_prob_scale/outputs/exp2_tinyimagenet_2024_hashemi_clipping.csv
[tinyimagenet_2024] Hashemi-clipping config: m=8000 ell=7999 epsilon=0.001 SEED=47
[tinyimagenet_2024 1/1 t=0s budget=100s] TinyImageNet_resnet_medium.onnx+TinyImageNet_resnet_medium_prop_idx_6228_sidx_7979_eps_0.0039.vnnlib
    verdict=SAT  wall=4.4s

=== Sweep complete ===
Wrote /home/sasakis/v/tools/n2v/examples/FlowConformal/experiments/exp2_prob_scale/outputs/exp2_tinyimagenet_2024_hashemi_clipping.csv
Total wall-clock: 0.1 min
Counts: {'UNSAT': 0, 'SAT': 1, 'UNKNOWN': 0, 'SKIPPED': 0, 'ERROR': 0, 'TIMEOUT': 0}
[run_cell   89/ 100 t=11365s] idx=88   budget=100s (shell timeout=160s)
[tinyimagenet_2024] running only idx=88; appending to /home/sasakis/v/tools/n2v/examples/FlowConformal/experiments/exp2_prob_scale/outputs/exp2_tinyimagenet_2024_hashemi_clipping.csv
[tinyimagenet_2024] Loaded 1 instances; writing to /home/sasakis/v/tools/n2v/examples/FlowConformal/experiments/exp2_prob_scale/outputs/exp2_tinyimagenet_2024_hashemi_clipping.csv
[tinyimagenet_2024] Hashemi-clipping config: m=8000 ell=7999 epsilon=0.001 SEED=47
[tinyimagenet_2024 1/1 t=0s budget=100s] TinyImageNet_resnet_medium.onnx+TinyImageNet_resnet_medium_prop_idx_7847_sidx_9927_eps_0.0039.vnnlib
  ... idx=88 TIMEOUT (shell killed at 160s; runner did not finish)
[run_cell   90/ 100 t=11529s] idx=89   budget=100s (shell timeout=160s)
[tinyimagenet_2024] running only idx=89; appending to /home/sasakis/v/tools/n2v/examples/FlowConformal/experiments/exp2_prob_scale/outputs/exp2_tinyimagenet_2024_hashemi_clipping.csv
[tinyimagenet_2024] Loaded 1 instances; writing to /home/sasakis/v/tools/n2v/examples/FlowConformal/experiments/exp2_prob_scale/outputs/exp2_tinyimagenet_2024_hashemi_clipping.csv
[tinyimagenet_2024] Hashemi-clipping config: m=8000 ell=7999 epsilon=0.001 SEED=47
[tinyimagenet_2024 1/1 t=0s budget=100s] TinyImageNet_resnet_medium.onnx+TinyImageNet_resnet_medium_prop_idx_8756_sidx_3958_eps_0.0039.vnnlib
  ... idx=89 TIMEOUT (shell killed at 160s; runner did not finish)
[run_cell   91/ 100 t=11694s] idx=90   budget=100s (shell timeout=160s)
[tinyimagenet_2024] running only idx=90; appending to /home/sasakis/v/tools/n2v/examples/FlowConformal/experiments/exp2_prob_scale/outputs/exp2_tinyimagenet_2024_hashemi_clipping.csv
[tinyimagenet_2024] Loaded 1 instances; writing to /home/sasakis/v/tools/n2v/examples/FlowConformal/experiments/exp2_prob_scale/outputs/exp2_tinyimagenet_2024_hashemi_clipping.csv
[tinyimagenet_2024] Hashemi-clipping config: m=8000 ell=7999 epsilon=0.001 SEED=47
[tinyimagenet_2024 1/1 t=0s budget=100s] TinyImageNet_resnet_medium.onnx+TinyImageNet_resnet_medium_prop_idx_2511_sidx_5059_eps_0.0039.vnnlib
    verdict=SAT  wall=4.4s

=== Sweep complete ===
Wrote /home/sasakis/v/tools/n2v/examples/FlowConformal/experiments/exp2_prob_scale/outputs/exp2_tinyimagenet_2024_hashemi_clipping.csv
Total wall-clock: 0.1 min
Counts: {'UNSAT': 0, 'SAT': 1, 'UNKNOWN': 0, 'SKIPPED': 0, 'ERROR': 0, 'TIMEOUT': 0}
[run_cell   92/ 100 t=11703s] idx=91   budget=100s (shell timeout=160s)
[tinyimagenet_2024] running only idx=91; appending to /home/sasakis/v/tools/n2v/examples/FlowConformal/experiments/exp2_prob_scale/outputs/exp2_tinyimagenet_2024_hashemi_clipping.csv
[tinyimagenet_2024] Loaded 1 instances; writing to /home/sasakis/v/tools/n2v/examples/FlowConformal/experiments/exp2_prob_scale/outputs/exp2_tinyimagenet_2024_hashemi_clipping.csv
[tinyimagenet_2024] Hashemi-clipping config: m=8000 ell=7999 epsilon=0.001 SEED=47
[tinyimagenet_2024 1/1 t=0s budget=100s] TinyImageNet_resnet_medium.onnx+TinyImageNet_resnet_medium_prop_idx_2575_sidx_1066_eps_0.0039.vnnlib
  ... idx=91 TIMEOUT (shell killed at 160s; runner did not finish)
[run_cell   93/ 100 t=11867s] idx=92   budget=100s (shell timeout=160s)
[tinyimagenet_2024] running only idx=92; appending to /home/sasakis/v/tools/n2v/examples/FlowConformal/experiments/exp2_prob_scale/outputs/exp2_tinyimagenet_2024_hashemi_clipping.csv
[tinyimagenet_2024] Loaded 1 instances; writing to /home/sasakis/v/tools/n2v/examples/FlowConformal/experiments/exp2_prob_scale/outputs/exp2_tinyimagenet_2024_hashemi_clipping.csv
[tinyimagenet_2024] Hashemi-clipping config: m=8000 ell=7999 epsilon=0.001 SEED=47
[tinyimagenet_2024 1/1 t=0s budget=100s] TinyImageNet_resnet_medium.onnx+TinyImageNet_resnet_medium_prop_idx_3574_sidx_9710_eps_0.0039.vnnlib
  ... idx=92 TIMEOUT (shell killed at 160s; runner did not finish)
[run_cell   94/ 100 t=12032s] idx=93   budget=100s (shell timeout=160s)
[tinyimagenet_2024] running only idx=93; appending to /home/sasakis/v/tools/n2v/examples/FlowConformal/experiments/exp2_prob_scale/outputs/exp2_tinyimagenet_2024_hashemi_clipping.csv
[tinyimagenet_2024] Loaded 1 instances; writing to /home/sasakis/v/tools/n2v/examples/FlowConformal/experiments/exp2_prob_scale/outputs/exp2_tinyimagenet_2024_hashemi_clipping.csv
[tinyimagenet_2024] Hashemi-clipping config: m=8000 ell=7999 epsilon=0.001 SEED=47
[tinyimagenet_2024 1/1 t=0s budget=100s] TinyImageNet_resnet_medium.onnx+TinyImageNet_resnet_medium_prop_idx_3437_sidx_2708_eps_0.0039.vnnlib
  ... idx=93 TIMEOUT (shell killed at 160s; runner did not finish)
[run_cell   95/ 100 t=12196s] idx=94   budget=100s (shell timeout=160s)
[tinyimagenet_2024] running only idx=94; appending to /home/sasakis/v/tools/n2v/examples/FlowConformal/experiments/exp2_prob_scale/outputs/exp2_tinyimagenet_2024_hashemi_clipping.csv
[tinyimagenet_2024] Loaded 1 instances; writing to /home/sasakis/v/tools/n2v/examples/FlowConformal/experiments/exp2_prob_scale/outputs/exp2_tinyimagenet_2024_hashemi_clipping.csv
[tinyimagenet_2024] Hashemi-clipping config: m=8000 ell=7999 epsilon=0.001 SEED=47
[tinyimagenet_2024 1/1 t=0s budget=100s] TinyImageNet_resnet_medium.onnx+TinyImageNet_resnet_medium_prop_idx_4024_sidx_4810_eps_0.0039.vnnlib
  ... idx=94 TIMEOUT (shell killed at 160s; runner did not finish)
[run_cell   96/ 100 t=12360s] idx=95   budget=100s (shell timeout=160s)
[tinyimagenet_2024] running only idx=95; appending to /home/sasakis/v/tools/n2v/examples/FlowConformal/experiments/exp2_prob_scale/outputs/exp2_tinyimagenet_2024_hashemi_clipping.csv
[tinyimagenet_2024] Loaded 1 instances; writing to /home/sasakis/v/tools/n2v/examples/FlowConformal/experiments/exp2_prob_scale/outputs/exp2_tinyimagenet_2024_hashemi_clipping.csv
[tinyimagenet_2024] Hashemi-clipping config: m=8000 ell=7999 epsilon=0.001 SEED=47
[tinyimagenet_2024 1/1 t=0s budget=100s] TinyImageNet_resnet_medium.onnx+TinyImageNet_resnet_medium_prop_idx_8698_sidx_4012_eps_0.0039.vnnlib
  ... idx=95 TIMEOUT (shell killed at 160s; runner did not finish)
[run_cell   97/ 100 t=12525s] idx=96   budget=100s (shell timeout=160s)
[tinyimagenet_2024] running only idx=96; appending to /home/sasakis/v/tools/n2v/examples/FlowConformal/experiments/exp2_prob_scale/outputs/exp2_tinyimagenet_2024_hashemi_clipping.csv
[tinyimagenet_2024] Loaded 1 instances; writing to /home/sasakis/v/tools/n2v/examples/FlowConformal/experiments/exp2_prob_scale/outputs/exp2_tinyimagenet_2024_hashemi_clipping.csv
[tinyimagenet_2024] Hashemi-clipping config: m=8000 ell=7999 epsilon=0.001 SEED=47
[tinyimagenet_2024 1/1 t=0s budget=100s] TinyImageNet_resnet_medium.onnx+TinyImageNet_resnet_medium_prop_idx_4674_sidx_6718_eps_0.0039.vnnlib
  ... idx=96 TIMEOUT (shell killed at 160s; runner did not finish)
[run_cell   98/ 100 t=12689s] idx=97   budget=100s (shell timeout=160s)
[tinyimagenet_2024] running only idx=97; appending to /home/sasakis/v/tools/n2v/examples/FlowConformal/experiments/exp2_prob_scale/outputs/exp2_tinyimagenet_2024_hashemi_clipping.csv
[tinyimagenet_2024] Loaded 1 instances; writing to /home/sasakis/v/tools/n2v/examples/FlowConformal/experiments/exp2_prob_scale/outputs/exp2_tinyimagenet_2024_hashemi_clipping.csv
[tinyimagenet_2024] Hashemi-clipping config: m=8000 ell=7999 epsilon=0.001 SEED=47
[tinyimagenet_2024 1/1 t=0s budget=100s] TinyImageNet_resnet_medium.onnx+TinyImageNet_resnet_medium_prop_idx_9569_sidx_8561_eps_0.0039.vnnlib
  ... idx=97 TIMEOUT (shell killed at 160s; runner did not finish)
[run_cell   99/ 100 t=12853s] idx=98   budget=100s (shell timeout=160s)
[tinyimagenet_2024] running only idx=98; appending to /home/sasakis/v/tools/n2v/examples/FlowConformal/experiments/exp2_prob_scale/outputs/exp2_tinyimagenet_2024_hashemi_clipping.csv
[tinyimagenet_2024] Loaded 1 instances; writing to /home/sasakis/v/tools/n2v/examples/FlowConformal/experiments/exp2_prob_scale/outputs/exp2_tinyimagenet_2024_hashemi_clipping.csv
[tinyimagenet_2024] Hashemi-clipping config: m=8000 ell=7999 epsilon=0.001 SEED=47
[tinyimagenet_2024 1/1 t=0s budget=100s] TinyImageNet_resnet_medium.onnx+TinyImageNet_resnet_medium_prop_idx_3533_sidx_4891_eps_0.0039.vnnlib
  ... idx=98 TIMEOUT (shell killed at 160s; runner did not finish)
[run_cell  100/ 100 t=13018s] idx=99   budget=100s (shell timeout=160s)
[tinyimagenet_2024] running only idx=99; appending to /home/sasakis/v/tools/n2v/examples/FlowConformal/experiments/exp2_prob_scale/outputs/exp2_tinyimagenet_2024_hashemi_clipping.csv
[tinyimagenet_2024] Loaded 1 instances; writing to /home/sasakis/v/tools/n2v/examples/FlowConformal/experiments/exp2_prob_scale/outputs/exp2_tinyimagenet_2024_hashemi_clipping.csv
[tinyimagenet_2024] Hashemi-clipping config: m=8000 ell=7999 epsilon=0.001 SEED=47
[tinyimagenet_2024 1/1 t=0s budget=100s] TinyImageNet_resnet_medium.onnx+TinyImageNet_resnet_medium_prop_idx_5129_sidx_3656_eps_0.0039.vnnlib
  ... idx=99 TIMEOUT (shell killed at 160s; runner did not finish)
[run_cell] complete. shell-killed timeouts and exits noted above; CSV row counts in the output file.

[2026-05-02T19:53:02-05:00] === END:   exp2_tinyimagenet_2024_hashemi_clipping (rc=0) ===
