[2026-05-03T01:46:52-05:00] === START: exp2_cifar10_resnet110_ours ===
[run_cell] exp2_prob_scale.exp2_run_ours --benchmark cifar10_resnet110: 100 instances
[run_cell    1/ 100 t=    0s] idx=0    budget=300s (shell timeout=360s)
[cifar10_resnet110] running only idx=0; appending to /home/sasakis/v/tools/n2v/examples/FlowConformal/experiments/exp2_prob_scale/outputs/exp2_cifar10_resnet110_ours.csv
[cifar10_resnet110] Loaded 1 instances; writing to /home/sasakis/v/tools/n2v/examples/FlowConformal/experiments/exp2_prob_scale/outputs/exp2_cifar10_resnet110_ours.csv
[cifar10_resnet110] Config: flow_config=base n_train=10000 flow_epochs=2000 method=amls_bounded max_levels=30 SEED=47
[cifar10_resnet110 1/1 t=0s budget=300s] cifar10_test_0000_label_3
    verdict=SAT  wall=2.0s

=== Sweep complete ===
Wrote /home/sasakis/v/tools/n2v/examples/FlowConformal/experiments/exp2_prob_scale/outputs/exp2_cifar10_resnet110_ours.csv
Total wall-clock: 0.0 min
Counts: {'UNSAT': 0, 'SAT': 1, 'UNKNOWN': 0, 'SKIPPED': 0, 'ERROR': 0, 'TIMEOUT': 0}
[run_cell    2/ 100 t=    8s] idx=1    budget=300s (shell timeout=360s)
[cifar10_resnet110] running only idx=1; appending to /home/sasakis/v/tools/n2v/examples/FlowConformal/experiments/exp2_prob_scale/outputs/exp2_cifar10_resnet110_ours.csv
[cifar10_resnet110] Loaded 1 instances; writing to /home/sasakis/v/tools/n2v/examples/FlowConformal/experiments/exp2_prob_scale/outputs/exp2_cifar10_resnet110_ours.csv
[cifar10_resnet110] Config: flow_config=base n_train=10000 flow_epochs=2000 method=amls_bounded max_levels=30 SEED=47
[cifar10_resnet110 1/1 t=0s budget=300s] cifar10_test_0001_label_8
    verdict=SAT  wall=3.4s

=== Sweep complete ===
Wrote /home/sasakis/v/tools/n2v/examples/FlowConformal/experiments/exp2_prob_scale/outputs/exp2_cifar10_resnet110_ours.csv
Total wall-clock: 0.1 min
Counts: {'UNSAT': 0, 'SAT': 1, 'UNKNOWN': 0, 'SKIPPED': 0, 'ERROR': 0, 'TIMEOUT': 0}
[run_cell    3/ 100 t=   17s] idx=2    budget=300s (shell timeout=360s)
[cifar10_resnet110] running only idx=2; appending to /home/sasakis/v/tools/n2v/examples/FlowConformal/experiments/exp2_prob_scale/outputs/exp2_cifar10_resnet110_ours.csv
[cifar10_resnet110] Loaded 1 instances; writing to /home/sasakis/v/tools/n2v/examples/FlowConformal/experiments/exp2_prob_scale/outputs/exp2_cifar10_resnet110_ours.csv
[cifar10_resnet110] Config: flow_config=base n_train=10000 flow_epochs=2000 method=amls_bounded max_levels=30 SEED=47
[cifar10_resnet110 1/1 t=0s budget=300s] cifar10_test_0002_label_8
    verdict=SAT  wall=3.5s

=== Sweep complete ===
Wrote /home/sasakis/v/tools/n2v/examples/FlowConformal/experiments/exp2_prob_scale/outputs/exp2_cifar10_resnet110_ours.csv
Total wall-clock: 0.1 min
Counts: {'UNSAT': 0, 'SAT': 1, 'UNKNOWN': 0, 'SKIPPED': 0, 'ERROR': 0, 'TIMEOUT': 0}
[run_cell    4/ 100 t=   26s] idx=3    budget=300s (shell timeout=360s)
[cifar10_resnet110] running only idx=3; appending to /home/sasakis/v/tools/n2v/examples/FlowConformal/experiments/exp2_prob_scale/outputs/exp2_cifar10_resnet110_ours.csv
[cifar10_resnet110] Loaded 1 instances; writing to /home/sasakis/v/tools/n2v/examples/FlowConformal/experiments/exp2_prob_scale/outputs/exp2_cifar10_resnet110_ours.csv
[cifar10_resnet110] Config: flow_config=base n_train=10000 flow_epochs=2000 method=amls_bounded max_levels=30 SEED=47
[cifar10_resnet110 1/1 t=0s budget=300s] cifar10_test_0003_label_0
    verdict=SAT  wall=3.2s

=== Sweep complete ===
Wrote /home/sasakis/v/tools/n2v/examples/FlowConformal/experiments/exp2_prob_scale/outputs/exp2_cifar10_resnet110_ours.csv
Total wall-clock: 0.1 min
Counts: {'UNSAT': 0, 'SAT': 1, 'UNKNOWN': 0, 'SKIPPED': 0, 'ERROR': 0, 'TIMEOUT': 0}
[run_cell    5/ 100 t=   34s] idx=4    budget=300s (shell timeout=360s)
[cifar10_resnet110] running only idx=4; appending to /home/sasakis/v/tools/n2v/examples/FlowConformal/experiments/exp2_prob_scale/outputs/exp2_cifar10_resnet110_ours.csv
[cifar10_resnet110] Loaded 1 instances; writing to /home/sasakis/v/tools/n2v/examples/FlowConformal/experiments/exp2_prob_scale/outputs/exp2_cifar10_resnet110_ours.csv
[cifar10_resnet110] Config: flow_config=base n_train=10000 flow_epochs=2000 method=amls_bounded max_levels=30 SEED=47
[cifar10_resnet110 1/1 t=0s budget=300s] cifar10_test_0004_label_6
    verdict=SAT  wall=3.2s

=== Sweep complete ===
Wrote /home/sasakis/v/tools/n2v/examples/FlowConformal/experiments/exp2_prob_scale/outputs/exp2_cifar10_resnet110_ours.csv
Total wall-clock: 0.1 min
Counts: {'UNSAT': 0, 'SAT': 1, 'UNKNOWN': 0, 'SKIPPED': 0, 'ERROR': 0, 'TIMEOUT': 0}
[run_cell    6/ 100 t=   43s] idx=5    budget=300s (shell timeout=360s)
[cifar10_resnet110] running only idx=5; appending to /home/sasakis/v/tools/n2v/examples/FlowConformal/experiments/exp2_prob_scale/outputs/exp2_cifar10_resnet110_ours.csv
[cifar10_resnet110] Loaded 1 instances; writing to /home/sasakis/v/tools/n2v/examples/FlowConformal/experiments/exp2_prob_scale/outputs/exp2_cifar10_resnet110_ours.csv
[cifar10_resnet110] Config: flow_config=base n_train=10000 flow_epochs=2000 method=amls_bounded max_levels=30 SEED=47
[cifar10_resnet110 1/1 t=0s budget=300s] cifar10_test_0005_label_6
    verdict=SAT  wall=3.2s

=== Sweep complete ===
Wrote /home/sasakis/v/tools/n2v/examples/FlowConformal/experiments/exp2_prob_scale/outputs/exp2_cifar10_resnet110_ours.csv
Total wall-clock: 0.1 min
Counts: {'UNSAT': 0, 'SAT': 1, 'UNKNOWN': 0, 'SKIPPED': 0, 'ERROR': 0, 'TIMEOUT': 0}
[run_cell    7/ 100 t=   52s] idx=6    budget=300s (shell timeout=360s)
[cifar10_resnet110] running only idx=6; appending to /home/sasakis/v/tools/n2v/examples/FlowConformal/experiments/exp2_prob_scale/outputs/exp2_cifar10_resnet110_ours.csv
[cifar10_resnet110] Loaded 1 instances; writing to /home/sasakis/v/tools/n2v/examples/FlowConformal/experiments/exp2_prob_scale/outputs/exp2_cifar10_resnet110_ours.csv
[cifar10_resnet110] Config: flow_config=base n_train=10000 flow_epochs=2000 method=amls_bounded max_levels=30 SEED=47
[cifar10_resnet110 1/1 t=0s budget=300s] cifar10_test_0006_label_1
    verdict=SAT  wall=3.3s

=== Sweep complete ===
Wrote /home/sasakis/v/tools/n2v/examples/FlowConformal/experiments/exp2_prob_scale/outputs/exp2_cifar10_resnet110_ours.csv
Total wall-clock: 0.1 min
Counts: {'UNSAT': 0, 'SAT': 1, 'UNKNOWN': 0, 'SKIPPED': 0, 'ERROR': 0, 'TIMEOUT': 0}
[run_cell    8/ 100 t=   61s] idx=7    budget=300s (shell timeout=360s)
[cifar10_resnet110] running only idx=7; appending to /home/sasakis/v/tools/n2v/examples/FlowConformal/experiments/exp2_prob_scale/outputs/exp2_cifar10_resnet110_ours.csv
[cifar10_resnet110] Loaded 1 instances; writing to /home/sasakis/v/tools/n2v/examples/FlowConformal/experiments/exp2_prob_scale/outputs/exp2_cifar10_resnet110_ours.csv
[cifar10_resnet110] Config: flow_config=base n_train=10000 flow_epochs=2000 method=amls_bounded max_levels=30 SEED=47
[cifar10_resnet110 1/1 t=0s budget=300s] cifar10_test_0007_label_6
    verdict=SAT  wall=1.3s

=== Sweep complete ===
Wrote /home/sasakis/v/tools/n2v/examples/FlowConformal/experiments/exp2_prob_scale/outputs/exp2_cifar10_resnet110_ours.csv
Total wall-clock: 0.0 min
Counts: {'UNSAT': 0, 'SAT': 1, 'UNKNOWN': 0, 'SKIPPED': 0, 'ERROR': 0, 'TIMEOUT': 0}
[run_cell    9/ 100 t=   68s] idx=8    budget=300s (shell timeout=360s)
[cifar10_resnet110] running only idx=8; appending to /home/sasakis/v/tools/n2v/examples/FlowConformal/experiments/exp2_prob_scale/outputs/exp2_cifar10_resnet110_ours.csv
[cifar10_resnet110] Loaded 1 instances; writing to /home/sasakis/v/tools/n2v/examples/FlowConformal/experiments/exp2_prob_scale/outputs/exp2_cifar10_resnet110_ours.csv
[cifar10_resnet110] Config: flow_config=base n_train=10000 flow_epochs=2000 method=amls_bounded max_levels=30 SEED=47
[cifar10_resnet110 1/1 t=0s budget=300s] cifar10_test_0008_label_3
    verdict=SAT  wall=3.4s

=== Sweep complete ===
Wrote /home/sasakis/v/tools/n2v/examples/FlowConformal/experiments/exp2_prob_scale/outputs/exp2_cifar10_resnet110_ours.csv
Total wall-clock: 0.1 min
Counts: {'UNSAT': 0, 'SAT': 1, 'UNKNOWN': 0, 'SKIPPED': 0, 'ERROR': 0, 'TIMEOUT': 0}
[run_cell   10/ 100 t=   76s] idx=9    budget=300s (shell timeout=360s)
[cifar10_resnet110] running only idx=9; appending to /home/sasakis/v/tools/n2v/examples/FlowConformal/experiments/exp2_prob_scale/outputs/exp2_cifar10_resnet110_ours.csv
[cifar10_resnet110] Loaded 1 instances; writing to /home/sasakis/v/tools/n2v/examples/FlowConformal/experiments/exp2_prob_scale/outputs/exp2_cifar10_resnet110_ours.csv
[cifar10_resnet110] Config: flow_config=base n_train=10000 flow_epochs=2000 method=amls_bounded max_levels=30 SEED=47
[cifar10_resnet110 1/1 t=0s budget=300s] cifar10_test_0009_label_1
    verdict=SAT  wall=3.3s

=== Sweep complete ===
Wrote /home/sasakis/v/tools/n2v/examples/FlowConformal/experiments/exp2_prob_scale/outputs/exp2_cifar10_resnet110_ours.csv
Total wall-clock: 0.1 min
Counts: {'UNSAT': 0, 'SAT': 1, 'UNKNOWN': 0, 'SKIPPED': 0, 'ERROR': 0, 'TIMEOUT': 0}
[run_cell   11/ 100 t=   85s] idx=10   budget=300s (shell timeout=360s)
[cifar10_resnet110] running only idx=10; appending to /home/sasakis/v/tools/n2v/examples/FlowConformal/experiments/exp2_prob_scale/outputs/exp2_cifar10_resnet110_ours.csv
[cifar10_resnet110] Loaded 1 instances; writing to /home/sasakis/v/tools/n2v/examples/FlowConformal/experiments/exp2_prob_scale/outputs/exp2_cifar10_resnet110_ours.csv
[cifar10_resnet110] Config: flow_config=base n_train=10000 flow_epochs=2000 method=amls_bounded max_levels=30 SEED=47
[cifar10_resnet110 1/1 t=0s budget=300s] cifar10_test_0010_label_0
    verdict=SAT  wall=3.2s

=== Sweep complete ===
Wrote /home/sasakis/v/tools/n2v/examples/FlowConformal/experiments/exp2_prob_scale/outputs/exp2_cifar10_resnet110_ours.csv
Total wall-clock: 0.1 min
Counts: {'UNSAT': 0, 'SAT': 1, 'UNKNOWN': 0, 'SKIPPED': 0, 'ERROR': 0, 'TIMEOUT': 0}
[run_cell   12/ 100 t=   94s] idx=11   budget=300s (shell timeout=360s)
[cifar10_resnet110] running only idx=11; appending to /home/sasakis/v/tools/n2v/examples/FlowConformal/experiments/exp2_prob_scale/outputs/exp2_cifar10_resnet110_ours.csv
[cifar10_resnet110] Loaded 1 instances; writing to /home/sasakis/v/tools/n2v/examples/FlowConformal/experiments/exp2_prob_scale/outputs/exp2_cifar10_resnet110_ours.csv
[cifar10_resnet110] Config: flow_config=base n_train=10000 flow_epochs=2000 method=amls_bounded max_levels=30 SEED=47
[cifar10_resnet110 1/1 t=0s budget=300s] cifar10_test_0011_label_9
    verdict=UNSAT  wall=195.7s

=== Sweep complete ===
Wrote /home/sasakis/v/tools/n2v/examples/FlowConformal/experiments/exp2_prob_scale/outputs/exp2_cifar10_resnet110_ours.csv
Total wall-clock: 3.3 min
Counts: {'UNSAT': 1, 'SAT': 0, 'UNKNOWN': 0, 'SKIPPED': 0, 'ERROR': 0, 'TIMEOUT': 0}
[run_cell   13/ 100 t=  296s] idx=12   budget=300s (shell timeout=360s)
[cifar10_resnet110] running only idx=12; appending to /home/sasakis/v/tools/n2v/examples/FlowConformal/experiments/exp2_prob_scale/outputs/exp2_cifar10_resnet110_ours.csv
[cifar10_resnet110] Loaded 1 instances; writing to /home/sasakis/v/tools/n2v/examples/FlowConformal/experiments/exp2_prob_scale/outputs/exp2_cifar10_resnet110_ours.csv
[cifar10_resnet110] Config: flow_config=base n_train=10000 flow_epochs=2000 method=amls_bounded max_levels=30 SEED=47
[cifar10_resnet110 1/1 t=0s budget=300s] cifar10_test_0012_label_5
    verdict=SAT  wall=3.2s

=== Sweep complete ===
Wrote /home/sasakis/v/tools/n2v/examples/FlowConformal/experiments/exp2_prob_scale/outputs/exp2_cifar10_resnet110_ours.csv
Total wall-clock: 0.1 min
Counts: {'UNSAT': 0, 'SAT': 1, 'UNKNOWN': 0, 'SKIPPED': 0, 'ERROR': 0, 'TIMEOUT': 0}
[run_cell   14/ 100 t=  305s] idx=13   budget=300s (shell timeout=360s)
[cifar10_resnet110] running only idx=13; appending to /home/sasakis/v/tools/n2v/examples/FlowConformal/experiments/exp2_prob_scale/outputs/exp2_cifar10_resnet110_ours.csv
[cifar10_resnet110] Loaded 1 instances; writing to /home/sasakis/v/tools/n2v/examples/FlowConformal/experiments/exp2_prob_scale/outputs/exp2_cifar10_resnet110_ours.csv
[cifar10_resnet110] Config: flow_config=base n_train=10000 flow_epochs=2000 method=amls_bounded max_levels=30 SEED=47
[cifar10_resnet110 1/1 t=0s budget=300s] cifar10_test_0013_label_7
    verdict=UNSAT  wall=194.7s

=== Sweep complete ===
Wrote /home/sasakis/v/tools/n2v/examples/FlowConformal/experiments/exp2_prob_scale/outputs/exp2_cifar10_resnet110_ours.csv
Total wall-clock: 3.2 min
Counts: {'UNSAT': 1, 'SAT': 0, 'UNKNOWN': 0, 'SKIPPED': 0, 'ERROR': 0, 'TIMEOUT': 0}
[run_cell   15/ 100 t=  506s] idx=14   budget=300s (shell timeout=360s)
[cifar10_resnet110] running only idx=14; appending to /home/sasakis/v/tools/n2v/examples/FlowConformal/experiments/exp2_prob_scale/outputs/exp2_cifar10_resnet110_ours.csv
[cifar10_resnet110] Loaded 1 instances; writing to /home/sasakis/v/tools/n2v/examples/FlowConformal/experiments/exp2_prob_scale/outputs/exp2_cifar10_resnet110_ours.csv
[cifar10_resnet110] Config: flow_config=base n_train=10000 flow_epochs=2000 method=amls_bounded max_levels=30 SEED=47
[cifar10_resnet110 1/1 t=0s budget=300s] cifar10_test_0014_label_9
    verdict=SAT  wall=3.5s

=== Sweep complete ===
Wrote /home/sasakis/v/tools/n2v/examples/FlowConformal/experiments/exp2_prob_scale/outputs/exp2_cifar10_resnet110_ours.csv
Total wall-clock: 0.1 min
Counts: {'UNSAT': 0, 'SAT': 1, 'UNKNOWN': 0, 'SKIPPED': 0, 'ERROR': 0, 'TIMEOUT': 0}
[run_cell   16/ 100 t=  515s] idx=15   budget=300s (shell timeout=360s)
[cifar10_resnet110] running only idx=15; appending to /home/sasakis/v/tools/n2v/examples/FlowConformal/experiments/exp2_prob_scale/outputs/exp2_cifar10_resnet110_ours.csv
[cifar10_resnet110] Loaded 1 instances; writing to /home/sasakis/v/tools/n2v/examples/FlowConformal/experiments/exp2_prob_scale/outputs/exp2_cifar10_resnet110_ours.csv
[cifar10_resnet110] Config: flow_config=base n_train=10000 flow_epochs=2000 method=amls_bounded max_levels=30 SEED=47
[cifar10_resnet110 1/1 t=0s budget=300s] cifar10_test_0015_label_8
    verdict=SAT  wall=3.8s

=== Sweep complete ===
Wrote /home/sasakis/v/tools/n2v/examples/FlowConformal/experiments/exp2_prob_scale/outputs/exp2_cifar10_resnet110_ours.csv
Total wall-clock: 0.1 min
Counts: {'UNSAT': 0, 'SAT': 1, 'UNKNOWN': 0, 'SKIPPED': 0, 'ERROR': 0, 'TIMEOUT': 0}
[run_cell   17/ 100 t=  524s] idx=16   budget=300s (shell timeout=360s)
[cifar10_resnet110] running only idx=16; appending to /home/sasakis/v/tools/n2v/examples/FlowConformal/experiments/exp2_prob_scale/outputs/exp2_cifar10_resnet110_ours.csv
[cifar10_resnet110] Loaded 1 instances; writing to /home/sasakis/v/tools/n2v/examples/FlowConformal/experiments/exp2_prob_scale/outputs/exp2_cifar10_resnet110_ours.csv
[cifar10_resnet110] Config: flow_config=base n_train=10000 flow_epochs=2000 method=amls_bounded max_levels=30 SEED=47
[cifar10_resnet110 1/1 t=0s budget=300s] cifar10_test_0016_label_5
    verdict=SAT  wall=3.2s

=== Sweep complete ===
Wrote /home/sasakis/v/tools/n2v/examples/FlowConformal/experiments/exp2_prob_scale/outputs/exp2_cifar10_resnet110_ours.csv
Total wall-clock: 0.1 min
Counts: {'UNSAT': 0, 'SAT': 1, 'UNKNOWN': 0, 'SKIPPED': 0, 'ERROR': 0, 'TIMEOUT': 0}
[run_cell   18/ 100 t=  533s] idx=17   budget=300s (shell timeout=360s)
[cifar10_resnet110] running only idx=17; appending to /home/sasakis/v/tools/n2v/examples/FlowConformal/experiments/exp2_prob_scale/outputs/exp2_cifar10_resnet110_ours.csv
[cifar10_resnet110] Loaded 1 instances; writing to /home/sasakis/v/tools/n2v/examples/FlowConformal/experiments/exp2_prob_scale/outputs/exp2_cifar10_resnet110_ours.csv
[cifar10_resnet110] Config: flow_config=base n_train=10000 flow_epochs=2000 method=amls_bounded max_levels=30 SEED=47
[cifar10_resnet110 1/1 t=0s budget=300s] cifar10_test_0017_label_7
    verdict=SAT  wall=3.5s

=== Sweep complete ===
Wrote /home/sasakis/v/tools/n2v/examples/FlowConformal/experiments/exp2_prob_scale/outputs/exp2_cifar10_resnet110_ours.csv
Total wall-clock: 0.1 min
Counts: {'UNSAT': 0, 'SAT': 1, 'UNKNOWN': 0, 'SKIPPED': 0, 'ERROR': 0, 'TIMEOUT': 0}
[run_cell   19/ 100 t=  542s] idx=18   budget=300s (shell timeout=360s)
[cifar10_resnet110] running only idx=18; appending to /home/sasakis/v/tools/n2v/examples/FlowConformal/experiments/exp2_prob_scale/outputs/exp2_cifar10_resnet110_ours.csv
[cifar10_resnet110] Loaded 1 instances; writing to /home/sasakis/v/tools/n2v/examples/FlowConformal/experiments/exp2_prob_scale/outputs/exp2_cifar10_resnet110_ours.csv
[cifar10_resnet110] Config: flow_config=base n_train=10000 flow_epochs=2000 method=amls_bounded max_levels=30 SEED=47
[cifar10_resnet110 1/1 t=0s budget=300s] cifar10_test_0018_label_8
    verdict=SAT  wall=3.2s

=== Sweep complete ===
Wrote /home/sasakis/v/tools/n2v/examples/FlowConformal/experiments/exp2_prob_scale/outputs/exp2_cifar10_resnet110_ours.csv
Total wall-clock: 0.1 min
Counts: {'UNSAT': 0, 'SAT': 1, 'UNKNOWN': 0, 'SKIPPED': 0, 'ERROR': 0, 'TIMEOUT': 0}
[run_cell   20/ 100 t=  551s] idx=19   budget=300s (shell timeout=360s)
[cifar10_resnet110] running only idx=19; appending to /home/sasakis/v/tools/n2v/examples/FlowConformal/experiments/exp2_prob_scale/outputs/exp2_cifar10_resnet110_ours.csv
[cifar10_resnet110] Loaded 1 instances; writing to /home/sasakis/v/tools/n2v/examples/FlowConformal/experiments/exp2_prob_scale/outputs/exp2_cifar10_resnet110_ours.csv
[cifar10_resnet110] Config: flow_config=base n_train=10000 flow_epochs=2000 method=amls_bounded max_levels=30 SEED=47
[cifar10_resnet110 1/1 t=0s budget=300s] cifar10_test_0019_label_6
    verdict=SAT  wall=3.2s

=== Sweep complete ===
Wrote /home/sasakis/v/tools/n2v/examples/FlowConformal/experiments/exp2_prob_scale/outputs/exp2_cifar10_resnet110_ours.csv
Total wall-clock: 0.1 min
Counts: {'UNSAT': 0, 'SAT': 1, 'UNKNOWN': 0, 'SKIPPED': 0, 'ERROR': 0, 'TIMEOUT': 0}
[run_cell   21/ 100 t=  560s] idx=20   budget=300s (shell timeout=360s)
[cifar10_resnet110] running only idx=20; appending to /home/sasakis/v/tools/n2v/examples/FlowConformal/experiments/exp2_prob_scale/outputs/exp2_cifar10_resnet110_ours.csv
[cifar10_resnet110] Loaded 1 instances; writing to /home/sasakis/v/tools/n2v/examples/FlowConformal/experiments/exp2_prob_scale/outputs/exp2_cifar10_resnet110_ours.csv
[cifar10_resnet110] Config: flow_config=base n_train=10000 flow_epochs=2000 method=amls_bounded max_levels=30 SEED=47
[cifar10_resnet110 1/1 t=0s budget=300s] cifar10_test_0020_label_7
    verdict=SAT  wall=3.2s

=== Sweep complete ===
Wrote /home/sasakis/v/tools/n2v/examples/FlowConformal/experiments/exp2_prob_scale/outputs/exp2_cifar10_resnet110_ours.csv
Total wall-clock: 0.1 min
Counts: {'UNSAT': 0, 'SAT': 1, 'UNKNOWN': 0, 'SKIPPED': 0, 'ERROR': 0, 'TIMEOUT': 0}
[run_cell   22/ 100 t=  569s] idx=21   budget=300s (shell timeout=360s)
[cifar10_resnet110] running only idx=21; appending to /home/sasakis/v/tools/n2v/examples/FlowConformal/experiments/exp2_prob_scale/outputs/exp2_cifar10_resnet110_ours.csv
[cifar10_resnet110] Loaded 1 instances; writing to /home/sasakis/v/tools/n2v/examples/FlowConformal/experiments/exp2_prob_scale/outputs/exp2_cifar10_resnet110_ours.csv
[cifar10_resnet110] Config: flow_config=base n_train=10000 flow_epochs=2000 method=amls_bounded max_levels=30 SEED=47
[cifar10_resnet110 1/1 t=0s budget=300s] cifar10_test_0021_label_0
    verdict=SAT  wall=3.4s

=== Sweep complete ===
Wrote /home/sasakis/v/tools/n2v/examples/FlowConformal/experiments/exp2_prob_scale/outputs/exp2_cifar10_resnet110_ours.csv
Total wall-clock: 0.1 min
Counts: {'UNSAT': 0, 'SAT': 1, 'UNKNOWN': 0, 'SKIPPED': 0, 'ERROR': 0, 'TIMEOUT': 0}
[run_cell   23/ 100 t=  578s] idx=22   budget=300s (shell timeout=360s)
[cifar10_resnet110] running only idx=22; appending to /home/sasakis/v/tools/n2v/examples/FlowConformal/experiments/exp2_prob_scale/outputs/exp2_cifar10_resnet110_ours.csv
[cifar10_resnet110] Loaded 1 instances; writing to /home/sasakis/v/tools/n2v/examples/FlowConformal/experiments/exp2_prob_scale/outputs/exp2_cifar10_resnet110_ours.csv
[cifar10_resnet110] Config: flow_config=base n_train=10000 flow_epochs=2000 method=amls_bounded max_levels=30 SEED=47
[cifar10_resnet110 1/1 t=0s budget=300s] cifar10_test_0022_label_4
    verdict=SAT  wall=3.2s

=== Sweep complete ===
Wrote /home/sasakis/v/tools/n2v/examples/FlowConformal/experiments/exp2_prob_scale/outputs/exp2_cifar10_resnet110_ours.csv
Total wall-clock: 0.1 min
Counts: {'UNSAT': 0, 'SAT': 1, 'UNKNOWN': 0, 'SKIPPED': 0, 'ERROR': 0, 'TIMEOUT': 0}
[run_cell   24/ 100 t=  586s] idx=23   budget=300s (shell timeout=360s)
[cifar10_resnet110] running only idx=23; appending to /home/sasakis/v/tools/n2v/examples/FlowConformal/experiments/exp2_prob_scale/outputs/exp2_cifar10_resnet110_ours.csv
[cifar10_resnet110] Loaded 1 instances; writing to /home/sasakis/v/tools/n2v/examples/FlowConformal/experiments/exp2_prob_scale/outputs/exp2_cifar10_resnet110_ours.csv
[cifar10_resnet110] Config: flow_config=base n_train=10000 flow_epochs=2000 method=amls_bounded max_levels=30 SEED=47
[cifar10_resnet110 1/1 t=0s budget=300s] cifar10_test_0023_label_9
    verdict=UNSAT  wall=158.9s

=== Sweep complete ===
Wrote /home/sasakis/v/tools/n2v/examples/FlowConformal/experiments/exp2_prob_scale/outputs/exp2_cifar10_resnet110_ours.csv
Total wall-clock: 2.6 min
Counts: {'UNSAT': 1, 'SAT': 0, 'UNKNOWN': 0, 'SKIPPED': 0, 'ERROR': 0, 'TIMEOUT': 0}
[run_cell   25/ 100 t=  752s] idx=24   budget=300s (shell timeout=360s)
[cifar10_resnet110] running only idx=24; appending to /home/sasakis/v/tools/n2v/examples/FlowConformal/experiments/exp2_prob_scale/outputs/exp2_cifar10_resnet110_ours.csv
[cifar10_resnet110] Loaded 1 instances; writing to /home/sasakis/v/tools/n2v/examples/FlowConformal/experiments/exp2_prob_scale/outputs/exp2_cifar10_resnet110_ours.csv
[cifar10_resnet110] Config: flow_config=base n_train=10000 flow_epochs=2000 method=amls_bounded max_levels=30 SEED=47
[cifar10_resnet110 1/1 t=0s budget=300s] cifar10_test_0024_label_5
    verdict=SAT  wall=3.2s

=== Sweep complete ===
Wrote /home/sasakis/v/tools/n2v/examples/FlowConformal/experiments/exp2_prob_scale/outputs/exp2_cifar10_resnet110_ours.csv
Total wall-clock: 0.1 min
Counts: {'UNSAT': 0, 'SAT': 1, 'UNKNOWN': 0, 'SKIPPED': 0, 'ERROR': 0, 'TIMEOUT': 0}
[run_cell   26/ 100 t=  760s] idx=25   budget=300s (shell timeout=360s)
[cifar10_resnet110] running only idx=25; appending to /home/sasakis/v/tools/n2v/examples/FlowConformal/experiments/exp2_prob_scale/outputs/exp2_cifar10_resnet110_ours.csv
[cifar10_resnet110] Loaded 1 instances; writing to /home/sasakis/v/tools/n2v/examples/FlowConformal/experiments/exp2_prob_scale/outputs/exp2_cifar10_resnet110_ours.csv
[cifar10_resnet110] Config: flow_config=base n_train=10000 flow_epochs=2000 method=amls_bounded max_levels=30 SEED=47
[cifar10_resnet110 1/1 t=0s budget=300s] cifar10_test_0025_label_2
    verdict=SAT  wall=3.5s

=== Sweep complete ===
Wrote /home/sasakis/v/tools/n2v/examples/FlowConformal/experiments/exp2_prob_scale/outputs/exp2_cifar10_resnet110_ours.csv
Total wall-clock: 0.1 min
Counts: {'UNSAT': 0, 'SAT': 1, 'UNKNOWN': 0, 'SKIPPED': 0, 'ERROR': 0, 'TIMEOUT': 0}
[run_cell   27/ 100 t=  769s] idx=26   budget=300s (shell timeout=360s)
[cifar10_resnet110] running only idx=26; appending to /home/sasakis/v/tools/n2v/examples/FlowConformal/experiments/exp2_prob_scale/outputs/exp2_cifar10_resnet110_ours.csv
[cifar10_resnet110] Loaded 1 instances; writing to /home/sasakis/v/tools/n2v/examples/FlowConformal/experiments/exp2_prob_scale/outputs/exp2_cifar10_resnet110_ours.csv
[cifar10_resnet110] Config: flow_config=base n_train=10000 flow_epochs=2000 method=amls_bounded max_levels=30 SEED=47
[cifar10_resnet110 1/1 t=0s budget=300s] cifar10_test_0026_label_4
    verdict=SAT  wall=3.2s

=== Sweep complete ===
Wrote /home/sasakis/v/tools/n2v/examples/FlowConformal/experiments/exp2_prob_scale/outputs/exp2_cifar10_resnet110_ours.csv
Total wall-clock: 0.1 min
Counts: {'UNSAT': 0, 'SAT': 1, 'UNKNOWN': 0, 'SKIPPED': 0, 'ERROR': 0, 'TIMEOUT': 0}
[run_cell   28/ 100 t=  778s] idx=27   budget=300s (shell timeout=360s)
[cifar10_resnet110] running only idx=27; appending to /home/sasakis/v/tools/n2v/examples/FlowConformal/experiments/exp2_prob_scale/outputs/exp2_cifar10_resnet110_ours.csv
[cifar10_resnet110] Loaded 1 instances; writing to /home/sasakis/v/tools/n2v/examples/FlowConformal/experiments/exp2_prob_scale/outputs/exp2_cifar10_resnet110_ours.csv
[cifar10_resnet110] Config: flow_config=base n_train=10000 flow_epochs=2000 method=amls_bounded max_levels=30 SEED=47
[cifar10_resnet110 1/1 t=0s budget=300s] cifar10_test_0027_label_0
    verdict=SAT  wall=3.3s

=== Sweep complete ===
Wrote /home/sasakis/v/tools/n2v/examples/FlowConformal/experiments/exp2_prob_scale/outputs/exp2_cifar10_resnet110_ours.csv
Total wall-clock: 0.1 min
Counts: {'UNSAT': 0, 'SAT': 1, 'UNKNOWN': 0, 'SKIPPED': 0, 'ERROR': 0, 'TIMEOUT': 0}
[run_cell   29/ 100 t=  787s] idx=28   budget=300s (shell timeout=360s)
[cifar10_resnet110] running only idx=28; appending to /home/sasakis/v/tools/n2v/examples/FlowConformal/experiments/exp2_prob_scale/outputs/exp2_cifar10_resnet110_ours.csv
[cifar10_resnet110] Loaded 1 instances; writing to /home/sasakis/v/tools/n2v/examples/FlowConformal/experiments/exp2_prob_scale/outputs/exp2_cifar10_resnet110_ours.csv
[cifar10_resnet110] Config: flow_config=base n_train=10000 flow_epochs=2000 method=amls_bounded max_levels=30 SEED=47
[cifar10_resnet110 1/1 t=0s budget=300s] cifar10_test_0028_label_9
    verdict=SAT  wall=3.2s

=== Sweep complete ===
Wrote /home/sasakis/v/tools/n2v/examples/FlowConformal/experiments/exp2_prob_scale/outputs/exp2_cifar10_resnet110_ours.csv
Total wall-clock: 0.1 min
Counts: {'UNSAT': 0, 'SAT': 1, 'UNKNOWN': 0, 'SKIPPED': 0, 'ERROR': 0, 'TIMEOUT': 0}
[run_cell   30/ 100 t=  796s] idx=29   budget=300s (shell timeout=360s)
[cifar10_resnet110] running only idx=29; appending to /home/sasakis/v/tools/n2v/examples/FlowConformal/experiments/exp2_prob_scale/outputs/exp2_cifar10_resnet110_ours.csv
[cifar10_resnet110] Loaded 1 instances; writing to /home/sasakis/v/tools/n2v/examples/FlowConformal/experiments/exp2_prob_scale/outputs/exp2_cifar10_resnet110_ours.csv
[cifar10_resnet110] Config: flow_config=base n_train=10000 flow_epochs=2000 method=amls_bounded max_levels=30 SEED=47
[cifar10_resnet110 1/1 t=0s budget=300s] cifar10_test_0029_label_6
    verdict=SAT  wall=3.4s

=== Sweep complete ===
Wrote /home/sasakis/v/tools/n2v/examples/FlowConformal/experiments/exp2_prob_scale/outputs/exp2_cifar10_resnet110_ours.csv
Total wall-clock: 0.1 min
Counts: {'UNSAT': 0, 'SAT': 1, 'UNKNOWN': 0, 'SKIPPED': 0, 'ERROR': 0, 'TIMEOUT': 0}
[run_cell   31/ 100 t=  805s] idx=30   budget=300s (shell timeout=360s)
[cifar10_resnet110] running only idx=30; appending to /home/sasakis/v/tools/n2v/examples/FlowConformal/experiments/exp2_prob_scale/outputs/exp2_cifar10_resnet110_ours.csv
[cifar10_resnet110] Loaded 1 instances; writing to /home/sasakis/v/tools/n2v/examples/FlowConformal/experiments/exp2_prob_scale/outputs/exp2_cifar10_resnet110_ours.csv
[cifar10_resnet110] Config: flow_config=base n_train=10000 flow_epochs=2000 method=amls_bounded max_levels=30 SEED=47
[cifar10_resnet110 1/1 t=0s budget=300s] cifar10_test_0030_label_6
    verdict=SAT  wall=3.2s

=== Sweep complete ===
Wrote /home/sasakis/v/tools/n2v/examples/FlowConformal/experiments/exp2_prob_scale/outputs/exp2_cifar10_resnet110_ours.csv
Total wall-clock: 0.1 min
Counts: {'UNSAT': 0, 'SAT': 1, 'UNKNOWN': 0, 'SKIPPED': 0, 'ERROR': 0, 'TIMEOUT': 0}
[run_cell   32/ 100 t=  813s] idx=31   budget=300s (shell timeout=360s)
[cifar10_resnet110] running only idx=31; appending to /home/sasakis/v/tools/n2v/examples/FlowConformal/experiments/exp2_prob_scale/outputs/exp2_cifar10_resnet110_ours.csv
[cifar10_resnet110] Loaded 1 instances; writing to /home/sasakis/v/tools/n2v/examples/FlowConformal/experiments/exp2_prob_scale/outputs/exp2_cifar10_resnet110_ours.csv
[cifar10_resnet110] Config: flow_config=base n_train=10000 flow_epochs=2000 method=amls_bounded max_levels=30 SEED=47
[cifar10_resnet110 1/1 t=0s budget=300s] cifar10_test_0031_label_5
    verdict=SAT  wall=3.1s

=== Sweep complete ===
Wrote /home/sasakis/v/tools/n2v/examples/FlowConformal/experiments/exp2_prob_scale/outputs/exp2_cifar10_resnet110_ours.csv
Total wall-clock: 0.1 min
Counts: {'UNSAT': 0, 'SAT': 1, 'UNKNOWN': 0, 'SKIPPED': 0, 'ERROR': 0, 'TIMEOUT': 0}
[run_cell   33/ 100 t=  822s] idx=32   budget=300s (shell timeout=360s)
[cifar10_resnet110] running only idx=32; appending to /home/sasakis/v/tools/n2v/examples/FlowConformal/experiments/exp2_prob_scale/outputs/exp2_cifar10_resnet110_ours.csv
[cifar10_resnet110] Loaded 1 instances; writing to /home/sasakis/v/tools/n2v/examples/FlowConformal/experiments/exp2_prob_scale/outputs/exp2_cifar10_resnet110_ours.csv
[cifar10_resnet110] Config: flow_config=base n_train=10000 flow_epochs=2000 method=amls_bounded max_levels=30 SEED=47
[cifar10_resnet110 1/1 t=0s budget=300s] cifar10_test_0032_label_4
    verdict=SAT  wall=3.2s

=== Sweep complete ===
Wrote /home/sasakis/v/tools/n2v/examples/FlowConformal/experiments/exp2_prob_scale/outputs/exp2_cifar10_resnet110_ours.csv
Total wall-clock: 0.1 min
Counts: {'UNSAT': 0, 'SAT': 1, 'UNKNOWN': 0, 'SKIPPED': 0, 'ERROR': 0, 'TIMEOUT': 0}
[run_cell   34/ 100 t=  831s] idx=33   budget=300s (shell timeout=360s)
[cifar10_resnet110] running only idx=33; appending to /home/sasakis/v/tools/n2v/examples/FlowConformal/experiments/exp2_prob_scale/outputs/exp2_cifar10_resnet110_ours.csv
[cifar10_resnet110] Loaded 1 instances; writing to /home/sasakis/v/tools/n2v/examples/FlowConformal/experiments/exp2_prob_scale/outputs/exp2_cifar10_resnet110_ours.csv
[cifar10_resnet110] Config: flow_config=base n_train=10000 flow_epochs=2000 method=amls_bounded max_levels=30 SEED=47
[cifar10_resnet110 1/1 t=0s budget=300s] cifar10_test_0033_label_5
    verdict=SAT  wall=3.3s

=== Sweep complete ===
Wrote /home/sasakis/v/tools/n2v/examples/FlowConformal/experiments/exp2_prob_scale/outputs/exp2_cifar10_resnet110_ours.csv
Total wall-clock: 0.1 min
Counts: {'UNSAT': 0, 'SAT': 1, 'UNKNOWN': 0, 'SKIPPED': 0, 'ERROR': 0, 'TIMEOUT': 0}
[run_cell   35/ 100 t=  840s] idx=34   budget=300s (shell timeout=360s)
[cifar10_resnet110] running only idx=34; appending to /home/sasakis/v/tools/n2v/examples/FlowConformal/experiments/exp2_prob_scale/outputs/exp2_cifar10_resnet110_ours.csv
[cifar10_resnet110] Loaded 1 instances; writing to /home/sasakis/v/tools/n2v/examples/FlowConformal/experiments/exp2_prob_scale/outputs/exp2_cifar10_resnet110_ours.csv
[cifar10_resnet110] Config: flow_config=base n_train=10000 flow_epochs=2000 method=amls_bounded max_levels=30 SEED=47
[cifar10_resnet110 1/1 t=0s budget=300s] cifar10_test_0034_label_9
    verdict=SAT  wall=2.9s

=== Sweep complete ===
Wrote /home/sasakis/v/tools/n2v/examples/FlowConformal/experiments/exp2_prob_scale/outputs/exp2_cifar10_resnet110_ours.csv
Total wall-clock: 0.0 min
Counts: {'UNSAT': 0, 'SAT': 1, 'UNKNOWN': 0, 'SKIPPED': 0, 'ERROR': 0, 'TIMEOUT': 0}
[run_cell   36/ 100 t=  848s] idx=35   budget=300s (shell timeout=360s)
[cifar10_resnet110] running only idx=35; appending to /home/sasakis/v/tools/n2v/examples/FlowConformal/experiments/exp2_prob_scale/outputs/exp2_cifar10_resnet110_ours.csv
[cifar10_resnet110] Loaded 1 instances; writing to /home/sasakis/v/tools/n2v/examples/FlowConformal/experiments/exp2_prob_scale/outputs/exp2_cifar10_resnet110_ours.csv
[cifar10_resnet110] Config: flow_config=base n_train=10000 flow_epochs=2000 method=amls_bounded max_levels=30 SEED=47
[cifar10_resnet110 1/1 t=0s budget=300s] cifar10_test_0035_label_2
    verdict=SAT  wall=3.1s

=== Sweep complete ===
Wrote /home/sasakis/v/tools/n2v/examples/FlowConformal/experiments/exp2_prob_scale/outputs/exp2_cifar10_resnet110_ours.csv
Total wall-clock: 0.1 min
Counts: {'UNSAT': 0, 'SAT': 1, 'UNKNOWN': 0, 'SKIPPED': 0, 'ERROR': 0, 'TIMEOUT': 0}
[run_cell   37/ 100 t=  857s] idx=36   budget=300s (shell timeout=360s)
[cifar10_resnet110] running only idx=36; appending to /home/sasakis/v/tools/n2v/examples/FlowConformal/experiments/exp2_prob_scale/outputs/exp2_cifar10_resnet110_ours.csv
[cifar10_resnet110] Loaded 1 instances; writing to /home/sasakis/v/tools/n2v/examples/FlowConformal/experiments/exp2_prob_scale/outputs/exp2_cifar10_resnet110_ours.csv
[cifar10_resnet110] Config: flow_config=base n_train=10000 flow_epochs=2000 method=amls_bounded max_levels=30 SEED=47
[cifar10_resnet110 1/1 t=0s budget=300s] cifar10_test_0036_label_4
    verdict=SAT  wall=3.2s

=== Sweep complete ===
Wrote /home/sasakis/v/tools/n2v/examples/FlowConformal/experiments/exp2_prob_scale/outputs/exp2_cifar10_resnet110_ours.csv
Total wall-clock: 0.1 min
Counts: {'UNSAT': 0, 'SAT': 1, 'UNKNOWN': 0, 'SKIPPED': 0, 'ERROR': 0, 'TIMEOUT': 0}
[run_cell   38/ 100 t=  865s] idx=37   budget=300s (shell timeout=360s)
[cifar10_resnet110] running only idx=37; appending to /home/sasakis/v/tools/n2v/examples/FlowConformal/experiments/exp2_prob_scale/outputs/exp2_cifar10_resnet110_ours.csv
[cifar10_resnet110] Loaded 1 instances; writing to /home/sasakis/v/tools/n2v/examples/FlowConformal/experiments/exp2_prob_scale/outputs/exp2_cifar10_resnet110_ours.csv
[cifar10_resnet110] Config: flow_config=base n_train=10000 flow_epochs=2000 method=amls_bounded max_levels=30 SEED=47
[cifar10_resnet110 1/1 t=0s budget=300s] cifar10_test_0037_label_1
    verdict=SAT  wall=3.2s

=== Sweep complete ===
Wrote /home/sasakis/v/tools/n2v/examples/FlowConformal/experiments/exp2_prob_scale/outputs/exp2_cifar10_resnet110_ours.csv
Total wall-clock: 0.1 min
Counts: {'UNSAT': 0, 'SAT': 1, 'UNKNOWN': 0, 'SKIPPED': 0, 'ERROR': 0, 'TIMEOUT': 0}
[run_cell   39/ 100 t=  874s] idx=38   budget=300s (shell timeout=360s)
[cifar10_resnet110] running only idx=38; appending to /home/sasakis/v/tools/n2v/examples/FlowConformal/experiments/exp2_prob_scale/outputs/exp2_cifar10_resnet110_ours.csv
[cifar10_resnet110] Loaded 1 instances; writing to /home/sasakis/v/tools/n2v/examples/FlowConformal/experiments/exp2_prob_scale/outputs/exp2_cifar10_resnet110_ours.csv
[cifar10_resnet110] Config: flow_config=base n_train=10000 flow_epochs=2000 method=amls_bounded max_levels=30 SEED=47
[cifar10_resnet110 1/1 t=0s budget=300s] cifar10_test_0038_label_9
    verdict=SAT  wall=3.3s

=== Sweep complete ===
Wrote /home/sasakis/v/tools/n2v/examples/FlowConformal/experiments/exp2_prob_scale/outputs/exp2_cifar10_resnet110_ours.csv
Total wall-clock: 0.1 min
Counts: {'UNSAT': 0, 'SAT': 1, 'UNKNOWN': 0, 'SKIPPED': 0, 'ERROR': 0, 'TIMEOUT': 0}
[run_cell   40/ 100 t=  884s] idx=39   budget=300s (shell timeout=360s)
[cifar10_resnet110] running only idx=39; appending to /home/sasakis/v/tools/n2v/examples/FlowConformal/experiments/exp2_prob_scale/outputs/exp2_cifar10_resnet110_ours.csv
[cifar10_resnet110] Loaded 1 instances; writing to /home/sasakis/v/tools/n2v/examples/FlowConformal/experiments/exp2_prob_scale/outputs/exp2_cifar10_resnet110_ours.csv
[cifar10_resnet110] Config: flow_config=base n_train=10000 flow_epochs=2000 method=amls_bounded max_levels=30 SEED=47
[cifar10_resnet110 1/1 t=0s budget=300s] cifar10_test_0039_label_5
    verdict=SAT  wall=3.4s

=== Sweep complete ===
Wrote /home/sasakis/v/tools/n2v/examples/FlowConformal/experiments/exp2_prob_scale/outputs/exp2_cifar10_resnet110_ours.csv
Total wall-clock: 0.1 min
Counts: {'UNSAT': 0, 'SAT': 1, 'UNKNOWN': 0, 'SKIPPED': 0, 'ERROR': 0, 'TIMEOUT': 0}
[run_cell   41/ 100 t=  893s] idx=40   budget=300s (shell timeout=360s)
[cifar10_resnet110] running only idx=40; appending to /home/sasakis/v/tools/n2v/examples/FlowConformal/experiments/exp2_prob_scale/outputs/exp2_cifar10_resnet110_ours.csv
[cifar10_resnet110] Loaded 1 instances; writing to /home/sasakis/v/tools/n2v/examples/FlowConformal/experiments/exp2_prob_scale/outputs/exp2_cifar10_resnet110_ours.csv
[cifar10_resnet110] Config: flow_config=base n_train=10000 flow_epochs=2000 method=amls_bounded max_levels=30 SEED=47
[cifar10_resnet110 1/1 t=0s budget=300s] cifar10_test_0040_label_4
    verdict=SAT  wall=3.3s

=== Sweep complete ===
Wrote /home/sasakis/v/tools/n2v/examples/FlowConformal/experiments/exp2_prob_scale/outputs/exp2_cifar10_resnet110_ours.csv
Total wall-clock: 0.1 min
Counts: {'UNSAT': 0, 'SAT': 1, 'UNKNOWN': 0, 'SKIPPED': 0, 'ERROR': 0, 'TIMEOUT': 0}
[run_cell   42/ 100 t=  901s] idx=41   budget=300s (shell timeout=360s)
[cifar10_resnet110] running only idx=41; appending to /home/sasakis/v/tools/n2v/examples/FlowConformal/experiments/exp2_prob_scale/outputs/exp2_cifar10_resnet110_ours.csv
[cifar10_resnet110] Loaded 1 instances; writing to /home/sasakis/v/tools/n2v/examples/FlowConformal/experiments/exp2_prob_scale/outputs/exp2_cifar10_resnet110_ours.csv
[cifar10_resnet110] Config: flow_config=base n_train=10000 flow_epochs=2000 method=amls_bounded max_levels=30 SEED=47
[cifar10_resnet110 1/1 t=0s budget=300s] cifar10_test_0041_label_6
    verdict=SAT  wall=3.6s

=== Sweep complete ===
Wrote /home/sasakis/v/tools/n2v/examples/FlowConformal/experiments/exp2_prob_scale/outputs/exp2_cifar10_resnet110_ours.csv
Total wall-clock: 0.1 min
Counts: {'UNSAT': 0, 'SAT': 1, 'UNKNOWN': 0, 'SKIPPED': 0, 'ERROR': 0, 'TIMEOUT': 0}
[run_cell   43/ 100 t=  911s] idx=42   budget=300s (shell timeout=360s)
[cifar10_resnet110] running only idx=42; appending to /home/sasakis/v/tools/n2v/examples/FlowConformal/experiments/exp2_prob_scale/outputs/exp2_cifar10_resnet110_ours.csv
[cifar10_resnet110] Loaded 1 instances; writing to /home/sasakis/v/tools/n2v/examples/FlowConformal/experiments/exp2_prob_scale/outputs/exp2_cifar10_resnet110_ours.csv
[cifar10_resnet110] Config: flow_config=base n_train=10000 flow_epochs=2000 method=amls_bounded max_levels=30 SEED=47
[cifar10_resnet110 1/1 t=0s budget=300s] cifar10_test_0042_label_5
    verdict=SAT  wall=3.3s

=== Sweep complete ===
Wrote /home/sasakis/v/tools/n2v/examples/FlowConformal/experiments/exp2_prob_scale/outputs/exp2_cifar10_resnet110_ours.csv
Total wall-clock: 0.1 min
Counts: {'UNSAT': 0, 'SAT': 1, 'UNKNOWN': 0, 'SKIPPED': 0, 'ERROR': 0, 'TIMEOUT': 0}
[run_cell   44/ 100 t=  919s] idx=43   budget=300s (shell timeout=360s)
[cifar10_resnet110] running only idx=43; appending to /home/sasakis/v/tools/n2v/examples/FlowConformal/experiments/exp2_prob_scale/outputs/exp2_cifar10_resnet110_ours.csv
[cifar10_resnet110] Loaded 1 instances; writing to /home/sasakis/v/tools/n2v/examples/FlowConformal/experiments/exp2_prob_scale/outputs/exp2_cifar10_resnet110_ours.csv
[cifar10_resnet110] Config: flow_config=base n_train=10000 flow_epochs=2000 method=amls_bounded max_levels=30 SEED=47
[cifar10_resnet110 1/1 t=0s budget=300s] cifar10_test_0043_label_6
    verdict=SAT  wall=3.2s

=== Sweep complete ===
Wrote /home/sasakis/v/tools/n2v/examples/FlowConformal/experiments/exp2_prob_scale/outputs/exp2_cifar10_resnet110_ours.csv
Total wall-clock: 0.1 min
Counts: {'UNSAT': 0, 'SAT': 1, 'UNKNOWN': 0, 'SKIPPED': 0, 'ERROR': 0, 'TIMEOUT': 0}
[run_cell   45/ 100 t=  928s] idx=44   budget=300s (shell timeout=360s)
[cifar10_resnet110] running only idx=44; appending to /home/sasakis/v/tools/n2v/examples/FlowConformal/experiments/exp2_prob_scale/outputs/exp2_cifar10_resnet110_ours.csv
[cifar10_resnet110] Loaded 1 instances; writing to /home/sasakis/v/tools/n2v/examples/FlowConformal/experiments/exp2_prob_scale/outputs/exp2_cifar10_resnet110_ours.csv
[cifar10_resnet110] Config: flow_config=base n_train=10000 flow_epochs=2000 method=amls_bounded max_levels=30 SEED=47
[cifar10_resnet110 1/1 t=0s budget=300s] cifar10_test_0044_label_0
    verdict=SAT  wall=3.3s

=== Sweep complete ===
Wrote /home/sasakis/v/tools/n2v/examples/FlowConformal/experiments/exp2_prob_scale/outputs/exp2_cifar10_resnet110_ours.csv
Total wall-clock: 0.1 min
Counts: {'UNSAT': 0, 'SAT': 1, 'UNKNOWN': 0, 'SKIPPED': 0, 'ERROR': 0, 'TIMEOUT': 0}
[run_cell   46/ 100 t=  937s] idx=45   budget=300s (shell timeout=360s)
[cifar10_resnet110] running only idx=45; appending to /home/sasakis/v/tools/n2v/examples/FlowConformal/experiments/exp2_prob_scale/outputs/exp2_cifar10_resnet110_ours.csv
[cifar10_resnet110] Loaded 1 instances; writing to /home/sasakis/v/tools/n2v/examples/FlowConformal/experiments/exp2_prob_scale/outputs/exp2_cifar10_resnet110_ours.csv
[cifar10_resnet110] Config: flow_config=base n_train=10000 flow_epochs=2000 method=amls_bounded max_levels=30 SEED=47
[cifar10_resnet110 1/1 t=0s budget=300s] cifar10_test_0045_label_9
    verdict=SAT  wall=3.7s

=== Sweep complete ===
Wrote /home/sasakis/v/tools/n2v/examples/FlowConformal/experiments/exp2_prob_scale/outputs/exp2_cifar10_resnet110_ours.csv
Total wall-clock: 0.1 min
Counts: {'UNSAT': 0, 'SAT': 1, 'UNKNOWN': 0, 'SKIPPED': 0, 'ERROR': 0, 'TIMEOUT': 0}
[run_cell   47/ 100 t=  946s] idx=46   budget=300s (shell timeout=360s)
[cifar10_resnet110] running only idx=46; appending to /home/sasakis/v/tools/n2v/examples/FlowConformal/experiments/exp2_prob_scale/outputs/exp2_cifar10_resnet110_ours.csv
[cifar10_resnet110] Loaded 1 instances; writing to /home/sasakis/v/tools/n2v/examples/FlowConformal/experiments/exp2_prob_scale/outputs/exp2_cifar10_resnet110_ours.csv
[cifar10_resnet110] Config: flow_config=base n_train=10000 flow_epochs=2000 method=amls_bounded max_levels=30 SEED=47
[cifar10_resnet110 1/1 t=0s budget=300s] cifar10_test_0046_label_3
    verdict=SAT  wall=3.2s

=== Sweep complete ===
Wrote /home/sasakis/v/tools/n2v/examples/FlowConformal/experiments/exp2_prob_scale/outputs/exp2_cifar10_resnet110_ours.csv
Total wall-clock: 0.1 min
Counts: {'UNSAT': 0, 'SAT': 1, 'UNKNOWN': 0, 'SKIPPED': 0, 'ERROR': 0, 'TIMEOUT': 0}
[run_cell   48/ 100 t=  955s] idx=47   budget=300s (shell timeout=360s)
[cifar10_resnet110] running only idx=47; appending to /home/sasakis/v/tools/n2v/examples/FlowConformal/experiments/exp2_prob_scale/outputs/exp2_cifar10_resnet110_ours.csv
[cifar10_resnet110] Loaded 1 instances; writing to /home/sasakis/v/tools/n2v/examples/FlowConformal/experiments/exp2_prob_scale/outputs/exp2_cifar10_resnet110_ours.csv
[cifar10_resnet110] Config: flow_config=base n_train=10000 flow_epochs=2000 method=amls_bounded max_levels=30 SEED=47
[cifar10_resnet110 1/1 t=0s budget=300s] cifar10_test_0047_label_9
    verdict=SAT  wall=3.1s

=== Sweep complete ===
Wrote /home/sasakis/v/tools/n2v/examples/FlowConformal/experiments/exp2_prob_scale/outputs/exp2_cifar10_resnet110_ours.csv
Total wall-clock: 0.1 min
Counts: {'UNSAT': 0, 'SAT': 1, 'UNKNOWN': 0, 'SKIPPED': 0, 'ERROR': 0, 'TIMEOUT': 0}
[run_cell   49/ 100 t=  964s] idx=48   budget=300s (shell timeout=360s)
[cifar10_resnet110] running only idx=48; appending to /home/sasakis/v/tools/n2v/examples/FlowConformal/experiments/exp2_prob_scale/outputs/exp2_cifar10_resnet110_ours.csv
[cifar10_resnet110] Loaded 1 instances; writing to /home/sasakis/v/tools/n2v/examples/FlowConformal/experiments/exp2_prob_scale/outputs/exp2_cifar10_resnet110_ours.csv
[cifar10_resnet110] Config: flow_config=base n_train=10000 flow_epochs=2000 method=amls_bounded max_levels=30 SEED=47
[cifar10_resnet110 1/1 t=0s budget=300s] cifar10_test_0048_label_7
    verdict=SAT  wall=3.2s

=== Sweep complete ===
Wrote /home/sasakis/v/tools/n2v/examples/FlowConformal/experiments/exp2_prob_scale/outputs/exp2_cifar10_resnet110_ours.csv
Total wall-clock: 0.1 min
Counts: {'UNSAT': 0, 'SAT': 1, 'UNKNOWN': 0, 'SKIPPED': 0, 'ERROR': 0, 'TIMEOUT': 0}
[run_cell   50/ 100 t=  973s] idx=49   budget=300s (shell timeout=360s)
[cifar10_resnet110] running only idx=49; appending to /home/sasakis/v/tools/n2v/examples/FlowConformal/experiments/exp2_prob_scale/outputs/exp2_cifar10_resnet110_ours.csv
[cifar10_resnet110] Loaded 1 instances; writing to /home/sasakis/v/tools/n2v/examples/FlowConformal/experiments/exp2_prob_scale/outputs/exp2_cifar10_resnet110_ours.csv
[cifar10_resnet110] Config: flow_config=base n_train=10000 flow_epochs=2000 method=amls_bounded max_levels=30 SEED=47
[cifar10_resnet110 1/1 t=0s budget=300s] cifar10_test_0049_label_6
    verdict=SAT  wall=3.2s

=== Sweep complete ===
Wrote /home/sasakis/v/tools/n2v/examples/FlowConformal/experiments/exp2_prob_scale/outputs/exp2_cifar10_resnet110_ours.csv
Total wall-clock: 0.1 min
Counts: {'UNSAT': 0, 'SAT': 1, 'UNKNOWN': 0, 'SKIPPED': 0, 'ERROR': 0, 'TIMEOUT': 0}
[run_cell   51/ 100 t=  982s] idx=50   budget=300s (shell timeout=360s)
[cifar10_resnet110] running only idx=50; appending to /home/sasakis/v/tools/n2v/examples/FlowConformal/experiments/exp2_prob_scale/outputs/exp2_cifar10_resnet110_ours.csv
[cifar10_resnet110] Loaded 1 instances; writing to /home/sasakis/v/tools/n2v/examples/FlowConformal/experiments/exp2_prob_scale/outputs/exp2_cifar10_resnet110_ours.csv
[cifar10_resnet110] Config: flow_config=base n_train=10000 flow_epochs=2000 method=amls_bounded max_levels=30 SEED=47
[cifar10_resnet110 1/1 t=0s budget=300s] cifar10_test_0050_label_9
    verdict=SAT  wall=4.0s

=== Sweep complete ===
Wrote /home/sasakis/v/tools/n2v/examples/FlowConformal/experiments/exp2_prob_scale/outputs/exp2_cifar10_resnet110_ours.csv
Total wall-clock: 0.1 min
Counts: {'UNSAT': 0, 'SAT': 1, 'UNKNOWN': 0, 'SKIPPED': 0, 'ERROR': 0, 'TIMEOUT': 0}
[run_cell   52/ 100 t=  991s] idx=51   budget=300s (shell timeout=360s)
[cifar10_resnet110] running only idx=51; appending to /home/sasakis/v/tools/n2v/examples/FlowConformal/experiments/exp2_prob_scale/outputs/exp2_cifar10_resnet110_ours.csv
[cifar10_resnet110] Loaded 1 instances; writing to /home/sasakis/v/tools/n2v/examples/FlowConformal/experiments/exp2_prob_scale/outputs/exp2_cifar10_resnet110_ours.csv
[cifar10_resnet110] Config: flow_config=base n_train=10000 flow_epochs=2000 method=amls_bounded max_levels=30 SEED=47
[cifar10_resnet110 1/1 t=0s budget=300s] cifar10_test_0051_label_8
    verdict=SAT  wall=3.2s

=== Sweep complete ===
Wrote /home/sasakis/v/tools/n2v/examples/FlowConformal/experiments/exp2_prob_scale/outputs/exp2_cifar10_resnet110_ours.csv
Total wall-clock: 0.1 min
Counts: {'UNSAT': 0, 'SAT': 1, 'UNKNOWN': 0, 'SKIPPED': 0, 'ERROR': 0, 'TIMEOUT': 0}
[run_cell   53/ 100 t= 1000s] idx=52   budget=300s (shell timeout=360s)
[cifar10_resnet110] running only idx=52; appending to /home/sasakis/v/tools/n2v/examples/FlowConformal/experiments/exp2_prob_scale/outputs/exp2_cifar10_resnet110_ours.csv
[cifar10_resnet110] Loaded 1 instances; writing to /home/sasakis/v/tools/n2v/examples/FlowConformal/experiments/exp2_prob_scale/outputs/exp2_cifar10_resnet110_ours.csv
[cifar10_resnet110] Config: flow_config=base n_train=10000 flow_epochs=2000 method=amls_bounded max_levels=30 SEED=47
[cifar10_resnet110 1/1 t=0s budget=300s] cifar10_test_0052_label_0
    verdict=SAT  wall=3.4s

=== Sweep complete ===
Wrote /home/sasakis/v/tools/n2v/examples/FlowConformal/experiments/exp2_prob_scale/outputs/exp2_cifar10_resnet110_ours.csv
Total wall-clock: 0.1 min
Counts: {'UNSAT': 0, 'SAT': 1, 'UNKNOWN': 0, 'SKIPPED': 0, 'ERROR': 0, 'TIMEOUT': 0}
[run_cell   54/ 100 t= 1009s] idx=53   budget=300s (shell timeout=360s)
[cifar10_resnet110] running only idx=53; appending to /home/sasakis/v/tools/n2v/examples/FlowConformal/experiments/exp2_prob_scale/outputs/exp2_cifar10_resnet110_ours.csv
[cifar10_resnet110] Loaded 1 instances; writing to /home/sasakis/v/tools/n2v/examples/FlowConformal/experiments/exp2_prob_scale/outputs/exp2_cifar10_resnet110_ours.csv
[cifar10_resnet110] Config: flow_config=base n_train=10000 flow_epochs=2000 method=amls_bounded max_levels=30 SEED=47
[cifar10_resnet110 1/1 t=0s budget=300s] cifar10_test_0053_label_3
    verdict=SAT  wall=3.3s

=== Sweep complete ===
Wrote /home/sasakis/v/tools/n2v/examples/FlowConformal/experiments/exp2_prob_scale/outputs/exp2_cifar10_resnet110_ours.csv
Total wall-clock: 0.1 min
Counts: {'UNSAT': 0, 'SAT': 1, 'UNKNOWN': 0, 'SKIPPED': 0, 'ERROR': 0, 'TIMEOUT': 0}
[run_cell   55/ 100 t= 1018s] idx=54   budget=300s (shell timeout=360s)
[cifar10_resnet110] running only idx=54; appending to /home/sasakis/v/tools/n2v/examples/FlowConformal/experiments/exp2_prob_scale/outputs/exp2_cifar10_resnet110_ours.csv
[cifar10_resnet110] Loaded 1 instances; writing to /home/sasakis/v/tools/n2v/examples/FlowConformal/experiments/exp2_prob_scale/outputs/exp2_cifar10_resnet110_ours.csv
[cifar10_resnet110] Config: flow_config=base n_train=10000 flow_epochs=2000 method=amls_bounded max_levels=30 SEED=47
[cifar10_resnet110 1/1 t=0s budget=300s] cifar10_test_0054_label_8
    verdict=SAT  wall=3.6s

=== Sweep complete ===
Wrote /home/sasakis/v/tools/n2v/examples/FlowConformal/experiments/exp2_prob_scale/outputs/exp2_cifar10_resnet110_ours.csv
Total wall-clock: 0.1 min
Counts: {'UNSAT': 0, 'SAT': 1, 'UNKNOWN': 0, 'SKIPPED': 0, 'ERROR': 0, 'TIMEOUT': 0}
[run_cell   56/ 100 t= 1027s] idx=55   budget=300s (shell timeout=360s)
[cifar10_resnet110] running only idx=55; appending to /home/sasakis/v/tools/n2v/examples/FlowConformal/experiments/exp2_prob_scale/outputs/exp2_cifar10_resnet110_ours.csv
[cifar10_resnet110] Loaded 1 instances; writing to /home/sasakis/v/tools/n2v/examples/FlowConformal/experiments/exp2_prob_scale/outputs/exp2_cifar10_resnet110_ours.csv
[cifar10_resnet110] Config: flow_config=base n_train=10000 flow_epochs=2000 method=amls_bounded max_levels=30 SEED=47
[cifar10_resnet110 1/1 t=0s budget=300s] cifar10_test_0055_label_8
    verdict=SAT  wall=3.7s

=== Sweep complete ===
Wrote /home/sasakis/v/tools/n2v/examples/FlowConformal/experiments/exp2_prob_scale/outputs/exp2_cifar10_resnet110_ours.csv
Total wall-clock: 0.1 min
Counts: {'UNSAT': 0, 'SAT': 1, 'UNKNOWN': 0, 'SKIPPED': 0, 'ERROR': 0, 'TIMEOUT': 0}
[run_cell   57/ 100 t= 1036s] idx=56   budget=300s (shell timeout=360s)
[cifar10_resnet110] running only idx=56; appending to /home/sasakis/v/tools/n2v/examples/FlowConformal/experiments/exp2_prob_scale/outputs/exp2_cifar10_resnet110_ours.csv
[cifar10_resnet110] Loaded 1 instances; writing to /home/sasakis/v/tools/n2v/examples/FlowConformal/experiments/exp2_prob_scale/outputs/exp2_cifar10_resnet110_ours.csv
[cifar10_resnet110] Config: flow_config=base n_train=10000 flow_epochs=2000 method=amls_bounded max_levels=30 SEED=47
[cifar10_resnet110 1/1 t=0s budget=300s] cifar10_test_0056_label_7
    verdict=SAT  wall=3.3s

=== Sweep complete ===
Wrote /home/sasakis/v/tools/n2v/examples/FlowConformal/experiments/exp2_prob_scale/outputs/exp2_cifar10_resnet110_ours.csv
Total wall-clock: 0.1 min
Counts: {'UNSAT': 0, 'SAT': 1, 'UNKNOWN': 0, 'SKIPPED': 0, 'ERROR': 0, 'TIMEOUT': 0}
[run_cell   58/ 100 t= 1045s] idx=57   budget=300s (shell timeout=360s)
[cifar10_resnet110] running only idx=57; appending to /home/sasakis/v/tools/n2v/examples/FlowConformal/experiments/exp2_prob_scale/outputs/exp2_cifar10_resnet110_ours.csv
[cifar10_resnet110] Loaded 1 instances; writing to /home/sasakis/v/tools/n2v/examples/FlowConformal/experiments/exp2_prob_scale/outputs/exp2_cifar10_resnet110_ours.csv
[cifar10_resnet110] Config: flow_config=base n_train=10000 flow_epochs=2000 method=amls_bounded max_levels=30 SEED=47
[cifar10_resnet110 1/1 t=0s budget=300s] cifar10_test_0057_label_7
    verdict=SAT  wall=3.2s

=== Sweep complete ===
Wrote /home/sasakis/v/tools/n2v/examples/FlowConformal/experiments/exp2_prob_scale/outputs/exp2_cifar10_resnet110_ours.csv
Total wall-clock: 0.1 min
Counts: {'UNSAT': 0, 'SAT': 1, 'UNKNOWN': 0, 'SKIPPED': 0, 'ERROR': 0, 'TIMEOUT': 0}
[run_cell   59/ 100 t= 1054s] idx=58   budget=300s (shell timeout=360s)
[cifar10_resnet110] running only idx=58; appending to /home/sasakis/v/tools/n2v/examples/FlowConformal/experiments/exp2_prob_scale/outputs/exp2_cifar10_resnet110_ours.csv
[cifar10_resnet110] Loaded 1 instances; writing to /home/sasakis/v/tools/n2v/examples/FlowConformal/experiments/exp2_prob_scale/outputs/exp2_cifar10_resnet110_ours.csv
[cifar10_resnet110] Config: flow_config=base n_train=10000 flow_epochs=2000 method=amls_bounded max_levels=30 SEED=47
[cifar10_resnet110 1/1 t=0s budget=300s] cifar10_test_0058_label_4
    verdict=SAT  wall=3.3s

=== Sweep complete ===
Wrote /home/sasakis/v/tools/n2v/examples/FlowConformal/experiments/exp2_prob_scale/outputs/exp2_cifar10_resnet110_ours.csv
Total wall-clock: 0.1 min
Counts: {'UNSAT': 0, 'SAT': 1, 'UNKNOWN': 0, 'SKIPPED': 0, 'ERROR': 0, 'TIMEOUT': 0}
[run_cell   60/ 100 t= 1063s] idx=59   budget=300s (shell timeout=360s)
[cifar10_resnet110] running only idx=59; appending to /home/sasakis/v/tools/n2v/examples/FlowConformal/experiments/exp2_prob_scale/outputs/exp2_cifar10_resnet110_ours.csv
[cifar10_resnet110] Loaded 1 instances; writing to /home/sasakis/v/tools/n2v/examples/FlowConformal/experiments/exp2_prob_scale/outputs/exp2_cifar10_resnet110_ours.csv
[cifar10_resnet110] Config: flow_config=base n_train=10000 flow_epochs=2000 method=amls_bounded max_levels=30 SEED=47
[cifar10_resnet110 1/1 t=0s budget=300s] cifar10_test_0059_label_6
    verdict=SAT  wall=3.3s

=== Sweep complete ===
Wrote /home/sasakis/v/tools/n2v/examples/FlowConformal/experiments/exp2_prob_scale/outputs/exp2_cifar10_resnet110_ours.csv
Total wall-clock: 0.1 min
Counts: {'UNSAT': 0, 'SAT': 1, 'UNKNOWN': 0, 'SKIPPED': 0, 'ERROR': 0, 'TIMEOUT': 0}
[run_cell   61/ 100 t= 1072s] idx=60   budget=300s (shell timeout=360s)
[cifar10_resnet110] running only idx=60; appending to /home/sasakis/v/tools/n2v/examples/FlowConformal/experiments/exp2_prob_scale/outputs/exp2_cifar10_resnet110_ours.csv
[cifar10_resnet110] Loaded 1 instances; writing to /home/sasakis/v/tools/n2v/examples/FlowConformal/experiments/exp2_prob_scale/outputs/exp2_cifar10_resnet110_ours.csv
[cifar10_resnet110] Config: flow_config=base n_train=10000 flow_epochs=2000 method=amls_bounded max_levels=30 SEED=47
[cifar10_resnet110 1/1 t=0s budget=300s] cifar10_test_0060_label_7
    verdict=SAT  wall=3.5s

=== Sweep complete ===
Wrote /home/sasakis/v/tools/n2v/examples/FlowConformal/experiments/exp2_prob_scale/outputs/exp2_cifar10_resnet110_ours.csv
Total wall-clock: 0.1 min
Counts: {'UNSAT': 0, 'SAT': 1, 'UNKNOWN': 0, 'SKIPPED': 0, 'ERROR': 0, 'TIMEOUT': 0}
[run_cell   62/ 100 t= 1081s] idx=61   budget=300s (shell timeout=360s)
[cifar10_resnet110] running only idx=61; appending to /home/sasakis/v/tools/n2v/examples/FlowConformal/experiments/exp2_prob_scale/outputs/exp2_cifar10_resnet110_ours.csv
[cifar10_resnet110] Loaded 1 instances; writing to /home/sasakis/v/tools/n2v/examples/FlowConformal/experiments/exp2_prob_scale/outputs/exp2_cifar10_resnet110_ours.csv
[cifar10_resnet110] Config: flow_config=base n_train=10000 flow_epochs=2000 method=amls_bounded max_levels=30 SEED=47
[cifar10_resnet110 1/1 t=0s budget=300s] cifar10_test_0061_label_3
    verdict=SAT  wall=0.8s

=== Sweep complete ===
Wrote /home/sasakis/v/tools/n2v/examples/FlowConformal/experiments/exp2_prob_scale/outputs/exp2_cifar10_resnet110_ours.csv
Total wall-clock: 0.0 min
Counts: {'UNSAT': 0, 'SAT': 1, 'UNKNOWN': 0, 'SKIPPED': 0, 'ERROR': 0, 'TIMEOUT': 0}
[run_cell   63/ 100 t= 1087s] idx=62   budget=300s (shell timeout=360s)
[cifar10_resnet110] running only idx=62; appending to /home/sasakis/v/tools/n2v/examples/FlowConformal/experiments/exp2_prob_scale/outputs/exp2_cifar10_resnet110_ours.csv
[cifar10_resnet110] Loaded 1 instances; writing to /home/sasakis/v/tools/n2v/examples/FlowConformal/experiments/exp2_prob_scale/outputs/exp2_cifar10_resnet110_ours.csv
[cifar10_resnet110] Config: flow_config=base n_train=10000 flow_epochs=2000 method=amls_bounded max_levels=30 SEED=47
[cifar10_resnet110 1/1 t=0s budget=300s] cifar10_test_0062_label_6
    verdict=SAT  wall=3.3s

=== Sweep complete ===
Wrote /home/sasakis/v/tools/n2v/examples/FlowConformal/experiments/exp2_prob_scale/outputs/exp2_cifar10_resnet110_ours.csv
Total wall-clock: 0.1 min
Counts: {'UNSAT': 0, 'SAT': 1, 'UNKNOWN': 0, 'SKIPPED': 0, 'ERROR': 0, 'TIMEOUT': 0}
[run_cell   64/ 100 t= 1096s] idx=63   budget=300s (shell timeout=360s)
[cifar10_resnet110] running only idx=63; appending to /home/sasakis/v/tools/n2v/examples/FlowConformal/experiments/exp2_prob_scale/outputs/exp2_cifar10_resnet110_ours.csv
[cifar10_resnet110] Loaded 1 instances; writing to /home/sasakis/v/tools/n2v/examples/FlowConformal/experiments/exp2_prob_scale/outputs/exp2_cifar10_resnet110_ours.csv
[cifar10_resnet110] Config: flow_config=base n_train=10000 flow_epochs=2000 method=amls_bounded max_levels=30 SEED=47
[cifar10_resnet110 1/1 t=0s budget=300s] cifar10_test_0063_label_3
    verdict=SAT  wall=3.2s

=== Sweep complete ===
Wrote /home/sasakis/v/tools/n2v/examples/FlowConformal/experiments/exp2_prob_scale/outputs/exp2_cifar10_resnet110_ours.csv
Total wall-clock: 0.1 min
Counts: {'UNSAT': 0, 'SAT': 1, 'UNKNOWN': 0, 'SKIPPED': 0, 'ERROR': 0, 'TIMEOUT': 0}
[run_cell   65/ 100 t= 1105s] idx=64   budget=300s (shell timeout=360s)
[cifar10_resnet110] running only idx=64; appending to /home/sasakis/v/tools/n2v/examples/FlowConformal/experiments/exp2_prob_scale/outputs/exp2_cifar10_resnet110_ours.csv
[cifar10_resnet110] Loaded 1 instances; writing to /home/sasakis/v/tools/n2v/examples/FlowConformal/experiments/exp2_prob_scale/outputs/exp2_cifar10_resnet110_ours.csv
[cifar10_resnet110] Config: flow_config=base n_train=10000 flow_epochs=2000 method=amls_bounded max_levels=30 SEED=47
[cifar10_resnet110 1/1 t=0s budget=300s] cifar10_test_0064_label_6
    verdict=SAT  wall=3.2s

=== Sweep complete ===
Wrote /home/sasakis/v/tools/n2v/examples/FlowConformal/experiments/exp2_prob_scale/outputs/exp2_cifar10_resnet110_ours.csv
Total wall-clock: 0.1 min
Counts: {'UNSAT': 0, 'SAT': 1, 'UNKNOWN': 0, 'SKIPPED': 0, 'ERROR': 0, 'TIMEOUT': 0}
[run_cell   66/ 100 t= 1113s] idx=65   budget=300s (shell timeout=360s)
[cifar10_resnet110] running only idx=65; appending to /home/sasakis/v/tools/n2v/examples/FlowConformal/experiments/exp2_prob_scale/outputs/exp2_cifar10_resnet110_ours.csv
[cifar10_resnet110] Loaded 1 instances; writing to /home/sasakis/v/tools/n2v/examples/FlowConformal/experiments/exp2_prob_scale/outputs/exp2_cifar10_resnet110_ours.csv
[cifar10_resnet110] Config: flow_config=base n_train=10000 flow_epochs=2000 method=amls_bounded max_levels=30 SEED=47
[cifar10_resnet110 1/1 t=0s budget=300s] cifar10_test_0065_label_2
    verdict=SAT  wall=3.2s

=== Sweep complete ===
Wrote /home/sasakis/v/tools/n2v/examples/FlowConformal/experiments/exp2_prob_scale/outputs/exp2_cifar10_resnet110_ours.csv
Total wall-clock: 0.1 min
Counts: {'UNSAT': 0, 'SAT': 1, 'UNKNOWN': 0, 'SKIPPED': 0, 'ERROR': 0, 'TIMEOUT': 0}
[run_cell   67/ 100 t= 1122s] idx=66   budget=300s (shell timeout=360s)
[cifar10_resnet110] running only idx=66; appending to /home/sasakis/v/tools/n2v/examples/FlowConformal/experiments/exp2_prob_scale/outputs/exp2_cifar10_resnet110_ours.csv
[cifar10_resnet110] Loaded 1 instances; writing to /home/sasakis/v/tools/n2v/examples/FlowConformal/experiments/exp2_prob_scale/outputs/exp2_cifar10_resnet110_ours.csv
[cifar10_resnet110] Config: flow_config=base n_train=10000 flow_epochs=2000 method=amls_bounded max_levels=30 SEED=47
[cifar10_resnet110 1/1 t=0s budget=300s] cifar10_test_0066_label_1
    verdict=SAT  wall=2.9s

=== Sweep complete ===
Wrote /home/sasakis/v/tools/n2v/examples/FlowConformal/experiments/exp2_prob_scale/outputs/exp2_cifar10_resnet110_ours.csv
Total wall-clock: 0.0 min
Counts: {'UNSAT': 0, 'SAT': 1, 'UNKNOWN': 0, 'SKIPPED': 0, 'ERROR': 0, 'TIMEOUT': 0}
[run_cell   68/ 100 t= 1131s] idx=67   budget=300s (shell timeout=360s)
[cifar10_resnet110] running only idx=67; appending to /home/sasakis/v/tools/n2v/examples/FlowConformal/experiments/exp2_prob_scale/outputs/exp2_cifar10_resnet110_ours.csv
[cifar10_resnet110] Loaded 1 instances; writing to /home/sasakis/v/tools/n2v/examples/FlowConformal/experiments/exp2_prob_scale/outputs/exp2_cifar10_resnet110_ours.csv
[cifar10_resnet110] Config: flow_config=base n_train=10000 flow_epochs=2000 method=amls_bounded max_levels=30 SEED=47
[cifar10_resnet110 1/1 t=0s budget=300s] cifar10_test_0067_label_2
    verdict=SAT  wall=3.2s

=== Sweep complete ===
Wrote /home/sasakis/v/tools/n2v/examples/FlowConformal/experiments/exp2_prob_scale/outputs/exp2_cifar10_resnet110_ours.csv
Total wall-clock: 0.1 min
Counts: {'UNSAT': 0, 'SAT': 1, 'UNKNOWN': 0, 'SKIPPED': 0, 'ERROR': 0, 'TIMEOUT': 0}
[run_cell   69/ 100 t= 1139s] idx=68   budget=300s (shell timeout=360s)
[cifar10_resnet110] running only idx=68; appending to /home/sasakis/v/tools/n2v/examples/FlowConformal/experiments/exp2_prob_scale/outputs/exp2_cifar10_resnet110_ours.csv
[cifar10_resnet110] Loaded 1 instances; writing to /home/sasakis/v/tools/n2v/examples/FlowConformal/experiments/exp2_prob_scale/outputs/exp2_cifar10_resnet110_ours.csv
[cifar10_resnet110] Config: flow_config=base n_train=10000 flow_epochs=2000 method=amls_bounded max_levels=30 SEED=47
[cifar10_resnet110 1/1 t=0s budget=300s] cifar10_test_0068_label_3
    verdict=SAT  wall=3.4s

=== Sweep complete ===
Wrote /home/sasakis/v/tools/n2v/examples/FlowConformal/experiments/exp2_prob_scale/outputs/exp2_cifar10_resnet110_ours.csv
Total wall-clock: 0.1 min
Counts: {'UNSAT': 0, 'SAT': 1, 'UNKNOWN': 0, 'SKIPPED': 0, 'ERROR': 0, 'TIMEOUT': 0}
[run_cell   70/ 100 t= 1148s] idx=69   budget=300s (shell timeout=360s)
[cifar10_resnet110] running only idx=69; appending to /home/sasakis/v/tools/n2v/examples/FlowConformal/experiments/exp2_prob_scale/outputs/exp2_cifar10_resnet110_ours.csv
[cifar10_resnet110] Loaded 1 instances; writing to /home/sasakis/v/tools/n2v/examples/FlowConformal/experiments/exp2_prob_scale/outputs/exp2_cifar10_resnet110_ours.csv
[cifar10_resnet110] Config: flow_config=base n_train=10000 flow_epochs=2000 method=amls_bounded max_levels=30 SEED=47
[cifar10_resnet110 1/1 t=0s budget=300s] cifar10_test_0069_label_7
    verdict=SAT  wall=3.4s

=== Sweep complete ===
Wrote /home/sasakis/v/tools/n2v/examples/FlowConformal/experiments/exp2_prob_scale/outputs/exp2_cifar10_resnet110_ours.csv
Total wall-clock: 0.1 min
Counts: {'UNSAT': 0, 'SAT': 1, 'UNKNOWN': 0, 'SKIPPED': 0, 'ERROR': 0, 'TIMEOUT': 0}
[run_cell   71/ 100 t= 1157s] idx=70   budget=300s (shell timeout=360s)
[cifar10_resnet110] running only idx=70; appending to /home/sasakis/v/tools/n2v/examples/FlowConformal/experiments/exp2_prob_scale/outputs/exp2_cifar10_resnet110_ours.csv
[cifar10_resnet110] Loaded 1 instances; writing to /home/sasakis/v/tools/n2v/examples/FlowConformal/experiments/exp2_prob_scale/outputs/exp2_cifar10_resnet110_ours.csv
[cifar10_resnet110] Config: flow_config=base n_train=10000 flow_epochs=2000 method=amls_bounded max_levels=30 SEED=47
[cifar10_resnet110 1/1 t=0s budget=300s] cifar10_test_0070_label_2
    verdict=SAT  wall=3.2s

=== Sweep complete ===
Wrote /home/sasakis/v/tools/n2v/examples/FlowConformal/experiments/exp2_prob_scale/outputs/exp2_cifar10_resnet110_ours.csv
Total wall-clock: 0.1 min
Counts: {'UNSAT': 0, 'SAT': 1, 'UNKNOWN': 0, 'SKIPPED': 0, 'ERROR': 0, 'TIMEOUT': 0}
[run_cell   72/ 100 t= 1166s] idx=71   budget=300s (shell timeout=360s)
[cifar10_resnet110] running only idx=71; appending to /home/sasakis/v/tools/n2v/examples/FlowConformal/experiments/exp2_prob_scale/outputs/exp2_cifar10_resnet110_ours.csv
[cifar10_resnet110] Loaded 1 instances; writing to /home/sasakis/v/tools/n2v/examples/FlowConformal/experiments/exp2_prob_scale/outputs/exp2_cifar10_resnet110_ours.csv
[cifar10_resnet110] Config: flow_config=base n_train=10000 flow_epochs=2000 method=amls_bounded max_levels=30 SEED=47
[cifar10_resnet110 1/1 t=0s budget=300s] cifar10_test_0071_label_6
    verdict=SAT  wall=3.1s

=== Sweep complete ===
Wrote /home/sasakis/v/tools/n2v/examples/FlowConformal/experiments/exp2_prob_scale/outputs/exp2_cifar10_resnet110_ours.csv
Total wall-clock: 0.1 min
Counts: {'UNSAT': 0, 'SAT': 1, 'UNKNOWN': 0, 'SKIPPED': 0, 'ERROR': 0, 'TIMEOUT': 0}
[run_cell   73/ 100 t= 1175s] idx=72   budget=300s (shell timeout=360s)
[cifar10_resnet110] running only idx=72; appending to /home/sasakis/v/tools/n2v/examples/FlowConformal/experiments/exp2_prob_scale/outputs/exp2_cifar10_resnet110_ours.csv
[cifar10_resnet110] Loaded 1 instances; writing to /home/sasakis/v/tools/n2v/examples/FlowConformal/experiments/exp2_prob_scale/outputs/exp2_cifar10_resnet110_ours.csv
[cifar10_resnet110] Config: flow_config=base n_train=10000 flow_epochs=2000 method=amls_bounded max_levels=30 SEED=47
[cifar10_resnet110 1/1 t=0s budget=300s] cifar10_test_0072_label_8
    verdict=UNSAT  wall=199.3s

=== Sweep complete ===
Wrote /home/sasakis/v/tools/n2v/examples/FlowConformal/experiments/exp2_prob_scale/outputs/exp2_cifar10_resnet110_ours.csv
Total wall-clock: 3.3 min
Counts: {'UNSAT': 1, 'SAT': 0, 'UNKNOWN': 0, 'SKIPPED': 0, 'ERROR': 0, 'TIMEOUT': 0}
[run_cell   74/ 100 t= 1380s] idx=73   budget=300s (shell timeout=360s)
[cifar10_resnet110] running only idx=73; appending to /home/sasakis/v/tools/n2v/examples/FlowConformal/experiments/exp2_prob_scale/outputs/exp2_cifar10_resnet110_ours.csv
[cifar10_resnet110] Loaded 1 instances; writing to /home/sasakis/v/tools/n2v/examples/FlowConformal/experiments/exp2_prob_scale/outputs/exp2_cifar10_resnet110_ours.csv
[cifar10_resnet110] Config: flow_config=base n_train=10000 flow_epochs=2000 method=amls_bounded max_levels=30 SEED=47
[cifar10_resnet110 1/1 t=0s budget=300s] cifar10_test_0073_label_8
    verdict=UNSAT  wall=164.0s

=== Sweep complete ===
Wrote /home/sasakis/v/tools/n2v/examples/FlowConformal/experiments/exp2_prob_scale/outputs/exp2_cifar10_resnet110_ours.csv
Total wall-clock: 2.7 min
Counts: {'UNSAT': 1, 'SAT': 0, 'UNKNOWN': 0, 'SKIPPED': 0, 'ERROR': 0, 'TIMEOUT': 0}
[run_cell   75/ 100 t= 1551s] idx=74   budget=300s (shell timeout=360s)
[cifar10_resnet110] running only idx=74; appending to /home/sasakis/v/tools/n2v/examples/FlowConformal/experiments/exp2_prob_scale/outputs/exp2_cifar10_resnet110_ours.csv
[cifar10_resnet110] Loaded 1 instances; writing to /home/sasakis/v/tools/n2v/examples/FlowConformal/experiments/exp2_prob_scale/outputs/exp2_cifar10_resnet110_ours.csv
[cifar10_resnet110] Config: flow_config=base n_train=10000 flow_epochs=2000 method=amls_bounded max_levels=30 SEED=47
[cifar10_resnet110 1/1 t=0s budget=300s] cifar10_test_0074_label_0
    verdict=SAT  wall=3.2s

=== Sweep complete ===
Wrote /home/sasakis/v/tools/n2v/examples/FlowConformal/experiments/exp2_prob_scale/outputs/exp2_cifar10_resnet110_ours.csv
Total wall-clock: 0.1 min
Counts: {'UNSAT': 0, 'SAT': 1, 'UNKNOWN': 0, 'SKIPPED': 0, 'ERROR': 0, 'TIMEOUT': 0}
[run_cell   76/ 100 t= 1559s] idx=75   budget=300s (shell timeout=360s)
[cifar10_resnet110] running only idx=75; appending to /home/sasakis/v/tools/n2v/examples/FlowConformal/experiments/exp2_prob_scale/outputs/exp2_cifar10_resnet110_ours.csv
[cifar10_resnet110] Loaded 1 instances; writing to /home/sasakis/v/tools/n2v/examples/FlowConformal/experiments/exp2_prob_scale/outputs/exp2_cifar10_resnet110_ours.csv
[cifar10_resnet110] Config: flow_config=base n_train=10000 flow_epochs=2000 method=amls_bounded max_levels=30 SEED=47
[cifar10_resnet110 1/1 t=0s budget=300s] cifar10_test_0075_label_2
    verdict=SAT  wall=3.0s

=== Sweep complete ===
Wrote /home/sasakis/v/tools/n2v/examples/FlowConformal/experiments/exp2_prob_scale/outputs/exp2_cifar10_resnet110_ours.csv
Total wall-clock: 0.1 min
Counts: {'UNSAT': 0, 'SAT': 1, 'UNKNOWN': 0, 'SKIPPED': 0, 'ERROR': 0, 'TIMEOUT': 0}
[run_cell   77/ 100 t= 1568s] idx=76   budget=300s (shell timeout=360s)
[cifar10_resnet110] running only idx=76; appending to /home/sasakis/v/tools/n2v/examples/FlowConformal/experiments/exp2_prob_scale/outputs/exp2_cifar10_resnet110_ours.csv
[cifar10_resnet110] Loaded 1 instances; writing to /home/sasakis/v/tools/n2v/examples/FlowConformal/experiments/exp2_prob_scale/outputs/exp2_cifar10_resnet110_ours.csv
[cifar10_resnet110] Config: flow_config=base n_train=10000 flow_epochs=2000 method=amls_bounded max_levels=30 SEED=47
[cifar10_resnet110 1/1 t=0s budget=300s] cifar10_test_0076_label_9
    verdict=SAT  wall=3.2s

=== Sweep complete ===
Wrote /home/sasakis/v/tools/n2v/examples/FlowConformal/experiments/exp2_prob_scale/outputs/exp2_cifar10_resnet110_ours.csv
Total wall-clock: 0.1 min
Counts: {'UNSAT': 0, 'SAT': 1, 'UNKNOWN': 0, 'SKIPPED': 0, 'ERROR': 0, 'TIMEOUT': 0}
[run_cell   78/ 100 t= 1577s] idx=77   budget=300s (shell timeout=360s)
[cifar10_resnet110] running only idx=77; appending to /home/sasakis/v/tools/n2v/examples/FlowConformal/experiments/exp2_prob_scale/outputs/exp2_cifar10_resnet110_ours.csv
[cifar10_resnet110] Loaded 1 instances; writing to /home/sasakis/v/tools/n2v/examples/FlowConformal/experiments/exp2_prob_scale/outputs/exp2_cifar10_resnet110_ours.csv
[cifar10_resnet110] Config: flow_config=base n_train=10000 flow_epochs=2000 method=amls_bounded max_levels=30 SEED=47
[cifar10_resnet110 1/1 t=0s budget=300s] cifar10_test_0077_label_3
    verdict=SAT  wall=3.2s

=== Sweep complete ===
Wrote /home/sasakis/v/tools/n2v/examples/FlowConformal/experiments/exp2_prob_scale/outputs/exp2_cifar10_resnet110_ours.csv
Total wall-clock: 0.1 min
Counts: {'UNSAT': 0, 'SAT': 1, 'UNKNOWN': 0, 'SKIPPED': 0, 'ERROR': 0, 'TIMEOUT': 0}
[run_cell   79/ 100 t= 1586s] idx=78   budget=300s (shell timeout=360s)
[cifar10_resnet110] running only idx=78; appending to /home/sasakis/v/tools/n2v/examples/FlowConformal/experiments/exp2_prob_scale/outputs/exp2_cifar10_resnet110_ours.csv
[cifar10_resnet110] Loaded 1 instances; writing to /home/sasakis/v/tools/n2v/examples/FlowConformal/experiments/exp2_prob_scale/outputs/exp2_cifar10_resnet110_ours.csv
[cifar10_resnet110] Config: flow_config=base n_train=10000 flow_epochs=2000 method=amls_bounded max_levels=30 SEED=47
[cifar10_resnet110 1/1 t=0s budget=300s] cifar10_test_0078_label_3
    verdict=SAT  wall=3.2s

=== Sweep complete ===
Wrote /home/sasakis/v/tools/n2v/examples/FlowConformal/experiments/exp2_prob_scale/outputs/exp2_cifar10_resnet110_ours.csv
Total wall-clock: 0.1 min
Counts: {'UNSAT': 0, 'SAT': 1, 'UNKNOWN': 0, 'SKIPPED': 0, 'ERROR': 0, 'TIMEOUT': 0}
[run_cell   80/ 100 t= 1594s] idx=79   budget=300s (shell timeout=360s)
[cifar10_resnet110] running only idx=79; appending to /home/sasakis/v/tools/n2v/examples/FlowConformal/experiments/exp2_prob_scale/outputs/exp2_cifar10_resnet110_ours.csv
[cifar10_resnet110] Loaded 1 instances; writing to /home/sasakis/v/tools/n2v/examples/FlowConformal/experiments/exp2_prob_scale/outputs/exp2_cifar10_resnet110_ours.csv
[cifar10_resnet110] Config: flow_config=base n_train=10000 flow_epochs=2000 method=amls_bounded max_levels=30 SEED=47
[cifar10_resnet110 1/1 t=0s budget=300s] cifar10_test_0079_label_8
    verdict=UNSAT  wall=162.8s

=== Sweep complete ===
Wrote /home/sasakis/v/tools/n2v/examples/FlowConformal/experiments/exp2_prob_scale/outputs/exp2_cifar10_resnet110_ours.csv
Total wall-clock: 2.7 min
Counts: {'UNSAT': 1, 'SAT': 0, 'UNKNOWN': 0, 'SKIPPED': 0, 'ERROR': 0, 'TIMEOUT': 0}
[run_cell   81/ 100 t= 1764s] idx=80   budget=300s (shell timeout=360s)
[cifar10_resnet110] running only idx=80; appending to /home/sasakis/v/tools/n2v/examples/FlowConformal/experiments/exp2_prob_scale/outputs/exp2_cifar10_resnet110_ours.csv
[cifar10_resnet110] Loaded 1 instances; writing to /home/sasakis/v/tools/n2v/examples/FlowConformal/experiments/exp2_prob_scale/outputs/exp2_cifar10_resnet110_ours.csv
[cifar10_resnet110] Config: flow_config=base n_train=10000 flow_epochs=2000 method=amls_bounded max_levels=30 SEED=47
[cifar10_resnet110 1/1 t=0s budget=300s] cifar10_test_0080_label_8
    verdict=SAT  wall=3.6s

=== Sweep complete ===
Wrote /home/sasakis/v/tools/n2v/examples/FlowConformal/experiments/exp2_prob_scale/outputs/exp2_cifar10_resnet110_ours.csv
Total wall-clock: 0.1 min
Counts: {'UNSAT': 0, 'SAT': 1, 'UNKNOWN': 0, 'SKIPPED': 0, 'ERROR': 0, 'TIMEOUT': 0}
[run_cell   82/ 100 t= 1773s] idx=81   budget=300s (shell timeout=360s)
[cifar10_resnet110] running only idx=81; appending to /home/sasakis/v/tools/n2v/examples/FlowConformal/experiments/exp2_prob_scale/outputs/exp2_cifar10_resnet110_ours.csv
[cifar10_resnet110] Loaded 1 instances; writing to /home/sasakis/v/tools/n2v/examples/FlowConformal/experiments/exp2_prob_scale/outputs/exp2_cifar10_resnet110_ours.csv
[cifar10_resnet110] Config: flow_config=base n_train=10000 flow_epochs=2000 method=amls_bounded max_levels=30 SEED=47
[cifar10_resnet110 1/1 t=0s budget=300s] cifar10_test_0081_label_1
    verdict=SAT  wall=3.8s

=== Sweep complete ===
Wrote /home/sasakis/v/tools/n2v/examples/FlowConformal/experiments/exp2_prob_scale/outputs/exp2_cifar10_resnet110_ours.csv
Total wall-clock: 0.1 min
Counts: {'UNSAT': 0, 'SAT': 1, 'UNKNOWN': 0, 'SKIPPED': 0, 'ERROR': 0, 'TIMEOUT': 0}
[run_cell   83/ 100 t= 1782s] idx=82   budget=300s (shell timeout=360s)
[cifar10_resnet110] running only idx=82; appending to /home/sasakis/v/tools/n2v/examples/FlowConformal/experiments/exp2_prob_scale/outputs/exp2_cifar10_resnet110_ours.csv
[cifar10_resnet110] Loaded 1 instances; writing to /home/sasakis/v/tools/n2v/examples/FlowConformal/experiments/exp2_prob_scale/outputs/exp2_cifar10_resnet110_ours.csv
[cifar10_resnet110] Config: flow_config=base n_train=10000 flow_epochs=2000 method=amls_bounded max_levels=30 SEED=47
[cifar10_resnet110 1/1 t=0s budget=300s] cifar10_test_0082_label_1
    verdict=UNSAT  wall=161.0s

=== Sweep complete ===
Wrote /home/sasakis/v/tools/n2v/examples/FlowConformal/experiments/exp2_prob_scale/outputs/exp2_cifar10_resnet110_ours.csv
Total wall-clock: 2.7 min
Counts: {'UNSAT': 1, 'SAT': 0, 'UNKNOWN': 0, 'SKIPPED': 0, 'ERROR': 0, 'TIMEOUT': 0}
[run_cell   84/ 100 t= 1949s] idx=83   budget=300s (shell timeout=360s)
[cifar10_resnet110] running only idx=83; appending to /home/sasakis/v/tools/n2v/examples/FlowConformal/experiments/exp2_prob_scale/outputs/exp2_cifar10_resnet110_ours.csv
[cifar10_resnet110] Loaded 1 instances; writing to /home/sasakis/v/tools/n2v/examples/FlowConformal/experiments/exp2_prob_scale/outputs/exp2_cifar10_resnet110_ours.csv
[cifar10_resnet110] Config: flow_config=base n_train=10000 flow_epochs=2000 method=amls_bounded max_levels=30 SEED=47
[cifar10_resnet110 1/1 t=0s budget=300s] cifar10_test_0083_label_7
    verdict=SAT  wall=3.3s

=== Sweep complete ===
Wrote /home/sasakis/v/tools/n2v/examples/FlowConformal/experiments/exp2_prob_scale/outputs/exp2_cifar10_resnet110_ours.csv
Total wall-clock: 0.1 min
Counts: {'UNSAT': 0, 'SAT': 1, 'UNKNOWN': 0, 'SKIPPED': 0, 'ERROR': 0, 'TIMEOUT': 0}
[run_cell   85/ 100 t= 1958s] idx=84   budget=300s (shell timeout=360s)
[cifar10_resnet110] running only idx=84; appending to /home/sasakis/v/tools/n2v/examples/FlowConformal/experiments/exp2_prob_scale/outputs/exp2_cifar10_resnet110_ours.csv
[cifar10_resnet110] Loaded 1 instances; writing to /home/sasakis/v/tools/n2v/examples/FlowConformal/experiments/exp2_prob_scale/outputs/exp2_cifar10_resnet110_ours.csv
[cifar10_resnet110] Config: flow_config=base n_train=10000 flow_epochs=2000 method=amls_bounded max_levels=30 SEED=47
[cifar10_resnet110 1/1 t=0s budget=300s] cifar10_test_0084_label_2
    verdict=UNSAT  wall=158.3s

=== Sweep complete ===
Wrote /home/sasakis/v/tools/n2v/examples/FlowConformal/experiments/exp2_prob_scale/outputs/exp2_cifar10_resnet110_ours.csv
Total wall-clock: 2.6 min
Counts: {'UNSAT': 1, 'SAT': 0, 'UNKNOWN': 0, 'SKIPPED': 0, 'ERROR': 0, 'TIMEOUT': 0}
[run_cell   86/ 100 t= 2123s] idx=85   budget=300s (shell timeout=360s)
[cifar10_resnet110] running only idx=85; appending to /home/sasakis/v/tools/n2v/examples/FlowConformal/experiments/exp2_prob_scale/outputs/exp2_cifar10_resnet110_ours.csv
[cifar10_resnet110] Loaded 1 instances; writing to /home/sasakis/v/tools/n2v/examples/FlowConformal/experiments/exp2_prob_scale/outputs/exp2_cifar10_resnet110_ours.csv
[cifar10_resnet110] Config: flow_config=base n_train=10000 flow_epochs=2000 method=amls_bounded max_levels=30 SEED=47
[cifar10_resnet110 1/1 t=0s budget=300s] cifar10_test_0085_label_5
    verdict=SAT  wall=3.2s

=== Sweep complete ===
Wrote /home/sasakis/v/tools/n2v/examples/FlowConformal/experiments/exp2_prob_scale/outputs/exp2_cifar10_resnet110_ours.csv
Total wall-clock: 0.1 min
Counts: {'UNSAT': 0, 'SAT': 1, 'UNKNOWN': 0, 'SKIPPED': 0, 'ERROR': 0, 'TIMEOUT': 0}
[run_cell   87/ 100 t= 2131s] idx=86   budget=300s (shell timeout=360s)
[cifar10_resnet110] running only idx=86; appending to /home/sasakis/v/tools/n2v/examples/FlowConformal/experiments/exp2_prob_scale/outputs/exp2_cifar10_resnet110_ours.csv
[cifar10_resnet110] Loaded 1 instances; writing to /home/sasakis/v/tools/n2v/examples/FlowConformal/experiments/exp2_prob_scale/outputs/exp2_cifar10_resnet110_ours.csv
[cifar10_resnet110] Config: flow_config=base n_train=10000 flow_epochs=2000 method=amls_bounded max_levels=30 SEED=47
[cifar10_resnet110 1/1 t=0s budget=300s] cifar10_test_0086_label_2
    verdict=SAT  wall=3.3s

=== Sweep complete ===
Wrote /home/sasakis/v/tools/n2v/examples/FlowConformal/experiments/exp2_prob_scale/outputs/exp2_cifar10_resnet110_ours.csv
Total wall-clock: 0.1 min
Counts: {'UNSAT': 0, 'SAT': 1, 'UNKNOWN': 0, 'SKIPPED': 0, 'ERROR': 0, 'TIMEOUT': 0}
[run_cell   88/ 100 t= 2140s] idx=87   budget=300s (shell timeout=360s)
[cifar10_resnet110] running only idx=87; appending to /home/sasakis/v/tools/n2v/examples/FlowConformal/experiments/exp2_prob_scale/outputs/exp2_cifar10_resnet110_ours.csv
[cifar10_resnet110] Loaded 1 instances; writing to /home/sasakis/v/tools/n2v/examples/FlowConformal/experiments/exp2_prob_scale/outputs/exp2_cifar10_resnet110_ours.csv
[cifar10_resnet110] Config: flow_config=base n_train=10000 flow_epochs=2000 method=amls_bounded max_levels=30 SEED=47
[cifar10_resnet110 1/1 t=0s budget=300s] cifar10_test_0087_label_7
    verdict=SAT  wall=3.2s

=== Sweep complete ===
Wrote /home/sasakis/v/tools/n2v/examples/FlowConformal/experiments/exp2_prob_scale/outputs/exp2_cifar10_resnet110_ours.csv
Total wall-clock: 0.1 min
Counts: {'UNSAT': 0, 'SAT': 1, 'UNKNOWN': 0, 'SKIPPED': 0, 'ERROR': 0, 'TIMEOUT': 0}
[run_cell   89/ 100 t= 2149s] idx=88   budget=300s (shell timeout=360s)
[cifar10_resnet110] running only idx=88; appending to /home/sasakis/v/tools/n2v/examples/FlowConformal/experiments/exp2_prob_scale/outputs/exp2_cifar10_resnet110_ours.csv
[cifar10_resnet110] Loaded 1 instances; writing to /home/sasakis/v/tools/n2v/examples/FlowConformal/experiments/exp2_prob_scale/outputs/exp2_cifar10_resnet110_ours.csv
[cifar10_resnet110] Config: flow_config=base n_train=10000 flow_epochs=2000 method=amls_bounded max_levels=30 SEED=47
[cifar10_resnet110 1/1 t=0s budget=300s] cifar10_test_0088_label_8
    verdict=SAT  wall=3.4s

=== Sweep complete ===
Wrote /home/sasakis/v/tools/n2v/examples/FlowConformal/experiments/exp2_prob_scale/outputs/exp2_cifar10_resnet110_ours.csv
Total wall-clock: 0.1 min
Counts: {'UNSAT': 0, 'SAT': 1, 'UNKNOWN': 0, 'SKIPPED': 0, 'ERROR': 0, 'TIMEOUT': 0}
[run_cell   90/ 100 t= 2158s] idx=89   budget=300s (shell timeout=360s)
[cifar10_resnet110] running only idx=89; appending to /home/sasakis/v/tools/n2v/examples/FlowConformal/experiments/exp2_prob_scale/outputs/exp2_cifar10_resnet110_ours.csv
[cifar10_resnet110] Loaded 1 instances; writing to /home/sasakis/v/tools/n2v/examples/FlowConformal/experiments/exp2_prob_scale/outputs/exp2_cifar10_resnet110_ours.csv
[cifar10_resnet110] Config: flow_config=base n_train=10000 flow_epochs=2000 method=amls_bounded max_levels=30 SEED=47
[cifar10_resnet110 1/1 t=0s budget=300s] cifar10_test_0089_label_9
    verdict=SAT  wall=3.4s

=== Sweep complete ===
Wrote /home/sasakis/v/tools/n2v/examples/FlowConformal/experiments/exp2_prob_scale/outputs/exp2_cifar10_resnet110_ours.csv
Total wall-clock: 0.1 min
Counts: {'UNSAT': 0, 'SAT': 1, 'UNKNOWN': 0, 'SKIPPED': 0, 'ERROR': 0, 'TIMEOUT': 0}
[run_cell   91/ 100 t= 2167s] idx=90   budget=300s (shell timeout=360s)
[cifar10_resnet110] running only idx=90; appending to /home/sasakis/v/tools/n2v/examples/FlowConformal/experiments/exp2_prob_scale/outputs/exp2_cifar10_resnet110_ours.csv
[cifar10_resnet110] Loaded 1 instances; writing to /home/sasakis/v/tools/n2v/examples/FlowConformal/experiments/exp2_prob_scale/outputs/exp2_cifar10_resnet110_ours.csv
[cifar10_resnet110] Config: flow_config=base n_train=10000 flow_epochs=2000 method=amls_bounded max_levels=30 SEED=47
[cifar10_resnet110 1/1 t=0s budget=300s] cifar10_test_0090_label_0
    verdict=SAT  wall=3.3s

=== Sweep complete ===
Wrote /home/sasakis/v/tools/n2v/examples/FlowConformal/experiments/exp2_prob_scale/outputs/exp2_cifar10_resnet110_ours.csv
Total wall-clock: 0.1 min
Counts: {'UNSAT': 0, 'SAT': 1, 'UNKNOWN': 0, 'SKIPPED': 0, 'ERROR': 0, 'TIMEOUT': 0}
[run_cell   92/ 100 t= 2176s] idx=91   budget=300s (shell timeout=360s)
[cifar10_resnet110] running only idx=91; appending to /home/sasakis/v/tools/n2v/examples/FlowConformal/experiments/exp2_prob_scale/outputs/exp2_cifar10_resnet110_ours.csv
[cifar10_resnet110] Loaded 1 instances; writing to /home/sasakis/v/tools/n2v/examples/FlowConformal/experiments/exp2_prob_scale/outputs/exp2_cifar10_resnet110_ours.csv
[cifar10_resnet110] Config: flow_config=base n_train=10000 flow_epochs=2000 method=amls_bounded max_levels=30 SEED=47
[cifar10_resnet110 1/1 t=0s budget=300s] cifar10_test_0091_label_3
    verdict=SAT  wall=3.2s

=== Sweep complete ===
Wrote /home/sasakis/v/tools/n2v/examples/FlowConformal/experiments/exp2_prob_scale/outputs/exp2_cifar10_resnet110_ours.csv
Total wall-clock: 0.1 min
Counts: {'UNSAT': 0, 'SAT': 1, 'UNKNOWN': 0, 'SKIPPED': 0, 'ERROR': 0, 'TIMEOUT': 0}
[run_cell   93/ 100 t= 2185s] idx=92   budget=300s (shell timeout=360s)
[cifar10_resnet110] running only idx=92; appending to /home/sasakis/v/tools/n2v/examples/FlowConformal/experiments/exp2_prob_scale/outputs/exp2_cifar10_resnet110_ours.csv
[cifar10_resnet110] Loaded 1 instances; writing to /home/sasakis/v/tools/n2v/examples/FlowConformal/experiments/exp2_prob_scale/outputs/exp2_cifar10_resnet110_ours.csv
[cifar10_resnet110] Config: flow_config=base n_train=10000 flow_epochs=2000 method=amls_bounded max_levels=30 SEED=47
[cifar10_resnet110 1/1 t=0s budget=300s] cifar10_test_0092_label_8
    verdict=UNSAT  wall=167.8s

=== Sweep complete ===
Wrote /home/sasakis/v/tools/n2v/examples/FlowConformal/experiments/exp2_prob_scale/outputs/exp2_cifar10_resnet110_ours.csv
Total wall-clock: 2.8 min
Counts: {'UNSAT': 1, 'SAT': 0, 'UNKNOWN': 0, 'SKIPPED': 0, 'ERROR': 0, 'TIMEOUT': 0}
[run_cell   94/ 100 t= 2359s] idx=93   budget=300s (shell timeout=360s)
[cifar10_resnet110] running only idx=93; appending to /home/sasakis/v/tools/n2v/examples/FlowConformal/experiments/exp2_prob_scale/outputs/exp2_cifar10_resnet110_ours.csv
[cifar10_resnet110] Loaded 1 instances; writing to /home/sasakis/v/tools/n2v/examples/FlowConformal/experiments/exp2_prob_scale/outputs/exp2_cifar10_resnet110_ours.csv
[cifar10_resnet110] Config: flow_config=base n_train=10000 flow_epochs=2000 method=amls_bounded max_levels=30 SEED=47
[cifar10_resnet110 1/1 t=0s budget=300s] cifar10_test_0093_label_6
    verdict=SAT  wall=3.3s

=== Sweep complete ===
Wrote /home/sasakis/v/tools/n2v/examples/FlowConformal/experiments/exp2_prob_scale/outputs/exp2_cifar10_resnet110_ours.csv
Total wall-clock: 0.1 min
Counts: {'UNSAT': 0, 'SAT': 1, 'UNKNOWN': 0, 'SKIPPED': 0, 'ERROR': 0, 'TIMEOUT': 0}
[run_cell   95/ 100 t= 2368s] idx=94   budget=300s (shell timeout=360s)
[cifar10_resnet110] running only idx=94; appending to /home/sasakis/v/tools/n2v/examples/FlowConformal/experiments/exp2_prob_scale/outputs/exp2_cifar10_resnet110_ours.csv
[cifar10_resnet110] Loaded 1 instances; writing to /home/sasakis/v/tools/n2v/examples/FlowConformal/experiments/exp2_prob_scale/outputs/exp2_cifar10_resnet110_ours.csv
[cifar10_resnet110] Config: flow_config=base n_train=10000 flow_epochs=2000 method=amls_bounded max_levels=30 SEED=47
[cifar10_resnet110 1/1 t=0s budget=300s] cifar10_test_0094_label_4
    verdict=SAT  wall=3.5s

=== Sweep complete ===
Wrote /home/sasakis/v/tools/n2v/examples/FlowConformal/experiments/exp2_prob_scale/outputs/exp2_cifar10_resnet110_ours.csv
Total wall-clock: 0.1 min
Counts: {'UNSAT': 0, 'SAT': 1, 'UNKNOWN': 0, 'SKIPPED': 0, 'ERROR': 0, 'TIMEOUT': 0}
[run_cell   96/ 100 t= 2377s] idx=95   budget=300s (shell timeout=360s)
[cifar10_resnet110] running only idx=95; appending to /home/sasakis/v/tools/n2v/examples/FlowConformal/experiments/exp2_prob_scale/outputs/exp2_cifar10_resnet110_ours.csv
[cifar10_resnet110] Loaded 1 instances; writing to /home/sasakis/v/tools/n2v/examples/FlowConformal/experiments/exp2_prob_scale/outputs/exp2_cifar10_resnet110_ours.csv
[cifar10_resnet110] Config: flow_config=base n_train=10000 flow_epochs=2000 method=amls_bounded max_levels=30 SEED=47
[cifar10_resnet110 1/1 t=0s budget=300s] cifar10_test_0095_label_6
    verdict=SAT  wall=3.2s

=== Sweep complete ===
Wrote /home/sasakis/v/tools/n2v/examples/FlowConformal/experiments/exp2_prob_scale/outputs/exp2_cifar10_resnet110_ours.csv
Total wall-clock: 0.1 min
Counts: {'UNSAT': 0, 'SAT': 1, 'UNKNOWN': 0, 'SKIPPED': 0, 'ERROR': 0, 'TIMEOUT': 0}
[run_cell   97/ 100 t= 2386s] idx=96   budget=300s (shell timeout=360s)
[cifar10_resnet110] running only idx=96; appending to /home/sasakis/v/tools/n2v/examples/FlowConformal/experiments/exp2_prob_scale/outputs/exp2_cifar10_resnet110_ours.csv
[cifar10_resnet110] Loaded 1 instances; writing to /home/sasakis/v/tools/n2v/examples/FlowConformal/experiments/exp2_prob_scale/outputs/exp2_cifar10_resnet110_ours.csv
[cifar10_resnet110] Config: flow_config=base n_train=10000 flow_epochs=2000 method=amls_bounded max_levels=30 SEED=47
[cifar10_resnet110 1/1 t=0s budget=300s] cifar10_test_0096_label_6
    verdict=SAT  wall=3.2s

=== Sweep complete ===
Wrote /home/sasakis/v/tools/n2v/examples/FlowConformal/experiments/exp2_prob_scale/outputs/exp2_cifar10_resnet110_ours.csv
Total wall-clock: 0.1 min
Counts: {'UNSAT': 0, 'SAT': 1, 'UNKNOWN': 0, 'SKIPPED': 0, 'ERROR': 0, 'TIMEOUT': 0}
[run_cell   98/ 100 t= 2394s] idx=97   budget=300s (shell timeout=360s)
[cifar10_resnet110] running only idx=97; appending to /home/sasakis/v/tools/n2v/examples/FlowConformal/experiments/exp2_prob_scale/outputs/exp2_cifar10_resnet110_ours.csv
[cifar10_resnet110] Loaded 1 instances; writing to /home/sasakis/v/tools/n2v/examples/FlowConformal/experiments/exp2_prob_scale/outputs/exp2_cifar10_resnet110_ours.csv
[cifar10_resnet110] Config: flow_config=base n_train=10000 flow_epochs=2000 method=amls_bounded max_levels=30 SEED=47
[cifar10_resnet110 1/1 t=0s budget=300s] cifar10_test_0097_label_0
    verdict=SAT  wall=3.2s

=== Sweep complete ===
Wrote /home/sasakis/v/tools/n2v/examples/FlowConformal/experiments/exp2_prob_scale/outputs/exp2_cifar10_resnet110_ours.csv
Total wall-clock: 0.1 min
Counts: {'UNSAT': 0, 'SAT': 1, 'UNKNOWN': 0, 'SKIPPED': 0, 'ERROR': 0, 'TIMEOUT': 0}
[run_cell   99/ 100 t= 2403s] idx=98   budget=300s (shell timeout=360s)
[cifar10_resnet110] running only idx=98; appending to /home/sasakis/v/tools/n2v/examples/FlowConformal/experiments/exp2_prob_scale/outputs/exp2_cifar10_resnet110_ours.csv
[cifar10_resnet110] Loaded 1 instances; writing to /home/sasakis/v/tools/n2v/examples/FlowConformal/experiments/exp2_prob_scale/outputs/exp2_cifar10_resnet110_ours.csv
[cifar10_resnet110] Config: flow_config=base n_train=10000 flow_epochs=2000 method=amls_bounded max_levels=30 SEED=47
[cifar10_resnet110 1/1 t=0s budget=300s] cifar10_test_0098_label_0
    verdict=UNSAT  wall=194.1s

=== Sweep complete ===
Wrote /home/sasakis/v/tools/n2v/examples/FlowConformal/experiments/exp2_prob_scale/outputs/exp2_cifar10_resnet110_ours.csv
Total wall-clock: 3.2 min
Counts: {'UNSAT': 1, 'SAT': 0, 'UNKNOWN': 0, 'SKIPPED': 0, 'ERROR': 0, 'TIMEOUT': 0}
[run_cell  100/ 100 t= 2604s] idx=99   budget=300s (shell timeout=360s)
[cifar10_resnet110] running only idx=99; appending to /home/sasakis/v/tools/n2v/examples/FlowConformal/experiments/exp2_prob_scale/outputs/exp2_cifar10_resnet110_ours.csv
[cifar10_resnet110] Loaded 1 instances; writing to /home/sasakis/v/tools/n2v/examples/FlowConformal/experiments/exp2_prob_scale/outputs/exp2_cifar10_resnet110_ours.csv
[cifar10_resnet110] Config: flow_config=base n_train=10000 flow_epochs=2000 method=amls_bounded max_levels=30 SEED=47
[cifar10_resnet110 1/1 t=0s budget=300s] cifar10_test_0099_label_7
    verdict=UNSAT  wall=196.1s

=== Sweep complete ===
Wrote /home/sasakis/v/tools/n2v/examples/FlowConformal/experiments/exp2_prob_scale/outputs/exp2_cifar10_resnet110_ours.csv
Total wall-clock: 3.3 min
Counts: {'UNSAT': 1, 'SAT': 0, 'UNKNOWN': 0, 'SKIPPED': 0, 'ERROR': 0, 'TIMEOUT': 0}
[run_cell] complete. shell-killed timeouts and exits noted above; CSV row counts in the output file.

[2026-05-03T02:33:43-05:00] === END:   exp2_cifar10_resnet110_ours (rc=0) ===
